<?xml version="1.0" encoding="UTF-8"?>
<testsuites name="Run all test cases" time="1248.983" tests="50" failures="4" errors="0">
   <testsuite name="Run all test cases" tests="50" failures="4" errors="0" time="1248.983" skipped="0" timestamp="2022-01-12 20:10:55" hostname="Admin - MSI" id="Test Suites/Run all test cases">
      <properties>
         <property name="deviceName" value=""/>
         <property name="devicePlatform" value=""/>
         <property name="logFolder" value="C:\\Users\\Admin\\Desktop\\Katalon_TestProject\\TestAutomation_Katalon-Test-Project\\Reports\\20220112_201035\\Run all test cases\\20220112_201035"/>
         <property name="logFiles" value="C:\\Users\\Admin\\Desktop\\Katalon_TestProject\\TestAutomation_Katalon-Test-Project\\Reports\\20220112_201035\\Run all test cases\\20220112_201035\\execution0.log"/>
         <property name="attachments" value="C:\\Users\\Admin\\Desktop\\Katalon_TestProject\\TestAutomation_Katalon-Test-Project\\Reports\\20220112_201035\\Run all test cases\\20220112_201035\\1641993146632.png, C:\\Users\\Admin\\Desktop\\Katalon_TestProject\\TestAutomation_Katalon-Test-Project\\Reports\\20220112_201035\\Run all test cases\\20220112_201035\\1641993186622.png, C:\\Users\\Admin\\Desktop\\Katalon_TestProject\\TestAutomation_Katalon-Test-Project\\Reports\\20220112_201035\\Run all test cases\\20220112_201035\\1641993244985.png, C:\\Users\\Admin\\Desktop\\Katalon_TestProject\\TestAutomation_Katalon-Test-Project\\Reports\\20220112_201035\\Run all test cases\\20220112_201035\\1641993290440.png, C:\\Users\\Admin\\Desktop\\Katalon_TestProject\\TestAutomation_Katalon-Test-Project\\Reports\\20220112_201035\\Run all test cases\\20220112_201035\\1641993361117.png, C:\\Users\\Admin\\Desktop\\Katalon_TestProject\\TestAutomation_Katalon-Test-Project\\Reports\\20220112_201035\\Run all test cases\\20220112_201035\\1641993403408.png, C:\\Users\\Admin\\Desktop\\Katalon_TestProject\\TestAutomation_Katalon-Test-Project\\Reports\\20220112_201035\\Run all test cases\\20220112_201035\\1641993501677.png, C:\\Users\\Admin\\Desktop\\Katalon_TestProject\\TestAutomation_Katalon-Test-Project\\Reports\\20220112_201035\\Run all test cases\\20220112_201035\\1641993501829.png, C:\\Users\\Admin\\Desktop\\Katalon_TestProject\\TestAutomation_Katalon-Test-Project\\Reports\\20220112_201035\\Run all test cases\\20220112_201035\\1641993543256.png"/>
         <property name="hostName" value="Admin - MSI"/>
         <property name="os" value="Windows 10 64bit"/>
         <property name="katalonVersion" value="8.2.0.208"/>
         <property name="browser" value="Chrome 95.0.4638.54"/>
         <property name="hostAddress" value="192.168.150.1"/>
         <property name="sessionId" value="e1f337b0b396d8a7e7d534a26e1d0b82"/>
         <property name="seleniumVersion" value="3.141.59"/>
         <property name="proxyInformation" value="ProxyInformation { proxyOption=NO_PROXY, proxyServerType=HTTP, username=, password=********, proxyServerAddress=, proxyServerPort=0, executionList=&quot;&quot;, isApplyToDesiredCapabilities=true }"/>
         <property name="platform" value="Windows 10"/>
      </properties>
      <testcase name="Test Cases/Student/Student_Enroll/Student_Enroll With Key_Failed" time="18.729" classname="Test Cases/Student/Student_Enroll/Student_Enroll With Key_Failed" status="PASSED">
         <system-out><![CDATA[2022-01-12 20:10:55 - [TEST_CASE][PASSED] - Test Cases/Student/Student_Enroll/Student_Enroll With Key_Failed: Test Cases/Student/Student_Enroll/Student_Enroll With Key_Failed

2022-01-12 20:10:56 - [TEST_STEP][PASSED] - openBrowser(""): Browser is opened with url: ''

2022-01-12 20:10:56 - [MESSAGE][INFO] - Starting 'Chrome' driver

2022-01-12 20:10:56 - [MESSAGE][INFO] - User set preference: ['args', '[window-size=1300,900]']

2022-01-12 20:10:56 - [MESSAGE][INFO] - Action delay is set to 0 milliseconds

2022-01-12 20:10:58 - [MESSAGE][PASSED] - Browser is opened with url: ''

2022-01-12 20:10:58 - [TEST_STEP][PASSED] - navigateToUrl("http://localhost:8080/moodle/"): Navigate to 'http://localhost:8080/moodle/' successfully

2022-01-12 20:11:00 - [MESSAGE][PASSED] - Navigate to 'http://localhost:8080/moodle/' successfully

2022-01-12 20:11:00 - [TEST_STEP][PASSED] - click(findTestObject("Object Repository/Page_BCS Moodle/a_Log in")): Object: 'Object Repository/Page_BCS Moodle/a_Log in' is clicked on

2022-01-12 20:11:01 - [MESSAGE][PASSED] - Object: 'Object Repository/Page_BCS Moodle/a_Log in' is clicked on

2022-01-12 20:11:01 - [TEST_STEP][PASSED] - setText(findTestObject("Object Repository/Page_BCS Moodle Log in to the site/input_Username_username"), "thaiduy"): Text 'thaiduy' is set on object 'Object Repository/Page_BCS Moodle Log in to the site/input_Username_username'

2022-01-12 20:11:02 - [MESSAGE][PASSED] - Text 'thaiduy' is set on object 'Object Repository/Page_BCS Moodle Log in to the site/input_Username_username'

2022-01-12 20:11:02 - [TEST_STEP][PASSED] - setEncryptedText(findTestObject("Object Repository/Page_BCS Moodle Log in to the site/input_Password_password"), "p4y+y39Ir5PR9RXlOHjWlj+CAJiYdX4g"): Text ****** has been set on object 'Object Repository/Page_BCS Moodle Log in to the site/input_Password_password'

2022-01-12 20:11:02 - [MESSAGE][PASSED] - Text ****** has been set on object 'Object Repository/Page_BCS Moodle Log in to the site/input_Password_password'

2022-01-12 20:11:02 - [TEST_STEP][PASSED] - click(findTestObject("Object Repository/Page_BCS Moodle Log in to the site/button_Log in")): Object: 'Object Repository/Page_BCS Moodle Log in to the site/button_Log in' is clicked on

2022-01-12 20:11:07 - [MESSAGE][PASSED] - Object: 'Object Repository/Page_BCS Moodle Log in to the site/button_Log in' is clicked on

2022-01-12 20:11:07 - [TEST_STEP][PASSED] - click(findTestObject("Object Repository/Page_Dashboard/a_Site home")): Object: 'Object Repository/Page_Dashboard/a_Site home' is clicked on

2022-01-12 20:11:10 - [MESSAGE][PASSED] - Object: 'Object Repository/Page_Dashboard/a_Site home' is clicked on

2022-01-12 20:11:10 - [TEST_STEP][PASSED] - click(findTestObject("Object Repository/Page_BCS Moodle/a_C s d liu 19CTT3")): Object: 'Object Repository/Page_BCS Moodle/a_C s d liu 19CTT3' is clicked on

2022-01-12 20:11:11 - [MESSAGE][PASSED] - Object: 'Object Repository/Page_BCS Moodle/a_C s d liu 19CTT3' is clicked on

2022-01-12 20:11:11 - [TEST_STEP][PASSED] - setEncryptedText(findTestObject("Object Repository/Page_CSDL/input_Enrolment key_enrolpassword"), "BV0dRoAgsGg="): Text ****** has been set on object 'Object Repository/Page_CSDL/input_Enrolment key_enrolpassword'

2022-01-12 20:11:12 - [MESSAGE][PASSED] - Text ****** has been set on object 'Object Repository/Page_CSDL/input_Enrolment key_enrolpassword'

2022-01-12 20:11:12 - [TEST_STEP][PASSED] - click(findTestObject("Object Repository/Page_CSDL/input_Enrolment key_submitbutton")): Object: 'Object Repository/Page_CSDL/input_Enrolment key_submitbutton' is clicked on

2022-01-12 20:11:13 - [MESSAGE][PASSED] - Object: 'Object Repository/Page_CSDL/input_Enrolment key_submitbutton' is clicked on

2022-01-12 20:11:13 - [TEST_STEP][PASSED] - verifyElementPresent(findTestObject("Object Repository/Page_CSDL/div_Incorrect enrolment key, please try again"), 0): Object 'Object Repository/Page_CSDL/div_Incorrect enrolment key, please try again' is present

2022-01-12 20:11:13 - [MESSAGE][WARNING] - Timeout '0' is invalid. Using default page load timeout: '30'

2022-01-12 20:11:13 - [MESSAGE][PASSED] - Object 'Object Repository/Page_CSDL/div_Incorrect enrolment key, please try again' is present

2022-01-12 20:11:13 - [TEST_STEP][PASSED] - closeBrowser(): Browser is closed

2022-01-12 20:11:14 - [MESSAGE][PASSED] - Browser is closed]]></system-out>
         <system-err><![CDATA[]]></system-err>
      </testcase>
      <testcase name="Test Cases/Student/Student_Enroll/Student_Self Enroll_Success_No Key" time="16.525" classname="Test Cases/Student/Student_Enroll/Student_Self Enroll_Success_No Key" status="PASSED">
         <system-out><![CDATA[2022-01-12 20:11:14 - [TEST_CASE][PASSED] - Test Cases/Student/Student_Enroll/Student_Self Enroll_Success_No Key: Test Cases/Student/Student_Enroll/Student_Self Enroll_Success_No Key

2022-01-12 20:11:14 - [TEST_STEP][PASSED] - openBrowser(""): Browser is opened with url: ''

2022-01-12 20:11:14 - [MESSAGE][INFO] - Starting 'Chrome' driver

2022-01-12 20:11:14 - [MESSAGE][INFO] - User set preference: ['args', '[window-size=1300,900]']

2022-01-12 20:11:14 - [MESSAGE][INFO] - Action delay is set to 0 milliseconds

2022-01-12 20:11:16 - [MESSAGE][PASSED] - Browser is opened with url: ''

2022-01-12 20:11:16 - [TEST_STEP][PASSED] - navigateToUrl("http://localhost:8080/moodle/"): Navigate to 'http://localhost:8080/moodle/' successfully

2022-01-12 20:11:16 - [MESSAGE][PASSED] - Navigate to 'http://localhost:8080/moodle/' successfully

2022-01-12 20:11:16 - [TEST_STEP][PASSED] - click(findTestObject("Object Repository/Page_BCS Moodle/a_Log in")): Object: 'Object Repository/Page_BCS Moodle/a_Log in' is clicked on

2022-01-12 20:11:17 - [MESSAGE][PASSED] - Object: 'Object Repository/Page_BCS Moodle/a_Log in' is clicked on

2022-01-12 20:11:17 - [TEST_STEP][PASSED] - setText(findTestObject("Object Repository/Page_BCS Moodle Log in to the site/input_Username_username"), "ydam"): Text 'ydam' is set on object 'Object Repository/Page_BCS Moodle Log in to the site/input_Username_username'

2022-01-12 20:11:18 - [MESSAGE][PASSED] - Text 'ydam' is set on object 'Object Repository/Page_BCS Moodle Log in to the site/input_Username_username'

2022-01-12 20:11:18 - [TEST_STEP][PASSED] - doubleClick(findTestObject("Object Repository/Page_BCS Moodle Log in to the site/input_Username_username")): Object: 'Object Repository/Page_BCS Moodle Log in to the site/input_Username_username' is double clicked on

2022-01-12 20:11:19 - [MESSAGE][PASSED] - Object: 'Object Repository/Page_BCS Moodle Log in to the site/input_Username_username' is double clicked on

2022-01-12 20:11:19 - [TEST_STEP][PASSED] - setText(findTestObject("Object Repository/Page_BCS Moodle Log in to the site/input_Username_username"), "xuany"): Text 'xuany' is set on object 'Object Repository/Page_BCS Moodle Log in to the site/input_Username_username'

2022-01-12 20:11:19 - [MESSAGE][PASSED] - Text 'xuany' is set on object 'Object Repository/Page_BCS Moodle Log in to the site/input_Username_username'

2022-01-12 20:11:19 - [TEST_STEP][PASSED] - setEncryptedText(findTestObject("Object Repository/Page_BCS Moodle Log in to the site/input_Password_password"), "p4y+y39Ir5PR9RXlOHjWlj+CAJiYdX4g"): Text ****** has been set on object 'Object Repository/Page_BCS Moodle Log in to the site/input_Password_password'

2022-01-12 20:11:20 - [MESSAGE][PASSED] - Text ****** has been set on object 'Object Repository/Page_BCS Moodle Log in to the site/input_Password_password'

2022-01-12 20:11:20 - [TEST_STEP][PASSED] - click(findTestObject("Object Repository/Page_BCS Moodle Log in to the site/button_Log in")): Object: 'Object Repository/Page_BCS Moodle Log in to the site/button_Log in' is clicked on

2022-01-12 20:11:21 - [MESSAGE][PASSED] - Object: 'Object Repository/Page_BCS Moodle Log in to the site/button_Log in' is clicked on

2022-01-12 20:11:21 - [TEST_STEP][PASSED] - click(findTestObject("Object Repository/Page_Dashboard/a_Site home")): Object: 'Object Repository/Page_Dashboard/a_Site home' is clicked on

2022-01-12 20:11:24 - [MESSAGE][PASSED] - Object: 'Object Repository/Page_Dashboard/a_Site home' is clicked on

2022-01-12 20:11:24 - [TEST_STEP][PASSED] - click(findTestObject("Object Repository/Page_BCS Moodle/a_Lp trnh hng i tng 19CTT3")): Object: 'Object Repository/Page_BCS Moodle/a_Lp trnh hng i tng 19CTT3' is clicked on

2022-01-12 20:11:25 - [MESSAGE][PASSED] - Object: 'Object Repository/Page_BCS Moodle/a_Lp trnh hng i tng 19CTT3' is clicked on

2022-01-12 20:11:25 - [TEST_STEP][PASSED] - click(findTestObject("Object Repository/Page_OOP/input_No enrolment key required_submitbutton")): Object: 'Object Repository/Page_OOP/input_No enrolment key required_submitbutton' is clicked on

2022-01-12 20:11:29 - [MESSAGE][PASSED] - Object: 'Object Repository/Page_OOP/input_No enrolment key required_submitbutton' is clicked on

2022-01-12 20:11:29 - [TEST_STEP][PASSED] - verifyElementPresent(findTestObject("Object Repository/Page_Course Lp trnh hng i tng 19CTT3/div_You are enrolled in the course_1"), 0): Object 'Object Repository/Page_Course Lp trnh hng i tng 19CTT3/div_You are enrolled in the course_1' is present

2022-01-12 20:11:29 - [MESSAGE][WARNING] - Timeout '0' is invalid. Using default page load timeout: '30'

2022-01-12 20:11:30 - [MESSAGE][PASSED] - Object 'Object Repository/Page_Course Lp trnh hng i tng 19CTT3/div_You are enrolled in the course_1' is present

2022-01-12 20:11:30 - [TEST_STEP][PASSED] - closeBrowser(): Browser is closed

2022-01-12 20:11:31 - [MESSAGE][PASSED] - Browser is closed]]></system-out>
         <system-err><![CDATA[]]></system-err>
      </testcase>
      <testcase name="Test Cases/Student/Student_Enroll/Student_Enroll With Key_Success" time="15.287" classname="Test Cases/Student/Student_Enroll/Student_Enroll With Key_Success" status="PASSED">
         <system-out><![CDATA[2022-01-12 20:11:31 - [TEST_CASE][PASSED] - Test Cases/Student/Student_Enroll/Student_Enroll With Key_Success: Test Cases/Student/Student_Enroll/Student_Enroll With Key_Success

2022-01-12 20:11:31 - [TEST_STEP][PASSED] - openBrowser(""): Browser is opened with url: ''

2022-01-12 20:11:31 - [MESSAGE][INFO] - Starting 'Chrome' driver

2022-01-12 20:11:31 - [MESSAGE][INFO] - User set preference: ['args', '[window-size=1300,900]']

2022-01-12 20:11:31 - [MESSAGE][INFO] - Action delay is set to 0 milliseconds

2022-01-12 20:11:32 - [MESSAGE][PASSED] - Browser is opened with url: ''

2022-01-12 20:11:32 - [TEST_STEP][PASSED] - navigateToUrl("http://localhost:8080/moodle/"): Navigate to 'http://localhost:8080/moodle/' successfully

2022-01-12 20:11:33 - [MESSAGE][PASSED] - Navigate to 'http://localhost:8080/moodle/' successfully

2022-01-12 20:11:33 - [TEST_STEP][PASSED] - click(findTestObject("Object Repository/Page_BCS Moodle/a_Log in")): Object: 'Object Repository/Page_BCS Moodle/a_Log in' is clicked on

2022-01-12 20:11:34 - [MESSAGE][PASSED] - Object: 'Object Repository/Page_BCS Moodle/a_Log in' is clicked on

2022-01-12 20:11:34 - [TEST_STEP][PASSED] - setText(findTestObject("Object Repository/Page_BCS Moodle Log in to the site/input_Username_username"), "xuany"): Text 'xuany' is set on object 'Object Repository/Page_BCS Moodle Log in to the site/input_Username_username'

2022-01-12 20:11:35 - [MESSAGE][PASSED] - Text 'xuany' is set on object 'Object Repository/Page_BCS Moodle Log in to the site/input_Username_username'

2022-01-12 20:11:35 - [TEST_STEP][PASSED] - setEncryptedText(findTestObject("Object Repository/Page_BCS Moodle Log in to the site/input_Password_password"), "p4y+y39Ir5PR9RXlOHjWlj+CAJiYdX4g"): Text ****** has been set on object 'Object Repository/Page_BCS Moodle Log in to the site/input_Password_password'

2022-01-12 20:11:35 - [MESSAGE][PASSED] - Text ****** has been set on object 'Object Repository/Page_BCS Moodle Log in to the site/input_Password_password'

2022-01-12 20:11:35 - [TEST_STEP][PASSED] - click(findTestObject("Object Repository/Page_BCS Moodle Log in to the site/button_Log in")): Object: 'Object Repository/Page_BCS Moodle Log in to the site/button_Log in' is clicked on

2022-01-12 20:11:37 - [MESSAGE][PASSED] - Object: 'Object Repository/Page_BCS Moodle Log in to the site/button_Log in' is clicked on

2022-01-12 20:11:37 - [TEST_STEP][PASSED] - click(findTestObject("Object Repository/Page_Dashboard/a_Site home")): Object: 'Object Repository/Page_Dashboard/a_Site home' is clicked on

2022-01-12 20:11:39 - [MESSAGE][PASSED] - Object: 'Object Repository/Page_Dashboard/a_Site home' is clicked on

2022-01-12 20:11:39 - [TEST_STEP][PASSED] - click(findTestObject("Object Repository/Page_BCS Moodle/a_C s d liu 19CTT3")): Object: 'Object Repository/Page_BCS Moodle/a_C s d liu 19CTT3' is clicked on

2022-01-12 20:11:41 - [MESSAGE][PASSED] - Object: 'Object Repository/Page_BCS Moodle/a_C s d liu 19CTT3' is clicked on

2022-01-12 20:11:41 - [TEST_STEP][PASSED] - setEncryptedText(findTestObject("Object Repository/Page_CSDL/input_Enrolment key_enrolpassword"), "gUaxq7gw5s0="): Text ****** has been set on object 'Object Repository/Page_CSDL/input_Enrolment key_enrolpassword'

2022-01-12 20:11:41 - [MESSAGE][PASSED] - Text ****** has been set on object 'Object Repository/Page_CSDL/input_Enrolment key_enrolpassword'

2022-01-12 20:11:41 - [TEST_STEP][PASSED] - click(findTestObject("Object Repository/Page_CSDL/input_Enrolment key_submitbutton")): Object: 'Object Repository/Page_CSDL/input_Enrolment key_submitbutton' is clicked on

2022-01-12 20:11:45 - [MESSAGE][PASSED] - Object: 'Object Repository/Page_CSDL/input_Enrolment key_submitbutton' is clicked on

2022-01-12 20:11:45 - [TEST_STEP][PASSED] - navigateToUrl("http://localhost:8080/moodle/course/view.php?id=3"): Navigate to 'http://localhost:8080/moodle/course/view.php?id=3' successfully

2022-01-12 20:11:45 - [MESSAGE][PASSED] - Navigate to 'http://localhost:8080/moodle/course/view.php?id=3' successfully

2022-01-12 20:11:45 - [TEST_STEP][PASSED] - closeBrowser(): Browser is closed

2022-01-12 20:11:46 - [MESSAGE][PASSED] - Browser is closed]]></system-out>
         <system-err><![CDATA[]]></system-err>
      </testcase>
      <testcase name="Test Cases/Student/Student_Calendar/Student_Click on Day_Monthly View" time="40.002" classname="Test Cases/Student/Student_Calendar/Student_Click on Day_Monthly View" status="FAILED">
         <failure type="FAILED" message="Test Cases/Student/Student_Calendar/Student_Click on Day_Monthly View FAILED.
Reason:
com.kms.katalon.core.exception.StepFailedException: Unable to click on object 'Object Repository/Page_Moodle Calendar Detailed month view Ja_713ca6/a_4 (1)'
	at com.kms.katalon.core.webui.keyword.internal.WebUIKeywordMain.stepFailed(WebUIKeywordMain.groovy:64)
	at com.kms.katalon.core.webui.keyword.internal.WebUIKeywordMain.runKeyword(WebUIKeywordMain.groovy:26)
	at com.kms.katalon.core.webui.keyword.builtin.ClickKeyword.click(ClickKeyword.groovy:74)
	at com.kms.katalon.core.webui.keyword.builtin.ClickKeyword.execute(ClickKeyword.groovy:40)
	at com.kms.katalon.core.keyword.internal.KeywordExecutor.executeKeywordForPlatform(KeywordExecutor.groovy:74)
	at com.kms.katalon.core.webui.keyword.WebUiBuiltInKeywords.click(WebUiBuiltInKeywords.groovy:620)
	at com.kms.katalon.core.webui.keyword.WebUiBuiltInKeywords$click$1.call(Unknown Source)
	at Student_Click on Day_Monthly View.run(Student_Click on Day_Monthly View:34)
	at com.kms.katalon.core.main.ScriptEngine.run(ScriptEngine.java:194)
	at com.kms.katalon.core.main.ScriptEngine.runScriptAsRawText(ScriptEngine.java:119)
	at com.kms.katalon.core.main.TestCaseExecutor.runScript(TestCaseExecutor.java:442)
	at com.kms.katalon.core.main.TestCaseExecutor.doExecute(TestCaseExecutor.java:433)
	at com.kms.katalon.core.main.TestCaseExecutor.processExecutionPhase(TestCaseExecutor.java:412)
	at com.kms.katalon.core.main.TestCaseExecutor.accessMainPhase(TestCaseExecutor.java:404)
	at com.kms.katalon.core.main.TestCaseExecutor.execute(TestCaseExecutor.java:281)
	at com.kms.katalon.core.main.TestCaseExecutor.execute(TestCaseExecutor.java:363)
	at com.kms.katalon.core.main.TestSuiteExecutor.accessTestCaseMainPhase(TestSuiteExecutor.java:202)
	at com.kms.katalon.core.main.TestSuiteExecutor.accessTestSuiteMainPhase(TestSuiteExecutor.java:164)
	at com.kms.katalon.core.main.TestSuiteExecutor.execute(TestSuiteExecutor.java:105)
	at com.kms.katalon.core.main.TestCaseMain.startTestSuite(TestCaseMain.java:181)
	at com.kms.katalon.core.main.TestCaseMain$startTestSuite$0.call(Unknown Source)
	at TempTestSuite1641993035978.run(TempTestSuite1641993035978.groovy:36)
Caused by: com.kms.katalon.core.webui.exception.WebElementNotFoundException: Web element with id: 'Object Repository/Page_Moodle Calendar Detailed month view Ja_713ca6/a_4 (1)' located by '(//a[contains(text(),'4')])[3]' not found
	at com.kms.katalon.core.webui.common.WebUiCommonHelper.findWebElement(WebUiCommonHelper.java:1368)
	at com.kms.katalon.core.webui.keyword.internal.WebUIAbstractKeyword.findWebElement(WebUIAbstractKeyword.groovy:27)
	at com.kms.katalon.core.webui.keyword.builtin.ClickKeyword$_click_closure1.doCall(ClickKeyword.groovy:65)
	at com.kms.katalon.core.webui.keyword.builtin.ClickKeyword$_click_closure1.call(ClickKeyword.groovy)
	at com.kms.katalon.core.webui.keyword.internal.WebUIKeywordMain.runKeyword(WebUIKeywordMain.groovy:20)
	... 20 more
"/>
         <system-out><![CDATA[2022-01-12 20:12:26 - [TEST_CASE][FAILED] - Test Cases/Student/Student_Calendar/Student_Click on Day_Monthly View: Test Cases/Student/Student_Calendar/Student_Click on Day_Monthly View FAILED.
Reason:
com.kms.katalon.core.exception.StepFailedException: Unable to click on object 'Object Repository/Page_Moodle Calendar Detailed month view Ja_713ca6/a_4 (1)'
	at com.kms.katalon.core.webui.keyword.internal.WebUIKeywordMain.stepFailed(WebUIKeywordMain.groovy:64)
	at com.kms.katalon.core.webui.keyword.internal.WebUIKeywordMain.runKeyword(WebUIKeywordMain.groovy:26)
	at com.kms.katalon.core.webui.keyword.builtin.ClickKeyword.click(ClickKeyword.groovy:74)
	at com.kms.katalon.core.webui.keyword.builtin.ClickKeyword.execute(ClickKeyword.groovy:40)
	at com.kms.katalon.core.keyword.internal.KeywordExecutor.executeKeywordForPlatform(KeywordExecutor.groovy:74)
	at com.kms.katalon.core.webui.keyword.WebUiBuiltInKeywords.click(WebUiBuiltInKeywords.groovy:620)
	at com.kms.katalon.core.webui.keyword.WebUiBuiltInKeywords$click$1.call(Unknown Source)
	at Student_Click on Day_Monthly View.run(Student_Click on Day_Monthly View:34)
	at com.kms.katalon.core.main.ScriptEngine.run(ScriptEngine.java:194)
	at com.kms.katalon.core.main.ScriptEngine.runScriptAsRawText(ScriptEngine.java:119)
	at com.kms.katalon.core.main.TestCaseExecutor.runScript(TestCaseExecutor.java:442)
	at com.kms.katalon.core.main.TestCaseExecutor.doExecute(TestCaseExecutor.java:433)
	at com.kms.katalon.core.main.TestCaseExecutor.processExecutionPhase(TestCaseExecutor.java:412)
	at com.kms.katalon.core.main.TestCaseExecutor.accessMainPhase(TestCaseExecutor.java:404)
	at com.kms.katalon.core.main.TestCaseExecutor.execute(TestCaseExecutor.java:281)
	at com.kms.katalon.core.main.TestCaseExecutor.execute(TestCaseExecutor.java:363)
	at com.kms.katalon.core.main.TestSuiteExecutor.accessTestCaseMainPhase(TestSuiteExecutor.java:202)
	at com.kms.katalon.core.main.TestSuiteExecutor.accessTestSuiteMainPhase(TestSuiteExecutor.java:164)
	at com.kms.katalon.core.main.TestSuiteExecutor.execute(TestSuiteExecutor.java:105)
	at com.kms.katalon.core.main.TestCaseMain.startTestSuite(TestCaseMain.java:181)
	at com.kms.katalon.core.main.TestCaseMain$startTestSuite$0.call(Unknown Source)
	at TempTestSuite1641993035978.run(TempTestSuite1641993035978.groovy:36)
Caused by: com.kms.katalon.core.webui.exception.WebElementNotFoundException: Web element with id: 'Object Repository/Page_Moodle Calendar Detailed month view Ja_713ca6/a_4 (1)' located by '(//a[contains(text(),'4')])[3]' not found
	at com.kms.katalon.core.webui.common.WebUiCommonHelper.findWebElement(WebUiCommonHelper.java:1368)
	at com.kms.katalon.core.webui.keyword.internal.WebUIAbstractKeyword.findWebElement(WebUIAbstractKeyword.groovy:27)
	at com.kms.katalon.core.webui.keyword.builtin.ClickKeyword$_click_closure1.doCall(ClickKeyword.groovy:65)
	at com.kms.katalon.core.webui.keyword.builtin.ClickKeyword$_click_closure1.call(ClickKeyword.groovy)
	at com.kms.katalon.core.webui.keyword.internal.WebUIKeywordMain.runKeyword(WebUIKeywordMain.groovy:20)
	... 20 more


2022-01-12 20:12:26 - [TEST_STEP][PASSED] - openBrowser(""): Browser is opened with url: ''

2022-01-12 20:12:26 - [MESSAGE][WARNING] - A browser is already opened. Closing browser and opening a new one

2022-01-12 20:12:27 - [MESSAGE][INFO] - Starting 'Chrome' driver

2022-01-12 20:12:27 - [MESSAGE][INFO] - User set preference: ['args', '[window-size=1300,900]']

2022-01-12 20:12:27 - [MESSAGE][INFO] - Action delay is set to 0 milliseconds

2022-01-12 20:12:28 - [MESSAGE][PASSED] - Browser is opened with url: ''

2022-01-12 20:12:28 - [TEST_STEP][PASSED] - navigateToUrl("http://localhost:8080/moodle/"): Navigate to 'http://localhost:8080/moodle/' successfully

2022-01-12 20:12:29 - [MESSAGE][PASSED] - Navigate to 'http://localhost:8080/moodle/' successfully

2022-01-12 20:12:29 - [TEST_STEP][PASSED] - click(findTestObject("Object Repository/Page_BCS Moodle/a_Log in")): Object: 'Object Repository/Page_BCS Moodle/a_Log in' is clicked on

2022-01-12 20:12:30 - [MESSAGE][PASSED] - Object: 'Object Repository/Page_BCS Moodle/a_Log in' is clicked on

2022-01-12 20:12:30 - [TEST_STEP][PASSED] - setText(findTestObject("Object Repository/Page_BCS Moodle Log in to the site/input_Username_username"), "hoangvu"): Text 'hoangvu' is set on object 'Object Repository/Page_BCS Moodle Log in to the site/input_Username_username'

2022-01-12 20:12:31 - [MESSAGE][PASSED] - Text 'hoangvu' is set on object 'Object Repository/Page_BCS Moodle Log in to the site/input_Username_username'

2022-01-12 20:12:31 - [TEST_STEP][PASSED] - setEncryptedText(findTestObject("Object Repository/Page_BCS Moodle Log in to the site/input_Password_password"), "p4y+y39Ir5PR9RXlOHjWlj+CAJiYdX4g"): Text ****** has been set on object 'Object Repository/Page_BCS Moodle Log in to the site/input_Password_password'

2022-01-12 20:12:31 - [MESSAGE][PASSED] - Text ****** has been set on object 'Object Repository/Page_BCS Moodle Log in to the site/input_Password_password'

2022-01-12 20:12:31 - [TEST_STEP][PASSED] - click(findTestObject("Object Repository/Page_BCS Moodle Log in to the site/button_Log in")): Object: 'Object Repository/Page_BCS Moodle Log in to the site/button_Log in' is clicked on

2022-01-12 20:12:32 - [MESSAGE][PASSED] - Object: 'Object Repository/Page_BCS Moodle Log in to the site/button_Log in' is clicked on

2022-01-12 20:12:32 - [TEST_STEP][PASSED] - click(findTestObject("Object Repository/Page_Dashboard/span_Calendar")): Object: 'Object Repository/Page_Dashboard/span_Calendar' is clicked on

2022-01-12 20:12:35 - [MESSAGE][PASSED] - Object: 'Object Repository/Page_Dashboard/span_Calendar' is clicked on

2022-01-12 20:12:35 - [TEST_STEP][FAILED] - click(findTestObject("Object Repository/Page_Moodle Calendar Detailed month view Ja_713ca6/a_4 (1)")): Unable to click on object 'Object Repository/Page_Moodle Calendar Detailed month view Ja_713ca6/a_4 (1)' (Root cause: com.kms.katalon.core.exception.StepFailedException: Unable to click on object 'Object Repository/Page_Moodle Calendar Detailed month view Ja_713ca6/a_4 (1)'
	at com.kms.katalon.core.webui.keyword.internal.WebUIKeywordMain.stepFailed(WebUIKeywordMain.groovy:64)
	at com.kms.katalon.core.webui.keyword.internal.WebUIKeywordMain.runKeyword(WebUIKeywordMain.groovy:26)
	at com.kms.katalon.core.webui.keyword.builtin.ClickKeyword.click(ClickKeyword.groovy:74)
	at com.kms.katalon.core.webui.keyword.builtin.ClickKeyword.execute(ClickKeyword.groovy:40)
	at com.kms.katalon.core.keyword.internal.KeywordExecutor.executeKeywordForPlatform(KeywordExecutor.groovy:74)
	at com.kms.katalon.core.webui.keyword.WebUiBuiltInKeywords.click(WebUiBuiltInKeywords.groovy:620)
	at com.kms.katalon.core.webui.keyword.WebUiBuiltInKeywords$click$1.call(Unknown Source)
	at Student_Click on Day_Monthly View.run(Student_Click on Day_Monthly View:34)
	at com.kms.katalon.core.main.ScriptEngine.run(ScriptEngine.java:194)
	at com.kms.katalon.core.main.ScriptEngine.runScriptAsRawText(ScriptEngine.java:119)
	at com.kms.katalon.core.main.TestCaseExecutor.runScript(TestCaseExecutor.java:442)
	at com.kms.katalon.core.main.TestCaseExecutor.doExecute(TestCaseExecutor.java:433)
	at com.kms.katalon.core.main.TestCaseExecutor.processExecutionPhase(TestCaseExecutor.java:412)
	at com.kms.katalon.core.main.TestCaseExecutor.accessMainPhase(TestCaseExecutor.java:404)
	at com.kms.katalon.core.main.TestCaseExecutor.execute(TestCaseExecutor.java:281)
	at com.kms.katalon.core.main.TestCaseExecutor.execute(TestCaseExecutor.java:363)
	at com.kms.katalon.core.main.TestSuiteExecutor.accessTestCaseMainPhase(TestSuiteExecutor.java:202)
	at com.kms.katalon.core.main.TestSuiteExecutor.accessTestSuiteMainPhase(TestSuiteExecutor.java:164)
	at com.kms.katalon.core.main.TestSuiteExecutor.execute(TestSuiteExecutor.java:105)
	at com.kms.katalon.core.main.TestCaseMain.startTestSuite(TestCaseMain.java:181)
	at com.kms.katalon.core.main.TestCaseMain$startTestSuite$0.call(Unknown Source)
	at TempTestSuite1641993035978.run(TempTestSuite1641993035978.groovy:36)
Caused by: com.kms.katalon.core.webui.exception.WebElementNotFoundException: Web element with id: 'Object Repository/Page_Moodle Calendar Detailed month view Ja_713ca6/a_4 (1)' located by '(//a[contains(text(),'4')])[3]' not found
	at com.kms.katalon.core.webui.common.WebUiCommonHelper.findWebElement(WebUiCommonHelper.java:1368)
	at com.kms.katalon.core.webui.keyword.internal.WebUIAbstractKeyword.findWebElement(WebUIAbstractKeyword.groovy:27)
	at com.kms.katalon.core.webui.keyword.builtin.ClickKeyword$_click_closure1.doCall(ClickKeyword.groovy:65)
	at com.kms.katalon.core.webui.keyword.builtin.ClickKeyword$_click_closure1.call(ClickKeyword.groovy)
	at com.kms.katalon.core.webui.keyword.internal.WebUIKeywordMain.runKeyword(WebUIKeywordMain.groovy:20)
	at com.kms.katalon.core.webui.keyword.builtin.ClickKeyword.click(ClickKeyword.groovy:74)
	at com.kms.katalon.core.webui.keyword.builtin.ClickKeyword.execute(ClickKeyword.groovy:40)
	at com.kms.katalon.core.keyword.internal.KeywordExecutor.executeKeywordForPlatform(KeywordExecutor.groovy:74)
	at com.kms.katalon.core.webui.keyword.WebUiBuiltInKeywords.click(WebUiBuiltInKeywords.groovy:620)
	at com.kms.katalon.core.webui.keyword.WebUiBuiltInKeywords$click$1.call(Unknown Source)
	at Script1641720753429.run(Script1641720753429.groovy:34)
	... 14 more
)

2022-01-12 20:13:06 - [MESSAGE][INFO] - Unable to find the element located by 'By.xpath: (//a[contains(text(),'4')])[3]'. Please recheck the objects properties to make sure the desired element is located. 

2022-01-12 20:13:06 - [MESSAGE][FAILED] - Unable to click on object 'Object Repository/Page_Moodle Calendar Detailed month view Ja_713ca6/a_4 (1)' (Root cause: com.kms.katalon.core.exception.StepFailedException: Unable to click on object 'Object Repository/Page_Moodle Calendar Detailed month view Ja_713ca6/a_4 (1)'
	at com.kms.katalon.core.webui.keyword.internal.WebUIKeywordMain.stepFailed(WebUIKeywordMain.groovy:64)
	at com.kms.katalon.core.webui.keyword.internal.WebUIKeywordMain.runKeyword(WebUIKeywordMain.groovy:26)
	at com.kms.katalon.core.webui.keyword.builtin.ClickKeyword.click(ClickKeyword.groovy:74)
	at com.kms.katalon.core.webui.keyword.builtin.ClickKeyword.execute(ClickKeyword.groovy:40)
	at com.kms.katalon.core.keyword.internal.KeywordExecutor.executeKeywordForPlatform(KeywordExecutor.groovy:74)
	at com.kms.katalon.core.webui.keyword.WebUiBuiltInKeywords.click(WebUiBuiltInKeywords.groovy:620)
	at com.kms.katalon.core.webui.keyword.WebUiBuiltInKeywords$click$1.call(Unknown Source)
	at Student_Click on Day_Monthly View.run(Student_Click on Day_Monthly View:34)
	at com.kms.katalon.core.main.ScriptEngine.run(ScriptEngine.java:194)
	at com.kms.katalon.core.main.ScriptEngine.runScriptAsRawText(ScriptEngine.java:119)
	at com.kms.katalon.core.main.TestCaseExecutor.runScript(TestCaseExecutor.java:442)
	at com.kms.katalon.core.main.TestCaseExecutor.doExecute(TestCaseExecutor.java:433)
	at com.kms.katalon.core.main.TestCaseExecutor.processExecutionPhase(TestCaseExecutor.java:412)
	at com.kms.katalon.core.main.TestCaseExecutor.accessMainPhase(TestCaseExecutor.java:404)
	at com.kms.katalon.core.main.TestCaseExecutor.execute(TestCaseExecutor.java:281)
	at com.kms.katalon.core.main.TestCaseExecutor.execute(TestCaseExecutor.java:363)
	at com.kms.katalon.core.main.TestSuiteExecutor.accessTestCaseMainPhase(TestSuiteExecutor.java:202)
	at com.kms.katalon.core.main.TestSuiteExecutor.accessTestSuiteMainPhase(TestSuiteExecutor.java:164)
	at com.kms.katalon.core.main.TestSuiteExecutor.execute(TestSuiteExecutor.java:105)
	at com.kms.katalon.core.main.TestCaseMain.startTestSuite(TestCaseMain.java:181)
	at com.kms.katalon.core.main.TestCaseMain$startTestSuite$0.call(Unknown Source)
	at TempTestSuite1641993035978.run(TempTestSuite1641993035978.groovy:36)
Caused by: com.kms.katalon.core.webui.exception.WebElementNotFoundException: Web element with id: 'Object Repository/Page_Moodle Calendar Detailed month view Ja_713ca6/a_4 (1)' located by '(//a[contains(text(),'4')])[3]' not found
	at com.kms.katalon.core.webui.common.WebUiCommonHelper.findWebElement(WebUiCommonHelper.java:1368)
	at com.kms.katalon.core.webui.keyword.internal.WebUIAbstractKeyword.findWebElement(WebUIAbstractKeyword.groovy:27)
	at com.kms.katalon.core.webui.keyword.builtin.ClickKeyword$_click_closure1.doCall(ClickKeyword.groovy:65)
	at com.kms.katalon.core.webui.keyword.builtin.ClickKeyword$_click_closure1.call(ClickKeyword.groovy)
	at com.kms.katalon.core.webui.keyword.internal.WebUIKeywordMain.runKeyword(WebUIKeywordMain.groovy:20)
	at com.kms.katalon.core.webui.keyword.builtin.ClickKeyword.click(ClickKeyword.groovy:74)
	at com.kms.katalon.core.webui.keyword.builtin.ClickKeyword.execute(ClickKeyword.groovy:40)
	at com.kms.katalon.core.keyword.internal.KeywordExecutor.executeKeywordForPlatform(KeywordExecutor.groovy:74)
	at com.kms.katalon.core.webui.keyword.WebUiBuiltInKeywords.click(WebUiBuiltInKeywords.groovy:620)
	at com.kms.katalon.core.webui.keyword.WebUiBuiltInKeywords$click$1.call(Unknown Source)
	at Script1641720753429.run(Script1641720753429.groovy:34)
	... 14 more
)
[[ATTACHMENT|C:\\Users\\Admin\\Desktop\\Katalon_TestProject\\TestAutomation_Katalon-Test-Project\\Reports\\20220112_201035\\Run all test cases\\20220112_201035\\1641993186622.png]]]]></system-out>
         <system-err><![CDATA[2022-01-12 20:12:26 - [TEST_CASE][FAILED] - Test Cases/Student/Student_Calendar/Student_Click on Day_Monthly View: Test Cases/Student/Student_Calendar/Student_Click on Day_Monthly View FAILED.
Reason:
com.kms.katalon.core.exception.StepFailedException: Unable to click on object 'Object Repository/Page_Moodle Calendar Detailed month view Ja_713ca6/a_4 (1)'
	at com.kms.katalon.core.webui.keyword.internal.WebUIKeywordMain.stepFailed(WebUIKeywordMain.groovy:64)
	at com.kms.katalon.core.webui.keyword.internal.WebUIKeywordMain.runKeyword(WebUIKeywordMain.groovy:26)
	at com.kms.katalon.core.webui.keyword.builtin.ClickKeyword.click(ClickKeyword.groovy:74)
	at com.kms.katalon.core.webui.keyword.builtin.ClickKeyword.execute(ClickKeyword.groovy:40)
	at com.kms.katalon.core.keyword.internal.KeywordExecutor.executeKeywordForPlatform(KeywordExecutor.groovy:74)
	at com.kms.katalon.core.webui.keyword.WebUiBuiltInKeywords.click(WebUiBuiltInKeywords.groovy:620)
	at com.kms.katalon.core.webui.keyword.WebUiBuiltInKeywords$click$1.call(Unknown Source)
	at Student_Click on Day_Monthly View.run(Student_Click on Day_Monthly View:34)
	at com.kms.katalon.core.main.ScriptEngine.run(ScriptEngine.java:194)
	at com.kms.katalon.core.main.ScriptEngine.runScriptAsRawText(ScriptEngine.java:119)
	at com.kms.katalon.core.main.TestCaseExecutor.runScript(TestCaseExecutor.java:442)
	at com.kms.katalon.core.main.TestCaseExecutor.doExecute(TestCaseExecutor.java:433)
	at com.kms.katalon.core.main.TestCaseExecutor.processExecutionPhase(TestCaseExecutor.java:412)
	at com.kms.katalon.core.main.TestCaseExecutor.accessMainPhase(TestCaseExecutor.java:404)
	at com.kms.katalon.core.main.TestCaseExecutor.execute(TestCaseExecutor.java:281)
	at com.kms.katalon.core.main.TestCaseExecutor.execute(TestCaseExecutor.java:363)
	at com.kms.katalon.core.main.TestSuiteExecutor.accessTestCaseMainPhase(TestSuiteExecutor.java:202)
	at com.kms.katalon.core.main.TestSuiteExecutor.accessTestSuiteMainPhase(TestSuiteExecutor.java:164)
	at com.kms.katalon.core.main.TestSuiteExecutor.execute(TestSuiteExecutor.java:105)
	at com.kms.katalon.core.main.TestCaseMain.startTestSuite(TestCaseMain.java:181)
	at com.kms.katalon.core.main.TestCaseMain$startTestSuite$0.call(Unknown Source)
	at TempTestSuite1641993035978.run(TempTestSuite1641993035978.groovy:36)
Caused by: com.kms.katalon.core.webui.exception.WebElementNotFoundException: Web element with id: 'Object Repository/Page_Moodle Calendar Detailed month view Ja_713ca6/a_4 (1)' located by '(//a[contains(text(),'4')])[3]' not found
	at com.kms.katalon.core.webui.common.WebUiCommonHelper.findWebElement(WebUiCommonHelper.java:1368)
	at com.kms.katalon.core.webui.keyword.internal.WebUIAbstractKeyword.findWebElement(WebUIAbstractKeyword.groovy:27)
	at com.kms.katalon.core.webui.keyword.builtin.ClickKeyword$_click_closure1.doCall(ClickKeyword.groovy:65)
	at com.kms.katalon.core.webui.keyword.builtin.ClickKeyword$_click_closure1.call(ClickKeyword.groovy)
	at com.kms.katalon.core.webui.keyword.internal.WebUIKeywordMain.runKeyword(WebUIKeywordMain.groovy:20)
	... 20 more]]></system-err>
      </testcase>
      <testcase name="Test Cases/Student/Student_Calendar/Student_Click to Event" time="13.798" classname="Test Cases/Student/Student_Calendar/Student_Click to Event" status="PASSED">
         <system-out><![CDATA[2022-01-12 20:13:06 - [TEST_CASE][PASSED] - Test Cases/Student/Student_Calendar/Student_Click to Event: Test Cases/Student/Student_Calendar/Student_Click to Event

2022-01-12 20:13:07 - [TEST_STEP][PASSED] - openBrowser(""): Browser is opened with url: ''

2022-01-12 20:13:07 - [MESSAGE][WARNING] - A browser is already opened. Closing browser and opening a new one

2022-01-12 20:13:07 - [MESSAGE][INFO] - Starting 'Chrome' driver

2022-01-12 20:13:07 - [MESSAGE][INFO] - User set preference: ['args', '[window-size=1300,900]']

2022-01-12 20:13:07 - [MESSAGE][INFO] - Action delay is set to 0 milliseconds

2022-01-12 20:13:09 - [MESSAGE][PASSED] - Browser is opened with url: ''

2022-01-12 20:13:09 - [TEST_STEP][PASSED] - navigateToUrl("http://localhost:8080/moodle/"): Navigate to 'http://localhost:8080/moodle/' successfully

2022-01-12 20:13:09 - [MESSAGE][PASSED] - Navigate to 'http://localhost:8080/moodle/' successfully

2022-01-12 20:13:09 - [TEST_STEP][PASSED] - click(findTestObject("Object Repository/Page_BCS Moodle/a_Log in")): Object: 'Object Repository/Page_BCS Moodle/a_Log in' is clicked on

2022-01-12 20:13:10 - [MESSAGE][PASSED] - Object: 'Object Repository/Page_BCS Moodle/a_Log in' is clicked on

2022-01-12 20:13:10 - [TEST_STEP][PASSED] - setText(findTestObject("Object Repository/Page_BCS Moodle Log in to the site/input_Username_username"), "hoangvu"): Text 'hoangvu' is set on object 'Object Repository/Page_BCS Moodle Log in to the site/input_Username_username'

2022-01-12 20:13:11 - [MESSAGE][PASSED] - Text 'hoangvu' is set on object 'Object Repository/Page_BCS Moodle Log in to the site/input_Username_username'

2022-01-12 20:13:11 - [TEST_STEP][PASSED] - setEncryptedText(findTestObject("Object Repository/Page_BCS Moodle Log in to the site/input_Password_password"), "p4y+y39Ir5PR9RXlOHjWlj+CAJiYdX4g"): Text ****** has been set on object 'Object Repository/Page_BCS Moodle Log in to the site/input_Password_password'

2022-01-12 20:13:11 - [MESSAGE][PASSED] - Text ****** has been set on object 'Object Repository/Page_BCS Moodle Log in to the site/input_Password_password'

2022-01-12 20:13:11 - [TEST_STEP][PASSED] - click(findTestObject("Object Repository/Page_BCS Moodle Log in to the site/button_Log in")): Object: 'Object Repository/Page_BCS Moodle Log in to the site/button_Log in' is clicked on

2022-01-12 20:13:13 - [MESSAGE][PASSED] - Object: 'Object Repository/Page_BCS Moodle Log in to the site/button_Log in' is clicked on

2022-01-12 20:13:13 - [TEST_STEP][PASSED] - click(findTestObject("Object Repository/Page_Dashboard/span_Calendar")): Object: 'Object Repository/Page_Dashboard/span_Calendar' is clicked on

2022-01-12 20:13:15 - [MESSAGE][PASSED] - Object: 'Object Repository/Page_Dashboard/span_Calendar' is clicked on

2022-01-12 20:13:15 - [TEST_STEP][PASSED] - click(findTestObject("Object Repository/Page_Moodle Calendar Detailed month view Ja_713ca6/span_Bi tp 2 is due (1)")): Object: 'Object Repository/Page_Moodle Calendar Detailed month view Ja_713ca6/span_Bi tp 2 is due (1)' is clicked on

2022-01-12 20:13:17 - [MESSAGE][PASSED] - Object: 'Object Repository/Page_Moodle Calendar Detailed month view Ja_713ca6/span_Bi tp 2 is due (1)' is clicked on

2022-01-12 20:13:17 - [TEST_STEP][PASSED] - click(findTestObject("Object Repository/Page_Moodle Calendar Detailed month view Ja_713ca6/a_Add submission (1)")): Object: 'Object Repository/Page_Moodle Calendar Detailed month view Ja_713ca6/a_Add submission (1)' is clicked on

2022-01-12 20:13:19 - [MESSAGE][PASSED] - Object: 'Object Repository/Page_Moodle Calendar Detailed month view Ja_713ca6/a_Add submission (1)' is clicked on

2022-01-12 20:13:19 - [TEST_STEP][PASSED] - verifyElementText(findTestObject("Object Repository/Page_OOP Bi tp 2 - Edit submission/h2_Bi tp 2 (1)"), "Bài tập 2"): Actual text and expected text of test object 'Object Repository/Page_OOP Bi tp 2 - Edit submission/h2_Bi tp 2 (1)' are matched.

2022-01-12 20:13:19 - [MESSAGE][PASSED] - Actual text and expected text of test object 'Object Repository/Page_OOP Bi tp 2 - Edit submission/h2_Bi tp 2 (1)' are matched.

2022-01-12 20:13:19 - [TEST_STEP][PASSED] - closeBrowser(): Browser is closed

2022-01-12 20:13:20 - [MESSAGE][PASSED] - Browser is closed]]></system-out>
         <system-err><![CDATA[]]></system-err>
      </testcase>
      <testcase name="Test Cases/Student/Student_Calendar/Student_Export Calendar URL" time="45.477" classname="Test Cases/Student/Student_Calendar/Student_Export Calendar URL" status="FAILED">
         <failure type="FAILED" message="Test Cases/Student/Student_Calendar/Student_Export Calendar URL FAILED.
Reason:
com.kms.katalon.core.exception.StepFailedException: Unable to click on object 'Object Repository/Page_Moodle Calendar Export/div_Calendar URL httplocalhost8080moodlecal_fcc980'
	at com.kms.katalon.core.webui.keyword.internal.WebUIKeywordMain.stepFailed(WebUIKeywordMain.groovy:64)
	at com.kms.katalon.core.webui.keyword.internal.WebUIKeywordMain.runKeyword(WebUIKeywordMain.groovy:26)
	at com.kms.katalon.core.webui.keyword.builtin.ClickKeyword.click(ClickKeyword.groovy:74)
	at com.kms.katalon.core.webui.keyword.builtin.ClickKeyword.execute(ClickKeyword.groovy:40)
	at com.kms.katalon.core.keyword.internal.KeywordExecutor.executeKeywordForPlatform(KeywordExecutor.groovy:74)
	at com.kms.katalon.core.webui.keyword.WebUiBuiltInKeywords.click(WebUiBuiltInKeywords.groovy:620)
	at com.kms.katalon.core.webui.keyword.WebUiBuiltInKeywords$click$1.call(Unknown Source)
	at Student_Export Calendar URL.run(Student_Export Calendar URL:42)
	at com.kms.katalon.core.main.ScriptEngine.run(ScriptEngine.java:194)
	at com.kms.katalon.core.main.ScriptEngine.runScriptAsRawText(ScriptEngine.java:119)
	at com.kms.katalon.core.main.TestCaseExecutor.runScript(TestCaseExecutor.java:442)
	at com.kms.katalon.core.main.TestCaseExecutor.doExecute(TestCaseExecutor.java:433)
	at com.kms.katalon.core.main.TestCaseExecutor.processExecutionPhase(TestCaseExecutor.java:412)
	at com.kms.katalon.core.main.TestCaseExecutor.accessMainPhase(TestCaseExecutor.java:404)
	at com.kms.katalon.core.main.TestCaseExecutor.execute(TestCaseExecutor.java:281)
	at com.kms.katalon.core.main.TestCaseExecutor.execute(TestCaseExecutor.java:363)
	at com.kms.katalon.core.main.TestSuiteExecutor.accessTestCaseMainPhase(TestSuiteExecutor.java:202)
	at com.kms.katalon.core.main.TestSuiteExecutor.accessTestSuiteMainPhase(TestSuiteExecutor.java:164)
	at com.kms.katalon.core.main.TestSuiteExecutor.execute(TestSuiteExecutor.java:105)
	at com.kms.katalon.core.main.TestCaseMain.startTestSuite(TestCaseMain.java:181)
	at com.kms.katalon.core.main.TestCaseMain$startTestSuite$0.call(Unknown Source)
	at TempTestSuite1641993035978.run(TempTestSuite1641993035978.groovy:36)
Caused by: com.kms.katalon.core.webui.exception.WebElementNotFoundException: Web element with id: 'Object Repository/Page_Moodle Calendar Export/div_Calendar URL httplocalhost8080moodlecal_fcc980' located by '//section[@id='region-main']/div/div/div' not found
	at com.kms.katalon.core.webui.common.WebUiCommonHelper.findWebElement(WebUiCommonHelper.java:1368)
	at com.kms.katalon.core.webui.keyword.internal.WebUIAbstractKeyword.findWebElement(WebUIAbstractKeyword.groovy:27)
	at com.kms.katalon.core.webui.keyword.builtin.ClickKeyword$_click_closure1.doCall(ClickKeyword.groovy:65)
	at com.kms.katalon.core.webui.keyword.builtin.ClickKeyword$_click_closure1.call(ClickKeyword.groovy)
	at com.kms.katalon.core.webui.keyword.internal.WebUIKeywordMain.runKeyword(WebUIKeywordMain.groovy:20)
	... 20 more
"/>
         <system-out><![CDATA[2022-01-12 20:14:05 - [TEST_CASE][FAILED] - Test Cases/Student/Student_Calendar/Student_Export Calendar URL: Test Cases/Student/Student_Calendar/Student_Export Calendar URL FAILED.
Reason:
com.kms.katalon.core.exception.StepFailedException: Unable to click on object 'Object Repository/Page_Moodle Calendar Export/div_Calendar URL httplocalhost8080moodlecal_fcc980'
	at com.kms.katalon.core.webui.keyword.internal.WebUIKeywordMain.stepFailed(WebUIKeywordMain.groovy:64)
	at com.kms.katalon.core.webui.keyword.internal.WebUIKeywordMain.runKeyword(WebUIKeywordMain.groovy:26)
	at com.kms.katalon.core.webui.keyword.builtin.ClickKeyword.click(ClickKeyword.groovy:74)
	at com.kms.katalon.core.webui.keyword.builtin.ClickKeyword.execute(ClickKeyword.groovy:40)
	at com.kms.katalon.core.keyword.internal.KeywordExecutor.executeKeywordForPlatform(KeywordExecutor.groovy:74)
	at com.kms.katalon.core.webui.keyword.WebUiBuiltInKeywords.click(WebUiBuiltInKeywords.groovy:620)
	at com.kms.katalon.core.webui.keyword.WebUiBuiltInKeywords$click$1.call(Unknown Source)
	at Student_Export Calendar URL.run(Student_Export Calendar URL:42)
	at com.kms.katalon.core.main.ScriptEngine.run(ScriptEngine.java:194)
	at com.kms.katalon.core.main.ScriptEngine.runScriptAsRawText(ScriptEngine.java:119)
	at com.kms.katalon.core.main.TestCaseExecutor.runScript(TestCaseExecutor.java:442)
	at com.kms.katalon.core.main.TestCaseExecutor.doExecute(TestCaseExecutor.java:433)
	at com.kms.katalon.core.main.TestCaseExecutor.processExecutionPhase(TestCaseExecutor.java:412)
	at com.kms.katalon.core.main.TestCaseExecutor.accessMainPhase(TestCaseExecutor.java:404)
	at com.kms.katalon.core.main.TestCaseExecutor.execute(TestCaseExecutor.java:281)
	at com.kms.katalon.core.main.TestCaseExecutor.execute(TestCaseExecutor.java:363)
	at com.kms.katalon.core.main.TestSuiteExecutor.accessTestCaseMainPhase(TestSuiteExecutor.java:202)
	at com.kms.katalon.core.main.TestSuiteExecutor.accessTestSuiteMainPhase(TestSuiteExecutor.java:164)
	at com.kms.katalon.core.main.TestSuiteExecutor.execute(TestSuiteExecutor.java:105)
	at com.kms.katalon.core.main.TestCaseMain.startTestSuite(TestCaseMain.java:181)
	at com.kms.katalon.core.main.TestCaseMain$startTestSuite$0.call(Unknown Source)
	at TempTestSuite1641993035978.run(TempTestSuite1641993035978.groovy:36)
Caused by: com.kms.katalon.core.webui.exception.WebElementNotFoundException: Web element with id: 'Object Repository/Page_Moodle Calendar Export/div_Calendar URL httplocalhost8080moodlecal_fcc980' located by '//section[@id='region-main']/div/div/div' not found
	at com.kms.katalon.core.webui.common.WebUiCommonHelper.findWebElement(WebUiCommonHelper.java:1368)
	at com.kms.katalon.core.webui.keyword.internal.WebUIAbstractKeyword.findWebElement(WebUIAbstractKeyword.groovy:27)
	at com.kms.katalon.core.webui.keyword.builtin.ClickKeyword$_click_closure1.doCall(ClickKeyword.groovy:65)
	at com.kms.katalon.core.webui.keyword.builtin.ClickKeyword$_click_closure1.call(ClickKeyword.groovy)
	at com.kms.katalon.core.webui.keyword.internal.WebUIKeywordMain.runKeyword(WebUIKeywordMain.groovy:20)
	... 20 more


2022-01-12 20:14:05 - [TEST_STEP][PASSED] - openBrowser(""): Browser is opened with url: ''

2022-01-12 20:14:05 - [MESSAGE][WARNING] - A browser is already opened. Closing browser and opening a new one

2022-01-12 20:14:05 - [MESSAGE][INFO] - Starting 'Chrome' driver

2022-01-12 20:14:05 - [MESSAGE][INFO] - User set preference: ['args', '[window-size=1300,900]']

2022-01-12 20:14:05 - [MESSAGE][INFO] - Action delay is set to 0 milliseconds

2022-01-12 20:14:07 - [MESSAGE][PASSED] - Browser is opened with url: ''

2022-01-12 20:14:07 - [TEST_STEP][PASSED] - navigateToUrl("http://localhost:8080/moodle/"): Navigate to 'http://localhost:8080/moodle/' successfully

2022-01-12 20:14:07 - [MESSAGE][PASSED] - Navigate to 'http://localhost:8080/moodle/' successfully

2022-01-12 20:14:07 - [TEST_STEP][PASSED] - click(findTestObject("Object Repository/Page_BCS Moodle/a_Log in")): Object: 'Object Repository/Page_BCS Moodle/a_Log in' is clicked on

2022-01-12 20:14:08 - [MESSAGE][PASSED] - Object: 'Object Repository/Page_BCS Moodle/a_Log in' is clicked on

2022-01-12 20:14:08 - [TEST_STEP][PASSED] - setText(findTestObject("Object Repository/Page_BCS Moodle Log in to the site/input_Username_username"), "hoangvu"): Text 'hoangvu' is set on object 'Object Repository/Page_BCS Moodle Log in to the site/input_Username_username'

2022-01-12 20:14:09 - [MESSAGE][PASSED] - Text 'hoangvu' is set on object 'Object Repository/Page_BCS Moodle Log in to the site/input_Username_username'

2022-01-12 20:14:09 - [TEST_STEP][PASSED] - setEncryptedText(findTestObject("Object Repository/Page_BCS Moodle Log in to the site/input_Password_password"), "p4y+y39Ir5PR9RXlOHjWlj+CAJiYdX4g"): Text ****** has been set on object 'Object Repository/Page_BCS Moodle Log in to the site/input_Password_password'

2022-01-12 20:14:10 - [MESSAGE][PASSED] - Text ****** has been set on object 'Object Repository/Page_BCS Moodle Log in to the site/input_Password_password'

2022-01-12 20:14:10 - [TEST_STEP][PASSED] - click(findTestObject("Object Repository/Page_BCS Moodle Log in to the site/button_Log in")): Object: 'Object Repository/Page_BCS Moodle Log in to the site/button_Log in' is clicked on

2022-01-12 20:14:11 - [MESSAGE][PASSED] - Object: 'Object Repository/Page_BCS Moodle Log in to the site/button_Log in' is clicked on

2022-01-12 20:14:11 - [TEST_STEP][PASSED] - click(findTestObject("Object Repository/Page_Dashboard/a_Calendar")): Object: 'Object Repository/Page_Dashboard/a_Calendar' is clicked on

2022-01-12 20:14:14 - [MESSAGE][PASSED] - Object: 'Object Repository/Page_Dashboard/a_Calendar' is clicked on

2022-01-12 20:14:14 - [TEST_STEP][PASSED] - click(findTestObject("Object Repository/Page_Moodle Calendar Detailed month view Ja_713ca6/button_Export calendar")): Object: 'Object Repository/Page_Moodle Calendar Detailed month view Ja_713ca6/button_Export calendar' is clicked on

2022-01-12 20:14:16 - [MESSAGE][PASSED] - Object: 'Object Repository/Page_Moodle Calendar Detailed month view Ja_713ca6/button_Export calendar' is clicked on

2022-01-12 20:14:16 - [TEST_STEP][PASSED] - click(findTestObject("Object Repository/Page_Moodle Calendar Export/input_Events related to courses_eventsexportevents")): Object: 'Object Repository/Page_Moodle Calendar Export/input_Events related to courses_eventsexportevents' is clicked on

2022-01-12 20:14:17 - [MESSAGE][PASSED] - Object: 'Object Repository/Page_Moodle Calendar Export/input_Events related to courses_eventsexportevents' is clicked on

2022-01-12 20:14:17 - [TEST_STEP][PASSED] - click(findTestObject("Object Repository/Page_Moodle Calendar Export/input_This month_periodtimeperiod")): Object: 'Object Repository/Page_Moodle Calendar Export/input_This month_periodtimeperiod' is clicked on

2022-01-12 20:14:18 - [MESSAGE][PASSED] - Object: 'Object Repository/Page_Moodle Calendar Export/input_This month_periodtimeperiod' is clicked on

2022-01-12 20:14:18 - [TEST_STEP][PASSED] - click(findTestObject("Object Repository/Page_Moodle Calendar Export/input_Custom range (30122 - 80123)_generateurl")): Object: 'Object Repository/Page_Moodle Calendar Export/input_Custom range (30122 - 80123)_generateurl' is clicked on

2022-01-12 20:14:19 - [MESSAGE][PASSED] - Object: 'Object Repository/Page_Moodle Calendar Export/input_Custom range (30122 - 80123)_generateurl' is clicked on

2022-01-12 20:14:19 - [TEST_STEP][FAILED] - click(findTestObject("Object Repository/Page_Moodle Calendar Export/div_Calendar URL httplocalhost8080moodlecal_fcc980")): Unable to click on object 'Object Repository/Page_Moodle Calendar Export/div_Calendar URL httplocalhost8080moodlecal_fcc980' (Root cause: com.kms.katalon.core.exception.StepFailedException: Unable to click on object 'Object Repository/Page_Moodle Calendar Export/div_Calendar URL httplocalhost8080moodlecal_fcc980'
	at com.kms.katalon.core.webui.keyword.internal.WebUIKeywordMain.stepFailed(WebUIKeywordMain.groovy:64)
	at com.kms.katalon.core.webui.keyword.internal.WebUIKeywordMain.runKeyword(WebUIKeywordMain.groovy:26)
	at com.kms.katalon.core.webui.keyword.builtin.ClickKeyword.click(ClickKeyword.groovy:74)
	at com.kms.katalon.core.webui.keyword.builtin.ClickKeyword.execute(ClickKeyword.groovy:40)
	at com.kms.katalon.core.keyword.internal.KeywordExecutor.executeKeywordForPlatform(KeywordExecutor.groovy:74)
	at com.kms.katalon.core.webui.keyword.WebUiBuiltInKeywords.click(WebUiBuiltInKeywords.groovy:620)
	at com.kms.katalon.core.webui.keyword.WebUiBuiltInKeywords$click$1.call(Unknown Source)
	at Student_Export Calendar URL.run(Student_Export Calendar URL:42)
	at com.kms.katalon.core.main.ScriptEngine.run(ScriptEngine.java:194)
	at com.kms.katalon.core.main.ScriptEngine.runScriptAsRawText(ScriptEngine.java:119)
	at com.kms.katalon.core.main.TestCaseExecutor.runScript(TestCaseExecutor.java:442)
	at com.kms.katalon.core.main.TestCaseExecutor.doExecute(TestCaseExecutor.java:433)
	at com.kms.katalon.core.main.TestCaseExecutor.processExecutionPhase(TestCaseExecutor.java:412)
	at com.kms.katalon.core.main.TestCaseExecutor.accessMainPhase(TestCaseExecutor.java:404)
	at com.kms.katalon.core.main.TestCaseExecutor.execute(TestCaseExecutor.java:281)
	at com.kms.katalon.core.main.TestCaseExecutor.execute(TestCaseExecutor.java:363)
	at com.kms.katalon.core.main.TestSuiteExecutor.accessTestCaseMainPhase(TestSuiteExecutor.java:202)
	at com.kms.katalon.core.main.TestSuiteExecutor.accessTestSuiteMainPhase(TestSuiteExecutor.java:164)
	at com.kms.katalon.core.main.TestSuiteExecutor.execute(TestSuiteExecutor.java:105)
	at com.kms.katalon.core.main.TestCaseMain.startTestSuite(TestCaseMain.java:181)
	at com.kms.katalon.core.main.TestCaseMain$startTestSuite$0.call(Unknown Source)
	at TempTestSuite1641993035978.run(TempTestSuite1641993035978.groovy:36)
Caused by: com.kms.katalon.core.webui.exception.WebElementNotFoundException: Web element with id: 'Object Repository/Page_Moodle Calendar Export/div_Calendar URL httplocalhost8080moodlecal_fcc980' located by '//section[@id='region-main']/div/div/div' not found
	at com.kms.katalon.core.webui.common.WebUiCommonHelper.findWebElement(WebUiCommonHelper.java:1368)
	at com.kms.katalon.core.webui.keyword.internal.WebUIAbstractKeyword.findWebElement(WebUIAbstractKeyword.groovy:27)
	at com.kms.katalon.core.webui.keyword.builtin.ClickKeyword$_click_closure1.doCall(ClickKeyword.groovy:65)
	at com.kms.katalon.core.webui.keyword.builtin.ClickKeyword$_click_closure1.call(ClickKeyword.groovy)
	at com.kms.katalon.core.webui.keyword.internal.WebUIKeywordMain.runKeyword(WebUIKeywordMain.groovy:20)
	at com.kms.katalon.core.webui.keyword.builtin.ClickKeyword.click(ClickKeyword.groovy:74)
	at com.kms.katalon.core.webui.keyword.builtin.ClickKeyword.execute(ClickKeyword.groovy:40)
	at com.kms.katalon.core.keyword.internal.KeywordExecutor.executeKeywordForPlatform(KeywordExecutor.groovy:74)
	at com.kms.katalon.core.webui.keyword.WebUiBuiltInKeywords.click(WebUiBuiltInKeywords.groovy:620)
	at com.kms.katalon.core.webui.keyword.WebUiBuiltInKeywords$click$1.call(Unknown Source)
	at Script1641651538675.run(Script1641651538675.groovy:42)
	... 14 more
)

2022-01-12 20:14:50 - [MESSAGE][INFO] - Unable to find the element located by 'By.xpath: //section[@id='region-main']/div/div/div'. Please recheck the objects properties to make sure the desired element is located. 

2022-01-12 20:14:50 - [MESSAGE][FAILED] - Unable to click on object 'Object Repository/Page_Moodle Calendar Export/div_Calendar URL httplocalhost8080moodlecal_fcc980' (Root cause: com.kms.katalon.core.exception.StepFailedException: Unable to click on object 'Object Repository/Page_Moodle Calendar Export/div_Calendar URL httplocalhost8080moodlecal_fcc980'
	at com.kms.katalon.core.webui.keyword.internal.WebUIKeywordMain.stepFailed(WebUIKeywordMain.groovy:64)
	at com.kms.katalon.core.webui.keyword.internal.WebUIKeywordMain.runKeyword(WebUIKeywordMain.groovy:26)
	at com.kms.katalon.core.webui.keyword.builtin.ClickKeyword.click(ClickKeyword.groovy:74)
	at com.kms.katalon.core.webui.keyword.builtin.ClickKeyword.execute(ClickKeyword.groovy:40)
	at com.kms.katalon.core.keyword.internal.KeywordExecutor.executeKeywordForPlatform(KeywordExecutor.groovy:74)
	at com.kms.katalon.core.webui.keyword.WebUiBuiltInKeywords.click(WebUiBuiltInKeywords.groovy:620)
	at com.kms.katalon.core.webui.keyword.WebUiBuiltInKeywords$click$1.call(Unknown Source)
	at Student_Export Calendar URL.run(Student_Export Calendar URL:42)
	at com.kms.katalon.core.main.ScriptEngine.run(ScriptEngine.java:194)
	at com.kms.katalon.core.main.ScriptEngine.runScriptAsRawText(ScriptEngine.java:119)
	at com.kms.katalon.core.main.TestCaseExecutor.runScript(TestCaseExecutor.java:442)
	at com.kms.katalon.core.main.TestCaseExecutor.doExecute(TestCaseExecutor.java:433)
	at com.kms.katalon.core.main.TestCaseExecutor.processExecutionPhase(TestCaseExecutor.java:412)
	at com.kms.katalon.core.main.TestCaseExecutor.accessMainPhase(TestCaseExecutor.java:404)
	at com.kms.katalon.core.main.TestCaseExecutor.execute(TestCaseExecutor.java:281)
	at com.kms.katalon.core.main.TestCaseExecutor.execute(TestCaseExecutor.java:363)
	at com.kms.katalon.core.main.TestSuiteExecutor.accessTestCaseMainPhase(TestSuiteExecutor.java:202)
	at com.kms.katalon.core.main.TestSuiteExecutor.accessTestSuiteMainPhase(TestSuiteExecutor.java:164)
	at com.kms.katalon.core.main.TestSuiteExecutor.execute(TestSuiteExecutor.java:105)
	at com.kms.katalon.core.main.TestCaseMain.startTestSuite(TestCaseMain.java:181)
	at com.kms.katalon.core.main.TestCaseMain$startTestSuite$0.call(Unknown Source)
	at TempTestSuite1641993035978.run(TempTestSuite1641993035978.groovy:36)
Caused by: com.kms.katalon.core.webui.exception.WebElementNotFoundException: Web element with id: 'Object Repository/Page_Moodle Calendar Export/div_Calendar URL httplocalhost8080moodlecal_fcc980' located by '//section[@id='region-main']/div/div/div' not found
	at com.kms.katalon.core.webui.common.WebUiCommonHelper.findWebElement(WebUiCommonHelper.java:1368)
	at com.kms.katalon.core.webui.keyword.internal.WebUIAbstractKeyword.findWebElement(WebUIAbstractKeyword.groovy:27)
	at com.kms.katalon.core.webui.keyword.builtin.ClickKeyword$_click_closure1.doCall(ClickKeyword.groovy:65)
	at com.kms.katalon.core.webui.keyword.builtin.ClickKeyword$_click_closure1.call(ClickKeyword.groovy)
	at com.kms.katalon.core.webui.keyword.internal.WebUIKeywordMain.runKeyword(WebUIKeywordMain.groovy:20)
	at com.kms.katalon.core.webui.keyword.builtin.ClickKeyword.click(ClickKeyword.groovy:74)
	at com.kms.katalon.core.webui.keyword.builtin.ClickKeyword.execute(ClickKeyword.groovy:40)
	at com.kms.katalon.core.keyword.internal.KeywordExecutor.executeKeywordForPlatform(KeywordExecutor.groovy:74)
	at com.kms.katalon.core.webui.keyword.WebUiBuiltInKeywords.click(WebUiBuiltInKeywords.groovy:620)
	at com.kms.katalon.core.webui.keyword.WebUiBuiltInKeywords$click$1.call(Unknown Source)
	at Script1641651538675.run(Script1641651538675.groovy:42)
	... 14 more
)
[[ATTACHMENT|C:\\Users\\Admin\\Desktop\\Katalon_TestProject\\TestAutomation_Katalon-Test-Project\\Reports\\20220112_201035\\Run all test cases\\20220112_201035\\1641993290440.png]]]]></system-out>
         <system-err><![CDATA[2022-01-12 20:14:05 - [TEST_CASE][FAILED] - Test Cases/Student/Student_Calendar/Student_Export Calendar URL: Test Cases/Student/Student_Calendar/Student_Export Calendar URL FAILED.
Reason:
com.kms.katalon.core.exception.StepFailedException: Unable to click on object 'Object Repository/Page_Moodle Calendar Export/div_Calendar URL httplocalhost8080moodlecal_fcc980'
	at com.kms.katalon.core.webui.keyword.internal.WebUIKeywordMain.stepFailed(WebUIKeywordMain.groovy:64)
	at com.kms.katalon.core.webui.keyword.internal.WebUIKeywordMain.runKeyword(WebUIKeywordMain.groovy:26)
	at com.kms.katalon.core.webui.keyword.builtin.ClickKeyword.click(ClickKeyword.groovy:74)
	at com.kms.katalon.core.webui.keyword.builtin.ClickKeyword.execute(ClickKeyword.groovy:40)
	at com.kms.katalon.core.keyword.internal.KeywordExecutor.executeKeywordForPlatform(KeywordExecutor.groovy:74)
	at com.kms.katalon.core.webui.keyword.WebUiBuiltInKeywords.click(WebUiBuiltInKeywords.groovy:620)
	at com.kms.katalon.core.webui.keyword.WebUiBuiltInKeywords$click$1.call(Unknown Source)
	at Student_Export Calendar URL.run(Student_Export Calendar URL:42)
	at com.kms.katalon.core.main.ScriptEngine.run(ScriptEngine.java:194)
	at com.kms.katalon.core.main.ScriptEngine.runScriptAsRawText(ScriptEngine.java:119)
	at com.kms.katalon.core.main.TestCaseExecutor.runScript(TestCaseExecutor.java:442)
	at com.kms.katalon.core.main.TestCaseExecutor.doExecute(TestCaseExecutor.java:433)
	at com.kms.katalon.core.main.TestCaseExecutor.processExecutionPhase(TestCaseExecutor.java:412)
	at com.kms.katalon.core.main.TestCaseExecutor.accessMainPhase(TestCaseExecutor.java:404)
	at com.kms.katalon.core.main.TestCaseExecutor.execute(TestCaseExecutor.java:281)
	at com.kms.katalon.core.main.TestCaseExecutor.execute(TestCaseExecutor.java:363)
	at com.kms.katalon.core.main.TestSuiteExecutor.accessTestCaseMainPhase(TestSuiteExecutor.java:202)
	at com.kms.katalon.core.main.TestSuiteExecutor.accessTestSuiteMainPhase(TestSuiteExecutor.java:164)
	at com.kms.katalon.core.main.TestSuiteExecutor.execute(TestSuiteExecutor.java:105)
	at com.kms.katalon.core.main.TestCaseMain.startTestSuite(TestCaseMain.java:181)
	at com.kms.katalon.core.main.TestCaseMain$startTestSuite$0.call(Unknown Source)
	at TempTestSuite1641993035978.run(TempTestSuite1641993035978.groovy:36)
Caused by: com.kms.katalon.core.webui.exception.WebElementNotFoundException: Web element with id: 'Object Repository/Page_Moodle Calendar Export/div_Calendar URL httplocalhost8080moodlecal_fcc980' located by '//section[@id='region-main']/div/div/div' not found
	at com.kms.katalon.core.webui.common.WebUiCommonHelper.findWebElement(WebUiCommonHelper.java:1368)
	at com.kms.katalon.core.webui.keyword.internal.WebUIAbstractKeyword.findWebElement(WebUIAbstractKeyword.groovy:27)
	at com.kms.katalon.core.webui.keyword.builtin.ClickKeyword$_click_closure1.doCall(ClickKeyword.groovy:65)
	at com.kms.katalon.core.webui.keyword.builtin.ClickKeyword$_click_closure1.call(ClickKeyword.groovy)
	at com.kms.katalon.core.webui.keyword.internal.WebUIKeywordMain.runKeyword(WebUIKeywordMain.groovy:20)
	... 20 more]]></system-err>
      </testcase>
      <testcase name="Test Cases/Student/Student_Choice/Student_Multitple Choice" time="14.49" classname="Test Cases/Student/Student_Choice/Student_Multitple Choice" status="PASSED">
         <system-out><![CDATA[2022-01-12 20:14:50 - [TEST_CASE][PASSED] - Test Cases/Student/Student_Choice/Student_Multitple Choice: Test Cases/Student/Student_Choice/Student_Multitple Choice

2022-01-12 20:14:50 - [TEST_STEP][PASSED] - openBrowser(""): Browser is opened with url: ''

2022-01-12 20:14:50 - [MESSAGE][WARNING] - A browser is already opened. Closing browser and opening a new one

2022-01-12 20:14:51 - [MESSAGE][INFO] - Starting 'Chrome' driver

2022-01-12 20:14:51 - [MESSAGE][INFO] - User set preference: ['args', '[window-size=1300,900]']

2022-01-12 20:14:51 - [MESSAGE][INFO] - Action delay is set to 0 milliseconds

2022-01-12 20:14:52 - [MESSAGE][PASSED] - Browser is opened with url: ''

2022-01-12 20:14:52 - [TEST_STEP][PASSED] - navigateToUrl("http://localhost:8080/moodle/"): Navigate to 'http://localhost:8080/moodle/' successfully

2022-01-12 20:14:53 - [MESSAGE][PASSED] - Navigate to 'http://localhost:8080/moodle/' successfully

2022-01-12 20:14:53 - [TEST_STEP][PASSED] - click(findTestObject("Object Repository/Page_BCS Moodle/a_Log in")): Object: 'Object Repository/Page_BCS Moodle/a_Log in' is clicked on

2022-01-12 20:14:54 - [MESSAGE][PASSED] - Object: 'Object Repository/Page_BCS Moodle/a_Log in' is clicked on

2022-01-12 20:14:54 - [TEST_STEP][PASSED] - setText(findTestObject("Object Repository/Page_BCS Moodle Log in to the site/input_Username_username"), "hoangvu"): Text 'hoangvu' is set on object 'Object Repository/Page_BCS Moodle Log in to the site/input_Username_username'

2022-01-12 20:14:55 - [MESSAGE][PASSED] - Text 'hoangvu' is set on object 'Object Repository/Page_BCS Moodle Log in to the site/input_Username_username'

2022-01-12 20:14:55 - [TEST_STEP][PASSED] - setEncryptedText(findTestObject("Object Repository/Page_BCS Moodle Log in to the site/input_Password_password"), "p4y+y39Ir5PR9RXlOHjWlj+CAJiYdX4g"): Text ****** has been set on object 'Object Repository/Page_BCS Moodle Log in to the site/input_Password_password'

2022-01-12 20:14:55 - [MESSAGE][PASSED] - Text ****** has been set on object 'Object Repository/Page_BCS Moodle Log in to the site/input_Password_password'

2022-01-12 20:14:55 - [TEST_STEP][PASSED] - click(findTestObject("Object Repository/Page_BCS Moodle Log in to the site/button_Log in")): Object: 'Object Repository/Page_BCS Moodle Log in to the site/button_Log in' is clicked on

2022-01-12 20:14:57 - [MESSAGE][PASSED] - Object: 'Object Repository/Page_BCS Moodle Log in to the site/button_Log in' is clicked on

2022-01-12 20:14:57 - [TEST_STEP][PASSED] - click(findTestObject("Object Repository/Page_Dashboard/span_OOP")): Object: 'Object Repository/Page_Dashboard/span_OOP' is clicked on

2022-01-12 20:14:59 - [MESSAGE][PASSED] - Object: 'Object Repository/Page_Dashboard/span_OOP' is clicked on

2022-01-12 20:14:59 - [TEST_STEP][PASSED] - click(findTestObject("Object Repository/Page_Course Lp trnh hng i tng 19CTT3/span_Chn ngy thi Choice")): Object: 'Object Repository/Page_Course Lp trnh hng i tng 19CTT3/span_Chn ngy thi Choice' is clicked on

2022-01-12 20:15:01 - [MESSAGE][PASSED] - Object: 'Object Repository/Page_Course Lp trnh hng i tng 19CTT3/span_Chn ngy thi Choice' is clicked on

2022-01-12 20:15:01 - [TEST_STEP][PASSED] - click(findTestObject("Object Repository/Page_Chn ngy thi/input__answer")): Object: 'Object Repository/Page_Chn ngy thi/input__answer' is clicked on

2022-01-12 20:15:01 - [MESSAGE][PASSED] - Object: 'Object Repository/Page_Chn ngy thi/input__answer' is clicked on

2022-01-12 20:15:01 - [TEST_STEP][PASSED] - click(findTestObject("Object Repository/Page_Chn ngy thi/input__answer_1")): Object: 'Object Repository/Page_Chn ngy thi/input__answer_1' is clicked on

2022-01-12 20:15:02 - [MESSAGE][PASSED] - Object: 'Object Repository/Page_Chn ngy thi/input__answer_1' is clicked on

2022-01-12 20:15:02 - [TEST_STEP][PASSED] - click(findTestObject("Object Repository/Page_Chn ngy thi/input__btn btn-primary")): Object: 'Object Repository/Page_Chn ngy thi/input__btn btn-primary' is clicked on

2022-01-12 20:15:03 - [MESSAGE][PASSED] - Object: 'Object Repository/Page_Chn ngy thi/input__btn btn-primary' is clicked on

2022-01-12 20:15:03 - [TEST_STEP][PASSED] - verifyElementText(findTestObject("Object Repository/Page_Chn ngy thi/div_Your selection 211 241"), "Your selection: 21/1; 24/1"): Actual text and expected text of test object 'Object Repository/Page_Chn ngy thi/div_Your selection 211 241' are matched.

2022-01-12 20:15:04 - [MESSAGE][PASSED] - Actual text and expected text of test object 'Object Repository/Page_Chn ngy thi/div_Your selection 211 241' are matched.

2022-01-12 20:15:04 - [TEST_STEP][PASSED] - closeBrowser(): Browser is closed

2022-01-12 20:15:05 - [MESSAGE][PASSED] - Browser is closed]]></system-out>
         <system-err><![CDATA[]]></system-err>
      </testcase>
      <testcase name="Test Cases/Student/Student_Choice/Student_Single Choice" time="14.108" classname="Test Cases/Student/Student_Choice/Student_Single Choice" status="PASSED">
         <system-out><![CDATA[2022-01-12 20:15:05 - [TEST_CASE][PASSED] - Test Cases/Student/Student_Choice/Student_Single Choice: Test Cases/Student/Student_Choice/Student_Single Choice

2022-01-12 20:15:05 - [TEST_STEP][PASSED] - openBrowser(""): Browser is opened with url: ''

2022-01-12 20:15:05 - [MESSAGE][INFO] - Starting 'Chrome' driver

2022-01-12 20:15:05 - [MESSAGE][INFO] - User set preference: ['args', '[window-size=1300,900]']

2022-01-12 20:15:05 - [MESSAGE][INFO] - Action delay is set to 0 milliseconds

2022-01-12 20:15:06 - [MESSAGE][PASSED] - Browser is opened with url: ''

2022-01-12 20:15:06 - [TEST_STEP][PASSED] - navigateToUrl("http://localhost:8080/moodle/"): Navigate to 'http://localhost:8080/moodle/' successfully

2022-01-12 20:15:07 - [MESSAGE][PASSED] - Navigate to 'http://localhost:8080/moodle/' successfully

2022-01-12 20:15:07 - [TEST_STEP][PASSED] - click(findTestObject("Object Repository/Page_BCS Moodle/a_Log in")): Object: 'Object Repository/Page_BCS Moodle/a_Log in' is clicked on

2022-01-12 20:15:08 - [MESSAGE][PASSED] - Object: 'Object Repository/Page_BCS Moodle/a_Log in' is clicked on

2022-01-12 20:15:08 - [TEST_STEP][PASSED] - click(findTestObject("Object Repository/Page_BCS Moodle Log in to the site/form_document.getElementById(anchor).value _70e5d4")): Object: 'Object Repository/Page_BCS Moodle Log in to the site/form_document.getElementById(anchor).value _70e5d4' is clicked on

2022-01-12 20:15:08 - [MESSAGE][PASSED] - Object: 'Object Repository/Page_BCS Moodle Log in to the site/form_document.getElementById(anchor).value _70e5d4' is clicked on

2022-01-12 20:15:08 - [TEST_STEP][PASSED] - setText(findTestObject("Object Repository/Page_BCS Moodle Log in to the site/input_Username_username"), "hoangvu"): Text 'hoangvu' is set on object 'Object Repository/Page_BCS Moodle Log in to the site/input_Username_username'

2022-01-12 20:15:09 - [MESSAGE][PASSED] - Text 'hoangvu' is set on object 'Object Repository/Page_BCS Moodle Log in to the site/input_Username_username'

2022-01-12 20:15:09 - [TEST_STEP][PASSED] - setEncryptedText(findTestObject("Object Repository/Page_BCS Moodle Log in to the site/input_Password_password"), "p4y+y39Ir5PR9RXlOHjWlj+CAJiYdX4g"): Text ****** has been set on object 'Object Repository/Page_BCS Moodle Log in to the site/input_Password_password'

2022-01-12 20:15:10 - [MESSAGE][PASSED] - Text ****** has been set on object 'Object Repository/Page_BCS Moodle Log in to the site/input_Password_password'

2022-01-12 20:15:10 - [TEST_STEP][PASSED] - click(findTestObject("Object Repository/Page_BCS Moodle Log in to the site/button_Log in")): Object: 'Object Repository/Page_BCS Moodle Log in to the site/button_Log in' is clicked on

2022-01-12 20:15:11 - [MESSAGE][PASSED] - Object: 'Object Repository/Page_BCS Moodle Log in to the site/button_Log in' is clicked on

2022-01-12 20:15:11 - [TEST_STEP][PASSED] - click(findTestObject("Object Repository/Page_Dashboard/span_OOP")): Object: 'Object Repository/Page_Dashboard/span_OOP' is clicked on

2022-01-12 20:15:14 - [MESSAGE][PASSED] - Object: 'Object Repository/Page_Dashboard/span_OOP' is clicked on

2022-01-12 20:15:14 - [TEST_STEP][PASSED] - click(findTestObject("Object Repository/Page_Course Lp trnh hng i tng 19CTT3/span_Chn 1 bui hc b Choice")): Object: 'Object Repository/Page_Course Lp trnh hng i tng 19CTT3/span_Chn 1 bui hc b Choice' is clicked on

2022-01-12 20:15:15 - [MESSAGE][PASSED] - Object: 'Object Repository/Page_Course Lp trnh hng i tng 19CTT3/span_Chn 1 bui hc b Choice' is clicked on

2022-01-12 20:15:15 - [TEST_STEP][PASSED] - click(findTestObject("Object Repository/Page_Chn 1 bui hc b/input__answer (1)")): Object: 'Object Repository/Page_Chn 1 bui hc b/input__answer (1)' is clicked on

2022-01-12 20:15:16 - [MESSAGE][PASSED] - Object: 'Object Repository/Page_Chn 1 bui hc b/input__answer (1)' is clicked on

2022-01-12 20:15:16 - [TEST_STEP][PASSED] - click(findTestObject("Object Repository/Page_Chn 1 bui hc b/input__btn btn-primary (1)")): Object: 'Object Repository/Page_Chn 1 bui hc b/input__btn btn-primary (1)' is clicked on

2022-01-12 20:15:17 - [MESSAGE][PASSED] - Object: 'Object Repository/Page_Chn 1 bui hc b/input__btn btn-primary (1)' is clicked on

2022-01-12 20:15:17 - [TEST_STEP][PASSED] - verifyElementText(findTestObject("Object Repository/Page_Chn 1 bui hc b/div_Your selection 141"), "Your selection: 14/1"): Actual text and expected text of test object 'Object Repository/Page_Chn 1 bui hc b/div_Your selection 141' are matched.

2022-01-12 20:15:18 - [MESSAGE][PASSED] - Actual text and expected text of test object 'Object Repository/Page_Chn 1 bui hc b/div_Your selection 141' are matched.

2022-01-12 20:15:18 - [TEST_STEP][PASSED] - closeBrowser(): Browser is closed

2022-01-12 20:15:19 - [MESSAGE][PASSED] - Browser is closed]]></system-out>
         <system-err><![CDATA[]]></system-err>
      </testcase>
      <testcase name="Test Cases/Student/Student_Click Url/Student_ Click link url raw" time="42.332" classname="Test Cases/Student/Student_Click Url/Student_ Click link url raw" status="FAILED">
         <failure type="FAILED" message="Test Cases/Student/Student_Click Url/Student_ Click link url raw FAILED.
Reason:
com.kms.katalon.core.exception.StepFailedException: Unable to click on object 'Object Repository/Page_OOP Link Zoom mn hc/a_httpsfithcmus.zoom.usj97609347249pwdb3NsN_96082d'
	at com.kms.katalon.core.webui.keyword.internal.WebUIKeywordMain.stepFailed(WebUIKeywordMain.groovy:64)
	at com.kms.katalon.core.webui.keyword.internal.WebUIKeywordMain.runKeyword(WebUIKeywordMain.groovy:26)
	at com.kms.katalon.core.webui.keyword.builtin.ClickKeyword.click(ClickKeyword.groovy:74)
	at com.kms.katalon.core.webui.keyword.builtin.ClickKeyword.execute(ClickKeyword.groovy:40)
	at com.kms.katalon.core.keyword.internal.KeywordExecutor.executeKeywordForPlatform(KeywordExecutor.groovy:74)
	at com.kms.katalon.core.webui.keyword.WebUiBuiltInKeywords.click(WebUiBuiltInKeywords.groovy:620)
	at com.kms.katalon.core.webui.keyword.WebUiBuiltInKeywords$click$1.call(Unknown Source)
	at Student_ Click link url raw.run(Student_ Click link url raw:40)
	at com.kms.katalon.core.main.ScriptEngine.run(ScriptEngine.java:194)
	at com.kms.katalon.core.main.ScriptEngine.runScriptAsRawText(ScriptEngine.java:119)
	at com.kms.katalon.core.main.TestCaseExecutor.runScript(TestCaseExecutor.java:442)
	at com.kms.katalon.core.main.TestCaseExecutor.doExecute(TestCaseExecutor.java:433)
	at com.kms.katalon.core.main.TestCaseExecutor.processExecutionPhase(TestCaseExecutor.java:412)
	at com.kms.katalon.core.main.TestCaseExecutor.accessMainPhase(TestCaseExecutor.java:404)
	at com.kms.katalon.core.main.TestCaseExecutor.execute(TestCaseExecutor.java:281)
	at com.kms.katalon.core.main.TestCaseExecutor.execute(TestCaseExecutor.java:363)
	at com.kms.katalon.core.main.TestSuiteExecutor.accessTestCaseMainPhase(TestSuiteExecutor.java:202)
	at com.kms.katalon.core.main.TestSuiteExecutor.accessTestSuiteMainPhase(TestSuiteExecutor.java:164)
	at com.kms.katalon.core.main.TestSuiteExecutor.execute(TestSuiteExecutor.java:105)
	at com.kms.katalon.core.main.TestCaseMain.startTestSuite(TestCaseMain.java:181)
	at com.kms.katalon.core.main.TestCaseMain$startTestSuite$0.call(Unknown Source)
	at TempTestSuite1641993035978.run(TempTestSuite1641993035978.groovy:36)
Caused by: com.kms.katalon.core.webui.exception.WebElementNotFoundException: Web element with id: 'Object Repository/Page_OOP Link Zoom mn hc/a_httpsfithcmus.zoom.usj97609347249pwdb3NsN_96082d' located by '//section[@id='region-main']/div/div[2]/a' not found
	at com.kms.katalon.core.webui.common.WebUiCommonHelper.findWebElement(WebUiCommonHelper.java:1368)
	at com.kms.katalon.core.webui.keyword.internal.WebUIAbstractKeyword.findWebElement(WebUIAbstractKeyword.groovy:27)
	at com.kms.katalon.core.webui.keyword.builtin.ClickKeyword$_click_closure1.doCall(ClickKeyword.groovy:65)
	at com.kms.katalon.core.webui.keyword.builtin.ClickKeyword$_click_closure1.call(ClickKeyword.groovy)
	at com.kms.katalon.core.webui.keyword.internal.WebUIKeywordMain.runKeyword(WebUIKeywordMain.groovy:20)
	... 20 more
"/>
         <system-out><![CDATA[2022-01-12 20:16:01 - [TEST_CASE][FAILED] - Test Cases/Student/Student_Click Url/Student_ Click link url raw: Test Cases/Student/Student_Click Url/Student_ Click link url raw FAILED.
Reason:
com.kms.katalon.core.exception.StepFailedException: Unable to click on object 'Object Repository/Page_OOP Link Zoom mn hc/a_httpsfithcmus.zoom.usj97609347249pwdb3NsN_96082d'
	at com.kms.katalon.core.webui.keyword.internal.WebUIKeywordMain.stepFailed(WebUIKeywordMain.groovy:64)
	at com.kms.katalon.core.webui.keyword.internal.WebUIKeywordMain.runKeyword(WebUIKeywordMain.groovy:26)
	at com.kms.katalon.core.webui.keyword.builtin.ClickKeyword.click(ClickKeyword.groovy:74)
	at com.kms.katalon.core.webui.keyword.builtin.ClickKeyword.execute(ClickKeyword.groovy:40)
	at com.kms.katalon.core.keyword.internal.KeywordExecutor.executeKeywordForPlatform(KeywordExecutor.groovy:74)
	at com.kms.katalon.core.webui.keyword.WebUiBuiltInKeywords.click(WebUiBuiltInKeywords.groovy:620)
	at com.kms.katalon.core.webui.keyword.WebUiBuiltInKeywords$click$1.call(Unknown Source)
	at Student_ Click link url raw.run(Student_ Click link url raw:40)
	at com.kms.katalon.core.main.ScriptEngine.run(ScriptEngine.java:194)
	at com.kms.katalon.core.main.ScriptEngine.runScriptAsRawText(ScriptEngine.java:119)
	at com.kms.katalon.core.main.TestCaseExecutor.runScript(TestCaseExecutor.java:442)
	at com.kms.katalon.core.main.TestCaseExecutor.doExecute(TestCaseExecutor.java:433)
	at com.kms.katalon.core.main.TestCaseExecutor.processExecutionPhase(TestCaseExecutor.java:412)
	at com.kms.katalon.core.main.TestCaseExecutor.accessMainPhase(TestCaseExecutor.java:404)
	at com.kms.katalon.core.main.TestCaseExecutor.execute(TestCaseExecutor.java:281)
	at com.kms.katalon.core.main.TestCaseExecutor.execute(TestCaseExecutor.java:363)
	at com.kms.katalon.core.main.TestSuiteExecutor.accessTestCaseMainPhase(TestSuiteExecutor.java:202)
	at com.kms.katalon.core.main.TestSuiteExecutor.accessTestSuiteMainPhase(TestSuiteExecutor.java:164)
	at com.kms.katalon.core.main.TestSuiteExecutor.execute(TestSuiteExecutor.java:105)
	at com.kms.katalon.core.main.TestCaseMain.startTestSuite(TestCaseMain.java:181)
	at com.kms.katalon.core.main.TestCaseMain$startTestSuite$0.call(Unknown Source)
	at TempTestSuite1641993035978.run(TempTestSuite1641993035978.groovy:36)
Caused by: com.kms.katalon.core.webui.exception.WebElementNotFoundException: Web element with id: 'Object Repository/Page_OOP Link Zoom mn hc/a_httpsfithcmus.zoom.usj97609347249pwdb3NsN_96082d' located by '//section[@id='region-main']/div/div[2]/a' not found
	at com.kms.katalon.core.webui.common.WebUiCommonHelper.findWebElement(WebUiCommonHelper.java:1368)
	at com.kms.katalon.core.webui.keyword.internal.WebUIAbstractKeyword.findWebElement(WebUIAbstractKeyword.groovy:27)
	at com.kms.katalon.core.webui.keyword.builtin.ClickKeyword$_click_closure1.doCall(ClickKeyword.groovy:65)
	at com.kms.katalon.core.webui.keyword.builtin.ClickKeyword$_click_closure1.call(ClickKeyword.groovy)
	at com.kms.katalon.core.webui.keyword.internal.WebUIKeywordMain.runKeyword(WebUIKeywordMain.groovy:20)
	... 20 more


2022-01-12 20:16:01 - [TEST_STEP][PASSED] - openBrowser(""): Browser is opened with url: ''

2022-01-12 20:16:01 - [MESSAGE][WARNING] - A browser is already opened. Closing browser and opening a new one

2022-01-12 20:16:01 - [MESSAGE][INFO] - Starting 'Chrome' driver

2022-01-12 20:16:01 - [MESSAGE][INFO] - User set preference: ['args', '[window-size=1300,900]']

2022-01-12 20:16:01 - [MESSAGE][INFO] - Action delay is set to 0 milliseconds

2022-01-12 20:16:03 - [MESSAGE][PASSED] - Browser is opened with url: ''

2022-01-12 20:16:03 - [TEST_STEP][PASSED] - navigateToUrl("http://localhost:8080/moodle/"): Navigate to 'http://localhost:8080/moodle/' successfully

2022-01-12 20:16:03 - [MESSAGE][PASSED] - Navigate to 'http://localhost:8080/moodle/' successfully

2022-01-12 20:16:03 - [TEST_STEP][PASSED] - click(findTestObject("Object Repository/Page_BCS Moodle/a_Log in")): Object: 'Object Repository/Page_BCS Moodle/a_Log in' is clicked on

2022-01-12 20:16:04 - [MESSAGE][PASSED] - Object: 'Object Repository/Page_BCS Moodle/a_Log in' is clicked on

2022-01-12 20:16:04 - [TEST_STEP][PASSED] - click(findTestObject("Object Repository/Page_BCS Moodle Log in to the site/form_document.getElementById(anchor).value _70e5d4")): Object: 'Object Repository/Page_BCS Moodle Log in to the site/form_document.getElementById(anchor).value _70e5d4' is clicked on

2022-01-12 20:16:05 - [MESSAGE][PASSED] - Object: 'Object Repository/Page_BCS Moodle Log in to the site/form_document.getElementById(anchor).value _70e5d4' is clicked on

2022-01-12 20:16:05 - [TEST_STEP][PASSED] - setText(findTestObject("Object Repository/Page_BCS Moodle Log in to the site/input_Username_username"), "hoangvu"): Text 'hoangvu' is set on object 'Object Repository/Page_BCS Moodle Log in to the site/input_Username_username'

2022-01-12 20:16:06 - [MESSAGE][PASSED] - Text 'hoangvu' is set on object 'Object Repository/Page_BCS Moodle Log in to the site/input_Username_username'

2022-01-12 20:16:06 - [TEST_STEP][PASSED] - setEncryptedText(findTestObject("Object Repository/Page_BCS Moodle Log in to the site/input_Password_password"), "p4y+y39Ir5PR9RXlOHjWlj+CAJiYdX4g"): Text ****** has been set on object 'Object Repository/Page_BCS Moodle Log in to the site/input_Password_password'

2022-01-12 20:16:06 - [MESSAGE][PASSED] - Text ****** has been set on object 'Object Repository/Page_BCS Moodle Log in to the site/input_Password_password'

2022-01-12 20:16:06 - [TEST_STEP][PASSED] - click(findTestObject("Object Repository/Page_BCS Moodle Log in to the site/button_Log in")): Object: 'Object Repository/Page_BCS Moodle Log in to the site/button_Log in' is clicked on

2022-01-12 20:16:07 - [MESSAGE][PASSED] - Object: 'Object Repository/Page_BCS Moodle Log in to the site/button_Log in' is clicked on

2022-01-12 20:16:07 - [TEST_STEP][PASSED] - click(findTestObject("Object Repository/Page_Dashboard/span_OOP")): Object: 'Object Repository/Page_Dashboard/span_OOP' is clicked on

2022-01-12 20:16:10 - [MESSAGE][PASSED] - Object: 'Object Repository/Page_Dashboard/span_OOP' is clicked on

2022-01-12 20:16:10 - [TEST_STEP][PASSED] - click(findTestObject("Object Repository/Page_Course Lp trnh hng i tng 19CTT3/span_Link Zoom mn hc URL")): Object: 'Object Repository/Page_Course Lp trnh hng i tng 19CTT3/span_Link Zoom mn hc URL' is clicked on

2022-01-12 20:16:11 - [MESSAGE][PASSED] - Object: 'Object Repository/Page_Course Lp trnh hng i tng 19CTT3/span_Link Zoom mn hc URL' is clicked on

2022-01-12 20:16:11 - [TEST_STEP][PASSED] - navigateToUrl("http://localhost:8080/moodle/mod/url/view.php?id=14"): Navigate to 'http://localhost:8080/moodle/mod/url/view.php?id=14' successfully

2022-01-12 20:16:12 - [MESSAGE][PASSED] - Navigate to 'http://localhost:8080/moodle/mod/url/view.php?id=14' successfully

2022-01-12 20:16:12 - [TEST_STEP][FAILED] - click(findTestObject("Object Repository/Page_OOP Link Zoom mn hc/a_httpsfithcmus.zoom.usj97609347249pwdb3NsN_96082d")): Unable to click on object 'Object Repository/Page_OOP Link Zoom mn hc/a_httpsfithcmus.zoom.usj97609347249pwdb3NsN_96082d' (Root cause: com.kms.katalon.core.exception.StepFailedException: Unable to click on object 'Object Repository/Page_OOP Link Zoom mn hc/a_httpsfithcmus.zoom.usj97609347249pwdb3NsN_96082d'
	at com.kms.katalon.core.webui.keyword.internal.WebUIKeywordMain.stepFailed(WebUIKeywordMain.groovy:64)
	at com.kms.katalon.core.webui.keyword.internal.WebUIKeywordMain.runKeyword(WebUIKeywordMain.groovy:26)
	at com.kms.katalon.core.webui.keyword.builtin.ClickKeyword.click(ClickKeyword.groovy:74)
	at com.kms.katalon.core.webui.keyword.builtin.ClickKeyword.execute(ClickKeyword.groovy:40)
	at com.kms.katalon.core.keyword.internal.KeywordExecutor.executeKeywordForPlatform(KeywordExecutor.groovy:74)
	at com.kms.katalon.core.webui.keyword.WebUiBuiltInKeywords.click(WebUiBuiltInKeywords.groovy:620)
	at com.kms.katalon.core.webui.keyword.WebUiBuiltInKeywords$click$1.call(Unknown Source)
	at Student_ Click link url raw.run(Student_ Click link url raw:40)
	at com.kms.katalon.core.main.ScriptEngine.run(ScriptEngine.java:194)
	at com.kms.katalon.core.main.ScriptEngine.runScriptAsRawText(ScriptEngine.java:119)
	at com.kms.katalon.core.main.TestCaseExecutor.runScript(TestCaseExecutor.java:442)
	at com.kms.katalon.core.main.TestCaseExecutor.doExecute(TestCaseExecutor.java:433)
	at com.kms.katalon.core.main.TestCaseExecutor.processExecutionPhase(TestCaseExecutor.java:412)
	at com.kms.katalon.core.main.TestCaseExecutor.accessMainPhase(TestCaseExecutor.java:404)
	at com.kms.katalon.core.main.TestCaseExecutor.execute(TestCaseExecutor.java:281)
	at com.kms.katalon.core.main.TestCaseExecutor.execute(TestCaseExecutor.java:363)
	at com.kms.katalon.core.main.TestSuiteExecutor.accessTestCaseMainPhase(TestSuiteExecutor.java:202)
	at com.kms.katalon.core.main.TestSuiteExecutor.accessTestSuiteMainPhase(TestSuiteExecutor.java:164)
	at com.kms.katalon.core.main.TestSuiteExecutor.execute(TestSuiteExecutor.java:105)
	at com.kms.katalon.core.main.TestCaseMain.startTestSuite(TestCaseMain.java:181)
	at com.kms.katalon.core.main.TestCaseMain$startTestSuite$0.call(Unknown Source)
	at TempTestSuite1641993035978.run(TempTestSuite1641993035978.groovy:36)
Caused by: com.kms.katalon.core.webui.exception.WebElementNotFoundException: Web element with id: 'Object Repository/Page_OOP Link Zoom mn hc/a_httpsfithcmus.zoom.usj97609347249pwdb3NsN_96082d' located by '//section[@id='region-main']/div/div[2]/a' not found
	at com.kms.katalon.core.webui.common.WebUiCommonHelper.findWebElement(WebUiCommonHelper.java:1368)
	at com.kms.katalon.core.webui.keyword.internal.WebUIAbstractKeyword.findWebElement(WebUIAbstractKeyword.groovy:27)
	at com.kms.katalon.core.webui.keyword.builtin.ClickKeyword$_click_closure1.doCall(ClickKeyword.groovy:65)
	at com.kms.katalon.core.webui.keyword.builtin.ClickKeyword$_click_closure1.call(ClickKeyword.groovy)
	at com.kms.katalon.core.webui.keyword.internal.WebUIKeywordMain.runKeyword(WebUIKeywordMain.groovy:20)
	at com.kms.katalon.core.webui.keyword.builtin.ClickKeyword.click(ClickKeyword.groovy:74)
	at com.kms.katalon.core.webui.keyword.builtin.ClickKeyword.execute(ClickKeyword.groovy:40)
	at com.kms.katalon.core.keyword.internal.KeywordExecutor.executeKeywordForPlatform(KeywordExecutor.groovy:74)
	at com.kms.katalon.core.webui.keyword.WebUiBuiltInKeywords.click(WebUiBuiltInKeywords.groovy:620)
	at com.kms.katalon.core.webui.keyword.WebUiBuiltInKeywords$click$1.call(Unknown Source)
	at Script1641721903723.run(Script1641721903723.groovy:40)
	... 14 more
)

2022-01-12 20:16:43 - [MESSAGE][INFO] - Unable to find the element located by 'By.xpath: //section[@id='region-main']/div/div[2]/a'. Please recheck the objects properties to make sure the desired element is located. 

2022-01-12 20:16:43 - [MESSAGE][FAILED] - Unable to click on object 'Object Repository/Page_OOP Link Zoom mn hc/a_httpsfithcmus.zoom.usj97609347249pwdb3NsN_96082d' (Root cause: com.kms.katalon.core.exception.StepFailedException: Unable to click on object 'Object Repository/Page_OOP Link Zoom mn hc/a_httpsfithcmus.zoom.usj97609347249pwdb3NsN_96082d'
	at com.kms.katalon.core.webui.keyword.internal.WebUIKeywordMain.stepFailed(WebUIKeywordMain.groovy:64)
	at com.kms.katalon.core.webui.keyword.internal.WebUIKeywordMain.runKeyword(WebUIKeywordMain.groovy:26)
	at com.kms.katalon.core.webui.keyword.builtin.ClickKeyword.click(ClickKeyword.groovy:74)
	at com.kms.katalon.core.webui.keyword.builtin.ClickKeyword.execute(ClickKeyword.groovy:40)
	at com.kms.katalon.core.keyword.internal.KeywordExecutor.executeKeywordForPlatform(KeywordExecutor.groovy:74)
	at com.kms.katalon.core.webui.keyword.WebUiBuiltInKeywords.click(WebUiBuiltInKeywords.groovy:620)
	at com.kms.katalon.core.webui.keyword.WebUiBuiltInKeywords$click$1.call(Unknown Source)
	at Student_ Click link url raw.run(Student_ Click link url raw:40)
	at com.kms.katalon.core.main.ScriptEngine.run(ScriptEngine.java:194)
	at com.kms.katalon.core.main.ScriptEngine.runScriptAsRawText(ScriptEngine.java:119)
	at com.kms.katalon.core.main.TestCaseExecutor.runScript(TestCaseExecutor.java:442)
	at com.kms.katalon.core.main.TestCaseExecutor.doExecute(TestCaseExecutor.java:433)
	at com.kms.katalon.core.main.TestCaseExecutor.processExecutionPhase(TestCaseExecutor.java:412)
	at com.kms.katalon.core.main.TestCaseExecutor.accessMainPhase(TestCaseExecutor.java:404)
	at com.kms.katalon.core.main.TestCaseExecutor.execute(TestCaseExecutor.java:281)
	at com.kms.katalon.core.main.TestCaseExecutor.execute(TestCaseExecutor.java:363)
	at com.kms.katalon.core.main.TestSuiteExecutor.accessTestCaseMainPhase(TestSuiteExecutor.java:202)
	at com.kms.katalon.core.main.TestSuiteExecutor.accessTestSuiteMainPhase(TestSuiteExecutor.java:164)
	at com.kms.katalon.core.main.TestSuiteExecutor.execute(TestSuiteExecutor.java:105)
	at com.kms.katalon.core.main.TestCaseMain.startTestSuite(TestCaseMain.java:181)
	at com.kms.katalon.core.main.TestCaseMain$startTestSuite$0.call(Unknown Source)
	at TempTestSuite1641993035978.run(TempTestSuite1641993035978.groovy:36)
Caused by: com.kms.katalon.core.webui.exception.WebElementNotFoundException: Web element with id: 'Object Repository/Page_OOP Link Zoom mn hc/a_httpsfithcmus.zoom.usj97609347249pwdb3NsN_96082d' located by '//section[@id='region-main']/div/div[2]/a' not found
	at com.kms.katalon.core.webui.common.WebUiCommonHelper.findWebElement(WebUiCommonHelper.java:1368)
	at com.kms.katalon.core.webui.keyword.internal.WebUIAbstractKeyword.findWebElement(WebUIAbstractKeyword.groovy:27)
	at com.kms.katalon.core.webui.keyword.builtin.ClickKeyword$_click_closure1.doCall(ClickKeyword.groovy:65)
	at com.kms.katalon.core.webui.keyword.builtin.ClickKeyword$_click_closure1.call(ClickKeyword.groovy)
	at com.kms.katalon.core.webui.keyword.internal.WebUIKeywordMain.runKeyword(WebUIKeywordMain.groovy:20)
	at com.kms.katalon.core.webui.keyword.builtin.ClickKeyword.click(ClickKeyword.groovy:74)
	at com.kms.katalon.core.webui.keyword.builtin.ClickKeyword.execute(ClickKeyword.groovy:40)
	at com.kms.katalon.core.keyword.internal.KeywordExecutor.executeKeywordForPlatform(KeywordExecutor.groovy:74)
	at com.kms.katalon.core.webui.keyword.WebUiBuiltInKeywords.click(WebUiBuiltInKeywords.groovy:620)
	at com.kms.katalon.core.webui.keyword.WebUiBuiltInKeywords$click$1.call(Unknown Source)
	at Script1641721903723.run(Script1641721903723.groovy:40)
	... 14 more
)
[[ATTACHMENT|C:\\Users\\Admin\\Desktop\\Katalon_TestProject\\TestAutomation_Katalon-Test-Project\\Reports\\20220112_201035\\Run all test cases\\20220112_201035\\1641993403408.png]]]]></system-out>
         <system-err><![CDATA[2022-01-12 20:16:01 - [TEST_CASE][FAILED] - Test Cases/Student/Student_Click Url/Student_ Click link url raw: Test Cases/Student/Student_Click Url/Student_ Click link url raw FAILED.
Reason:
com.kms.katalon.core.exception.StepFailedException: Unable to click on object 'Object Repository/Page_OOP Link Zoom mn hc/a_httpsfithcmus.zoom.usj97609347249pwdb3NsN_96082d'
	at com.kms.katalon.core.webui.keyword.internal.WebUIKeywordMain.stepFailed(WebUIKeywordMain.groovy:64)
	at com.kms.katalon.core.webui.keyword.internal.WebUIKeywordMain.runKeyword(WebUIKeywordMain.groovy:26)
	at com.kms.katalon.core.webui.keyword.builtin.ClickKeyword.click(ClickKeyword.groovy:74)
	at com.kms.katalon.core.webui.keyword.builtin.ClickKeyword.execute(ClickKeyword.groovy:40)
	at com.kms.katalon.core.keyword.internal.KeywordExecutor.executeKeywordForPlatform(KeywordExecutor.groovy:74)
	at com.kms.katalon.core.webui.keyword.WebUiBuiltInKeywords.click(WebUiBuiltInKeywords.groovy:620)
	at com.kms.katalon.core.webui.keyword.WebUiBuiltInKeywords$click$1.call(Unknown Source)
	at Student_ Click link url raw.run(Student_ Click link url raw:40)
	at com.kms.katalon.core.main.ScriptEngine.run(ScriptEngine.java:194)
	at com.kms.katalon.core.main.ScriptEngine.runScriptAsRawText(ScriptEngine.java:119)
	at com.kms.katalon.core.main.TestCaseExecutor.runScript(TestCaseExecutor.java:442)
	at com.kms.katalon.core.main.TestCaseExecutor.doExecute(TestCaseExecutor.java:433)
	at com.kms.katalon.core.main.TestCaseExecutor.processExecutionPhase(TestCaseExecutor.java:412)
	at com.kms.katalon.core.main.TestCaseExecutor.accessMainPhase(TestCaseExecutor.java:404)
	at com.kms.katalon.core.main.TestCaseExecutor.execute(TestCaseExecutor.java:281)
	at com.kms.katalon.core.main.TestCaseExecutor.execute(TestCaseExecutor.java:363)
	at com.kms.katalon.core.main.TestSuiteExecutor.accessTestCaseMainPhase(TestSuiteExecutor.java:202)
	at com.kms.katalon.core.main.TestSuiteExecutor.accessTestSuiteMainPhase(TestSuiteExecutor.java:164)
	at com.kms.katalon.core.main.TestSuiteExecutor.execute(TestSuiteExecutor.java:105)
	at com.kms.katalon.core.main.TestCaseMain.startTestSuite(TestCaseMain.java:181)
	at com.kms.katalon.core.main.TestCaseMain$startTestSuite$0.call(Unknown Source)
	at TempTestSuite1641993035978.run(TempTestSuite1641993035978.groovy:36)
Caused by: com.kms.katalon.core.webui.exception.WebElementNotFoundException: Web element with id: 'Object Repository/Page_OOP Link Zoom mn hc/a_httpsfithcmus.zoom.usj97609347249pwdb3NsN_96082d' located by '//section[@id='region-main']/div/div[2]/a' not found
	at com.kms.katalon.core.webui.common.WebUiCommonHelper.findWebElement(WebUiCommonHelper.java:1368)
	at com.kms.katalon.core.webui.keyword.internal.WebUIAbstractKeyword.findWebElement(WebUIAbstractKeyword.groovy:27)
	at com.kms.katalon.core.webui.keyword.builtin.ClickKeyword$_click_closure1.doCall(ClickKeyword.groovy:65)
	at com.kms.katalon.core.webui.keyword.builtin.ClickKeyword$_click_closure1.call(ClickKeyword.groovy)
	at com.kms.katalon.core.webui.keyword.internal.WebUIKeywordMain.runKeyword(WebUIKeywordMain.groovy:20)
	... 20 more]]></system-err>
      </testcase>
      <testcase name="Test Cases/Student/Student_Event/Student_Create Event Success" time="16.817" classname="Test Cases/Student/Student_Event/Student_Create Event Success" status="PASSED">
         <system-out><![CDATA[2022-01-12 20:16:43 - [TEST_CASE][PASSED] - Test Cases/Student/Student_Event/Student_Create Event Success: Test Cases/Student/Student_Event/Student_Create Event Success

2022-01-12 20:16:43 - [TEST_STEP][PASSED] - openBrowser(""): Browser is opened with url: ''

2022-01-12 20:16:43 - [MESSAGE][WARNING] - A browser is already opened. Closing browser and opening a new one

2022-01-12 20:16:44 - [MESSAGE][INFO] - Starting 'Chrome' driver

2022-01-12 20:16:44 - [MESSAGE][INFO] - User set preference: ['args', '[window-size=1300,900]']

2022-01-12 20:16:44 - [MESSAGE][INFO] - Action delay is set to 0 milliseconds

2022-01-12 20:16:45 - [MESSAGE][PASSED] - Browser is opened with url: ''

2022-01-12 20:16:45 - [TEST_STEP][PASSED] - navigateToUrl("http://localhost:8080/moodle/"): Navigate to 'http://localhost:8080/moodle/' successfully

2022-01-12 20:16:46 - [MESSAGE][PASSED] - Navigate to 'http://localhost:8080/moodle/' successfully

2022-01-12 20:16:46 - [TEST_STEP][PASSED] - click(findTestObject("Object Repository/Page_BCS Moodle/a_Log in")): Object: 'Object Repository/Page_BCS Moodle/a_Log in' is clicked on

2022-01-12 20:16:47 - [MESSAGE][PASSED] - Object: 'Object Repository/Page_BCS Moodle/a_Log in' is clicked on

2022-01-12 20:16:47 - [TEST_STEP][PASSED] - setText(findTestObject("Object Repository/Page_BCS Moodle Log in to the site/input_Username_username"), "hoangvu"): Text 'hoangvu' is set on object 'Object Repository/Page_BCS Moodle Log in to the site/input_Username_username'

2022-01-12 20:16:48 - [MESSAGE][PASSED] - Text 'hoangvu' is set on object 'Object Repository/Page_BCS Moodle Log in to the site/input_Username_username'

2022-01-12 20:16:48 - [TEST_STEP][PASSED] - setEncryptedText(findTestObject("Object Repository/Page_BCS Moodle Log in to the site/input_Password_password"), "p4y+y39Ir5PR9RXlOHjWlj+CAJiYdX4g"): Text ****** has been set on object 'Object Repository/Page_BCS Moodle Log in to the site/input_Password_password'

2022-01-12 20:16:48 - [MESSAGE][PASSED] - Text ****** has been set on object 'Object Repository/Page_BCS Moodle Log in to the site/input_Password_password'

2022-01-12 20:16:48 - [TEST_STEP][PASSED] - click(findTestObject("Object Repository/Page_BCS Moodle Log in to the site/button_Log in")): Object: 'Object Repository/Page_BCS Moodle Log in to the site/button_Log in' is clicked on

2022-01-12 20:16:49 - [MESSAGE][PASSED] - Object: 'Object Repository/Page_BCS Moodle Log in to the site/button_Log in' is clicked on

2022-01-12 20:16:49 - [TEST_STEP][PASSED] - click(findTestObject("Object Repository/Page_Dashboard/span_Calendar")): Object: 'Object Repository/Page_Dashboard/span_Calendar' is clicked on

2022-01-12 20:16:52 - [MESSAGE][PASSED] - Object: 'Object Repository/Page_Dashboard/span_Calendar' is clicked on

2022-01-12 20:16:52 - [TEST_STEP][PASSED] - click(findTestObject("Object Repository/Page_Moodle Calendar Detailed month view Ja_713ca6/button_New event")): Object: 'Object Repository/Page_Moodle Calendar Detailed month view Ja_713ca6/button_New event' is clicked on

2022-01-12 20:16:54 - [MESSAGE][PASSED] - Object: 'Object Repository/Page_Moodle Calendar Detailed month view Ja_713ca6/button_New event' is clicked on

2022-01-12 20:16:54 - [TEST_STEP][PASSED] - setText(findTestObject("Object Repository/Page_Moodle Calendar Detailed month view Ja_713ca6/input_Event title_name"), "Homework 1"): Text 'Homework 1' is set on object 'Object Repository/Page_Moodle Calendar Detailed month view Ja_713ca6/input_Event title_name'

2022-01-12 20:16:57 - [MESSAGE][PASSED] - Text 'Homework 1' is set on object 'Object Repository/Page_Moodle Calendar Detailed month view Ja_713ca6/input_Event title_name'

2022-01-12 20:16:57 - [TEST_STEP][PASSED] - selectOptionByValue(findTestObject("Object Repository/Page_Moodle Calendar Detailed month view Ja_713ca6/select_1        2        3        4        _45ea30"), "9", true): All options with value '9' are selected in object 'Object Repository/Page_Moodle Calendar Detailed month view Ja_713ca6/select_1        2        3        4        _45ea30'  using regular expression

2022-01-12 20:16:59 - [MESSAGE][PASSED] - All options with value '9' are selected in object 'Object Repository/Page_Moodle Calendar Detailed month view Ja_713ca6/select_1        2        3        4        _45ea30'  using regular expression

2022-01-12 20:16:59 - [TEST_STEP][PASSED] - click(findTestObject("Object Repository/Page_Moodle Calendar Detailed month view Ja_713ca6/button_Save")): Object: 'Object Repository/Page_Moodle Calendar Detailed month view Ja_713ca6/button_Save' is clicked on

2022-01-12 20:16:59 - [MESSAGE][PASSED] - Object: 'Object Repository/Page_Moodle Calendar Detailed month view Ja_713ca6/button_Save' is clicked on

2022-01-12 20:16:59 - [TEST_STEP][PASSED] - closeBrowser(): Browser is closed

2022-01-12 20:17:00 - [MESSAGE][PASSED] - Browser is closed]]></system-out>
         <system-err><![CDATA[]]></system-err>
      </testcase>
      <testcase name="Test Cases/Student/Student_Event/Student_Create Event without name" time="14.711" classname="Test Cases/Student/Student_Event/Student_Create Event without name" status="PASSED">
         <system-out><![CDATA[2022-01-12 20:17:00 - [TEST_CASE][PASSED] - Test Cases/Student/Student_Event/Student_Create Event without name: Test Cases/Student/Student_Event/Student_Create Event without name

2022-01-12 20:17:00 - [TEST_STEP][PASSED] - openBrowser(""): Browser is opened with url: ''

2022-01-12 20:17:00 - [MESSAGE][INFO] - Starting 'Chrome' driver

2022-01-12 20:17:00 - [MESSAGE][INFO] - User set preference: ['args', '[window-size=1300,900]']

2022-01-12 20:17:00 - [MESSAGE][INFO] - Action delay is set to 0 milliseconds

2022-01-12 20:17:01 - [MESSAGE][PASSED] - Browser is opened with url: ''

2022-01-12 20:17:01 - [TEST_STEP][PASSED] - navigateToUrl("http://localhost:8080/moodle/"): Navigate to 'http://localhost:8080/moodle/' successfully

2022-01-12 20:17:02 - [MESSAGE][PASSED] - Navigate to 'http://localhost:8080/moodle/' successfully

2022-01-12 20:17:02 - [TEST_STEP][PASSED] - click(findTestObject("Object Repository/Page_BCS Moodle/a_Log in")): Object: 'Object Repository/Page_BCS Moodle/a_Log in' is clicked on

2022-01-12 20:17:03 - [MESSAGE][PASSED] - Object: 'Object Repository/Page_BCS Moodle/a_Log in' is clicked on

2022-01-12 20:17:03 - [TEST_STEP][PASSED] - click(findTestObject("Object Repository/Page_BCS Moodle Log in to the site/input_Username_username")): Object: 'Object Repository/Page_BCS Moodle Log in to the site/input_Username_username' is clicked on

2022-01-12 20:17:03 - [MESSAGE][PASSED] - Object: 'Object Repository/Page_BCS Moodle Log in to the site/input_Username_username' is clicked on

2022-01-12 20:17:03 - [TEST_STEP][PASSED] - doubleClick(findTestObject("Object Repository/Page_BCS Moodle Log in to the site/input_Username_username")): Object: 'Object Repository/Page_BCS Moodle Log in to the site/input_Username_username' is double clicked on

2022-01-12 20:17:04 - [MESSAGE][PASSED] - Object: 'Object Repository/Page_BCS Moodle Log in to the site/input_Username_username' is double clicked on

2022-01-12 20:17:04 - [TEST_STEP][PASSED] - setText(findTestObject("Object Repository/Page_BCS Moodle Log in to the site/input_Username_username"), "hoangvu"): Text 'hoangvu' is set on object 'Object Repository/Page_BCS Moodle Log in to the site/input_Username_username'

2022-01-12 20:17:05 - [MESSAGE][PASSED] - Text 'hoangvu' is set on object 'Object Repository/Page_BCS Moodle Log in to the site/input_Username_username'

2022-01-12 20:17:05 - [TEST_STEP][PASSED] - setEncryptedText(findTestObject("Object Repository/Page_BCS Moodle Log in to the site/input_Password_password"), "p4y+y39Ir5PR9RXlOHjWlj+CAJiYdX4g"): Text ****** has been set on object 'Object Repository/Page_BCS Moodle Log in to the site/input_Password_password'

2022-01-12 20:17:05 - [MESSAGE][PASSED] - Text ****** has been set on object 'Object Repository/Page_BCS Moodle Log in to the site/input_Password_password'

2022-01-12 20:17:05 - [TEST_STEP][PASSED] - click(findTestObject("Object Repository/Page_BCS Moodle Log in to the site/button_Log in")): Object: 'Object Repository/Page_BCS Moodle Log in to the site/button_Log in' is clicked on

2022-01-12 20:17:06 - [MESSAGE][PASSED] - Object: 'Object Repository/Page_BCS Moodle Log in to the site/button_Log in' is clicked on

2022-01-12 20:17:06 - [TEST_STEP][PASSED] - click(findTestObject("Object Repository/Page_Dashboard/span_Calendar")): Object: 'Object Repository/Page_Dashboard/span_Calendar' is clicked on

2022-01-12 20:17:09 - [MESSAGE][PASSED] - Object: 'Object Repository/Page_Dashboard/span_Calendar' is clicked on

2022-01-12 20:17:09 - [TEST_STEP][PASSED] - click(findTestObject("Object Repository/Page_Moodle Calendar Detailed month view Ja_713ca6/button_New event")): Object: 'Object Repository/Page_Moodle Calendar Detailed month view Ja_713ca6/button_New event' is clicked on

2022-01-12 20:17:11 - [MESSAGE][PASSED] - Object: 'Object Repository/Page_Moodle Calendar Detailed month view Ja_713ca6/button_New event' is clicked on

2022-01-12 20:17:11 - [TEST_STEP][PASSED] - selectOptionByValue(findTestObject("Object Repository/Page_Moodle Calendar Detailed month view Ja_713ca6/select_January        February        March_78ea2e"), "5", true): All options with value '5' are selected in object 'Object Repository/Page_Moodle Calendar Detailed month view Ja_713ca6/select_January        February        March_78ea2e'  using regular expression

2022-01-12 20:17:13 - [MESSAGE][PASSED] - All options with value '5' are selected in object 'Object Repository/Page_Moodle Calendar Detailed month view Ja_713ca6/select_January        February        March_78ea2e'  using regular expression

2022-01-12 20:17:13 - [TEST_STEP][PASSED] - click(findTestObject("Object Repository/Page_Moodle Calendar Detailed month view Ja_713ca6/button_Save")): Object: 'Object Repository/Page_Moodle Calendar Detailed month view Ja_713ca6/button_Save' is clicked on

2022-01-12 20:17:13 - [MESSAGE][PASSED] - Object: 'Object Repository/Page_Moodle Calendar Detailed month view Ja_713ca6/button_Save' is clicked on

2022-01-12 20:17:13 - [TEST_STEP][PASSED] - verifyElementText(findTestObject("Object Repository/Page_Moodle Calendar Detailed month view Ja_713ca6/div_- Required"), "- Required"): Actual text and expected text of test object 'Object Repository/Page_Moodle Calendar Detailed month view Ja_713ca6/div_- Required' are matched.

2022-01-12 20:17:14 - [MESSAGE][PASSED] - Actual text and expected text of test object 'Object Repository/Page_Moodle Calendar Detailed month view Ja_713ca6/div_- Required' are matched.

2022-01-12 20:17:14 - [TEST_STEP][PASSED] - closeBrowser(): Browser is closed

2022-01-12 20:17:15 - [MESSAGE][PASSED] - Browser is closed]]></system-out>
         <system-err><![CDATA[]]></system-err>
      </testcase>
      <testcase name="Test Cases/Teacher/Teacher_Quiz Result/Teacher_Review An Attempt" time="17.496" classname="Test Cases/Teacher/Teacher_Quiz Result/Teacher_Review An Attempt" status="PASSED">
         <system-out><![CDATA[2022-01-12 20:17:15 - [TEST_CASE][PASSED] - Test Cases/Teacher/Teacher_Quiz Result/Teacher_Review An Attempt: Test Cases/Teacher/Teacher_Quiz Result/Teacher_Review An Attempt

2022-01-12 20:17:15 - [TEST_STEP][PASSED] - openBrowser(""): Browser is opened with url: ''

2022-01-12 20:17:15 - [MESSAGE][INFO] - Starting 'Chrome' driver

2022-01-12 20:17:15 - [MESSAGE][INFO] - User set preference: ['args', '[window-size=1300,900]']

2022-01-12 20:17:15 - [MESSAGE][INFO] - Action delay is set to 0 milliseconds

2022-01-12 20:17:16 - [MESSAGE][PASSED] - Browser is opened with url: ''

2022-01-12 20:17:16 - [TEST_STEP][PASSED] - navigateToUrl("http://localhost:8080/moodle/"): Navigate to 'http://localhost:8080/moodle/' successfully

2022-01-12 20:17:17 - [MESSAGE][PASSED] - Navigate to 'http://localhost:8080/moodle/' successfully

2022-01-12 20:17:17 - [TEST_STEP][PASSED] - click(findTestObject("Object Repository/Page_BCS Moodle/a_Log in")): Object: 'Object Repository/Page_BCS Moodle/a_Log in' is clicked on

2022-01-12 20:17:18 - [MESSAGE][PASSED] - Object: 'Object Repository/Page_BCS Moodle/a_Log in' is clicked on

2022-01-12 20:17:18 - [TEST_STEP][PASSED] - setText(findTestObject("Object Repository/Page_BCS Moodle Log in to the site/input_Username_username"), "onix"): Text 'onix' is set on object 'Object Repository/Page_BCS Moodle Log in to the site/input_Username_username'

2022-01-12 20:17:18 - [MESSAGE][PASSED] - Text 'onix' is set on object 'Object Repository/Page_BCS Moodle Log in to the site/input_Username_username'

2022-01-12 20:17:18 - [TEST_STEP][PASSED] - setEncryptedText(findTestObject("Object Repository/Page_BCS Moodle Log in to the site/input_Password_password"), "uw4zQNl2RedGtkZxJt1B2nZNxIOg3YnT"): Text ****** has been set on object 'Object Repository/Page_BCS Moodle Log in to the site/input_Password_password'

2022-01-12 20:17:19 - [MESSAGE][PASSED] - Text ****** has been set on object 'Object Repository/Page_BCS Moodle Log in to the site/input_Password_password'

2022-01-12 20:17:19 - [TEST_STEP][PASSED] - click(findTestObject("Object Repository/Page_BCS Moodle Log in to the site/button_Log in")): Object: 'Object Repository/Page_BCS Moodle Log in to the site/button_Log in' is clicked on

2022-01-12 20:17:21 - [MESSAGE][PASSED] - Object: 'Object Repository/Page_BCS Moodle Log in to the site/button_Log in' is clicked on

2022-01-12 20:17:21 - [TEST_STEP][PASSED] - click(findTestObject("Object Repository/Page_Dashboard/div_Course image")): Object: 'Object Repository/Page_Dashboard/div_Course image' is clicked on

2022-01-12 20:17:23 - [MESSAGE][PASSED] - Object: 'Object Repository/Page_Dashboard/div_Course image' is clicked on

2022-01-12 20:17:23 - [TEST_STEP][PASSED] - click(findTestObject("Object Repository/Page_Course Ton t hp/span_Quiz Nhiu cu  nhiu la chn")): Object: 'Object Repository/Page_Course Ton t hp/span_Quiz Nhiu cu  nhiu la chn' is clicked on

2022-01-12 20:17:25 - [MESSAGE][PASSED] - Object: 'Object Repository/Page_Course Ton t hp/span_Quiz Nhiu cu  nhiu la chn' is clicked on

2022-01-12 20:17:25 - [TEST_STEP][PASSED] - click(findTestObject("Object Repository/Page_TTH Quiz Nhiu cu  nhiu la chn/a_Quiz Nhiu cu  nhiu la chn_action-menu-toggle-3")): Object: 'Object Repository/Page_TTH Quiz Nhiu cu  nhiu la chn/a_Quiz Nhiu cu  nhiu la chn_action-menu-toggle-3' is clicked on

2022-01-12 20:17:26 - [MESSAGE][PASSED] - Object: 'Object Repository/Page_TTH Quiz Nhiu cu  nhiu la chn/a_Quiz Nhiu cu  nhiu la chn_action-menu-toggle-3' is clicked on

2022-01-12 20:17:26 - [TEST_STEP][PASSED] - click(findTestObject("Object Repository/Page_TTH Quiz Nhiu cu  nhiu la chn/a_Responses")): Object: 'Object Repository/Page_TTH Quiz Nhiu cu  nhiu la chn/a_Responses' is clicked on

2022-01-12 20:17:28 - [MESSAGE][PASSED] - Object: 'Object Repository/Page_TTH Quiz Nhiu cu  nhiu la chn/a_Responses' is clicked on

2022-01-12 20:17:28 - [TEST_STEP][PASSED] - navigateToUrl("http://localhost:8080/moodle/mod/quiz/report.php?id=21&mode=responses"): Navigate to 'http://localhost:8080/moodle/mod/quiz/report.php?id=21&mode=responses' successfully

2022-01-12 20:17:28 - [MESSAGE][PASSED] - Navigate to 'http://localhost:8080/moodle/mod/quiz/report.php?id=21&mode=responses' successfully

2022-01-12 20:17:28 - [TEST_STEP][PASSED] - click(findTestObject("Object Repository/Page_Quiz Nhiu cu  nhiu la chn/a_Review attempt")): Object: 'Object Repository/Page_Quiz Nhiu cu  nhiu la chn/a_Review attempt' is clicked on

2022-01-12 20:17:30 - [MESSAGE][PASSED] - Object: 'Object Repository/Page_Quiz Nhiu cu  nhiu la chn/a_Review attempt' is clicked on

2022-01-12 20:17:30 - [TEST_STEP][PASSED] - click(findTestObject("Object Repository/Page_Quiz Nhiu cu  nhiu la chn Attempt review/a_Finish review")): Object: 'Object Repository/Page_Quiz Nhiu cu  nhiu la chn Attempt review/a_Finish review' is clicked on

2022-01-12 20:17:31 - [MESSAGE][PASSED] - Object: 'Object Repository/Page_Quiz Nhiu cu  nhiu la chn Attempt review/a_Finish review' is clicked on

2022-01-12 20:17:31 - [TEST_STEP][PASSED] - verifyElementText(findTestObject("Object Repository/Page_TTH Quiz Nhiu cu  nhiu la chn/h2_Quiz Nhiu cu  nhiu la chn"), "Quiz Nhiều câu + nhiều lựa chọn"): Actual text and expected text of test object 'Object Repository/Page_TTH Quiz Nhiu cu  nhiu la chn/h2_Quiz Nhiu cu  nhiu la chn' are matched.

2022-01-12 20:17:31 - [MESSAGE][PASSED] - Actual text and expected text of test object 'Object Repository/Page_TTH Quiz Nhiu cu  nhiu la chn/h2_Quiz Nhiu cu  nhiu la chn' are matched.

2022-01-12 20:17:31 - [TEST_STEP][PASSED] - closeBrowser(): Browser is closed

2022-01-12 20:17:32 - [MESSAGE][PASSED] - Browser is closed]]></system-out>
         <system-err><![CDATA[]]></system-err>
      </testcase>
      <testcase name="Test Cases/Teacher/Teacher_Quiz Result/Teacher_See The Statistics Of A Question" time="16.145" classname="Test Cases/Teacher/Teacher_Quiz Result/Teacher_See The Statistics Of A Question" status="PASSED">
         <system-out><![CDATA[2022-01-12 20:17:32 - [TEST_CASE][PASSED] - Test Cases/Teacher/Teacher_Quiz Result/Teacher_See The Statistics Of A Question: Test Cases/Teacher/Teacher_Quiz Result/Teacher_See The Statistics Of A Question

2022-01-12 20:17:32 - [TEST_STEP][PASSED] - openBrowser(""): Browser is opened with url: ''

2022-01-12 20:17:32 - [MESSAGE][INFO] - Starting 'Chrome' driver

2022-01-12 20:17:32 - [MESSAGE][INFO] - User set preference: ['args', '[window-size=1300,900]']

2022-01-12 20:17:32 - [MESSAGE][INFO] - Action delay is set to 0 milliseconds

2022-01-12 20:17:34 - [MESSAGE][PASSED] - Browser is opened with url: ''

2022-01-12 20:17:34 - [TEST_STEP][PASSED] - navigateToUrl("http://localhost:8080/moodle/"): Navigate to 'http://localhost:8080/moodle/' successfully

2022-01-12 20:17:34 - [MESSAGE][PASSED] - Navigate to 'http://localhost:8080/moodle/' successfully

2022-01-12 20:17:34 - [TEST_STEP][PASSED] - click(findTestObject("Object Repository/Page_BCS Moodle/a_Log in")): Object: 'Object Repository/Page_BCS Moodle/a_Log in' is clicked on

2022-01-12 20:17:35 - [MESSAGE][PASSED] - Object: 'Object Repository/Page_BCS Moodle/a_Log in' is clicked on

2022-01-12 20:17:35 - [TEST_STEP][PASSED] - setText(findTestObject("Object Repository/Page_BCS Moodle Log in to the site/input_Username_username"), "onix"): Text 'onix' is set on object 'Object Repository/Page_BCS Moodle Log in to the site/input_Username_username'

2022-01-12 20:17:36 - [MESSAGE][PASSED] - Text 'onix' is set on object 'Object Repository/Page_BCS Moodle Log in to the site/input_Username_username'

2022-01-12 20:17:36 - [TEST_STEP][PASSED] - setEncryptedText(findTestObject("Object Repository/Page_BCS Moodle Log in to the site/input_Password_password"), "uw4zQNl2RedGtkZxJt1B2nZNxIOg3YnT"): Text ****** has been set on object 'Object Repository/Page_BCS Moodle Log in to the site/input_Password_password'

2022-01-12 20:17:37 - [MESSAGE][PASSED] - Text ****** has been set on object 'Object Repository/Page_BCS Moodle Log in to the site/input_Password_password'

2022-01-12 20:17:37 - [TEST_STEP][PASSED] - click(findTestObject("Object Repository/Page_BCS Moodle Log in to the site/button_Log in")): Object: 'Object Repository/Page_BCS Moodle Log in to the site/button_Log in' is clicked on

2022-01-12 20:17:38 - [MESSAGE][PASSED] - Object: 'Object Repository/Page_BCS Moodle Log in to the site/button_Log in' is clicked on

2022-01-12 20:17:38 - [TEST_STEP][PASSED] - click(findTestObject("Object Repository/Page_Dashboard/div_Course image")): Object: 'Object Repository/Page_Dashboard/div_Course image' is clicked on

2022-01-12 20:17:40 - [MESSAGE][PASSED] - Object: 'Object Repository/Page_Dashboard/div_Course image' is clicked on

2022-01-12 20:17:40 - [TEST_STEP][PASSED] - click(findTestObject("Object Repository/Page_Course Ton t hp/span_Quiz Nhiu cu  nhiu la chn")): Object: 'Object Repository/Page_Course Ton t hp/span_Quiz Nhiu cu  nhiu la chn' is clicked on

2022-01-12 20:17:41 - [MESSAGE][PASSED] - Object: 'Object Repository/Page_Course Ton t hp/span_Quiz Nhiu cu  nhiu la chn' is clicked on

2022-01-12 20:17:41 - [TEST_STEP][PASSED] - click(findTestObject("Object Repository/Page_TTH Quiz Nhiu cu  nhiu la chn/a_Quiz Nhiu cu  nhiu la chn_action-menu-toggle-3")): Object: 'Object Repository/Page_TTH Quiz Nhiu cu  nhiu la chn/a_Quiz Nhiu cu  nhiu la chn_action-menu-toggle-3' is clicked on

2022-01-12 20:17:42 - [MESSAGE][PASSED] - Object: 'Object Repository/Page_TTH Quiz Nhiu cu  nhiu la chn/a_Quiz Nhiu cu  nhiu la chn_action-menu-toggle-3' is clicked on

2022-01-12 20:17:42 - [TEST_STEP][PASSED] - click(findTestObject("Object Repository/Page_TTH Quiz Nhiu cu  nhiu la chn/a_Statistics")): Object: 'Object Repository/Page_TTH Quiz Nhiu cu  nhiu la chn/a_Statistics' is clicked on

2022-01-12 20:17:44 - [MESSAGE][PASSED] - Object: 'Object Repository/Page_TTH Quiz Nhiu cu  nhiu la chn/a_Statistics' is clicked on

2022-01-12 20:17:44 - [TEST_STEP][PASSED] - navigateToUrl("http://localhost:8080/moodle/mod/quiz/report.php?id=21&mode=statistics"): Navigate to 'http://localhost:8080/moodle/mod/quiz/report.php?id=21&mode=statistics' successfully

2022-01-12 20:17:44 - [MESSAGE][PASSED] - Navigate to 'http://localhost:8080/moodle/mod/quiz/report.php?id=21&mode=statistics' successfully

2022-01-12 20:17:44 - [TEST_STEP][PASSED] - click(findTestObject("Object Repository/Page_Quiz Nhiu cu  nhiu la chn/a_Question 2")): Object: 'Object Repository/Page_Quiz Nhiu cu  nhiu la chn/a_Question 2' is clicked on

2022-01-12 20:17:46 - [MESSAGE][PASSED] - Object: 'Object Repository/Page_Quiz Nhiu cu  nhiu la chn/a_Question 2' is clicked on

2022-01-12 20:17:46 - [TEST_STEP][PASSED] - verifyElementText(findTestObject("Object Repository/Page_Quiz Nhiu cu  nhiu la chn/td_Question 2"), "Question 2 "): Actual text and expected text of test object 'Object Repository/Page_Quiz Nhiu cu  nhiu la chn/td_Question 2' are matched.

2022-01-12 20:17:46 - [MESSAGE][PASSED] - Actual text and expected text of test object 'Object Repository/Page_Quiz Nhiu cu  nhiu la chn/td_Question 2' are matched.

2022-01-12 20:17:46 - [TEST_STEP][PASSED] - verifyElementText(findTestObject("Object Repository/Page_Quiz Nhiu cu  nhiu la chn/h3_Question statistics"), "Question statistics"): Actual text and expected text of test object 'Object Repository/Page_Quiz Nhiu cu  nhiu la chn/h3_Question statistics' are matched.

2022-01-12 20:17:46 - [MESSAGE][PASSED] - Actual text and expected text of test object 'Object Repository/Page_Quiz Nhiu cu  nhiu la chn/h3_Question statistics' are matched.

2022-01-12 20:17:46 - [TEST_STEP][PASSED] - verifyElementText(findTestObject("Object Repository/Page_Quiz Nhiu cu  nhiu la chn/h3_Analysis of responses"), "Analysis of responses"): Actual text and expected text of test object 'Object Repository/Page_Quiz Nhiu cu  nhiu la chn/h3_Analysis of responses' are matched.

2022-01-12 20:17:47 - [MESSAGE][PASSED] - Actual text and expected text of test object 'Object Repository/Page_Quiz Nhiu cu  nhiu la chn/h3_Analysis of responses' are matched.

2022-01-12 20:17:47 - [TEST_STEP][PASSED] - click(findTestObject("Object Repository/Page_Quiz Nhiu cu  nhiu la chn/a_Back to main statistics report page")): Object: 'Object Repository/Page_Quiz Nhiu cu  nhiu la chn/a_Back to main statistics report page' is clicked on

2022-01-12 20:17:48 - [MESSAGE][PASSED] - Object: 'Object Repository/Page_Quiz Nhiu cu  nhiu la chn/a_Back to main statistics report page' is clicked on

2022-01-12 20:17:48 - [TEST_STEP][PASSED] - closeBrowser(): Browser is closed

2022-01-12 20:17:48 - [MESSAGE][PASSED] - Browser is closed]]></system-out>
         <system-err><![CDATA[]]></system-err>
      </testcase>
      <testcase name="Test Cases/Teacher/Teacher_Quiz Result/Teacher_See Unattempted Students In A Quiz" time="17.145" classname="Test Cases/Teacher/Teacher_Quiz Result/Teacher_See Unattempted Students In A Quiz" status="PASSED">
         <system-out><![CDATA[2022-01-12 20:17:48 - [TEST_CASE][PASSED] - Test Cases/Teacher/Teacher_Quiz Result/Teacher_See Unattempted Students In A Quiz: Test Cases/Teacher/Teacher_Quiz Result/Teacher_See Unattempted Students In A Quiz

2022-01-12 20:17:49 - [TEST_STEP][PASSED] - openBrowser(""): Browser is opened with url: ''

2022-01-12 20:17:49 - [MESSAGE][INFO] - Starting 'Chrome' driver

2022-01-12 20:17:49 - [MESSAGE][INFO] - User set preference: ['args', '[window-size=1300,900]']

2022-01-12 20:17:49 - [MESSAGE][INFO] - Action delay is set to 0 milliseconds

2022-01-12 20:17:50 - [MESSAGE][PASSED] - Browser is opened with url: ''

2022-01-12 20:17:50 - [TEST_STEP][PASSED] - navigateToUrl("http://localhost:8080/moodle/"): Navigate to 'http://localhost:8080/moodle/' successfully

2022-01-12 20:17:50 - [MESSAGE][PASSED] - Navigate to 'http://localhost:8080/moodle/' successfully

2022-01-12 20:17:50 - [TEST_STEP][PASSED] - click(findTestObject("Object Repository/Page_BCS Moodle/a_Log in")): Object: 'Object Repository/Page_BCS Moodle/a_Log in' is clicked on

2022-01-12 20:17:51 - [MESSAGE][PASSED] - Object: 'Object Repository/Page_BCS Moodle/a_Log in' is clicked on

2022-01-12 20:17:51 - [TEST_STEP][PASSED] - setText(findTestObject("Object Repository/Page_BCS Moodle Log in to the site/input_Username_username"), "onix"): Text 'onix' is set on object 'Object Repository/Page_BCS Moodle Log in to the site/input_Username_username'

2022-01-12 20:17:52 - [MESSAGE][PASSED] - Text 'onix' is set on object 'Object Repository/Page_BCS Moodle Log in to the site/input_Username_username'

2022-01-12 20:17:52 - [TEST_STEP][PASSED] - setEncryptedText(findTestObject("Object Repository/Page_BCS Moodle Log in to the site/input_Password_password"), "uw4zQNl2RedGtkZxJt1B2nZNxIOg3YnT"): Text ****** has been set on object 'Object Repository/Page_BCS Moodle Log in to the site/input_Password_password'

2022-01-12 20:17:53 - [MESSAGE][PASSED] - Text ****** has been set on object 'Object Repository/Page_BCS Moodle Log in to the site/input_Password_password'

2022-01-12 20:17:53 - [TEST_STEP][PASSED] - click(findTestObject("Object Repository/Page_BCS Moodle Log in to the site/button_Log in")): Object: 'Object Repository/Page_BCS Moodle Log in to the site/button_Log in' is clicked on

2022-01-12 20:17:54 - [MESSAGE][PASSED] - Object: 'Object Repository/Page_BCS Moodle Log in to the site/button_Log in' is clicked on

2022-01-12 20:17:54 - [TEST_STEP][PASSED] - click(findTestObject("Object Repository/Page_Dashboard/div_Course image")): Object: 'Object Repository/Page_Dashboard/div_Course image' is clicked on

2022-01-12 20:17:57 - [MESSAGE][PASSED] - Object: 'Object Repository/Page_Dashboard/div_Course image' is clicked on

2022-01-12 20:17:57 - [TEST_STEP][PASSED] - click(findTestObject("Object Repository/Page_Course Ton t hp/span_Quiz Nhiu cu  nhiu la chn")): Object: 'Object Repository/Page_Course Ton t hp/span_Quiz Nhiu cu  nhiu la chn' is clicked on

2022-01-12 20:17:58 - [MESSAGE][PASSED] - Object: 'Object Repository/Page_Course Ton t hp/span_Quiz Nhiu cu  nhiu la chn' is clicked on

2022-01-12 20:17:58 - [TEST_STEP][PASSED] - click(findTestObject("Object Repository/Page_TTH Quiz Nhiu cu  nhiu la chn/a_Quiz Nhiu cu  nhiu la chn_action-menu-toggle-3")): Object: 'Object Repository/Page_TTH Quiz Nhiu cu  nhiu la chn/a_Quiz Nhiu cu  nhiu la chn_action-menu-toggle-3' is clicked on

2022-01-12 20:17:59 - [MESSAGE][PASSED] - Object: 'Object Repository/Page_TTH Quiz Nhiu cu  nhiu la chn/a_Quiz Nhiu cu  nhiu la chn_action-menu-toggle-3' is clicked on

2022-01-12 20:17:59 - [TEST_STEP][PASSED] - click(findTestObject("Object Repository/Page_TTH Quiz Nhiu cu  nhiu la chn/a_Responses")): Object: 'Object Repository/Page_TTH Quiz Nhiu cu  nhiu la chn/a_Responses' is clicked on

2022-01-12 20:18:00 - [MESSAGE][PASSED] - Object: 'Object Repository/Page_TTH Quiz Nhiu cu  nhiu la chn/a_Responses' is clicked on

2022-01-12 20:18:00 - [TEST_STEP][PASSED] - navigateToUrl("http://localhost:8080/moodle/mod/quiz/report.php?id=21&mode=responses"): Navigate to 'http://localhost:8080/moodle/mod/quiz/report.php?id=21&mode=responses' successfully

2022-01-12 20:18:00 - [MESSAGE][PASSED] - Navigate to 'http://localhost:8080/moodle/mod/quiz/report.php?id=21&mode=responses' successfully

2022-01-12 20:18:00 - [TEST_STEP][PASSED] - selectOptionByValue(findTestObject("Object Repository/Page_Quiz Nhiu cu  nhiu la chn/select_enrolled users who have attempted th_e23a5c"), "enrolled_without", true): All options with value 'enrolled_without' are selected in object 'Object Repository/Page_Quiz Nhiu cu  nhiu la chn/select_enrolled users who have attempted th_e23a5c'  using regular expression

2022-01-12 20:18:02 - [MESSAGE][PASSED] - All options with value 'enrolled_without' are selected in object 'Object Repository/Page_Quiz Nhiu cu  nhiu la chn/select_enrolled users who have attempted th_e23a5c'  using regular expression

2022-01-12 20:18:02 - [TEST_STEP][PASSED] - click(findTestObject("Object Repository/Page_Quiz Nhiu cu  nhiu la chn/input_right answer_submitbutton")): Object: 'Object Repository/Page_Quiz Nhiu cu  nhiu la chn/input_right answer_submitbutton' is clicked on

2022-01-12 20:18:03 - [MESSAGE][PASSED] - Object: 'Object Repository/Page_Quiz Nhiu cu  nhiu la chn/input_right answer_submitbutton' is clicked on

2022-01-12 20:18:03 - [TEST_STEP][PASSED] - verifyElementText(findTestObject("Object Repository/Page_Quiz Nhiu cu  nhiu la chn/td_-_1"), "-"): Actual text and expected text of test object 'Object Repository/Page_Quiz Nhiu cu  nhiu la chn/td_-_1' are matched.

2022-01-12 20:18:03 - [MESSAGE][PASSED] - Actual text and expected text of test object 'Object Repository/Page_Quiz Nhiu cu  nhiu la chn/td_-_1' are matched.

2022-01-12 20:18:03 - [TEST_STEP][PASSED] - verifyElementText(findTestObject("Object Repository/Page_Quiz Nhiu cu  nhiu la chn/td_-_1_2"), "-"): Actual text and expected text of test object 'Object Repository/Page_Quiz Nhiu cu  nhiu la chn/td_-_1_2' are matched.

2022-01-12 20:18:04 - [MESSAGE][PASSED] - Actual text and expected text of test object 'Object Repository/Page_Quiz Nhiu cu  nhiu la chn/td_-_1_2' are matched.

2022-01-12 20:18:04 - [TEST_STEP][PASSED] - verifyElementText(findTestObject("Object Repository/Page_Quiz Nhiu cu  nhiu la chn/td_-"), "-"): Actual text and expected text of test object 'Object Repository/Page_Quiz Nhiu cu  nhiu la chn/td_-' are matched.

2022-01-12 20:18:04 - [MESSAGE][PASSED] - Actual text and expected text of test object 'Object Repository/Page_Quiz Nhiu cu  nhiu la chn/td_-' are matched.

2022-01-12 20:18:04 - [TEST_STEP][PASSED] - verifyElementText(findTestObject("Object Repository/Page_Quiz Nhiu cu  nhiu la chn/td_-_1_2_3"), "-"): Actual text and expected text of test object 'Object Repository/Page_Quiz Nhiu cu  nhiu la chn/td_-_1_2_3' are matched.

2022-01-12 20:18:04 - [MESSAGE][PASSED] - Actual text and expected text of test object 'Object Repository/Page_Quiz Nhiu cu  nhiu la chn/td_-_1_2_3' are matched.

2022-01-12 20:18:04 - [TEST_STEP][PASSED] - verifyElementText(findTestObject("Object Repository/Page_Quiz Nhiu cu  nhiu la chn/td_-_1_2_3_4"), "-"): Actual text and expected text of test object 'Object Repository/Page_Quiz Nhiu cu  nhiu la chn/td_-_1_2_3_4' are matched.

2022-01-12 20:18:05 - [MESSAGE][PASSED] - Actual text and expected text of test object 'Object Repository/Page_Quiz Nhiu cu  nhiu la chn/td_-_1_2_3_4' are matched.

2022-01-12 20:18:05 - [TEST_STEP][PASSED] - closeBrowser(): Browser is closed

2022-01-12 20:18:05 - [MESSAGE][PASSED] - Browser is closed]]></system-out>
         <system-err><![CDATA[]]></system-err>
      </testcase>
      <testcase name="Test Cases/Student/Student_Survey/Student_Input Text Survey" time="41.449" classname="Test Cases/Student/Student_Survey/Student_Input Text Survey" status="FAILED">
         <failure type="FAILED" message="Test Cases/Student/Student_Survey/Student_Input Text Survey FAILED.
Reason:
com.kms.katalon.core.exception.StepFailedException: Unable to set text 'A' of object 'Object Repository/Page_Survey Critical Incidents/textarea_At what moment in class were you m_f5425c'
	at com.kms.katalon.core.webui.keyword.internal.WebUIKeywordMain.stepFailed(WebUIKeywordMain.groovy:64)
	at com.kms.katalon.core.webui.keyword.internal.WebUIKeywordMain.runKeyword(WebUIKeywordMain.groovy:26)
	at com.kms.katalon.core.webui.keyword.builtin.SetTextKeyword.setText(SetTextKeyword.groovy:66)
	at com.kms.katalon.core.webui.keyword.builtin.SetTextKeyword.execute(SetTextKeyword.groovy:37)
	at com.kms.katalon.core.keyword.internal.KeywordExecutor.executeKeywordForPlatform(KeywordExecutor.groovy:74)
	at com.kms.katalon.core.webui.keyword.WebUiBuiltInKeywords.setText(WebUiBuiltInKeywords.groovy:980)
	at com.kms.katalon.core.webui.keyword.WebUiBuiltInKeywords$setText$2.call(Unknown Source)
	at Student_Input Text Survey.run(Student_Input Text Survey:36)
	at com.kms.katalon.core.main.ScriptEngine.run(ScriptEngine.java:194)
	at com.kms.katalon.core.main.ScriptEngine.runScriptAsRawText(ScriptEngine.java:119)
	at com.kms.katalon.core.main.TestCaseExecutor.runScript(TestCaseExecutor.java:442)
	at com.kms.katalon.core.main.TestCaseExecutor.doExecute(TestCaseExecutor.java:433)
	at com.kms.katalon.core.main.TestCaseExecutor.processExecutionPhase(TestCaseExecutor.java:412)
	at com.kms.katalon.core.main.TestCaseExecutor.accessMainPhase(TestCaseExecutor.java:404)
	at com.kms.katalon.core.main.TestCaseExecutor.execute(TestCaseExecutor.java:281)
	at com.kms.katalon.core.main.TestCaseExecutor.execute(TestCaseExecutor.java:363)
	at com.kms.katalon.core.main.TestSuiteExecutor.accessTestCaseMainPhase(TestSuiteExecutor.java:202)
	at com.kms.katalon.core.main.TestSuiteExecutor.accessTestSuiteMainPhase(TestSuiteExecutor.java:164)
	at com.kms.katalon.core.main.TestSuiteExecutor.execute(TestSuiteExecutor.java:105)
	at com.kms.katalon.core.main.TestCaseMain.startTestSuite(TestCaseMain.java:181)
	at com.kms.katalon.core.main.TestCaseMain$startTestSuite$0.call(Unknown Source)
	at TempTestSuite1641993035978.run(TempTestSuite1641993035978.groovy:36)
Caused by: com.kms.katalon.core.webui.exception.WebElementNotFoundException: Web element with id: 'Object Repository/Page_Survey Critical Incidents/textarea_At what moment in class were you m_f5425c' located by '//textarea[@id='q69']' not found
	at com.kms.katalon.core.webui.common.WebUiCommonHelper.findWebElement(WebUiCommonHelper.java:1368)
	at com.kms.katalon.core.webui.keyword.internal.WebUIAbstractKeyword.findWebElement(WebUIAbstractKeyword.groovy:27)
	at com.kms.katalon.core.webui.keyword.internal.WebUIAbstractKeyword.findWebElement(WebUIAbstractKeyword.groovy:26)
	at com.kms.katalon.core.webui.keyword.builtin.SetTextKeyword$_setText_closure1.doCall(SetTextKeyword.groovy:51)
	at com.kms.katalon.core.webui.keyword.builtin.SetTextKeyword$_setText_closure1.call(SetTextKeyword.groovy)
	at com.kms.katalon.core.webui.keyword.internal.WebUIKeywordMain.runKeyword(WebUIKeywordMain.groovy:20)
	... 20 more
"/>
         <system-out><![CDATA[2022-01-12 20:18:21 - [TEST_CASE][FAILED] - Test Cases/Student/Student_Survey/Student_Input Text Survey: Test Cases/Student/Student_Survey/Student_Input Text Survey FAILED.
Reason:
com.kms.katalon.core.exception.StepFailedException: Unable to set text 'A' of object 'Object Repository/Page_Survey Critical Incidents/textarea_At what moment in class were you m_f5425c'
	at com.kms.katalon.core.webui.keyword.internal.WebUIKeywordMain.stepFailed(WebUIKeywordMain.groovy:64)
	at com.kms.katalon.core.webui.keyword.internal.WebUIKeywordMain.runKeyword(WebUIKeywordMain.groovy:26)
	at com.kms.katalon.core.webui.keyword.builtin.SetTextKeyword.setText(SetTextKeyword.groovy:66)
	at com.kms.katalon.core.webui.keyword.builtin.SetTextKeyword.execute(SetTextKeyword.groovy:37)
	at com.kms.katalon.core.keyword.internal.KeywordExecutor.executeKeywordForPlatform(KeywordExecutor.groovy:74)
	at com.kms.katalon.core.webui.keyword.WebUiBuiltInKeywords.setText(WebUiBuiltInKeywords.groovy:980)
	at com.kms.katalon.core.webui.keyword.WebUiBuiltInKeywords$setText$2.call(Unknown Source)
	at Student_Input Text Survey.run(Student_Input Text Survey:36)
	at com.kms.katalon.core.main.ScriptEngine.run(ScriptEngine.java:194)
	at com.kms.katalon.core.main.ScriptEngine.runScriptAsRawText(ScriptEngine.java:119)
	at com.kms.katalon.core.main.TestCaseExecutor.runScript(TestCaseExecutor.java:442)
	at com.kms.katalon.core.main.TestCaseExecutor.doExecute(TestCaseExecutor.java:433)
	at com.kms.katalon.core.main.TestCaseExecutor.processExecutionPhase(TestCaseExecutor.java:412)
	at com.kms.katalon.core.main.TestCaseExecutor.accessMainPhase(TestCaseExecutor.java:404)
	at com.kms.katalon.core.main.TestCaseExecutor.execute(TestCaseExecutor.java:281)
	at com.kms.katalon.core.main.TestCaseExecutor.execute(TestCaseExecutor.java:363)
	at com.kms.katalon.core.main.TestSuiteExecutor.accessTestCaseMainPhase(TestSuiteExecutor.java:202)
	at com.kms.katalon.core.main.TestSuiteExecutor.accessTestSuiteMainPhase(TestSuiteExecutor.java:164)
	at com.kms.katalon.core.main.TestSuiteExecutor.execute(TestSuiteExecutor.java:105)
	at com.kms.katalon.core.main.TestCaseMain.startTestSuite(TestCaseMain.java:181)
	at com.kms.katalon.core.main.TestCaseMain$startTestSuite$0.call(Unknown Source)
	at TempTestSuite1641993035978.run(TempTestSuite1641993035978.groovy:36)
Caused by: com.kms.katalon.core.webui.exception.WebElementNotFoundException: Web element with id: 'Object Repository/Page_Survey Critical Incidents/textarea_At what moment in class were you m_f5425c' located by '//textarea[@id='q69']' not found
	at com.kms.katalon.core.webui.common.WebUiCommonHelper.findWebElement(WebUiCommonHelper.java:1368)
	at com.kms.katalon.core.webui.keyword.internal.WebUIAbstractKeyword.findWebElement(WebUIAbstractKeyword.groovy:27)
	at com.kms.katalon.core.webui.keyword.internal.WebUIAbstractKeyword.findWebElement(WebUIAbstractKeyword.groovy:26)
	at com.kms.katalon.core.webui.keyword.builtin.SetTextKeyword$_setText_closure1.doCall(SetTextKeyword.groovy:51)
	at com.kms.katalon.core.webui.keyword.builtin.SetTextKeyword$_setText_closure1.call(SetTextKeyword.groovy)
	at com.kms.katalon.core.webui.keyword.internal.WebUIKeywordMain.runKeyword(WebUIKeywordMain.groovy:20)
	... 20 more


2022-01-12 20:18:21 - [TEST_STEP][PASSED] - openBrowser(""): Browser is opened with url: ''

2022-01-12 20:18:21 - [MESSAGE][WARNING] - A browser is already opened. Closing browser and opening a new one

2022-01-12 20:18:22 - [MESSAGE][INFO] - Starting 'Chrome' driver

2022-01-12 20:18:22 - [MESSAGE][INFO] - User set preference: ['args', '[window-size=1300,900]']

2022-01-12 20:18:22 - [MESSAGE][INFO] - Action delay is set to 0 milliseconds

2022-01-12 20:18:23 - [MESSAGE][PASSED] - Browser is opened with url: ''

2022-01-12 20:18:23 - [TEST_STEP][PASSED] - navigateToUrl("http://localhost:8080/moodle/"): Navigate to 'http://localhost:8080/moodle/' successfully

2022-01-12 20:18:24 - [MESSAGE][PASSED] - Navigate to 'http://localhost:8080/moodle/' successfully

2022-01-12 20:18:24 - [TEST_STEP][PASSED] - click(findTestObject("Object Repository/Page_BCS Moodle/a_Log in")): Object: 'Object Repository/Page_BCS Moodle/a_Log in' is clicked on

2022-01-12 20:18:25 - [MESSAGE][PASSED] - Object: 'Object Repository/Page_BCS Moodle/a_Log in' is clicked on

2022-01-12 20:18:25 - [TEST_STEP][PASSED] - setText(findTestObject("Object Repository/Page_BCS Moodle Log in to the site/input_Username_username"), "hoangvu"): Text 'hoangvu' is set on object 'Object Repository/Page_BCS Moodle Log in to the site/input_Username_username'

2022-01-12 20:18:26 - [MESSAGE][PASSED] - Text 'hoangvu' is set on object 'Object Repository/Page_BCS Moodle Log in to the site/input_Username_username'

2022-01-12 20:18:26 - [TEST_STEP][PASSED] - setEncryptedText(findTestObject("Object Repository/Page_BCS Moodle Log in to the site/input_Password_password"), "p4y+y39Ir5PR9RXlOHjWlj+CAJiYdX4g"): Text ****** has been set on object 'Object Repository/Page_BCS Moodle Log in to the site/input_Password_password'

2022-01-12 20:18:26 - [MESSAGE][PASSED] - Text ****** has been set on object 'Object Repository/Page_BCS Moodle Log in to the site/input_Password_password'

2022-01-12 20:18:26 - [TEST_STEP][PASSED] - click(findTestObject("Object Repository/Page_BCS Moodle Log in to the site/button_Log in")): Object: 'Object Repository/Page_BCS Moodle Log in to the site/button_Log in' is clicked on

2022-01-12 20:18:28 - [MESSAGE][PASSED] - Object: 'Object Repository/Page_BCS Moodle Log in to the site/button_Log in' is clicked on

2022-01-12 20:18:28 - [TEST_STEP][PASSED] - click(findTestObject("Object Repository/Page_Dashboard/span_TTH")): Object: 'Object Repository/Page_Dashboard/span_TTH' is clicked on

2022-01-12 20:18:30 - [MESSAGE][PASSED] - Object: 'Object Repository/Page_Dashboard/span_TTH' is clicked on

2022-01-12 20:18:30 - [TEST_STEP][PASSED] - click(findTestObject("Object Repository/Page_Course Ton t hp/span_Survey Critical Incidents")): Object: 'Object Repository/Page_Course Ton t hp/span_Survey Critical Incidents' is clicked on

2022-01-12 20:18:32 - [MESSAGE][PASSED] - Object: 'Object Repository/Page_Course Ton t hp/span_Survey Critical Incidents' is clicked on

2022-01-12 20:18:32 - [TEST_STEP][FAILED] - setText(findTestObject("Object Repository/Page_Survey Critical Incidents/textarea_At what moment in class were you m_f5425c"), "A"): Unable to set text 'A' of object 'Object Repository/Page_Survey Critical Incidents/textarea_At what moment in class were you m_f5425c' (Root cause: com.kms.katalon.core.exception.StepFailedException: Unable to set text 'A' of object 'Object Repository/Page_Survey Critical Incidents/textarea_At what moment in class were you m_f5425c'
	at com.kms.katalon.core.webui.keyword.internal.WebUIKeywordMain.stepFailed(WebUIKeywordMain.groovy:64)
	at com.kms.katalon.core.webui.keyword.internal.WebUIKeywordMain.runKeyword(WebUIKeywordMain.groovy:26)
	at com.kms.katalon.core.webui.keyword.builtin.SetTextKeyword.setText(SetTextKeyword.groovy:66)
	at com.kms.katalon.core.webui.keyword.builtin.SetTextKeyword.execute(SetTextKeyword.groovy:37)
	at com.kms.katalon.core.keyword.internal.KeywordExecutor.executeKeywordForPlatform(KeywordExecutor.groovy:74)
	at com.kms.katalon.core.webui.keyword.WebUiBuiltInKeywords.setText(WebUiBuiltInKeywords.groovy:980)
	at com.kms.katalon.core.webui.keyword.WebUiBuiltInKeywords$setText$2.call(Unknown Source)
	at Student_Input Text Survey.run(Student_Input Text Survey:36)
	at com.kms.katalon.core.main.ScriptEngine.run(ScriptEngine.java:194)
	at com.kms.katalon.core.main.ScriptEngine.runScriptAsRawText(ScriptEngine.java:119)
	at com.kms.katalon.core.main.TestCaseExecutor.runScript(TestCaseExecutor.java:442)
	at com.kms.katalon.core.main.TestCaseExecutor.doExecute(TestCaseExecutor.java:433)
	at com.kms.katalon.core.main.TestCaseExecutor.processExecutionPhase(TestCaseExecutor.java:412)
	at com.kms.katalon.core.main.TestCaseExecutor.accessMainPhase(TestCaseExecutor.java:404)
	at com.kms.katalon.core.main.TestCaseExecutor.execute(TestCaseExecutor.java:281)
	at com.kms.katalon.core.main.TestCaseExecutor.execute(TestCaseExecutor.java:363)
	at com.kms.katalon.core.main.TestSuiteExecutor.accessTestCaseMainPhase(TestSuiteExecutor.java:202)
	at com.kms.katalon.core.main.TestSuiteExecutor.accessTestSuiteMainPhase(TestSuiteExecutor.java:164)
	at com.kms.katalon.core.main.TestSuiteExecutor.execute(TestSuiteExecutor.java:105)
	at com.kms.katalon.core.main.TestCaseMain.startTestSuite(TestCaseMain.java:181)
	at com.kms.katalon.core.main.TestCaseMain$startTestSuite$0.call(Unknown Source)
	at TempTestSuite1641993035978.run(TempTestSuite1641993035978.groovy:36)
Caused by: com.kms.katalon.core.webui.exception.WebElementNotFoundException: Web element with id: 'Object Repository/Page_Survey Critical Incidents/textarea_At what moment in class were you m_f5425c' located by '//textarea[@id='q69']' not found
	at com.kms.katalon.core.webui.common.WebUiCommonHelper.findWebElement(WebUiCommonHelper.java:1368)
	at com.kms.katalon.core.webui.keyword.internal.WebUIAbstractKeyword.findWebElement(WebUIAbstractKeyword.groovy:27)
	at com.kms.katalon.core.webui.keyword.internal.WebUIAbstractKeyword.findWebElement(WebUIAbstractKeyword.groovy:26)
	at com.kms.katalon.core.webui.keyword.builtin.SetTextKeyword$_setText_closure1.doCall(SetTextKeyword.groovy:51)
	at com.kms.katalon.core.webui.keyword.builtin.SetTextKeyword$_setText_closure1.call(SetTextKeyword.groovy)
	at com.kms.katalon.core.webui.keyword.internal.WebUIKeywordMain.runKeyword(WebUIKeywordMain.groovy:20)
	at com.kms.katalon.core.webui.keyword.builtin.SetTextKeyword.setText(SetTextKeyword.groovy:66)
	at com.kms.katalon.core.webui.keyword.builtin.SetTextKeyword.execute(SetTextKeyword.groovy:37)
	at com.kms.katalon.core.keyword.internal.KeywordExecutor.executeKeywordForPlatform(KeywordExecutor.groovy:74)
	at com.kms.katalon.core.webui.keyword.WebUiBuiltInKeywords.setText(WebUiBuiltInKeywords.groovy:980)
	at com.kms.katalon.core.webui.keyword.WebUiBuiltInKeywords$setText$2.call(Unknown Source)
	at Script1641645940721.run(Script1641645940721.groovy:36)
	... 14 more
)

2022-01-12 20:19:03 - [MESSAGE][INFO] - Unable to find the element located by 'By.xpath: //textarea[@id='q69']'. Please recheck the objects properties to make sure the desired element is located. 

2022-01-12 20:19:03 - [MESSAGE][FAILED] - Unable to set text 'A' of object 'Object Repository/Page_Survey Critical Incidents/textarea_At what moment in class were you m_f5425c' (Root cause: com.kms.katalon.core.exception.StepFailedException: Unable to set text 'A' of object 'Object Repository/Page_Survey Critical Incidents/textarea_At what moment in class were you m_f5425c'
	at com.kms.katalon.core.webui.keyword.internal.WebUIKeywordMain.stepFailed(WebUIKeywordMain.groovy:64)
	at com.kms.katalon.core.webui.keyword.internal.WebUIKeywordMain.runKeyword(WebUIKeywordMain.groovy:26)
	at com.kms.katalon.core.webui.keyword.builtin.SetTextKeyword.setText(SetTextKeyword.groovy:66)
	at com.kms.katalon.core.webui.keyword.builtin.SetTextKeyword.execute(SetTextKeyword.groovy:37)
	at com.kms.katalon.core.keyword.internal.KeywordExecutor.executeKeywordForPlatform(KeywordExecutor.groovy:74)
	at com.kms.katalon.core.webui.keyword.WebUiBuiltInKeywords.setText(WebUiBuiltInKeywords.groovy:980)
	at com.kms.katalon.core.webui.keyword.WebUiBuiltInKeywords$setText$2.call(Unknown Source)
	at Student_Input Text Survey.run(Student_Input Text Survey:36)
	at com.kms.katalon.core.main.ScriptEngine.run(ScriptEngine.java:194)
	at com.kms.katalon.core.main.ScriptEngine.runScriptAsRawText(ScriptEngine.java:119)
	at com.kms.katalon.core.main.TestCaseExecutor.runScript(TestCaseExecutor.java:442)
	at com.kms.katalon.core.main.TestCaseExecutor.doExecute(TestCaseExecutor.java:433)
	at com.kms.katalon.core.main.TestCaseExecutor.processExecutionPhase(TestCaseExecutor.java:412)
	at com.kms.katalon.core.main.TestCaseExecutor.accessMainPhase(TestCaseExecutor.java:404)
	at com.kms.katalon.core.main.TestCaseExecutor.execute(TestCaseExecutor.java:281)
	at com.kms.katalon.core.main.TestCaseExecutor.execute(TestCaseExecutor.java:363)
	at com.kms.katalon.core.main.TestSuiteExecutor.accessTestCaseMainPhase(TestSuiteExecutor.java:202)
	at com.kms.katalon.core.main.TestSuiteExecutor.accessTestSuiteMainPhase(TestSuiteExecutor.java:164)
	at com.kms.katalon.core.main.TestSuiteExecutor.execute(TestSuiteExecutor.java:105)
	at com.kms.katalon.core.main.TestCaseMain.startTestSuite(TestCaseMain.java:181)
	at com.kms.katalon.core.main.TestCaseMain$startTestSuite$0.call(Unknown Source)
	at TempTestSuite1641993035978.run(TempTestSuite1641993035978.groovy:36)
Caused by: com.kms.katalon.core.webui.exception.WebElementNotFoundException: Web element with id: 'Object Repository/Page_Survey Critical Incidents/textarea_At what moment in class were you m_f5425c' located by '//textarea[@id='q69']' not found
	at com.kms.katalon.core.webui.common.WebUiCommonHelper.findWebElement(WebUiCommonHelper.java:1368)
	at com.kms.katalon.core.webui.keyword.internal.WebUIAbstractKeyword.findWebElement(WebUIAbstractKeyword.groovy:27)
	at com.kms.katalon.core.webui.keyword.internal.WebUIAbstractKeyword.findWebElement(WebUIAbstractKeyword.groovy:26)
	at com.kms.katalon.core.webui.keyword.builtin.SetTextKeyword$_setText_closure1.doCall(SetTextKeyword.groovy:51)
	at com.kms.katalon.core.webui.keyword.builtin.SetTextKeyword$_setText_closure1.call(SetTextKeyword.groovy)
	at com.kms.katalon.core.webui.keyword.internal.WebUIKeywordMain.runKeyword(WebUIKeywordMain.groovy:20)
	at com.kms.katalon.core.webui.keyword.builtin.SetTextKeyword.setText(SetTextKeyword.groovy:66)
	at com.kms.katalon.core.webui.keyword.builtin.SetTextKeyword.execute(SetTextKeyword.groovy:37)
	at com.kms.katalon.core.keyword.internal.KeywordExecutor.executeKeywordForPlatform(KeywordExecutor.groovy:74)
	at com.kms.katalon.core.webui.keyword.WebUiBuiltInKeywords.setText(WebUiBuiltInKeywords.groovy:980)
	at com.kms.katalon.core.webui.keyword.WebUiBuiltInKeywords$setText$2.call(Unknown Source)
	at Script1641645940721.run(Script1641645940721.groovy:36)
	... 14 more
)
[[ATTACHMENT|C:\\Users\\Admin\\Desktop\\Katalon_TestProject\\TestAutomation_Katalon-Test-Project\\Reports\\20220112_201035\\Run all test cases\\20220112_201035\\1641993543256.png]]]]></system-out>
         <system-err><![CDATA[2022-01-12 20:18:21 - [TEST_CASE][FAILED] - Test Cases/Student/Student_Survey/Student_Input Text Survey: Test Cases/Student/Student_Survey/Student_Input Text Survey FAILED.
Reason:
com.kms.katalon.core.exception.StepFailedException: Unable to set text 'A' of object 'Object Repository/Page_Survey Critical Incidents/textarea_At what moment in class were you m_f5425c'
	at com.kms.katalon.core.webui.keyword.internal.WebUIKeywordMain.stepFailed(WebUIKeywordMain.groovy:64)
	at com.kms.katalon.core.webui.keyword.internal.WebUIKeywordMain.runKeyword(WebUIKeywordMain.groovy:26)
	at com.kms.katalon.core.webui.keyword.builtin.SetTextKeyword.setText(SetTextKeyword.groovy:66)
	at com.kms.katalon.core.webui.keyword.builtin.SetTextKeyword.execute(SetTextKeyword.groovy:37)
	at com.kms.katalon.core.keyword.internal.KeywordExecutor.executeKeywordForPlatform(KeywordExecutor.groovy:74)
	at com.kms.katalon.core.webui.keyword.WebUiBuiltInKeywords.setText(WebUiBuiltInKeywords.groovy:980)
	at com.kms.katalon.core.webui.keyword.WebUiBuiltInKeywords$setText$2.call(Unknown Source)
	at Student_Input Text Survey.run(Student_Input Text Survey:36)
	at com.kms.katalon.core.main.ScriptEngine.run(ScriptEngine.java:194)
	at com.kms.katalon.core.main.ScriptEngine.runScriptAsRawText(ScriptEngine.java:119)
	at com.kms.katalon.core.main.TestCaseExecutor.runScript(TestCaseExecutor.java:442)
	at com.kms.katalon.core.main.TestCaseExecutor.doExecute(TestCaseExecutor.java:433)
	at com.kms.katalon.core.main.TestCaseExecutor.processExecutionPhase(TestCaseExecutor.java:412)
	at com.kms.katalon.core.main.TestCaseExecutor.accessMainPhase(TestCaseExecutor.java:404)
	at com.kms.katalon.core.main.TestCaseExecutor.execute(TestCaseExecutor.java:281)
	at com.kms.katalon.core.main.TestCaseExecutor.execute(TestCaseExecutor.java:363)
	at com.kms.katalon.core.main.TestSuiteExecutor.accessTestCaseMainPhase(TestSuiteExecutor.java:202)
	at com.kms.katalon.core.main.TestSuiteExecutor.accessTestSuiteMainPhase(TestSuiteExecutor.java:164)
	at com.kms.katalon.core.main.TestSuiteExecutor.execute(TestSuiteExecutor.java:105)
	at com.kms.katalon.core.main.TestCaseMain.startTestSuite(TestCaseMain.java:181)
	at com.kms.katalon.core.main.TestCaseMain$startTestSuite$0.call(Unknown Source)
	at TempTestSuite1641993035978.run(TempTestSuite1641993035978.groovy:36)
Caused by: com.kms.katalon.core.webui.exception.WebElementNotFoundException: Web element with id: 'Object Repository/Page_Survey Critical Incidents/textarea_At what moment in class were you m_f5425c' located by '//textarea[@id='q69']' not found
	at com.kms.katalon.core.webui.common.WebUiCommonHelper.findWebElement(WebUiCommonHelper.java:1368)
	at com.kms.katalon.core.webui.keyword.internal.WebUIAbstractKeyword.findWebElement(WebUIAbstractKeyword.groovy:27)
	at com.kms.katalon.core.webui.keyword.internal.WebUIAbstractKeyword.findWebElement(WebUIAbstractKeyword.groovy:26)
	at com.kms.katalon.core.webui.keyword.builtin.SetTextKeyword$_setText_closure1.doCall(SetTextKeyword.groovy:51)
	at com.kms.katalon.core.webui.keyword.builtin.SetTextKeyword$_setText_closure1.call(SetTextKeyword.groovy)
	at com.kms.katalon.core.webui.keyword.internal.WebUIKeywordMain.runKeyword(WebUIKeywordMain.groovy:20)
	... 20 more]]></system-err>
      </testcase>
      <testcase name="Test Cases/Student/Student_Survey/Student_Multiple Choice Survey" time="25.72" classname="Test Cases/Student/Student_Survey/Student_Multiple Choice Survey" status="PASSED">
         <system-out><![CDATA[2022-01-12 20:19:03 - [TEST_CASE][PASSED] - Test Cases/Student/Student_Survey/Student_Multiple Choice Survey: Test Cases/Student/Student_Survey/Student_Multiple Choice Survey

2022-01-12 20:19:03 - [TEST_STEP][PASSED] - openBrowser(""): Browser is opened with url: ''

2022-01-12 20:19:03 - [MESSAGE][WARNING] - A browser is already opened. Closing browser and opening a new one

2022-01-12 20:19:04 - [MESSAGE][INFO] - Starting 'Chrome' driver

2022-01-12 20:19:04 - [MESSAGE][INFO] - User set preference: ['args', '[window-size=1300,900]']

2022-01-12 20:19:04 - [MESSAGE][INFO] - Action delay is set to 0 milliseconds

2022-01-12 20:19:05 - [MESSAGE][PASSED] - Browser is opened with url: ''

2022-01-12 20:19:05 - [TEST_STEP][PASSED] - navigateToUrl("http://localhost:8080/moodle/"): Navigate to 'http://localhost:8080/moodle/' successfully

2022-01-12 20:19:06 - [MESSAGE][PASSED] - Navigate to 'http://localhost:8080/moodle/' successfully

2022-01-12 20:19:06 - [TEST_STEP][PASSED] - click(findTestObject("Object Repository/Page_BCS Moodle/a_Log in")): Object: 'Object Repository/Page_BCS Moodle/a_Log in' is clicked on

2022-01-12 20:19:07 - [MESSAGE][PASSED] - Object: 'Object Repository/Page_BCS Moodle/a_Log in' is clicked on

2022-01-12 20:19:07 - [TEST_STEP][PASSED] - setText(findTestObject("Object Repository/Page_BCS Moodle Log in to the site/input_Username_username"), "hoangvu"): Text 'hoangvu' is set on object 'Object Repository/Page_BCS Moodle Log in to the site/input_Username_username'

2022-01-12 20:19:07 - [MESSAGE][PASSED] - Text 'hoangvu' is set on object 'Object Repository/Page_BCS Moodle Log in to the site/input_Username_username'

2022-01-12 20:19:07 - [TEST_STEP][PASSED] - setEncryptedText(findTestObject("Object Repository/Page_BCS Moodle Log in to the site/input_Password_password"), "p4y+y39Ir5PR9RXlOHjWlj+CAJiYdX4g"): Text ****** has been set on object 'Object Repository/Page_BCS Moodle Log in to the site/input_Password_password'

2022-01-12 20:19:08 - [MESSAGE][PASSED] - Text ****** has been set on object 'Object Repository/Page_BCS Moodle Log in to the site/input_Password_password'

2022-01-12 20:19:08 - [TEST_STEP][PASSED] - click(findTestObject("Object Repository/Page_BCS Moodle Log in to the site/button_Log in")): Object: 'Object Repository/Page_BCS Moodle Log in to the site/button_Log in' is clicked on

2022-01-12 20:19:09 - [MESSAGE][PASSED] - Object: 'Object Repository/Page_BCS Moodle Log in to the site/button_Log in' is clicked on

2022-01-12 20:19:09 - [TEST_STEP][PASSED] - click(findTestObject("Object Repository/Page_Dashboard/span_TTH")): Object: 'Object Repository/Page_Dashboard/span_TTH' is clicked on

2022-01-12 20:19:12 - [MESSAGE][PASSED] - Object: 'Object Repository/Page_Dashboard/span_TTH' is clicked on

2022-01-12 20:19:12 - [TEST_STEP][PASSED] - click(findTestObject("Object Repository/Page_Course Ton t hp/span_Survey ALLTS")): Object: 'Object Repository/Page_Course Ton t hp/span_Survey ALLTS' is clicked on

2022-01-12 20:19:13 - [MESSAGE][PASSED] - Object: 'Object Repository/Page_Course Ton t hp/span_Survey ALLTS' is clicked on

2022-01-12 20:19:13 - [TEST_STEP][PASSED] - click(findTestObject("Object Repository/Page_Survey ALLTS/input_Not yet answered_q45")): Object: 'Object Repository/Page_Survey ALLTS/input_Not yet answered_q45' is clicked on

2022-01-12 20:19:14 - [MESSAGE][PASSED] - Object: 'Object Repository/Page_Survey ALLTS/input_Not yet answered_q45' is clicked on

2022-01-12 20:19:14 - [TEST_STEP][PASSED] - click(findTestObject("Object Repository/Page_Survey ALLTS/input_Strongly disagree_q46")): Object: 'Object Repository/Page_Survey ALLTS/input_Strongly disagree_q46' is clicked on

2022-01-12 20:19:15 - [MESSAGE][PASSED] - Object: 'Object Repository/Page_Survey ALLTS/input_Strongly disagree_q46' is clicked on

2022-01-12 20:19:15 - [TEST_STEP][PASSED] - click(findTestObject("Object Repository/Page_Survey ALLTS/input_Not yet answered_q47")): Object: 'Object Repository/Page_Survey ALLTS/input_Not yet answered_q47' is clicked on

2022-01-12 20:19:15 - [MESSAGE][PASSED] - Object: 'Object Repository/Page_Survey ALLTS/input_Not yet answered_q47' is clicked on

2022-01-12 20:19:15 - [TEST_STEP][PASSED] - click(findTestObject("Object Repository/Page_Survey ALLTS/input_Strongly disagree_q48")): Object: 'Object Repository/Page_Survey ALLTS/input_Strongly disagree_q48' is clicked on

2022-01-12 20:19:16 - [MESSAGE][PASSED] - Object: 'Object Repository/Page_Survey ALLTS/input_Strongly disagree_q48' is clicked on

2022-01-12 20:19:16 - [TEST_STEP][PASSED] - click(findTestObject("Object Repository/Page_Survey ALLTS/input_Not yet answered_q49")): Object: 'Object Repository/Page_Survey ALLTS/input_Not yet answered_q49' is clicked on

2022-01-12 20:19:16 - [MESSAGE][PASSED] - Object: 'Object Repository/Page_Survey ALLTS/input_Not yet answered_q49' is clicked on

2022-01-12 20:19:16 - [TEST_STEP][PASSED] - click(findTestObject("Object Repository/Page_Survey ALLTS/input_Strongly disagree_q50")): Object: 'Object Repository/Page_Survey ALLTS/input_Strongly disagree_q50' is clicked on

2022-01-12 20:19:17 - [MESSAGE][PASSED] - Object: 'Object Repository/Page_Survey ALLTS/input_Strongly disagree_q50' is clicked on

2022-01-12 20:19:17 - [TEST_STEP][PASSED] - click(findTestObject("Object Repository/Page_Survey ALLTS/input_Strongly disagree_q52")): Object: 'Object Repository/Page_Survey ALLTS/input_Strongly disagree_q52' is clicked on

2022-01-12 20:19:17 - [MESSAGE][PASSED] - Object: 'Object Repository/Page_Survey ALLTS/input_Strongly disagree_q52' is clicked on

2022-01-12 20:19:17 - [TEST_STEP][PASSED] - click(findTestObject("Object Repository/Page_Survey ALLTS/input_Strongly disagree_q51")): Object: 'Object Repository/Page_Survey ALLTS/input_Strongly disagree_q51' is clicked on

2022-01-12 20:19:18 - [MESSAGE][PASSED] - Object: 'Object Repository/Page_Survey ALLTS/input_Strongly disagree_q51' is clicked on

2022-01-12 20:19:18 - [TEST_STEP][PASSED] - click(findTestObject("Object Repository/Page_Survey ALLTS/input_Not yet answered_q53")): Object: 'Object Repository/Page_Survey ALLTS/input_Not yet answered_q53' is clicked on

2022-01-12 20:19:18 - [MESSAGE][PASSED] - Object: 'Object Repository/Page_Survey ALLTS/input_Not yet answered_q53' is clicked on

2022-01-12 20:19:18 - [TEST_STEP][PASSED] - click(findTestObject("Object Repository/Page_Survey ALLTS/input_Not yet answered_q54")): Object: 'Object Repository/Page_Survey ALLTS/input_Not yet answered_q54' is clicked on

2022-01-12 20:19:19 - [MESSAGE][PASSED] - Object: 'Object Repository/Page_Survey ALLTS/input_Not yet answered_q54' is clicked on

2022-01-12 20:19:19 - [TEST_STEP][PASSED] - click(findTestObject("Object Repository/Page_Survey ALLTS/input_Strongly disagree_q55")): Object: 'Object Repository/Page_Survey ALLTS/input_Strongly disagree_q55' is clicked on

2022-01-12 20:19:20 - [MESSAGE][PASSED] - Object: 'Object Repository/Page_Survey ALLTS/input_Strongly disagree_q55' is clicked on

2022-01-12 20:19:20 - [TEST_STEP][PASSED] - click(findTestObject("Object Repository/Page_Survey ALLTS/input_Not yet answered_q56")): Object: 'Object Repository/Page_Survey ALLTS/input_Not yet answered_q56' is clicked on

2022-01-12 20:19:20 - [MESSAGE][PASSED] - Object: 'Object Repository/Page_Survey ALLTS/input_Not yet answered_q56' is clicked on

2022-01-12 20:19:20 - [TEST_STEP][PASSED] - click(findTestObject("Object Repository/Page_Survey ALLTS/input_Strongly disagree_q57")): Object: 'Object Repository/Page_Survey ALLTS/input_Strongly disagree_q57' is clicked on

2022-01-12 20:19:20 - [MESSAGE][PASSED] - Object: 'Object Repository/Page_Survey ALLTS/input_Strongly disagree_q57' is clicked on

2022-01-12 20:19:20 - [TEST_STEP][PASSED] - click(findTestObject("Object Repository/Page_Survey ALLTS/input_Strongly disagree_q58")): Object: 'Object Repository/Page_Survey ALLTS/input_Strongly disagree_q58' is clicked on

2022-01-12 20:19:21 - [MESSAGE][PASSED] - Object: 'Object Repository/Page_Survey ALLTS/input_Strongly disagree_q58' is clicked on

2022-01-12 20:19:21 - [TEST_STEP][PASSED] - click(findTestObject("Object Repository/Page_Survey ALLTS/input_Strongly disagree_q59")): Object: 'Object Repository/Page_Survey ALLTS/input_Strongly disagree_q59' is clicked on

2022-01-12 20:19:21 - [MESSAGE][PASSED] - Object: 'Object Repository/Page_Survey ALLTS/input_Strongly disagree_q59' is clicked on

2022-01-12 20:19:21 - [TEST_STEP][PASSED] - click(findTestObject("Object Repository/Page_Survey ALLTS/input_Strongly disagree_q60")): Object: 'Object Repository/Page_Survey ALLTS/input_Strongly disagree_q60' is clicked on

2022-01-12 20:19:22 - [MESSAGE][PASSED] - Object: 'Object Repository/Page_Survey ALLTS/input_Strongly disagree_q60' is clicked on

2022-01-12 20:19:22 - [TEST_STEP][PASSED] - click(findTestObject("Object Repository/Page_Survey ALLTS/input_Strongly disagree_q61")): Object: 'Object Repository/Page_Survey ALLTS/input_Strongly disagree_q61' is clicked on

2022-01-12 20:19:22 - [MESSAGE][PASSED] - Object: 'Object Repository/Page_Survey ALLTS/input_Strongly disagree_q61' is clicked on

2022-01-12 20:19:22 - [TEST_STEP][PASSED] - click(findTestObject("Object Repository/Page_Survey ALLTS/input_Strongly disagree_q62")): Object: 'Object Repository/Page_Survey ALLTS/input_Strongly disagree_q62' is clicked on

2022-01-12 20:19:23 - [MESSAGE][PASSED] - Object: 'Object Repository/Page_Survey ALLTS/input_Strongly disagree_q62' is clicked on

2022-01-12 20:19:23 - [TEST_STEP][PASSED] - click(findTestObject("Object Repository/Page_Survey ALLTS/input_Strongly disagree_q63")): Object: 'Object Repository/Page_Survey ALLTS/input_Strongly disagree_q63' is clicked on

2022-01-12 20:19:24 - [MESSAGE][PASSED] - Object: 'Object Repository/Page_Survey ALLTS/input_Strongly disagree_q63' is clicked on

2022-01-12 20:19:24 - [TEST_STEP][PASSED] - click(findTestObject("Object Repository/Page_Survey ALLTS/input_Strongly disagree_q64")): Object: 'Object Repository/Page_Survey ALLTS/input_Strongly disagree_q64' is clicked on

2022-01-12 20:19:24 - [MESSAGE][PASSED] - Object: 'Object Repository/Page_Survey ALLTS/input_Strongly disagree_q64' is clicked on

2022-01-12 20:19:24 - [TEST_STEP][PASSED] - click(findTestObject("Object Repository/Page_Survey ALLTS/input_Strongly agree_btn btn-primary")): Object: 'Object Repository/Page_Survey ALLTS/input_Strongly agree_btn btn-primary' is clicked on

2022-01-12 20:19:25 - [MESSAGE][PASSED] - Object: 'Object Repository/Page_Survey ALLTS/input_Strongly agree_btn btn-primary' is clicked on

2022-01-12 20:19:25 - [TEST_STEP][PASSED] - click(findTestObject("Object Repository/Page_Survey saved/button_Continue")): Object: 'Object Repository/Page_Survey saved/button_Continue' is clicked on

2022-01-12 20:19:26 - [MESSAGE][PASSED] - Object: 'Object Repository/Page_Survey saved/button_Continue' is clicked on

2022-01-12 20:19:26 - [TEST_STEP][PASSED] - click(findTestObject("Object Repository/Page_Course Ton t hp/span_Survey ALLTS")): Object: 'Object Repository/Page_Course Ton t hp/span_Survey ALLTS' is clicked on

2022-01-12 20:19:28 - [MESSAGE][PASSED] - Object: 'Object Repository/Page_Course Ton t hp/span_Survey ALLTS' is clicked on

2022-01-12 20:19:28 - [TEST_STEP][PASSED] - verifyElementText(findTestObject("Object Repository/Page_Survey ALLTS/div_Youve completed this survey.  The graph_fd12d9"), "You've completed this survey. The graph below shows a summary of your results compared to the class averages."): Actual text and expected text of test object 'Object Repository/Page_Survey ALLTS/div_Youve completed this survey.  The graph_fd12d9' are matched.

2022-01-12 20:19:28 - [MESSAGE][PASSED] - Actual text and expected text of test object 'Object Repository/Page_Survey ALLTS/div_Youve completed this survey.  The graph_fd12d9' are matched.

2022-01-12 20:19:28 - [TEST_STEP][PASSED] - closeBrowser(): Browser is closed

2022-01-12 20:19:29 - [MESSAGE][PASSED] - Browser is closed]]></system-out>
         <system-err><![CDATA[]]></system-err>
      </testcase>
      <testcase name="Test Cases/Student/Student_Quiz/Student_Quiz_Multiple Choices With Multiple Questions" time="23.535" classname="Test Cases/Student/Student_Quiz/Student_Quiz_Multiple Choices With Multiple Questions" status="PASSED">
         <system-out><![CDATA[2022-01-12 20:19:29 - [TEST_CASE][PASSED] - Test Cases/Student/Student_Quiz/Student_Quiz_Multiple Choices With Multiple Questions: Test Cases/Student/Student_Quiz/Student_Quiz_Multiple Choices With Multiple Questions

2022-01-12 20:19:29 - [TEST_STEP][PASSED] - openBrowser(""): Browser is opened with url: ''

2022-01-12 20:19:29 - [MESSAGE][INFO] - Starting 'Chrome' driver

2022-01-12 20:19:29 - [MESSAGE][INFO] - User set preference: ['args', '[window-size=1300,900]']

2022-01-12 20:19:29 - [MESSAGE][INFO] - Action delay is set to 0 milliseconds

2022-01-12 20:19:30 - [MESSAGE][PASSED] - Browser is opened with url: ''

2022-01-12 20:19:30 - [TEST_STEP][PASSED] - navigateToUrl("http://localhost:8080/moodle/"): Navigate to 'http://localhost:8080/moodle/' successfully

2022-01-12 20:19:31 - [MESSAGE][PASSED] - Navigate to 'http://localhost:8080/moodle/' successfully

2022-01-12 20:19:31 - [TEST_STEP][PASSED] - click(findTestObject("Object Repository/Page_BCS Moodle/a_Log in")): Object: 'Object Repository/Page_BCS Moodle/a_Log in' is clicked on

2022-01-12 20:19:32 - [MESSAGE][PASSED] - Object: 'Object Repository/Page_BCS Moodle/a_Log in' is clicked on

2022-01-12 20:19:32 - [TEST_STEP][PASSED] - setText(findTestObject("Object Repository/Page_BCS Moodle Log in to the site/input_Username_username"), "hoangvu"): Text 'hoangvu' is set on object 'Object Repository/Page_BCS Moodle Log in to the site/input_Username_username'

2022-01-12 20:19:33 - [MESSAGE][PASSED] - Text 'hoangvu' is set on object 'Object Repository/Page_BCS Moodle Log in to the site/input_Username_username'

2022-01-12 20:19:33 - [TEST_STEP][PASSED] - setEncryptedText(findTestObject("Object Repository/Page_BCS Moodle Log in to the site/input_Password_password"), "p4y+y39Ir5PR9RXlOHjWlj+CAJiYdX4g"): Text ****** has been set on object 'Object Repository/Page_BCS Moodle Log in to the site/input_Password_password'

2022-01-12 20:19:33 - [MESSAGE][PASSED] - Text ****** has been set on object 'Object Repository/Page_BCS Moodle Log in to the site/input_Password_password'

2022-01-12 20:19:33 - [TEST_STEP][PASSED] - click(findTestObject("Object Repository/Page_BCS Moodle Log in to the site/button_Log in")): Object: 'Object Repository/Page_BCS Moodle Log in to the site/button_Log in' is clicked on

2022-01-12 20:19:35 - [MESSAGE][PASSED] - Object: 'Object Repository/Page_BCS Moodle Log in to the site/button_Log in' is clicked on

2022-01-12 20:19:35 - [TEST_STEP][PASSED] - navigateToUrl("http://localhost:8080/moodle/course/view.php?id=4"): Navigate to 'http://localhost:8080/moodle/course/view.php?id=4' successfully

2022-01-12 20:19:35 - [MESSAGE][PASSED] - Navigate to 'http://localhost:8080/moodle/course/view.php?id=4' successfully

2022-01-12 20:19:35 - [TEST_STEP][PASSED] - click(findTestObject("Object Repository/Page_Course Ton t hp/span_Quiz Nhiu cu  nhiu la chn")): Object: 'Object Repository/Page_Course Ton t hp/span_Quiz Nhiu cu  nhiu la chn' is clicked on

2022-01-12 20:19:37 - [MESSAGE][PASSED] - Object: 'Object Repository/Page_Course Ton t hp/span_Quiz Nhiu cu  nhiu la chn' is clicked on

2022-01-12 20:19:37 - [TEST_STEP][PASSED] - navigateToUrl("http://localhost:8080/moodle/mod/quiz/view.php?id=21"): Navigate to 'http://localhost:8080/moodle/mod/quiz/view.php?id=21' successfully

2022-01-12 20:19:38 - [MESSAGE][PASSED] - Navigate to 'http://localhost:8080/moodle/mod/quiz/view.php?id=21' successfully

2022-01-12 20:19:38 - [TEST_STEP][PASSED] - click(findTestObject("Object Repository/Page_TTH Quiz Nhiu cu  nhiu la chn/button_Attempt quiz now")): Object: 'Object Repository/Page_TTH Quiz Nhiu cu  nhiu la chn/button_Attempt quiz now' is clicked on

2022-01-12 20:19:40 - [MESSAGE][PASSED] - Object: 'Object Repository/Page_TTH Quiz Nhiu cu  nhiu la chn/button_Attempt quiz now' is clicked on

2022-01-12 20:19:40 - [TEST_STEP][PASSED] - click(findTestObject("Object Repository/Page_Quiz Nhiu cu  nhiu la chn (page 1 of 2)/div_b. 6")): Object: 'Object Repository/Page_Quiz Nhiu cu  nhiu la chn (page 1 of 2)/div_b. 6' is clicked on

2022-01-12 20:19:40 - [MESSAGE][PASSED] - Object: 'Object Repository/Page_Quiz Nhiu cu  nhiu la chn (page 1 of 2)/div_b. 6' is clicked on

2022-01-12 20:19:40 - [TEST_STEP][PASSED] - click(findTestObject("Object Repository/Page_Quiz Nhiu cu  nhiu la chn (page 1 of 2)/input_a_q201_choice1")): Object: 'Object Repository/Page_Quiz Nhiu cu  nhiu la chn (page 1 of 2)/input_a_q201_choice1' is clicked on

2022-01-12 20:19:41 - [MESSAGE][PASSED] - Object: 'Object Repository/Page_Quiz Nhiu cu  nhiu la chn (page 1 of 2)/input_a_q201_choice1' is clicked on

2022-01-12 20:19:41 - [TEST_STEP][PASSED] - click(findTestObject("Object Repository/Page_Quiz Nhiu cu  nhiu la chn (page 1 of 2)/input_b_q201_choice2")): Object: 'Object Repository/Page_Quiz Nhiu cu  nhiu la chn (page 1 of 2)/input_b_q201_choice2' is clicked on

2022-01-12 20:19:41 - [MESSAGE][PASSED] - Object: 'Object Repository/Page_Quiz Nhiu cu  nhiu la chn (page 1 of 2)/input_b_q201_choice2' is clicked on

2022-01-12 20:19:41 - [TEST_STEP][PASSED] - click(findTestObject("Object Repository/Page_Quiz Nhiu cu  nhiu la chn (page 1 of 2)/input_c_q201_choice3")): Object: 'Object Repository/Page_Quiz Nhiu cu  nhiu la chn (page 1 of 2)/input_c_q201_choice3' is clicked on

2022-01-12 20:19:42 - [MESSAGE][PASSED] - Object: 'Object Repository/Page_Quiz Nhiu cu  nhiu la chn (page 1 of 2)/input_c_q201_choice3' is clicked on

2022-01-12 20:19:42 - [TEST_STEP][PASSED] - click(findTestObject("Object Repository/Page_Quiz Nhiu cu  nhiu la chn (page 1 of 2)/input_b_q202_choice2")): Object: 'Object Repository/Page_Quiz Nhiu cu  nhiu la chn (page 1 of 2)/input_b_q202_choice2' is clicked on

2022-01-12 20:19:42 - [MESSAGE][PASSED] - Object: 'Object Repository/Page_Quiz Nhiu cu  nhiu la chn (page 1 of 2)/input_b_q202_choice2' is clicked on

2022-01-12 20:19:42 - [TEST_STEP][PASSED] - click(findTestObject("Object Repository/Page_Quiz Nhiu cu  nhiu la chn (page 1 of 2)/input_a_q202_choice1")): Object: 'Object Repository/Page_Quiz Nhiu cu  nhiu la chn (page 1 of 2)/input_a_q202_choice1' is clicked on

2022-01-12 20:19:42 - [MESSAGE][PASSED] - Object: 'Object Repository/Page_Quiz Nhiu cu  nhiu la chn (page 1 of 2)/input_a_q202_choice1' is clicked on

2022-01-12 20:19:42 - [TEST_STEP][PASSED] - click(findTestObject("Object Repository/Page_Quiz Nhiu cu  nhiu la chn (page 1 of 2)/input_c_q202_choice3")): Object: 'Object Repository/Page_Quiz Nhiu cu  nhiu la chn (page 1 of 2)/input_c_q202_choice3' is clicked on

2022-01-12 20:19:43 - [MESSAGE][PASSED] - Object: 'Object Repository/Page_Quiz Nhiu cu  nhiu la chn (page 1 of 2)/input_c_q202_choice3' is clicked on

2022-01-12 20:19:43 - [TEST_STEP][PASSED] - click(findTestObject("Object Repository/Page_Quiz Nhiu cu  nhiu la chn (page 1 of 2)/input_Question text_q202_choice0")): Object: 'Object Repository/Page_Quiz Nhiu cu  nhiu la chn (page 1 of 2)/input_Question text_q202_choice0' is clicked on

2022-01-12 20:19:44 - [MESSAGE][PASSED] - Object: 'Object Repository/Page_Quiz Nhiu cu  nhiu la chn (page 1 of 2)/input_Question text_q202_choice0' is clicked on

2022-01-12 20:19:44 - [TEST_STEP][PASSED] - click(findTestObject("Object Repository/Page_Quiz Nhiu cu  nhiu la chn (page 1 of 2)/input_d_next")): Object: 'Object Repository/Page_Quiz Nhiu cu  nhiu la chn (page 1 of 2)/input_d_next' is clicked on

2022-01-12 20:19:45 - [MESSAGE][PASSED] - Object: 'Object Repository/Page_Quiz Nhiu cu  nhiu la chn (page 1 of 2)/input_d_next' is clicked on

2022-01-12 20:19:45 - [TEST_STEP][PASSED] - click(findTestObject("Object Repository/Page_Quiz Nhiu cu  nhiu la chn (page 2 of 2)/input_c_q203_choice3")): Object: 'Object Repository/Page_Quiz Nhiu cu  nhiu la chn (page 2 of 2)/input_c_q203_choice3' is clicked on

2022-01-12 20:19:45 - [MESSAGE][PASSED] - Object: 'Object Repository/Page_Quiz Nhiu cu  nhiu la chn (page 2 of 2)/input_c_q203_choice3' is clicked on

2022-01-12 20:19:45 - [TEST_STEP][PASSED] - click(findTestObject("Object Repository/Page_Quiz Nhiu cu  nhiu la chn (page 2 of 2)/div_c. 32")): Object: 'Object Repository/Page_Quiz Nhiu cu  nhiu la chn (page 2 of 2)/div_c. 32' is clicked on

2022-01-12 20:19:46 - [MESSAGE][PASSED] - Object: 'Object Repository/Page_Quiz Nhiu cu  nhiu la chn (page 2 of 2)/div_c. 32' is clicked on

2022-01-12 20:19:46 - [TEST_STEP][PASSED] - click(findTestObject("Object Repository/Page_Quiz Nhiu cu  nhiu la chn (page 2 of 2)/input_b_q203_choice2")): Object: 'Object Repository/Page_Quiz Nhiu cu  nhiu la chn (page 2 of 2)/input_b_q203_choice2' is clicked on

2022-01-12 20:19:46 - [MESSAGE][PASSED] - Object: 'Object Repository/Page_Quiz Nhiu cu  nhiu la chn (page 2 of 2)/input_b_q203_choice2' is clicked on

2022-01-12 20:19:46 - [TEST_STEP][PASSED] - click(findTestObject("Object Repository/Page_Quiz Nhiu cu  nhiu la chn (page 2 of 2)/input_d_next")): Object: 'Object Repository/Page_Quiz Nhiu cu  nhiu la chn (page 2 of 2)/input_d_next' is clicked on

2022-01-12 20:19:47 - [MESSAGE][PASSED] - Object: 'Object Repository/Page_Quiz Nhiu cu  nhiu la chn (page 2 of 2)/input_d_next' is clicked on

2022-01-12 20:19:47 - [TEST_STEP][PASSED] - verifyElementText(findTestObject("Object Repository/Page_Quiz Nhiu cu  nhiu la chn Attempt summary/td_Answer saved"), "Answer saved"): Actual text and expected text of test object 'Object Repository/Page_Quiz Nhiu cu  nhiu la chn Attempt summary/td_Answer saved' are matched.

2022-01-12 20:19:48 - [MESSAGE][PASSED] - Actual text and expected text of test object 'Object Repository/Page_Quiz Nhiu cu  nhiu la chn Attempt summary/td_Answer saved' are matched.

2022-01-12 20:19:48 - [TEST_STEP][PASSED] - click(findTestObject("Object Repository/Page_Quiz Nhiu cu  nhiu la chn Attempt summary/button_Submit all and finish_1")): Object: 'Object Repository/Page_Quiz Nhiu cu  nhiu la chn Attempt summary/button_Submit all and finish_1' is clicked on

2022-01-12 20:19:48 - [MESSAGE][PASSED] - Object: 'Object Repository/Page_Quiz Nhiu cu  nhiu la chn Attempt summary/button_Submit all and finish_1' is clicked on

2022-01-12 20:19:48 - [TEST_STEP][PASSED] - click(findTestObject("Object Repository/Page_Quiz Nhiu cu  nhiu la chn Attempt summary/input_Once you submit, you will no longer b_741fcb")): Object: 'Object Repository/Page_Quiz Nhiu cu  nhiu la chn Attempt summary/input_Once you submit, you will no longer b_741fcb' is clicked on

2022-01-12 20:19:50 - [MESSAGE][PASSED] - Object: 'Object Repository/Page_Quiz Nhiu cu  nhiu la chn Attempt summary/input_Once you submit, you will no longer b_741fcb' is clicked on

2022-01-12 20:19:50 - [TEST_STEP][PASSED] - verifyElementText(findTestObject("Object Repository/Page_Quiz Nhiu cu  nhiu la chn Attempt review/td_Finished"), "Finished"): Actual text and expected text of test object 'Object Repository/Page_Quiz Nhiu cu  nhiu la chn Attempt review/td_Finished' are matched.

2022-01-12 20:19:51 - [MESSAGE][PASSED] - Actual text and expected text of test object 'Object Repository/Page_Quiz Nhiu cu  nhiu la chn Attempt review/td_Finished' are matched.

2022-01-12 20:19:51 - [TEST_STEP][PASSED] - click(findTestObject("Object Repository/Page_Quiz Nhiu cu  nhiu la chn Attempt review/a_Finish review")): Object: 'Object Repository/Page_Quiz Nhiu cu  nhiu la chn Attempt review/a_Finish review' is clicked on

2022-01-12 20:19:52 - [MESSAGE][PASSED] - Object: 'Object Repository/Page_Quiz Nhiu cu  nhiu la chn Attempt review/a_Finish review' is clicked on

2022-01-12 20:19:52 - [TEST_STEP][PASSED] - closeBrowser(): Browser is closed

2022-01-12 20:19:52 - [MESSAGE][PASSED] - Browser is closed]]></system-out>
         <system-err><![CDATA[]]></system-err>
      </testcase>
      <testcase name="Test Cases/Student/Student_Quiz/Student_Quiz_Multiple Choices With One Question" time="17.341" classname="Test Cases/Student/Student_Quiz/Student_Quiz_Multiple Choices With One Question" status="PASSED">
         <system-out><![CDATA[2022-01-12 20:19:52 - [TEST_CASE][PASSED] - Test Cases/Student/Student_Quiz/Student_Quiz_Multiple Choices With One Question: Test Cases/Student/Student_Quiz/Student_Quiz_Multiple Choices With One Question

2022-01-12 20:19:52 - [TEST_STEP][PASSED] - openBrowser(""): Browser is opened with url: ''

2022-01-12 20:19:52 - [MESSAGE][INFO] - Starting 'Chrome' driver

2022-01-12 20:19:52 - [MESSAGE][INFO] - User set preference: ['args', '[window-size=1300,900]']

2022-01-12 20:19:52 - [MESSAGE][INFO] - Action delay is set to 0 milliseconds

2022-01-12 20:19:54 - [MESSAGE][PASSED] - Browser is opened with url: ''

2022-01-12 20:19:54 - [TEST_STEP][PASSED] - navigateToUrl("http://localhost:8080/moodle/"): Navigate to 'http://localhost:8080/moodle/' successfully

2022-01-12 20:19:54 - [MESSAGE][PASSED] - Navigate to 'http://localhost:8080/moodle/' successfully

2022-01-12 20:19:54 - [TEST_STEP][PASSED] - click(findTestObject("Object Repository/Page_BCS Moodle/a_Log in")): Object: 'Object Repository/Page_BCS Moodle/a_Log in' is clicked on

2022-01-12 20:19:55 - [MESSAGE][PASSED] - Object: 'Object Repository/Page_BCS Moodle/a_Log in' is clicked on

2022-01-12 20:19:55 - [TEST_STEP][PASSED] - setText(findTestObject("Object Repository/Page_BCS Moodle Log in to the site/input_Username_username"), "hoangvu"): Text 'hoangvu' is set on object 'Object Repository/Page_BCS Moodle Log in to the site/input_Username_username'

2022-01-12 20:19:56 - [MESSAGE][PASSED] - Text 'hoangvu' is set on object 'Object Repository/Page_BCS Moodle Log in to the site/input_Username_username'

2022-01-12 20:19:56 - [TEST_STEP][PASSED] - setEncryptedText(findTestObject("Object Repository/Page_BCS Moodle Log in to the site/input_Password_password"), "p4y+y39Ir5PR9RXlOHjWlj+CAJiYdX4g"): Text ****** has been set on object 'Object Repository/Page_BCS Moodle Log in to the site/input_Password_password'

2022-01-12 20:19:57 - [MESSAGE][PASSED] - Text ****** has been set on object 'Object Repository/Page_BCS Moodle Log in to the site/input_Password_password'

2022-01-12 20:19:57 - [TEST_STEP][PASSED] - click(findTestObject("Object Repository/Page_BCS Moodle Log in to the site/button_Log in")): Object: 'Object Repository/Page_BCS Moodle Log in to the site/button_Log in' is clicked on

2022-01-12 20:19:58 - [MESSAGE][PASSED] - Object: 'Object Repository/Page_BCS Moodle Log in to the site/button_Log in' is clicked on

2022-01-12 20:19:58 - [TEST_STEP][PASSED] - navigateToUrl("http://localhost:8080/moodle/course/view.php?id=4"): Navigate to 'http://localhost:8080/moodle/course/view.php?id=4' successfully

2022-01-12 20:19:59 - [MESSAGE][PASSED] - Navigate to 'http://localhost:8080/moodle/course/view.php?id=4' successfully

2022-01-12 20:19:59 - [TEST_STEP][PASSED] - click(findTestObject("Object Repository/Page_Course Ton t hp/span_Quiz Nhiu la chn  Mt cu")): Object: 'Object Repository/Page_Course Ton t hp/span_Quiz Nhiu la chn  Mt cu' is clicked on

2022-01-12 20:20:01 - [MESSAGE][PASSED] - Object: 'Object Repository/Page_Course Ton t hp/span_Quiz Nhiu la chn  Mt cu' is clicked on

2022-01-12 20:20:01 - [TEST_STEP][PASSED] - navigateToUrl("http://localhost:8080/moodle/mod/quiz/view.php?id=20"): Navigate to 'http://localhost:8080/moodle/mod/quiz/view.php?id=20' successfully

2022-01-12 20:20:01 - [MESSAGE][PASSED] - Navigate to 'http://localhost:8080/moodle/mod/quiz/view.php?id=20' successfully

2022-01-12 20:20:01 - [TEST_STEP][PASSED] - click(findTestObject("Object Repository/Page_TTH Quiz Nhiu la chn  Mt cu/button_Re-attempt quiz")): Object: 'Object Repository/Page_TTH Quiz Nhiu la chn  Mt cu/button_Re-attempt quiz' is clicked on

2022-01-12 20:20:03 - [MESSAGE][PASSED] - Object: 'Object Repository/Page_TTH Quiz Nhiu la chn  Mt cu/button_Re-attempt quiz' is clicked on

2022-01-12 20:20:03 - [TEST_STEP][PASSED] - click(findTestObject("Object Repository/Page_Quiz Nhiu la chn  Mt cu/input_Question text_q261_choice0")): Object: 'Object Repository/Page_Quiz Nhiu la chn  Mt cu/input_Question text_q261_choice0' is clicked on

2022-01-12 20:20:03 - [MESSAGE][PASSED] - Object: 'Object Repository/Page_Quiz Nhiu la chn  Mt cu/input_Question text_q261_choice0' is clicked on

2022-01-12 20:20:03 - [TEST_STEP][PASSED] - click(findTestObject("Object Repository/Page_Quiz Nhiu la chn  Mt cu/input_a_q261_choice1")): Object: 'Object Repository/Page_Quiz Nhiu la chn  Mt cu/input_a_q261_choice1' is clicked on

2022-01-12 20:20:04 - [MESSAGE][PASSED] - Object: 'Object Repository/Page_Quiz Nhiu la chn  Mt cu/input_a_q261_choice1' is clicked on

2022-01-12 20:20:04 - [TEST_STEP][PASSED] - click(findTestObject("Object Repository/Page_Quiz Nhiu la chn  Mt cu/input_d_next")): Object: 'Object Repository/Page_Quiz Nhiu la chn  Mt cu/input_d_next' is clicked on

2022-01-12 20:20:05 - [MESSAGE][PASSED] - Object: 'Object Repository/Page_Quiz Nhiu la chn  Mt cu/input_d_next' is clicked on

2022-01-12 20:20:05 - [TEST_STEP][PASSED] - verifyElementText(findTestObject("Object Repository/Page_Quiz Nhiu cu  nhiu la chn Attempt summary/td_Answer saved"), "Answer saved"): Actual text and expected text of test object 'Object Repository/Page_Quiz Nhiu cu  nhiu la chn Attempt summary/td_Answer saved' are matched.

2022-01-12 20:20:06 - [MESSAGE][PASSED] - Actual text and expected text of test object 'Object Repository/Page_Quiz Nhiu cu  nhiu la chn Attempt summary/td_Answer saved' are matched.

2022-01-12 20:20:06 - [TEST_STEP][PASSED] - click(findTestObject("Object Repository/Page_Quiz Nhiu la chn  Mt cu Attempt summary/button_Submit all and finish")): Object: 'Object Repository/Page_Quiz Nhiu la chn  Mt cu Attempt summary/button_Submit all and finish' is clicked on

2022-01-12 20:20:06 - [MESSAGE][PASSED] - Object: 'Object Repository/Page_Quiz Nhiu la chn  Mt cu Attempt summary/button_Submit all and finish' is clicked on

2022-01-12 20:20:06 - [TEST_STEP][PASSED] - click(findTestObject("Object Repository/Page_Quiz Nhiu la chn  Mt cu Attempt summary/input_Once you submit, you will no longer b_983128")): Object: 'Object Repository/Page_Quiz Nhiu la chn  Mt cu Attempt summary/input_Once you submit, you will no longer b_983128' is clicked on

2022-01-12 20:20:07 - [MESSAGE][PASSED] - Object: 'Object Repository/Page_Quiz Nhiu la chn  Mt cu Attempt summary/input_Once you submit, you will no longer b_983128' is clicked on

2022-01-12 20:20:07 - [TEST_STEP][PASSED] - verifyElementText(findTestObject("Object Repository/Page_Quiz Nhiu cu  nhiu la chn Attempt review/td_Finished"), "Finished"): Actual text and expected text of test object 'Object Repository/Page_Quiz Nhiu cu  nhiu la chn Attempt review/td_Finished' are matched.

2022-01-12 20:20:08 - [MESSAGE][PASSED] - Actual text and expected text of test object 'Object Repository/Page_Quiz Nhiu cu  nhiu la chn Attempt review/td_Finished' are matched.

2022-01-12 20:20:08 - [TEST_STEP][PASSED] - click(findTestObject("Object Repository/Page_Quiz Nhiu la chn  Mt cu Attempt review/a_Finish review")): Object: 'Object Repository/Page_Quiz Nhiu la chn  Mt cu Attempt review/a_Finish review' is clicked on

2022-01-12 20:20:09 - [MESSAGE][PASSED] - Object: 'Object Repository/Page_Quiz Nhiu la chn  Mt cu Attempt review/a_Finish review' is clicked on

2022-01-12 20:20:09 - [TEST_STEP][PASSED] - closeBrowser(): Browser is closed

2022-01-12 20:20:10 - [MESSAGE][PASSED] - Browser is closed]]></system-out>
         <system-err><![CDATA[]]></system-err>
      </testcase>
      <testcase name="Test Cases/Student/Student_Quiz/Student_Quiz_Single Choice With Multiple Questions" time="19.912" classname="Test Cases/Student/Student_Quiz/Student_Quiz_Single Choice With Multiple Questions" status="PASSED">
         <system-out><![CDATA[2022-01-12 20:20:10 - [TEST_CASE][PASSED] - Test Cases/Student/Student_Quiz/Student_Quiz_Single Choice With Multiple Questions: Test Cases/Student/Student_Quiz/Student_Quiz_Single Choice With Multiple Questions

2022-01-12 20:20:10 - [TEST_STEP][PASSED] - openBrowser(""): Browser is opened with url: ''

2022-01-12 20:20:10 - [MESSAGE][INFO] - Starting 'Chrome' driver

2022-01-12 20:20:10 - [MESSAGE][INFO] - User set preference: ['args', '[window-size=1300,900]']

2022-01-12 20:20:10 - [MESSAGE][INFO] - Action delay is set to 0 milliseconds

2022-01-12 20:20:11 - [MESSAGE][PASSED] - Browser is opened with url: ''

2022-01-12 20:20:11 - [TEST_STEP][PASSED] - navigateToUrl("http://localhost:8080/moodle/"): Navigate to 'http://localhost:8080/moodle/' successfully

2022-01-12 20:20:12 - [MESSAGE][PASSED] - Navigate to 'http://localhost:8080/moodle/' successfully

2022-01-12 20:20:12 - [TEST_STEP][PASSED] - click(findTestObject("Object Repository/Page_BCS Moodle/a_Log in")): Object: 'Object Repository/Page_BCS Moodle/a_Log in' is clicked on

2022-01-12 20:20:13 - [MESSAGE][PASSED] - Object: 'Object Repository/Page_BCS Moodle/a_Log in' is clicked on

2022-01-12 20:20:13 - [TEST_STEP][PASSED] - setText(findTestObject("Object Repository/Page_BCS Moodle Log in to the site/input_Username_username"), "hoangvu"): Text 'hoangvu' is set on object 'Object Repository/Page_BCS Moodle Log in to the site/input_Username_username'

2022-01-12 20:20:13 - [MESSAGE][PASSED] - Text 'hoangvu' is set on object 'Object Repository/Page_BCS Moodle Log in to the site/input_Username_username'

2022-01-12 20:20:13 - [TEST_STEP][PASSED] - setEncryptedText(findTestObject("Object Repository/Page_BCS Moodle Log in to the site/input_Password_password"), "p4y+y39Ir5PR9RXlOHjWlj+CAJiYdX4g"): Text ****** has been set on object 'Object Repository/Page_BCS Moodle Log in to the site/input_Password_password'

2022-01-12 20:20:14 - [MESSAGE][PASSED] - Text ****** has been set on object 'Object Repository/Page_BCS Moodle Log in to the site/input_Password_password'

2022-01-12 20:20:14 - [TEST_STEP][PASSED] - click(findTestObject("Object Repository/Page_BCS Moodle Log in to the site/button_Log in")): Object: 'Object Repository/Page_BCS Moodle Log in to the site/button_Log in' is clicked on

2022-01-12 20:20:15 - [MESSAGE][PASSED] - Object: 'Object Repository/Page_BCS Moodle Log in to the site/button_Log in' is clicked on

2022-01-12 20:20:15 - [TEST_STEP][PASSED] - navigateToUrl("http://localhost:8080/moodle/course/view.php?id=4"): Navigate to 'http://localhost:8080/moodle/course/view.php?id=4' successfully

2022-01-12 20:20:16 - [MESSAGE][PASSED] - Navigate to 'http://localhost:8080/moodle/course/view.php?id=4' successfully

2022-01-12 20:20:16 - [TEST_STEP][PASSED] - click(findTestObject("Object Repository/Page_Course Ton t hp/span_Quiz Nhiu cu  1 la chn")): Object: 'Object Repository/Page_Course Ton t hp/span_Quiz Nhiu cu  1 la chn' is clicked on

2022-01-12 20:20:18 - [MESSAGE][PASSED] - Object: 'Object Repository/Page_Course Ton t hp/span_Quiz Nhiu cu  1 la chn' is clicked on

2022-01-12 20:20:18 - [TEST_STEP][PASSED] - navigateToUrl("http://localhost:8080/moodle/mod/quiz/view.php?id=22"): Navigate to 'http://localhost:8080/moodle/mod/quiz/view.php?id=22' successfully

2022-01-12 20:20:18 - [MESSAGE][PASSED] - Navigate to 'http://localhost:8080/moodle/mod/quiz/view.php?id=22' successfully

2022-01-12 20:20:18 - [TEST_STEP][PASSED] - click(findTestObject("Object Repository/Page_TTH Quiz Nhiu cu  1 la chn/button_Attempt quiz now")): Object: 'Object Repository/Page_TTH Quiz Nhiu cu  1 la chn/button_Attempt quiz now' is clicked on

2022-01-12 20:20:20 - [MESSAGE][PASSED] - Object: 'Object Repository/Page_TTH Quiz Nhiu cu  1 la chn/button_Attempt quiz now' is clicked on

2022-01-12 20:20:20 - [TEST_STEP][PASSED] - click(findTestObject("Object Repository/Page_Quiz Nhiu cu  1 la chn (page 1 of 2)/input_Question text_q221_answer")): Object: 'Object Repository/Page_Quiz Nhiu cu  1 la chn (page 1 of 2)/input_Question text_q221_answer' is clicked on

2022-01-12 20:20:20 - [MESSAGE][PASSED] - Object: 'Object Repository/Page_Quiz Nhiu cu  1 la chn (page 1 of 2)/input_Question text_q221_answer' is clicked on

2022-01-12 20:20:20 - [TEST_STEP][PASSED] - click(findTestObject("Object Repository/Page_Quiz Nhiu cu  1 la chn (page 1 of 2)/div_c. 16")): Object: 'Object Repository/Page_Quiz Nhiu cu  1 la chn (page 1 of 2)/div_c. 16' is clicked on

2022-01-12 20:20:21 - [MESSAGE][PASSED] - Object: 'Object Repository/Page_Quiz Nhiu cu  1 la chn (page 1 of 2)/div_c. 16' is clicked on

2022-01-12 20:20:21 - [TEST_STEP][PASSED] - click(findTestObject("Object Repository/Page_Quiz Nhiu cu  1 la chn (page 1 of 2)/input_b_q221_answer")): Object: 'Object Repository/Page_Quiz Nhiu cu  1 la chn (page 1 of 2)/input_b_q221_answer' is clicked on

2022-01-12 20:20:21 - [MESSAGE][PASSED] - Object: 'Object Repository/Page_Quiz Nhiu cu  1 la chn (page 1 of 2)/input_b_q221_answer' is clicked on

2022-01-12 20:20:21 - [TEST_STEP][PASSED] - click(findTestObject("Object Repository/Page_Quiz Nhiu cu  1 la chn (page 1 of 2)/input_c_q222_answer")): Object: 'Object Repository/Page_Quiz Nhiu cu  1 la chn (page 1 of 2)/input_c_q222_answer' is clicked on

2022-01-12 20:20:22 - [MESSAGE][PASSED] - Object: 'Object Repository/Page_Quiz Nhiu cu  1 la chn (page 1 of 2)/input_c_q222_answer' is clicked on

2022-01-12 20:20:22 - [TEST_STEP][PASSED] - click(findTestObject("Object Repository/Page_Quiz Nhiu cu  1 la chn (page 1 of 2)/input_d_next")): Object: 'Object Repository/Page_Quiz Nhiu cu  1 la chn (page 1 of 2)/input_d_next' is clicked on

2022-01-12 20:20:23 - [MESSAGE][PASSED] - Object: 'Object Repository/Page_Quiz Nhiu cu  1 la chn (page 1 of 2)/input_d_next' is clicked on

2022-01-12 20:20:23 - [TEST_STEP][PASSED] - click(findTestObject("Object Repository/Page_Quiz Nhiu cu  1 la chn (page 2 of 2)/input_b_q223_answer")): Object: 'Object Repository/Page_Quiz Nhiu cu  1 la chn (page 2 of 2)/input_b_q223_answer' is clicked on

2022-01-12 20:20:24 - [MESSAGE][PASSED] - Object: 'Object Repository/Page_Quiz Nhiu cu  1 la chn (page 2 of 2)/input_b_q223_answer' is clicked on

2022-01-12 20:20:24 - [TEST_STEP][PASSED] - click(findTestObject("Object Repository/Page_Quiz Nhiu cu  1 la chn (page 2 of 2)/input_d_next")): Object: 'Object Repository/Page_Quiz Nhiu cu  1 la chn (page 2 of 2)/input_d_next' is clicked on

2022-01-12 20:20:25 - [MESSAGE][PASSED] - Object: 'Object Repository/Page_Quiz Nhiu cu  1 la chn (page 2 of 2)/input_d_next' is clicked on

2022-01-12 20:20:25 - [TEST_STEP][PASSED] - verifyElementText(findTestObject("Object Repository/Page_Quiz Nhiu cu  nhiu la chn Attempt summary/td_Answer saved"), "Answer saved"): Actual text and expected text of test object 'Object Repository/Page_Quiz Nhiu cu  nhiu la chn Attempt summary/td_Answer saved' are matched.

2022-01-12 20:20:25 - [MESSAGE][PASSED] - Actual text and expected text of test object 'Object Repository/Page_Quiz Nhiu cu  nhiu la chn Attempt summary/td_Answer saved' are matched.

2022-01-12 20:20:25 - [TEST_STEP][PASSED] - click(findTestObject("Object Repository/Page_Quiz Nhiu cu  1 la chn Attempt summary/button_Submit all and finish")): Object: 'Object Repository/Page_Quiz Nhiu cu  1 la chn Attempt summary/button_Submit all and finish' is clicked on

2022-01-12 20:20:26 - [MESSAGE][PASSED] - Object: 'Object Repository/Page_Quiz Nhiu cu  1 la chn Attempt summary/button_Submit all and finish' is clicked on

2022-01-12 20:20:26 - [TEST_STEP][PASSED] - click(findTestObject("Object Repository/Page_Quiz Nhiu cu  1 la chn Attempt summary/input_Once you submit, you will no longer b_29f5c2")): Object: 'Object Repository/Page_Quiz Nhiu cu  1 la chn Attempt summary/input_Once you submit, you will no longer b_29f5c2' is clicked on

2022-01-12 20:20:27 - [MESSAGE][PASSED] - Object: 'Object Repository/Page_Quiz Nhiu cu  1 la chn Attempt summary/input_Once you submit, you will no longer b_29f5c2' is clicked on

2022-01-12 20:20:27 - [TEST_STEP][PASSED] - verifyElementText(findTestObject("Object Repository/Page_Quiz Nhiu cu  nhiu la chn Attempt review/td_Finished"), "Finished"): Actual text and expected text of test object 'Object Repository/Page_Quiz Nhiu cu  nhiu la chn Attempt review/td_Finished' are matched.

2022-01-12 20:20:28 - [MESSAGE][PASSED] - Actual text and expected text of test object 'Object Repository/Page_Quiz Nhiu cu  nhiu la chn Attempt review/td_Finished' are matched.

2022-01-12 20:20:28 - [TEST_STEP][PASSED] - click(findTestObject("Object Repository/Page_Quiz Nhiu cu  1 la chn Attempt review/a_Finish review")): Object: 'Object Repository/Page_Quiz Nhiu cu  1 la chn Attempt review/a_Finish review' is clicked on

2022-01-12 20:20:29 - [MESSAGE][PASSED] - Object: 'Object Repository/Page_Quiz Nhiu cu  1 la chn Attempt review/a_Finish review' is clicked on

2022-01-12 20:20:29 - [TEST_STEP][PASSED] - closeBrowser(): Browser is closed

2022-01-12 20:20:29 - [MESSAGE][PASSED] - Browser is closed]]></system-out>
         <system-err><![CDATA[]]></system-err>
      </testcase>
      <testcase name="Test Cases/Student/Student_Quiz/Student_Quiz_Single Choice With One Question" time="16.007" classname="Test Cases/Student/Student_Quiz/Student_Quiz_Single Choice With One Question" status="PASSED">
         <system-out><![CDATA[2022-01-12 20:20:29 - [TEST_CASE][PASSED] - Test Cases/Student/Student_Quiz/Student_Quiz_Single Choice With One Question: Test Cases/Student/Student_Quiz/Student_Quiz_Single Choice With One Question

2022-01-12 20:20:30 - [TEST_STEP][PASSED] - openBrowser(""): Browser is opened with url: ''

2022-01-12 20:20:30 - [MESSAGE][INFO] - Starting 'Chrome' driver

2022-01-12 20:20:30 - [MESSAGE][INFO] - User set preference: ['args', '[window-size=1300,900]']

2022-01-12 20:20:30 - [MESSAGE][INFO] - Action delay is set to 0 milliseconds

2022-01-12 20:20:31 - [MESSAGE][PASSED] - Browser is opened with url: ''

2022-01-12 20:20:31 - [TEST_STEP][PASSED] - navigateToUrl("http://localhost:8080/moodle/"): Navigate to 'http://localhost:8080/moodle/' successfully

2022-01-12 20:20:32 - [MESSAGE][PASSED] - Navigate to 'http://localhost:8080/moodle/' successfully

2022-01-12 20:20:32 - [TEST_STEP][PASSED] - click(findTestObject("Object Repository/Page_BCS Moodle/a_Log in")): Object: 'Object Repository/Page_BCS Moodle/a_Log in' is clicked on

2022-01-12 20:20:33 - [MESSAGE][PASSED] - Object: 'Object Repository/Page_BCS Moodle/a_Log in' is clicked on

2022-01-12 20:20:33 - [TEST_STEP][PASSED] - setText(findTestObject("Object Repository/Page_BCS Moodle Log in to the site/input_Username_username"), "hoangvu"): Text 'hoangvu' is set on object 'Object Repository/Page_BCS Moodle Log in to the site/input_Username_username'

2022-01-12 20:20:33 - [MESSAGE][PASSED] - Text 'hoangvu' is set on object 'Object Repository/Page_BCS Moodle Log in to the site/input_Username_username'

2022-01-12 20:20:33 - [TEST_STEP][PASSED] - setEncryptedText(findTestObject("Object Repository/Page_BCS Moodle Log in to the site/input_Password_password"), "p4y+y39Ir5PR9RXlOHjWlj+CAJiYdX4g"): Text ****** has been set on object 'Object Repository/Page_BCS Moodle Log in to the site/input_Password_password'

2022-01-12 20:20:34 - [MESSAGE][PASSED] - Text ****** has been set on object 'Object Repository/Page_BCS Moodle Log in to the site/input_Password_password'

2022-01-12 20:20:34 - [TEST_STEP][PASSED] - click(findTestObject("Object Repository/Page_BCS Moodle Log in to the site/button_Log in")): Object: 'Object Repository/Page_BCS Moodle Log in to the site/button_Log in' is clicked on

2022-01-12 20:20:35 - [MESSAGE][PASSED] - Object: 'Object Repository/Page_BCS Moodle Log in to the site/button_Log in' is clicked on

2022-01-12 20:20:35 - [TEST_STEP][PASSED] - navigateToUrl("http://localhost:8080/moodle/course/view.php?id=4"): Navigate to 'http://localhost:8080/moodle/course/view.php?id=4' successfully

2022-01-12 20:20:36 - [MESSAGE][PASSED] - Navigate to 'http://localhost:8080/moodle/course/view.php?id=4' successfully

2022-01-12 20:20:36 - [TEST_STEP][PASSED] - click(findTestObject("Object Repository/Page_Course Ton t hp/span_Sample Quiz")): Object: 'Object Repository/Page_Course Ton t hp/span_Sample Quiz' is clicked on

2022-01-12 20:20:38 - [MESSAGE][PASSED] - Object: 'Object Repository/Page_Course Ton t hp/span_Sample Quiz' is clicked on

2022-01-12 20:20:38 - [TEST_STEP][PASSED] - click(findTestObject("Object Repository/Page_TTH Sample Quiz/button_Re-attempt quiz")): Object: 'Object Repository/Page_TTH Sample Quiz/button_Re-attempt quiz' is clicked on

2022-01-12 20:20:39 - [MESSAGE][PASSED] - Object: 'Object Repository/Page_TTH Sample Quiz/button_Re-attempt quiz' is clicked on

2022-01-12 20:20:39 - [TEST_STEP][PASSED] - click(findTestObject("Object Repository/Page_Sample Quiz/input_c_q161_answer")): Object: 'Object Repository/Page_Sample Quiz/input_c_q161_answer' is clicked on

2022-01-12 20:20:40 - [MESSAGE][PASSED] - Object: 'Object Repository/Page_Sample Quiz/input_c_q161_answer' is clicked on

2022-01-12 20:20:40 - [TEST_STEP][PASSED] - click(findTestObject("Object Repository/Page_Sample Quiz/input_d_next")): Object: 'Object Repository/Page_Sample Quiz/input_d_next' is clicked on

2022-01-12 20:20:41 - [MESSAGE][PASSED] - Object: 'Object Repository/Page_Sample Quiz/input_d_next' is clicked on

2022-01-12 20:20:41 - [TEST_STEP][PASSED] - verifyElementText(findTestObject("Object Repository/Page_Quiz Nhiu cu  nhiu la chn Attempt summary/td_Answer saved"), "Answer saved"): Actual text and expected text of test object 'Object Repository/Page_Quiz Nhiu cu  nhiu la chn Attempt summary/td_Answer saved' are matched.

2022-01-12 20:20:42 - [MESSAGE][PASSED] - Actual text and expected text of test object 'Object Repository/Page_Quiz Nhiu cu  nhiu la chn Attempt summary/td_Answer saved' are matched.

2022-01-12 20:20:42 - [TEST_STEP][PASSED] - click(findTestObject("Object Repository/Page_Sample Quiz Attempt summary/button_Submit all and finish")): Object: 'Object Repository/Page_Sample Quiz Attempt summary/button_Submit all and finish' is clicked on

2022-01-12 20:20:42 - [MESSAGE][PASSED] - Object: 'Object Repository/Page_Sample Quiz Attempt summary/button_Submit all and finish' is clicked on

2022-01-12 20:20:42 - [TEST_STEP][PASSED] - click(findTestObject("Object Repository/Page_Sample Quiz Attempt summary/input_Once you submit, you will no longer b_7b472f")): Object: 'Object Repository/Page_Sample Quiz Attempt summary/input_Once you submit, you will no longer b_7b472f' is clicked on

2022-01-12 20:20:43 - [MESSAGE][PASSED] - Object: 'Object Repository/Page_Sample Quiz Attempt summary/input_Once you submit, you will no longer b_7b472f' is clicked on

2022-01-12 20:20:43 - [TEST_STEP][PASSED] - verifyElementText(findTestObject("Object Repository/Page_Quiz Nhiu cu  nhiu la chn Attempt review/td_Finished"), "Finished"): Actual text and expected text of test object 'Object Repository/Page_Quiz Nhiu cu  nhiu la chn Attempt review/td_Finished' are matched.

2022-01-12 20:20:44 - [MESSAGE][PASSED] - Actual text and expected text of test object 'Object Repository/Page_Quiz Nhiu cu  nhiu la chn Attempt review/td_Finished' are matched.

2022-01-12 20:20:44 - [TEST_STEP][PASSED] - click(findTestObject("Object Repository/Page_Sample Quiz Attempt review/a_Finish review")): Object: 'Object Repository/Page_Sample Quiz Attempt review/a_Finish review' is clicked on

2022-01-12 20:20:45 - [MESSAGE][PASSED] - Object: 'Object Repository/Page_Sample Quiz Attempt review/a_Finish review' is clicked on

2022-01-12 20:20:45 - [TEST_STEP][PASSED] - closeBrowser(): Browser is closed

2022-01-12 20:20:45 - [MESSAGE][PASSED] - Browser is closed]]></system-out>
         <system-err><![CDATA[]]></system-err>
      </testcase>
      <testcase name="Test Cases/Admin/Admin Assign Role/Admin_Assign Role Student" time="30.315" classname="Test Cases/Admin/Admin Assign Role/Admin_Assign Role Student" status="PASSED">
         <system-out><![CDATA[2022-01-12 20:20:46 - [TEST_CASE][PASSED] - Test Cases/Admin/Admin Assign Role/Admin_Assign Role Student: Test Cases/Admin/Admin Assign Role/Admin_Assign Role Student

2022-01-12 20:20:46 - [TEST_STEP][PASSED] - callTestCase(findTestCase("Admin/Admin_Login"), [:], STOP_ON_FAILURE): Call Test Case 'Test Cases/Admin/Admin_Login' successfully

2022-01-12 20:20:46 - [TEST_CASE][PASSED] - Test Cases/Admin/Admin_Login: Test Cases/Admin/Admin_Login

2022-01-12 20:20:46 - [TEST_STEP][PASSED] - openBrowser(""): Browser is opened with url: ''

2022-01-12 20:20:46 - [MESSAGE][INFO] - Starting 'Chrome' driver

2022-01-12 20:20:46 - [MESSAGE][INFO] - User set preference: ['args', '[window-size=1300,900]']

2022-01-12 20:20:46 - [MESSAGE][INFO] - Action delay is set to 0 milliseconds

2022-01-12 20:20:47 - [MESSAGE][PASSED] - Browser is opened with url: ''

2022-01-12 20:20:47 - [TEST_STEP][PASSED] - navigateToUrl("http://localhost:8080/moodle/login/index.php"): Navigate to 'http://localhost:8080/moodle/login/index.php' successfully

2022-01-12 20:20:48 - [MESSAGE][PASSED] - Navigate to 'http://localhost:8080/moodle/login/index.php' successfully

2022-01-12 20:20:48 - [TEST_STEP][PASSED] - setText(findTestObject("Object Repository/Page_BCS Moodle Log in to the site/input_Username_username"), "admin"): Text 'admin' is set on object 'Object Repository/Page_BCS Moodle Log in to the site/input_Username_username'

2022-01-12 20:20:49 - [MESSAGE][PASSED] - Text 'admin' is set on object 'Object Repository/Page_BCS Moodle Log in to the site/input_Username_username'

2022-01-12 20:20:49 - [TEST_STEP][PASSED] - setEncryptedText(findTestObject("Object Repository/Page_BCS Moodle Log in to the site/input_Password_password"), "p4y+y39Ir5PR9RXlOHjWlj+CAJiYdX4g"): Text ****** has been set on object 'Object Repository/Page_BCS Moodle Log in to the site/input_Password_password'

2022-01-12 20:20:49 - [MESSAGE][PASSED] - Text ****** has been set on object 'Object Repository/Page_BCS Moodle Log in to the site/input_Password_password'

2022-01-12 20:20:49 - [TEST_STEP][PASSED] - click(findTestObject("Object Repository/Page_BCS Moodle Log in to the site/button_Log in")): Object: 'Object Repository/Page_BCS Moodle Log in to the site/button_Log in' is clicked on

2022-01-12 20:20:51 - [MESSAGE][PASSED] - Object: 'Object Repository/Page_BCS Moodle Log in to the site/button_Log in' is clicked on

2022-01-12 20:20:51 - [MESSAGE][PASSED] - Call Test Case 'Test Cases/Admin/Admin_Login' successfully

2022-01-12 20:20:51 - [TEST_STEP][PASSED] - click(findTestObject("Object Repository/Page_Dashboard/a_Site home")): Object: 'Object Repository/Page_Dashboard/a_Site home' is clicked on

2022-01-12 20:20:53 - [MESSAGE][PASSED] - Object: 'Object Repository/Page_Dashboard/a_Site home' is clicked on

2022-01-12 20:20:53 - [TEST_STEP][PASSED] - navigateToUrl("http://localhost:8080/moodle/?redirect=0"): Navigate to 'http://localhost:8080/moodle/?redirect=0' successfully

2022-01-12 20:20:54 - [MESSAGE][PASSED] - Navigate to 'http://localhost:8080/moodle/?redirect=0' successfully

2022-01-12 20:20:54 - [TEST_STEP][PASSED] - click(findTestObject("Object Repository/Page_BCS Moodle/a_Lp trnh hng i tng 19CTT3")): Object: 'Object Repository/Page_BCS Moodle/a_Lp trnh hng i tng 19CTT3' is clicked on

2022-01-12 20:20:55 - [MESSAGE][PASSED] - Object: 'Object Repository/Page_BCS Moodle/a_Lp trnh hng i tng 19CTT3' is clicked on

2022-01-12 20:20:55 - [TEST_STEP][PASSED] - click(findTestObject("Object Repository/Page_Course Lp trnh hng i tng 19CTT3/a_Participants")): Object: 'Object Repository/Page_Course Lp trnh hng i tng 19CTT3/a_Participants' is clicked on

2022-01-12 20:20:56 - [MESSAGE][PASSED] - Object: 'Object Repository/Page_Course Lp trnh hng i tng 19CTT3/a_Participants' is clicked on

2022-01-12 20:20:56 - [TEST_STEP][PASSED] - click(findTestObject("Object Repository/Page_OOP Participants/input_Participants_btn btn-secondary my-1")): Object: 'Object Repository/Page_OOP Participants/input_Participants_btn btn-secondary my-1' is clicked on

2022-01-12 20:20:57 - [MESSAGE][PASSED] - Object: 'Object Repository/Page_OOP Participants/input_Participants_btn btn-secondary my-1' is clicked on

2022-01-12 20:20:57 - [TEST_STEP][PASSED] - setText(findTestObject("Object Repository/Page_OOP Participants/input_No selection_form_autocomplete_input-_a46864"), "ypro"): Text 'ypro' is set on object 'Object Repository/Page_OOP Participants/input_No selection_form_autocomplete_input-_a46864'

2022-01-12 20:20:59 - [MESSAGE][PASSED] - Text 'ypro' is set on object 'Object Repository/Page_OOP Participants/input_No selection_form_autocomplete_input-_a46864'

2022-01-12 20:20:59 - [TEST_STEP][PASSED] - click(findTestObject("Object Repository/Page_OOP Participants/li_Xuan Y Dam Thi    yprotk21gmail.com")): Object: 'Object Repository/Page_OOP Participants/li_Xuan Y Dam Thi    yprotk21gmail.com' is clicked on

2022-01-12 20:21:01 - [MESSAGE][PASSED] - Object: 'Object Repository/Page_OOP Participants/li_Xuan Y Dam Thi    yprotk21gmail.com' is clicked on

2022-01-12 20:21:01 - [TEST_STEP][PASSED] - selectOptionByValue(findTestObject("Object Repository/Page_OOP Participants/select_Xuan Y Dam Thi    yprotk21gmail.com _a35d9e"), "5", true): All options with value '5' are selected in object 'Object Repository/Page_OOP Participants/select_Xuan Y Dam Thi    yprotk21gmail.com _a35d9e'  using regular expression

2022-01-12 20:21:02 - [MESSAGE][PASSED] - All options with value '5' are selected in object 'Object Repository/Page_OOP Participants/select_Xuan Y Dam Thi    yprotk21gmail.com _a35d9e'  using regular expression

2022-01-12 20:21:02 - [TEST_STEP][PASSED] - click(findTestObject("Object Repository/Page_OOP Participants/div_Select users")): Object: 'Object Repository/Page_OOP Participants/div_Select users' is clicked on

2022-01-12 20:21:03 - [MESSAGE][PASSED] - Object: 'Object Repository/Page_OOP Participants/div_Select users' is clicked on

2022-01-12 20:21:03 - [TEST_STEP][PASSED] - click(findTestObject("Object Repository/Page_OOP Participants/button_Enrol users")): Object: 'Object Repository/Page_OOP Participants/button_Enrol users' is clicked on

2022-01-12 20:21:03 - [MESSAGE][PASSED] - Object: 'Object Repository/Page_OOP Participants/button_Enrol users' is clicked on

2022-01-12 20:21:03 - [TEST_STEP][PASSED] - click(findTestObject("Object Repository/Page_OOP Participants/a_Admin User")): Object: 'Object Repository/Page_OOP Participants/a_Admin User' is clicked on

2022-01-12 20:21:04 - [MESSAGE][PASSED] - Object: 'Object Repository/Page_OOP Participants/a_Admin User' is clicked on

2022-01-12 20:21:04 - [TEST_STEP][PASSED] - click(findTestObject("Object Repository/Page_OOP Participants/a_Log out")): Object: 'Object Repository/Page_OOP Participants/a_Log out' is clicked on

2022-01-12 20:21:06 - [MESSAGE][PASSED] - Object: 'Object Repository/Page_OOP Participants/a_Log out' is clicked on

2022-01-12 20:21:06 - [TEST_STEP][PASSED] - navigateToUrl("http://localhost:8080/moodle/"): Navigate to 'http://localhost:8080/moodle/' successfully

2022-01-12 20:21:06 - [MESSAGE][PASSED] - Navigate to 'http://localhost:8080/moodle/' successfully

2022-01-12 20:21:06 - [TEST_STEP][PASSED] - click(findTestObject("Object Repository/Page_BCS Moodle/a_Log in")): Object: 'Object Repository/Page_BCS Moodle/a_Log in' is clicked on

2022-01-12 20:21:07 - [MESSAGE][PASSED] - Object: 'Object Repository/Page_BCS Moodle/a_Log in' is clicked on

2022-01-12 20:21:07 - [TEST_STEP][PASSED] - setText(findTestObject("Object Repository/Page_BCS Moodle Log in to the site/input_Username_username"), "xuany"): Text 'xuany' is set on object 'Object Repository/Page_BCS Moodle Log in to the site/input_Username_username'

2022-01-12 20:21:08 - [MESSAGE][PASSED] - Text 'xuany' is set on object 'Object Repository/Page_BCS Moodle Log in to the site/input_Username_username'

2022-01-12 20:21:08 - [TEST_STEP][PASSED] - setEncryptedText(findTestObject("Object Repository/Page_BCS Moodle Log in to the site/input_Password_password"), "p4y+y39Ir5PR9RXlOHjWlj+CAJiYdX4g"): Text ****** has been set on object 'Object Repository/Page_BCS Moodle Log in to the site/input_Password_password'

2022-01-12 20:21:08 - [MESSAGE][PASSED] - Text ****** has been set on object 'Object Repository/Page_BCS Moodle Log in to the site/input_Password_password'

2022-01-12 20:21:08 - [TEST_STEP][PASSED] - click(findTestObject("Object Repository/Page_BCS Moodle Log in to the site/button_Log in")): Object: 'Object Repository/Page_BCS Moodle Log in to the site/button_Log in' is clicked on

2022-01-12 20:21:10 - [MESSAGE][PASSED] - Object: 'Object Repository/Page_BCS Moodle Log in to the site/button_Log in' is clicked on

2022-01-12 20:21:10 - [TEST_STEP][PASSED] - click(findTestObject("Object Repository/Page_Dashboard/span_Site home")): Object: 'Object Repository/Page_Dashboard/span_Site home' is clicked on

2022-01-12 20:21:12 - [MESSAGE][PASSED] - Object: 'Object Repository/Page_Dashboard/span_Site home' is clicked on

2022-01-12 20:21:12 - [TEST_STEP][PASSED] - click(findTestObject("Object Repository/Page_BCS Moodle/a_Lp trnh hng i tng 19CTT3")): Object: 'Object Repository/Page_BCS Moodle/a_Lp trnh hng i tng 19CTT3' is clicked on

2022-01-12 20:21:13 - [MESSAGE][PASSED] - Object: 'Object Repository/Page_BCS Moodle/a_Lp trnh hng i tng 19CTT3' is clicked on

2022-01-12 20:21:13 - [TEST_STEP][PASSED] - click(findTestObject("Object Repository/Page_Course Lp trnh hng i tng 19CTT3/a_Participants")): Object: 'Object Repository/Page_Course Lp trnh hng i tng 19CTT3/a_Participants' is clicked on

2022-01-12 20:21:14 - [MESSAGE][PASSED] - Object: 'Object Repository/Page_Course Lp trnh hng i tng 19CTT3/a_Participants' is clicked on

2022-01-12 20:21:14 - [TEST_STEP][PASSED] - verifyElementPresent(findTestObject("Object Repository/Page_OOP Participants/th_Xuan Y Dam Thi"), 0): Object 'Object Repository/Page_OOP Participants/th_Xuan Y Dam Thi' is present

2022-01-12 20:21:14 - [MESSAGE][WARNING] - Timeout '0' is invalid. Using default page load timeout: '30'

2022-01-12 20:21:15 - [MESSAGE][PASSED] - Object 'Object Repository/Page_OOP Participants/th_Xuan Y Dam Thi' is present

2022-01-12 20:21:15 - [TEST_STEP][PASSED] - verifyElementPresent(findTestObject("Object Repository/Page_OOP Participants/td_Student"), 0): Object 'Object Repository/Page_OOP Participants/td_Student' is present

2022-01-12 20:21:15 - [MESSAGE][WARNING] - Timeout '0' is invalid. Using default page load timeout: '30'

2022-01-12 20:21:15 - [MESSAGE][PASSED] - Object 'Object Repository/Page_OOP Participants/td_Student' is present

2022-01-12 20:21:15 - [TEST_STEP][PASSED] - closeBrowser(): Browser is closed

2022-01-12 20:21:16 - [MESSAGE][PASSED] - Browser is closed]]></system-out>
         <system-err><![CDATA[]]></system-err>
      </testcase>
      <testcase name="Test Cases/Admin/Admin Assign Role/Admin_Assign Role Teacher" time="28.746" classname="Test Cases/Admin/Admin Assign Role/Admin_Assign Role Teacher" status="PASSED">
         <system-out><![CDATA[2022-01-12 20:21:16 - [TEST_CASE][PASSED] - Test Cases/Admin/Admin Assign Role/Admin_Assign Role Teacher: Test Cases/Admin/Admin Assign Role/Admin_Assign Role Teacher

2022-01-12 20:21:16 - [TEST_STEP][PASSED] - callTestCase(findTestCase("Admin/Admin_Login"), [:], STOP_ON_FAILURE): Call Test Case 'Test Cases/Admin/Admin_Login' successfully

2022-01-12 20:21:16 - [TEST_CASE][PASSED] - Test Cases/Admin/Admin_Login: Test Cases/Admin/Admin_Login

2022-01-12 20:21:16 - [TEST_STEP][PASSED] - openBrowser(""): Browser is opened with url: ''

2022-01-12 20:21:16 - [MESSAGE][INFO] - Starting 'Chrome' driver

2022-01-12 20:21:16 - [MESSAGE][INFO] - User set preference: ['args', '[window-size=1300,900]']

2022-01-12 20:21:16 - [MESSAGE][INFO] - Action delay is set to 0 milliseconds

2022-01-12 20:21:18 - [MESSAGE][PASSED] - Browser is opened with url: ''

2022-01-12 20:21:18 - [TEST_STEP][PASSED] - navigateToUrl("http://localhost:8080/moodle/login/index.php"): Navigate to 'http://localhost:8080/moodle/login/index.php' successfully

2022-01-12 20:21:18 - [MESSAGE][PASSED] - Navigate to 'http://localhost:8080/moodle/login/index.php' successfully

2022-01-12 20:21:18 - [TEST_STEP][PASSED] - setText(findTestObject("Object Repository/Page_BCS Moodle Log in to the site/input_Username_username"), "admin"): Text 'admin' is set on object 'Object Repository/Page_BCS Moodle Log in to the site/input_Username_username'

2022-01-12 20:21:19 - [MESSAGE][PASSED] - Text 'admin' is set on object 'Object Repository/Page_BCS Moodle Log in to the site/input_Username_username'

2022-01-12 20:21:19 - [TEST_STEP][PASSED] - setEncryptedText(findTestObject("Object Repository/Page_BCS Moodle Log in to the site/input_Password_password"), "p4y+y39Ir5PR9RXlOHjWlj+CAJiYdX4g"): Text ****** has been set on object 'Object Repository/Page_BCS Moodle Log in to the site/input_Password_password'

2022-01-12 20:21:19 - [MESSAGE][PASSED] - Text ****** has been set on object 'Object Repository/Page_BCS Moodle Log in to the site/input_Password_password'

2022-01-12 20:21:19 - [TEST_STEP][PASSED] - click(findTestObject("Object Repository/Page_BCS Moodle Log in to the site/button_Log in")): Object: 'Object Repository/Page_BCS Moodle Log in to the site/button_Log in' is clicked on

2022-01-12 20:21:21 - [MESSAGE][PASSED] - Object: 'Object Repository/Page_BCS Moodle Log in to the site/button_Log in' is clicked on

2022-01-12 20:21:21 - [MESSAGE][PASSED] - Call Test Case 'Test Cases/Admin/Admin_Login' successfully

2022-01-12 20:21:21 - [TEST_STEP][PASSED] - click(findTestObject("Object Repository/Page_Dashboard/a_Site home")): Object: 'Object Repository/Page_Dashboard/a_Site home' is clicked on

2022-01-12 20:21:23 - [MESSAGE][PASSED] - Object: 'Object Repository/Page_Dashboard/a_Site home' is clicked on

2022-01-12 20:21:23 - [TEST_STEP][PASSED] - navigateToUrl("http://localhost:8080/moodle/?redirect=0"): Navigate to 'http://localhost:8080/moodle/?redirect=0' successfully

2022-01-12 20:21:24 - [MESSAGE][PASSED] - Navigate to 'http://localhost:8080/moodle/?redirect=0' successfully

2022-01-12 20:21:24 - [TEST_STEP][PASSED] - click(findTestObject("Object Repository/Page_BCS Moodle/a_L i Cng 1")): Object: 'Object Repository/Page_BCS Moodle/a_L i Cng 1' is clicked on

2022-01-12 20:21:25 - [MESSAGE][PASSED] - Object: 'Object Repository/Page_BCS Moodle/a_L i Cng 1' is clicked on

2022-01-12 20:21:25 - [TEST_STEP][PASSED] - navigateToUrl("http://localhost:8080/moodle/course/view.php?id=5"): Navigate to 'http://localhost:8080/moodle/course/view.php?id=5' successfully

2022-01-12 20:21:25 - [MESSAGE][PASSED] - Navigate to 'http://localhost:8080/moodle/course/view.php?id=5' successfully

2022-01-12 20:21:25 - [TEST_STEP][PASSED] - click(findTestObject("Object Repository/Page_Course L i Cng 1/a_Participants")): Object: 'Object Repository/Page_Course L i Cng 1/a_Participants' is clicked on

2022-01-12 20:21:26 - [MESSAGE][PASSED] - Object: 'Object Repository/Page_Course L i Cng 1/a_Participants' is clicked on

2022-01-12 20:21:26 - [TEST_STEP][PASSED] - click(findTestObject("Object Repository/Page_LDC1 Participants/input_Participants_btn btn-secondary my-1")): Object: 'Object Repository/Page_LDC1 Participants/input_Participants_btn btn-secondary my-1' is clicked on

2022-01-12 20:21:27 - [MESSAGE][PASSED] - Object: 'Object Repository/Page_LDC1 Participants/input_Participants_btn btn-secondary my-1' is clicked on

2022-01-12 20:21:27 - [TEST_STEP][PASSED] - click(findTestObject("Object Repository/Page_LDC1 Participants/span_")): Object: 'Object Repository/Page_LDC1 Participants/span_' is clicked on

2022-01-12 20:21:29 - [MESSAGE][PASSED] - Object: 'Object Repository/Page_LDC1 Participants/span_' is clicked on

2022-01-12 20:21:29 - [TEST_STEP][PASSED] - click(findTestObject("Object Repository/Page_LDC1 Participants/li_Chi Hao Ha    haoprotk21gmail.com")): Object: 'Object Repository/Page_LDC1 Participants/li_Chi Hao Ha    haoprotk21gmail.com' is clicked on

2022-01-12 20:21:30 - [MESSAGE][PASSED] - Object: 'Object Repository/Page_LDC1 Participants/li_Chi Hao Ha    haoprotk21gmail.com' is clicked on

2022-01-12 20:21:30 - [TEST_STEP][PASSED] - click(findTestObject("Object Repository/Page_LDC1 Participants/div_Select users                           _1b8f1d")): Object: 'Object Repository/Page_LDC1 Participants/div_Select users                           _1b8f1d' is clicked on

2022-01-12 20:21:31 - [MESSAGE][PASSED] - Object: 'Object Repository/Page_LDC1 Participants/div_Select users                           _1b8f1d' is clicked on

2022-01-12 20:21:31 - [TEST_STEP][PASSED] - selectOptionByValue(findTestObject("Object Repository/Page_LDC1 Participants/select_Manager            Teacher          _ffc00f"), "3", true): All options with value '3' are selected in object 'Object Repository/Page_LDC1 Participants/select_Manager            Teacher          _ffc00f'  using regular expression

2022-01-12 20:21:32 - [MESSAGE][PASSED] - All options with value '3' are selected in object 'Object Repository/Page_LDC1 Participants/select_Manager            Teacher          _ffc00f'  using regular expression

2022-01-12 20:21:32 - [TEST_STEP][PASSED] - click(findTestObject("Object Repository/Page_LDC1 Participants/button_Enrol users")): Object: 'Object Repository/Page_LDC1 Participants/button_Enrol users' is clicked on

2022-01-12 20:21:32 - [MESSAGE][PASSED] - Object: 'Object Repository/Page_LDC1 Participants/button_Enrol users' is clicked on

2022-01-12 20:21:32 - [TEST_STEP][PASSED] - click(findTestObject("Object Repository/Page_Moodle Administration Users Accounts/a_Admin User")): Object: 'Object Repository/Page_Moodle Administration Users Accounts/a_Admin User' is clicked on

2022-01-12 20:21:33 - [MESSAGE][PASSED] - Object: 'Object Repository/Page_Moodle Administration Users Accounts/a_Admin User' is clicked on

2022-01-12 20:21:33 - [TEST_STEP][PASSED] - click(findTestObject("Object Repository/Page_LDC1 Participants/a_Log out")): Object: 'Object Repository/Page_LDC1 Participants/a_Log out' is clicked on

2022-01-12 20:21:35 - [MESSAGE][PASSED] - Object: 'Object Repository/Page_LDC1 Participants/a_Log out' is clicked on

2022-01-12 20:21:35 - [TEST_STEP][PASSED] - click(findTestObject("Object Repository/Page_BCS Moodle/a_Log in")): Object: 'Object Repository/Page_BCS Moodle/a_Log in' is clicked on

2022-01-12 20:21:35 - [MESSAGE][PASSED] - Object: 'Object Repository/Page_BCS Moodle/a_Log in' is clicked on

2022-01-12 20:21:35 - [TEST_STEP][PASSED] - setText(findTestObject("Object Repository/Page_BCS Moodle Log in to the site/input_Username_username"), "chihao"): Text 'chihao' is set on object 'Object Repository/Page_BCS Moodle Log in to the site/input_Username_username'

2022-01-12 20:21:36 - [MESSAGE][PASSED] - Text 'chihao' is set on object 'Object Repository/Page_BCS Moodle Log in to the site/input_Username_username'

2022-01-12 20:21:36 - [TEST_STEP][PASSED] - setEncryptedText(findTestObject("Object Repository/Page_BCS Moodle Log in to the site/input_Password_password"), "p4y+y39Ir5PR9RXlOHjWlj+CAJiYdX4g"): Text ****** has been set on object 'Object Repository/Page_BCS Moodle Log in to the site/input_Password_password'

2022-01-12 20:21:37 - [MESSAGE][PASSED] - Text ****** has been set on object 'Object Repository/Page_BCS Moodle Log in to the site/input_Password_password'

2022-01-12 20:21:37 - [TEST_STEP][PASSED] - click(findTestObject("Object Repository/Page_BCS Moodle Log in to the site/button_Log in")): Object: 'Object Repository/Page_BCS Moodle Log in to the site/button_Log in' is clicked on

2022-01-12 20:21:38 - [MESSAGE][PASSED] - Object: 'Object Repository/Page_BCS Moodle Log in to the site/button_Log in' is clicked on

2022-01-12 20:21:38 - [TEST_STEP][PASSED] - click(findTestObject("Object Repository/Page_Dashboard/span_Site home")): Object: 'Object Repository/Page_Dashboard/span_Site home' is clicked on

2022-01-12 20:21:41 - [MESSAGE][PASSED] - Object: 'Object Repository/Page_Dashboard/span_Site home' is clicked on

2022-01-12 20:21:41 - [TEST_STEP][PASSED] - navigateToUrl("http://localhost:8080/moodle/?redirect=0"): Navigate to 'http://localhost:8080/moodle/?redirect=0' successfully

2022-01-12 20:21:41 - [MESSAGE][PASSED] - Navigate to 'http://localhost:8080/moodle/?redirect=0' successfully

2022-01-12 20:21:41 - [TEST_STEP][PASSED] - click(findTestObject("Object Repository/Page_BCS Moodle/a_L i Cng 1")): Object: 'Object Repository/Page_BCS Moodle/a_L i Cng 1' is clicked on

2022-01-12 20:21:42 - [MESSAGE][PASSED] - Object: 'Object Repository/Page_BCS Moodle/a_L i Cng 1' is clicked on

2022-01-12 20:21:42 - [TEST_STEP][PASSED] - click(findTestObject("Object Repository/Page_Course L i Cng 1/a_Participants")): Object: 'Object Repository/Page_Course L i Cng 1/a_Participants' is clicked on

2022-01-12 20:21:43 - [MESSAGE][PASSED] - Object: 'Object Repository/Page_Course L i Cng 1/a_Participants' is clicked on

2022-01-12 20:21:43 - [TEST_STEP][PASSED] - verifyElementPresent(findTestObject("Object Repository/Page_LDC1 Participants/th_Chi Hao Ha"), 0): Object 'Object Repository/Page_LDC1 Participants/th_Chi Hao Ha' is present

2022-01-12 20:21:43 - [MESSAGE][WARNING] - Timeout '0' is invalid. Using default page load timeout: '30'

2022-01-12 20:21:44 - [MESSAGE][PASSED] - Object 'Object Repository/Page_LDC1 Participants/th_Chi Hao Ha' is present

2022-01-12 20:21:44 - [TEST_STEP][PASSED] - verifyElementPresent(findTestObject("Object Repository/Page_LDC1 Participants/td_Teacher"), 0): Object 'Object Repository/Page_LDC1 Participants/td_Teacher' is present

2022-01-12 20:21:44 - [MESSAGE][WARNING] - Timeout '0' is invalid. Using default page load timeout: '30'

2022-01-12 20:21:44 - [MESSAGE][PASSED] - Object 'Object Repository/Page_LDC1 Participants/td_Teacher' is present

2022-01-12 20:21:44 - [TEST_STEP][PASSED] - closeBrowser(): Browser is closed

2022-01-12 20:21:45 - [MESSAGE][PASSED] - Browser is closed]]></system-out>
         <system-err><![CDATA[]]></system-err>
      </testcase>
      <testcase name="Test Cases/Teacher/Teacher_Add Assignment/Teacher_Add Assignment With Due Date Before Allow Submission From" time="24.363" classname="Test Cases/Teacher/Teacher_Add Assignment/Teacher_Add Assignment With Due Date Before Allow Submission From" status="PASSED">
         <system-out><![CDATA[2022-01-12 20:21:45 - [TEST_CASE][PASSED] - Test Cases/Teacher/Teacher_Add Assignment/Teacher_Add Assignment With Due Date Before Allow Submission From: Test Cases/Teacher/Teacher_Add Assignment/Teacher_Add Assignment With Due Date Before Allow Submission From

2022-01-12 20:21:45 - [TEST_STEP][PASSED] - openBrowser(""): Browser is opened with url: ''

2022-01-12 20:21:45 - [MESSAGE][INFO] - Starting 'Chrome' driver

2022-01-12 20:21:45 - [MESSAGE][INFO] - User set preference: ['args', '[window-size=1300,900]']

2022-01-12 20:21:45 - [MESSAGE][INFO] - Action delay is set to 0 milliseconds

2022-01-12 20:21:46 - [MESSAGE][PASSED] - Browser is opened with url: ''

2022-01-12 20:21:46 - [TEST_STEP][PASSED] - navigateToUrl("http://localhost:8080/moodle/"): Navigate to 'http://localhost:8080/moodle/' successfully

2022-01-12 20:21:47 - [MESSAGE][PASSED] - Navigate to 'http://localhost:8080/moodle/' successfully

2022-01-12 20:21:47 - [TEST_STEP][PASSED] - click(findTestObject("Object Repository/Page_BCS Moodle/a_Log in")): Object: 'Object Repository/Page_BCS Moodle/a_Log in' is clicked on

2022-01-12 20:21:48 - [MESSAGE][PASSED] - Object: 'Object Repository/Page_BCS Moodle/a_Log in' is clicked on

2022-01-12 20:21:48 - [TEST_STEP][PASSED] - setText(findTestObject("Object Repository/Page_BCS Moodle Log in to the site/input_Username_username"), "onix"): Text 'onix' is set on object 'Object Repository/Page_BCS Moodle Log in to the site/input_Username_username'

2022-01-12 20:21:49 - [MESSAGE][PASSED] - Text 'onix' is set on object 'Object Repository/Page_BCS Moodle Log in to the site/input_Username_username'

2022-01-12 20:21:49 - [TEST_STEP][PASSED] - setEncryptedText(findTestObject("Object Repository/Page_BCS Moodle Log in to the site/input_Password_password"), "uw4zQNl2RedGtkZxJt1B2nZNxIOg3YnT"): Text ****** has been set on object 'Object Repository/Page_BCS Moodle Log in to the site/input_Password_password'

2022-01-12 20:21:49 - [MESSAGE][PASSED] - Text ****** has been set on object 'Object Repository/Page_BCS Moodle Log in to the site/input_Password_password'

2022-01-12 20:21:49 - [TEST_STEP][PASSED] - click(findTestObject("Object Repository/Page_BCS Moodle Log in to the site/button_Log in")): Object: 'Object Repository/Page_BCS Moodle Log in to the site/button_Log in' is clicked on

2022-01-12 20:21:50 - [MESSAGE][PASSED] - Object: 'Object Repository/Page_BCS Moodle Log in to the site/button_Log in' is clicked on

2022-01-12 20:21:50 - [TEST_STEP][PASSED] - click(findTestObject("Object Repository/Page_Dashboard/div_Course image")): Object: 'Object Repository/Page_Dashboard/div_Course image' is clicked on

2022-01-12 20:21:52 - [MESSAGE][PASSED] - Object: 'Object Repository/Page_Dashboard/div_Course image' is clicked on

2022-01-12 20:21:52 - [TEST_STEP][PASSED] - click(findTestObject("Object Repository/Page_Course Ton t hp/button_Turn editing on")): Object: 'Object Repository/Page_Course Ton t hp/button_Turn editing on' is clicked on

2022-01-12 20:21:56 - [MESSAGE][PASSED] - Object: 'Object Repository/Page_Course Ton t hp/button_Turn editing on' is clicked on

2022-01-12 20:21:56 - [TEST_STEP][PASSED] - click(findTestObject("Page_Course Ton t hp/span_Add an activity or resource (1)")): Object: 'Object Repository/Page_Course Ton t hp/span_Add an activity or resource (1)' is clicked on

2022-01-12 20:21:57 - [MESSAGE][PASSED] - Object: 'Object Repository/Page_Course Ton t hp/span_Add an activity or resource (1)' is clicked on

2022-01-12 20:21:57 - [TEST_STEP][PASSED] - click(findTestObject("Object Repository/Page_Course Ton t hp/img_Recommended_icon icon")): Object: 'Object Repository/Page_Course Ton t hp/img_Recommended_icon icon' is clicked on

2022-01-12 20:22:02 - [MESSAGE][PASSED] - Object: 'Object Repository/Page_Course Ton t hp/img_Recommended_icon icon' is clicked on

2022-01-12 20:22:02 - [TEST_STEP][PASSED] - setText(findTestObject("Object Repository/Page_Editing Assignment/input_Assignment name_name"), "Assigment With Due Date Before Allow Submission From"): Text 'Assigment With Due Date Before Allow Submission From' is set on object 'Object Repository/Page_Editing Assignment/input_Assignment name_name'

2022-01-12 20:22:03 - [MESSAGE][PASSED] - Text 'Assigment With Due Date Before Allow Submission From' is set on object 'Object Repository/Page_Editing Assignment/input_Assignment name_name'

2022-01-12 20:22:03 - [TEST_STEP][PASSED] - selectOptionByValue(findTestObject("Object Repository/Page_Editing Assignment/select_1        2        3        4        _45ea30"), "3", true): All options with value '3' are selected in object 'Object Repository/Page_Editing Assignment/select_1        2        3        4        _45ea30'  using regular expression

2022-01-12 20:22:05 - [MESSAGE][PASSED] - All options with value '3' are selected in object 'Object Repository/Page_Editing Assignment/select_1        2        3        4        _45ea30'  using regular expression

2022-01-12 20:22:05 - [TEST_STEP][PASSED] - click(findTestObject("Object Repository/Page_Editing Assignment/input_Upon activity completion_submitbutton")): Object: 'Object Repository/Page_Editing Assignment/input_Upon activity completion_submitbutton' is clicked on

2022-01-12 20:22:07 - [MESSAGE][PASSED] - Object: 'Object Repository/Page_Editing Assignment/input_Upon activity completion_submitbutton' is clicked on

2022-01-12 20:22:07 - [TEST_STEP][PASSED] - click(findTestObject("Object Repository/Page_Editing Assignment/div_Due date cannot be earlier than the all_eaad69")): Object: 'Object Repository/Page_Editing Assignment/div_Due date cannot be earlier than the all_eaad69' is clicked on

2022-01-12 20:22:08 - [MESSAGE][PASSED] - Object: 'Object Repository/Page_Editing Assignment/div_Due date cannot be earlier than the all_eaad69' is clicked on

2022-01-12 20:22:08 - [TEST_STEP][PASSED] - verifyElementText(findTestObject("Object Repository/Page_Editing Assignment/div_Due date cannot be earlier than the all_eaad69"), "Due date cannot be earlier than the allow submissions from date."): Actual text and expected text of test object 'Object Repository/Page_Editing Assignment/div_Due date cannot be earlier than the all_eaad69' are matched.

2022-01-12 20:22:08 - [MESSAGE][PASSED] - Actual text and expected text of test object 'Object Repository/Page_Editing Assignment/div_Due date cannot be earlier than the all_eaad69' are matched.

2022-01-12 20:22:08 - [TEST_STEP][PASSED] - closeBrowser(): Browser is closed

2022-01-12 20:22:09 - [MESSAGE][PASSED] - Browser is closed]]></system-out>
         <system-err><![CDATA[]]></system-err>
      </testcase>
      <testcase name="Test Cases/Admin/Admin Add User/Admin_Add User Force Password Change -- Fail" time="36.907" classname="Test Cases/Admin/Admin Add User/Admin_Add User Force Password Change -- Fail" status="PASSED">
         <system-out><![CDATA[2022-01-12 20:22:09 - [TEST_CASE][PASSED] - Test Cases/Admin/Admin Add User/Admin_Add User Force Password Change -- Fail: Test Cases/Admin/Admin Add User/Admin_Add User Force Password Change -- Fail

2022-01-12 20:22:09 - [TEST_STEP][PASSED] - callTestCase(findTestCase("Admin/Admin_Login"), [:], STOP_ON_FAILURE): Call Test Case 'Test Cases/Admin/Admin_Login' successfully

2022-01-12 20:22:09 - [TEST_CASE][PASSED] - Test Cases/Admin/Admin_Login: Test Cases/Admin/Admin_Login

2022-01-12 20:22:09 - [TEST_STEP][PASSED] - openBrowser(""): Browser is opened with url: ''

2022-01-12 20:22:09 - [MESSAGE][INFO] - Starting 'Chrome' driver

2022-01-12 20:22:09 - [MESSAGE][INFO] - User set preference: ['args', '[window-size=1300,900]']

2022-01-12 20:22:09 - [MESSAGE][INFO] - Action delay is set to 0 milliseconds

2022-01-12 20:22:11 - [MESSAGE][PASSED] - Browser is opened with url: ''

2022-01-12 20:22:11 - [TEST_STEP][PASSED] - navigateToUrl("http://localhost:8080/moodle/login/index.php"): Navigate to 'http://localhost:8080/moodle/login/index.php' successfully

2022-01-12 20:22:11 - [MESSAGE][PASSED] - Navigate to 'http://localhost:8080/moodle/login/index.php' successfully

2022-01-12 20:22:11 - [TEST_STEP][PASSED] - setText(findTestObject("Object Repository/Page_BCS Moodle Log in to the site/input_Username_username"), "admin"): Text 'admin' is set on object 'Object Repository/Page_BCS Moodle Log in to the site/input_Username_username'

2022-01-12 20:22:12 - [MESSAGE][PASSED] - Text 'admin' is set on object 'Object Repository/Page_BCS Moodle Log in to the site/input_Username_username'

2022-01-12 20:22:12 - [TEST_STEP][PASSED] - setEncryptedText(findTestObject("Object Repository/Page_BCS Moodle Log in to the site/input_Password_password"), "p4y+y39Ir5PR9RXlOHjWlj+CAJiYdX4g"): Text ****** has been set on object 'Object Repository/Page_BCS Moodle Log in to the site/input_Password_password'

2022-01-12 20:22:13 - [MESSAGE][PASSED] - Text ****** has been set on object 'Object Repository/Page_BCS Moodle Log in to the site/input_Password_password'

2022-01-12 20:22:13 - [TEST_STEP][PASSED] - click(findTestObject("Object Repository/Page_BCS Moodle Log in to the site/button_Log in")): Object: 'Object Repository/Page_BCS Moodle Log in to the site/button_Log in' is clicked on

2022-01-12 20:22:14 - [MESSAGE][PASSED] - Object: 'Object Repository/Page_BCS Moodle Log in to the site/button_Log in' is clicked on

2022-01-12 20:22:14 - [MESSAGE][PASSED] - Call Test Case 'Test Cases/Admin/Admin_Login' successfully

2022-01-12 20:22:14 - [TEST_STEP][PASSED] - click(findTestObject("Object Repository/Page_Dashboard/a_Site administration")): Object: 'Object Repository/Page_Dashboard/a_Site administration' is clicked on

2022-01-12 20:22:22 - [MESSAGE][PASSED] - Object: 'Object Repository/Page_Dashboard/a_Site administration' is clicked on

2022-01-12 20:22:22 - [TEST_STEP][PASSED] - navigateToUrl("http://localhost:8080/moodle/admin/search.php"): Navigate to 'http://localhost:8080/moodle/admin/search.php' successfully

2022-01-12 20:22:23 - [MESSAGE][PASSED] - Navigate to 'http://localhost:8080/moodle/admin/search.php' successfully

2022-01-12 20:22:23 - [TEST_STEP][PASSED] - click(findTestObject("Object Repository/Page_Moodle Administration Search/a_Users")): Object: 'Object Repository/Page_Moodle Administration Search/a_Users' is clicked on

2022-01-12 20:22:23 - [MESSAGE][PASSED] - Object: 'Object Repository/Page_Moodle Administration Search/a_Users' is clicked on

2022-01-12 20:22:23 - [TEST_STEP][PASSED] - click(findTestObject("Object Repository/Page_Moodle Administration Search/a_Add a new user")): Object: 'Object Repository/Page_Moodle Administration Search/a_Add a new user' is clicked on

2022-01-12 20:22:25 - [MESSAGE][PASSED] - Object: 'Object Repository/Page_Moodle Administration Search/a_Add a new user' is clicked on

2022-01-12 20:22:25 - [TEST_STEP][PASSED] - setText(findTestObject("Object Repository/Page_Moodle Administration Users Accounts/input_Username_username"), "ycutefail"): Text 'ycutefail' is set on object 'Object Repository/Page_Moodle Administration Users Accounts/input_Username_username'

2022-01-12 20:22:26 - [MESSAGE][PASSED] - Text 'ycutefail' is set on object 'Object Repository/Page_Moodle Administration Users Accounts/input_Username_username'

2022-01-12 20:22:26 - [TEST_STEP][PASSED] - click(findTestObject("Object Repository/Page_Moodle Administration Users Accounts/em_Click to enter text")): Object: 'Object Repository/Page_Moodle Administration Users Accounts/em_Click to enter text' is clicked on

2022-01-12 20:22:27 - [MESSAGE][PASSED] - Object: 'Object Repository/Page_Moodle Administration Users Accounts/em_Click to enter text' is clicked on

2022-01-12 20:22:27 - [TEST_STEP][PASSED] - click(findTestObject("Object Repository/Page_Moodle Administration Users Accounts/i_Click to enter text_icon fa fa-eye fa-fw")): Object: 'Object Repository/Page_Moodle Administration Users Accounts/i_Click to enter text_icon fa fa-eye fa-fw' is clicked on

2022-01-12 20:22:27 - [MESSAGE][PASSED] - Object: 'Object Repository/Page_Moodle Administration Users Accounts/i_Click to enter text_icon fa fa-eye fa-fw' is clicked on

2022-01-12 20:22:27 - [TEST_STEP][PASSED] - setText(findTestObject("Object Repository/Page_Moodle Administration Users Accounts/input_New password_newpassword"), "yTest123@"): Text 'yTest123@' is set on object 'Object Repository/Page_Moodle Administration Users Accounts/input_New password_newpassword'

2022-01-12 20:22:28 - [MESSAGE][PASSED] - Text 'yTest123@' is set on object 'Object Repository/Page_Moodle Administration Users Accounts/input_New password_newpassword'

2022-01-12 20:22:28 - [TEST_STEP][PASSED] - click(findTestObject("Object Repository/Page_Moodle Administration Users Accounts/input_Press enter to save changes_preferenc_a80a7a")): Object: 'Object Repository/Page_Moodle Administration Users Accounts/input_Press enter to save changes_preferenc_a80a7a' is clicked on

2022-01-12 20:22:29 - [MESSAGE][PASSED] - Object: 'Object Repository/Page_Moodle Administration Users Accounts/input_Press enter to save changes_preferenc_a80a7a' is clicked on

2022-01-12 20:22:29 - [TEST_STEP][PASSED] - setText(findTestObject("Object Repository/Page_Moodle Administration Users Accounts/input_First name_firstname"), "Ý"): Text 'Ý' is set on object 'Object Repository/Page_Moodle Administration Users Accounts/input_First name_firstname'

2022-01-12 20:22:30 - [MESSAGE][PASSED] - Text 'Ý' is set on object 'Object Repository/Page_Moodle Administration Users Accounts/input_First name_firstname'

2022-01-12 20:22:30 - [TEST_STEP][PASSED] - setText(findTestObject("Object Repository/Page_Moodle Administration Users Accounts/input_Surname_lastname"), "cute"): Text 'cute' is set on object 'Object Repository/Page_Moodle Administration Users Accounts/input_Surname_lastname'

2022-01-12 20:22:31 - [MESSAGE][PASSED] - Text 'cute' is set on object 'Object Repository/Page_Moodle Administration Users Accounts/input_Surname_lastname'

2022-01-12 20:22:31 - [TEST_STEP][PASSED] - setText(findTestObject("Object Repository/Page_Moodle Administration Users Accounts/input_Email address_email"), "ycutefail@gmail.com"): Text 'ycutefail@gmail.com' is set on object 'Object Repository/Page_Moodle Administration Users Accounts/input_Email address_email'

2022-01-12 20:22:31 - [MESSAGE][PASSED] - Text 'ycutefail@gmail.com' is set on object 'Object Repository/Page_Moodle Administration Users Accounts/input_Email address_email'

2022-01-12 20:22:31 - [TEST_STEP][PASSED] - click(findTestObject("Object Repository/Page_Moodle Administration Users Accounts/input_Address_submitbutton")): Object: 'Object Repository/Page_Moodle Administration Users Accounts/input_Address_submitbutton' is clicked on

2022-01-12 20:22:34 - [MESSAGE][PASSED] - Object: 'Object Repository/Page_Moodle Administration Users Accounts/input_Address_submitbutton' is clicked on

2022-01-12 20:22:34 - [TEST_STEP][PASSED] - navigateToUrl("http://localhost:8080/moodle/admin/user.php"): Navigate to 'http://localhost:8080/moodle/admin/user.php' successfully

2022-01-12 20:22:35 - [MESSAGE][PASSED] - Navigate to 'http://localhost:8080/moodle/admin/user.php' successfully

2022-01-12 20:22:35 - [TEST_STEP][PASSED] - click(findTestObject("Object Repository/Page_Moodle Administration Users Accounts/a_Admin User")): Object: 'Object Repository/Page_Moodle Administration Users Accounts/a_Admin User' is clicked on

2022-01-12 20:22:36 - [MESSAGE][PASSED] - Object: 'Object Repository/Page_Moodle Administration Users Accounts/a_Admin User' is clicked on

2022-01-12 20:22:36 - [TEST_STEP][PASSED] - click(findTestObject("Object Repository/Page_Moodle Administration Users Accounts/span_Log out")): Object: 'Object Repository/Page_Moodle Administration Users Accounts/span_Log out' is clicked on

2022-01-12 20:22:37 - [MESSAGE][PASSED] - Object: 'Object Repository/Page_Moodle Administration Users Accounts/span_Log out' is clicked on

2022-01-12 20:22:37 - [TEST_STEP][PASSED] - click(findTestObject("Object Repository/Page_BCS Moodle/a_Log in")): Object: 'Object Repository/Page_BCS Moodle/a_Log in' is clicked on

2022-01-12 20:22:38 - [MESSAGE][PASSED] - Object: 'Object Repository/Page_BCS Moodle/a_Log in' is clicked on

2022-01-12 20:22:38 - [TEST_STEP][PASSED] - setText(findTestObject("Object Repository/Page_BCS Moodle Log in to the site/input_Username_username"), "ycutefail"): Text 'ycutefail' is set on object 'Object Repository/Page_BCS Moodle Log in to the site/input_Username_username'

2022-01-12 20:22:38 - [MESSAGE][PASSED] - Text 'ycutefail' is set on object 'Object Repository/Page_BCS Moodle Log in to the site/input_Username_username'

2022-01-12 20:22:38 - [TEST_STEP][PASSED] - setEncryptedText(findTestObject("Object Repository/Page_BCS Moodle Log in to the site/input_Password_password"), "2710ZA2DREKCf9mxfuEeww=="): Text ****** has been set on object 'Object Repository/Page_BCS Moodle Log in to the site/input_Password_password'

2022-01-12 20:22:39 - [MESSAGE][PASSED] - Text ****** has been set on object 'Object Repository/Page_BCS Moodle Log in to the site/input_Password_password'

2022-01-12 20:22:39 - [TEST_STEP][PASSED] - click(findTestObject("Object Repository/Page_BCS Moodle Log in to the site/button_Log in")): Object: 'Object Repository/Page_BCS Moodle Log in to the site/button_Log in' is clicked on

2022-01-12 20:22:40 - [MESSAGE][PASSED] - Object: 'Object Repository/Page_BCS Moodle Log in to the site/button_Log in' is clicked on

2022-01-12 20:22:40 - [TEST_STEP][PASSED] - verifyElementPresent(findTestObject("Page_Change password/div_You must change your password to proceed"), 0): Object 'Object Repository/Page_Change password/div_You must change your password to proceed' is present

2022-01-12 20:22:40 - [MESSAGE][WARNING] - Timeout '0' is invalid. Using default page load timeout: '30'

2022-01-12 20:22:41 - [MESSAGE][PASSED] - Object 'Object Repository/Page_Change password/div_You must change your password to proceed' is present

2022-01-12 20:22:41 - [TEST_STEP][PASSED] - setEncryptedText(findTestObject("Page_Change password/input_Current password_password"), "2710ZA2DREKCf9mxfuEeww=="): Text ****** has been set on object 'Object Repository/Page_Change password/input_Current password_password'

2022-01-12 20:22:41 - [MESSAGE][PASSED] - Text ****** has been set on object 'Object Repository/Page_Change password/input_Current password_password'

2022-01-12 20:22:41 - [TEST_STEP][PASSED] - setText(findTestObject("Page_Change password/input_New password_newpassword1"), "yyyTest123@"): Text 'yyyTest123@' is set on object 'Object Repository/Page_Change password/input_New password_newpassword1'

2022-01-12 20:22:42 - [MESSAGE][PASSED] - Text 'yyyTest123@' is set on object 'Object Repository/Page_Change password/input_New password_newpassword1'

2022-01-12 20:22:42 - [TEST_STEP][PASSED] - setText(findTestObject("Page_Change password/input_New password (again)_newpassword2"), "yTest123@"): Text 'yTest123@' is set on object 'Object Repository/Page_Change password/input_New password (again)_newpassword2'

2022-01-12 20:22:43 - [MESSAGE][PASSED] - Text 'yTest123@' is set on object 'Object Repository/Page_Change password/input_New password (again)_newpassword2'

2022-01-12 20:22:43 - [TEST_STEP][PASSED] - click(findTestObject("Page_Change password/input_New password (again)_submitbutton")): Object: 'Object Repository/Page_Change password/input_New password (again)_submitbutton' is clicked on

2022-01-12 20:22:44 - [MESSAGE][PASSED] - Object: 'Object Repository/Page_Change password/input_New password (again)_submitbutton' is clicked on

2022-01-12 20:22:44 - [TEST_STEP][PASSED] - click(findTestObject("Page_Change password/div_These passwords do not match")): Object: 'Object Repository/Page_Change password/div_These passwords do not match' is clicked on

2022-01-12 20:22:45 - [MESSAGE][PASSED] - Object: 'Object Repository/Page_Change password/div_These passwords do not match' is clicked on

2022-01-12 20:22:45 - [TEST_STEP][PASSED] - click(findTestObject("Page_Change password/div_These passwords do not match_1")): Object: 'Object Repository/Page_Change password/div_These passwords do not match_1' is clicked on

2022-01-12 20:22:45 - [MESSAGE][PASSED] - Object: 'Object Repository/Page_Change password/div_These passwords do not match_1' is clicked on

2022-01-12 20:22:45 - [TEST_STEP][PASSED] - closeBrowser(): Browser is closed

2022-01-12 20:22:46 - [MESSAGE][PASSED] - Browser is closed]]></system-out>
         <system-err><![CDATA[]]></system-err>
      </testcase>
      <testcase name="Test Cases/Admin/Admin Add User/Admin_Add User Force Password Change -- Success" time="30.723" classname="Test Cases/Admin/Admin Add User/Admin_Add User Force Password Change -- Success" status="PASSED">
         <system-out><![CDATA[2022-01-12 20:22:46 - [TEST_CASE][PASSED] - Test Cases/Admin/Admin Add User/Admin_Add User Force Password Change -- Success: Test Cases/Admin/Admin Add User/Admin_Add User Force Password Change -- Success

2022-01-12 20:22:46 - [TEST_STEP][PASSED] - callTestCase(findTestCase("Admin/Admin_Login"), [:], STOP_ON_FAILURE): Call Test Case 'Test Cases/Admin/Admin_Login' successfully

2022-01-12 20:22:46 - [TEST_CASE][PASSED] - Test Cases/Admin/Admin_Login: Test Cases/Admin/Admin_Login

2022-01-12 20:22:46 - [TEST_STEP][PASSED] - openBrowser(""): Browser is opened with url: ''

2022-01-12 20:22:46 - [MESSAGE][INFO] - Starting 'Chrome' driver

2022-01-12 20:22:46 - [MESSAGE][INFO] - User set preference: ['args', '[window-size=1300,900]']

2022-01-12 20:22:46 - [MESSAGE][INFO] - Action delay is set to 0 milliseconds

2022-01-12 20:22:48 - [MESSAGE][PASSED] - Browser is opened with url: ''

2022-01-12 20:22:48 - [TEST_STEP][PASSED] - navigateToUrl("http://localhost:8080/moodle/login/index.php"): Navigate to 'http://localhost:8080/moodle/login/index.php' successfully

2022-01-12 20:22:48 - [MESSAGE][PASSED] - Navigate to 'http://localhost:8080/moodle/login/index.php' successfully

2022-01-12 20:22:48 - [TEST_STEP][PASSED] - setText(findTestObject("Object Repository/Page_BCS Moodle Log in to the site/input_Username_username"), "admin"): Text 'admin' is set on object 'Object Repository/Page_BCS Moodle Log in to the site/input_Username_username'

2022-01-12 20:22:49 - [MESSAGE][PASSED] - Text 'admin' is set on object 'Object Repository/Page_BCS Moodle Log in to the site/input_Username_username'

2022-01-12 20:22:49 - [TEST_STEP][PASSED] - setEncryptedText(findTestObject("Object Repository/Page_BCS Moodle Log in to the site/input_Password_password"), "p4y+y39Ir5PR9RXlOHjWlj+CAJiYdX4g"): Text ****** has been set on object 'Object Repository/Page_BCS Moodle Log in to the site/input_Password_password'

2022-01-12 20:22:49 - [MESSAGE][PASSED] - Text ****** has been set on object 'Object Repository/Page_BCS Moodle Log in to the site/input_Password_password'

2022-01-12 20:22:49 - [TEST_STEP][PASSED] - click(findTestObject("Object Repository/Page_BCS Moodle Log in to the site/button_Log in")): Object: 'Object Repository/Page_BCS Moodle Log in to the site/button_Log in' is clicked on

2022-01-12 20:22:51 - [MESSAGE][PASSED] - Object: 'Object Repository/Page_BCS Moodle Log in to the site/button_Log in' is clicked on

2022-01-12 20:22:51 - [MESSAGE][PASSED] - Call Test Case 'Test Cases/Admin/Admin_Login' successfully

2022-01-12 20:22:51 - [TEST_STEP][PASSED] - click(findTestObject("Object Repository/Page_Dashboard/a_Site administration")): Object: 'Object Repository/Page_Dashboard/a_Site administration' is clicked on

2022-01-12 20:22:54 - [MESSAGE][PASSED] - Object: 'Object Repository/Page_Dashboard/a_Site administration' is clicked on

2022-01-12 20:22:54 - [TEST_STEP][PASSED] - navigateToUrl("http://localhost:8080/moodle/admin/search.php"): Navigate to 'http://localhost:8080/moodle/admin/search.php' successfully

2022-01-12 20:22:55 - [MESSAGE][PASSED] - Navigate to 'http://localhost:8080/moodle/admin/search.php' successfully

2022-01-12 20:22:55 - [TEST_STEP][PASSED] - click(findTestObject("Object Repository/Page_Moodle Administration Search/a_Users")): Object: 'Object Repository/Page_Moodle Administration Search/a_Users' is clicked on

2022-01-12 20:22:55 - [MESSAGE][PASSED] - Object: 'Object Repository/Page_Moodle Administration Search/a_Users' is clicked on

2022-01-12 20:22:55 - [TEST_STEP][PASSED] - click(findTestObject("Object Repository/Page_Moodle Administration Search/a_Add a new user")): Object: 'Object Repository/Page_Moodle Administration Search/a_Add a new user' is clicked on

2022-01-12 20:22:57 - [MESSAGE][PASSED] - Object: 'Object Repository/Page_Moodle Administration Search/a_Add a new user' is clicked on

2022-01-12 20:22:57 - [TEST_STEP][PASSED] - setText(findTestObject("Page_Moodle Administration Users Accounts/input_Username_username"), "ycute"): Text 'ycute' is set on object 'Object Repository/Page_Moodle Administration Users Accounts/input_Username_username'

2022-01-12 20:22:58 - [MESSAGE][PASSED] - Text 'ycute' is set on object 'Object Repository/Page_Moodle Administration Users Accounts/input_Username_username'

2022-01-12 20:22:58 - [TEST_STEP][PASSED] - click(findTestObject("Page_Moodle Administration Users Accounts/em_Click to enter text")): Object: 'Object Repository/Page_Moodle Administration Users Accounts/em_Click to enter text' is clicked on

2022-01-12 20:22:59 - [MESSAGE][PASSED] - Object: 'Object Repository/Page_Moodle Administration Users Accounts/em_Click to enter text' is clicked on

2022-01-12 20:22:59 - [TEST_STEP][PASSED] - click(findTestObject("Page_Moodle Administration Users Accounts/i_Click to enter text_icon fa fa-eye fa-fw")): Object: 'Object Repository/Page_Moodle Administration Users Accounts/i_Click to enter text_icon fa fa-eye fa-fw' is clicked on

2022-01-12 20:22:59 - [MESSAGE][PASSED] - Object: 'Object Repository/Page_Moodle Administration Users Accounts/i_Click to enter text_icon fa fa-eye fa-fw' is clicked on

2022-01-12 20:22:59 - [TEST_STEP][PASSED] - setText(findTestObject("Page_Moodle Administration Users Accounts/input_New password_newpassword"), "yTest123@"): Text 'yTest123@' is set on object 'Object Repository/Page_Moodle Administration Users Accounts/input_New password_newpassword'

2022-01-12 20:23:00 - [MESSAGE][PASSED] - Text 'yTest123@' is set on object 'Object Repository/Page_Moodle Administration Users Accounts/input_New password_newpassword'

2022-01-12 20:23:00 - [TEST_STEP][PASSED] - click(findTestObject("Page_Moodle Administration Users Accounts/input_Press enter to save changes_preferenc_a80a7a")): Object: 'Object Repository/Page_Moodle Administration Users Accounts/input_Press enter to save changes_preferenc_a80a7a' is clicked on

2022-01-12 20:23:01 - [MESSAGE][PASSED] - Object: 'Object Repository/Page_Moodle Administration Users Accounts/input_Press enter to save changes_preferenc_a80a7a' is clicked on

2022-01-12 20:23:01 - [TEST_STEP][PASSED] - setText(findTestObject("Page_Moodle Administration Users Accounts/input_First name_firstname"), "Ý"): Text 'Ý' is set on object 'Object Repository/Page_Moodle Administration Users Accounts/input_First name_firstname'

2022-01-12 20:23:01 - [MESSAGE][PASSED] - Text 'Ý' is set on object 'Object Repository/Page_Moodle Administration Users Accounts/input_First name_firstname'

2022-01-12 20:23:01 - [TEST_STEP][PASSED] - setText(findTestObject("Page_Moodle Administration Users Accounts/input_Surname_lastname"), "cute"): Text 'cute' is set on object 'Object Repository/Page_Moodle Administration Users Accounts/input_Surname_lastname'

2022-01-12 20:23:02 - [MESSAGE][PASSED] - Text 'cute' is set on object 'Object Repository/Page_Moodle Administration Users Accounts/input_Surname_lastname'

2022-01-12 20:23:02 - [TEST_STEP][PASSED] - setText(findTestObject("Page_Moodle Administration Users Accounts/input_Email address_email"), "ycute@gmail.com"): Text 'ycute@gmail.com' is set on object 'Object Repository/Page_Moodle Administration Users Accounts/input_Email address_email'

2022-01-12 20:23:03 - [MESSAGE][PASSED] - Text 'ycute@gmail.com' is set on object 'Object Repository/Page_Moodle Administration Users Accounts/input_Email address_email'

2022-01-12 20:23:03 - [TEST_STEP][PASSED] - click(findTestObject("Page_Moodle Administration Users Accounts/input_Address_submitbutton")): Object: 'Object Repository/Page_Moodle Administration Users Accounts/input_Address_submitbutton' is clicked on

2022-01-12 20:23:05 - [MESSAGE][PASSED] - Object: 'Object Repository/Page_Moodle Administration Users Accounts/input_Address_submitbutton' is clicked on

2022-01-12 20:23:05 - [TEST_STEP][PASSED] - navigateToUrl("http://localhost:8080/moodle/admin/user.php"): Navigate to 'http://localhost:8080/moodle/admin/user.php' successfully

2022-01-12 20:23:06 - [MESSAGE][PASSED] - Navigate to 'http://localhost:8080/moodle/admin/user.php' successfully

2022-01-12 20:23:06 - [TEST_STEP][PASSED] - click(findTestObject("Page_Moodle Administration Users Accounts/a_Admin User")): Object: 'Object Repository/Page_Moodle Administration Users Accounts/a_Admin User' is clicked on

2022-01-12 20:23:07 - [MESSAGE][PASSED] - Object: 'Object Repository/Page_Moodle Administration Users Accounts/a_Admin User' is clicked on

2022-01-12 20:23:07 - [TEST_STEP][PASSED] - click(findTestObject("Page_Moodle Administration Users Accounts/span_Log out")): Object: 'Object Repository/Page_Moodle Administration Users Accounts/span_Log out' is clicked on

2022-01-12 20:23:08 - [MESSAGE][PASSED] - Object: 'Object Repository/Page_Moodle Administration Users Accounts/span_Log out' is clicked on

2022-01-12 20:23:08 - [TEST_STEP][PASSED] - click(findTestObject("Object Repository/Page_BCS Moodle/a_Log in")): Object: 'Object Repository/Page_BCS Moodle/a_Log in' is clicked on

2022-01-12 20:23:08 - [MESSAGE][PASSED] - Object: 'Object Repository/Page_BCS Moodle/a_Log in' is clicked on

2022-01-12 20:23:08 - [TEST_STEP][PASSED] - setText(findTestObject("Object Repository/Page_BCS Moodle Log in to the site/input_Username_username"), "ycute"): Text 'ycute' is set on object 'Object Repository/Page_BCS Moodle Log in to the site/input_Username_username'

2022-01-12 20:23:09 - [MESSAGE][PASSED] - Text 'ycute' is set on object 'Object Repository/Page_BCS Moodle Log in to the site/input_Username_username'

2022-01-12 20:23:09 - [TEST_STEP][PASSED] - setEncryptedText(findTestObject("Object Repository/Page_BCS Moodle Log in to the site/input_Password_password"), "2710ZA2DREKCf9mxfuEeww=="): Text ****** has been set on object 'Object Repository/Page_BCS Moodle Log in to the site/input_Password_password'

2022-01-12 20:23:10 - [MESSAGE][PASSED] - Text ****** has been set on object 'Object Repository/Page_BCS Moodle Log in to the site/input_Password_password'

2022-01-12 20:23:10 - [TEST_STEP][PASSED] - click(findTestObject("Object Repository/Page_BCS Moodle Log in to the site/button_Log in")): Object: 'Object Repository/Page_BCS Moodle Log in to the site/button_Log in' is clicked on

2022-01-12 20:23:11 - [MESSAGE][PASSED] - Object: 'Object Repository/Page_BCS Moodle Log in to the site/button_Log in' is clicked on

2022-01-12 20:23:11 - [TEST_STEP][PASSED] - verifyElementPresent(findTestObject("Object Repository/Page_Change password/div_You must change your password to proceed"), 0): Object 'Object Repository/Page_Change password/div_You must change your password to proceed' is present

2022-01-12 20:23:11 - [MESSAGE][WARNING] - Timeout '0' is invalid. Using default page load timeout: '30'

2022-01-12 20:23:12 - [MESSAGE][PASSED] - Object 'Object Repository/Page_Change password/div_You must change your password to proceed' is present

2022-01-12 20:23:12 - [TEST_STEP][PASSED] - setEncryptedText(findTestObject("Object Repository/Page_Change password/input_Current password_password"), "2710ZA2DREKCf9mxfuEeww=="): Text ****** has been set on object 'Object Repository/Page_Change password/input_Current password_password'

2022-01-12 20:23:12 - [MESSAGE][PASSED] - Text ****** has been set on object 'Object Repository/Page_Change password/input_Current password_password'

2022-01-12 20:23:12 - [TEST_STEP][PASSED] - setEncryptedText(findTestObject("Object Repository/Page_Change password/input_New password_newpassword1"), "nSzDANEUx/lhr7OBbRdQuw=="): Text ****** has been set on object 'Object Repository/Page_Change password/input_New password_newpassword1'

2022-01-12 20:23:12 - [MESSAGE][PASSED] - Text ****** has been set on object 'Object Repository/Page_Change password/input_New password_newpassword1'

2022-01-12 20:23:12 - [TEST_STEP][PASSED] - setEncryptedText(findTestObject("Object Repository/Page_Change password/input_New password (again)_newpassword2"), "nSzDANEUx/lhr7OBbRdQuw=="): Text ****** has been set on object 'Object Repository/Page_Change password/input_New password (again)_newpassword2'

2022-01-12 20:23:13 - [MESSAGE][PASSED] - Text ****** has been set on object 'Object Repository/Page_Change password/input_New password (again)_newpassword2'

2022-01-12 20:23:13 - [TEST_STEP][PASSED] - click(findTestObject("Object Repository/Page_Change password/input_New password (again)_submitbutton")): Object: 'Object Repository/Page_Change password/input_New password (again)_submitbutton' is clicked on

2022-01-12 20:23:14 - [MESSAGE][PASSED] - Object: 'Object Repository/Page_Change password/input_New password (again)_submitbutton' is clicked on

2022-01-12 20:23:14 - [TEST_STEP][PASSED] - verifyElementPresent(findTestObject("Object Repository/Page_Password has been changed/div_Password has been changed"), 0): Object 'Object Repository/Page_Password has been changed/div_Password has been changed' is present

2022-01-12 20:23:14 - [MESSAGE][WARNING] - Timeout '0' is invalid. Using default page load timeout: '30'

2022-01-12 20:23:15 - [MESSAGE][PASSED] - Object 'Object Repository/Page_Password has been changed/div_Password has been changed' is present

2022-01-12 20:23:15 - [TEST_STEP][PASSED] - click(findTestObject("Object Repository/Page_Password has been changed/button_Continue")): Object: 'Object Repository/Page_Password has been changed/button_Continue' is clicked on

2022-01-12 20:23:16 - [MESSAGE][PASSED] - Object: 'Object Repository/Page_Password has been changed/button_Continue' is clicked on

2022-01-12 20:23:16 - [TEST_STEP][PASSED] - closeBrowser(): Browser is closed

2022-01-12 20:23:17 - [MESSAGE][PASSED] - Browser is closed]]></system-out>
         <system-err><![CDATA[]]></system-err>
      </testcase>
      <testcase name="Test Cases/Admin/Admin Add User/Admin_Add User Invalid Password" time="19.762" classname="Test Cases/Admin/Admin Add User/Admin_Add User Invalid Password" status="PASSED">
         <system-out><![CDATA[2022-01-12 20:23:17 - [TEST_CASE][PASSED] - Test Cases/Admin/Admin Add User/Admin_Add User Invalid Password: Test Cases/Admin/Admin Add User/Admin_Add User Invalid Password

2022-01-12 20:23:17 - [TEST_STEP][PASSED] - callTestCase(findTestCase("Admin/Admin_Login"), [:], STOP_ON_FAILURE): Call Test Case 'Test Cases/Admin/Admin_Login' successfully

2022-01-12 20:23:17 - [TEST_CASE][PASSED] - Test Cases/Admin/Admin_Login: Test Cases/Admin/Admin_Login

2022-01-12 20:23:17 - [TEST_STEP][PASSED] - openBrowser(""): Browser is opened with url: ''

2022-01-12 20:23:17 - [MESSAGE][INFO] - Starting 'Chrome' driver

2022-01-12 20:23:17 - [MESSAGE][INFO] - User set preference: ['args', '[window-size=1300,900]']

2022-01-12 20:23:17 - [MESSAGE][INFO] - Action delay is set to 0 milliseconds

2022-01-12 20:23:18 - [MESSAGE][PASSED] - Browser is opened with url: ''

2022-01-12 20:23:18 - [TEST_STEP][PASSED] - navigateToUrl("http://localhost:8080/moodle/login/index.php"): Navigate to 'http://localhost:8080/moodle/login/index.php' successfully

2022-01-12 20:23:19 - [MESSAGE][PASSED] - Navigate to 'http://localhost:8080/moodle/login/index.php' successfully

2022-01-12 20:23:19 - [TEST_STEP][PASSED] - setText(findTestObject("Object Repository/Page_BCS Moodle Log in to the site/input_Username_username"), "admin"): Text 'admin' is set on object 'Object Repository/Page_BCS Moodle Log in to the site/input_Username_username'

2022-01-12 20:23:20 - [MESSAGE][PASSED] - Text 'admin' is set on object 'Object Repository/Page_BCS Moodle Log in to the site/input_Username_username'

2022-01-12 20:23:20 - [TEST_STEP][PASSED] - setEncryptedText(findTestObject("Object Repository/Page_BCS Moodle Log in to the site/input_Password_password"), "p4y+y39Ir5PR9RXlOHjWlj+CAJiYdX4g"): Text ****** has been set on object 'Object Repository/Page_BCS Moodle Log in to the site/input_Password_password'

2022-01-12 20:23:20 - [MESSAGE][PASSED] - Text ****** has been set on object 'Object Repository/Page_BCS Moodle Log in to the site/input_Password_password'

2022-01-12 20:23:20 - [TEST_STEP][PASSED] - click(findTestObject("Object Repository/Page_BCS Moodle Log in to the site/button_Log in")): Object: 'Object Repository/Page_BCS Moodle Log in to the site/button_Log in' is clicked on

2022-01-12 20:23:22 - [MESSAGE][PASSED] - Object: 'Object Repository/Page_BCS Moodle Log in to the site/button_Log in' is clicked on

2022-01-12 20:23:22 - [MESSAGE][PASSED] - Call Test Case 'Test Cases/Admin/Admin_Login' successfully

2022-01-12 20:23:22 - [TEST_STEP][PASSED] - click(findTestObject("Object Repository/Page_Dashboard/a_Site administration")): Object: 'Object Repository/Page_Dashboard/a_Site administration' is clicked on

2022-01-12 20:23:24 - [MESSAGE][PASSED] - Object: 'Object Repository/Page_Dashboard/a_Site administration' is clicked on

2022-01-12 20:23:24 - [TEST_STEP][PASSED] - click(findTestObject("Object Repository/Page_Moodle Administration Search/a_Users")): Object: 'Object Repository/Page_Moodle Administration Search/a_Users' is clicked on

2022-01-12 20:23:24 - [MESSAGE][PASSED] - Object: 'Object Repository/Page_Moodle Administration Search/a_Users' is clicked on

2022-01-12 20:23:24 - [TEST_STEP][PASSED] - click(findTestObject("Object Repository/Page_Moodle Administration Search/a_Add a new user")): Object: 'Object Repository/Page_Moodle Administration Search/a_Add a new user' is clicked on

2022-01-12 20:23:26 - [MESSAGE][PASSED] - Object: 'Object Repository/Page_Moodle Administration Search/a_Add a new user' is clicked on

2022-01-12 20:23:26 - [TEST_STEP][PASSED] - click(findTestObject("Object Repository/Page_Moodle Administration Users Accounts/input_Username_username")): Object: 'Object Repository/Page_Moodle Administration Users Accounts/input_Username_username' is clicked on

2022-01-12 20:23:27 - [MESSAGE][PASSED] - Object: 'Object Repository/Page_Moodle Administration Users Accounts/input_Username_username' is clicked on

2022-01-12 20:23:27 - [TEST_STEP][PASSED] - setText(findTestObject("Object Repository/Page_Moodle Administration Users Accounts/input_Username_username"), "yk15"): Text 'yk15' is set on object 'Object Repository/Page_Moodle Administration Users Accounts/input_Username_username'

2022-01-12 20:23:28 - [MESSAGE][PASSED] - Text 'yk15' is set on object 'Object Repository/Page_Moodle Administration Users Accounts/input_Username_username'

2022-01-12 20:23:28 - [TEST_STEP][PASSED] - click(findTestObject("Object Repository/Page_Moodle Administration Users Accounts/em_Click to enter text")): Object: 'Object Repository/Page_Moodle Administration Users Accounts/em_Click to enter text' is clicked on

2022-01-12 20:23:28 - [MESSAGE][PASSED] - Object: 'Object Repository/Page_Moodle Administration Users Accounts/em_Click to enter text' is clicked on

2022-01-12 20:23:28 - [TEST_STEP][PASSED] - click(findTestObject("Object Repository/Page_Moodle Administration Users Accounts/i_Click to enter text_icon fa fa-eye fa-fw"), STOP_ON_FAILURE): Object: 'Object Repository/Page_Moodle Administration Users Accounts/i_Click to enter text_icon fa fa-eye fa-fw' is clicked on

2022-01-12 20:23:29 - [MESSAGE][PASSED] - Object: 'Object Repository/Page_Moodle Administration Users Accounts/i_Click to enter text_icon fa fa-eye fa-fw' is clicked on

2022-01-12 20:23:29 - [TEST_STEP][PASSED] - setText(findTestObject("Object Repository/Page_Moodle Administration Users Accounts/input_New password_newpassword"), "y"): Text 'y' is set on object 'Object Repository/Page_Moodle Administration Users Accounts/input_New password_newpassword'

2022-01-12 20:23:30 - [MESSAGE][PASSED] - Text 'y' is set on object 'Object Repository/Page_Moodle Administration Users Accounts/input_New password_newpassword'

2022-01-12 20:23:30 - [TEST_STEP][PASSED] - setText(findTestObject("Object Repository/Page_Moodle Administration Users Accounts/input_First name_firstname"), "Ý"): Text 'Ý' is set on object 'Object Repository/Page_Moodle Administration Users Accounts/input_First name_firstname'

2022-01-12 20:23:30 - [MESSAGE][PASSED] - Text 'Ý' is set on object 'Object Repository/Page_Moodle Administration Users Accounts/input_First name_firstname'

2022-01-12 20:23:30 - [TEST_STEP][PASSED] - setText(findTestObject("Object Repository/Page_Moodle Administration Users Accounts/input_Surname_lastname"), "Đàm"): Text 'Đàm' is set on object 'Object Repository/Page_Moodle Administration Users Accounts/input_Surname_lastname'

2022-01-12 20:23:31 - [MESSAGE][PASSED] - Text 'Đàm' is set on object 'Object Repository/Page_Moodle Administration Users Accounts/input_Surname_lastname'

2022-01-12 20:23:31 - [TEST_STEP][PASSED] - setText(findTestObject("Object Repository/Page_Moodle Administration Users Accounts/input_Email address_email"), "ydamk15@gmail.com"): Text 'ydamk15@gmail.com' is set on object 'Object Repository/Page_Moodle Administration Users Accounts/input_Email address_email'

2022-01-12 20:23:32 - [MESSAGE][PASSED] - Text 'ydamk15@gmail.com' is set on object 'Object Repository/Page_Moodle Administration Users Accounts/input_Email address_email'

2022-01-12 20:23:32 - [TEST_STEP][PASSED] - click(findTestObject("Object Repository/Page_Moodle Administration Users Accounts/input_Address_submitbutton")): Object: 'Object Repository/Page_Moodle Administration Users Accounts/input_Address_submitbutton' is clicked on

2022-01-12 20:23:34 - [MESSAGE][PASSED] - Object: 'Object Repository/Page_Moodle Administration Users Accounts/input_Address_submitbutton' is clicked on

2022-01-12 20:23:34 - [TEST_STEP][PASSED] - verifyElementPresent(findTestObject("Object Repository/Page_Moodle Administration Users Accounts A_0fbd97/div_Passwords must be at least 8 characters long"), 0): Object 'Object Repository/Page_Moodle Administration Users Accounts A_0fbd97/div_Passwords must be at least 8 characters long' is present

2022-01-12 20:23:34 - [MESSAGE][WARNING] - Timeout '0' is invalid. Using default page load timeout: '30'

2022-01-12 20:23:35 - [MESSAGE][PASSED] - Object 'Object Repository/Page_Moodle Administration Users Accounts A_0fbd97/div_Passwords must be at least 8 characters long' is present

2022-01-12 20:23:35 - [TEST_STEP][PASSED] - verifyElementPresent(findTestObject("Object Repository/Page_Moodle Administration Users Accounts A_0fbd97/div_Passwords must have at least 1 digit(s)"), 0): Object 'Object Repository/Page_Moodle Administration Users Accounts A_0fbd97/div_Passwords must have at least 1 digit(s)' is present

2022-01-12 20:23:35 - [MESSAGE][WARNING] - Timeout '0' is invalid. Using default page load timeout: '30'

2022-01-12 20:23:35 - [MESSAGE][PASSED] - Object 'Object Repository/Page_Moodle Administration Users Accounts A_0fbd97/div_Passwords must have at least 1 digit(s)' is present

2022-01-12 20:23:35 - [TEST_STEP][PASSED] - verifyElementPresent(findTestObject("Object Repository/Page_Moodle Administration Users Accounts A_0fbd97/div_Passwords must have at least 1 upper ca_8e926f"), 0): Object 'Object Repository/Page_Moodle Administration Users Accounts A_0fbd97/div_Passwords must have at least 1 upper ca_8e926f' is present

2022-01-12 20:23:35 - [MESSAGE][WARNING] - Timeout '0' is invalid. Using default page load timeout: '30'

2022-01-12 20:23:35 - [MESSAGE][PASSED] - Object 'Object Repository/Page_Moodle Administration Users Accounts A_0fbd97/div_Passwords must have at least 1 upper ca_8e926f' is present

2022-01-12 20:23:35 - [TEST_STEP][PASSED] - verifyElementPresent(findTestObject("Object Repository/Page_Moodle Administration Users Accounts A_0fbd97/div_The password must have at least 1 speci_80717b"), 0): Object 'Object Repository/Page_Moodle Administration Users Accounts A_0fbd97/div_The password must have at least 1 speci_80717b' is present

2022-01-12 20:23:35 - [MESSAGE][WARNING] - Timeout '0' is invalid. Using default page load timeout: '30'

2022-01-12 20:23:36 - [MESSAGE][PASSED] - Object 'Object Repository/Page_Moodle Administration Users Accounts A_0fbd97/div_The password must have at least 1 speci_80717b' is present

2022-01-12 20:23:36 - [TEST_STEP][PASSED] - closeBrowser(): Browser is closed

2022-01-12 20:23:36 - [MESSAGE][PASSED] - Browser is closed]]></system-out>
         <system-err><![CDATA[]]></system-err>
      </testcase>
      <testcase name="Test Cases/Admin/Admin Add User/Admin_Add User Registered Email" time="19.169" classname="Test Cases/Admin/Admin Add User/Admin_Add User Registered Email" status="PASSED">
         <system-out><![CDATA[2022-01-12 20:23:36 - [TEST_CASE][PASSED] - Test Cases/Admin/Admin Add User/Admin_Add User Registered Email: Test Cases/Admin/Admin Add User/Admin_Add User Registered Email

2022-01-12 20:23:37 - [TEST_STEP][PASSED] - callTestCase(findTestCase("Admin/Admin_Login"), [:], STOP_ON_FAILURE): Call Test Case 'Test Cases/Admin/Admin_Login' successfully

2022-01-12 20:23:37 - [TEST_CASE][PASSED] - Test Cases/Admin/Admin_Login: Test Cases/Admin/Admin_Login

2022-01-12 20:23:37 - [TEST_STEP][PASSED] - openBrowser(""): Browser is opened with url: ''

2022-01-12 20:23:37 - [MESSAGE][INFO] - Starting 'Chrome' driver

2022-01-12 20:23:37 - [MESSAGE][INFO] - User set preference: ['args', '[window-size=1300,900]']

2022-01-12 20:23:37 - [MESSAGE][INFO] - Action delay is set to 0 milliseconds

2022-01-12 20:23:38 - [MESSAGE][PASSED] - Browser is opened with url: ''

2022-01-12 20:23:38 - [TEST_STEP][PASSED] - navigateToUrl("http://localhost:8080/moodle/login/index.php"): Navigate to 'http://localhost:8080/moodle/login/index.php' successfully

2022-01-12 20:23:39 - [MESSAGE][PASSED] - Navigate to 'http://localhost:8080/moodle/login/index.php' successfully

2022-01-12 20:23:39 - [TEST_STEP][PASSED] - setText(findTestObject("Object Repository/Page_BCS Moodle Log in to the site/input_Username_username"), "admin"): Text 'admin' is set on object 'Object Repository/Page_BCS Moodle Log in to the site/input_Username_username'

2022-01-12 20:23:39 - [MESSAGE][PASSED] - Text 'admin' is set on object 'Object Repository/Page_BCS Moodle Log in to the site/input_Username_username'

2022-01-12 20:23:39 - [TEST_STEP][PASSED] - setEncryptedText(findTestObject("Object Repository/Page_BCS Moodle Log in to the site/input_Password_password"), "p4y+y39Ir5PR9RXlOHjWlj+CAJiYdX4g"): Text ****** has been set on object 'Object Repository/Page_BCS Moodle Log in to the site/input_Password_password'

2022-01-12 20:23:40 - [MESSAGE][PASSED] - Text ****** has been set on object 'Object Repository/Page_BCS Moodle Log in to the site/input_Password_password'

2022-01-12 20:23:40 - [TEST_STEP][PASSED] - click(findTestObject("Object Repository/Page_BCS Moodle Log in to the site/button_Log in")): Object: 'Object Repository/Page_BCS Moodle Log in to the site/button_Log in' is clicked on

2022-01-12 20:23:41 - [MESSAGE][PASSED] - Object: 'Object Repository/Page_BCS Moodle Log in to the site/button_Log in' is clicked on

2022-01-12 20:23:41 - [MESSAGE][PASSED] - Call Test Case 'Test Cases/Admin/Admin_Login' successfully

2022-01-12 20:23:41 - [TEST_STEP][PASSED] - click(findTestObject("Object Repository/Page_Dashboard/a_Site administration")): Object: 'Object Repository/Page_Dashboard/a_Site administration' is clicked on

2022-01-12 20:23:44 - [MESSAGE][PASSED] - Object: 'Object Repository/Page_Dashboard/a_Site administration' is clicked on

2022-01-12 20:23:44 - [TEST_STEP][PASSED] - click(findTestObject("Object Repository/Page_Moodle Administration Search/a_Users")): Object: 'Object Repository/Page_Moodle Administration Search/a_Users' is clicked on

2022-01-12 20:23:45 - [MESSAGE][PASSED] - Object: 'Object Repository/Page_Moodle Administration Search/a_Users' is clicked on

2022-01-12 20:23:45 - [TEST_STEP][PASSED] - click(findTestObject("Object Repository/Page_Moodle Administration Search/a_Add a new user")): Object: 'Object Repository/Page_Moodle Administration Search/a_Add a new user' is clicked on

2022-01-12 20:23:46 - [MESSAGE][PASSED] - Object: 'Object Repository/Page_Moodle Administration Search/a_Add a new user' is clicked on

2022-01-12 20:23:46 - [TEST_STEP][PASSED] - click(findTestObject("Page_Moodle Administration Users Accounts/input_Username_username")): Object: 'Object Repository/Page_Moodle Administration Users Accounts/input_Username_username' is clicked on

2022-01-12 20:23:47 - [MESSAGE][PASSED] - Object: 'Object Repository/Page_Moodle Administration Users Accounts/input_Username_username' is clicked on

2022-01-12 20:23:47 - [TEST_STEP][PASSED] - setText(findTestObject("Page_Moodle Administration Users Accounts/input_Username_username"), "ycute"): Text 'ycute' is set on object 'Object Repository/Page_Moodle Administration Users Accounts/input_Username_username'

2022-01-12 20:23:48 - [MESSAGE][PASSED] - Text 'ycute' is set on object 'Object Repository/Page_Moodle Administration Users Accounts/input_Username_username'

2022-01-12 20:23:48 - [TEST_STEP][PASSED] - click(findTestObject("Page_Moodle Administration Users Accounts/em_Click to enter text")): Object: 'Object Repository/Page_Moodle Administration Users Accounts/em_Click to enter text' is clicked on

2022-01-12 20:23:48 - [MESSAGE][PASSED] - Object: 'Object Repository/Page_Moodle Administration Users Accounts/em_Click to enter text' is clicked on

2022-01-12 20:23:48 - [TEST_STEP][PASSED] - click(findTestObject("Page_Moodle Administration Users Accounts/i_Click to enter text_icon fa fa-eye fa-fw"), STOP_ON_FAILURE): Object: 'Object Repository/Page_Moodle Administration Users Accounts/i_Click to enter text_icon fa fa-eye fa-fw' is clicked on

2022-01-12 20:23:49 - [MESSAGE][PASSED] - Object: 'Object Repository/Page_Moodle Administration Users Accounts/i_Click to enter text_icon fa fa-eye fa-fw' is clicked on

2022-01-12 20:23:49 - [TEST_STEP][PASSED] - setText(findTestObject("Page_Moodle Administration Users Accounts/input_New password_newpassword"), "yTest123@"): Text 'yTest123@' is set on object 'Object Repository/Page_Moodle Administration Users Accounts/input_New password_newpassword'

2022-01-12 20:23:50 - [MESSAGE][PASSED] - Text 'yTest123@' is set on object 'Object Repository/Page_Moodle Administration Users Accounts/input_New password_newpassword'

2022-01-12 20:23:50 - [TEST_STEP][PASSED] - setText(findTestObject("Page_Moodle Administration Users Accounts/input_First name_firstname"), "Ý"): Text 'Ý' is set on object 'Object Repository/Page_Moodle Administration Users Accounts/input_First name_firstname'

2022-01-12 20:23:51 - [MESSAGE][PASSED] - Text 'Ý' is set on object 'Object Repository/Page_Moodle Administration Users Accounts/input_First name_firstname'

2022-01-12 20:23:51 - [TEST_STEP][PASSED] - setText(findTestObject("Page_Moodle Administration Users Accounts/input_Surname_lastname"), "Đàm"): Text 'Đàm' is set on object 'Object Repository/Page_Moodle Administration Users Accounts/input_Surname_lastname'

2022-01-12 20:23:51 - [MESSAGE][PASSED] - Text 'Đàm' is set on object 'Object Repository/Page_Moodle Administration Users Accounts/input_Surname_lastname'

2022-01-12 20:23:51 - [TEST_STEP][PASSED] - setText(findTestObject("Page_Moodle Administration Users Accounts/input_Email address_email"), "yprotk21@gmail.com"): Text 'yprotk21@gmail.com' is set on object 'Object Repository/Page_Moodle Administration Users Accounts/input_Email address_email'

2022-01-12 20:23:52 - [MESSAGE][PASSED] - Text 'yprotk21@gmail.com' is set on object 'Object Repository/Page_Moodle Administration Users Accounts/input_Email address_email'

2022-01-12 20:23:52 - [TEST_STEP][PASSED] - click(findTestObject("Page_Moodle Administration Users Accounts/input_Address_submitbutton")): Object: 'Object Repository/Page_Moodle Administration Users Accounts/input_Address_submitbutton' is clicked on

2022-01-12 20:23:54 - [MESSAGE][PASSED] - Object: 'Object Repository/Page_Moodle Administration Users Accounts/input_Address_submitbutton' is clicked on

2022-01-12 20:23:54 - [TEST_STEP][PASSED] - verifyElementPresent(findTestObject("Page_Moodle Administration Users Accounts/div_This email address is already registered"), 0): Object 'Object Repository/Page_Moodle Administration Users Accounts/div_This email address is already registered' is present

2022-01-12 20:23:54 - [MESSAGE][WARNING] - Timeout '0' is invalid. Using default page load timeout: '30'

2022-01-12 20:23:55 - [MESSAGE][PASSED] - Object 'Object Repository/Page_Moodle Administration Users Accounts/div_This email address is already registered' is present

2022-01-12 20:23:55 - [TEST_STEP][PASSED] - closeBrowser(): Browser is closed

2022-01-12 20:23:56 - [MESSAGE][PASSED] - Browser is closed]]></system-out>
         <system-err><![CDATA[]]></system-err>
      </testcase>
      <testcase name="Test Cases/Admin/Admin Create Course/Admin_Create Course Short Name Already Used" time="17.502" classname="Test Cases/Admin/Admin Create Course/Admin_Create Course Short Name Already Used" status="PASSED">
         <system-out><![CDATA[2022-01-12 20:23:56 - [TEST_CASE][PASSED] - Test Cases/Admin/Admin Create Course/Admin_Create Course Short Name Already Used: Test Cases/Admin/Admin Create Course/Admin_Create Course Short Name Already Used

2022-01-12 20:23:56 - [TEST_STEP][PASSED] - callTestCase(findTestCase("Admin/Admin_Login"), [:], STOP_ON_FAILURE): Call Test Case 'Test Cases/Admin/Admin_Login' successfully

2022-01-12 20:23:56 - [TEST_CASE][PASSED] - Test Cases/Admin/Admin_Login: Test Cases/Admin/Admin_Login

2022-01-12 20:23:56 - [TEST_STEP][PASSED] - openBrowser(""): Browser is opened with url: ''

2022-01-12 20:23:56 - [MESSAGE][INFO] - Starting 'Chrome' driver

2022-01-12 20:23:56 - [MESSAGE][INFO] - User set preference: ['args', '[window-size=1300,900]']

2022-01-12 20:23:56 - [MESSAGE][INFO] - Action delay is set to 0 milliseconds

2022-01-12 20:23:57 - [MESSAGE][PASSED] - Browser is opened with url: ''

2022-01-12 20:23:57 - [TEST_STEP][PASSED] - navigateToUrl("http://localhost:8080/moodle/login/index.php"): Navigate to 'http://localhost:8080/moodle/login/index.php' successfully

2022-01-12 20:23:58 - [MESSAGE][PASSED] - Navigate to 'http://localhost:8080/moodle/login/index.php' successfully

2022-01-12 20:23:58 - [TEST_STEP][PASSED] - setText(findTestObject("Object Repository/Page_BCS Moodle Log in to the site/input_Username_username"), "admin"): Text 'admin' is set on object 'Object Repository/Page_BCS Moodle Log in to the site/input_Username_username'

2022-01-12 20:23:59 - [MESSAGE][PASSED] - Text 'admin' is set on object 'Object Repository/Page_BCS Moodle Log in to the site/input_Username_username'

2022-01-12 20:23:59 - [TEST_STEP][PASSED] - setEncryptedText(findTestObject("Object Repository/Page_BCS Moodle Log in to the site/input_Password_password"), "p4y+y39Ir5PR9RXlOHjWlj+CAJiYdX4g"): Text ****** has been set on object 'Object Repository/Page_BCS Moodle Log in to the site/input_Password_password'

2022-01-12 20:23:59 - [MESSAGE][PASSED] - Text ****** has been set on object 'Object Repository/Page_BCS Moodle Log in to the site/input_Password_password'

2022-01-12 20:23:59 - [TEST_STEP][PASSED] - click(findTestObject("Object Repository/Page_BCS Moodle Log in to the site/button_Log in")): Object: 'Object Repository/Page_BCS Moodle Log in to the site/button_Log in' is clicked on

2022-01-12 20:24:00 - [MESSAGE][PASSED] - Object: 'Object Repository/Page_BCS Moodle Log in to the site/button_Log in' is clicked on

2022-01-12 20:24:00 - [MESSAGE][PASSED] - Call Test Case 'Test Cases/Admin/Admin_Login' successfully

2022-01-12 20:24:00 - [TEST_STEP][PASSED] - click(findTestObject("Object Repository/Page_Dashboard/a_Site administration")): Object: 'Object Repository/Page_Dashboard/a_Site administration' is clicked on

2022-01-12 20:24:03 - [MESSAGE][PASSED] - Object: 'Object Repository/Page_Dashboard/a_Site administration' is clicked on

2022-01-12 20:24:03 - [TEST_STEP][PASSED] - navigateToUrl("http://localhost:8080/moodle/admin/search.php"): Navigate to 'http://localhost:8080/moodle/admin/search.php' successfully

2022-01-12 20:24:04 - [MESSAGE][PASSED] - Navigate to 'http://localhost:8080/moodle/admin/search.php' successfully

2022-01-12 20:24:04 - [TEST_STEP][PASSED] - click(findTestObject("Object Repository/Page_Moodle Administration Search/a_Courses")): Object: 'Object Repository/Page_Moodle Administration Search/a_Courses' is clicked on

2022-01-12 20:24:05 - [MESSAGE][PASSED] - Object: 'Object Repository/Page_Moodle Administration Search/a_Courses' is clicked on

2022-01-12 20:24:05 - [TEST_STEP][PASSED] - click(findTestObject("Object Repository/Page_Moodle Administration Search/a_Add a new course")): Object: 'Object Repository/Page_Moodle Administration Search/a_Add a new course' is clicked on

2022-01-12 20:24:06 - [MESSAGE][PASSED] - Object: 'Object Repository/Page_Moodle Administration Search/a_Add a new course' is clicked on

2022-01-12 20:24:06 - [TEST_STEP][PASSED] - navigateToUrl("http://localhost:8080/moodle/course/edit.php?category=0"): Navigate to 'http://localhost:8080/moodle/course/edit.php?category=0' successfully

2022-01-12 20:24:07 - [MESSAGE][PASSED] - Navigate to 'http://localhost:8080/moodle/course/edit.php?category=0' successfully

2022-01-12 20:24:07 - [TEST_STEP][PASSED] - setText(findTestObject("Object Repository/Page_Moodle Add a new course/input_Course full name_fullname"), "Toan To Hop"): Text 'Toan To Hop' is set on object 'Object Repository/Page_Moodle Add a new course/input_Course full name_fullname'

2022-01-12 20:24:09 - [MESSAGE][PASSED] - Text 'Toan To Hop' is set on object 'Object Repository/Page_Moodle Add a new course/input_Course full name_fullname'

2022-01-12 20:24:09 - [TEST_STEP][PASSED] - setText(findTestObject("Object Repository/Page_Moodle Add a new course/input_Course short name_shortname"), "TTH"): Text 'TTH' is set on object 'Object Repository/Page_Moodle Add a new course/input_Course short name_shortname'

2022-01-12 20:24:10 - [MESSAGE][PASSED] - Text 'TTH' is set on object 'Object Repository/Page_Moodle Add a new course/input_Course short name_shortname'

2022-01-12 20:24:10 - [TEST_STEP][PASSED] - click(findTestObject("Object Repository/Page_Moodle Add a new course/input__saveanddisplay")): Object: 'Object Repository/Page_Moodle Add a new course/input__saveanddisplay' is clicked on

2022-01-12 20:24:11 - [MESSAGE][PASSED] - Object: 'Object Repository/Page_Moodle Add a new course/input__saveanddisplay' is clicked on

2022-01-12 20:24:11 - [TEST_STEP][PASSED] - verifyElementPresent(findTestObject("Object Repository/Page_Moodle Add a new course/div_Short name is already used for another _2a3f8e"), 0): Object 'Object Repository/Page_Moodle Add a new course/div_Short name is already used for another _2a3f8e' is present

2022-01-12 20:24:11 - [MESSAGE][WARNING] - Timeout '0' is invalid. Using default page load timeout: '30'

2022-01-12 20:24:12 - [MESSAGE][PASSED] - Object 'Object Repository/Page_Moodle Add a new course/div_Short name is already used for another _2a3f8e' is present

2022-01-12 20:24:12 - [TEST_STEP][PASSED] - closeBrowser(): Browser is closed

2022-01-12 20:24:13 - [MESSAGE][PASSED] - Browser is closed]]></system-out>
         <system-err><![CDATA[]]></system-err>
      </testcase>
      <testcase name="Test Cases/Teacher/Teacher_Add Announcement/Teacher_Add Annoucement Basic Valid All Required Field" time="15.471" classname="Test Cases/Teacher/Teacher_Add Announcement/Teacher_Add Annoucement Basic Valid All Required Field" status="PASSED">
         <system-out><![CDATA[2022-01-12 20:24:13 - [TEST_CASE][PASSED] - Test Cases/Teacher/Teacher_Add Announcement/Teacher_Add Annoucement Basic Valid All Required Field: Test Cases/Teacher/Teacher_Add Announcement/Teacher_Add Annoucement Basic Valid All Required Field

2022-01-12 20:24:13 - [TEST_STEP][PASSED] - openBrowser(""): Browser is opened with url: ''

2022-01-12 20:24:13 - [MESSAGE][INFO] - Starting 'Chrome' driver

2022-01-12 20:24:13 - [MESSAGE][INFO] - User set preference: ['args', '[window-size=1300,900]']

2022-01-12 20:24:13 - [MESSAGE][INFO] - Action delay is set to 0 milliseconds

2022-01-12 20:24:15 - [MESSAGE][PASSED] - Browser is opened with url: ''

2022-01-12 20:24:15 - [TEST_STEP][PASSED] - navigateToUrl("http://localhost:8080/moodle/"): Navigate to 'http://localhost:8080/moodle/' successfully

2022-01-12 20:24:15 - [MESSAGE][PASSED] - Navigate to 'http://localhost:8080/moodle/' successfully

2022-01-12 20:24:15 - [TEST_STEP][PASSED] - click(findTestObject("Object Repository/Page_BCS Moodle/a_Log in")): Object: 'Object Repository/Page_BCS Moodle/a_Log in' is clicked on

2022-01-12 20:24:16 - [MESSAGE][PASSED] - Object: 'Object Repository/Page_BCS Moodle/a_Log in' is clicked on

2022-01-12 20:24:16 - [TEST_STEP][PASSED] - setText(findTestObject("Object Repository/Page_BCS Moodle Log in to the site/input_Username_username"), "onix"): Text 'onix' is set on object 'Object Repository/Page_BCS Moodle Log in to the site/input_Username_username'

2022-01-12 20:24:17 - [MESSAGE][PASSED] - Text 'onix' is set on object 'Object Repository/Page_BCS Moodle Log in to the site/input_Username_username'

2022-01-12 20:24:17 - [TEST_STEP][PASSED] - setEncryptedText(findTestObject("Object Repository/Page_BCS Moodle Log in to the site/input_Password_password"), "uw4zQNl2RedGtkZxJt1B2nZNxIOg3YnT"): Text ****** has been set on object 'Object Repository/Page_BCS Moodle Log in to the site/input_Password_password'

2022-01-12 20:24:17 - [MESSAGE][PASSED] - Text ****** has been set on object 'Object Repository/Page_BCS Moodle Log in to the site/input_Password_password'

2022-01-12 20:24:17 - [TEST_STEP][PASSED] - click(findTestObject("Object Repository/Page_BCS Moodle Log in to the site/button_Log in")): Object: 'Object Repository/Page_BCS Moodle Log in to the site/button_Log in' is clicked on

2022-01-12 20:24:19 - [MESSAGE][PASSED] - Object: 'Object Repository/Page_BCS Moodle Log in to the site/button_Log in' is clicked on

2022-01-12 20:24:19 - [TEST_STEP][PASSED] - click(findTestObject("Object Repository/Page_Dashboard/div_Course image")): Object: 'Object Repository/Page_Dashboard/div_Course image' is clicked on

2022-01-12 20:24:21 - [MESSAGE][PASSED] - Object: 'Object Repository/Page_Dashboard/div_Course image' is clicked on

2022-01-12 20:24:21 - [TEST_STEP][PASSED] - click(findTestObject("Object Repository/Page_Course Ton t hp/span_Announcements Forum")): Object: 'Object Repository/Page_Course Ton t hp/span_Announcements Forum' is clicked on

2022-01-12 20:24:23 - [MESSAGE][PASSED] - Object: 'Object Repository/Page_Course Ton t hp/span_Announcements Forum' is clicked on

2022-01-12 20:24:23 - [TEST_STEP][PASSED] - click(findTestObject("Object Repository/Page_Announcements/a_Add a new topic")): Object: 'Object Repository/Page_Announcements/a_Add a new topic' is clicked on

2022-01-12 20:24:24 - [MESSAGE][PASSED] - Object: 'Object Repository/Page_Announcements/a_Add a new topic' is clicked on

2022-01-12 20:24:24 - [TEST_STEP][PASSED] - setText(findTestObject("Object Repository/Page_Announcements/input_Subject_subject"), "Basic Topic"): Text 'Basic Topic' is set on object 'Object Repository/Page_Announcements/input_Subject_subject'

2022-01-12 20:24:25 - [MESSAGE][PASSED] - Text 'Basic Topic' is set on object 'Object Repository/Page_Announcements/input_Subject_subject'

2022-01-12 20:24:25 - [TEST_STEP][PASSED] - setText(findTestObject("Object Repository/Page_Announcements/div_This is a basic topic with all required field"), "This is a basic topic with all required field"): Text 'This is a basic topic with all required field' is set on object 'Object Repository/Page_Announcements/div_This is a basic topic with all required field'

2022-01-12 20:24:26 - [MESSAGE][PASSED] - Text 'This is a basic topic with all required field' is set on object 'Object Repository/Page_Announcements/div_This is a basic topic with all required field'

2022-01-12 20:24:26 - [TEST_STEP][PASSED] - click(findTestObject("Object Repository/Page_Announcements/input_Message_submitbutton")): Object: 'Object Repository/Page_Announcements/input_Message_submitbutton' is clicked on

2022-01-12 20:24:28 - [MESSAGE][PASSED] - Object: 'Object Repository/Page_Announcements/input_Message_submitbutton' is clicked on

2022-01-12 20:24:28 - [TEST_STEP][PASSED] - closeBrowser(): Browser is closed

2022-01-12 20:24:29 - [MESSAGE][PASSED] - Browser is closed]]></system-out>
         <system-err><![CDATA[]]></system-err>
      </testcase>
      <testcase name="Test Cases/Teacher/Teacher_Add Announcement/Teacher_Add Announcement Submit Without Input" time="12.549" classname="Test Cases/Teacher/Teacher_Add Announcement/Teacher_Add Announcement Submit Without Input" status="PASSED">
         <system-out><![CDATA[2022-01-12 20:24:29 - [TEST_CASE][PASSED] - Test Cases/Teacher/Teacher_Add Announcement/Teacher_Add Announcement Submit Without Input: Test Cases/Teacher/Teacher_Add Announcement/Teacher_Add Announcement Submit Without Input

2022-01-12 20:24:29 - [TEST_STEP][PASSED] - openBrowser(""): Browser is opened with url: ''

2022-01-12 20:24:29 - [MESSAGE][INFO] - Starting 'Chrome' driver

2022-01-12 20:24:29 - [MESSAGE][INFO] - User set preference: ['args', '[window-size=1300,900]']

2022-01-12 20:24:29 - [MESSAGE][INFO] - Action delay is set to 0 milliseconds

2022-01-12 20:24:30 - [MESSAGE][PASSED] - Browser is opened with url: ''

2022-01-12 20:24:30 - [TEST_STEP][PASSED] - navigateToUrl("http://localhost:8080/moodle/"): Navigate to 'http://localhost:8080/moodle/' successfully

2022-01-12 20:24:31 - [MESSAGE][PASSED] - Navigate to 'http://localhost:8080/moodle/' successfully

2022-01-12 20:24:31 - [TEST_STEP][PASSED] - click(findTestObject("Object Repository/Page_BCS Moodle/a_Log in")): Object: 'Object Repository/Page_BCS Moodle/a_Log in' is clicked on

2022-01-12 20:24:32 - [MESSAGE][PASSED] - Object: 'Object Repository/Page_BCS Moodle/a_Log in' is clicked on

2022-01-12 20:24:32 - [TEST_STEP][PASSED] - setText(findTestObject("Object Repository/Page_BCS Moodle Log in to the site/input_Username_username"), "onix"): Text 'onix' is set on object 'Object Repository/Page_BCS Moodle Log in to the site/input_Username_username'

2022-01-12 20:24:33 - [MESSAGE][PASSED] - Text 'onix' is set on object 'Object Repository/Page_BCS Moodle Log in to the site/input_Username_username'

2022-01-12 20:24:33 - [TEST_STEP][PASSED] - setEncryptedText(findTestObject("Object Repository/Page_BCS Moodle Log in to the site/input_Password_password"), "uw4zQNl2RedGtkZxJt1B2nZNxIOg3YnT"): Text ****** has been set on object 'Object Repository/Page_BCS Moodle Log in to the site/input_Password_password'

2022-01-12 20:24:33 - [MESSAGE][PASSED] - Text ****** has been set on object 'Object Repository/Page_BCS Moodle Log in to the site/input_Password_password'

2022-01-12 20:24:33 - [TEST_STEP][PASSED] - click(findTestObject("Object Repository/Page_BCS Moodle Log in to the site/button_Log in")): Object: 'Object Repository/Page_BCS Moodle Log in to the site/button_Log in' is clicked on

2022-01-12 20:24:34 - [MESSAGE][PASSED] - Object: 'Object Repository/Page_BCS Moodle Log in to the site/button_Log in' is clicked on

2022-01-12 20:24:34 - [TEST_STEP][PASSED] - click(findTestObject("Object Repository/Page_Dashboard/div_Course image")): Object: 'Object Repository/Page_Dashboard/div_Course image' is clicked on

2022-01-12 20:24:37 - [MESSAGE][PASSED] - Object: 'Object Repository/Page_Dashboard/div_Course image' is clicked on

2022-01-12 20:24:37 - [TEST_STEP][PASSED] - click(findTestObject("Object Repository/Page_Course Ton t hp/span_Announcements Forum")): Object: 'Object Repository/Page_Course Ton t hp/span_Announcements Forum' is clicked on

2022-01-12 20:24:38 - [MESSAGE][PASSED] - Object: 'Object Repository/Page_Course Ton t hp/span_Announcements Forum' is clicked on

2022-01-12 20:24:38 - [TEST_STEP][PASSED] - click(findTestObject("Object Repository/Page_Announcements/a_Add a new topic")): Object: 'Object Repository/Page_Announcements/a_Add a new topic' is clicked on

2022-01-12 20:24:39 - [MESSAGE][PASSED] - Object: 'Object Repository/Page_Announcements/a_Add a new topic' is clicked on

2022-01-12 20:24:39 - [TEST_STEP][PASSED] - click(findTestObject("Object Repository/Page_Announcements/input_Message_submitbutton")): Object: 'Object Repository/Page_Announcements/input_Message_submitbutton' is clicked on

2022-01-12 20:24:40 - [MESSAGE][PASSED] - Object: 'Object Repository/Page_Announcements/input_Message_submitbutton' is clicked on

2022-01-12 20:24:40 - [TEST_STEP][PASSED] - verifyElementText(findTestObject("Object Repository/Page_Announcements/div_- Required"), "- Required"): Actual text and expected text of test object 'Object Repository/Page_Announcements/div_- Required' are matched.

2022-01-12 20:24:41 - [MESSAGE][PASSED] - Actual text and expected text of test object 'Object Repository/Page_Announcements/div_- Required' are matched.

2022-01-12 20:24:41 - [TEST_STEP][PASSED] - closeBrowser(): Browser is closed

2022-01-12 20:24:41 - [MESSAGE][PASSED] - Browser is closed]]></system-out>
         <system-err><![CDATA[]]></system-err>
      </testcase>
      <testcase name="Test Cases/Teacher/Teacher_Add Assignment/Teacher_Add Assignment Valid All Required Field" time="17.613" classname="Test Cases/Teacher/Teacher_Add Assignment/Teacher_Add Assignment Valid All Required Field" status="PASSED">
         <system-out><![CDATA[2022-01-12 20:24:41 - [TEST_CASE][PASSED] - Test Cases/Teacher/Teacher_Add Assignment/Teacher_Add Assignment Valid All Required Field: Test Cases/Teacher/Teacher_Add Assignment/Teacher_Add Assignment Valid All Required Field

2022-01-12 20:24:41 - [TEST_STEP][PASSED] - openBrowser(""): Browser is opened with url: ''

2022-01-12 20:24:41 - [MESSAGE][INFO] - Starting 'Chrome' driver

2022-01-12 20:24:41 - [MESSAGE][INFO] - User set preference: ['args', '[window-size=1300,900]']

2022-01-12 20:24:41 - [MESSAGE][INFO] - Action delay is set to 0 milliseconds

2022-01-12 20:24:43 - [MESSAGE][PASSED] - Browser is opened with url: ''

2022-01-12 20:24:43 - [TEST_STEP][PASSED] - navigateToUrl("http://localhost:8080/moodle/"): Navigate to 'http://localhost:8080/moodle/' successfully

2022-01-12 20:24:43 - [MESSAGE][PASSED] - Navigate to 'http://localhost:8080/moodle/' successfully

2022-01-12 20:24:43 - [TEST_STEP][PASSED] - click(findTestObject("Object Repository/Page_BCS Moodle/a_Log in")): Object: 'Object Repository/Page_BCS Moodle/a_Log in' is clicked on

2022-01-12 20:24:44 - [MESSAGE][PASSED] - Object: 'Object Repository/Page_BCS Moodle/a_Log in' is clicked on

2022-01-12 20:24:44 - [TEST_STEP][PASSED] - click(findTestObject("Object Repository/Page_BCS Moodle Log in to the site/div_document.getElementById(anchor).value  _bffe56")): Object: 'Object Repository/Page_BCS Moodle Log in to the site/div_document.getElementById(anchor).value  _bffe56' is clicked on

2022-01-12 20:24:45 - [MESSAGE][PASSED] - Object: 'Object Repository/Page_BCS Moodle Log in to the site/div_document.getElementById(anchor).value  _bffe56' is clicked on

2022-01-12 20:24:45 - [TEST_STEP][PASSED] - setText(findTestObject("Object Repository/Page_BCS Moodle Log in to the site/input_Username_username"), "onix"): Text 'onix' is set on object 'Object Repository/Page_BCS Moodle Log in to the site/input_Username_username'

2022-01-12 20:24:46 - [MESSAGE][PASSED] - Text 'onix' is set on object 'Object Repository/Page_BCS Moodle Log in to the site/input_Username_username'

2022-01-12 20:24:46 - [TEST_STEP][PASSED] - setEncryptedText(findTestObject("Object Repository/Page_BCS Moodle Log in to the site/input_Password_password"), "uw4zQNl2RedGtkZxJt1B2nZNxIOg3YnT"): Text ****** has been set on object 'Object Repository/Page_BCS Moodle Log in to the site/input_Password_password'

2022-01-12 20:24:46 - [MESSAGE][PASSED] - Text ****** has been set on object 'Object Repository/Page_BCS Moodle Log in to the site/input_Password_password'

2022-01-12 20:24:46 - [TEST_STEP][PASSED] - click(findTestObject("Object Repository/Page_BCS Moodle Log in to the site/button_Log in")): Object: 'Object Repository/Page_BCS Moodle Log in to the site/button_Log in' is clicked on

2022-01-12 20:24:47 - [MESSAGE][PASSED] - Object: 'Object Repository/Page_BCS Moodle Log in to the site/button_Log in' is clicked on

2022-01-12 20:24:47 - [TEST_STEP][PASSED] - click(findTestObject("Object Repository/Page_Dashboard/div_Course image")): Object: 'Object Repository/Page_Dashboard/div_Course image' is clicked on

2022-01-12 20:24:49 - [MESSAGE][PASSED] - Object: 'Object Repository/Page_Dashboard/div_Course image' is clicked on

2022-01-12 20:24:49 - [TEST_STEP][PASSED] - click(findTestObject("Object Repository/Page_Course Ton t hp/button_Turn editing on")): Object: 'Object Repository/Page_Course Ton t hp/button_Turn editing on' is clicked on

2022-01-12 20:24:51 - [MESSAGE][PASSED] - Object: 'Object Repository/Page_Course Ton t hp/button_Turn editing on' is clicked on

2022-01-12 20:24:51 - [TEST_STEP][PASSED] - click(findTestObject("Page_Course Ton t hp/span_Add an activity or resource (1)")): Object: 'Object Repository/Page_Course Ton t hp/span_Add an activity or resource (1)' is clicked on

2022-01-12 20:24:52 - [MESSAGE][PASSED] - Object: 'Object Repository/Page_Course Ton t hp/span_Add an activity or resource (1)' is clicked on

2022-01-12 20:24:52 - [TEST_STEP][PASSED] - click(findTestObject("Object Repository/Page_Course Ton t hp/img_Recommended_icon icon")): Object: 'Object Repository/Page_Course Ton t hp/img_Recommended_icon icon' is clicked on

2022-01-12 20:24:55 - [MESSAGE][PASSED] - Object: 'Object Repository/Page_Course Ton t hp/img_Recommended_icon icon' is clicked on

2022-01-12 20:24:55 - [TEST_STEP][PASSED] - setText(findTestObject("Object Repository/Page_Editing Assignment/input_Assignment name_name"), "Basic Assignment"): Text 'Basic Assignment' is set on object 'Object Repository/Page_Editing Assignment/input_Assignment name_name'

2022-01-12 20:24:56 - [MESSAGE][PASSED] - Text 'Basic Assignment' is set on object 'Object Repository/Page_Editing Assignment/input_Assignment name_name'

2022-01-12 20:24:56 - [TEST_STEP][PASSED] - click(findTestObject("Object Repository/Page_Editing Assignment/input_Upon activity completion_submitbutton2")): Object: 'Object Repository/Page_Editing Assignment/input_Upon activity completion_submitbutton2' is clicked on

2022-01-12 20:24:58 - [MESSAGE][PASSED] - Object: 'Object Repository/Page_Editing Assignment/input_Upon activity completion_submitbutton2' is clicked on

2022-01-12 20:24:58 - [TEST_STEP][PASSED] - closeBrowser(): Browser is closed

2022-01-12 20:24:59 - [MESSAGE][PASSED] - Browser is closed]]></system-out>
         <system-err><![CDATA[]]></system-err>
      </testcase>
      <testcase name="Test Cases/Teacher/Teacher_Add Forum/Teacher_Add Forum With Topic Valid All Required" time="22.093" classname="Test Cases/Teacher/Teacher_Add Forum/Teacher_Add Forum With Topic Valid All Required" status="PASSED">
         <system-out><![CDATA[2022-01-12 20:24:59 - [TEST_CASE][PASSED] - Test Cases/Teacher/Teacher_Add Forum/Teacher_Add Forum With Topic Valid All Required: Test Cases/Teacher/Teacher_Add Forum/Teacher_Add Forum With Topic Valid All Required

2022-01-12 20:24:59 - [TEST_STEP][PASSED] - openBrowser(""): Browser is opened with url: ''

2022-01-12 20:24:59 - [MESSAGE][INFO] - Starting 'Chrome' driver

2022-01-12 20:24:59 - [MESSAGE][INFO] - User set preference: ['args', '[window-size=1300,900]']

2022-01-12 20:24:59 - [MESSAGE][INFO] - Action delay is set to 0 milliseconds

2022-01-12 20:25:00 - [MESSAGE][PASSED] - Browser is opened with url: ''

2022-01-12 20:25:00 - [TEST_STEP][PASSED] - navigateToUrl("http://localhost:8080/moodle/"): Navigate to 'http://localhost:8080/moodle/' successfully

2022-01-12 20:25:01 - [MESSAGE][PASSED] - Navigate to 'http://localhost:8080/moodle/' successfully

2022-01-12 20:25:01 - [TEST_STEP][PASSED] - click(findTestObject("Object Repository/Page_BCS Moodle/a_Log in")): Object: 'Object Repository/Page_BCS Moodle/a_Log in' is clicked on

2022-01-12 20:25:02 - [MESSAGE][PASSED] - Object: 'Object Repository/Page_BCS Moodle/a_Log in' is clicked on

2022-01-12 20:25:02 - [TEST_STEP][PASSED] - setText(findTestObject("Object Repository/Page_BCS Moodle Log in to the site/input_Username_username"), "onix"): Text 'onix' is set on object 'Object Repository/Page_BCS Moodle Log in to the site/input_Username_username'

2022-01-12 20:25:03 - [MESSAGE][PASSED] - Text 'onix' is set on object 'Object Repository/Page_BCS Moodle Log in to the site/input_Username_username'

2022-01-12 20:25:03 - [TEST_STEP][PASSED] - setEncryptedText(findTestObject("Object Repository/Page_BCS Moodle Log in to the site/input_Password_password"), "uw4zQNl2RedGtkZxJt1B2nZNxIOg3YnT"): Text ****** has been set on object 'Object Repository/Page_BCS Moodle Log in to the site/input_Password_password'

2022-01-12 20:25:03 - [MESSAGE][PASSED] - Text ****** has been set on object 'Object Repository/Page_BCS Moodle Log in to the site/input_Password_password'

2022-01-12 20:25:03 - [TEST_STEP][PASSED] - click(findTestObject("Object Repository/Page_BCS Moodle Log in to the site/button_Log in")): Object: 'Object Repository/Page_BCS Moodle Log in to the site/button_Log in' is clicked on

2022-01-12 20:25:04 - [MESSAGE][PASSED] - Object: 'Object Repository/Page_BCS Moodle Log in to the site/button_Log in' is clicked on

2022-01-12 20:25:04 - [TEST_STEP][PASSED] - click(findTestObject("Object Repository/Page_Dashboard/div_Course image")): Object: 'Object Repository/Page_Dashboard/div_Course image' is clicked on

2022-01-12 20:25:07 - [MESSAGE][PASSED] - Object: 'Object Repository/Page_Dashboard/div_Course image' is clicked on

2022-01-12 20:25:07 - [TEST_STEP][PASSED] - click(findTestObject("Object Repository/Page_Course Ton t hp/button_Turn editing on")): Object: 'Object Repository/Page_Course Ton t hp/button_Turn editing on' is clicked on

2022-01-12 20:25:09 - [MESSAGE][PASSED] - Object: 'Object Repository/Page_Course Ton t hp/button_Turn editing on' is clicked on

2022-01-12 20:25:09 - [TEST_STEP][PASSED] - click(findTestObject("Object Repository/Page_Course Ton t hp/span_Add an activity or resource (2)")): Object: 'Object Repository/Page_Course Ton t hp/span_Add an activity or resource (2)' is clicked on

2022-01-12 20:25:09 - [MESSAGE][PASSED] - Object: 'Object Repository/Page_Course Ton t hp/span_Add an activity or resource (2)' is clicked on

2022-01-12 20:25:09 - [TEST_STEP][PASSED] - click(findTestObject("Object Repository/Page_Course Ton t hp/img_Information about the Folder activity_i_e12f9c")): Object: 'Object Repository/Page_Course Ton t hp/img_Information about the Folder activity_i_e12f9c' is clicked on

2022-01-12 20:25:12 - [MESSAGE][PASSED] - Object: 'Object Repository/Page_Course Ton t hp/img_Information about the Folder activity_i_e12f9c' is clicked on

2022-01-12 20:25:12 - [TEST_STEP][PASSED] - setText(findTestObject("Object Repository/Page_Editing Forum/input_Forum name_name"), "New Forum With Topic"): Text 'New Forum With Topic' is set on object 'Object Repository/Page_Editing Forum/input_Forum name_name'

2022-01-12 20:25:13 - [MESSAGE][PASSED] - Text 'New Forum With Topic' is set on object 'Object Repository/Page_Editing Forum/input_Forum name_name'

2022-01-12 20:25:13 - [TEST_STEP][PASSED] - click(findTestObject("Object Repository/Page_Editing Forum/input_Upon activity completion_submitbutton")): Object: 'Object Repository/Page_Editing Forum/input_Upon activity completion_submitbutton' is clicked on

2022-01-12 20:25:15 - [MESSAGE][PASSED] - Object: 'Object Repository/Page_Editing Forum/input_Upon activity completion_submitbutton' is clicked on

2022-01-12 20:25:15 - [TEST_STEP][PASSED] - click(findTestObject("Object Repository/Page_New Forum With Topic/a_Add a new discussion topic")): Object: 'Object Repository/Page_New Forum With Topic/a_Add a new discussion topic' is clicked on

2022-01-12 20:25:16 - [MESSAGE][PASSED] - Object: 'Object Repository/Page_New Forum With Topic/a_Add a new discussion topic' is clicked on

2022-01-12 20:25:16 - [TEST_STEP][PASSED] - setText(findTestObject("Object Repository/Page_New Forum With Topic/input_Subject_subject"), "My First Topic"): Text 'My First Topic' is set on object 'Object Repository/Page_New Forum With Topic/input_Subject_subject'

2022-01-12 20:25:17 - [MESSAGE][PASSED] - Text 'My First Topic' is set on object 'Object Repository/Page_New Forum With Topic/input_Subject_subject'

2022-01-12 20:25:17 - [TEST_STEP][PASSED] - setText(findTestObject("Object Repository/Page_New Forum With Topic/div_We will ask question about each other in here"), "We will ask question about each other in here"): Text 'We will ask question about each other in here' is set on object 'Object Repository/Page_New Forum With Topic/div_We will ask question about each other in here'

2022-01-12 20:25:18 - [MESSAGE][PASSED] - Text 'We will ask question about each other in here' is set on object 'Object Repository/Page_New Forum With Topic/div_We will ask question about each other in here'

2022-01-12 20:25:18 - [TEST_STEP][PASSED] - click(findTestObject("Object Repository/Page_New Forum With Topic/input_Message_submitbutton")): Object: 'Object Repository/Page_New Forum With Topic/input_Message_submitbutton' is clicked on

2022-01-12 20:25:20 - [MESSAGE][PASSED] - Object: 'Object Repository/Page_New Forum With Topic/input_Message_submitbutton' is clicked on

2022-01-12 20:25:20 - [TEST_STEP][PASSED] - click(findTestObject("Object Repository/Page_New Forum With Topic/p_Your post was successfully added_1")): Object: 'Object Repository/Page_New Forum With Topic/p_Your post was successfully added_1' is clicked on

2022-01-12 20:25:20 - [MESSAGE][PASSED] - Object: 'Object Repository/Page_New Forum With Topic/p_Your post was successfully added_1' is clicked on

2022-01-12 20:25:20 - [TEST_STEP][PASSED] - closeBrowser(): Browser is closed

2022-01-12 20:25:21 - [MESSAGE][PASSED] - Browser is closed]]></system-out>
         <system-err><![CDATA[]]></system-err>
      </testcase>
      <testcase name="Test Cases/Teacher/Teacher_Add Quiz/Teacher_Add Quiz Basic With Missing Name" time="16.313" classname="Test Cases/Teacher/Teacher_Add Quiz/Teacher_Add Quiz Basic With Missing Name" status="PASSED">
         <system-out><![CDATA[2022-01-12 20:25:21 - [TEST_CASE][PASSED] - Test Cases/Teacher/Teacher_Add Quiz/Teacher_Add Quiz Basic With Missing Name: Test Cases/Teacher/Teacher_Add Quiz/Teacher_Add Quiz Basic With Missing Name

2022-01-12 20:25:21 - [TEST_STEP][PASSED] - openBrowser(""): Browser is opened with url: ''

2022-01-12 20:25:21 - [MESSAGE][INFO] - Starting 'Chrome' driver

2022-01-12 20:25:21 - [MESSAGE][INFO] - User set preference: ['args', '[window-size=1300,900]']

2022-01-12 20:25:21 - [MESSAGE][INFO] - Action delay is set to 0 milliseconds

2022-01-12 20:25:22 - [MESSAGE][PASSED] - Browser is opened with url: ''

2022-01-12 20:25:22 - [TEST_STEP][PASSED] - navigateToUrl("http://localhost:8080/moodle/"): Navigate to 'http://localhost:8080/moodle/' successfully

2022-01-12 20:25:23 - [MESSAGE][PASSED] - Navigate to 'http://localhost:8080/moodle/' successfully

2022-01-12 20:25:23 - [TEST_STEP][PASSED] - click(findTestObject("Object Repository/Page_BCS Moodle/a_Log in")): Object: 'Object Repository/Page_BCS Moodle/a_Log in' is clicked on

2022-01-12 20:25:24 - [MESSAGE][PASSED] - Object: 'Object Repository/Page_BCS Moodle/a_Log in' is clicked on

2022-01-12 20:25:24 - [TEST_STEP][PASSED] - setText(findTestObject("Object Repository/Page_BCS Moodle Log in to the site/input_Username_username"), "onix"): Text 'onix' is set on object 'Object Repository/Page_BCS Moodle Log in to the site/input_Username_username'

2022-01-12 20:25:25 - [MESSAGE][PASSED] - Text 'onix' is set on object 'Object Repository/Page_BCS Moodle Log in to the site/input_Username_username'

2022-01-12 20:25:25 - [TEST_STEP][PASSED] - setEncryptedText(findTestObject("Object Repository/Page_BCS Moodle Log in to the site/input_Password_password"), "uw4zQNl2RedGtkZxJt1B2nZNxIOg3YnT"): Text ****** has been set on object 'Object Repository/Page_BCS Moodle Log in to the site/input_Password_password'

2022-01-12 20:25:25 - [MESSAGE][PASSED] - Text ****** has been set on object 'Object Repository/Page_BCS Moodle Log in to the site/input_Password_password'

2022-01-12 20:25:25 - [TEST_STEP][PASSED] - click(findTestObject("Object Repository/Page_BCS Moodle Log in to the site/button_Log in")): Object: 'Object Repository/Page_BCS Moodle Log in to the site/button_Log in' is clicked on

2022-01-12 20:25:27 - [MESSAGE][PASSED] - Object: 'Object Repository/Page_BCS Moodle Log in to the site/button_Log in' is clicked on

2022-01-12 20:25:27 - [TEST_STEP][PASSED] - click(findTestObject("Object Repository/Page_Dashboard/div_Course image")): Object: 'Object Repository/Page_Dashboard/div_Course image' is clicked on

2022-01-12 20:25:29 - [MESSAGE][PASSED] - Object: 'Object Repository/Page_Dashboard/div_Course image' is clicked on

2022-01-12 20:25:29 - [TEST_STEP][PASSED] - click(findTestObject("Object Repository/Page_Course Ton t hp/button_Turn editing on")): Object: 'Object Repository/Page_Course Ton t hp/button_Turn editing on' is clicked on

2022-01-12 20:25:31 - [MESSAGE][PASSED] - Object: 'Object Repository/Page_Course Ton t hp/button_Turn editing on' is clicked on

2022-01-12 20:25:31 - [TEST_STEP][PASSED] - click(findTestObject("Object Repository/Page_Course Ton t hp/span_Add an activity or resource (4)")): Object: 'Object Repository/Page_Course Ton t hp/span_Add an activity or resource (4)' is clicked on

2022-01-12 20:25:32 - [MESSAGE][PASSED] - Object: 'Object Repository/Page_Course Ton t hp/span_Add an activity or resource (4)' is clicked on

2022-01-12 20:25:32 - [TEST_STEP][PASSED] - click(findTestObject("Object Repository/Page_Course Ton t hp/a_Quiz_1")): Object: 'Object Repository/Page_Course Ton t hp/a_Quiz_1' is clicked on

2022-01-12 20:25:35 - [MESSAGE][PASSED] - Object: 'Object Repository/Page_Course Ton t hp/a_Quiz_1' is clicked on

2022-01-12 20:25:35 - [TEST_STEP][PASSED] - click(findTestObject("Object Repository/Page_Editing Quiz/input_Upon activity completion_submitbutton")): Object: 'Object Repository/Page_Editing Quiz/input_Upon activity completion_submitbutton' is clicked on

2022-01-12 20:25:36 - [MESSAGE][PASSED] - Object: 'Object Repository/Page_Editing Quiz/input_Upon activity completion_submitbutton' is clicked on

2022-01-12 20:25:36 - [TEST_STEP][PASSED] - verifyElementText(findTestObject("Object Repository/Page_Editing Quiz/div_- You must supply a value here"), "- You must supply a value here."): Actual text and expected text of test object 'Object Repository/Page_Editing Quiz/div_- You must supply a value here' are matched.

2022-01-12 20:25:37 - [MESSAGE][PASSED] - Actual text and expected text of test object 'Object Repository/Page_Editing Quiz/div_- You must supply a value here' are matched.

2022-01-12 20:25:37 - [TEST_STEP][PASSED] - closeBrowser(): Browser is closed

2022-01-12 20:25:37 - [MESSAGE][PASSED] - Browser is closed]]></system-out>
         <system-err><![CDATA[]]></system-err>
      </testcase>
      <testcase name="Test Cases/Teacher/Teacher_Add Quiz/Teacher_Quiz Add A Multiple Choices Question Successfully" time="33.294" classname="Test Cases/Teacher/Teacher_Add Quiz/Teacher_Quiz Add A Multiple Choices Question Successfully" status="PASSED">
         <system-out><![CDATA[2022-01-12 20:25:37 - [TEST_CASE][PASSED] - Test Cases/Teacher/Teacher_Add Quiz/Teacher_Quiz Add A Multiple Choices Question Successfully: Test Cases/Teacher/Teacher_Add Quiz/Teacher_Quiz Add A Multiple Choices Question Successfully

2022-01-12 20:25:38 - [TEST_STEP][PASSED] - openBrowser(""): Browser is opened with url: ''

2022-01-12 20:25:38 - [MESSAGE][INFO] - Starting 'Chrome' driver

2022-01-12 20:25:38 - [MESSAGE][INFO] - User set preference: ['args', '[window-size=1300,900]']

2022-01-12 20:25:38 - [MESSAGE][INFO] - Action delay is set to 0 milliseconds

2022-01-12 20:25:39 - [MESSAGE][PASSED] - Browser is opened with url: ''

2022-01-12 20:25:39 - [TEST_STEP][PASSED] - navigateToUrl("http://localhost:8080/moodle/"): Navigate to 'http://localhost:8080/moodle/' successfully

2022-01-12 20:25:39 - [MESSAGE][PASSED] - Navigate to 'http://localhost:8080/moodle/' successfully

2022-01-12 20:25:39 - [TEST_STEP][PASSED] - click(findTestObject("Object Repository/Page_BCS Moodle/a_Log in")): Object: 'Object Repository/Page_BCS Moodle/a_Log in' is clicked on

2022-01-12 20:25:40 - [MESSAGE][PASSED] - Object: 'Object Repository/Page_BCS Moodle/a_Log in' is clicked on

2022-01-12 20:25:40 - [TEST_STEP][PASSED] - setText(findTestObject("Object Repository/Page_BCS Moodle Log in to the site/input_Username_username"), "onix"): Text 'onix' is set on object 'Object Repository/Page_BCS Moodle Log in to the site/input_Username_username'

2022-01-12 20:25:41 - [MESSAGE][PASSED] - Text 'onix' is set on object 'Object Repository/Page_BCS Moodle Log in to the site/input_Username_username'

2022-01-12 20:25:41 - [TEST_STEP][PASSED] - setEncryptedText(findTestObject("Object Repository/Page_BCS Moodle Log in to the site/input_Password_password"), "uw4zQNl2RedGtkZxJt1B2nZNxIOg3YnT"): Text ****** has been set on object 'Object Repository/Page_BCS Moodle Log in to the site/input_Password_password'

2022-01-12 20:25:42 - [MESSAGE][PASSED] - Text ****** has been set on object 'Object Repository/Page_BCS Moodle Log in to the site/input_Password_password'

2022-01-12 20:25:42 - [TEST_STEP][PASSED] - click(findTestObject("Object Repository/Page_BCS Moodle Log in to the site/button_Log in")): Object: 'Object Repository/Page_BCS Moodle Log in to the site/button_Log in' is clicked on

2022-01-12 20:25:43 - [MESSAGE][PASSED] - Object: 'Object Repository/Page_BCS Moodle Log in to the site/button_Log in' is clicked on

2022-01-12 20:25:43 - [TEST_STEP][PASSED] - click(findTestObject("Object Repository/Page_Dashboard/div_Course image")): Object: 'Object Repository/Page_Dashboard/div_Course image' is clicked on

2022-01-12 20:25:45 - [MESSAGE][PASSED] - Object: 'Object Repository/Page_Dashboard/div_Course image' is clicked on

2022-01-12 20:25:45 - [TEST_STEP][PASSED] - click(findTestObject("Object Repository/Page_Course Ton t hp/button_Turn editing on")): Object: 'Object Repository/Page_Course Ton t hp/button_Turn editing on' is clicked on

2022-01-12 20:25:47 - [MESSAGE][PASSED] - Object: 'Object Repository/Page_Course Ton t hp/button_Turn editing on' is clicked on

2022-01-12 20:25:47 - [TEST_STEP][PASSED] - click(findTestObject("Object Repository/Page_Course Ton t hp/span_Add an activity or resource (4)")): Object: 'Object Repository/Page_Course Ton t hp/span_Add an activity or resource (4)' is clicked on

2022-01-12 20:25:48 - [MESSAGE][PASSED] - Object: 'Object Repository/Page_Course Ton t hp/span_Add an activity or resource (4)' is clicked on

2022-01-12 20:25:48 - [TEST_STEP][PASSED] - click(findTestObject("Object Repository/Page_Course Ton t hp/a_Quiz_1")): Object: 'Object Repository/Page_Course Ton t hp/a_Quiz_1' is clicked on

2022-01-12 20:25:51 - [MESSAGE][PASSED] - Object: 'Object Repository/Page_Course Ton t hp/a_Quiz_1' is clicked on

2022-01-12 20:25:51 - [TEST_STEP][PASSED] - setText(findTestObject("Object Repository/Page_Editing Quiz/input_Name_name"), "This is a quiz with a multiple choices question"): Text 'This is a quiz with a multiple choices question' is set on object 'Object Repository/Page_Editing Quiz/input_Name_name'

2022-01-12 20:25:52 - [MESSAGE][PASSED] - Text 'This is a quiz with a multiple choices question' is set on object 'Object Repository/Page_Editing Quiz/input_Name_name'

2022-01-12 20:25:52 - [TEST_STEP][PASSED] - click(findTestObject("Object Repository/Page_Editing Quiz/input_Upon activity completion_submitbutton")): Object: 'Object Repository/Page_Editing Quiz/input_Upon activity completion_submitbutton' is clicked on

2022-01-12 20:25:54 - [MESSAGE][PASSED] - Object: 'Object Repository/Page_Editing Quiz/input_Upon activity completion_submitbutton' is clicked on

2022-01-12 20:25:54 - [TEST_STEP][PASSED] - click(findTestObject("Object Repository/Page_TTH This is a quiz with a question tha_2529fa/button_Edit quiz")): Object: 'Object Repository/Page_TTH This is a quiz with a question tha_2529fa/button_Edit quiz' is clicked on

2022-01-12 20:25:57 - [MESSAGE][PASSED] - Object: 'Object Repository/Page_TTH This is a quiz with a question tha_2529fa/button_Edit quiz' is clicked on

2022-01-12 20:25:57 - [TEST_STEP][PASSED] - click(findTestObject("Object Repository/Page_Editing quiz A multiple choices questi_f96158/span_Add")): Object: 'Object Repository/Page_Editing quiz A multiple choices questi_f96158/span_Add' is clicked on

2022-01-12 20:25:57 - [MESSAGE][PASSED] - Object: 'Object Repository/Page_Editing quiz A multiple choices questi_f96158/span_Add' is clicked on

2022-01-12 20:25:57 - [TEST_STEP][PASSED] - click(findTestObject("Object Repository/Page_Editing quiz A multiple choices questi_f96158/span_a new question")): Object: 'Object Repository/Page_Editing quiz A multiple choices questi_f96158/span_a new question' is clicked on

2022-01-12 20:25:58 - [MESSAGE][PASSED] - Object: 'Object Repository/Page_Editing quiz A multiple choices questi_f96158/span_a new question' is clicked on

2022-01-12 20:25:58 - [TEST_STEP][PASSED] - click(findTestObject("Object Repository/Page_Editing quiz A multiple choices questi_f96158/span_Multiple choice")): Object: 'Object Repository/Page_Editing quiz A multiple choices questi_f96158/span_Multiple choice' is clicked on

2022-01-12 20:25:59 - [MESSAGE][PASSED] - Object: 'Object Repository/Page_Editing quiz A multiple choices questi_f96158/span_Multiple choice' is clicked on

2022-01-12 20:25:59 - [TEST_STEP][PASSED] - click(findTestObject("Object Repository/Page_Editing quiz A multiple choices questi_f96158/input_Description_submitbutton")): Object: 'Object Repository/Page_Editing quiz A multiple choices questi_f96158/input_Description_submitbutton' is clicked on

2022-01-12 20:26:00 - [MESSAGE][PASSED] - Object: 'Object Repository/Page_Editing quiz A multiple choices questi_f96158/input_Description_submitbutton' is clicked on

2022-01-12 20:26:00 - [TEST_STEP][PASSED] - setText(findTestObject("Object Repository/Page_Editing a Multiple choice question/input_Question name_name"), "A multiple choices question"): Text 'A multiple choices question' is set on object 'Object Repository/Page_Editing a Multiple choice question/input_Question name_name'

2022-01-12 20:26:02 - [MESSAGE][PASSED] - Text 'A multiple choices question' is set on object 'Object Repository/Page_Editing a Multiple choice question/input_Question name_name'

2022-01-12 20:26:02 - [TEST_STEP][PASSED] - setText(findTestObject("Object Repository/Page_Editing a Multiple choice question/div_ques text"), "Question text"): Text 'Question text' is set on object 'Object Repository/Page_Editing a Multiple choice question/div_ques text'

2022-01-12 20:26:03 - [MESSAGE][PASSED] - Text 'Question text' is set on object 'Object Repository/Page_Editing a Multiple choice question/div_ques text'

2022-01-12 20:26:03 - [TEST_STEP][PASSED] - setText(findTestObject("Object Repository/Page_Editing a Multiple choice question/div_Choice 1"), "The first answer"): Text 'The first answer' is set on object 'Object Repository/Page_Editing a Multiple choice question/div_Choice 1'

2022-01-12 20:26:04 - [MESSAGE][PASSED] - Text 'The first answer' is set on object 'Object Repository/Page_Editing a Multiple choice question/div_Choice 1'

2022-01-12 20:26:04 - [TEST_STEP][PASSED] - selectOptionByValue(findTestObject("Object Repository/Page_Editing a Multiple choice question/select_None            100            90   _353130"), "1.0", true): All options with value '1.0' are selected in object 'Object Repository/Page_Editing a Multiple choice question/select_None            100            90   _353130'  using regular expression

2022-01-12 20:26:06 - [MESSAGE][PASSED] - All options with value '1.0' are selected in object 'Object Repository/Page_Editing a Multiple choice question/select_None            100            90   _353130'  using regular expression

2022-01-12 20:26:06 - [TEST_STEP][PASSED] - click(findTestObject("Object Repository/Page_Editing a Multiple choice question/p")): Object: 'Object Repository/Page_Editing a Multiple choice question/p' is clicked on

2022-01-12 20:26:06 - [MESSAGE][PASSED] - Object: 'Object Repository/Page_Editing a Multiple choice question/p' is clicked on

2022-01-12 20:26:06 - [TEST_STEP][PASSED] - setText(findTestObject("Object Repository/Page_Editing a Multiple choice question/div_The second answer"), "The second answer"): Text 'The second answer' is set on object 'Object Repository/Page_Editing a Multiple choice question/div_The second answer'

2022-01-12 20:26:07 - [MESSAGE][PASSED] - Text 'The second answer' is set on object 'Object Repository/Page_Editing a Multiple choice question/div_The second answer'

2022-01-12 20:26:07 - [TEST_STEP][PASSED] - click(findTestObject("Object Repository/Page_Editing a Multiple choice question/input__submitbutton")): Object: 'Object Repository/Page_Editing a Multiple choice question/input__submitbutton' is clicked on

2022-01-12 20:26:09 - [MESSAGE][PASSED] - Object: 'Object Repository/Page_Editing a Multiple choice question/input__submitbutton' is clicked on

2022-01-12 20:26:09 - [TEST_STEP][PASSED] - verifyElementText(findTestObject("Page_Editing quiz This is a quiz with a mul_934bc9/span_A multiple choices question"), "A multiple choices question"): Actual text and expected text of test object 'Object Repository/Page_Editing quiz This is a quiz with a mul_934bc9/span_A multiple choices question' are matched.

2022-01-12 20:26:10 - [MESSAGE][PASSED] - Actual text and expected text of test object 'Object Repository/Page_Editing quiz This is a quiz with a mul_934bc9/span_A multiple choices question' are matched.

2022-01-12 20:26:10 - [TEST_STEP][PASSED] - closeBrowser(): Browser is closed

2022-01-12 20:26:11 - [MESSAGE][PASSED] - Browser is closed]]></system-out>
         <system-err><![CDATA[]]></system-err>
      </testcase>
      <testcase name="Test Cases/Teacher/Teacher_Add Quiz/Teacher_Add A Short Answer Question With No Full Grade Answer" time="29.18" classname="Test Cases/Teacher/Teacher_Add Quiz/Teacher_Add A Short Answer Question With No Full Grade Answer" status="PASSED">
         <system-out><![CDATA[2022-01-12 20:26:11 - [TEST_CASE][PASSED] - Test Cases/Teacher/Teacher_Add Quiz/Teacher_Add A Short Answer Question With No Full Grade Answer: Test Cases/Teacher/Teacher_Add Quiz/Teacher_Add A Short Answer Question With No Full Grade Answer

2022-01-12 20:26:11 - [TEST_STEP][PASSED] - openBrowser(""): Browser is opened with url: ''

2022-01-12 20:26:11 - [MESSAGE][INFO] - Starting 'Chrome' driver

2022-01-12 20:26:11 - [MESSAGE][INFO] - User set preference: ['args', '[window-size=1300,900]']

2022-01-12 20:26:11 - [MESSAGE][INFO] - Action delay is set to 0 milliseconds

2022-01-12 20:26:12 - [MESSAGE][PASSED] - Browser is opened with url: ''

2022-01-12 20:26:12 - [TEST_STEP][PASSED] - navigateToUrl("http://localhost:8080/moodle/"): Navigate to 'http://localhost:8080/moodle/' successfully

2022-01-12 20:26:13 - [MESSAGE][PASSED] - Navigate to 'http://localhost:8080/moodle/' successfully

2022-01-12 20:26:13 - [TEST_STEP][PASSED] - click(findTestObject("Object Repository/Page_BCS Moodle/a_Log in")): Object: 'Object Repository/Page_BCS Moodle/a_Log in' is clicked on

2022-01-12 20:26:14 - [MESSAGE][PASSED] - Object: 'Object Repository/Page_BCS Moodle/a_Log in' is clicked on

2022-01-12 20:26:14 - [TEST_STEP][PASSED] - setText(findTestObject("Object Repository/Page_BCS Moodle Log in to the site/input_Username_username"), "onix"): Text 'onix' is set on object 'Object Repository/Page_BCS Moodle Log in to the site/input_Username_username'

2022-01-12 20:26:15 - [MESSAGE][PASSED] - Text 'onix' is set on object 'Object Repository/Page_BCS Moodle Log in to the site/input_Username_username'

2022-01-12 20:26:15 - [TEST_STEP][PASSED] - setEncryptedText(findTestObject("Object Repository/Page_BCS Moodle Log in to the site/input_Password_password"), "uw4zQNl2RedGtkZxJt1B2nZNxIOg3YnT"): Text ****** has been set on object 'Object Repository/Page_BCS Moodle Log in to the site/input_Password_password'

2022-01-12 20:26:15 - [MESSAGE][PASSED] - Text ****** has been set on object 'Object Repository/Page_BCS Moodle Log in to the site/input_Password_password'

2022-01-12 20:26:15 - [TEST_STEP][PASSED] - click(findTestObject("Object Repository/Page_BCS Moodle Log in to the site/button_Log in")): Object: 'Object Repository/Page_BCS Moodle Log in to the site/button_Log in' is clicked on

2022-01-12 20:26:16 - [MESSAGE][PASSED] - Object: 'Object Repository/Page_BCS Moodle Log in to the site/button_Log in' is clicked on

2022-01-12 20:26:16 - [TEST_STEP][PASSED] - click(findTestObject("Object Repository/Page_Dashboard/div_Course image")): Object: 'Object Repository/Page_Dashboard/div_Course image' is clicked on

2022-01-12 20:26:19 - [MESSAGE][PASSED] - Object: 'Object Repository/Page_Dashboard/div_Course image' is clicked on

2022-01-12 20:26:19 - [TEST_STEP][PASSED] - click(findTestObject("Object Repository/Page_Course Ton t hp/button_Turn editing on")): Object: 'Object Repository/Page_Course Ton t hp/button_Turn editing on' is clicked on

2022-01-12 20:26:20 - [MESSAGE][PASSED] - Object: 'Object Repository/Page_Course Ton t hp/button_Turn editing on' is clicked on

2022-01-12 20:26:20 - [TEST_STEP][PASSED] - click(findTestObject("Object Repository/Page_Course Ton t hp/span_Add an activity or resource (4)")): Object: 'Object Repository/Page_Course Ton t hp/span_Add an activity or resource (4)' is clicked on

2022-01-12 20:26:21 - [MESSAGE][PASSED] - Object: 'Object Repository/Page_Course Ton t hp/span_Add an activity or resource (4)' is clicked on

2022-01-12 20:26:21 - [TEST_STEP][PASSED] - click(findTestObject("Object Repository/Page_Course Ton t hp/a_Quiz_1")): Object: 'Object Repository/Page_Course Ton t hp/a_Quiz_1' is clicked on

2022-01-12 20:26:24 - [MESSAGE][PASSED] - Object: 'Object Repository/Page_Course Ton t hp/a_Quiz_1' is clicked on

2022-01-12 20:26:24 - [TEST_STEP][PASSED] - setText(findTestObject("Object Repository/Page_Editing Quiz/input_Name_name"), "This is a quiz that has a short answer question with no full grade answer"): Text 'This is a quiz that has a short answer question with no full grade answer' is set on object 'Object Repository/Page_Editing Quiz/input_Name_name'

2022-01-12 20:26:25 - [MESSAGE][PASSED] - Text 'This is a quiz that has a short answer question with no full grade answer' is set on object 'Object Repository/Page_Editing Quiz/input_Name_name'

2022-01-12 20:26:25 - [TEST_STEP][PASSED] - click(findTestObject("Object Repository/Page_Editing Quiz/input_Upon activity completion_submitbutton")): Object: 'Object Repository/Page_Editing Quiz/input_Upon activity completion_submitbutton' is clicked on

2022-01-12 20:26:27 - [MESSAGE][PASSED] - Object: 'Object Repository/Page_Editing Quiz/input_Upon activity completion_submitbutton' is clicked on

2022-01-12 20:26:27 - [TEST_STEP][PASSED] - click(findTestObject("Object Repository/Page_TTH This is a quiz with a name/button_Edit quiz")): Object: 'Object Repository/Page_TTH This is a quiz with a name/button_Edit quiz' is clicked on

2022-01-12 20:26:29 - [MESSAGE][PASSED] - Object: 'Object Repository/Page_TTH This is a quiz with a name/button_Edit quiz' is clicked on

2022-01-12 20:26:29 - [TEST_STEP][PASSED] - click(findTestObject("Object Repository/Page_Editing quiz This is a quiz with a name/a_Add")): Object: 'Object Repository/Page_Editing quiz This is a quiz with a name/a_Add' is clicked on

2022-01-12 20:26:30 - [MESSAGE][PASSED] - Object: 'Object Repository/Page_Editing quiz This is a quiz with a name/a_Add' is clicked on

2022-01-12 20:26:30 - [TEST_STEP][PASSED] - click(findTestObject("Object Repository/Page_Editing quiz This is a quiz with a name/span_a new question")): Object: 'Object Repository/Page_Editing quiz This is a quiz with a name/span_a new question' is clicked on

2022-01-12 20:26:30 - [MESSAGE][PASSED] - Object: 'Object Repository/Page_Editing quiz This is a quiz with a name/span_a new question' is clicked on

2022-01-12 20:26:30 - [TEST_STEP][PASSED] - click(findTestObject("Object Repository/Page_Editing quiz This is a quiz with a name/label_Short answer                         _b7d048")): Object: 'Object Repository/Page_Editing quiz This is a quiz with a name/label_Short answer                         _b7d048' is clicked on

2022-01-12 20:26:31 - [MESSAGE][PASSED] - Object: 'Object Repository/Page_Editing quiz This is a quiz with a name/label_Short answer                         _b7d048' is clicked on

2022-01-12 20:26:31 - [TEST_STEP][PASSED] - click(findTestObject("Object Repository/Page_Editing quiz This is a quiz with a name/input_Description_submitbutton")): Object: 'Object Repository/Page_Editing quiz This is a quiz with a name/input_Description_submitbutton' is clicked on

2022-01-12 20:26:32 - [MESSAGE][PASSED] - Object: 'Object Repository/Page_Editing quiz This is a quiz with a name/input_Description_submitbutton' is clicked on

2022-01-12 20:26:32 - [TEST_STEP][PASSED] - setText(findTestObject("Object Repository/Page_Editing a Short answer question/input_Question name_name"), "A short answer question"): Text 'A short answer question' is set on object 'Object Repository/Page_Editing a Short answer question/input_Question name_name'

2022-01-12 20:26:34 - [MESSAGE][PASSED] - Text 'A short answer question' is set on object 'Object Repository/Page_Editing a Short answer question/input_Question name_name'

2022-01-12 20:26:34 - [TEST_STEP][PASSED] - setText(findTestObject("Object Repository/Page_Editing a Short answer question/div_Question text"), "Question text"): Text 'Question text' is set on object 'Object Repository/Page_Editing a Short answer question/div_Question text'

2022-01-12 20:26:35 - [MESSAGE][PASSED] - Text 'Question text' is set on object 'Object Repository/Page_Editing a Short answer question/div_Question text'

2022-01-12 20:26:35 - [TEST_STEP][PASSED] - setText(findTestObject("Object Repository/Page_Editing a Short answer question/input_Answer 1_answer0"), "Answer that is not full grade"): Text 'Answer that is not full grade' is set on object 'Object Repository/Page_Editing a Short answer question/input_Answer 1_answer0'

2022-01-12 20:26:36 - [MESSAGE][PASSED] - Text 'Answer that is not full grade' is set on object 'Object Repository/Page_Editing a Short answer question/input_Answer 1_answer0'

2022-01-12 20:26:36 - [TEST_STEP][PASSED] - setText(findTestObject("Object Repository/Page_Editing a Short answer question/input_Answer 2_answer1"), "Another answer that is not full grade"): Text 'Another answer that is not full grade' is set on object 'Object Repository/Page_Editing a Short answer question/input_Answer 2_answer1'

2022-01-12 20:26:36 - [MESSAGE][PASSED] - Text 'Another answer that is not full grade' is set on object 'Object Repository/Page_Editing a Short answer question/input_Answer 2_answer1'

2022-01-12 20:26:36 - [TEST_STEP][PASSED] - click(findTestObject("Object Repository/Page_Editing a Short answer question/input__submitbutton")): Object: 'Object Repository/Page_Editing a Short answer question/input__submitbutton' is clicked on

2022-01-12 20:26:38 - [MESSAGE][PASSED] - Object: 'Object Repository/Page_Editing a Short answer question/input__submitbutton' is clicked on

2022-01-12 20:26:38 - [TEST_STEP][PASSED] - verifyElementText(findTestObject("Object Repository/Page_Editing a Short answer question/div_One of the answers should have a score _23965b"), "One of the answers should have a score of 100% so it is possible to get full marks for this question."): Actual text and expected text of test object 'Object Repository/Page_Editing a Short answer question/div_One of the answers should have a score _23965b' are matched.

2022-01-12 20:26:39 - [MESSAGE][PASSED] - Actual text and expected text of test object 'Object Repository/Page_Editing a Short answer question/div_One of the answers should have a score _23965b' are matched.

2022-01-12 20:26:39 - [TEST_STEP][PASSED] - closeBrowser(): Browser is closed

2022-01-12 20:26:40 - [MESSAGE][PASSED] - Browser is closed]]></system-out>
         <system-err><![CDATA[]]></system-err>
      </testcase>
      <testcase name="Test Cases/Teacher/Teacher_Add Quiz/Teacher_Quiz Add Question With Missing Question Text" time="24.419" classname="Test Cases/Teacher/Teacher_Add Quiz/Teacher_Quiz Add Question With Missing Question Text" status="PASSED">
         <system-out><![CDATA[2022-01-12 20:26:40 - [TEST_CASE][PASSED] - Test Cases/Teacher/Teacher_Add Quiz/Teacher_Quiz Add Question With Missing Question Text: Test Cases/Teacher/Teacher_Add Quiz/Teacher_Quiz Add Question With Missing Question Text

2022-01-12 20:26:40 - [TEST_STEP][PASSED] - openBrowser(""): Browser is opened with url: ''

2022-01-12 20:26:40 - [MESSAGE][INFO] - Starting 'Chrome' driver

2022-01-12 20:26:40 - [MESSAGE][INFO] - User set preference: ['args', '[window-size=1300,900]']

2022-01-12 20:26:40 - [MESSAGE][INFO] - Action delay is set to 0 milliseconds

2022-01-12 20:26:41 - [MESSAGE][PASSED] - Browser is opened with url: ''

2022-01-12 20:26:41 - [TEST_STEP][PASSED] - navigateToUrl("http://localhost:8080/moodle/"): Navigate to 'http://localhost:8080/moodle/' successfully

2022-01-12 20:26:42 - [MESSAGE][PASSED] - Navigate to 'http://localhost:8080/moodle/' successfully

2022-01-12 20:26:42 - [TEST_STEP][PASSED] - click(findTestObject("Object Repository/Page_BCS Moodle/a_Log in")): Object: 'Object Repository/Page_BCS Moodle/a_Log in' is clicked on

2022-01-12 20:26:43 - [MESSAGE][PASSED] - Object: 'Object Repository/Page_BCS Moodle/a_Log in' is clicked on

2022-01-12 20:26:43 - [TEST_STEP][PASSED] - setText(findTestObject("Object Repository/Page_BCS Moodle Log in to the site/input_Username_username"), "onix"): Text 'onix' is set on object 'Object Repository/Page_BCS Moodle Log in to the site/input_Username_username'

2022-01-12 20:26:44 - [MESSAGE][PASSED] - Text 'onix' is set on object 'Object Repository/Page_BCS Moodle Log in to the site/input_Username_username'

2022-01-12 20:26:44 - [TEST_STEP][PASSED] - setEncryptedText(findTestObject("Object Repository/Page_BCS Moodle Log in to the site/input_Password_password"), "uw4zQNl2RedGtkZxJt1B2nZNxIOg3YnT"): Text ****** has been set on object 'Object Repository/Page_BCS Moodle Log in to the site/input_Password_password'

2022-01-12 20:26:44 - [MESSAGE][PASSED] - Text ****** has been set on object 'Object Repository/Page_BCS Moodle Log in to the site/input_Password_password'

2022-01-12 20:26:44 - [TEST_STEP][PASSED] - click(findTestObject("Object Repository/Page_BCS Moodle Log in to the site/button_Log in")): Object: 'Object Repository/Page_BCS Moodle Log in to the site/button_Log in' is clicked on

2022-01-12 20:26:46 - [MESSAGE][PASSED] - Object: 'Object Repository/Page_BCS Moodle Log in to the site/button_Log in' is clicked on

2022-01-12 20:26:46 - [TEST_STEP][PASSED] - click(findTestObject("Object Repository/Page_Dashboard/div_Course image")): Object: 'Object Repository/Page_Dashboard/div_Course image' is clicked on

2022-01-12 20:26:48 - [MESSAGE][PASSED] - Object: 'Object Repository/Page_Dashboard/div_Course image' is clicked on

2022-01-12 20:26:48 - [TEST_STEP][PASSED] - click(findTestObject("Object Repository/Page_Course Ton t hp/button_Turn editing on")): Object: 'Object Repository/Page_Course Ton t hp/button_Turn editing on' is clicked on

2022-01-12 20:26:50 - [MESSAGE][PASSED] - Object: 'Object Repository/Page_Course Ton t hp/button_Turn editing on' is clicked on

2022-01-12 20:26:50 - [TEST_STEP][PASSED] - click(findTestObject("Object Repository/Page_Course Ton t hp/span_Add an activity or resource (4)")): Object: 'Object Repository/Page_Course Ton t hp/span_Add an activity or resource (4)' is clicked on

2022-01-12 20:26:51 - [MESSAGE][PASSED] - Object: 'Object Repository/Page_Course Ton t hp/span_Add an activity or resource (4)' is clicked on

2022-01-12 20:26:51 - [TEST_STEP][PASSED] - click(findTestObject("Object Repository/Page_Course Ton t hp/a_Quiz_1")): Object: 'Object Repository/Page_Course Ton t hp/a_Quiz_1' is clicked on

2022-01-12 20:26:53 - [MESSAGE][PASSED] - Object: 'Object Repository/Page_Course Ton t hp/a_Quiz_1' is clicked on

2022-01-12 20:26:53 - [TEST_STEP][PASSED] - setText(findTestObject("Object Repository/Page_Editing Quiz/input_Name_name"), "This is a quiz with a question that is missing question text"): Text 'This is a quiz with a question that is missing question text' is set on object 'Object Repository/Page_Editing Quiz/input_Name_name'

2022-01-12 20:26:54 - [MESSAGE][PASSED] - Text 'This is a quiz with a question that is missing question text' is set on object 'Object Repository/Page_Editing Quiz/input_Name_name'

2022-01-12 20:26:54 - [TEST_STEP][PASSED] - click(findTestObject("Object Repository/Page_Editing Quiz/input_Upon activity completion_submitbutton")): Object: 'Object Repository/Page_Editing Quiz/input_Upon activity completion_submitbutton' is clicked on

2022-01-12 20:26:56 - [MESSAGE][PASSED] - Object: 'Object Repository/Page_Editing Quiz/input_Upon activity completion_submitbutton' is clicked on

2022-01-12 20:26:56 - [TEST_STEP][PASSED] - click(findTestObject("Object Repository/Page_TTH This is a quiz with a question tha_2529fa/button_Edit quiz")): Object: 'Object Repository/Page_TTH This is a quiz with a question tha_2529fa/button_Edit quiz' is clicked on

2022-01-12 20:26:57 - [MESSAGE][PASSED] - Object: 'Object Repository/Page_TTH This is a quiz with a question tha_2529fa/button_Edit quiz' is clicked on

2022-01-12 20:26:57 - [TEST_STEP][PASSED] - click(findTestObject("Object Repository/Page_Editing quiz This is a quiz with a que_40dacb/span_Add")): Object: 'Object Repository/Page_Editing quiz This is a quiz with a que_40dacb/span_Add' is clicked on

2022-01-12 20:26:58 - [MESSAGE][PASSED] - Object: 'Object Repository/Page_Editing quiz This is a quiz with a que_40dacb/span_Add' is clicked on

2022-01-12 20:26:58 - [TEST_STEP][PASSED] - click(findTestObject("Object Repository/Page_Editing quiz This is a quiz with a que_40dacb/span_a new question")): Object: 'Object Repository/Page_Editing quiz This is a quiz with a que_40dacb/span_a new question' is clicked on

2022-01-12 20:26:59 - [MESSAGE][PASSED] - Object: 'Object Repository/Page_Editing quiz This is a quiz with a que_40dacb/span_a new question' is clicked on

2022-01-12 20:26:59 - [TEST_STEP][PASSED] - click(findTestObject("Object Repository/Page_Editing quiz This is a quiz with a que_40dacb/span_Multiple choice")): Object: 'Object Repository/Page_Editing quiz This is a quiz with a que_40dacb/span_Multiple choice' is clicked on

2022-01-12 20:27:00 - [MESSAGE][PASSED] - Object: 'Object Repository/Page_Editing quiz This is a quiz with a que_40dacb/span_Multiple choice' is clicked on

2022-01-12 20:27:00 - [TEST_STEP][PASSED] - click(findTestObject("Object Repository/Page_Editing quiz This is a quiz with a que_40dacb/input_Description_submitbutton")): Object: 'Object Repository/Page_Editing quiz This is a quiz with a que_40dacb/input_Description_submitbutton' is clicked on

2022-01-12 20:27:01 - [MESSAGE][PASSED] - Object: 'Object Repository/Page_Editing quiz This is a quiz with a que_40dacb/input_Description_submitbutton' is clicked on

2022-01-12 20:27:01 - [TEST_STEP][PASSED] - setText(findTestObject("Object Repository/Page_Editing a Multiple choice question/input_Question name_name"), "A question that is missing question text"): Text 'A question that is missing question text' is set on object 'Object Repository/Page_Editing a Multiple choice question/input_Question name_name'

2022-01-12 20:27:02 - [MESSAGE][PASSED] - Text 'A question that is missing question text' is set on object 'Object Repository/Page_Editing a Multiple choice question/input_Question name_name'

2022-01-12 20:27:02 - [TEST_STEP][PASSED] - click(findTestObject("Object Repository/Page_Editing a Multiple choice question/input__submitbutton")): Object: 'Object Repository/Page_Editing a Multiple choice question/input__submitbutton' is clicked on

2022-01-12 20:27:03 - [MESSAGE][PASSED] - Object: 'Object Repository/Page_Editing a Multiple choice question/input__submitbutton' is clicked on

2022-01-12 20:27:03 - [TEST_STEP][PASSED] - verifyElementText(findTestObject("Object Repository/Page_Editing a Multiple choice question/div_- You must supply a value here"), "- You must supply a value here."): Actual text and expected text of test object 'Object Repository/Page_Editing a Multiple choice question/div_- You must supply a value here' are matched.

2022-01-12 20:27:04 - [MESSAGE][PASSED] - Actual text and expected text of test object 'Object Repository/Page_Editing a Multiple choice question/div_- You must supply a value here' are matched.

2022-01-12 20:27:04 - [TEST_STEP][PASSED] - closeBrowser(): Browser is closed

2022-01-12 20:27:04 - [MESSAGE][PASSED] - Browser is closed]]></system-out>
         <system-err><![CDATA[]]></system-err>
      </testcase>
      <testcase name="Test Cases/Teacher/Teacher_Add Quiz/Teacher_Quiz Add A Multiple Choices Question With Only One Answer" time="29.066" classname="Test Cases/Teacher/Teacher_Add Quiz/Teacher_Quiz Add A Multiple Choices Question With Only One Answer" status="PASSED">
         <system-out><![CDATA[2022-01-12 20:27:04 - [TEST_CASE][PASSED] - Test Cases/Teacher/Teacher_Add Quiz/Teacher_Quiz Add A Multiple Choices Question With Only One Answer: Test Cases/Teacher/Teacher_Add Quiz/Teacher_Quiz Add A Multiple Choices Question With Only One Answer

2022-01-12 20:27:04 - [TEST_STEP][PASSED] - openBrowser(""): Browser is opened with url: ''

2022-01-12 20:27:04 - [MESSAGE][INFO] - Starting 'Chrome' driver

2022-01-12 20:27:04 - [MESSAGE][INFO] - User set preference: ['args', '[window-size=1300,900]']

2022-01-12 20:27:04 - [MESSAGE][INFO] - Action delay is set to 0 milliseconds

2022-01-12 20:27:06 - [MESSAGE][PASSED] - Browser is opened with url: ''

2022-01-12 20:27:06 - [TEST_STEP][PASSED] - navigateToUrl("http://localhost:8080/moodle/"): Navigate to 'http://localhost:8080/moodle/' successfully

2022-01-12 20:27:06 - [MESSAGE][PASSED] - Navigate to 'http://localhost:8080/moodle/' successfully

2022-01-12 20:27:06 - [TEST_STEP][PASSED] - click(findTestObject("Object Repository/Page_BCS Moodle/a_Log in")): Object: 'Object Repository/Page_BCS Moodle/a_Log in' is clicked on

2022-01-12 20:27:07 - [MESSAGE][PASSED] - Object: 'Object Repository/Page_BCS Moodle/a_Log in' is clicked on

2022-01-12 20:27:07 - [TEST_STEP][PASSED] - setText(findTestObject("Object Repository/Page_BCS Moodle Log in to the site/input_Username_username"), "onix"): Text 'onix' is set on object 'Object Repository/Page_BCS Moodle Log in to the site/input_Username_username'

2022-01-12 20:27:08 - [MESSAGE][PASSED] - Text 'onix' is set on object 'Object Repository/Page_BCS Moodle Log in to the site/input_Username_username'

2022-01-12 20:27:08 - [TEST_STEP][PASSED] - setEncryptedText(findTestObject("Object Repository/Page_BCS Moodle Log in to the site/input_Password_password"), "uw4zQNl2RedGtkZxJt1B2nZNxIOg3YnT"): Text ****** has been set on object 'Object Repository/Page_BCS Moodle Log in to the site/input_Password_password'

2022-01-12 20:27:09 - [MESSAGE][PASSED] - Text ****** has been set on object 'Object Repository/Page_BCS Moodle Log in to the site/input_Password_password'

2022-01-12 20:27:09 - [TEST_STEP][PASSED] - click(findTestObject("Object Repository/Page_BCS Moodle Log in to the site/button_Log in")): Object: 'Object Repository/Page_BCS Moodle Log in to the site/button_Log in' is clicked on

2022-01-12 20:27:10 - [MESSAGE][PASSED] - Object: 'Object Repository/Page_BCS Moodle Log in to the site/button_Log in' is clicked on

2022-01-12 20:27:10 - [TEST_STEP][PASSED] - click(findTestObject("Object Repository/Page_Dashboard/div_Course image")): Object: 'Object Repository/Page_Dashboard/div_Course image' is clicked on

2022-01-12 20:27:12 - [MESSAGE][PASSED] - Object: 'Object Repository/Page_Dashboard/div_Course image' is clicked on

2022-01-12 20:27:12 - [TEST_STEP][PASSED] - click(findTestObject("Object Repository/Page_Course Ton t hp/button_Turn editing on")): Object: 'Object Repository/Page_Course Ton t hp/button_Turn editing on' is clicked on

2022-01-12 20:27:14 - [MESSAGE][PASSED] - Object: 'Object Repository/Page_Course Ton t hp/button_Turn editing on' is clicked on

2022-01-12 20:27:14 - [TEST_STEP][PASSED] - click(findTestObject("Object Repository/Page_Course Ton t hp/span_Add an activity or resource (4)")): Object: 'Object Repository/Page_Course Ton t hp/span_Add an activity or resource (4)' is clicked on

2022-01-12 20:27:14 - [MESSAGE][PASSED] - Object: 'Object Repository/Page_Course Ton t hp/span_Add an activity or resource (4)' is clicked on

2022-01-12 20:27:14 - [TEST_STEP][PASSED] - click(findTestObject("Object Repository/Page_Course Ton t hp/a_Quiz_1")): Object: 'Object Repository/Page_Course Ton t hp/a_Quiz_1' is clicked on

2022-01-12 20:27:16 - [MESSAGE][PASSED] - Object: 'Object Repository/Page_Course Ton t hp/a_Quiz_1' is clicked on

2022-01-12 20:27:16 - [TEST_STEP][PASSED] - setText(findTestObject("Object Repository/Page_Editing Quiz/input_Name_name"), "This is a quiz with a multiple choices question with only one answer"): Text 'This is a quiz with a multiple choices question with only one answer' is set on object 'Object Repository/Page_Editing Quiz/input_Name_name'

2022-01-12 20:27:18 - [MESSAGE][PASSED] - Text 'This is a quiz with a multiple choices question with only one answer' is set on object 'Object Repository/Page_Editing Quiz/input_Name_name'

2022-01-12 20:27:18 - [TEST_STEP][PASSED] - click(findTestObject("Object Repository/Page_Editing Quiz/input_Upon activity completion_submitbutton")): Object: 'Object Repository/Page_Editing Quiz/input_Upon activity completion_submitbutton' is clicked on

2022-01-12 20:27:20 - [MESSAGE][PASSED] - Object: 'Object Repository/Page_Editing Quiz/input_Upon activity completion_submitbutton' is clicked on

2022-01-12 20:27:20 - [TEST_STEP][PASSED] - click(findTestObject("Object Repository/Page_TTH This is a quiz with a question tha_2529fa/button_Edit quiz")): Object: 'Object Repository/Page_TTH This is a quiz with a question tha_2529fa/button_Edit quiz' is clicked on

2022-01-12 20:27:21 - [MESSAGE][PASSED] - Object: 'Object Repository/Page_TTH This is a quiz with a question tha_2529fa/button_Edit quiz' is clicked on

2022-01-12 20:27:21 - [TEST_STEP][PASSED] - click(findTestObject("Object Repository/Page_Editing quiz A multiple choices questi_f96158/span_Add")): Object: 'Object Repository/Page_Editing quiz A multiple choices questi_f96158/span_Add' is clicked on

2022-01-12 20:27:22 - [MESSAGE][PASSED] - Object: 'Object Repository/Page_Editing quiz A multiple choices questi_f96158/span_Add' is clicked on

2022-01-12 20:27:22 - [TEST_STEP][PASSED] - click(findTestObject("Object Repository/Page_Editing quiz A multiple choices questi_f96158/span_a new question")): Object: 'Object Repository/Page_Editing quiz A multiple choices questi_f96158/span_a new question' is clicked on

2022-01-12 20:27:22 - [MESSAGE][PASSED] - Object: 'Object Repository/Page_Editing quiz A multiple choices questi_f96158/span_a new question' is clicked on

2022-01-12 20:27:22 - [TEST_STEP][PASSED] - click(findTestObject("Object Repository/Page_Editing quiz A multiple choices questi_f96158/span_Multiple choice")): Object: 'Object Repository/Page_Editing quiz A multiple choices questi_f96158/span_Multiple choice' is clicked on

2022-01-12 20:27:23 - [MESSAGE][PASSED] - Object: 'Object Repository/Page_Editing quiz A multiple choices questi_f96158/span_Multiple choice' is clicked on

2022-01-12 20:27:23 - [TEST_STEP][PASSED] - click(findTestObject("Object Repository/Page_Editing quiz A multiple choices questi_f96158/input_Description_submitbutton")): Object: 'Object Repository/Page_Editing quiz A multiple choices questi_f96158/input_Description_submitbutton' is clicked on

2022-01-12 20:27:24 - [MESSAGE][PASSED] - Object: 'Object Repository/Page_Editing quiz A multiple choices questi_f96158/input_Description_submitbutton' is clicked on

2022-01-12 20:27:24 - [TEST_STEP][PASSED] - setText(findTestObject("Object Repository/Page_Editing a Multiple choice question/input_Question name_name"), "A multiple choices question that has only one answer"): Text 'A multiple choices question that has only one answer' is set on object 'Object Repository/Page_Editing a Multiple choice question/input_Question name_name'

2022-01-12 20:27:26 - [MESSAGE][PASSED] - Text 'A multiple choices question that has only one answer' is set on object 'Object Repository/Page_Editing a Multiple choice question/input_Question name_name'

2022-01-12 20:27:26 - [TEST_STEP][PASSED] - setText(findTestObject("Object Repository/Page_Editing a Multiple choice question/div_ques text"), "Question text"): Text 'Question text' is set on object 'Object Repository/Page_Editing a Multiple choice question/div_ques text'

2022-01-12 20:27:27 - [MESSAGE][PASSED] - Text 'Question text' is set on object 'Object Repository/Page_Editing a Multiple choice question/div_ques text'

2022-01-12 20:27:27 - [TEST_STEP][PASSED] - setText(findTestObject("Object Repository/Page_Editing a Multiple choice question/div_Choice 1"), "The only answer of this question"): Text 'The only answer of this question' is set on object 'Object Repository/Page_Editing a Multiple choice question/div_Choice 1'

2022-01-12 20:27:28 - [MESSAGE][PASSED] - Text 'The only answer of this question' is set on object 'Object Repository/Page_Editing a Multiple choice question/div_Choice 1'

2022-01-12 20:27:28 - [TEST_STEP][PASSED] - selectOptionByValue(findTestObject("Object Repository/Page_Editing a Multiple choice question/select_None            100            90   _353130"), "1.0", true): All options with value '1.0' are selected in object 'Object Repository/Page_Editing a Multiple choice question/select_None            100            90   _353130'  using regular expression

2022-01-12 20:27:30 - [MESSAGE][PASSED] - All options with value '1.0' are selected in object 'Object Repository/Page_Editing a Multiple choice question/select_None            100            90   _353130'  using regular expression

2022-01-12 20:27:30 - [TEST_STEP][PASSED] - click(findTestObject("Object Repository/Page_Editing a Multiple choice question/input__submitbutton")): Object: 'Object Repository/Page_Editing a Multiple choice question/input__submitbutton' is clicked on

2022-01-12 20:27:32 - [MESSAGE][PASSED] - Object: 'Object Repository/Page_Editing a Multiple choice question/input__submitbutton' is clicked on

2022-01-12 20:27:32 - [TEST_STEP][PASSED] - verifyElementText(findTestObject("Object Repository/Page_Editing a Multiple choice question/div_This type of question requires at least_02af54"), "This type of question requires at least 2 choices"): Actual text and expected text of test object 'Object Repository/Page_Editing a Multiple choice question/div_This type of question requires at least_02af54' are matched.

2022-01-12 20:27:33 - [MESSAGE][PASSED] - Actual text and expected text of test object 'Object Repository/Page_Editing a Multiple choice question/div_This type of question requires at least_02af54' are matched.

2022-01-12 20:27:33 - [TEST_STEP][PASSED] - closeBrowser(): Browser is closed

2022-01-12 20:27:33 - [MESSAGE][PASSED] - Browser is closed]]></system-out>
         <system-err><![CDATA[]]></system-err>
      </testcase>
      <testcase name="Test Cases/Teacher/Teacher_Add Announcement/Teacher_Add Annoucement Advanced With Tags" time="21.458" classname="Test Cases/Teacher/Teacher_Add Announcement/Teacher_Add Annoucement Advanced With Tags" status="PASSED">
         <system-out><![CDATA[2022-01-12 20:27:33 - [TEST_CASE][PASSED] - Test Cases/Teacher/Teacher_Add Announcement/Teacher_Add Annoucement Advanced With Tags: Test Cases/Teacher/Teacher_Add Announcement/Teacher_Add Annoucement Advanced With Tags

2022-01-12 20:27:34 - [TEST_STEP][PASSED] - openBrowser(""): Browser is opened with url: ''

2022-01-12 20:27:34 - [MESSAGE][INFO] - Starting 'Chrome' driver

2022-01-12 20:27:34 - [MESSAGE][INFO] - User set preference: ['args', '[window-size=1300,900]']

2022-01-12 20:27:34 - [MESSAGE][INFO] - Action delay is set to 0 milliseconds

2022-01-12 20:27:35 - [MESSAGE][PASSED] - Browser is opened with url: ''

2022-01-12 20:27:35 - [TEST_STEP][PASSED] - navigateToUrl("http://localhost:8080/moodle/"): Navigate to 'http://localhost:8080/moodle/' successfully

2022-01-12 20:27:35 - [MESSAGE][PASSED] - Navigate to 'http://localhost:8080/moodle/' successfully

2022-01-12 20:27:35 - [TEST_STEP][PASSED] - click(findTestObject("Object Repository/Page_BCS Moodle/a_Log in")): Object: 'Object Repository/Page_BCS Moodle/a_Log in' is clicked on

2022-01-12 20:27:36 - [MESSAGE][PASSED] - Object: 'Object Repository/Page_BCS Moodle/a_Log in' is clicked on

2022-01-12 20:27:36 - [TEST_STEP][PASSED] - setText(findTestObject("Object Repository/Page_BCS Moodle Log in to the site/input_Username_username"), "onix"): Text 'onix' is set on object 'Object Repository/Page_BCS Moodle Log in to the site/input_Username_username'

2022-01-12 20:27:37 - [MESSAGE][PASSED] - Text 'onix' is set on object 'Object Repository/Page_BCS Moodle Log in to the site/input_Username_username'

2022-01-12 20:27:37 - [TEST_STEP][PASSED] - setEncryptedText(findTestObject("Object Repository/Page_BCS Moodle Log in to the site/input_Password_password"), "uw4zQNl2RedGtkZxJt1B2nZNxIOg3YnT"): Text ****** has been set on object 'Object Repository/Page_BCS Moodle Log in to the site/input_Password_password'

2022-01-12 20:27:38 - [MESSAGE][PASSED] - Text ****** has been set on object 'Object Repository/Page_BCS Moodle Log in to the site/input_Password_password'

2022-01-12 20:27:38 - [TEST_STEP][PASSED] - click(findTestObject("Object Repository/Page_BCS Moodle Log in to the site/button_Log in")): Object: 'Object Repository/Page_BCS Moodle Log in to the site/button_Log in' is clicked on

2022-01-12 20:27:39 - [MESSAGE][PASSED] - Object: 'Object Repository/Page_BCS Moodle Log in to the site/button_Log in' is clicked on

2022-01-12 20:27:39 - [TEST_STEP][PASSED] - click(findTestObject("Object Repository/Page_Dashboard/div_Course image")): Object: 'Object Repository/Page_Dashboard/div_Course image' is clicked on

2022-01-12 20:27:42 - [MESSAGE][PASSED] - Object: 'Object Repository/Page_Dashboard/div_Course image' is clicked on

2022-01-12 20:27:42 - [TEST_STEP][PASSED] - click(findTestObject("Object Repository/Page_Course Ton t hp/span_Announcements Forum")): Object: 'Object Repository/Page_Course Ton t hp/span_Announcements Forum' is clicked on

2022-01-12 20:27:43 - [MESSAGE][PASSED] - Object: 'Object Repository/Page_Course Ton t hp/span_Announcements Forum' is clicked on

2022-01-12 20:27:43 - [TEST_STEP][PASSED] - click(findTestObject("Object Repository/Page_Announcements/a_Add a new topic")): Object: 'Object Repository/Page_Announcements/a_Add a new topic' is clicked on

2022-01-12 20:27:44 - [MESSAGE][PASSED] - Object: 'Object Repository/Page_Announcements/a_Add a new topic' is clicked on

2022-01-12 20:27:44 - [TEST_STEP][PASSED] - setText(findTestObject("Object Repository/Page_Announcements/input_Subject_subject"), "Topic With Tags"): Text 'Topic With Tags' is set on object 'Object Repository/Page_Announcements/input_Subject_subject'

2022-01-12 20:27:45 - [MESSAGE][PASSED] - Text 'Topic With Tags' is set on object 'Object Repository/Page_Announcements/input_Subject_subject'

2022-01-12 20:27:45 - [TEST_STEP][PASSED] - setText(findTestObject("Object Repository/Page_Announcements/div_This is a topic with advanced field tags"), "This is a topic with advanced field tags"): Text 'This is a topic with advanced field tags' is set on object 'Object Repository/Page_Announcements/div_This is a topic with advanced field tags'

2022-01-12 20:27:46 - [MESSAGE][PASSED] - Text 'This is a topic with advanced field tags' is set on object 'Object Repository/Page_Announcements/div_This is a topic with advanced field tags'

2022-01-12 20:27:46 - [TEST_STEP][PASSED] - click(findTestObject("Object Repository/Page_Announcements/input_Cancel_advancedadddiscussion")): Object: 'Object Repository/Page_Announcements/input_Cancel_advancedadddiscussion' is clicked on

2022-01-12 20:27:48 - [MESSAGE][PASSED] - Object: 'Object Repository/Page_Announcements/input_Cancel_advancedadddiscussion' is clicked on

2022-01-12 20:27:48 - [TEST_STEP][PASSED] - click(findTestObject("Object Repository/Page_TTH Add a new topic/a_Tags")): Object: 'Object Repository/Page_TTH Add a new topic/a_Tags' is clicked on

2022-01-12 20:27:49 - [MESSAGE][PASSED] - Object: 'Object Repository/Page_TTH Add a new topic/a_Tags' is clicked on

2022-01-12 20:27:49 - [TEST_STEP][PASSED] - setText(findTestObject("Object Repository/Page_TTH Add a new topic/input_No selection_form_autocomplete_input-_69419d"), "Sample Tags"): Text 'Sample Tags' is set on object 'Object Repository/Page_TTH Add a new topic/input_No selection_form_autocomplete_input-_69419d'

2022-01-12 20:27:50 - [MESSAGE][PASSED] - Text 'Sample Tags' is set on object 'Object Repository/Page_TTH Add a new topic/input_No selection_form_autocomplete_input-_69419d'

2022-01-12 20:27:50 - [TEST_STEP][PASSED] - click(findTestObject("Object Repository/Page_TTH Add a new topic/div_Selected items                No select_148724")): Object: 'Object Repository/Page_TTH Add a new topic/div_Selected items                No select_148724' is clicked on

2022-01-12 20:27:50 - [MESSAGE][PASSED] - Object: 'Object Repository/Page_TTH Add a new topic/div_Selected items                No select_148724' is clicked on

2022-01-12 20:27:50 - [TEST_STEP][PASSED] - selectOptionByValue(findTestObject("Object Repository/Page_TTH Add a new topic/select_sample tags"), "Sample Tags", true): All options with value 'Sample Tags' are selected in object 'Object Repository/Page_TTH Add a new topic/select_sample tags'  using regular expression

2022-01-12 20:27:52 - [MESSAGE][PASSED] - All options with value 'Sample Tags' are selected in object 'Object Repository/Page_TTH Add a new topic/select_sample tags'  using regular expression

2022-01-12 20:27:52 - [TEST_STEP][PASSED] - click(findTestObject("Object Repository/Page_TTH Add a new topic/div_Sample Tags                            _c5a69e")): Object: 'Object Repository/Page_TTH Add a new topic/div_Sample Tags                            _c5a69e' is clicked on

2022-01-12 20:27:52 - [MESSAGE][PASSED] - Object: 'Object Repository/Page_TTH Add a new topic/div_Sample Tags                            _c5a69e' is clicked on

2022-01-12 20:27:52 - [TEST_STEP][PASSED] - click(findTestObject("Object Repository/Page_TTH Add a new topic/input__submitbutton")): Object: 'Object Repository/Page_TTH Add a new topic/input__submitbutton' is clicked on

2022-01-12 20:27:54 - [MESSAGE][PASSED] - Object: 'Object Repository/Page_TTH Add a new topic/input__submitbutton' is clicked on

2022-01-12 20:27:54 - [TEST_STEP][PASSED] - closeBrowser(): Browser is closed

2022-01-12 20:27:55 - [MESSAGE][PASSED] - Browser is closed]]></system-out>
         <system-err><![CDATA[]]></system-err>
      </testcase>
      <testcase name="Test Cases/Teacher/Teacher_Add Announcement/Teacher_Add Announcement Advanced With Display Period" time="20.547" classname="Test Cases/Teacher/Teacher_Add Announcement/Teacher_Add Announcement Advanced With Display Period" status="PASSED">
         <system-out><![CDATA[2022-01-12 20:27:55 - [TEST_CASE][PASSED] - Test Cases/Teacher/Teacher_Add Announcement/Teacher_Add Announcement Advanced With Display Period: Test Cases/Teacher/Teacher_Add Announcement/Teacher_Add Announcement Advanced With Display Period

2022-01-12 20:27:55 - [TEST_STEP][PASSED] - openBrowser(""): Browser is opened with url: ''

2022-01-12 20:27:55 - [MESSAGE][INFO] - Starting 'Chrome' driver

2022-01-12 20:27:55 - [MESSAGE][INFO] - User set preference: ['args', '[window-size=1300,900]']

2022-01-12 20:27:55 - [MESSAGE][INFO] - Action delay is set to 0 milliseconds

2022-01-12 20:27:56 - [MESSAGE][PASSED] - Browser is opened with url: ''

2022-01-12 20:27:56 - [TEST_STEP][PASSED] - navigateToUrl("http://localhost:8080/moodle/"): Navigate to 'http://localhost:8080/moodle/' successfully

2022-01-12 20:27:57 - [MESSAGE][PASSED] - Navigate to 'http://localhost:8080/moodle/' successfully

2022-01-12 20:27:57 - [TEST_STEP][PASSED] - click(findTestObject("Object Repository/Page_BCS Moodle/a_Log in")): Object: 'Object Repository/Page_BCS Moodle/a_Log in' is clicked on

2022-01-12 20:27:58 - [MESSAGE][PASSED] - Object: 'Object Repository/Page_BCS Moodle/a_Log in' is clicked on

2022-01-12 20:27:58 - [TEST_STEP][PASSED] - setText(findTestObject("Object Repository/Page_BCS Moodle Log in to the site/input_Username_username"), "onix"): Text 'onix' is set on object 'Object Repository/Page_BCS Moodle Log in to the site/input_Username_username'

2022-01-12 20:27:59 - [MESSAGE][PASSED] - Text 'onix' is set on object 'Object Repository/Page_BCS Moodle Log in to the site/input_Username_username'

2022-01-12 20:27:59 - [TEST_STEP][PASSED] - setEncryptedText(findTestObject("Object Repository/Page_BCS Moodle Log in to the site/input_Password_password"), "uw4zQNl2RedGtkZxJt1B2nZNxIOg3YnT"): Text ****** has been set on object 'Object Repository/Page_BCS Moodle Log in to the site/input_Password_password'

2022-01-12 20:27:59 - [MESSAGE][PASSED] - Text ****** has been set on object 'Object Repository/Page_BCS Moodle Log in to the site/input_Password_password'

2022-01-12 20:27:59 - [TEST_STEP][PASSED] - click(findTestObject("Object Repository/Page_BCS Moodle Log in to the site/button_Log in")): Object: 'Object Repository/Page_BCS Moodle Log in to the site/button_Log in' is clicked on

2022-01-12 20:28:01 - [MESSAGE][PASSED] - Object: 'Object Repository/Page_BCS Moodle Log in to the site/button_Log in' is clicked on

2022-01-12 20:28:01 - [TEST_STEP][PASSED] - click(findTestObject("Object Repository/Page_Dashboard/div_Course image")): Object: 'Object Repository/Page_Dashboard/div_Course image' is clicked on

2022-01-12 20:28:03 - [MESSAGE][PASSED] - Object: 'Object Repository/Page_Dashboard/div_Course image' is clicked on

2022-01-12 20:28:03 - [TEST_STEP][PASSED] - click(findTestObject("Object Repository/Page_Course Ton t hp/span_Announcements Forum")): Object: 'Object Repository/Page_Course Ton t hp/span_Announcements Forum' is clicked on

2022-01-12 20:28:05 - [MESSAGE][PASSED] - Object: 'Object Repository/Page_Course Ton t hp/span_Announcements Forum' is clicked on

2022-01-12 20:28:05 - [TEST_STEP][PASSED] - click(findTestObject("Object Repository/Page_Announcements/a_Add a new topic_1")): Object: 'Object Repository/Page_Announcements/a_Add a new topic_1' is clicked on

2022-01-12 20:28:06 - [MESSAGE][PASSED] - Object: 'Object Repository/Page_Announcements/a_Add a new topic_1' is clicked on

2022-01-12 20:28:06 - [TEST_STEP][PASSED] - setText(findTestObject("Object Repository/Page_Announcements/input_Subject_subject"), "Topic Advance Display Period"): Text 'Topic Advance Display Period' is set on object 'Object Repository/Page_Announcements/input_Subject_subject'

2022-01-12 20:28:07 - [MESSAGE][PASSED] - Text 'Topic Advance Display Period' is set on object 'Object Repository/Page_Announcements/input_Subject_subject'

2022-01-12 20:28:07 - [TEST_STEP][PASSED] - setText(findTestObject("Object Repository/Page_Announcements/div_This is a topic with advance display pe_a06968"), "This is a topic with advance display period field"): Text 'This is a topic with advance display period field' is set on object 'Object Repository/Page_Announcements/div_This is a topic with advance display pe_a06968'

2022-01-12 20:28:08 - [MESSAGE][PASSED] - Text 'This is a topic with advance display period field' is set on object 'Object Repository/Page_Announcements/div_This is a topic with advance display pe_a06968'

2022-01-12 20:28:08 - [TEST_STEP][PASSED] - click(findTestObject("Object Repository/Page_Announcements/input_Cancel_advancedadddiscussion")): Object: 'Object Repository/Page_Announcements/input_Cancel_advancedadddiscussion' is clicked on

2022-01-12 20:28:09 - [MESSAGE][PASSED] - Object: 'Object Repository/Page_Announcements/input_Cancel_advancedadddiscussion' is clicked on

2022-01-12 20:28:09 - [TEST_STEP][PASSED] - click(findTestObject("Object Repository/Page_TTH Add a new topic/a_Display period_1")): Object: 'Object Repository/Page_TTH Add a new topic/a_Display period_1' is clicked on

2022-01-12 20:28:10 - [MESSAGE][PASSED] - Object: 'Object Repository/Page_TTH Add a new topic/a_Display period_1' is clicked on

2022-01-12 20:28:10 - [TEST_STEP][PASSED] - click(findTestObject("Object Repository/Page_TTH Add a new topic/input_Enable_timestartenabled")): Object: 'Object Repository/Page_TTH Add a new topic/input_Enable_timestartenabled' is clicked on

2022-01-12 20:28:11 - [MESSAGE][PASSED] - Object: 'Object Repository/Page_TTH Add a new topic/input_Enable_timestartenabled' is clicked on

2022-01-12 20:28:11 - [TEST_STEP][PASSED] - click(findTestObject("Object Repository/Page_TTH Add a new topic/input_Enable_timeendenabled")): Object: 'Object Repository/Page_TTH Add a new topic/input_Enable_timeendenabled' is clicked on

2022-01-12 20:28:11 - [MESSAGE][PASSED] - Object: 'Object Repository/Page_TTH Add a new topic/input_Enable_timeendenabled' is clicked on

2022-01-12 20:28:11 - [TEST_STEP][PASSED] - selectOptionByValue(findTestObject("Object Repository/Page_TTH Add a new topic/select_1        2        3        4        _45ea30"), "16", true): All options with value '16' are selected in object 'Object Repository/Page_TTH Add a new topic/select_1        2        3        4        _45ea30'  using regular expression

2022-01-12 20:28:13 - [MESSAGE][PASSED] - All options with value '16' are selected in object 'Object Repository/Page_TTH Add a new topic/select_1        2        3        4        _45ea30'  using regular expression

2022-01-12 20:28:13 - [TEST_STEP][PASSED] - click(findTestObject("Object Repository/Page_TTH Add a new topic/input__submitbutton")): Object: 'Object Repository/Page_TTH Add a new topic/input__submitbutton' is clicked on

2022-01-12 20:28:15 - [MESSAGE][PASSED] - Object: 'Object Repository/Page_TTH Add a new topic/input__submitbutton' is clicked on

2022-01-12 20:28:15 - [TEST_STEP][PASSED] - closeBrowser(): Browser is closed

2022-01-12 20:28:15 - [MESSAGE][PASSED] - Browser is closed]]></system-out>
         <system-err><![CDATA[]]></system-err>
      </testcase>
      <testcase name="Test Cases/Teacher/Teacher_Add Forum/Teacher_Add Forum Submit Without Input in Forum" time="14.879" classname="Test Cases/Teacher/Teacher_Add Forum/Teacher_Add Forum Submit Without Input in Forum" status="PASSED">
         <system-out><![CDATA[2022-01-12 20:28:15 - [TEST_CASE][PASSED] - Test Cases/Teacher/Teacher_Add Forum/Teacher_Add Forum Submit Without Input in Forum: Test Cases/Teacher/Teacher_Add Forum/Teacher_Add Forum Submit Without Input in Forum

2022-01-12 20:28:16 - [TEST_STEP][PASSED] - openBrowser(""): Browser is opened with url: ''

2022-01-12 20:28:16 - [MESSAGE][INFO] - Starting 'Chrome' driver

2022-01-12 20:28:16 - [MESSAGE][INFO] - User set preference: ['args', '[window-size=1300,900]']

2022-01-12 20:28:16 - [MESSAGE][INFO] - Action delay is set to 0 milliseconds

2022-01-12 20:28:17 - [MESSAGE][PASSED] - Browser is opened with url: ''

2022-01-12 20:28:17 - [TEST_STEP][PASSED] - navigateToUrl("http://localhost:8080/moodle/"): Navigate to 'http://localhost:8080/moodle/' successfully

2022-01-12 20:28:18 - [MESSAGE][PASSED] - Navigate to 'http://localhost:8080/moodle/' successfully

2022-01-12 20:28:18 - [TEST_STEP][PASSED] - click(findTestObject("Page_BCS Moodle/a_Log in")): Object: 'Object Repository/Page_BCS Moodle/a_Log in' is clicked on

2022-01-12 20:28:18 - [MESSAGE][PASSED] - Object: 'Object Repository/Page_BCS Moodle/a_Log in' is clicked on

2022-01-12 20:28:18 - [TEST_STEP][PASSED] - setText(findTestObject("Page_BCS Moodle Log in to the site/input_Username_username"), "onix"): Text 'onix' is set on object 'Object Repository/Page_BCS Moodle Log in to the site/input_Username_username'

2022-01-12 20:28:19 - [MESSAGE][PASSED] - Text 'onix' is set on object 'Object Repository/Page_BCS Moodle Log in to the site/input_Username_username'

2022-01-12 20:28:19 - [TEST_STEP][PASSED] - setEncryptedText(findTestObject("Page_BCS Moodle Log in to the site/input_Password_password"), "uw4zQNl2RedGtkZxJt1B2nZNxIOg3YnT"): Text ****** has been set on object 'Object Repository/Page_BCS Moodle Log in to the site/input_Password_password'

2022-01-12 20:28:20 - [MESSAGE][PASSED] - Text ****** has been set on object 'Object Repository/Page_BCS Moodle Log in to the site/input_Password_password'

2022-01-12 20:28:20 - [TEST_STEP][PASSED] - click(findTestObject("Page_BCS Moodle Log in to the site/button_Log in")): Object: 'Object Repository/Page_BCS Moodle Log in to the site/button_Log in' is clicked on

2022-01-12 20:28:21 - [MESSAGE][PASSED] - Object: 'Object Repository/Page_BCS Moodle Log in to the site/button_Log in' is clicked on

2022-01-12 20:28:21 - [TEST_STEP][PASSED] - click(findTestObject("Page_Dashboard/div_Course image")): Object: 'Object Repository/Page_Dashboard/div_Course image' is clicked on

2022-01-12 20:28:23 - [MESSAGE][PASSED] - Object: 'Object Repository/Page_Dashboard/div_Course image' is clicked on

2022-01-12 20:28:23 - [TEST_STEP][PASSED] - click(findTestObject("Object Repository/Page_Course Ton t hp/button_Turn editing on")): Object: 'Object Repository/Page_Course Ton t hp/button_Turn editing on' is clicked on

2022-01-12 20:28:25 - [MESSAGE][PASSED] - Object: 'Object Repository/Page_Course Ton t hp/button_Turn editing on' is clicked on

2022-01-12 20:28:25 - [TEST_STEP][PASSED] - click(findTestObject("Object Repository/Page_Course Ton t hp/span_Add an activity or resource (2)")): Object: 'Object Repository/Page_Course Ton t hp/span_Add an activity or resource (2)' is clicked on

2022-01-12 20:28:26 - [MESSAGE][PASSED] - Object: 'Object Repository/Page_Course Ton t hp/span_Add an activity or resource (2)' is clicked on

2022-01-12 20:28:26 - [TEST_STEP][PASSED] - click(findTestObject("Object Repository/Page_Course Ton t hp/img_Information about the Folder activity_i_e12f9c")): Object: 'Object Repository/Page_Course Ton t hp/img_Information about the Folder activity_i_e12f9c' is clicked on

2022-01-12 20:28:28 - [MESSAGE][PASSED] - Object: 'Object Repository/Page_Course Ton t hp/img_Information about the Folder activity_i_e12f9c' is clicked on

2022-01-12 20:28:28 - [TEST_STEP][PASSED] - click(findTestObject("Page_Editing Forum/input_Upon activity completion_submitbutton")): Object: 'Object Repository/Page_Editing Forum/input_Upon activity completion_submitbutton' is clicked on

2022-01-12 20:28:29 - [MESSAGE][PASSED] - Object: 'Object Repository/Page_Editing Forum/input_Upon activity completion_submitbutton' is clicked on

2022-01-12 20:28:29 - [TEST_STEP][PASSED] - click(findTestObject("Page_Editing Forum/div_- You must supply a value here")): Object: 'Object Repository/Page_Editing Forum/div_- You must supply a value here' is clicked on

2022-01-12 20:28:29 - [MESSAGE][PASSED] - Object: 'Object Repository/Page_Editing Forum/div_- You must supply a value here' is clicked on

2022-01-12 20:28:29 - [TEST_STEP][PASSED] - verifyElementText(findTestObject("Page_Editing Forum/div_- You must supply a value here"), "- You must supply a value here."): Actual text and expected text of test object 'Object Repository/Page_Editing Forum/div_- You must supply a value here' are matched.

2022-01-12 20:28:30 - [MESSAGE][PASSED] - Actual text and expected text of test object 'Object Repository/Page_Editing Forum/div_- You must supply a value here' are matched.

2022-01-12 20:28:30 - [TEST_STEP][PASSED] - closeBrowser(): Browser is closed

2022-01-12 20:28:30 - [MESSAGE][PASSED] - Browser is closed]]></system-out>
         <system-err><![CDATA[]]></system-err>
      </testcase>
      <testcase name="Test Cases/Teacher/Teacher_Add Forum/Teacher_Add Forum Submit Without Input in Topic" time="20.123" classname="Test Cases/Teacher/Teacher_Add Forum/Teacher_Add Forum Submit Without Input in Topic" status="PASSED">
         <system-out><![CDATA[2022-01-12 20:28:30 - [TEST_CASE][PASSED] - Test Cases/Teacher/Teacher_Add Forum/Teacher_Add Forum Submit Without Input in Topic: Test Cases/Teacher/Teacher_Add Forum/Teacher_Add Forum Submit Without Input in Topic

2022-01-12 20:28:31 - [TEST_STEP][PASSED] - openBrowser(""): Browser is opened with url: ''

2022-01-12 20:28:31 - [MESSAGE][INFO] - Starting 'Chrome' driver

2022-01-12 20:28:31 - [MESSAGE][INFO] - User set preference: ['args', '[window-size=1300,900]']

2022-01-12 20:28:31 - [MESSAGE][INFO] - Action delay is set to 0 milliseconds

2022-01-12 20:28:32 - [MESSAGE][PASSED] - Browser is opened with url: ''

2022-01-12 20:28:32 - [TEST_STEP][PASSED] - navigateToUrl("http://localhost:8080/moodle/"): Navigate to 'http://localhost:8080/moodle/' successfully

2022-01-12 20:28:32 - [MESSAGE][PASSED] - Navigate to 'http://localhost:8080/moodle/' successfully

2022-01-12 20:28:32 - [TEST_STEP][PASSED] - click(findTestObject("Object Repository/Page_BCS Moodle/a_Log in")): Object: 'Object Repository/Page_BCS Moodle/a_Log in' is clicked on

2022-01-12 20:28:33 - [MESSAGE][PASSED] - Object: 'Object Repository/Page_BCS Moodle/a_Log in' is clicked on

2022-01-12 20:28:33 - [TEST_STEP][PASSED] - setText(findTestObject("Object Repository/Page_BCS Moodle Log in to the site/input_Username_username"), "onix"): Text 'onix' is set on object 'Object Repository/Page_BCS Moodle Log in to the site/input_Username_username'

2022-01-12 20:28:34 - [MESSAGE][PASSED] - Text 'onix' is set on object 'Object Repository/Page_BCS Moodle Log in to the site/input_Username_username'

2022-01-12 20:28:34 - [TEST_STEP][PASSED] - setEncryptedText(findTestObject("Object Repository/Page_BCS Moodle Log in to the site/input_Password_password"), "uw4zQNl2RedGtkZxJt1B2nZNxIOg3YnT"): Text ****** has been set on object 'Object Repository/Page_BCS Moodle Log in to the site/input_Password_password'

2022-01-12 20:28:35 - [MESSAGE][PASSED] - Text ****** has been set on object 'Object Repository/Page_BCS Moodle Log in to the site/input_Password_password'

2022-01-12 20:28:35 - [TEST_STEP][PASSED] - click(findTestObject("Object Repository/Page_BCS Moodle Log in to the site/button_Log in")): Object: 'Object Repository/Page_BCS Moodle Log in to the site/button_Log in' is clicked on

2022-01-12 20:28:36 - [MESSAGE][PASSED] - Object: 'Object Repository/Page_BCS Moodle Log in to the site/button_Log in' is clicked on

2022-01-12 20:28:36 - [TEST_STEP][PASSED] - click(findTestObject("Object Repository/Page_Dashboard/div_Course image")): Object: 'Object Repository/Page_Dashboard/div_Course image' is clicked on

2022-01-12 20:28:38 - [MESSAGE][PASSED] - Object: 'Object Repository/Page_Dashboard/div_Course image' is clicked on

2022-01-12 20:28:38 - [TEST_STEP][PASSED] - click(findTestObject("Object Repository/Page_Course Ton t hp/button_Turn editing on")): Object: 'Object Repository/Page_Course Ton t hp/button_Turn editing on' is clicked on

2022-01-12 20:28:40 - [MESSAGE][PASSED] - Object: 'Object Repository/Page_Course Ton t hp/button_Turn editing on' is clicked on

2022-01-12 20:28:40 - [TEST_STEP][PASSED] - click(findTestObject("Page_Course Ton t hp/span_Add an activity or resource (2)")): Object: 'Object Repository/Page_Course Ton t hp/span_Add an activity or resource (2)' is clicked on

2022-01-12 20:28:41 - [MESSAGE][PASSED] - Object: 'Object Repository/Page_Course Ton t hp/span_Add an activity or resource (2)' is clicked on

2022-01-12 20:28:41 - [TEST_STEP][PASSED] - click(findTestObject("Object Repository/Page_Course Ton t hp/img_Information about the Folder activity_i_e12f9c")): Object: 'Object Repository/Page_Course Ton t hp/img_Information about the Folder activity_i_e12f9c' is clicked on

2022-01-12 20:28:43 - [MESSAGE][PASSED] - Object: 'Object Repository/Page_Course Ton t hp/img_Information about the Folder activity_i_e12f9c' is clicked on

2022-01-12 20:28:43 - [TEST_STEP][PASSED] - setText(findTestObject("Object Repository/Page_Editing Forum/input_Forum name_name"), "My New Forum"): Text 'My New Forum' is set on object 'Object Repository/Page_Editing Forum/input_Forum name_name'

2022-01-12 20:28:45 - [MESSAGE][PASSED] - Text 'My New Forum' is set on object 'Object Repository/Page_Editing Forum/input_Forum name_name'

2022-01-12 20:28:45 - [TEST_STEP][PASSED] - click(findTestObject("Object Repository/Page_Editing Forum/input_Upon activity completion_submitbutton")): Object: 'Object Repository/Page_Editing Forum/input_Upon activity completion_submitbutton' is clicked on

2022-01-12 20:28:47 - [MESSAGE][PASSED] - Object: 'Object Repository/Page_Editing Forum/input_Upon activity completion_submitbutton' is clicked on

2022-01-12 20:28:47 - [TEST_STEP][PASSED] - click(findTestObject("Object Repository/Page_My New Forum/a_Add a new discussion topic")): Object: 'Object Repository/Page_My New Forum/a_Add a new discussion topic' is clicked on

2022-01-12 20:28:48 - [MESSAGE][PASSED] - Object: 'Object Repository/Page_My New Forum/a_Add a new discussion topic' is clicked on

2022-01-12 20:28:48 - [TEST_STEP][PASSED] - click(findTestObject("Object Repository/Page_My New Forum/div_Cancel")): Object: 'Object Repository/Page_My New Forum/div_Cancel' is clicked on

2022-01-12 20:28:48 - [MESSAGE][PASSED] - Object: 'Object Repository/Page_My New Forum/div_Cancel' is clicked on

2022-01-12 20:28:48 - [TEST_STEP][PASSED] - click(findTestObject("Object Repository/Page_My New Forum/input_Message_submitbutton")): Object: 'Object Repository/Page_My New Forum/input_Message_submitbutton' is clicked on

2022-01-12 20:28:49 - [MESSAGE][PASSED] - Object: 'Object Repository/Page_My New Forum/input_Message_submitbutton' is clicked on

2022-01-12 20:28:49 - [TEST_STEP][PASSED] - click(findTestObject("Object Repository/Page_My New Forum/div_- Required")): Object: 'Object Repository/Page_My New Forum/div_- Required' is clicked on

2022-01-12 20:28:49 - [MESSAGE][PASSED] - Object: 'Object Repository/Page_My New Forum/div_- Required' is clicked on

2022-01-12 20:28:49 - [TEST_STEP][PASSED] - verifyElementText(findTestObject("Object Repository/Page_My New Forum/div_- Required"), "- Required"): Actual text and expected text of test object 'Object Repository/Page_My New Forum/div_- Required' are matched.

2022-01-12 20:28:50 - [MESSAGE][PASSED] - Actual text and expected text of test object 'Object Repository/Page_My New Forum/div_- Required' are matched.

2022-01-12 20:28:50 - [TEST_STEP][PASSED] - closeBrowser(): Browser is closed

2022-01-12 20:28:50 - [MESSAGE][PASSED] - Browser is closed]]></system-out>
         <system-err><![CDATA[]]></system-err>
      </testcase>
      <testcase name="Test Cases/Admin/Admin Add User/Admin_Add User Invalid Email" time="19.159" classname="Test Cases/Admin/Admin Add User/Admin_Add User Invalid Email" status="PASSED">
         <system-out><![CDATA[2022-01-12 20:28:50 - [TEST_CASE][PASSED] - Test Cases/Admin/Admin Add User/Admin_Add User Invalid Email: Test Cases/Admin/Admin Add User/Admin_Add User Invalid Email

2022-01-12 20:28:51 - [TEST_STEP][PASSED] - callTestCase(findTestCase("Admin/Admin_Login"), [:], STOP_ON_FAILURE): Call Test Case 'Test Cases/Admin/Admin_Login' successfully

2022-01-12 20:28:51 - [TEST_CASE][PASSED] - Test Cases/Admin/Admin_Login: Test Cases/Admin/Admin_Login

2022-01-12 20:28:51 - [TEST_STEP][PASSED] - openBrowser(""): Browser is opened with url: ''

2022-01-12 20:28:51 - [MESSAGE][INFO] - Starting 'Chrome' driver

2022-01-12 20:28:51 - [MESSAGE][INFO] - User set preference: ['args', '[window-size=1300,900]']

2022-01-12 20:28:51 - [MESSAGE][INFO] - Action delay is set to 0 milliseconds

2022-01-12 20:28:52 - [MESSAGE][PASSED] - Browser is opened with url: ''

2022-01-12 20:28:52 - [TEST_STEP][PASSED] - navigateToUrl("http://localhost:8080/moodle/login/index.php"): Navigate to 'http://localhost:8080/moodle/login/index.php' successfully

2022-01-12 20:28:53 - [MESSAGE][PASSED] - Navigate to 'http://localhost:8080/moodle/login/index.php' successfully

2022-01-12 20:28:53 - [TEST_STEP][PASSED] - setText(findTestObject("Object Repository/Page_BCS Moodle Log in to the site/input_Username_username"), "admin"): Text 'admin' is set on object 'Object Repository/Page_BCS Moodle Log in to the site/input_Username_username'

2022-01-12 20:28:53 - [MESSAGE][PASSED] - Text 'admin' is set on object 'Object Repository/Page_BCS Moodle Log in to the site/input_Username_username'

2022-01-12 20:28:53 - [TEST_STEP][PASSED] - setEncryptedText(findTestObject("Object Repository/Page_BCS Moodle Log in to the site/input_Password_password"), "p4y+y39Ir5PR9RXlOHjWlj+CAJiYdX4g"): Text ****** has been set on object 'Object Repository/Page_BCS Moodle Log in to the site/input_Password_password'

2022-01-12 20:28:54 - [MESSAGE][PASSED] - Text ****** has been set on object 'Object Repository/Page_BCS Moodle Log in to the site/input_Password_password'

2022-01-12 20:28:54 - [TEST_STEP][PASSED] - click(findTestObject("Object Repository/Page_BCS Moodle Log in to the site/button_Log in")): Object: 'Object Repository/Page_BCS Moodle Log in to the site/button_Log in' is clicked on

2022-01-12 20:28:55 - [MESSAGE][PASSED] - Object: 'Object Repository/Page_BCS Moodle Log in to the site/button_Log in' is clicked on

2022-01-12 20:28:55 - [MESSAGE][PASSED] - Call Test Case 'Test Cases/Admin/Admin_Login' successfully

2022-01-12 20:28:55 - [TEST_STEP][PASSED] - click(findTestObject("Object Repository/Page_Dashboard/a_Site administration")): Object: 'Object Repository/Page_Dashboard/a_Site administration' is clicked on

2022-01-12 20:28:58 - [MESSAGE][PASSED] - Object: 'Object Repository/Page_Dashboard/a_Site administration' is clicked on

2022-01-12 20:28:58 - [TEST_STEP][PASSED] - click(findTestObject("Object Repository/Page_Moodle Administration Search/a_Users")): Object: 'Object Repository/Page_Moodle Administration Search/a_Users' is clicked on

2022-01-12 20:28:59 - [MESSAGE][PASSED] - Object: 'Object Repository/Page_Moodle Administration Search/a_Users' is clicked on

2022-01-12 20:28:59 - [TEST_STEP][PASSED] - click(findTestObject("Object Repository/Page_Moodle Administration Search/a_Add a new user")): Object: 'Object Repository/Page_Moodle Administration Search/a_Add a new user' is clicked on

2022-01-12 20:29:00 - [MESSAGE][PASSED] - Object: 'Object Repository/Page_Moodle Administration Search/a_Add a new user' is clicked on

2022-01-12 20:29:00 - [TEST_STEP][PASSED] - click(findTestObject("Object Repository/Page_Moodle Administration Users Accounts/input_Username_username")): Object: 'Object Repository/Page_Moodle Administration Users Accounts/input_Username_username' is clicked on

2022-01-12 20:29:01 - [MESSAGE][PASSED] - Object: 'Object Repository/Page_Moodle Administration Users Accounts/input_Username_username' is clicked on

2022-01-12 20:29:01 - [TEST_STEP][PASSED] - setText(findTestObject("Object Repository/Page_Moodle Administration Users Accounts/input_Username_username"), "yne"): Text 'yne' is set on object 'Object Repository/Page_Moodle Administration Users Accounts/input_Username_username'

2022-01-12 20:29:02 - [MESSAGE][PASSED] - Text 'yne' is set on object 'Object Repository/Page_Moodle Administration Users Accounts/input_Username_username'

2022-01-12 20:29:02 - [TEST_STEP][PASSED] - click(findTestObject("Object Repository/Page_Moodle Administration Users Accounts/em_Click to enter text")): Object: 'Object Repository/Page_Moodle Administration Users Accounts/em_Click to enter text' is clicked on

2022-01-12 20:29:02 - [MESSAGE][PASSED] - Object: 'Object Repository/Page_Moodle Administration Users Accounts/em_Click to enter text' is clicked on

2022-01-12 20:29:02 - [TEST_STEP][PASSED] - click(findTestObject("Object Repository/Page_Moodle Administration Users Accounts/i_Click to enter text_icon fa fa-eye fa-fw"), STOP_ON_FAILURE): Object: 'Object Repository/Page_Moodle Administration Users Accounts/i_Click to enter text_icon fa fa-eye fa-fw' is clicked on

2022-01-12 20:29:03 - [MESSAGE][PASSED] - Object: 'Object Repository/Page_Moodle Administration Users Accounts/i_Click to enter text_icon fa fa-eye fa-fw' is clicked on

2022-01-12 20:29:03 - [TEST_STEP][PASSED] - setText(findTestObject("Object Repository/Page_Moodle Administration Users Accounts/input_New password_newpassword"), "yTest123@"): Text 'yTest123@' is set on object 'Object Repository/Page_Moodle Administration Users Accounts/input_New password_newpassword'

2022-01-12 20:29:04 - [MESSAGE][PASSED] - Text 'yTest123@' is set on object 'Object Repository/Page_Moodle Administration Users Accounts/input_New password_newpassword'

2022-01-12 20:29:04 - [TEST_STEP][PASSED] - setText(findTestObject("Object Repository/Page_Moodle Administration Users Accounts/input_First name_firstname"), "Ý"): Text 'Ý' is set on object 'Object Repository/Page_Moodle Administration Users Accounts/input_First name_firstname'

2022-01-12 20:29:05 - [MESSAGE][PASSED] - Text 'Ý' is set on object 'Object Repository/Page_Moodle Administration Users Accounts/input_First name_firstname'

2022-01-12 20:29:05 - [TEST_STEP][PASSED] - setText(findTestObject("Object Repository/Page_Moodle Administration Users Accounts/input_Surname_lastname"), "Đàm"): Text 'Đàm' is set on object 'Object Repository/Page_Moodle Administration Users Accounts/input_Surname_lastname'

2022-01-12 20:29:05 - [MESSAGE][PASSED] - Text 'Đàm' is set on object 'Object Repository/Page_Moodle Administration Users Accounts/input_Surname_lastname'

2022-01-12 20:29:05 - [TEST_STEP][PASSED] - setText(findTestObject("Object Repository/Page_Moodle Administration Users Accounts/input_Email address_email"), "ydam@"): Text 'ydam@' is set on object 'Object Repository/Page_Moodle Administration Users Accounts/input_Email address_email'

2022-01-12 20:29:06 - [MESSAGE][PASSED] - Text 'ydam@' is set on object 'Object Repository/Page_Moodle Administration Users Accounts/input_Email address_email'

2022-01-12 20:29:06 - [TEST_STEP][PASSED] - click(findTestObject("Object Repository/Page_Moodle Administration Users Accounts/input_Address_submitbutton")): Object: 'Object Repository/Page_Moodle Administration Users Accounts/input_Address_submitbutton' is clicked on

2022-01-12 20:29:08 - [MESSAGE][PASSED] - Object: 'Object Repository/Page_Moodle Administration Users Accounts/input_Address_submitbutton' is clicked on

2022-01-12 20:29:08 - [TEST_STEP][PASSED] - verifyElementPresent(findTestObject("Page_Moodle Administration Users Accounts/div_Invalid email address"), 0): Object 'Object Repository/Page_Moodle Administration Users Accounts/div_Invalid email address' is present

2022-01-12 20:29:08 - [MESSAGE][WARNING] - Timeout '0' is invalid. Using default page load timeout: '30'

2022-01-12 20:29:09 - [MESSAGE][PASSED] - Object 'Object Repository/Page_Moodle Administration Users Accounts/div_Invalid email address' is present

2022-01-12 20:29:09 - [TEST_STEP][PASSED] - closeBrowser(): Browser is closed

2022-01-12 20:29:10 - [MESSAGE][PASSED] - Browser is closed]]></system-out>
         <system-err><![CDATA[]]></system-err>
      </testcase>
      <testcase name="Test Cases/Admin/Admin Add User/Admin_Add User Invalid Username" time="18.836" classname="Test Cases/Admin/Admin Add User/Admin_Add User Invalid Username" status="PASSED">
         <system-out><![CDATA[2022-01-12 20:29:10 - [TEST_CASE][PASSED] - Test Cases/Admin/Admin Add User/Admin_Add User Invalid Username: Test Cases/Admin/Admin Add User/Admin_Add User Invalid Username

2022-01-12 20:29:10 - [TEST_STEP][PASSED] - callTestCase(findTestCase("Admin/Admin_Login"), [:], STOP_ON_FAILURE): Call Test Case 'Test Cases/Admin/Admin_Login' successfully

2022-01-12 20:29:10 - [TEST_CASE][PASSED] - Test Cases/Admin/Admin_Login: Test Cases/Admin/Admin_Login

2022-01-12 20:29:10 - [TEST_STEP][PASSED] - openBrowser(""): Browser is opened with url: ''

2022-01-12 20:29:10 - [MESSAGE][INFO] - Starting 'Chrome' driver

2022-01-12 20:29:10 - [MESSAGE][INFO] - User set preference: ['args', '[window-size=1300,900]']

2022-01-12 20:29:10 - [MESSAGE][INFO] - Action delay is set to 0 milliseconds

2022-01-12 20:29:11 - [MESSAGE][PASSED] - Browser is opened with url: ''

2022-01-12 20:29:11 - [TEST_STEP][PASSED] - navigateToUrl("http://localhost:8080/moodle/login/index.php"): Navigate to 'http://localhost:8080/moodle/login/index.php' successfully

2022-01-12 20:29:12 - [MESSAGE][PASSED] - Navigate to 'http://localhost:8080/moodle/login/index.php' successfully

2022-01-12 20:29:12 - [TEST_STEP][PASSED] - setText(findTestObject("Object Repository/Page_BCS Moodle Log in to the site/input_Username_username"), "admin"): Text 'admin' is set on object 'Object Repository/Page_BCS Moodle Log in to the site/input_Username_username'

2022-01-12 20:29:13 - [MESSAGE][PASSED] - Text 'admin' is set on object 'Object Repository/Page_BCS Moodle Log in to the site/input_Username_username'

2022-01-12 20:29:13 - [TEST_STEP][PASSED] - setEncryptedText(findTestObject("Object Repository/Page_BCS Moodle Log in to the site/input_Password_password"), "p4y+y39Ir5PR9RXlOHjWlj+CAJiYdX4g"): Text ****** has been set on object 'Object Repository/Page_BCS Moodle Log in to the site/input_Password_password'

2022-01-12 20:29:13 - [MESSAGE][PASSED] - Text ****** has been set on object 'Object Repository/Page_BCS Moodle Log in to the site/input_Password_password'

2022-01-12 20:29:13 - [TEST_STEP][PASSED] - click(findTestObject("Object Repository/Page_BCS Moodle Log in to the site/button_Log in")): Object: 'Object Repository/Page_BCS Moodle Log in to the site/button_Log in' is clicked on

2022-01-12 20:29:15 - [MESSAGE][PASSED] - Object: 'Object Repository/Page_BCS Moodle Log in to the site/button_Log in' is clicked on

2022-01-12 20:29:15 - [MESSAGE][PASSED] - Call Test Case 'Test Cases/Admin/Admin_Login' successfully

2022-01-12 20:29:15 - [TEST_STEP][PASSED] - click(findTestObject("Object Repository/Page_Dashboard/a_Site administration")): Object: 'Object Repository/Page_Dashboard/a_Site administration' is clicked on

2022-01-12 20:29:17 - [MESSAGE][PASSED] - Object: 'Object Repository/Page_Dashboard/a_Site administration' is clicked on

2022-01-12 20:29:17 - [TEST_STEP][PASSED] - click(findTestObject("Object Repository/Page_Moodle Administration Search/a_Users")): Object: 'Object Repository/Page_Moodle Administration Search/a_Users' is clicked on

2022-01-12 20:29:17 - [MESSAGE][PASSED] - Object: 'Object Repository/Page_Moodle Administration Search/a_Users' is clicked on

2022-01-12 20:29:17 - [TEST_STEP][PASSED] - click(findTestObject("Object Repository/Page_Moodle Administration Search/a_Add a new user")): Object: 'Object Repository/Page_Moodle Administration Search/a_Add a new user' is clicked on

2022-01-12 20:29:19 - [MESSAGE][PASSED] - Object: 'Object Repository/Page_Moodle Administration Search/a_Add a new user' is clicked on

2022-01-12 20:29:19 - [TEST_STEP][PASSED] - click(findTestObject("Page_Moodle Administration Users Accounts/input_Username_username")): Object: 'Object Repository/Page_Moodle Administration Users Accounts/input_Username_username' is clicked on

2022-01-12 20:29:20 - [MESSAGE][PASSED] - Object: 'Object Repository/Page_Moodle Administration Users Accounts/input_Username_username' is clicked on

2022-01-12 20:29:20 - [TEST_STEP][PASSED] - setText(findTestObject("Page_Moodle Administration Users Accounts/input_Username_username"), "xuany#1"): Text 'xuany#1' is set on object 'Object Repository/Page_Moodle Administration Users Accounts/input_Username_username'

2022-01-12 20:29:21 - [MESSAGE][PASSED] - Text 'xuany#1' is set on object 'Object Repository/Page_Moodle Administration Users Accounts/input_Username_username'

2022-01-12 20:29:21 - [TEST_STEP][PASSED] - click(findTestObject("Page_Moodle Administration Users Accounts/em_Click to enter text")): Object: 'Object Repository/Page_Moodle Administration Users Accounts/em_Click to enter text' is clicked on

2022-01-12 20:29:21 - [MESSAGE][PASSED] - Object: 'Object Repository/Page_Moodle Administration Users Accounts/em_Click to enter text' is clicked on

2022-01-12 20:29:21 - [TEST_STEP][PASSED] - click(findTestObject("Page_Moodle Administration Users Accounts/i_Click to enter text_icon fa fa-eye fa-fw"), STOP_ON_FAILURE): Object: 'Object Repository/Page_Moodle Administration Users Accounts/i_Click to enter text_icon fa fa-eye fa-fw' is clicked on

2022-01-12 20:29:22 - [MESSAGE][PASSED] - Object: 'Object Repository/Page_Moodle Administration Users Accounts/i_Click to enter text_icon fa fa-eye fa-fw' is clicked on

2022-01-12 20:29:22 - [TEST_STEP][PASSED] - setText(findTestObject("Page_Moodle Administration Users Accounts/input_New password_newpassword"), "yTest123@"): Text 'yTest123@' is set on object 'Object Repository/Page_Moodle Administration Users Accounts/input_New password_newpassword'

2022-01-12 20:29:23 - [MESSAGE][PASSED] - Text 'yTest123@' is set on object 'Object Repository/Page_Moodle Administration Users Accounts/input_New password_newpassword'

2022-01-12 20:29:23 - [TEST_STEP][PASSED] - setText(findTestObject("Page_Moodle Administration Users Accounts/input_First name_firstname"), "Ý"): Text 'Ý' is set on object 'Object Repository/Page_Moodle Administration Users Accounts/input_First name_firstname'

2022-01-12 20:29:23 - [MESSAGE][PASSED] - Text 'Ý' is set on object 'Object Repository/Page_Moodle Administration Users Accounts/input_First name_firstname'

2022-01-12 20:29:23 - [TEST_STEP][PASSED] - setText(findTestObject("Page_Moodle Administration Users Accounts/input_Surname_lastname"), "Đàm"): Text 'Đàm' is set on object 'Object Repository/Page_Moodle Administration Users Accounts/input_Surname_lastname'

2022-01-12 20:29:24 - [MESSAGE][PASSED] - Text 'Đàm' is set on object 'Object Repository/Page_Moodle Administration Users Accounts/input_Surname_lastname'

2022-01-12 20:29:24 - [TEST_STEP][PASSED] - setText(findTestObject("Page_Moodle Administration Users Accounts/input_Email address_email"), "ydam@gmail.com"): Text 'ydam@gmail.com' is set on object 'Object Repository/Page_Moodle Administration Users Accounts/input_Email address_email'

2022-01-12 20:29:25 - [MESSAGE][PASSED] - Text 'ydam@gmail.com' is set on object 'Object Repository/Page_Moodle Administration Users Accounts/input_Email address_email'

2022-01-12 20:29:25 - [TEST_STEP][PASSED] - click(findTestObject("Page_Moodle Administration Users Accounts/input_Address_submitbutton")): Object: 'Object Repository/Page_Moodle Administration Users Accounts/input_Address_submitbutton' is clicked on

2022-01-12 20:29:27 - [MESSAGE][PASSED] - Object: 'Object Repository/Page_Moodle Administration Users Accounts/input_Address_submitbutton' is clicked on

2022-01-12 20:29:27 - [TEST_STEP][PASSED] - verifyElementPresent(findTestObject("Page_Moodle Administration Users Accounts/div_The username can only contain alphanume_241d24"), 0): Object 'Object Repository/Page_Moodle Administration Users Accounts/div_The username can only contain alphanume_241d24' is present

2022-01-12 20:29:27 - [MESSAGE][WARNING] - Timeout '0' is invalid. Using default page load timeout: '30'

2022-01-12 20:29:28 - [MESSAGE][PASSED] - Object 'Object Repository/Page_Moodle Administration Users Accounts/div_The username can only contain alphanume_241d24' is present

2022-01-12 20:29:28 - [TEST_STEP][PASSED] - closeBrowser(): Browser is closed

2022-01-12 20:29:28 - [MESSAGE][PASSED] - Browser is closed]]></system-out>
         <system-err><![CDATA[]]></system-err>
      </testcase>
      <testcase name="Test Cases/Admin/Admin Add User/Admin_Add User Success" time="23.773" classname="Test Cases/Admin/Admin Add User/Admin_Add User Success" status="PASSED">
         <system-out><![CDATA[2022-01-12 20:29:28 - [TEST_CASE][PASSED] - Test Cases/Admin/Admin Add User/Admin_Add User Success: Test Cases/Admin/Admin Add User/Admin_Add User Success

2022-01-12 20:29:29 - [TEST_STEP][PASSED] - callTestCase(findTestCase("Admin/Admin_Login"), [:], STOP_ON_FAILURE): Call Test Case 'Test Cases/Admin/Admin_Login' successfully

2022-01-12 20:29:29 - [TEST_CASE][PASSED] - Test Cases/Admin/Admin_Login: Test Cases/Admin/Admin_Login

2022-01-12 20:29:29 - [TEST_STEP][PASSED] - openBrowser(""): Browser is opened with url: ''

2022-01-12 20:29:29 - [MESSAGE][INFO] - Starting 'Chrome' driver

2022-01-12 20:29:29 - [MESSAGE][INFO] - User set preference: ['args', '[window-size=1300,900]']

2022-01-12 20:29:29 - [MESSAGE][INFO] - Action delay is set to 0 milliseconds

2022-01-12 20:29:30 - [MESSAGE][PASSED] - Browser is opened with url: ''

2022-01-12 20:29:30 - [TEST_STEP][PASSED] - navigateToUrl("http://localhost:8080/moodle/login/index.php"): Navigate to 'http://localhost:8080/moodle/login/index.php' successfully

2022-01-12 20:29:31 - [MESSAGE][PASSED] - Navigate to 'http://localhost:8080/moodle/login/index.php' successfully

2022-01-12 20:29:31 - [TEST_STEP][PASSED] - setText(findTestObject("Object Repository/Page_BCS Moodle Log in to the site/input_Username_username"), "admin"): Text 'admin' is set on object 'Object Repository/Page_BCS Moodle Log in to the site/input_Username_username'

2022-01-12 20:29:31 - [MESSAGE][PASSED] - Text 'admin' is set on object 'Object Repository/Page_BCS Moodle Log in to the site/input_Username_username'

2022-01-12 20:29:31 - [TEST_STEP][PASSED] - setEncryptedText(findTestObject("Object Repository/Page_BCS Moodle Log in to the site/input_Password_password"), "p4y+y39Ir5PR9RXlOHjWlj+CAJiYdX4g"): Text ****** has been set on object 'Object Repository/Page_BCS Moodle Log in to the site/input_Password_password'

2022-01-12 20:29:32 - [MESSAGE][PASSED] - Text ****** has been set on object 'Object Repository/Page_BCS Moodle Log in to the site/input_Password_password'

2022-01-12 20:29:32 - [TEST_STEP][PASSED] - click(findTestObject("Object Repository/Page_BCS Moodle Log in to the site/button_Log in")): Object: 'Object Repository/Page_BCS Moodle Log in to the site/button_Log in' is clicked on

2022-01-12 20:29:33 - [MESSAGE][PASSED] - Object: 'Object Repository/Page_BCS Moodle Log in to the site/button_Log in' is clicked on

2022-01-12 20:29:33 - [MESSAGE][PASSED] - Call Test Case 'Test Cases/Admin/Admin_Login' successfully

2022-01-12 20:29:33 - [TEST_STEP][PASSED] - click(findTestObject("Object Repository/Page_Dashboard/a_Site administration")): Object: 'Object Repository/Page_Dashboard/a_Site administration' is clicked on

2022-01-12 20:29:36 - [MESSAGE][PASSED] - Object: 'Object Repository/Page_Dashboard/a_Site administration' is clicked on

2022-01-12 20:29:36 - [TEST_STEP][PASSED] - navigateToUrl("http://localhost:8080/moodle/admin/search.php"): Navigate to 'http://localhost:8080/moodle/admin/search.php' successfully

2022-01-12 20:29:37 - [MESSAGE][PASSED] - Navigate to 'http://localhost:8080/moodle/admin/search.php' successfully

2022-01-12 20:29:37 - [TEST_STEP][PASSED] - click(findTestObject("Object Repository/Page_Moodle Administration Search/a_Users")): Object: 'Object Repository/Page_Moodle Administration Search/a_Users' is clicked on

2022-01-12 20:29:37 - [MESSAGE][PASSED] - Object: 'Object Repository/Page_Moodle Administration Search/a_Users' is clicked on

2022-01-12 20:29:37 - [TEST_STEP][PASSED] - click(findTestObject("Object Repository/Page_Moodle Administration Search/a_Add a new user")): Object: 'Object Repository/Page_Moodle Administration Search/a_Add a new user' is clicked on

2022-01-12 20:29:39 - [MESSAGE][PASSED] - Object: 'Object Repository/Page_Moodle Administration Search/a_Add a new user' is clicked on

2022-01-12 20:29:39 - [TEST_STEP][PASSED] - setText(findTestObject("Page_Moodle Administration Users Accounts/input_Username_username"), "duy"): Text 'duy' is set on object 'Object Repository/Page_Moodle Administration Users Accounts/input_Username_username'

2022-01-12 20:29:40 - [MESSAGE][PASSED] - Text 'duy' is set on object 'Object Repository/Page_Moodle Administration Users Accounts/input_Username_username'

2022-01-12 20:29:40 - [TEST_STEP][PASSED] - click(findTestObject("Page_Moodle Administration Users Accounts/em_Click to enter text")): Object: 'Object Repository/Page_Moodle Administration Users Accounts/em_Click to enter text' is clicked on

2022-01-12 20:29:40 - [MESSAGE][PASSED] - Object: 'Object Repository/Page_Moodle Administration Users Accounts/em_Click to enter text' is clicked on

2022-01-12 20:29:40 - [TEST_STEP][PASSED] - click(findTestObject("Page_Moodle Administration Users Accounts/i_Click to enter text_icon fa fa-eye fa-fw")): Object: 'Object Repository/Page_Moodle Administration Users Accounts/i_Click to enter text_icon fa fa-eye fa-fw' is clicked on

2022-01-12 20:29:41 - [MESSAGE][PASSED] - Object: 'Object Repository/Page_Moodle Administration Users Accounts/i_Click to enter text_icon fa fa-eye fa-fw' is clicked on

2022-01-12 20:29:41 - [TEST_STEP][PASSED] - setText(findTestObject("Page_Moodle Administration Users Accounts/input_New password_newpassword"), "duyTest123@"): Text 'duyTest123@' is set on object 'Object Repository/Page_Moodle Administration Users Accounts/input_New password_newpassword'

2022-01-12 20:29:42 - [MESSAGE][PASSED] - Text 'duyTest123@' is set on object 'Object Repository/Page_Moodle Administration Users Accounts/input_New password_newpassword'

2022-01-12 20:29:42 - [TEST_STEP][PASSED] - setText(findTestObject("Page_Moodle Administration Users Accounts/input_First name_firstname"), "duy"): Text 'duy' is set on object 'Object Repository/Page_Moodle Administration Users Accounts/input_First name_firstname'

2022-01-12 20:29:43 - [MESSAGE][PASSED] - Text 'duy' is set on object 'Object Repository/Page_Moodle Administration Users Accounts/input_First name_firstname'

2022-01-12 20:29:43 - [TEST_STEP][PASSED] - setText(findTestObject("Page_Moodle Administration Users Accounts/input_Surname_lastname"), "đặng"): Text 'đặng' is set on object 'Object Repository/Page_Moodle Administration Users Accounts/input_Surname_lastname'

2022-01-12 20:29:44 - [MESSAGE][PASSED] - Text 'đặng' is set on object 'Object Repository/Page_Moodle Administration Users Accounts/input_Surname_lastname'

2022-01-12 20:29:44 - [TEST_STEP][PASSED] - setText(findTestObject("Page_Moodle Administration Users Accounts/input_Email address_email"), "duyduy@gmail.com"): Text 'duyduy@gmail.com' is set on object 'Object Repository/Page_Moodle Administration Users Accounts/input_Email address_email'

2022-01-12 20:29:44 - [MESSAGE][PASSED] - Text 'duyduy@gmail.com' is set on object 'Object Repository/Page_Moodle Administration Users Accounts/input_Email address_email'

2022-01-12 20:29:44 - [TEST_STEP][PASSED] - click(findTestObject("Page_Moodle Administration Users Accounts/input_Address_submitbutton")): Object: 'Object Repository/Page_Moodle Administration Users Accounts/input_Address_submitbutton' is clicked on

2022-01-12 20:29:46 - [MESSAGE][PASSED] - Object: 'Object Repository/Page_Moodle Administration Users Accounts/input_Address_submitbutton' is clicked on

2022-01-12 20:29:46 - [TEST_STEP][PASSED] - click(findTestObject("Page_Moodle Administration Users Accounts/a_Admin User")): Object: 'Object Repository/Page_Moodle Administration Users Accounts/a_Admin User' is clicked on

2022-01-12 20:29:47 - [MESSAGE][PASSED] - Object: 'Object Repository/Page_Moodle Administration Users Accounts/a_Admin User' is clicked on

2022-01-12 20:29:47 - [TEST_STEP][PASSED] - click(findTestObject("Page_Moodle Administration Users Accounts/span_Log out")): Object: 'Object Repository/Page_Moodle Administration Users Accounts/span_Log out' is clicked on

2022-01-12 20:29:48 - [MESSAGE][PASSED] - Object: 'Object Repository/Page_Moodle Administration Users Accounts/span_Log out' is clicked on

2022-01-12 20:29:48 - [TEST_STEP][PASSED] - click(findTestObject("Object Repository/Page_BCS Moodle/a_Log in")): Object: 'Object Repository/Page_BCS Moodle/a_Log in' is clicked on

2022-01-12 20:29:49 - [MESSAGE][PASSED] - Object: 'Object Repository/Page_BCS Moodle/a_Log in' is clicked on

2022-01-12 20:29:49 - [TEST_STEP][PASSED] - setText(findTestObject("Object Repository/Page_BCS Moodle Log in to the site/input_Username_username"), "duy"): Text 'duy' is set on object 'Object Repository/Page_BCS Moodle Log in to the site/input_Username_username'

2022-01-12 20:29:50 - [MESSAGE][PASSED] - Text 'duy' is set on object 'Object Repository/Page_BCS Moodle Log in to the site/input_Username_username'

2022-01-12 20:29:50 - [TEST_STEP][PASSED] - setEncryptedText(findTestObject("Object Repository/Page_BCS Moodle Log in to the site/input_Password_password"), "3Eq3dG7ItvbA7bSXU4Ys3Q=="): Text ****** has been set on object 'Object Repository/Page_BCS Moodle Log in to the site/input_Password_password'

2022-01-12 20:29:50 - [MESSAGE][PASSED] - Text ****** has been set on object 'Object Repository/Page_BCS Moodle Log in to the site/input_Password_password'

2022-01-12 20:29:50 - [TEST_STEP][PASSED] - click(findTestObject("Object Repository/Page_BCS Moodle Log in to the site/button_Log in")): Object: 'Object Repository/Page_BCS Moodle Log in to the site/button_Log in' is clicked on

2022-01-12 20:29:52 - [MESSAGE][PASSED] - Object: 'Object Repository/Page_BCS Moodle Log in to the site/button_Log in' is clicked on

2022-01-12 20:29:52 - [TEST_STEP][PASSED] - closeBrowser(): Browser is closed

2022-01-12 20:29:52 - [MESSAGE][PASSED] - Browser is closed]]></system-out>
         <system-err><![CDATA[]]></system-err>
      </testcase>
      <testcase name="Test Cases/Admin/Admin Add User/Admin_Add User Username Already Exists" time="19.939" classname="Test Cases/Admin/Admin Add User/Admin_Add User Username Already Exists" status="PASSED">
         <system-out><![CDATA[2022-01-12 20:29:52 - [TEST_CASE][PASSED] - Test Cases/Admin/Admin Add User/Admin_Add User Username Already Exists: Test Cases/Admin/Admin Add User/Admin_Add User Username Already Exists

2022-01-12 20:29:53 - [TEST_STEP][PASSED] - callTestCase(findTestCase("Admin/Admin_Login"), [:], STOP_ON_FAILURE): Call Test Case 'Test Cases/Admin/Admin_Login' successfully

2022-01-12 20:29:53 - [TEST_CASE][PASSED] - Test Cases/Admin/Admin_Login: Test Cases/Admin/Admin_Login

2022-01-12 20:29:53 - [TEST_STEP][PASSED] - openBrowser(""): Browser is opened with url: ''

2022-01-12 20:29:53 - [MESSAGE][INFO] - Starting 'Chrome' driver

2022-01-12 20:29:53 - [MESSAGE][INFO] - User set preference: ['args', '[window-size=1300,900]']

2022-01-12 20:29:53 - [MESSAGE][INFO] - Action delay is set to 0 milliseconds

2022-01-12 20:29:54 - [MESSAGE][PASSED] - Browser is opened with url: ''

2022-01-12 20:29:54 - [TEST_STEP][PASSED] - navigateToUrl("http://localhost:8080/moodle/login/index.php"): Navigate to 'http://localhost:8080/moodle/login/index.php' successfully

2022-01-12 20:29:54 - [MESSAGE][PASSED] - Navigate to 'http://localhost:8080/moodle/login/index.php' successfully

2022-01-12 20:29:54 - [TEST_STEP][PASSED] - setText(findTestObject("Object Repository/Page_BCS Moodle Log in to the site/input_Username_username"), "admin"): Text 'admin' is set on object 'Object Repository/Page_BCS Moodle Log in to the site/input_Username_username'

2022-01-12 20:29:55 - [MESSAGE][PASSED] - Text 'admin' is set on object 'Object Repository/Page_BCS Moodle Log in to the site/input_Username_username'

2022-01-12 20:29:55 - [TEST_STEP][PASSED] - setEncryptedText(findTestObject("Object Repository/Page_BCS Moodle Log in to the site/input_Password_password"), "p4y+y39Ir5PR9RXlOHjWlj+CAJiYdX4g"): Text ****** has been set on object 'Object Repository/Page_BCS Moodle Log in to the site/input_Password_password'

2022-01-12 20:29:56 - [MESSAGE][PASSED] - Text ****** has been set on object 'Object Repository/Page_BCS Moodle Log in to the site/input_Password_password'

2022-01-12 20:29:56 - [TEST_STEP][PASSED] - click(findTestObject("Object Repository/Page_BCS Moodle Log in to the site/button_Log in")): Object: 'Object Repository/Page_BCS Moodle Log in to the site/button_Log in' is clicked on

2022-01-12 20:29:57 - [MESSAGE][PASSED] - Object: 'Object Repository/Page_BCS Moodle Log in to the site/button_Log in' is clicked on

2022-01-12 20:29:57 - [MESSAGE][PASSED] - Call Test Case 'Test Cases/Admin/Admin_Login' successfully

2022-01-12 20:29:57 - [TEST_STEP][PASSED] - click(findTestObject("Object Repository/Page_Dashboard/a_Site administration")): Object: 'Object Repository/Page_Dashboard/a_Site administration' is clicked on

2022-01-12 20:30:00 - [MESSAGE][PASSED] - Object: 'Object Repository/Page_Dashboard/a_Site administration' is clicked on

2022-01-12 20:30:00 - [TEST_STEP][PASSED] - click(findTestObject("Object Repository/Page_Moodle Administration Search/a_Users")): Object: 'Object Repository/Page_Moodle Administration Search/a_Users' is clicked on

2022-01-12 20:30:01 - [MESSAGE][PASSED] - Object: 'Object Repository/Page_Moodle Administration Search/a_Users' is clicked on

2022-01-12 20:30:01 - [TEST_STEP][PASSED] - click(findTestObject("Object Repository/Page_Moodle Administration Search/a_Add a new user")): Object: 'Object Repository/Page_Moodle Administration Search/a_Add a new user' is clicked on

2022-01-12 20:30:02 - [MESSAGE][PASSED] - Object: 'Object Repository/Page_Moodle Administration Search/a_Add a new user' is clicked on

2022-01-12 20:30:02 - [TEST_STEP][PASSED] - click(findTestObject("Page_Moodle Administration Users Accounts/input_Username_username")): Object: 'Object Repository/Page_Moodle Administration Users Accounts/input_Username_username' is clicked on

2022-01-12 20:30:03 - [MESSAGE][PASSED] - Object: 'Object Repository/Page_Moodle Administration Users Accounts/input_Username_username' is clicked on

2022-01-12 20:30:03 - [TEST_STEP][PASSED] - setText(findTestObject("Page_Moodle Administration Users Accounts/input_Username_username"), "xuany"): Text 'xuany' is set on object 'Object Repository/Page_Moodle Administration Users Accounts/input_Username_username'

2022-01-12 20:30:04 - [MESSAGE][PASSED] - Text 'xuany' is set on object 'Object Repository/Page_Moodle Administration Users Accounts/input_Username_username'

2022-01-12 20:30:04 - [TEST_STEP][PASSED] - click(findTestObject("Page_Moodle Administration Users Accounts/em_Click to enter text")): Object: 'Object Repository/Page_Moodle Administration Users Accounts/em_Click to enter text' is clicked on

2022-01-12 20:30:05 - [MESSAGE][PASSED] - Object: 'Object Repository/Page_Moodle Administration Users Accounts/em_Click to enter text' is clicked on

2022-01-12 20:30:05 - [TEST_STEP][PASSED] - click(findTestObject("Page_Moodle Administration Users Accounts/i_Click to enter text_icon fa fa-eye fa-fw"), STOP_ON_FAILURE): Object: 'Object Repository/Page_Moodle Administration Users Accounts/i_Click to enter text_icon fa fa-eye fa-fw' is clicked on

2022-01-12 20:30:05 - [MESSAGE][PASSED] - Object: 'Object Repository/Page_Moodle Administration Users Accounts/i_Click to enter text_icon fa fa-eye fa-fw' is clicked on

2022-01-12 20:30:05 - [TEST_STEP][PASSED] - setText(findTestObject("Page_Moodle Administration Users Accounts/input_New password_newpassword"), "yTest123@"): Text 'yTest123@' is set on object 'Object Repository/Page_Moodle Administration Users Accounts/input_New password_newpassword'

2022-01-12 20:30:06 - [MESSAGE][PASSED] - Text 'yTest123@' is set on object 'Object Repository/Page_Moodle Administration Users Accounts/input_New password_newpassword'

2022-01-12 20:30:06 - [TEST_STEP][PASSED] - setText(findTestObject("Page_Moodle Administration Users Accounts/input_First name_firstname"), "Ý"): Text 'Ý' is set on object 'Object Repository/Page_Moodle Administration Users Accounts/input_First name_firstname'

2022-01-12 20:30:07 - [MESSAGE][PASSED] - Text 'Ý' is set on object 'Object Repository/Page_Moodle Administration Users Accounts/input_First name_firstname'

2022-01-12 20:30:07 - [TEST_STEP][PASSED] - setText(findTestObject("Page_Moodle Administration Users Accounts/input_Surname_lastname"), "Đàm"): Text 'Đàm' is set on object 'Object Repository/Page_Moodle Administration Users Accounts/input_Surname_lastname'

2022-01-12 20:30:08 - [MESSAGE][PASSED] - Text 'Đàm' is set on object 'Object Repository/Page_Moodle Administration Users Accounts/input_Surname_lastname'

2022-01-12 20:30:08 - [TEST_STEP][PASSED] - setText(findTestObject("Page_Moodle Administration Users Accounts/input_Email address_email"), "ydam@gmail.com"): Text 'ydam@gmail.com' is set on object 'Object Repository/Page_Moodle Administration Users Accounts/input_Email address_email'

2022-01-12 20:30:08 - [MESSAGE][PASSED] - Text 'ydam@gmail.com' is set on object 'Object Repository/Page_Moodle Administration Users Accounts/input_Email address_email'

2022-01-12 20:30:08 - [TEST_STEP][PASSED] - click(findTestObject("Page_Moodle Administration Users Accounts/input_Address_submitbutton")): Object: 'Object Repository/Page_Moodle Administration Users Accounts/input_Address_submitbutton' is clicked on

2022-01-12 20:30:10 - [MESSAGE][PASSED] - Object: 'Object Repository/Page_Moodle Administration Users Accounts/input_Address_submitbutton' is clicked on

2022-01-12 20:30:10 - [TEST_STEP][PASSED] - verifyElementPresent(findTestObject("Page_Moodle Administration Users Accounts/div_This username already exists, choose another"), 0): Object 'Object Repository/Page_Moodle Administration Users Accounts/div_This username already exists, choose another' is present

2022-01-12 20:30:10 - [MESSAGE][WARNING] - Timeout '0' is invalid. Using default page load timeout: '30'

2022-01-12 20:30:11 - [MESSAGE][PASSED] - Object 'Object Repository/Page_Moodle Administration Users Accounts/div_This username already exists, choose another' is present

2022-01-12 20:30:11 - [TEST_STEP][PASSED] - verifyElementText(findTestObject("Page_Moodle Administration Users Accounts/div_This username already exists, choose another"), "This username already exists, choose another"): Actual text and expected text of test object 'Object Repository/Page_Moodle Administration Users Accounts/div_This username already exists, choose another' are matched.

2022-01-12 20:30:12 - [MESSAGE][PASSED] - Actual text and expected text of test object 'Object Repository/Page_Moodle Administration Users Accounts/div_This username already exists, choose another' are matched.

2022-01-12 20:30:12 - [TEST_STEP][PASSED] - closeBrowser(): Browser is closed

2022-01-12 20:30:12 - [MESSAGE][PASSED] - Browser is closed]]></system-out>
         <system-err><![CDATA[]]></system-err>
      </testcase>
      <testcase name="Test Cases/Admin/Admin Create Course/Admin_Create Course Success" time="16.684" classname="Test Cases/Admin/Admin Create Course/Admin_Create Course Success" status="PASSED">
         <system-out><![CDATA[2022-01-12 20:30:12 - [TEST_CASE][PASSED] - Test Cases/Admin/Admin Create Course/Admin_Create Course Success: Test Cases/Admin/Admin Create Course/Admin_Create Course Success

2022-01-12 20:30:12 - [TEST_STEP][PASSED] - callTestCase(findTestCase("Admin/Admin_Login"), [:], STOP_ON_FAILURE): Call Test Case 'Test Cases/Admin/Admin_Login' successfully

2022-01-12 20:30:13 - [TEST_CASE][PASSED] - Test Cases/Admin/Admin_Login: Test Cases/Admin/Admin_Login

2022-01-12 20:30:13 - [TEST_STEP][PASSED] - openBrowser(""): Browser is opened with url: ''

2022-01-12 20:30:13 - [MESSAGE][INFO] - Starting 'Chrome' driver

2022-01-12 20:30:13 - [MESSAGE][INFO] - User set preference: ['args', '[window-size=1300,900]']

2022-01-12 20:30:13 - [MESSAGE][INFO] - Action delay is set to 0 milliseconds

2022-01-12 20:30:14 - [MESSAGE][PASSED] - Browser is opened with url: ''

2022-01-12 20:30:14 - [TEST_STEP][PASSED] - navigateToUrl("http://localhost:8080/moodle/login/index.php"): Navigate to 'http://localhost:8080/moodle/login/index.php' successfully

2022-01-12 20:30:14 - [MESSAGE][PASSED] - Navigate to 'http://localhost:8080/moodle/login/index.php' successfully

2022-01-12 20:30:14 - [TEST_STEP][PASSED] - setText(findTestObject("Object Repository/Page_BCS Moodle Log in to the site/input_Username_username"), "admin"): Text 'admin' is set on object 'Object Repository/Page_BCS Moodle Log in to the site/input_Username_username'

2022-01-12 20:30:15 - [MESSAGE][PASSED] - Text 'admin' is set on object 'Object Repository/Page_BCS Moodle Log in to the site/input_Username_username'

2022-01-12 20:30:15 - [TEST_STEP][PASSED] - setEncryptedText(findTestObject("Object Repository/Page_BCS Moodle Log in to the site/input_Password_password"), "p4y+y39Ir5PR9RXlOHjWlj+CAJiYdX4g"): Text ****** has been set on object 'Object Repository/Page_BCS Moodle Log in to the site/input_Password_password'

2022-01-12 20:30:16 - [MESSAGE][PASSED] - Text ****** has been set on object 'Object Repository/Page_BCS Moodle Log in to the site/input_Password_password'

2022-01-12 20:30:16 - [TEST_STEP][PASSED] - click(findTestObject("Object Repository/Page_BCS Moodle Log in to the site/button_Log in")): Object: 'Object Repository/Page_BCS Moodle Log in to the site/button_Log in' is clicked on

2022-01-12 20:30:17 - [MESSAGE][PASSED] - Object: 'Object Repository/Page_BCS Moodle Log in to the site/button_Log in' is clicked on

2022-01-12 20:30:17 - [MESSAGE][PASSED] - Call Test Case 'Test Cases/Admin/Admin_Login' successfully

2022-01-12 20:30:17 - [TEST_STEP][PASSED] - click(findTestObject("Object Repository/Page_Dashboard/a_Site administration")): Object: 'Object Repository/Page_Dashboard/a_Site administration' is clicked on

2022-01-12 20:30:20 - [MESSAGE][PASSED] - Object: 'Object Repository/Page_Dashboard/a_Site administration' is clicked on

2022-01-12 20:30:20 - [TEST_STEP][PASSED] - navigateToUrl("http://localhost:8080/moodle/admin/search.php"): Navigate to 'http://localhost:8080/moodle/admin/search.php' successfully

2022-01-12 20:30:21 - [MESSAGE][PASSED] - Navigate to 'http://localhost:8080/moodle/admin/search.php' successfully

2022-01-12 20:30:21 - [TEST_STEP][PASSED] - click(findTestObject("Object Repository/Page_Moodle Administration Search/a_Courses")): Object: 'Object Repository/Page_Moodle Administration Search/a_Courses' is clicked on

2022-01-12 20:30:21 - [MESSAGE][PASSED] - Object: 'Object Repository/Page_Moodle Administration Search/a_Courses' is clicked on

2022-01-12 20:30:21 - [TEST_STEP][PASSED] - click(findTestObject("Object Repository/Page_Moodle Administration Search/a_Add a new course")): Object: 'Object Repository/Page_Moodle Administration Search/a_Add a new course' is clicked on

2022-01-12 20:30:23 - [MESSAGE][PASSED] - Object: 'Object Repository/Page_Moodle Administration Search/a_Add a new course' is clicked on

2022-01-12 20:30:23 - [TEST_STEP][PASSED] - navigateToUrl("http://localhost:8080/moodle/course/edit.php?category=0"): Navigate to 'http://localhost:8080/moodle/course/edit.php?category=0' successfully

2022-01-12 20:30:24 - [MESSAGE][PASSED] - Navigate to 'http://localhost:8080/moodle/course/edit.php?category=0' successfully

2022-01-12 20:30:24 - [TEST_STEP][PASSED] - setText(findTestObject("Object Repository/Page_Moodle Add a new course/input_Course full name_fullname"), "Hệ thống thông tin"): Text 'Hệ thống thông tin' is set on object 'Object Repository/Page_Moodle Add a new course/input_Course full name_fullname'

2022-01-12 20:30:25 - [MESSAGE][PASSED] - Text 'Hệ thống thông tin' is set on object 'Object Repository/Page_Moodle Add a new course/input_Course full name_fullname'

2022-01-12 20:30:25 - [TEST_STEP][PASSED] - setText(findTestObject("Object Repository/Page_Moodle Add a new course/input_Course short name_shortname"), "HTTT"): Text 'HTTT' is set on object 'Object Repository/Page_Moodle Add a new course/input_Course short name_shortname'

2022-01-12 20:30:26 - [MESSAGE][PASSED] - Text 'HTTT' is set on object 'Object Repository/Page_Moodle Add a new course/input_Course short name_shortname'

2022-01-12 20:30:26 - [TEST_STEP][PASSED] - click(findTestObject("Object Repository/Page_Moodle Add a new course/input__saveanddisplay")): Object: 'Object Repository/Page_Moodle Add a new course/input__saveanddisplay' is clicked on

2022-01-12 20:30:28 - [MESSAGE][PASSED] - Object: 'Object Repository/Page_Moodle Add a new course/input__saveanddisplay' is clicked on

2022-01-12 20:30:28 - [TEST_STEP][PASSED] - click(findTestObject("Object Repository/Page_HTTT Participants/h1_H thng thng tin")): Object: 'Object Repository/Page_HTTT Participants/h1_H thng thng tin' is clicked on

2022-01-12 20:30:28 - [MESSAGE][PASSED] - Object: 'Object Repository/Page_HTTT Participants/h1_H thng thng tin' is clicked on

2022-01-12 20:30:28 - [TEST_STEP][PASSED] - closeBrowser(): Browser is closed

2022-01-12 20:30:29 - [MESSAGE][PASSED] - Browser is closed]]></system-out>
         <system-err><![CDATA[]]></system-err>
      </testcase>
      <testcase name="Test Cases/Teacher/Teacher_Add Assignment/Teacher_Add Assignment Submit Without Input" time="15.646" classname="Test Cases/Teacher/Teacher_Add Assignment/Teacher_Add Assignment Submit Without Input" status="PASSED">
         <system-out><![CDATA[2022-01-12 20:30:29 - [TEST_CASE][PASSED] - Test Cases/Teacher/Teacher_Add Assignment/Teacher_Add Assignment Submit Without Input: Test Cases/Teacher/Teacher_Add Assignment/Teacher_Add Assignment Submit Without Input

2022-01-12 20:30:29 - [TEST_STEP][PASSED] - openBrowser(""): Browser is opened with url: ''

2022-01-12 20:30:29 - [MESSAGE][INFO] - Starting 'Chrome' driver

2022-01-12 20:30:29 - [MESSAGE][INFO] - User set preference: ['args', '[window-size=1300,900]']

2022-01-12 20:30:29 - [MESSAGE][INFO] - Action delay is set to 0 milliseconds

2022-01-12 20:30:30 - [MESSAGE][PASSED] - Browser is opened with url: ''

2022-01-12 20:30:30 - [TEST_STEP][PASSED] - navigateToUrl("http://localhost:8080/moodle/"): Navigate to 'http://localhost:8080/moodle/' successfully

2022-01-12 20:30:31 - [MESSAGE][PASSED] - Navigate to 'http://localhost:8080/moodle/' successfully

2022-01-12 20:30:31 - [TEST_STEP][PASSED] - click(findTestObject("Page_BCS Moodle/a_Log in")): Object: 'Object Repository/Page_BCS Moodle/a_Log in' is clicked on

2022-01-12 20:30:32 - [MESSAGE][PASSED] - Object: 'Object Repository/Page_BCS Moodle/a_Log in' is clicked on

2022-01-12 20:30:32 - [TEST_STEP][PASSED] - setText(findTestObject("Page_BCS Moodle Log in to the site/input_Username_username"), "onix"): Text 'onix' is set on object 'Object Repository/Page_BCS Moodle Log in to the site/input_Username_username'

2022-01-12 20:30:33 - [MESSAGE][PASSED] - Text 'onix' is set on object 'Object Repository/Page_BCS Moodle Log in to the site/input_Username_username'

2022-01-12 20:30:33 - [TEST_STEP][PASSED] - setEncryptedText(findTestObject("Page_BCS Moodle Log in to the site/input_Password_password"), "uw4zQNl2RedGtkZxJt1B2nZNxIOg3YnT"): Text ****** has been set on object 'Object Repository/Page_BCS Moodle Log in to the site/input_Password_password'

2022-01-12 20:30:33 - [MESSAGE][PASSED] - Text ****** has been set on object 'Object Repository/Page_BCS Moodle Log in to the site/input_Password_password'

2022-01-12 20:30:33 - [TEST_STEP][PASSED] - click(findTestObject("Page_BCS Moodle Log in to the site/button_Log in")): Object: 'Object Repository/Page_BCS Moodle Log in to the site/button_Log in' is clicked on

2022-01-12 20:30:35 - [MESSAGE][PASSED] - Object: 'Object Repository/Page_BCS Moodle Log in to the site/button_Log in' is clicked on

2022-01-12 20:30:35 - [TEST_STEP][PASSED] - click(findTestObject("Page_Dashboard/div_Course image")): Object: 'Object Repository/Page_Dashboard/div_Course image' is clicked on

2022-01-12 20:30:37 - [MESSAGE][PASSED] - Object: 'Object Repository/Page_Dashboard/div_Course image' is clicked on

2022-01-12 20:30:37 - [TEST_STEP][PASSED] - click(findTestObject("Object Repository/Page_Course Ton t hp/button_Turn editing on")): Object: 'Object Repository/Page_Course Ton t hp/button_Turn editing on' is clicked on

2022-01-12 20:30:38 - [MESSAGE][PASSED] - Object: 'Object Repository/Page_Course Ton t hp/button_Turn editing on' is clicked on

2022-01-12 20:30:38 - [TEST_STEP][PASSED] - click(findTestObject("Object Repository/Page_Course Ton t hp/span_Add an activity or resource (1)")): Object: 'Object Repository/Page_Course Ton t hp/span_Add an activity or resource (1)' is clicked on

2022-01-12 20:30:39 - [MESSAGE][PASSED] - Object: 'Object Repository/Page_Course Ton t hp/span_Add an activity or resource (1)' is clicked on

2022-01-12 20:30:39 - [TEST_STEP][PASSED] - click(findTestObject("Object Repository/Page_Course Ton t hp/img_Recommended_icon icon")): Object: 'Object Repository/Page_Course Ton t hp/img_Recommended_icon icon' is clicked on

2022-01-12 20:30:42 - [MESSAGE][PASSED] - Object: 'Object Repository/Page_Course Ton t hp/img_Recommended_icon icon' is clicked on

2022-01-12 20:30:42 - [TEST_STEP][PASSED] - click(findTestObject("Page_Editing Assignment/input_Upon activity completion_submitbutton2")): Object: 'Object Repository/Page_Editing Assignment/input_Upon activity completion_submitbutton2' is clicked on

2022-01-12 20:30:43 - [MESSAGE][PASSED] - Object: 'Object Repository/Page_Editing Assignment/input_Upon activity completion_submitbutton2' is clicked on

2022-01-12 20:30:43 - [TEST_STEP][PASSED] - click(findTestObject("Page_Editing Assignment/div_- You must supply a value here")): Object: 'Object Repository/Page_Editing Assignment/div_- You must supply a value here' is clicked on

2022-01-12 20:30:44 - [MESSAGE][PASSED] - Object: 'Object Repository/Page_Editing Assignment/div_- You must supply a value here' is clicked on

2022-01-12 20:30:44 - [TEST_STEP][PASSED] - verifyElementText(findTestObject("Page_Editing Assignment/div_- You must supply a value here"), "- You must supply a value here."): Actual text and expected text of test object 'Object Repository/Page_Editing Assignment/div_- You must supply a value here' are matched.

2022-01-12 20:30:44 - [MESSAGE][PASSED] - Actual text and expected text of test object 'Object Repository/Page_Editing Assignment/div_- You must supply a value here' are matched.

2022-01-12 20:30:44 - [TEST_STEP][PASSED] - closeBrowser(): Browser is closed

2022-01-12 20:30:45 - [MESSAGE][PASSED] - Browser is closed]]></system-out>
         <system-err><![CDATA[]]></system-err>
      </testcase>
      <testcase name="Test Cases/Teacher/Teacher_Add Assignment/Teacher_Add Assignment With Submission Type" time="20.46" classname="Test Cases/Teacher/Teacher_Add Assignment/Teacher_Add Assignment With Submission Type" status="PASSED">
         <system-out><![CDATA[2022-01-12 20:30:45 - [TEST_CASE][PASSED] - Test Cases/Teacher/Teacher_Add Assignment/Teacher_Add Assignment With Submission Type: Test Cases/Teacher/Teacher_Add Assignment/Teacher_Add Assignment With Submission Type

2022-01-12 20:30:45 - [TEST_STEP][PASSED] - openBrowser(""): Browser is opened with url: ''

2022-01-12 20:30:45 - [MESSAGE][INFO] - Starting 'Chrome' driver

2022-01-12 20:30:45 - [MESSAGE][INFO] - User set preference: ['args', '[window-size=1300,900]']

2022-01-12 20:30:45 - [MESSAGE][INFO] - Action delay is set to 0 milliseconds

2022-01-12 20:30:46 - [MESSAGE][PASSED] - Browser is opened with url: ''

2022-01-12 20:30:46 - [TEST_STEP][PASSED] - navigateToUrl("http://localhost:8080/moodle/"): Navigate to 'http://localhost:8080/moodle/' successfully

2022-01-12 20:30:47 - [MESSAGE][PASSED] - Navigate to 'http://localhost:8080/moodle/' successfully

2022-01-12 20:30:47 - [TEST_STEP][PASSED] - click(findTestObject("Object Repository/Page_BCS Moodle/a_Log in")): Object: 'Object Repository/Page_BCS Moodle/a_Log in' is clicked on

2022-01-12 20:30:47 - [MESSAGE][PASSED] - Object: 'Object Repository/Page_BCS Moodle/a_Log in' is clicked on

2022-01-12 20:30:47 - [TEST_STEP][PASSED] - setText(findTestObject("Object Repository/Page_BCS Moodle Log in to the site/input_Username_username"), "onix"): Text 'onix' is set on object 'Object Repository/Page_BCS Moodle Log in to the site/input_Username_username'

2022-01-12 20:30:48 - [MESSAGE][PASSED] - Text 'onix' is set on object 'Object Repository/Page_BCS Moodle Log in to the site/input_Username_username'

2022-01-12 20:30:48 - [TEST_STEP][PASSED] - setEncryptedText(findTestObject("Object Repository/Page_BCS Moodle Log in to the site/input_Password_password"), "uw4zQNl2RedGtkZxJt1B2nZNxIOg3YnT"): Text ****** has been set on object 'Object Repository/Page_BCS Moodle Log in to the site/input_Password_password'

2022-01-12 20:30:49 - [MESSAGE][PASSED] - Text ****** has been set on object 'Object Repository/Page_BCS Moodle Log in to the site/input_Password_password'

2022-01-12 20:30:49 - [TEST_STEP][PASSED] - click(findTestObject("Object Repository/Page_BCS Moodle Log in to the site/button_Log in")): Object: 'Object Repository/Page_BCS Moodle Log in to the site/button_Log in' is clicked on

2022-01-12 20:30:50 - [MESSAGE][PASSED] - Object: 'Object Repository/Page_BCS Moodle Log in to the site/button_Log in' is clicked on

2022-01-12 20:30:50 - [TEST_STEP][PASSED] - click(findTestObject("Object Repository/Page_Dashboard/div_Course image")): Object: 'Object Repository/Page_Dashboard/div_Course image' is clicked on

2022-01-12 20:30:53 - [MESSAGE][PASSED] - Object: 'Object Repository/Page_Dashboard/div_Course image' is clicked on

2022-01-12 20:30:53 - [TEST_STEP][PASSED] - click(findTestObject("Object Repository/Page_Course Ton t hp/button_Turn editing on")): Object: 'Object Repository/Page_Course Ton t hp/button_Turn editing on' is clicked on

2022-01-12 20:30:54 - [MESSAGE][PASSED] - Object: 'Object Repository/Page_Course Ton t hp/button_Turn editing on' is clicked on

2022-01-12 20:30:54 - [TEST_STEP][PASSED] - click(findTestObject("Page_Course Ton t hp/span_Add an activity or resource (1)")): Object: 'Object Repository/Page_Course Ton t hp/span_Add an activity or resource (1)' is clicked on

2022-01-12 20:30:55 - [MESSAGE][PASSED] - Object: 'Object Repository/Page_Course Ton t hp/span_Add an activity or resource (1)' is clicked on

2022-01-12 20:30:55 - [TEST_STEP][PASSED] - click(findTestObject("Object Repository/Page_Course Ton t hp/img_Recommended_icon icon")): Object: 'Object Repository/Page_Course Ton t hp/img_Recommended_icon icon' is clicked on

2022-01-12 20:30:58 - [MESSAGE][PASSED] - Object: 'Object Repository/Page_Course Ton t hp/img_Recommended_icon icon' is clicked on

2022-01-12 20:30:58 - [TEST_STEP][PASSED] - setText(findTestObject("Object Repository/Page_Editing Assignment/input_Assignment name_name"), "Assignment With Submission Type"): Text 'Assignment With Submission Type' is set on object 'Object Repository/Page_Editing Assignment/input_Assignment name_name'

2022-01-12 20:30:59 - [MESSAGE][PASSED] - Text 'Assignment With Submission Type' is set on object 'Object Repository/Page_Editing Assignment/input_Assignment name_name'

2022-01-12 20:30:59 - [TEST_STEP][PASSED] - click(findTestObject("Object Repository/Page_Editing Assignment/input_Accepted file types_yui_3_17_2_1_1641_bd45fe")): Object: 'Object Repository/Page_Editing Assignment/input_Accepted file types_yui_3_17_2_1_1641_bd45fe' is clicked on

2022-01-12 20:31:00 - [MESSAGE][PASSED] - Object: 'Object Repository/Page_Editing Assignment/input_Accepted file types_yui_3_17_2_1_1641_bd45fe' is clicked on

2022-01-12 20:31:00 - [TEST_STEP][PASSED] - click(findTestObject("Object Repository/Page_Editing Assignment/input_All file types_yui_3_17_2_1_164139728_b9002d")): Object: 'Object Repository/Page_Editing Assignment/input_All file types_yui_3_17_2_1_164139728_b9002d' is clicked on

2022-01-12 20:31:01 - [MESSAGE][PASSED] - Object: 'Object Repository/Page_Editing Assignment/input_All file types_yui_3_17_2_1_164139728_b9002d' is clicked on

2022-01-12 20:31:01 - [TEST_STEP][PASSED] - click(findTestObject("Object Repository/Page_Editing Assignment/input_tgz_yui_3_17_2_1_1641397287136_1550")): Object: 'Object Repository/Page_Editing Assignment/input_tgz_yui_3_17_2_1_1641397287136_1550' is clicked on

2022-01-12 20:31:02 - [MESSAGE][PASSED] - Object: 'Object Repository/Page_Editing Assignment/input_tgz_yui_3_17_2_1_1641397287136_1550' is clicked on

2022-01-12 20:31:02 - [TEST_STEP][PASSED] - click(findTestObject("Object Repository/Page_Editing Assignment/button_Save changes")): Object: 'Object Repository/Page_Editing Assignment/button_Save changes' is clicked on

2022-01-12 20:31:02 - [MESSAGE][PASSED] - Object: 'Object Repository/Page_Editing Assignment/button_Save changes' is clicked on

2022-01-12 20:31:02 - [TEST_STEP][PASSED] - click(findTestObject("Object Repository/Page_Editing Assignment/input_Upon activity completion_submitbutton2")): Object: 'Object Repository/Page_Editing Assignment/input_Upon activity completion_submitbutton2' is clicked on

2022-01-12 20:31:04 - [MESSAGE][PASSED] - Object: 'Object Repository/Page_Editing Assignment/input_Upon activity completion_submitbutton2' is clicked on

2022-01-12 20:31:04 - [TEST_STEP][PASSED] - closeBrowser(): Browser is closed

2022-01-12 20:31:05 - [MESSAGE][PASSED] - Browser is closed]]></system-out>
         <system-err><![CDATA[]]></system-err>
      </testcase>
      <testcase name="Test Cases/Teacher/Teacher_Add Survey/Teacher_Add Survey ATTLS" time="19.572" classname="Test Cases/Teacher/Teacher_Add Survey/Teacher_Add Survey ATTLS" status="PASSED">
         <system-out><![CDATA[2022-01-12 20:31:05 - [TEST_CASE][PASSED] - Test Cases/Teacher/Teacher_Add Survey/Teacher_Add Survey ATTLS: Test Cases/Teacher/Teacher_Add Survey/Teacher_Add Survey ATTLS

2022-01-12 20:31:05 - [TEST_STEP][PASSED] - openBrowser(""): Browser is opened with url: ''

2022-01-12 20:31:05 - [MESSAGE][INFO] - Starting 'Chrome' driver

2022-01-12 20:31:05 - [MESSAGE][INFO] - User set preference: ['args', '[window-size=1300,900]']

2022-01-12 20:31:05 - [MESSAGE][INFO] - Action delay is set to 0 milliseconds

2022-01-12 20:31:07 - [MESSAGE][PASSED] - Browser is opened with url: ''

2022-01-12 20:31:07 - [TEST_STEP][PASSED] - navigateToUrl("http://localhost:8080/moodle/"): Navigate to 'http://localhost:8080/moodle/' successfully

2022-01-12 20:31:07 - [MESSAGE][PASSED] - Navigate to 'http://localhost:8080/moodle/' successfully

2022-01-12 20:31:07 - [TEST_STEP][PASSED] - click(findTestObject("Object Repository/Page_BCS Moodle/a_Log in")): Object: 'Object Repository/Page_BCS Moodle/a_Log in' is clicked on

2022-01-12 20:31:08 - [MESSAGE][PASSED] - Object: 'Object Repository/Page_BCS Moodle/a_Log in' is clicked on

2022-01-12 20:31:08 - [TEST_STEP][PASSED] - setText(findTestObject("Object Repository/Page_BCS Moodle Log in to the site/input_Username_username"), "onix"): Text 'onix' is set on object 'Object Repository/Page_BCS Moodle Log in to the site/input_Username_username'

2022-01-12 20:31:09 - [MESSAGE][PASSED] - Text 'onix' is set on object 'Object Repository/Page_BCS Moodle Log in to the site/input_Username_username'

2022-01-12 20:31:09 - [TEST_STEP][PASSED] - setEncryptedText(findTestObject("Object Repository/Page_BCS Moodle Log in to the site/input_Password_password"), "uw4zQNl2RedGtkZxJt1B2nZNxIOg3YnT"): Text ****** has been set on object 'Object Repository/Page_BCS Moodle Log in to the site/input_Password_password'

2022-01-12 20:31:09 - [MESSAGE][PASSED] - Text ****** has been set on object 'Object Repository/Page_BCS Moodle Log in to the site/input_Password_password'

2022-01-12 20:31:09 - [TEST_STEP][PASSED] - click(findTestObject("Object Repository/Page_BCS Moodle Log in to the site/button_Log in")): Object: 'Object Repository/Page_BCS Moodle Log in to the site/button_Log in' is clicked on

2022-01-12 20:31:11 - [MESSAGE][PASSED] - Object: 'Object Repository/Page_BCS Moodle Log in to the site/button_Log in' is clicked on

2022-01-12 20:31:11 - [TEST_STEP][PASSED] - click(findTestObject("Object Repository/Page_Dashboard/div_Course image")): Object: 'Object Repository/Page_Dashboard/div_Course image' is clicked on

2022-01-12 20:31:13 - [MESSAGE][PASSED] - Object: 'Object Repository/Page_Dashboard/div_Course image' is clicked on

2022-01-12 20:31:13 - [TEST_STEP][PASSED] - click(findTestObject("Object Repository/Page_Course Ton t hp/button_Turn editing on")): Object: 'Object Repository/Page_Course Ton t hp/button_Turn editing on' is clicked on

2022-01-12 20:31:15 - [MESSAGE][PASSED] - Object: 'Object Repository/Page_Course Ton t hp/button_Turn editing on' is clicked on

2022-01-12 20:31:15 - [TEST_STEP][PASSED] - click(findTestObject("Object Repository/Page_Course Ton t hp/span_Add an activity or resource (3)")): Object: 'Object Repository/Page_Course Ton t hp/span_Add an activity or resource (3)' is clicked on

2022-01-12 20:31:16 - [MESSAGE][PASSED] - Object: 'Object Repository/Page_Course Ton t hp/span_Add an activity or resource (3)' is clicked on

2022-01-12 20:31:16 - [TEST_STEP][PASSED] - click(findTestObject("Object Repository/Page_Course Ton t hp/img_Information about the SCORM package act_36b475")): Object: 'Object Repository/Page_Course Ton t hp/img_Information about the SCORM package act_36b475' is clicked on

2022-01-12 20:31:18 - [MESSAGE][PASSED] - Object: 'Object Repository/Page_Course Ton t hp/img_Information about the SCORM package act_36b475' is clicked on

2022-01-12 20:31:18 - [TEST_STEP][PASSED] - setText(findTestObject("Page_Editing Survey/input_Name_name"), "Example Survey ATTLS"): Text 'Example Survey ATTLS' is set on object 'Object Repository/Page_Editing Survey/input_Name_name'

2022-01-12 20:31:20 - [MESSAGE][PASSED] - Text 'Example Survey ATTLS' is set on object 'Object Repository/Page_Editing Survey/input_Name_name'

2022-01-12 20:31:20 - [TEST_STEP][PASSED] - selectOptionByValue(findTestObject("Page_Editing Survey/select_Choose.            ATTLS (20 item ve_6ae139"), "4", true): All options with value '4' are selected in object 'Object Repository/Page_Editing Survey/select_Choose.            ATTLS (20 item ve_6ae139'  using regular expression

2022-01-12 20:31:21 - [MESSAGE][PASSED] - All options with value '4' are selected in object 'Object Repository/Page_Editing Survey/select_Choose.            ATTLS (20 item ve_6ae139'  using regular expression

2022-01-12 20:31:21 - [TEST_STEP][PASSED] - click(findTestObject("Page_Editing Survey/input_Upon activity completion_submitbutton")): Object: 'Object Repository/Page_Editing Survey/input_Upon activity completion_submitbutton' is clicked on

2022-01-12 20:31:22 - [MESSAGE][PASSED] - Object: 'Object Repository/Page_Editing Survey/input_Upon activity completion_submitbutton' is clicked on

2022-01-12 20:31:22 - [TEST_STEP][PASSED] - click(findTestObject("Object Repository/Page_Example Survey ATTLS/a_Survey")): Object: 'Object Repository/Page_Example Survey ATTLS/a_Survey' is clicked on

2022-01-12 20:31:24 - [MESSAGE][PASSED] - Object: 'Object Repository/Page_Example Survey ATTLS/a_Survey' is clicked on

2022-01-12 20:31:24 - [TEST_STEP][PASSED] - closeBrowser(): Browser is closed

2022-01-12 20:31:25 - [MESSAGE][PASSED] - Browser is closed]]></system-out>
         <system-err><![CDATA[]]></system-err>
      </testcase>
      <testcase name="Test Cases/Teacher/Teacher_Add Survey/Teacher_Add Survey Critical Incidents" time="19.414" classname="Test Cases/Teacher/Teacher_Add Survey/Teacher_Add Survey Critical Incidents" status="PASSED">
         <system-out><![CDATA[2022-01-12 20:31:25 - [TEST_CASE][PASSED] - Test Cases/Teacher/Teacher_Add Survey/Teacher_Add Survey Critical Incidents: Test Cases/Teacher/Teacher_Add Survey/Teacher_Add Survey Critical Incidents

2022-01-12 20:31:25 - [TEST_STEP][PASSED] - openBrowser(""): Browser is opened with url: ''

2022-01-12 20:31:25 - [MESSAGE][INFO] - Starting 'Chrome' driver

2022-01-12 20:31:25 - [MESSAGE][INFO] - User set preference: ['args', '[window-size=1300,900]']

2022-01-12 20:31:25 - [MESSAGE][INFO] - Action delay is set to 0 milliseconds

2022-01-12 20:31:26 - [MESSAGE][PASSED] - Browser is opened with url: ''

2022-01-12 20:31:26 - [TEST_STEP][PASSED] - navigateToUrl("http://localhost:8080/moodle/"): Navigate to 'http://localhost:8080/moodle/' successfully

2022-01-12 20:31:27 - [MESSAGE][PASSED] - Navigate to 'http://localhost:8080/moodle/' successfully

2022-01-12 20:31:27 - [TEST_STEP][PASSED] - click(findTestObject("Object Repository/Page_BCS Moodle/a_Log in")): Object: 'Object Repository/Page_BCS Moodle/a_Log in' is clicked on

2022-01-12 20:31:28 - [MESSAGE][PASSED] - Object: 'Object Repository/Page_BCS Moodle/a_Log in' is clicked on

2022-01-12 20:31:28 - [TEST_STEP][PASSED] - setText(findTestObject("Object Repository/Page_BCS Moodle Log in to the site/input_Username_username"), "onix"): Text 'onix' is set on object 'Object Repository/Page_BCS Moodle Log in to the site/input_Username_username'

2022-01-12 20:31:28 - [MESSAGE][PASSED] - Text 'onix' is set on object 'Object Repository/Page_BCS Moodle Log in to the site/input_Username_username'

2022-01-12 20:31:28 - [TEST_STEP][PASSED] - setEncryptedText(findTestObject("Object Repository/Page_BCS Moodle Log in to the site/input_Password_password"), "uw4zQNl2RedGtkZxJt1B2nZNxIOg3YnT"): Text ****** has been set on object 'Object Repository/Page_BCS Moodle Log in to the site/input_Password_password'

2022-01-12 20:31:29 - [MESSAGE][PASSED] - Text ****** has been set on object 'Object Repository/Page_BCS Moodle Log in to the site/input_Password_password'

2022-01-12 20:31:29 - [TEST_STEP][PASSED] - click(findTestObject("Object Repository/Page_BCS Moodle Log in to the site/button_Log in")): Object: 'Object Repository/Page_BCS Moodle Log in to the site/button_Log in' is clicked on

2022-01-12 20:31:30 - [MESSAGE][PASSED] - Object: 'Object Repository/Page_BCS Moodle Log in to the site/button_Log in' is clicked on

2022-01-12 20:31:30 - [TEST_STEP][PASSED] - click(findTestObject("Object Repository/Page_Dashboard/div_Course image")): Object: 'Object Repository/Page_Dashboard/div_Course image' is clicked on

2022-01-12 20:31:33 - [MESSAGE][PASSED] - Object: 'Object Repository/Page_Dashboard/div_Course image' is clicked on

2022-01-12 20:31:33 - [TEST_STEP][PASSED] - click(findTestObject("Object Repository/Page_Course Ton t hp/button_Turn editing on")): Object: 'Object Repository/Page_Course Ton t hp/button_Turn editing on' is clicked on

2022-01-12 20:31:34 - [MESSAGE][PASSED] - Object: 'Object Repository/Page_Course Ton t hp/button_Turn editing on' is clicked on

2022-01-12 20:31:34 - [TEST_STEP][PASSED] - click(findTestObject("Page_Course Ton t hp/span_Add an activity or resource (3)")): Object: 'Object Repository/Page_Course Ton t hp/span_Add an activity or resource (3)' is clicked on

2022-01-12 20:31:35 - [MESSAGE][PASSED] - Object: 'Object Repository/Page_Course Ton t hp/span_Add an activity or resource (3)' is clicked on

2022-01-12 20:31:35 - [TEST_STEP][PASSED] - click(findTestObject("Object Repository/Page_Course Ton t hp/img_Information about the SCORM package act_36b475")): Object: 'Object Repository/Page_Course Ton t hp/img_Information about the SCORM package act_36b475' is clicked on

2022-01-12 20:31:38 - [MESSAGE][PASSED] - Object: 'Object Repository/Page_Course Ton t hp/img_Information about the SCORM package act_36b475' is clicked on

2022-01-12 20:31:38 - [TEST_STEP][PASSED] - setText(findTestObject("Object Repository/Page_Editing Survey/input_Name_name"), "Example Survey Critical Incidents"): Text 'Example Survey Critical Incidents' is set on object 'Object Repository/Page_Editing Survey/input_Name_name'

2022-01-12 20:31:39 - [MESSAGE][PASSED] - Text 'Example Survey Critical Incidents' is set on object 'Object Repository/Page_Editing Survey/input_Name_name'

2022-01-12 20:31:39 - [TEST_STEP][PASSED] - selectOptionByValue(findTestObject("Object Repository/Page_Editing Survey/select_Choose.            ATTLS (20 item ve_6ae139"), "5", true): All options with value '5' are selected in object 'Object Repository/Page_Editing Survey/select_Choose.            ATTLS (20 item ve_6ae139'  using regular expression

2022-01-12 20:31:40 - [MESSAGE][PASSED] - All options with value '5' are selected in object 'Object Repository/Page_Editing Survey/select_Choose.            ATTLS (20 item ve_6ae139'  using regular expression

2022-01-12 20:31:40 - [TEST_STEP][PASSED] - click(findTestObject("Object Repository/Page_Editing Survey/input_Upon activity completion_submitbutton")): Object: 'Object Repository/Page_Editing Survey/input_Upon activity completion_submitbutton' is clicked on

2022-01-12 20:31:42 - [MESSAGE][PASSED] - Object: 'Object Repository/Page_Editing Survey/input_Upon activity completion_submitbutton' is clicked on

2022-01-12 20:31:42 - [TEST_STEP][PASSED] - click(findTestObject("Object Repository/Page_Example Survey Critical Incidents/a_Survey")): Object: 'Object Repository/Page_Example Survey Critical Incidents/a_Survey' is clicked on

2022-01-12 20:31:43 - [MESSAGE][PASSED] - Object: 'Object Repository/Page_Example Survey Critical Incidents/a_Survey' is clicked on

2022-01-12 20:31:43 - [TEST_STEP][PASSED] - closeBrowser(): Browser is closed

2022-01-12 20:31:44 - [MESSAGE][PASSED] - Browser is closed]]></system-out>
         <system-err><![CDATA[]]></system-err>
      </testcase>
      <system-out><![CDATA[2022-01-12 20:10:55 - [TEST_SUITE][FAILED] - Run all test cases: Test Cases/Student/Student_Calendar/Student_Click on Day_Monthly View FAILED.
Reason:
com.kms.katalon.core.exception.StepFailedException: Unable to click on object 'Object Repository/Page_Moodle Calendar Detailed month view Ja_713ca6/a_4 (1)'
	at com.kms.katalon.core.webui.keyword.internal.WebUIKeywordMain.stepFailed(WebUIKeywordMain.groovy:64)
	at com.kms.katalon.core.webui.keyword.internal.WebUIKeywordMain.runKeyword(WebUIKeywordMain.groovy:26)
	at com.kms.katalon.core.webui.keyword.builtin.ClickKeyword.click(ClickKeyword.groovy:74)
	at com.kms.katalon.core.webui.keyword.builtin.ClickKeyword.execute(ClickKeyword.groovy:40)
	at com.kms.katalon.core.keyword.internal.KeywordExecutor.executeKeywordForPlatform(KeywordExecutor.groovy:74)
	at com.kms.katalon.core.webui.keyword.WebUiBuiltInKeywords.click(WebUiBuiltInKeywords.groovy:620)
	at com.kms.katalon.core.webui.keyword.WebUiBuiltInKeywords$click$1.call(Unknown Source)
	at Student_Click on Day_Monthly View.run(Student_Click on Day_Monthly View:34)
	at com.kms.katalon.core.main.ScriptEngine.run(ScriptEngine.java:194)
	at com.kms.katalon.core.main.ScriptEngine.runScriptAsRawText(ScriptEngine.java:119)
	at com.kms.katalon.core.main.TestCaseExecutor.runScript(TestCaseExecutor.java:442)
	at com.kms.katalon.core.main.TestCaseExecutor.doExecute(TestCaseExecutor.java:433)
	at com.kms.katalon.core.main.TestCaseExecutor.processExecutionPhase(TestCaseExecutor.java:412)
	at com.kms.katalon.core.main.TestCaseExecutor.accessMainPhase(TestCaseExecutor.java:404)
	at com.kms.katalon.core.main.TestCaseExecutor.execute(TestCaseExecutor.java:281)
	at com.kms.katalon.core.main.TestSuiteExecutor.accessTestCaseMainPhase(TestSuiteExecutor.java:202)
	at com.kms.katalon.core.main.TestSuiteExecutor.accessTestSuiteMainPhase(TestSuiteExecutor.java:164)
	at com.kms.katalon.core.main.TestSuiteExecutor.execute(TestSuiteExecutor.java:105)
	at com.kms.katalon.core.main.TestCaseMain.startTestSuite(TestCaseMain.java:181)
	at com.kms.katalon.core.main.TestCaseMain$startTestSuite$0.call(Unknown Source)
	at TempTestSuite1641993035978.run(TempTestSuite1641993035978.groovy:36)
Caused by: com.kms.katalon.core.webui.exception.WebElementNotFoundException: Web element with id: 'Object Repository/Page_Moodle Calendar Detailed month view Ja_713ca6/a_4 (1)' located by '(//a[contains(text(),'4')])[3]' not found
	at com.kms.katalon.core.webui.common.WebUiCommonHelper.findWebElement(WebUiCommonHelper.java:1368)
	at com.kms.katalon.core.webui.keyword.internal.WebUIAbstractKeyword.findWebElement(WebUIAbstractKeyword.groovy:27)
	at com.kms.katalon.core.webui.keyword.builtin.ClickKeyword$_click_closure1.doCall(ClickKeyword.groovy:65)
	at com.kms.katalon.core.webui.keyword.builtin.ClickKeyword$_click_closure1.call(ClickKeyword.groovy)
	at com.kms.katalon.core.webui.keyword.internal.WebUIKeywordMain.runKeyword(WebUIKeywordMain.groovy:20)
	... 19 more]]></system-out>
      <system-err><![CDATA[2022-01-12 20:10:55 - [TEST_SUITE][FAILED] - Run all test cases: Test Cases/Student/Student_Calendar/Student_Click on Day_Monthly View FAILED.
Reason:
com.kms.katalon.core.exception.StepFailedException: Unable to click on object 'Object Repository/Page_Moodle Calendar Detailed month view Ja_713ca6/a_4 (1)'
	at com.kms.katalon.core.webui.keyword.internal.WebUIKeywordMain.stepFailed(WebUIKeywordMain.groovy:64)
	at com.kms.katalon.core.webui.keyword.internal.WebUIKeywordMain.runKeyword(WebUIKeywordMain.groovy:26)
	at com.kms.katalon.core.webui.keyword.builtin.ClickKeyword.click(ClickKeyword.groovy:74)
	at com.kms.katalon.core.webui.keyword.builtin.ClickKeyword.execute(ClickKeyword.groovy:40)
	at com.kms.katalon.core.keyword.internal.KeywordExecutor.executeKeywordForPlatform(KeywordExecutor.groovy:74)
	at com.kms.katalon.core.webui.keyword.WebUiBuiltInKeywords.click(WebUiBuiltInKeywords.groovy:620)
	at com.kms.katalon.core.webui.keyword.WebUiBuiltInKeywords$click$1.call(Unknown Source)
	at Student_Click on Day_Monthly View.run(Student_Click on Day_Monthly View:34)
	at com.kms.katalon.core.main.ScriptEngine.run(ScriptEngine.java:194)
	at com.kms.katalon.core.main.ScriptEngine.runScriptAsRawText(ScriptEngine.java:119)
	at com.kms.katalon.core.main.TestCaseExecutor.runScript(TestCaseExecutor.java:442)
	at com.kms.katalon.core.main.TestCaseExecutor.doExecute(TestCaseExecutor.java:433)
	at com.kms.katalon.core.main.TestCaseExecutor.processExecutionPhase(TestCaseExecutor.java:412)
	at com.kms.katalon.core.main.TestCaseExecutor.accessMainPhase(TestCaseExecutor.java:404)
	at com.kms.katalon.core.main.TestCaseExecutor.execute(TestCaseExecutor.java:281)
	at com.kms.katalon.core.main.TestSuiteExecutor.accessTestCaseMainPhase(TestSuiteExecutor.java:202)
	at com.kms.katalon.core.main.TestSuiteExecutor.accessTestSuiteMainPhase(TestSuiteExecutor.java:164)
	at com.kms.katalon.core.main.TestSuiteExecutor.execute(TestSuiteExecutor.java:105)
	at com.kms.katalon.core.main.TestCaseMain.startTestSuite(TestCaseMain.java:181)
	at com.kms.katalon.core.main.TestCaseMain$startTestSuite$0.call(Unknown Source)
	at TempTestSuite1641993035978.run(TempTestSuite1641993035978.groovy:36)
Caused by: com.kms.katalon.core.webui.exception.WebElementNotFoundException: Web element with id: 'Object Repository/Page_Moodle Calendar Detailed month view Ja_713ca6/a_4 (1)' located by '(//a[contains(text(),'4')])[3]' not found
	at com.kms.katalon.core.webui.common.WebUiCommonHelper.findWebElement(WebUiCommonHelper.java:1368)
	at com.kms.katalon.core.webui.keyword.internal.WebUIAbstractKeyword.findWebElement(WebUIAbstractKeyword.groovy:27)
	at com.kms.katalon.core.webui.keyword.builtin.ClickKeyword$_click_closure1.doCall(ClickKeyword.groovy:65)
	at com.kms.katalon.core.webui.keyword.builtin.ClickKeyword$_click_closure1.call(ClickKeyword.groovy)
	at com.kms.katalon.core.webui.keyword.internal.WebUIKeywordMain.runKeyword(WebUIKeywordMain.groovy:20)
	... 19 more]]></system-err>
   </testsuite>
</testsuites>
