<?xml version="1.0" encoding="UTF-8"?>
<testsuites name="Run All Test Cases" time="1230.174" tests="50" failures="10" errors="0">
   <testsuite name="Run All Test Cases" tests="50" failures="10" errors="0" time="1230.174" skipped="0" timestamp="2022-01-12 00:09:05" hostname="Admin - MSI" id="Test Suites/Run All Test Cases">
      <properties>
         <property name="deviceName" value=""/>
         <property name="devicePlatform" value=""/>
         <property name="logFolder" value="C:\\Users\\Admin\\Desktop\\Katalon_TestProject\\TestAutomation_Katalon-Test-Project\\Reports\\20220112_000855\\Run All Test Cases\\20220112_000855"/>
         <property name="logFiles" value="C:\\Users\\Admin\\Desktop\\Katalon_TestProject\\TestAutomation_Katalon-Test-Project\\Reports\\20220112_000855\\Run All Test Cases\\20220112_000855\\execution0.log"/>
         <property name="attachments" value="C:\\Users\\Admin\\Desktop\\Katalon_TestProject\\TestAutomation_Katalon-Test-Project\\Reports\\20220112_000855\\Run All Test Cases\\20220112_000855\\1641921069016.png, C:\\Users\\Admin\\Desktop\\Katalon_TestProject\\TestAutomation_Katalon-Test-Project\\Reports\\20220112_000855\\Run All Test Cases\\20220112_000855\\1641921161406.png, C:\\Users\\Admin\\Desktop\\Katalon_TestProject\\TestAutomation_Katalon-Test-Project\\Reports\\20220112_000855\\Run All Test Cases\\20220112_000855\\1641921482660.png, C:\\Users\\Admin\\Desktop\\Katalon_TestProject\\TestAutomation_Katalon-Test-Project\\Reports\\20220112_000855\\Run All Test Cases\\20220112_000855\\1641921577673.png, C:\\Users\\Admin\\Desktop\\Katalon_TestProject\\TestAutomation_Katalon-Test-Project\\Reports\\20220112_000855\\Run All Test Cases\\20220112_000855\\1641921577820.png, C:\\Users\\Admin\\Desktop\\Katalon_TestProject\\TestAutomation_Katalon-Test-Project\\Reports\\20220112_000855\\Run All Test Cases\\20220112_000855\\1641921603200.png, C:\\Users\\Admin\\Desktop\\Katalon_TestProject\\TestAutomation_Katalon-Test-Project\\Reports\\20220112_000855\\Run All Test Cases\\20220112_000855\\1641921603337.png, C:\\Users\\Admin\\Desktop\\Katalon_TestProject\\TestAutomation_Katalon-Test-Project\\Reports\\20220112_000855\\Run All Test Cases\\20220112_000855\\1641921849989.png, C:\\Users\\Admin\\Desktop\\Katalon_TestProject\\TestAutomation_Katalon-Test-Project\\Reports\\20220112_000855\\Run All Test Cases\\20220112_000855\\1641921850138.png, C:\\Users\\Admin\\Desktop\\Katalon_TestProject\\TestAutomation_Katalon-Test-Project\\Reports\\20220112_000855\\Run All Test Cases\\20220112_000855\\1641921899836.png, C:\\Users\\Admin\\Desktop\\Katalon_TestProject\\TestAutomation_Katalon-Test-Project\\Reports\\20220112_000855\\Run All Test Cases\\20220112_000855\\1641921972581.png, C:\\Users\\Admin\\Desktop\\Katalon_TestProject\\TestAutomation_Katalon-Test-Project\\Reports\\20220112_000855\\Run All Test Cases\\20220112_000855\\1641922163026.png, C:\\Users\\Admin\\Desktop\\Katalon_TestProject\\TestAutomation_Katalon-Test-Project\\Reports\\20220112_000855\\Run All Test Cases\\20220112_000855\\1641922175249.png"/>
         <property name="hostName" value="Admin - MSI"/>
         <property name="os" value="Windows 10 64bit"/>
         <property name="katalonVersion" value="8.2.0.208"/>
         <property name="browser" value="Chrome 95.0.4638.54"/>
         <property name="hostAddress" value="192.168.150.1"/>
         <property name="sessionId" value="276dfdc951112ce20c365ebab2f2a168"/>
         <property name="seleniumVersion" value="3.141.59"/>
         <property name="proxyInformation" value="ProxyInformation { proxyOption=NO_PROXY, proxyServerType=HTTP, username=, password=********, proxyServerAddress=, proxyServerPort=0, executionList=&quot;&quot;, isApplyToDesiredCapabilities=true }"/>
         <property name="platform" value="Windows 10"/>
      </properties>
      <testcase name="Test Cases/Admin/Admin Add User/Admin_Add User Force Password Change -- Fail" time="30.971" classname="Test Cases/Admin/Admin Add User/Admin_Add User Force Password Change -- Fail" status="PASSED">
         <system-out><![CDATA[2022-01-12 00:09:05 - [TEST_CASE][PASSED] - Test Cases/Admin/Admin Add User/Admin_Add User Force Password Change -- Fail: Test Cases/Admin/Admin Add User/Admin_Add User Force Password Change -- Fail

2022-01-12 00:09:05 - [TEST_STEP][PASSED] - callTestCase(findTestCase("Admin/Admin_Login"), [:], STOP_ON_FAILURE): Call Test Case 'Test Cases/Admin/Admin_Login' successfully

2022-01-12 00:09:05 - [TEST_CASE][PASSED] - Test Cases/Admin/Admin_Login: Test Cases/Admin/Admin_Login

2022-01-12 00:09:06 - [TEST_STEP][PASSED] - openBrowser(""): Browser is opened with url: ''

2022-01-12 00:09:06 - [MESSAGE][INFO] - Starting 'Chrome' driver

2022-01-12 00:09:06 - [MESSAGE][INFO] - User set preference: ['args', '[window-size=1300,900]']

2022-01-12 00:09:06 - [MESSAGE][INFO] - Action delay is set to 0 milliseconds

2022-01-12 00:09:08 - [MESSAGE][PASSED] - Browser is opened with url: ''

2022-01-12 00:09:08 - [TEST_STEP][PASSED] - navigateToUrl("http://localhost:8080/moodle/login/index.php"): Navigate to 'http://localhost:8080/moodle/login/index.php' successfully

2022-01-12 00:09:09 - [MESSAGE][PASSED] - Navigate to 'http://localhost:8080/moodle/login/index.php' successfully

2022-01-12 00:09:09 - [TEST_STEP][PASSED] - setText(findTestObject("Object Repository/Page_BCS Moodle Log in to the site/input_Username_username"), "admin"): Text 'admin' is set on object 'Object Repository/Page_BCS Moodle Log in to the site/input_Username_username'

2022-01-12 00:09:10 - [MESSAGE][PASSED] - Text 'admin' is set on object 'Object Repository/Page_BCS Moodle Log in to the site/input_Username_username'

2022-01-12 00:09:10 - [TEST_STEP][PASSED] - setEncryptedText(findTestObject("Object Repository/Page_BCS Moodle Log in to the site/input_Password_password"), "p4y+y39Ir5PR9RXlOHjWlj+CAJiYdX4g"): Text ****** has been set on object 'Object Repository/Page_BCS Moodle Log in to the site/input_Password_password'

2022-01-12 00:09:10 - [MESSAGE][PASSED] - Text ****** has been set on object 'Object Repository/Page_BCS Moodle Log in to the site/input_Password_password'

2022-01-12 00:09:10 - [TEST_STEP][PASSED] - click(findTestObject("Object Repository/Page_BCS Moodle Log in to the site/button_Log in")): Object: 'Object Repository/Page_BCS Moodle Log in to the site/button_Log in' is clicked on

2022-01-12 00:09:12 - [MESSAGE][PASSED] - Object: 'Object Repository/Page_BCS Moodle Log in to the site/button_Log in' is clicked on

2022-01-12 00:09:12 - [MESSAGE][PASSED] - Call Test Case 'Test Cases/Admin/Admin_Login' successfully

2022-01-12 00:09:12 - [TEST_STEP][PASSED] - click(findTestObject("Object Repository/Page_Dashboard/a_Site administration")): Object: 'Object Repository/Page_Dashboard/a_Site administration' is clicked on

2022-01-12 00:09:14 - [MESSAGE][PASSED] - Object: 'Object Repository/Page_Dashboard/a_Site administration' is clicked on

2022-01-12 00:09:14 - [TEST_STEP][PASSED] - navigateToUrl("http://localhost:8080/moodle/admin/search.php"): Navigate to 'http://localhost:8080/moodle/admin/search.php' successfully

2022-01-12 00:09:15 - [MESSAGE][PASSED] - Navigate to 'http://localhost:8080/moodle/admin/search.php' successfully

2022-01-12 00:09:15 - [TEST_STEP][PASSED] - click(findTestObject("Object Repository/Page_Moodle Administration Search/a_Users")): Object: 'Object Repository/Page_Moodle Administration Search/a_Users' is clicked on

2022-01-12 00:09:16 - [MESSAGE][PASSED] - Object: 'Object Repository/Page_Moodle Administration Search/a_Users' is clicked on

2022-01-12 00:09:16 - [TEST_STEP][PASSED] - click(findTestObject("Object Repository/Page_Moodle Administration Search/a_Add a new user")): Object: 'Object Repository/Page_Moodle Administration Search/a_Add a new user' is clicked on

2022-01-12 00:09:17 - [MESSAGE][PASSED] - Object: 'Object Repository/Page_Moodle Administration Search/a_Add a new user' is clicked on

2022-01-12 00:09:17 - [TEST_STEP][PASSED] - setText(findTestObject("Object Repository/Page_Moodle Administration Users Accounts/input_Username_username"), "ycutefail"): Text 'ycutefail' is set on object 'Object Repository/Page_Moodle Administration Users Accounts/input_Username_username'

2022-01-12 00:09:18 - [MESSAGE][PASSED] - Text 'ycutefail' is set on object 'Object Repository/Page_Moodle Administration Users Accounts/input_Username_username'

2022-01-12 00:09:18 - [TEST_STEP][PASSED] - click(findTestObject("Object Repository/Page_Moodle Administration Users Accounts/em_Click to enter text")): Object: 'Object Repository/Page_Moodle Administration Users Accounts/em_Click to enter text' is clicked on

2022-01-12 00:09:19 - [MESSAGE][PASSED] - Object: 'Object Repository/Page_Moodle Administration Users Accounts/em_Click to enter text' is clicked on

2022-01-12 00:09:19 - [TEST_STEP][PASSED] - click(findTestObject("Object Repository/Page_Moodle Administration Users Accounts/i_Click to enter text_icon fa fa-eye fa-fw")): Object: 'Object Repository/Page_Moodle Administration Users Accounts/i_Click to enter text_icon fa fa-eye fa-fw' is clicked on

2022-01-12 00:09:19 - [MESSAGE][PASSED] - Object: 'Object Repository/Page_Moodle Administration Users Accounts/i_Click to enter text_icon fa fa-eye fa-fw' is clicked on

2022-01-12 00:09:19 - [TEST_STEP][PASSED] - setText(findTestObject("Object Repository/Page_Moodle Administration Users Accounts/input_New password_newpassword"), "yTest123@"): Text 'yTest123@' is set on object 'Object Repository/Page_Moodle Administration Users Accounts/input_New password_newpassword'

2022-01-12 00:09:20 - [MESSAGE][PASSED] - Text 'yTest123@' is set on object 'Object Repository/Page_Moodle Administration Users Accounts/input_New password_newpassword'

2022-01-12 00:09:20 - [TEST_STEP][PASSED] - click(findTestObject("Object Repository/Page_Moodle Administration Users Accounts/input_Press enter to save changes_preferenc_a80a7a")): Object: 'Object Repository/Page_Moodle Administration Users Accounts/input_Press enter to save changes_preferenc_a80a7a' is clicked on

2022-01-12 00:09:21 - [MESSAGE][PASSED] - Object: 'Object Repository/Page_Moodle Administration Users Accounts/input_Press enter to save changes_preferenc_a80a7a' is clicked on

2022-01-12 00:09:21 - [TEST_STEP][PASSED] - setText(findTestObject("Object Repository/Page_Moodle Administration Users Accounts/input_First name_firstname"), "Ý"): Text 'Ý' is set on object 'Object Repository/Page_Moodle Administration Users Accounts/input_First name_firstname'

2022-01-12 00:09:22 - [MESSAGE][PASSED] - Text 'Ý' is set on object 'Object Repository/Page_Moodle Administration Users Accounts/input_First name_firstname'

2022-01-12 00:09:22 - [TEST_STEP][PASSED] - setText(findTestObject("Object Repository/Page_Moodle Administration Users Accounts/input_Surname_lastname"), "cute"): Text 'cute' is set on object 'Object Repository/Page_Moodle Administration Users Accounts/input_Surname_lastname'

2022-01-12 00:09:22 - [MESSAGE][PASSED] - Text 'cute' is set on object 'Object Repository/Page_Moodle Administration Users Accounts/input_Surname_lastname'

2022-01-12 00:09:22 - [TEST_STEP][PASSED] - setText(findTestObject("Object Repository/Page_Moodle Administration Users Accounts/input_Email address_email"), "ycutefail@gmail.com"): Text 'ycutefail@gmail.com' is set on object 'Object Repository/Page_Moodle Administration Users Accounts/input_Email address_email'

2022-01-12 00:09:23 - [MESSAGE][PASSED] - Text 'ycutefail@gmail.com' is set on object 'Object Repository/Page_Moodle Administration Users Accounts/input_Email address_email'

2022-01-12 00:09:23 - [TEST_STEP][PASSED] - click(findTestObject("Object Repository/Page_Moodle Administration Users Accounts/input_Address_submitbutton")): Object: 'Object Repository/Page_Moodle Administration Users Accounts/input_Address_submitbutton' is clicked on

2022-01-12 00:09:25 - [MESSAGE][PASSED] - Object: 'Object Repository/Page_Moodle Administration Users Accounts/input_Address_submitbutton' is clicked on

2022-01-12 00:09:25 - [TEST_STEP][PASSED] - navigateToUrl("http://localhost:8080/moodle/admin/user.php"): Navigate to 'http://localhost:8080/moodle/admin/user.php' successfully

2022-01-12 00:09:26 - [MESSAGE][PASSED] - Navigate to 'http://localhost:8080/moodle/admin/user.php' successfully

2022-01-12 00:09:26 - [TEST_STEP][PASSED] - click(findTestObject("Object Repository/Page_Moodle Administration Users Accounts/a_Admin User")): Object: 'Object Repository/Page_Moodle Administration Users Accounts/a_Admin User' is clicked on

2022-01-12 00:09:26 - [MESSAGE][PASSED] - Object: 'Object Repository/Page_Moodle Administration Users Accounts/a_Admin User' is clicked on

2022-01-12 00:09:26 - [TEST_STEP][PASSED] - click(findTestObject("Object Repository/Page_Moodle Administration Users Accounts/span_Log out")): Object: 'Object Repository/Page_Moodle Administration Users Accounts/span_Log out' is clicked on

2022-01-12 00:09:27 - [MESSAGE][PASSED] - Object: 'Object Repository/Page_Moodle Administration Users Accounts/span_Log out' is clicked on

2022-01-12 00:09:27 - [TEST_STEP][PASSED] - click(findTestObject("Object Repository/Page_BCS Moodle/a_Log in")): Object: 'Object Repository/Page_BCS Moodle/a_Log in' is clicked on

2022-01-12 00:09:28 - [MESSAGE][PASSED] - Object: 'Object Repository/Page_BCS Moodle/a_Log in' is clicked on

2022-01-12 00:09:28 - [TEST_STEP][PASSED] - setText(findTestObject("Object Repository/Page_BCS Moodle Log in to the site/input_Username_username"), "ycutefail"): Text 'ycutefail' is set on object 'Object Repository/Page_BCS Moodle Log in to the site/input_Username_username'

2022-01-12 00:09:29 - [MESSAGE][PASSED] - Text 'ycutefail' is set on object 'Object Repository/Page_BCS Moodle Log in to the site/input_Username_username'

2022-01-12 00:09:29 - [TEST_STEP][PASSED] - setEncryptedText(findTestObject("Object Repository/Page_BCS Moodle Log in to the site/input_Password_password"), "2710ZA2DREKCf9mxfuEeww=="): Text ****** has been set on object 'Object Repository/Page_BCS Moodle Log in to the site/input_Password_password'

2022-01-12 00:09:29 - [MESSAGE][PASSED] - Text ****** has been set on object 'Object Repository/Page_BCS Moodle Log in to the site/input_Password_password'

2022-01-12 00:09:29 - [TEST_STEP][PASSED] - click(findTestObject("Object Repository/Page_BCS Moodle Log in to the site/button_Log in")): Object: 'Object Repository/Page_BCS Moodle Log in to the site/button_Log in' is clicked on

2022-01-12 00:09:31 - [MESSAGE][PASSED] - Object: 'Object Repository/Page_BCS Moodle Log in to the site/button_Log in' is clicked on

2022-01-12 00:09:31 - [TEST_STEP][PASSED] - verifyElementPresent(findTestObject("Page_Change password/div_You must change your password to proceed"), 0): Object 'Object Repository/Page_Change password/div_You must change your password to proceed' is present

2022-01-12 00:09:31 - [MESSAGE][WARNING] - Timeout '0' is invalid. Using default page load timeout: '30'

2022-01-12 00:09:31 - [MESSAGE][PASSED] - Object 'Object Repository/Page_Change password/div_You must change your password to proceed' is present

2022-01-12 00:09:31 - [TEST_STEP][PASSED] - setEncryptedText(findTestObject("Page_Change password/input_Current password_password"), "2710ZA2DREKCf9mxfuEeww=="): Text ****** has been set on object 'Object Repository/Page_Change password/input_Current password_password'

2022-01-12 00:09:32 - [MESSAGE][PASSED] - Text ****** has been set on object 'Object Repository/Page_Change password/input_Current password_password'

2022-01-12 00:09:32 - [TEST_STEP][PASSED] - setText(findTestObject("Page_Change password/input_New password_newpassword1"), "yyyTest123@"): Text 'yyyTest123@' is set on object 'Object Repository/Page_Change password/input_New password_newpassword1'

2022-01-12 00:09:33 - [MESSAGE][PASSED] - Text 'yyyTest123@' is set on object 'Object Repository/Page_Change password/input_New password_newpassword1'

2022-01-12 00:09:33 - [TEST_STEP][PASSED] - setText(findTestObject("Page_Change password/input_New password (again)_newpassword2"), "yTest123@"): Text 'yTest123@' is set on object 'Object Repository/Page_Change password/input_New password (again)_newpassword2'

2022-01-12 00:09:33 - [MESSAGE][PASSED] - Text 'yTest123@' is set on object 'Object Repository/Page_Change password/input_New password (again)_newpassword2'

2022-01-12 00:09:33 - [TEST_STEP][PASSED] - click(findTestObject("Page_Change password/input_New password (again)_submitbutton")): Object: 'Object Repository/Page_Change password/input_New password (again)_submitbutton' is clicked on

2022-01-12 00:09:34 - [MESSAGE][PASSED] - Object: 'Object Repository/Page_Change password/input_New password (again)_submitbutton' is clicked on

2022-01-12 00:09:34 - [TEST_STEP][PASSED] - click(findTestObject("Page_Change password/div_These passwords do not match")): Object: 'Object Repository/Page_Change password/div_These passwords do not match' is clicked on

2022-01-12 00:09:35 - [MESSAGE][PASSED] - Object: 'Object Repository/Page_Change password/div_These passwords do not match' is clicked on

2022-01-12 00:09:35 - [TEST_STEP][PASSED] - click(findTestObject("Page_Change password/div_These passwords do not match_1")): Object: 'Object Repository/Page_Change password/div_These passwords do not match_1' is clicked on

2022-01-12 00:09:35 - [MESSAGE][PASSED] - Object: 'Object Repository/Page_Change password/div_These passwords do not match_1' is clicked on

2022-01-12 00:09:35 - [TEST_STEP][PASSED] - closeBrowser(): Browser is closed

2022-01-12 00:09:36 - [MESSAGE][PASSED] - Browser is closed]]></system-out>
         <system-err><![CDATA[]]></system-err>
      </testcase>
      <testcase name="Test Cases/Admin/Admin Add User/Admin_Add User Force Password Change -- Success" time="92.731" classname="Test Cases/Admin/Admin Add User/Admin_Add User Force Password Change -- Success" status="FAILED">
         <failure type="FAILED" message="Test Cases/Admin/Admin Add User/Admin_Add User Force Password Change -- Success FAILED.
Reason:
com.kms.katalon.core.exception.StepFailedException: Unable to set encrypted text for object 'Object Repository/Page_Change password/input_New password_newpassword1'
	at com.kms.katalon.core.webui.keyword.internal.WebUIKeywordMain.stepFailed(WebUIKeywordMain.groovy:64)
	at com.kms.katalon.core.webui.keyword.internal.WebUIKeywordMain.runKeyword(WebUIKeywordMain.groovy:26)
	at com.kms.katalon.core.webui.keyword.builtin.SetEncryptedTextKeyword.setEncryptedText(SetEncryptedTextKeyword.groovy:65)
	at com.kms.katalon.core.webui.keyword.builtin.SetEncryptedTextKeyword.execute(SetEncryptedTextKeyword.groovy:34)
	at com.kms.katalon.core.keyword.internal.KeywordExecutor.executeKeywordForPlatform(KeywordExecutor.groovy:74)
	at com.kms.katalon.core.webui.keyword.WebUiBuiltInKeywords.setEncryptedText(WebUiBuiltInKeywords.groovy:1011)
	at com.kms.katalon.core.webui.keyword.WebUiBuiltInKeywords$setEncryptedText$2.call(Unknown Source)
	at Admin_Add User Force Password Change -- Success.run(Admin_Add User Force Password Change -- Success:67)
	at com.kms.katalon.core.main.ScriptEngine.run(ScriptEngine.java:194)
	at com.kms.katalon.core.main.ScriptEngine.runScriptAsRawText(ScriptEngine.java:119)
	at com.kms.katalon.core.main.TestCaseExecutor.runScript(TestCaseExecutor.java:442)
	at com.kms.katalon.core.main.TestCaseExecutor.doExecute(TestCaseExecutor.java:433)
	at com.kms.katalon.core.main.TestCaseExecutor.processExecutionPhase(TestCaseExecutor.java:412)
	at com.kms.katalon.core.main.TestCaseExecutor.accessMainPhase(TestCaseExecutor.java:404)
	at com.kms.katalon.core.main.TestCaseExecutor.execute(TestCaseExecutor.java:281)
	at com.kms.katalon.core.main.TestSuiteExecutor.accessTestCaseMainPhase(TestSuiteExecutor.java:202)
	at com.kms.katalon.core.main.TestSuiteExecutor.accessTestSuiteMainPhase(TestSuiteExecutor.java:164)
	at com.kms.katalon.core.main.TestSuiteExecutor.execute(TestSuiteExecutor.java:105)
	at com.kms.katalon.core.main.TestCaseMain.startTestSuite(TestCaseMain.java:181)
	at com.kms.katalon.core.main.TestCaseMain$startTestSuite$0.call(Unknown Source)
	at TempTestSuite1641920935254.run(TempTestSuite1641920935254.groovy:36)
Caused by: com.kms.katalon.core.webui.exception.WebElementNotFoundException: Web element with id: 'Object Repository/Page_Change password/input_New password_newpassword1' located by '//input[@id='id_newpassword1']' not found
	at com.kms.katalon.core.webui.common.WebUiCommonHelper.findWebElement(WebUiCommonHelper.java:1368)
	at com.kms.katalon.core.webui.keyword.internal.WebUIAbstractKeyword.findWebElement(WebUIAbstractKeyword.groovy:27)
	at com.kms.katalon.core.webui.keyword.internal.WebUIAbstractKeyword.findWebElement(WebUIAbstractKeyword.groovy:26)
	at com.kms.katalon.core.webui.keyword.builtin.SetEncryptedTextKeyword$_setEncryptedText_closure1.doCall(SetEncryptedTextKeyword.groovy:51)
	at com.kms.katalon.core.webui.keyword.builtin.SetEncryptedTextKeyword$_setEncryptedText_closure1.call(SetEncryptedTextKeyword.groovy)
	at com.kms.katalon.core.webui.keyword.internal.WebUIKeywordMain.runKeyword(WebUIKeywordMain.groovy:20)
	... 19 more
"/>
         <system-out><![CDATA[2022-01-12 00:09:36 - [TEST_CASE][FAILED] - Test Cases/Admin/Admin Add User/Admin_Add User Force Password Change -- Success: Test Cases/Admin/Admin Add User/Admin_Add User Force Password Change -- Success FAILED.
Reason:
com.kms.katalon.core.exception.StepFailedException: Unable to set encrypted text for object 'Object Repository/Page_Change password/input_New password_newpassword1'
	at com.kms.katalon.core.webui.keyword.internal.WebUIKeywordMain.stepFailed(WebUIKeywordMain.groovy:64)
	at com.kms.katalon.core.webui.keyword.internal.WebUIKeywordMain.runKeyword(WebUIKeywordMain.groovy:26)
	at com.kms.katalon.core.webui.keyword.builtin.SetEncryptedTextKeyword.setEncryptedText(SetEncryptedTextKeyword.groovy:65)
	at com.kms.katalon.core.webui.keyword.builtin.SetEncryptedTextKeyword.execute(SetEncryptedTextKeyword.groovy:34)
	at com.kms.katalon.core.keyword.internal.KeywordExecutor.executeKeywordForPlatform(KeywordExecutor.groovy:74)
	at com.kms.katalon.core.webui.keyword.WebUiBuiltInKeywords.setEncryptedText(WebUiBuiltInKeywords.groovy:1011)
	at com.kms.katalon.core.webui.keyword.WebUiBuiltInKeywords$setEncryptedText$2.call(Unknown Source)
	at Admin_Add User Force Password Change -- Success.run(Admin_Add User Force Password Change -- Success:67)
	at com.kms.katalon.core.main.ScriptEngine.run(ScriptEngine.java:194)
	at com.kms.katalon.core.main.ScriptEngine.runScriptAsRawText(ScriptEngine.java:119)
	at com.kms.katalon.core.main.TestCaseExecutor.runScript(TestCaseExecutor.java:442)
	at com.kms.katalon.core.main.TestCaseExecutor.doExecute(TestCaseExecutor.java:433)
	at com.kms.katalon.core.main.TestCaseExecutor.processExecutionPhase(TestCaseExecutor.java:412)
	at com.kms.katalon.core.main.TestCaseExecutor.accessMainPhase(TestCaseExecutor.java:404)
	at com.kms.katalon.core.main.TestCaseExecutor.execute(TestCaseExecutor.java:281)
	at com.kms.katalon.core.main.TestSuiteExecutor.accessTestCaseMainPhase(TestSuiteExecutor.java:202)
	at com.kms.katalon.core.main.TestSuiteExecutor.accessTestSuiteMainPhase(TestSuiteExecutor.java:164)
	at com.kms.katalon.core.main.TestSuiteExecutor.execute(TestSuiteExecutor.java:105)
	at com.kms.katalon.core.main.TestCaseMain.startTestSuite(TestCaseMain.java:181)
	at com.kms.katalon.core.main.TestCaseMain$startTestSuite$0.call(Unknown Source)
	at TempTestSuite1641920935254.run(TempTestSuite1641920935254.groovy:36)
Caused by: com.kms.katalon.core.webui.exception.WebElementNotFoundException: Web element with id: 'Object Repository/Page_Change password/input_New password_newpassword1' located by '//input[@id='id_newpassword1']' not found
	at com.kms.katalon.core.webui.common.WebUiCommonHelper.findWebElement(WebUiCommonHelper.java:1368)
	at com.kms.katalon.core.webui.keyword.internal.WebUIAbstractKeyword.findWebElement(WebUIAbstractKeyword.groovy:27)
	at com.kms.katalon.core.webui.keyword.internal.WebUIAbstractKeyword.findWebElement(WebUIAbstractKeyword.groovy:26)
	at com.kms.katalon.core.webui.keyword.builtin.SetEncryptedTextKeyword$_setEncryptedText_closure1.doCall(SetEncryptedTextKeyword.groovy:51)
	at com.kms.katalon.core.webui.keyword.builtin.SetEncryptedTextKeyword$_setEncryptedText_closure1.call(SetEncryptedTextKeyword.groovy)
	at com.kms.katalon.core.webui.keyword.internal.WebUIKeywordMain.runKeyword(WebUIKeywordMain.groovy:20)
	... 19 more


2022-01-12 00:09:36 - [TEST_STEP][PASSED] - callTestCase(findTestCase("Admin/Admin_Login"), [:], STOP_ON_FAILURE): Call Test Case 'Test Cases/Admin/Admin_Login' successfully

2022-01-12 00:09:36 - [TEST_CASE][PASSED] - Test Cases/Admin/Admin_Login: Test Cases/Admin/Admin_Login

2022-01-12 00:09:36 - [TEST_STEP][PASSED] - openBrowser(""): Browser is opened with url: ''

2022-01-12 00:09:36 - [MESSAGE][INFO] - Starting 'Chrome' driver

2022-01-12 00:09:36 - [MESSAGE][INFO] - User set preference: ['args', '[window-size=1300,900]']

2022-01-12 00:09:36 - [MESSAGE][INFO] - Action delay is set to 0 milliseconds

2022-01-12 00:09:38 - [MESSAGE][PASSED] - Browser is opened with url: ''

2022-01-12 00:09:38 - [TEST_STEP][PASSED] - navigateToUrl("http://localhost:8080/moodle/login/index.php"): Navigate to 'http://localhost:8080/moodle/login/index.php' successfully

2022-01-12 00:09:38 - [MESSAGE][PASSED] - Navigate to 'http://localhost:8080/moodle/login/index.php' successfully

2022-01-12 00:09:38 - [TEST_STEP][PASSED] - setText(findTestObject("Object Repository/Page_BCS Moodle Log in to the site/input_Username_username"), "admin"): Text 'admin' is set on object 'Object Repository/Page_BCS Moodle Log in to the site/input_Username_username'

2022-01-12 00:09:39 - [MESSAGE][PASSED] - Text 'admin' is set on object 'Object Repository/Page_BCS Moodle Log in to the site/input_Username_username'

2022-01-12 00:09:39 - [TEST_STEP][PASSED] - setEncryptedText(findTestObject("Object Repository/Page_BCS Moodle Log in to the site/input_Password_password"), "p4y+y39Ir5PR9RXlOHjWlj+CAJiYdX4g"): Text ****** has been set on object 'Object Repository/Page_BCS Moodle Log in to the site/input_Password_password'

2022-01-12 00:09:39 - [MESSAGE][PASSED] - Text ****** has been set on object 'Object Repository/Page_BCS Moodle Log in to the site/input_Password_password'

2022-01-12 00:09:39 - [TEST_STEP][PASSED] - click(findTestObject("Object Repository/Page_BCS Moodle Log in to the site/button_Log in")): Object: 'Object Repository/Page_BCS Moodle Log in to the site/button_Log in' is clicked on

2022-01-12 00:09:41 - [MESSAGE][PASSED] - Object: 'Object Repository/Page_BCS Moodle Log in to the site/button_Log in' is clicked on

2022-01-12 00:09:41 - [MESSAGE][PASSED] - Call Test Case 'Test Cases/Admin/Admin_Login' successfully

2022-01-12 00:09:41 - [TEST_STEP][PASSED] - click(findTestObject("Object Repository/Page_Dashboard/a_Site administration")): Object: 'Object Repository/Page_Dashboard/a_Site administration' is clicked on

2022-01-12 00:09:43 - [MESSAGE][PASSED] - Object: 'Object Repository/Page_Dashboard/a_Site administration' is clicked on

2022-01-12 00:09:43 - [TEST_STEP][PASSED] - navigateToUrl("http://localhost:8080/moodle/admin/search.php"): Navigate to 'http://localhost:8080/moodle/admin/search.php' successfully

2022-01-12 00:09:44 - [MESSAGE][PASSED] - Navigate to 'http://localhost:8080/moodle/admin/search.php' successfully

2022-01-12 00:09:44 - [TEST_STEP][PASSED] - click(findTestObject("Object Repository/Page_Moodle Administration Search/a_Users")): Object: 'Object Repository/Page_Moodle Administration Search/a_Users' is clicked on

2022-01-12 00:09:45 - [MESSAGE][PASSED] - Object: 'Object Repository/Page_Moodle Administration Search/a_Users' is clicked on

2022-01-12 00:09:45 - [TEST_STEP][PASSED] - click(findTestObject("Object Repository/Page_Moodle Administration Search/a_Add a new user")): Object: 'Object Repository/Page_Moodle Administration Search/a_Add a new user' is clicked on

2022-01-12 00:09:46 - [MESSAGE][PASSED] - Object: 'Object Repository/Page_Moodle Administration Search/a_Add a new user' is clicked on

2022-01-12 00:09:46 - [TEST_STEP][PASSED] - setText(findTestObject("Page_Moodle Administration Users Accounts/input_Username_username"), "ycute"): Text 'ycute' is set on object 'Object Repository/Page_Moodle Administration Users Accounts/input_Username_username'

2022-01-12 00:09:48 - [MESSAGE][PASSED] - Text 'ycute' is set on object 'Object Repository/Page_Moodle Administration Users Accounts/input_Username_username'

2022-01-12 00:09:48 - [TEST_STEP][PASSED] - click(findTestObject("Page_Moodle Administration Users Accounts/em_Click to enter text")): Object: 'Object Repository/Page_Moodle Administration Users Accounts/em_Click to enter text' is clicked on

2022-01-12 00:09:48 - [MESSAGE][PASSED] - Object: 'Object Repository/Page_Moodle Administration Users Accounts/em_Click to enter text' is clicked on

2022-01-12 00:09:48 - [TEST_STEP][PASSED] - click(findTestObject("Page_Moodle Administration Users Accounts/i_Click to enter text_icon fa fa-eye fa-fw")): Object: 'Object Repository/Page_Moodle Administration Users Accounts/i_Click to enter text_icon fa fa-eye fa-fw' is clicked on

2022-01-12 00:09:49 - [MESSAGE][PASSED] - Object: 'Object Repository/Page_Moodle Administration Users Accounts/i_Click to enter text_icon fa fa-eye fa-fw' is clicked on

2022-01-12 00:09:49 - [TEST_STEP][PASSED] - setText(findTestObject("Page_Moodle Administration Users Accounts/input_New password_newpassword"), "yTest123@"): Text 'yTest123@' is set on object 'Object Repository/Page_Moodle Administration Users Accounts/input_New password_newpassword'

2022-01-12 00:09:50 - [MESSAGE][PASSED] - Text 'yTest123@' is set on object 'Object Repository/Page_Moodle Administration Users Accounts/input_New password_newpassword'

2022-01-12 00:09:50 - [TEST_STEP][PASSED] - click(findTestObject("Page_Moodle Administration Users Accounts/input_Press enter to save changes_preferenc_a80a7a")): Object: 'Object Repository/Page_Moodle Administration Users Accounts/input_Press enter to save changes_preferenc_a80a7a' is clicked on

2022-01-12 00:09:50 - [MESSAGE][PASSED] - Object: 'Object Repository/Page_Moodle Administration Users Accounts/input_Press enter to save changes_preferenc_a80a7a' is clicked on

2022-01-12 00:09:50 - [TEST_STEP][PASSED] - setText(findTestObject("Page_Moodle Administration Users Accounts/input_First name_firstname"), "Ý"): Text 'Ý' is set on object 'Object Repository/Page_Moodle Administration Users Accounts/input_First name_firstname'

2022-01-12 00:09:51 - [MESSAGE][PASSED] - Text 'Ý' is set on object 'Object Repository/Page_Moodle Administration Users Accounts/input_First name_firstname'

2022-01-12 00:09:51 - [TEST_STEP][PASSED] - setText(findTestObject("Page_Moodle Administration Users Accounts/input_Surname_lastname"), "cute"): Text 'cute' is set on object 'Object Repository/Page_Moodle Administration Users Accounts/input_Surname_lastname'

2022-01-12 00:09:52 - [MESSAGE][PASSED] - Text 'cute' is set on object 'Object Repository/Page_Moodle Administration Users Accounts/input_Surname_lastname'

2022-01-12 00:09:52 - [TEST_STEP][PASSED] - setText(findTestObject("Page_Moodle Administration Users Accounts/input_Email address_email"), "ycute@gmail.com"): Text 'ycute@gmail.com' is set on object 'Object Repository/Page_Moodle Administration Users Accounts/input_Email address_email'

2022-01-12 00:09:52 - [MESSAGE][PASSED] - Text 'ycute@gmail.com' is set on object 'Object Repository/Page_Moodle Administration Users Accounts/input_Email address_email'

2022-01-12 00:09:52 - [TEST_STEP][PASSED] - click(findTestObject("Page_Moodle Administration Users Accounts/input_Address_submitbutton")): Object: 'Object Repository/Page_Moodle Administration Users Accounts/input_Address_submitbutton' is clicked on

2022-01-12 00:09:55 - [MESSAGE][PASSED] - Object: 'Object Repository/Page_Moodle Administration Users Accounts/input_Address_submitbutton' is clicked on

2022-01-12 00:09:55 - [TEST_STEP][PASSED] - navigateToUrl("http://localhost:8080/moodle/admin/user.php"): Navigate to 'http://localhost:8080/moodle/admin/user.php' successfully

2022-01-12 00:09:56 - [MESSAGE][PASSED] - Navigate to 'http://localhost:8080/moodle/admin/user.php' successfully

2022-01-12 00:09:56 - [TEST_STEP][PASSED] - click(findTestObject("Page_Moodle Administration Users Accounts/a_Admin User")): Object: 'Object Repository/Page_Moodle Administration Users Accounts/a_Admin User' is clicked on

2022-01-12 00:09:56 - [MESSAGE][PASSED] - Object: 'Object Repository/Page_Moodle Administration Users Accounts/a_Admin User' is clicked on

2022-01-12 00:09:56 - [TEST_STEP][PASSED] - click(findTestObject("Page_Moodle Administration Users Accounts/span_Log out")): Object: 'Object Repository/Page_Moodle Administration Users Accounts/span_Log out' is clicked on

2022-01-12 00:09:57 - [MESSAGE][PASSED] - Object: 'Object Repository/Page_Moodle Administration Users Accounts/span_Log out' is clicked on

2022-01-12 00:09:57 - [TEST_STEP][PASSED] - click(findTestObject("Object Repository/Page_BCS Moodle/a_Log in")): Object: 'Object Repository/Page_BCS Moodle/a_Log in' is clicked on

2022-01-12 00:09:58 - [MESSAGE][PASSED] - Object: 'Object Repository/Page_BCS Moodle/a_Log in' is clicked on

2022-01-12 00:09:58 - [TEST_STEP][PASSED] - setText(findTestObject("Object Repository/Page_BCS Moodle Log in to the site/input_Username_username"), "ycute"): Text 'ycute' is set on object 'Object Repository/Page_BCS Moodle Log in to the site/input_Username_username'

2022-01-12 00:09:59 - [MESSAGE][PASSED] - Text 'ycute' is set on object 'Object Repository/Page_BCS Moodle Log in to the site/input_Username_username'

2022-01-12 00:09:59 - [TEST_STEP][PASSED] - setEncryptedText(findTestObject("Object Repository/Page_BCS Moodle Log in to the site/input_Password_password"), "2710ZA2DREKCf9mxfuEeww=="): Text ****** has been set on object 'Object Repository/Page_BCS Moodle Log in to the site/input_Password_password'

2022-01-12 00:09:59 - [MESSAGE][PASSED] - Text ****** has been set on object 'Object Repository/Page_BCS Moodle Log in to the site/input_Password_password'

2022-01-12 00:09:59 - [TEST_STEP][PASSED] - click(findTestObject("Object Repository/Page_BCS Moodle Log in to the site/button_Log in")): Object: 'Object Repository/Page_BCS Moodle Log in to the site/button_Log in' is clicked on

2022-01-12 00:10:00 - [MESSAGE][PASSED] - Object: 'Object Repository/Page_BCS Moodle Log in to the site/button_Log in' is clicked on

2022-01-12 00:10:00 - [TEST_STEP][PASSED] - verifyElementPresent(findTestObject("Object Repository/Page_Change password/div_You must change your password to proceed"), 0): Object 'Object Repository/Page_Change password/div_You must change your password to proceed' is present

2022-01-12 00:10:00 - [MESSAGE][WARNING] - Timeout '0' is invalid. Using default page load timeout: '30'

2022-01-12 00:10:01 - [MESSAGE][PASSED] - Object 'Object Repository/Page_Change password/div_You must change your password to proceed' is present

2022-01-12 00:10:01 - [TEST_STEP][PASSED] - setEncryptedText(findTestObject("Object Repository/Page_Change password/input_Current password_password"), "2710ZA2DREKCf9mxfuEeww=="): Text ****** has been set on object 'Object Repository/Page_Change password/input_Current password_password'

2022-01-12 00:10:32 - [MESSAGE][INFO] - Unable to find the element located by 'By.xpath: //input[@id='id_password']'. Please recheck the objects properties to make sure the desired element is located. 

2022-01-12 00:10:32 - [MESSAGE][WARNING] - [SELF-HEALING] Failed to find element with id 'Object Repository/Page_Change password/input_Current password_password'. Try using Self-healing.

2022-01-12 00:10:32 - [MESSAGE][INFO] - [SELF-HEALING] Failed Locator: '//input[@id='id_password']'.

2022-01-12 00:10:33 - [MESSAGE][INFO] - [SELF-HEALING] Failed Locator: '//div[@id='yui_3_17_2_1_1641401191145_54']/input'.

2022-01-12 00:10:33 - [MESSAGE][INFO] - [SELF-HEALING] Working Locator: '//div[2]/input'.

2022-01-12 00:10:33 - [MESSAGE][INFO] - [SELF-HEALING] Screenshot: C:/Users/Admin/Desktop/Katalon_TestProject/TestAutomation_Katalon-Test-Project/Reports/Self-healing/Object Repository/Page_Change password/input_Current password_password_position.png

2022-01-12 00:10:33 - [MESSAGE][WARNING] - [SELF-HEALING] The current locator of test object 'Object Repository/Page_Change password/input_Current password_password' was broken. Propose an alternative one: '//div[2]/input'.

2022-01-12 00:10:33 - [MESSAGE][PASSED] - Text ****** has been set on object 'Object Repository/Page_Change password/input_Current password_password'

2022-01-12 00:10:33 - [TEST_STEP][FAILED] - setEncryptedText(findTestObject("Object Repository/Page_Change password/input_New password_newpassword1"), "nSzDANEUx/lhr7OBbRdQuw=="): Unable to set encrypted text for object 'Object Repository/Page_Change password/input_New password_newpassword1' (Root cause: com.kms.katalon.core.exception.StepFailedException: Unable to set encrypted text for object 'Object Repository/Page_Change password/input_New password_newpassword1'
	at com.kms.katalon.core.webui.keyword.internal.WebUIKeywordMain.stepFailed(WebUIKeywordMain.groovy:64)
	at com.kms.katalon.core.webui.keyword.internal.WebUIKeywordMain.runKeyword(WebUIKeywordMain.groovy:26)
	at com.kms.katalon.core.webui.keyword.builtin.SetEncryptedTextKeyword.setEncryptedText(SetEncryptedTextKeyword.groovy:65)
	at com.kms.katalon.core.webui.keyword.builtin.SetEncryptedTextKeyword.execute(SetEncryptedTextKeyword.groovy:34)
	at com.kms.katalon.core.keyword.internal.KeywordExecutor.executeKeywordForPlatform(KeywordExecutor.groovy:74)
	at com.kms.katalon.core.webui.keyword.WebUiBuiltInKeywords.setEncryptedText(WebUiBuiltInKeywords.groovy:1011)
	at com.kms.katalon.core.webui.keyword.WebUiBuiltInKeywords$setEncryptedText$2.call(Unknown Source)
	at Admin_Add User Force Password Change -- Success.run(Admin_Add User Force Password Change -- Success:67)
	at com.kms.katalon.core.main.ScriptEngine.run(ScriptEngine.java:194)
	at com.kms.katalon.core.main.ScriptEngine.runScriptAsRawText(ScriptEngine.java:119)
	at com.kms.katalon.core.main.TestCaseExecutor.runScript(TestCaseExecutor.java:442)
	at com.kms.katalon.core.main.TestCaseExecutor.doExecute(TestCaseExecutor.java:433)
	at com.kms.katalon.core.main.TestCaseExecutor.processExecutionPhase(TestCaseExecutor.java:412)
	at com.kms.katalon.core.main.TestCaseExecutor.accessMainPhase(TestCaseExecutor.java:404)
	at com.kms.katalon.core.main.TestCaseExecutor.execute(TestCaseExecutor.java:281)
	at com.kms.katalon.core.main.TestSuiteExecutor.accessTestCaseMainPhase(TestSuiteExecutor.java:202)
	at com.kms.katalon.core.main.TestSuiteExecutor.accessTestSuiteMainPhase(TestSuiteExecutor.java:164)
	at com.kms.katalon.core.main.TestSuiteExecutor.execute(TestSuiteExecutor.java:105)
	at com.kms.katalon.core.main.TestCaseMain.startTestSuite(TestCaseMain.java:181)
	at com.kms.katalon.core.main.TestCaseMain$startTestSuite$0.call(Unknown Source)
	at TempTestSuite1641920935254.run(TempTestSuite1641920935254.groovy:36)
Caused by: com.kms.katalon.core.webui.exception.WebElementNotFoundException: Web element with id: 'Object Repository/Page_Change password/input_New password_newpassword1' located by '//input[@id='id_newpassword1']' not found
	at com.kms.katalon.core.webui.common.WebUiCommonHelper.findWebElement(WebUiCommonHelper.java:1368)
	at com.kms.katalon.core.webui.keyword.internal.WebUIAbstractKeyword.findWebElement(WebUIAbstractKeyword.groovy:27)
	at com.kms.katalon.core.webui.keyword.internal.WebUIAbstractKeyword.findWebElement(WebUIAbstractKeyword.groovy:26)
	at com.kms.katalon.core.webui.keyword.builtin.SetEncryptedTextKeyword$_setEncryptedText_closure1.doCall(SetEncryptedTextKeyword.groovy:51)
	at com.kms.katalon.core.webui.keyword.builtin.SetEncryptedTextKeyword$_setEncryptedText_closure1.call(SetEncryptedTextKeyword.groovy)
	at com.kms.katalon.core.webui.keyword.internal.WebUIKeywordMain.runKeyword(WebUIKeywordMain.groovy:20)
	at com.kms.katalon.core.webui.keyword.builtin.SetEncryptedTextKeyword.setEncryptedText(SetEncryptedTextKeyword.groovy:65)
	at com.kms.katalon.core.webui.keyword.builtin.SetEncryptedTextKeyword.execute(SetEncryptedTextKeyword.groovy:34)
	at com.kms.katalon.core.keyword.internal.KeywordExecutor.executeKeywordForPlatform(KeywordExecutor.groovy:74)
	at com.kms.katalon.core.webui.keyword.WebUiBuiltInKeywords.setEncryptedText(WebUiBuiltInKeywords.groovy:1011)
	at com.kms.katalon.core.webui.keyword.WebUiBuiltInKeywords$setEncryptedText$2.call(Unknown Source)
	at Script1641396627760.run(Script1641396627760.groovy:67)
	... 13 more
)

2022-01-12 00:11:05 - [MESSAGE][INFO] - Unable to find the element located by 'By.xpath: //input[@id='id_newpassword1']'. Please recheck the objects properties to make sure the desired element is located. 

2022-01-12 00:11:05 - [MESSAGE][WARNING] - [SELF-HEALING] Failed to find element with id 'Object Repository/Page_Change password/input_New password_newpassword1'. Try using Self-healing.

2022-01-12 00:11:05 - [MESSAGE][INFO] - [SELF-HEALING] Failed Locator: '//input[@id='id_newpassword1']'.

2022-01-12 00:11:05 - [MESSAGE][INFO] - [SELF-HEALING] Failed Locator: '//div[@id='yui_3_17_2_1_1641401191145_62']/input'.

2022-01-12 00:11:05 - [MESSAGE][INFO] - [SELF-HEALING] Failed Locator: '//div[4]/div[2]/input'.

2022-01-12 00:11:06 - [MESSAGE][INFO] - [SELF-HEALING] Failed Locator: '//input[@id='id_newpassword1']'.

2022-01-12 00:11:06 - [MESSAGE][INFO] - [SELF-HEALING] Failed Locator: '//div[@id='yui_3_17_2_1_1641401191145_62']/input'.

2022-01-12 00:11:06 - [MESSAGE][INFO] - [SELF-HEALING] Failed Locator: '//div[4]/div[2]/input'.

2022-01-12 00:11:07 - [MESSAGE][INFO] - Unable to find the element located by 'By.xpath: //*[@type = 'password' and @name = 'newpassword1' and @id = 'id_newpassword1']'. Please recheck the objects properties to make sure the desired element is located. 

2022-01-12 00:11:09 - [MESSAGE][INFO] - Unable to find the element located by 'By.cssSelector: #id_newpassword1'. Please recheck the objects properties to make sure the desired element is located. 

2022-01-12 00:11:09 - [MESSAGE][FAILED] - Unable to set encrypted text for object 'Object Repository/Page_Change password/input_New password_newpassword1' (Root cause: com.kms.katalon.core.exception.StepFailedException: Unable to set encrypted text for object 'Object Repository/Page_Change password/input_New password_newpassword1'
	at com.kms.katalon.core.webui.keyword.internal.WebUIKeywordMain.stepFailed(WebUIKeywordMain.groovy:64)
	at com.kms.katalon.core.webui.keyword.internal.WebUIKeywordMain.runKeyword(WebUIKeywordMain.groovy:26)
	at com.kms.katalon.core.webui.keyword.builtin.SetEncryptedTextKeyword.setEncryptedText(SetEncryptedTextKeyword.groovy:65)
	at com.kms.katalon.core.webui.keyword.builtin.SetEncryptedTextKeyword.execute(SetEncryptedTextKeyword.groovy:34)
	at com.kms.katalon.core.keyword.internal.KeywordExecutor.executeKeywordForPlatform(KeywordExecutor.groovy:74)
	at com.kms.katalon.core.webui.keyword.WebUiBuiltInKeywords.setEncryptedText(WebUiBuiltInKeywords.groovy:1011)
	at com.kms.katalon.core.webui.keyword.WebUiBuiltInKeywords$setEncryptedText$2.call(Unknown Source)
	at Admin_Add User Force Password Change -- Success.run(Admin_Add User Force Password Change -- Success:67)
	at com.kms.katalon.core.main.ScriptEngine.run(ScriptEngine.java:194)
	at com.kms.katalon.core.main.ScriptEngine.runScriptAsRawText(ScriptEngine.java:119)
	at com.kms.katalon.core.main.TestCaseExecutor.runScript(TestCaseExecutor.java:442)
	at com.kms.katalon.core.main.TestCaseExecutor.doExecute(TestCaseExecutor.java:433)
	at com.kms.katalon.core.main.TestCaseExecutor.processExecutionPhase(TestCaseExecutor.java:412)
	at com.kms.katalon.core.main.TestCaseExecutor.accessMainPhase(TestCaseExecutor.java:404)
	at com.kms.katalon.core.main.TestCaseExecutor.execute(TestCaseExecutor.java:281)
	at com.kms.katalon.core.main.TestSuiteExecutor.accessTestCaseMainPhase(TestSuiteExecutor.java:202)
	at com.kms.katalon.core.main.TestSuiteExecutor.accessTestSuiteMainPhase(TestSuiteExecutor.java:164)
	at com.kms.katalon.core.main.TestSuiteExecutor.execute(TestSuiteExecutor.java:105)
	at com.kms.katalon.core.main.TestCaseMain.startTestSuite(TestCaseMain.java:181)
	at com.kms.katalon.core.main.TestCaseMain$startTestSuite$0.call(Unknown Source)
	at TempTestSuite1641920935254.run(TempTestSuite1641920935254.groovy:36)
Caused by: com.kms.katalon.core.webui.exception.WebElementNotFoundException: Web element with id: 'Object Repository/Page_Change password/input_New password_newpassword1' located by '//input[@id='id_newpassword1']' not found
	at com.kms.katalon.core.webui.common.WebUiCommonHelper.findWebElement(WebUiCommonHelper.java:1368)
	at com.kms.katalon.core.webui.keyword.internal.WebUIAbstractKeyword.findWebElement(WebUIAbstractKeyword.groovy:27)
	at com.kms.katalon.core.webui.keyword.internal.WebUIAbstractKeyword.findWebElement(WebUIAbstractKeyword.groovy:26)
	at com.kms.katalon.core.webui.keyword.builtin.SetEncryptedTextKeyword$_setEncryptedText_closure1.doCall(SetEncryptedTextKeyword.groovy:51)
	at com.kms.katalon.core.webui.keyword.builtin.SetEncryptedTextKeyword$_setEncryptedText_closure1.call(SetEncryptedTextKeyword.groovy)
	at com.kms.katalon.core.webui.keyword.internal.WebUIKeywordMain.runKeyword(WebUIKeywordMain.groovy:20)
	at com.kms.katalon.core.webui.keyword.builtin.SetEncryptedTextKeyword.setEncryptedText(SetEncryptedTextKeyword.groovy:65)
	at com.kms.katalon.core.webui.keyword.builtin.SetEncryptedTextKeyword.execute(SetEncryptedTextKeyword.groovy:34)
	at com.kms.katalon.core.keyword.internal.KeywordExecutor.executeKeywordForPlatform(KeywordExecutor.groovy:74)
	at com.kms.katalon.core.webui.keyword.WebUiBuiltInKeywords.setEncryptedText(WebUiBuiltInKeywords.groovy:1011)
	at com.kms.katalon.core.webui.keyword.WebUiBuiltInKeywords$setEncryptedText$2.call(Unknown Source)
	at Script1641396627760.run(Script1641396627760.groovy:67)
	... 13 more
)
[[ATTACHMENT|C:\\Users\\Admin\\Desktop\\Katalon_TestProject\\TestAutomation_Katalon-Test-Project\\Reports\\20220112_000855\\Run All Test Cases\\20220112_000855\\1641921069016.png]]]]></system-out>
         <system-err><![CDATA[2022-01-12 00:09:36 - [TEST_CASE][FAILED] - Test Cases/Admin/Admin Add User/Admin_Add User Force Password Change -- Success: Test Cases/Admin/Admin Add User/Admin_Add User Force Password Change -- Success FAILED.
Reason:
com.kms.katalon.core.exception.StepFailedException: Unable to set encrypted text for object 'Object Repository/Page_Change password/input_New password_newpassword1'
	at com.kms.katalon.core.webui.keyword.internal.WebUIKeywordMain.stepFailed(WebUIKeywordMain.groovy:64)
	at com.kms.katalon.core.webui.keyword.internal.WebUIKeywordMain.runKeyword(WebUIKeywordMain.groovy:26)
	at com.kms.katalon.core.webui.keyword.builtin.SetEncryptedTextKeyword.setEncryptedText(SetEncryptedTextKeyword.groovy:65)
	at com.kms.katalon.core.webui.keyword.builtin.SetEncryptedTextKeyword.execute(SetEncryptedTextKeyword.groovy:34)
	at com.kms.katalon.core.keyword.internal.KeywordExecutor.executeKeywordForPlatform(KeywordExecutor.groovy:74)
	at com.kms.katalon.core.webui.keyword.WebUiBuiltInKeywords.setEncryptedText(WebUiBuiltInKeywords.groovy:1011)
	at com.kms.katalon.core.webui.keyword.WebUiBuiltInKeywords$setEncryptedText$2.call(Unknown Source)
	at Admin_Add User Force Password Change -- Success.run(Admin_Add User Force Password Change -- Success:67)
	at com.kms.katalon.core.main.ScriptEngine.run(ScriptEngine.java:194)
	at com.kms.katalon.core.main.ScriptEngine.runScriptAsRawText(ScriptEngine.java:119)
	at com.kms.katalon.core.main.TestCaseExecutor.runScript(TestCaseExecutor.java:442)
	at com.kms.katalon.core.main.TestCaseExecutor.doExecute(TestCaseExecutor.java:433)
	at com.kms.katalon.core.main.TestCaseExecutor.processExecutionPhase(TestCaseExecutor.java:412)
	at com.kms.katalon.core.main.TestCaseExecutor.accessMainPhase(TestCaseExecutor.java:404)
	at com.kms.katalon.core.main.TestCaseExecutor.execute(TestCaseExecutor.java:281)
	at com.kms.katalon.core.main.TestSuiteExecutor.accessTestCaseMainPhase(TestSuiteExecutor.java:202)
	at com.kms.katalon.core.main.TestSuiteExecutor.accessTestSuiteMainPhase(TestSuiteExecutor.java:164)
	at com.kms.katalon.core.main.TestSuiteExecutor.execute(TestSuiteExecutor.java:105)
	at com.kms.katalon.core.main.TestCaseMain.startTestSuite(TestCaseMain.java:181)
	at com.kms.katalon.core.main.TestCaseMain$startTestSuite$0.call(Unknown Source)
	at TempTestSuite1641920935254.run(TempTestSuite1641920935254.groovy:36)
Caused by: com.kms.katalon.core.webui.exception.WebElementNotFoundException: Web element with id: 'Object Repository/Page_Change password/input_New password_newpassword1' located by '//input[@id='id_newpassword1']' not found
	at com.kms.katalon.core.webui.common.WebUiCommonHelper.findWebElement(WebUiCommonHelper.java:1368)
	at com.kms.katalon.core.webui.keyword.internal.WebUIAbstractKeyword.findWebElement(WebUIAbstractKeyword.groovy:27)
	at com.kms.katalon.core.webui.keyword.internal.WebUIAbstractKeyword.findWebElement(WebUIAbstractKeyword.groovy:26)
	at com.kms.katalon.core.webui.keyword.builtin.SetEncryptedTextKeyword$_setEncryptedText_closure1.doCall(SetEncryptedTextKeyword.groovy:51)
	at com.kms.katalon.core.webui.keyword.builtin.SetEncryptedTextKeyword$_setEncryptedText_closure1.call(SetEncryptedTextKeyword.groovy)
	at com.kms.katalon.core.webui.keyword.internal.WebUIKeywordMain.runKeyword(WebUIKeywordMain.groovy:20)
	... 19 more]]></system-err>
      </testcase>
      <testcase name="Test Cases/Admin/Admin Add User/Admin_Add User Invalid Password" time="21.599" classname="Test Cases/Admin/Admin Add User/Admin_Add User Invalid Password" status="PASSED">
         <system-out><![CDATA[2022-01-12 00:11:09 - [TEST_CASE][PASSED] - Test Cases/Admin/Admin Add User/Admin_Add User Invalid Password: Test Cases/Admin/Admin Add User/Admin_Add User Invalid Password

2022-01-12 00:11:09 - [TEST_STEP][PASSED] - callTestCase(findTestCase("Admin/Admin_Login"), [:], STOP_ON_FAILURE): Call Test Case 'Test Cases/Admin/Admin_Login' successfully

2022-01-12 00:11:09 - [TEST_CASE][PASSED] - Test Cases/Admin/Admin_Login: Test Cases/Admin/Admin_Login

2022-01-12 00:11:09 - [TEST_STEP][PASSED] - openBrowser(""): Browser is opened with url: ''

2022-01-12 00:11:09 - [MESSAGE][WARNING] - A browser is already opened. Closing browser and opening a new one

2022-01-12 00:11:10 - [MESSAGE][INFO] - Starting 'Chrome' driver

2022-01-12 00:11:10 - [MESSAGE][INFO] - User set preference: ['args', '[window-size=1300,900]']

2022-01-12 00:11:10 - [MESSAGE][INFO] - Action delay is set to 0 milliseconds

2022-01-12 00:11:11 - [MESSAGE][PASSED] - Browser is opened with url: ''

2022-01-12 00:11:11 - [TEST_STEP][PASSED] - navigateToUrl("http://localhost:8080/moodle/login/index.php"): Navigate to 'http://localhost:8080/moodle/login/index.php' successfully

2022-01-12 00:11:12 - [MESSAGE][PASSED] - Navigate to 'http://localhost:8080/moodle/login/index.php' successfully

2022-01-12 00:11:12 - [TEST_STEP][PASSED] - setText(findTestObject("Object Repository/Page_BCS Moodle Log in to the site/input_Username_username"), "admin"): Text 'admin' is set on object 'Object Repository/Page_BCS Moodle Log in to the site/input_Username_username'

2022-01-12 00:11:13 - [MESSAGE][PASSED] - Text 'admin' is set on object 'Object Repository/Page_BCS Moodle Log in to the site/input_Username_username'

2022-01-12 00:11:13 - [TEST_STEP][PASSED] - setEncryptedText(findTestObject("Object Repository/Page_BCS Moodle Log in to the site/input_Password_password"), "p4y+y39Ir5PR9RXlOHjWlj+CAJiYdX4g"): Text ****** has been set on object 'Object Repository/Page_BCS Moodle Log in to the site/input_Password_password'

2022-01-12 00:11:13 - [MESSAGE][PASSED] - Text ****** has been set on object 'Object Repository/Page_BCS Moodle Log in to the site/input_Password_password'

2022-01-12 00:11:13 - [TEST_STEP][PASSED] - click(findTestObject("Object Repository/Page_BCS Moodle Log in to the site/button_Log in")): Object: 'Object Repository/Page_BCS Moodle Log in to the site/button_Log in' is clicked on

2022-01-12 00:11:15 - [MESSAGE][PASSED] - Object: 'Object Repository/Page_BCS Moodle Log in to the site/button_Log in' is clicked on

2022-01-12 00:11:15 - [MESSAGE][PASSED] - Call Test Case 'Test Cases/Admin/Admin_Login' successfully

2022-01-12 00:11:15 - [TEST_STEP][PASSED] - click(findTestObject("Object Repository/Page_Dashboard/a_Site administration")): Object: 'Object Repository/Page_Dashboard/a_Site administration' is clicked on

2022-01-12 00:11:18 - [MESSAGE][PASSED] - Object: 'Object Repository/Page_Dashboard/a_Site administration' is clicked on

2022-01-12 00:11:18 - [TEST_STEP][PASSED] - click(findTestObject("Object Repository/Page_Moodle Administration Search/a_Users")): Object: 'Object Repository/Page_Moodle Administration Search/a_Users' is clicked on

2022-01-12 00:11:18 - [MESSAGE][PASSED] - Object: 'Object Repository/Page_Moodle Administration Search/a_Users' is clicked on

2022-01-12 00:11:18 - [TEST_STEP][PASSED] - click(findTestObject("Object Repository/Page_Moodle Administration Search/a_Add a new user")): Object: 'Object Repository/Page_Moodle Administration Search/a_Add a new user' is clicked on

2022-01-12 00:11:20 - [MESSAGE][PASSED] - Object: 'Object Repository/Page_Moodle Administration Search/a_Add a new user' is clicked on

2022-01-12 00:11:20 - [TEST_STEP][PASSED] - click(findTestObject("Object Repository/Page_Moodle Administration Users Accounts/input_Username_username")): Object: 'Object Repository/Page_Moodle Administration Users Accounts/input_Username_username' is clicked on

2022-01-12 00:11:21 - [MESSAGE][PASSED] - Object: 'Object Repository/Page_Moodle Administration Users Accounts/input_Username_username' is clicked on

2022-01-12 00:11:21 - [TEST_STEP][PASSED] - setText(findTestObject("Object Repository/Page_Moodle Administration Users Accounts/input_Username_username"), "yk15"): Text 'yk15' is set on object 'Object Repository/Page_Moodle Administration Users Accounts/input_Username_username'

2022-01-12 00:11:22 - [MESSAGE][PASSED] - Text 'yk15' is set on object 'Object Repository/Page_Moodle Administration Users Accounts/input_Username_username'

2022-01-12 00:11:22 - [TEST_STEP][PASSED] - click(findTestObject("Object Repository/Page_Moodle Administration Users Accounts/em_Click to enter text")): Object: 'Object Repository/Page_Moodle Administration Users Accounts/em_Click to enter text' is clicked on

2022-01-12 00:11:22 - [MESSAGE][PASSED] - Object: 'Object Repository/Page_Moodle Administration Users Accounts/em_Click to enter text' is clicked on

2022-01-12 00:11:22 - [TEST_STEP][PASSED] - click(findTestObject("Object Repository/Page_Moodle Administration Users Accounts/i_Click to enter text_icon fa fa-eye fa-fw"), STOP_ON_FAILURE): Object: 'Object Repository/Page_Moodle Administration Users Accounts/i_Click to enter text_icon fa fa-eye fa-fw' is clicked on

2022-01-12 00:11:23 - [MESSAGE][PASSED] - Object: 'Object Repository/Page_Moodle Administration Users Accounts/i_Click to enter text_icon fa fa-eye fa-fw' is clicked on

2022-01-12 00:11:23 - [TEST_STEP][PASSED] - setText(findTestObject("Object Repository/Page_Moodle Administration Users Accounts/input_New password_newpassword"), "y"): Text 'y' is set on object 'Object Repository/Page_Moodle Administration Users Accounts/input_New password_newpassword'

2022-01-12 00:11:23 - [MESSAGE][PASSED] - Text 'y' is set on object 'Object Repository/Page_Moodle Administration Users Accounts/input_New password_newpassword'

2022-01-12 00:11:23 - [TEST_STEP][PASSED] - setText(findTestObject("Object Repository/Page_Moodle Administration Users Accounts/input_First name_firstname"), "Ý"): Text 'Ý' is set on object 'Object Repository/Page_Moodle Administration Users Accounts/input_First name_firstname'

2022-01-12 00:11:24 - [MESSAGE][PASSED] - Text 'Ý' is set on object 'Object Repository/Page_Moodle Administration Users Accounts/input_First name_firstname'

2022-01-12 00:11:24 - [TEST_STEP][PASSED] - setText(findTestObject("Object Repository/Page_Moodle Administration Users Accounts/input_Surname_lastname"), "Đàm"): Text 'Đàm' is set on object 'Object Repository/Page_Moodle Administration Users Accounts/input_Surname_lastname'

2022-01-12 00:11:25 - [MESSAGE][PASSED] - Text 'Đàm' is set on object 'Object Repository/Page_Moodle Administration Users Accounts/input_Surname_lastname'

2022-01-12 00:11:25 - [TEST_STEP][PASSED] - setText(findTestObject("Object Repository/Page_Moodle Administration Users Accounts/input_Email address_email"), "ydamk15@gmail.com"): Text 'ydamk15@gmail.com' is set on object 'Object Repository/Page_Moodle Administration Users Accounts/input_Email address_email'

2022-01-12 00:11:26 - [MESSAGE][PASSED] - Text 'ydamk15@gmail.com' is set on object 'Object Repository/Page_Moodle Administration Users Accounts/input_Email address_email'

2022-01-12 00:11:26 - [TEST_STEP][PASSED] - click(findTestObject("Object Repository/Page_Moodle Administration Users Accounts/input_Address_submitbutton")): Object: 'Object Repository/Page_Moodle Administration Users Accounts/input_Address_submitbutton' is clicked on

2022-01-12 00:11:28 - [MESSAGE][PASSED] - Object: 'Object Repository/Page_Moodle Administration Users Accounts/input_Address_submitbutton' is clicked on

2022-01-12 00:11:28 - [TEST_STEP][PASSED] - verifyElementPresent(findTestObject("Object Repository/Page_Moodle Administration Users Accounts A_0fbd97/div_Passwords must be at least 8 characters long"), 0): Object 'Object Repository/Page_Moodle Administration Users Accounts A_0fbd97/div_Passwords must be at least 8 characters long' is present

2022-01-12 00:11:28 - [MESSAGE][WARNING] - Timeout '0' is invalid. Using default page load timeout: '30'

2022-01-12 00:11:29 - [MESSAGE][PASSED] - Object 'Object Repository/Page_Moodle Administration Users Accounts A_0fbd97/div_Passwords must be at least 8 characters long' is present

2022-01-12 00:11:29 - [TEST_STEP][PASSED] - verifyElementPresent(findTestObject("Object Repository/Page_Moodle Administration Users Accounts A_0fbd97/div_Passwords must have at least 1 digit(s)"), 0): Object 'Object Repository/Page_Moodle Administration Users Accounts A_0fbd97/div_Passwords must have at least 1 digit(s)' is present

2022-01-12 00:11:29 - [MESSAGE][WARNING] - Timeout '0' is invalid. Using default page load timeout: '30'

2022-01-12 00:11:29 - [MESSAGE][PASSED] - Object 'Object Repository/Page_Moodle Administration Users Accounts A_0fbd97/div_Passwords must have at least 1 digit(s)' is present

2022-01-12 00:11:29 - [TEST_STEP][PASSED] - verifyElementPresent(findTestObject("Object Repository/Page_Moodle Administration Users Accounts A_0fbd97/div_Passwords must have at least 1 upper ca_8e926f"), 0): Object 'Object Repository/Page_Moodle Administration Users Accounts A_0fbd97/div_Passwords must have at least 1 upper ca_8e926f' is present

2022-01-12 00:11:29 - [MESSAGE][WARNING] - Timeout '0' is invalid. Using default page load timeout: '30'

2022-01-12 00:11:29 - [MESSAGE][PASSED] - Object 'Object Repository/Page_Moodle Administration Users Accounts A_0fbd97/div_Passwords must have at least 1 upper ca_8e926f' is present

2022-01-12 00:11:29 - [TEST_STEP][PASSED] - verifyElementPresent(findTestObject("Object Repository/Page_Moodle Administration Users Accounts A_0fbd97/div_The password must have at least 1 speci_80717b"), 0): Object 'Object Repository/Page_Moodle Administration Users Accounts A_0fbd97/div_The password must have at least 1 speci_80717b' is present

2022-01-12 00:11:29 - [MESSAGE][WARNING] - Timeout '0' is invalid. Using default page load timeout: '30'

2022-01-12 00:11:30 - [MESSAGE][PASSED] - Object 'Object Repository/Page_Moodle Administration Users Accounts A_0fbd97/div_The password must have at least 1 speci_80717b' is present

2022-01-12 00:11:30 - [TEST_STEP][PASSED] - closeBrowser(): Browser is closed

2022-01-12 00:11:30 - [MESSAGE][PASSED] - Browser is closed]]></system-out>
         <system-err><![CDATA[]]></system-err>
      </testcase>
      <testcase name="Test Cases/Admin/Admin Add User/Admin_Add User Registered Email" time="19.765" classname="Test Cases/Admin/Admin Add User/Admin_Add User Registered Email" status="PASSED">
         <system-out><![CDATA[2022-01-12 00:11:30 - [TEST_CASE][PASSED] - Test Cases/Admin/Admin Add User/Admin_Add User Registered Email: Test Cases/Admin/Admin Add User/Admin_Add User Registered Email

2022-01-12 00:11:31 - [TEST_STEP][PASSED] - callTestCase(findTestCase("Admin/Admin_Login"), [:], STOP_ON_FAILURE): Call Test Case 'Test Cases/Admin/Admin_Login' successfully

2022-01-12 00:11:31 - [TEST_CASE][PASSED] - Test Cases/Admin/Admin_Login: Test Cases/Admin/Admin_Login

2022-01-12 00:11:31 - [TEST_STEP][PASSED] - openBrowser(""): Browser is opened with url: ''

2022-01-12 00:11:31 - [MESSAGE][INFO] - Starting 'Chrome' driver

2022-01-12 00:11:31 - [MESSAGE][INFO] - User set preference: ['args', '[window-size=1300,900]']

2022-01-12 00:11:31 - [MESSAGE][INFO] - Action delay is set to 0 milliseconds

2022-01-12 00:11:32 - [MESSAGE][PASSED] - Browser is opened with url: ''

2022-01-12 00:11:32 - [TEST_STEP][PASSED] - navigateToUrl("http://localhost:8080/moodle/login/index.php"): Navigate to 'http://localhost:8080/moodle/login/index.php' successfully

2022-01-12 00:11:32 - [MESSAGE][PASSED] - Navigate to 'http://localhost:8080/moodle/login/index.php' successfully

2022-01-12 00:11:32 - [TEST_STEP][PASSED] - setText(findTestObject("Object Repository/Page_BCS Moodle Log in to the site/input_Username_username"), "admin"): Text 'admin' is set on object 'Object Repository/Page_BCS Moodle Log in to the site/input_Username_username'

2022-01-12 00:11:33 - [MESSAGE][PASSED] - Text 'admin' is set on object 'Object Repository/Page_BCS Moodle Log in to the site/input_Username_username'

2022-01-12 00:11:33 - [TEST_STEP][PASSED] - setEncryptedText(findTestObject("Object Repository/Page_BCS Moodle Log in to the site/input_Password_password"), "p4y+y39Ir5PR9RXlOHjWlj+CAJiYdX4g"): Text ****** has been set on object 'Object Repository/Page_BCS Moodle Log in to the site/input_Password_password'

2022-01-12 00:11:34 - [MESSAGE][PASSED] - Text ****** has been set on object 'Object Repository/Page_BCS Moodle Log in to the site/input_Password_password'

2022-01-12 00:11:34 - [TEST_STEP][PASSED] - click(findTestObject("Object Repository/Page_BCS Moodle Log in to the site/button_Log in")): Object: 'Object Repository/Page_BCS Moodle Log in to the site/button_Log in' is clicked on

2022-01-12 00:11:35 - [MESSAGE][PASSED] - Object: 'Object Repository/Page_BCS Moodle Log in to the site/button_Log in' is clicked on

2022-01-12 00:11:35 - [MESSAGE][PASSED] - Call Test Case 'Test Cases/Admin/Admin_Login' successfully

2022-01-12 00:11:35 - [TEST_STEP][PASSED] - click(findTestObject("Object Repository/Page_Dashboard/a_Site administration")): Object: 'Object Repository/Page_Dashboard/a_Site administration' is clicked on

2022-01-12 00:11:39 - [MESSAGE][PASSED] - Object: 'Object Repository/Page_Dashboard/a_Site administration' is clicked on

2022-01-12 00:11:39 - [TEST_STEP][PASSED] - click(findTestObject("Object Repository/Page_Moodle Administration Search/a_Users")): Object: 'Object Repository/Page_Moodle Administration Search/a_Users' is clicked on

2022-01-12 00:11:39 - [MESSAGE][PASSED] - Object: 'Object Repository/Page_Moodle Administration Search/a_Users' is clicked on

2022-01-12 00:11:39 - [TEST_STEP][PASSED] - click(findTestObject("Object Repository/Page_Moodle Administration Search/a_Add a new user")): Object: 'Object Repository/Page_Moodle Administration Search/a_Add a new user' is clicked on

2022-01-12 00:11:40 - [MESSAGE][PASSED] - Object: 'Object Repository/Page_Moodle Administration Search/a_Add a new user' is clicked on

2022-01-12 00:11:40 - [TEST_STEP][PASSED] - click(findTestObject("Page_Moodle Administration Users Accounts/input_Username_username")): Object: 'Object Repository/Page_Moodle Administration Users Accounts/input_Username_username' is clicked on

2022-01-12 00:11:42 - [MESSAGE][PASSED] - Object: 'Object Repository/Page_Moodle Administration Users Accounts/input_Username_username' is clicked on

2022-01-12 00:11:42 - [TEST_STEP][PASSED] - setText(findTestObject("Page_Moodle Administration Users Accounts/input_Username_username"), "ycute"): Text 'ycute' is set on object 'Object Repository/Page_Moodle Administration Users Accounts/input_Username_username'

2022-01-12 00:11:42 - [MESSAGE][PASSED] - Text 'ycute' is set on object 'Object Repository/Page_Moodle Administration Users Accounts/input_Username_username'

2022-01-12 00:11:42 - [TEST_STEP][PASSED] - click(findTestObject("Page_Moodle Administration Users Accounts/em_Click to enter text")): Object: 'Object Repository/Page_Moodle Administration Users Accounts/em_Click to enter text' is clicked on

2022-01-12 00:11:43 - [MESSAGE][PASSED] - Object: 'Object Repository/Page_Moodle Administration Users Accounts/em_Click to enter text' is clicked on

2022-01-12 00:11:43 - [TEST_STEP][PASSED] - click(findTestObject("Page_Moodle Administration Users Accounts/i_Click to enter text_icon fa fa-eye fa-fw"), STOP_ON_FAILURE): Object: 'Object Repository/Page_Moodle Administration Users Accounts/i_Click to enter text_icon fa fa-eye fa-fw' is clicked on

2022-01-12 00:11:43 - [MESSAGE][PASSED] - Object: 'Object Repository/Page_Moodle Administration Users Accounts/i_Click to enter text_icon fa fa-eye fa-fw' is clicked on

2022-01-12 00:11:43 - [TEST_STEP][PASSED] - setText(findTestObject("Page_Moodle Administration Users Accounts/input_New password_newpassword"), "yTest123@"): Text 'yTest123@' is set on object 'Object Repository/Page_Moodle Administration Users Accounts/input_New password_newpassword'

2022-01-12 00:11:44 - [MESSAGE][PASSED] - Text 'yTest123@' is set on object 'Object Repository/Page_Moodle Administration Users Accounts/input_New password_newpassword'

2022-01-12 00:11:44 - [TEST_STEP][PASSED] - setText(findTestObject("Page_Moodle Administration Users Accounts/input_First name_firstname"), "Ý"): Text 'Ý' is set on object 'Object Repository/Page_Moodle Administration Users Accounts/input_First name_firstname'

2022-01-12 00:11:45 - [MESSAGE][PASSED] - Text 'Ý' is set on object 'Object Repository/Page_Moodle Administration Users Accounts/input_First name_firstname'

2022-01-12 00:11:45 - [TEST_STEP][PASSED] - setText(findTestObject("Page_Moodle Administration Users Accounts/input_Surname_lastname"), "Đàm"): Text 'Đàm' is set on object 'Object Repository/Page_Moodle Administration Users Accounts/input_Surname_lastname'

2022-01-12 00:11:46 - [MESSAGE][PASSED] - Text 'Đàm' is set on object 'Object Repository/Page_Moodle Administration Users Accounts/input_Surname_lastname'

2022-01-12 00:11:46 - [TEST_STEP][PASSED] - setText(findTestObject("Page_Moodle Administration Users Accounts/input_Email address_email"), "yprotk21@gmail.com"): Text 'yprotk21@gmail.com' is set on object 'Object Repository/Page_Moodle Administration Users Accounts/input_Email address_email'

2022-01-12 00:11:47 - [MESSAGE][PASSED] - Text 'yprotk21@gmail.com' is set on object 'Object Repository/Page_Moodle Administration Users Accounts/input_Email address_email'

2022-01-12 00:11:47 - [TEST_STEP][PASSED] - click(findTestObject("Page_Moodle Administration Users Accounts/input_Address_submitbutton")): Object: 'Object Repository/Page_Moodle Administration Users Accounts/input_Address_submitbutton' is clicked on

2022-01-12 00:11:48 - [MESSAGE][PASSED] - Object: 'Object Repository/Page_Moodle Administration Users Accounts/input_Address_submitbutton' is clicked on

2022-01-12 00:11:48 - [TEST_STEP][PASSED] - verifyElementPresent(findTestObject("Page_Moodle Administration Users Accounts/div_This email address is already registered"), 0): Object 'Object Repository/Page_Moodle Administration Users Accounts/div_This email address is already registered' is present

2022-01-12 00:11:48 - [MESSAGE][WARNING] - Timeout '0' is invalid. Using default page load timeout: '30'

2022-01-12 00:11:49 - [MESSAGE][PASSED] - Object 'Object Repository/Page_Moodle Administration Users Accounts/div_This email address is already registered' is present

2022-01-12 00:11:49 - [TEST_STEP][PASSED] - closeBrowser(): Browser is closed

2022-01-12 00:11:50 - [MESSAGE][PASSED] - Browser is closed]]></system-out>
         <system-err><![CDATA[]]></system-err>
      </testcase>
      <testcase name="Test Cases/Admin/Admin Create Course/Admin_Create Course Short Name Already Used" time="51.024" classname="Test Cases/Admin/Admin Create Course/Admin_Create Course Short Name Already Used" status="FAILED">
         <failure type="FAILED" message="Test Cases/Admin/Admin Create Course/Admin_Create Course Short Name Already Used FAILED.
Reason:
com.kms.katalon.core.exception.StepFailedException: Unable to click on object 'Object Repository/Page_Moodle Add a new course/input__saveanddisplay'
	at com.kms.katalon.core.webui.keyword.internal.WebUIKeywordMain.stepFailed(WebUIKeywordMain.groovy:64)
	at com.kms.katalon.core.webui.keyword.internal.WebUIKeywordMain.runKeyword(WebUIKeywordMain.groovy:26)
	at com.kms.katalon.core.webui.keyword.builtin.ClickKeyword.click(ClickKeyword.groovy:74)
	at com.kms.katalon.core.webui.keyword.builtin.ClickKeyword.execute(ClickKeyword.groovy:40)
	at com.kms.katalon.core.keyword.internal.KeywordExecutor.executeKeywordForPlatform(KeywordExecutor.groovy:74)
	at com.kms.katalon.core.webui.keyword.WebUiBuiltInKeywords.click(WebUiBuiltInKeywords.groovy:620)
	at com.kms.katalon.core.webui.keyword.WebUiBuiltInKeywords$click$3.call(Unknown Source)
	at Admin_Create Course Short Name Already Used.run(Admin_Create Course Short Name Already Used:36)
	at com.kms.katalon.core.main.ScriptEngine.run(ScriptEngine.java:194)
	at com.kms.katalon.core.main.ScriptEngine.runScriptAsRawText(ScriptEngine.java:119)
	at com.kms.katalon.core.main.TestCaseExecutor.runScript(TestCaseExecutor.java:442)
	at com.kms.katalon.core.main.TestCaseExecutor.doExecute(TestCaseExecutor.java:433)
	at com.kms.katalon.core.main.TestCaseExecutor.processExecutionPhase(TestCaseExecutor.java:412)
	at com.kms.katalon.core.main.TestCaseExecutor.accessMainPhase(TestCaseExecutor.java:404)
	at com.kms.katalon.core.main.TestCaseExecutor.execute(TestCaseExecutor.java:281)
	at com.kms.katalon.core.main.TestSuiteExecutor.accessTestCaseMainPhase(TestSuiteExecutor.java:202)
	at com.kms.katalon.core.main.TestSuiteExecutor.accessTestSuiteMainPhase(TestSuiteExecutor.java:164)
	at com.kms.katalon.core.main.TestSuiteExecutor.execute(TestSuiteExecutor.java:105)
	at com.kms.katalon.core.main.TestCaseMain.startTestSuite(TestCaseMain.java:181)
	at com.kms.katalon.core.main.TestCaseMain$startTestSuite$0.call(Unknown Source)
	at TempTestSuite1641920935254.run(TempTestSuite1641920935254.groovy:36)
Caused by: com.kms.katalon.core.webui.exception.WebElementNotFoundException: Web element with id: 'Object Repository/Page_Moodle Add a new course/input__saveanddisplay' located by '//input[@id='id_saveanddisplay']' not found
	at com.kms.katalon.core.webui.common.WebUiCommonHelper.findWebElement(WebUiCommonHelper.java:1368)
	at com.kms.katalon.core.webui.keyword.internal.WebUIAbstractKeyword.findWebElement(WebUIAbstractKeyword.groovy:27)
	at com.kms.katalon.core.webui.keyword.builtin.ClickKeyword$_click_closure1.doCall(ClickKeyword.groovy:65)
	at com.kms.katalon.core.webui.keyword.builtin.ClickKeyword$_click_closure1.call(ClickKeyword.groovy)
	at com.kms.katalon.core.webui.keyword.internal.WebUIKeywordMain.runKeyword(WebUIKeywordMain.groovy:20)
	... 19 more
"/>
         <system-out><![CDATA[2022-01-12 00:11:50 - [TEST_CASE][FAILED] - Test Cases/Admin/Admin Create Course/Admin_Create Course Short Name Already Used: Test Cases/Admin/Admin Create Course/Admin_Create Course Short Name Already Used FAILED.
Reason:
com.kms.katalon.core.exception.StepFailedException: Unable to click on object 'Object Repository/Page_Moodle Add a new course/input__saveanddisplay'
	at com.kms.katalon.core.webui.keyword.internal.WebUIKeywordMain.stepFailed(WebUIKeywordMain.groovy:64)
	at com.kms.katalon.core.webui.keyword.internal.WebUIKeywordMain.runKeyword(WebUIKeywordMain.groovy:26)
	at com.kms.katalon.core.webui.keyword.builtin.ClickKeyword.click(ClickKeyword.groovy:74)
	at com.kms.katalon.core.webui.keyword.builtin.ClickKeyword.execute(ClickKeyword.groovy:40)
	at com.kms.katalon.core.keyword.internal.KeywordExecutor.executeKeywordForPlatform(KeywordExecutor.groovy:74)
	at com.kms.katalon.core.webui.keyword.WebUiBuiltInKeywords.click(WebUiBuiltInKeywords.groovy:620)
	at com.kms.katalon.core.webui.keyword.WebUiBuiltInKeywords$click$3.call(Unknown Source)
	at Admin_Create Course Short Name Already Used.run(Admin_Create Course Short Name Already Used:36)
	at com.kms.katalon.core.main.ScriptEngine.run(ScriptEngine.java:194)
	at com.kms.katalon.core.main.ScriptEngine.runScriptAsRawText(ScriptEngine.java:119)
	at com.kms.katalon.core.main.TestCaseExecutor.runScript(TestCaseExecutor.java:442)
	at com.kms.katalon.core.main.TestCaseExecutor.doExecute(TestCaseExecutor.java:433)
	at com.kms.katalon.core.main.TestCaseExecutor.processExecutionPhase(TestCaseExecutor.java:412)
	at com.kms.katalon.core.main.TestCaseExecutor.accessMainPhase(TestCaseExecutor.java:404)
	at com.kms.katalon.core.main.TestCaseExecutor.execute(TestCaseExecutor.java:281)
	at com.kms.katalon.core.main.TestSuiteExecutor.accessTestCaseMainPhase(TestSuiteExecutor.java:202)
	at com.kms.katalon.core.main.TestSuiteExecutor.accessTestSuiteMainPhase(TestSuiteExecutor.java:164)
	at com.kms.katalon.core.main.TestSuiteExecutor.execute(TestSuiteExecutor.java:105)
	at com.kms.katalon.core.main.TestCaseMain.startTestSuite(TestCaseMain.java:181)
	at com.kms.katalon.core.main.TestCaseMain$startTestSuite$0.call(Unknown Source)
	at TempTestSuite1641920935254.run(TempTestSuite1641920935254.groovy:36)
Caused by: com.kms.katalon.core.webui.exception.WebElementNotFoundException: Web element with id: 'Object Repository/Page_Moodle Add a new course/input__saveanddisplay' located by '//input[@id='id_saveanddisplay']' not found
	at com.kms.katalon.core.webui.common.WebUiCommonHelper.findWebElement(WebUiCommonHelper.java:1368)
	at com.kms.katalon.core.webui.keyword.internal.WebUIAbstractKeyword.findWebElement(WebUIAbstractKeyword.groovy:27)
	at com.kms.katalon.core.webui.keyword.builtin.ClickKeyword$_click_closure1.doCall(ClickKeyword.groovy:65)
	at com.kms.katalon.core.webui.keyword.builtin.ClickKeyword$_click_closure1.call(ClickKeyword.groovy)
	at com.kms.katalon.core.webui.keyword.internal.WebUIKeywordMain.runKeyword(WebUIKeywordMain.groovy:20)
	... 19 more


2022-01-12 00:11:50 - [TEST_STEP][PASSED] - callTestCase(findTestCase("Admin/Admin_Login"), [:], STOP_ON_FAILURE): Call Test Case 'Test Cases/Admin/Admin_Login' successfully

2022-01-12 00:11:50 - [TEST_CASE][PASSED] - Test Cases/Admin/Admin_Login: Test Cases/Admin/Admin_Login

2022-01-12 00:11:50 - [TEST_STEP][PASSED] - openBrowser(""): Browser is opened with url: ''

2022-01-12 00:11:50 - [MESSAGE][INFO] - Starting 'Chrome' driver

2022-01-12 00:11:50 - [MESSAGE][INFO] - User set preference: ['args', '[window-size=1300,900]']

2022-01-12 00:11:50 - [MESSAGE][INFO] - Action delay is set to 0 milliseconds

2022-01-12 00:11:52 - [MESSAGE][PASSED] - Browser is opened with url: ''

2022-01-12 00:11:52 - [TEST_STEP][PASSED] - navigateToUrl("http://localhost:8080/moodle/login/index.php"): Navigate to 'http://localhost:8080/moodle/login/index.php' successfully

2022-01-12 00:11:52 - [MESSAGE][PASSED] - Navigate to 'http://localhost:8080/moodle/login/index.php' successfully

2022-01-12 00:11:52 - [TEST_STEP][PASSED] - setText(findTestObject("Object Repository/Page_BCS Moodle Log in to the site/input_Username_username"), "admin"): Text 'admin' is set on object 'Object Repository/Page_BCS Moodle Log in to the site/input_Username_username'

2022-01-12 00:11:54 - [MESSAGE][PASSED] - Text 'admin' is set on object 'Object Repository/Page_BCS Moodle Log in to the site/input_Username_username'

2022-01-12 00:11:54 - [TEST_STEP][PASSED] - setEncryptedText(findTestObject("Object Repository/Page_BCS Moodle Log in to the site/input_Password_password"), "p4y+y39Ir5PR9RXlOHjWlj+CAJiYdX4g"): Text ****** has been set on object 'Object Repository/Page_BCS Moodle Log in to the site/input_Password_password'

2022-01-12 00:11:54 - [MESSAGE][PASSED] - Text ****** has been set on object 'Object Repository/Page_BCS Moodle Log in to the site/input_Password_password'

2022-01-12 00:11:54 - [TEST_STEP][PASSED] - click(findTestObject("Object Repository/Page_BCS Moodle Log in to the site/button_Log in")): Object: 'Object Repository/Page_BCS Moodle Log in to the site/button_Log in' is clicked on

2022-01-12 00:11:56 - [MESSAGE][PASSED] - Object: 'Object Repository/Page_BCS Moodle Log in to the site/button_Log in' is clicked on

2022-01-12 00:11:56 - [MESSAGE][PASSED] - Call Test Case 'Test Cases/Admin/Admin_Login' successfully

2022-01-12 00:11:56 - [TEST_STEP][PASSED] - click(findTestObject("Object Repository/Page_Dashboard/a_Site administration")): Object: 'Object Repository/Page_Dashboard/a_Site administration' is clicked on

2022-01-12 00:11:59 - [MESSAGE][PASSED] - Object: 'Object Repository/Page_Dashboard/a_Site administration' is clicked on

2022-01-12 00:11:59 - [TEST_STEP][PASSED] - navigateToUrl("http://localhost:8080/moodle/admin/search.php"): Navigate to 'http://localhost:8080/moodle/admin/search.php' successfully

2022-01-12 00:12:00 - [MESSAGE][PASSED] - Navigate to 'http://localhost:8080/moodle/admin/search.php' successfully

2022-01-12 00:12:00 - [TEST_STEP][PASSED] - click(findTestObject("Object Repository/Page_Moodle Administration Search/a_Courses")): Object: 'Object Repository/Page_Moodle Administration Search/a_Courses' is clicked on

2022-01-12 00:12:01 - [MESSAGE][PASSED] - Object: 'Object Repository/Page_Moodle Administration Search/a_Courses' is clicked on

2022-01-12 00:12:01 - [TEST_STEP][PASSED] - click(findTestObject("Object Repository/Page_Moodle Administration Search/a_Add a new course")): Object: 'Object Repository/Page_Moodle Administration Search/a_Add a new course' is clicked on

2022-01-12 00:12:02 - [MESSAGE][PASSED] - Object: 'Object Repository/Page_Moodle Administration Search/a_Add a new course' is clicked on

2022-01-12 00:12:02 - [TEST_STEP][PASSED] - navigateToUrl("http://localhost:8080/moodle/course/edit.php?category=0"): Navigate to 'http://localhost:8080/moodle/course/edit.php?category=0' successfully

2022-01-12 00:12:03 - [MESSAGE][PASSED] - Navigate to 'http://localhost:8080/moodle/course/edit.php?category=0' successfully

2022-01-12 00:12:03 - [TEST_STEP][PASSED] - setText(findTestObject("Object Repository/Page_Moodle Add a new course/input_Course full name_fullname"), "Toan To Hop"): Text 'Toan To Hop' is set on object 'Object Repository/Page_Moodle Add a new course/input_Course full name_fullname'

2022-01-12 00:12:05 - [MESSAGE][PASSED] - Text 'Toan To Hop' is set on object 'Object Repository/Page_Moodle Add a new course/input_Course full name_fullname'

2022-01-12 00:12:05 - [TEST_STEP][PASSED] - setText(findTestObject("Object Repository/Page_Moodle Add a new course/input_Course short name_shortname"), "TTH"): Text 'TTH' is set on object 'Object Repository/Page_Moodle Add a new course/input_Course short name_shortname'

2022-01-12 00:12:06 - [MESSAGE][PASSED] - Text 'TTH' is set on object 'Object Repository/Page_Moodle Add a new course/input_Course short name_shortname'

2022-01-12 00:12:06 - [TEST_STEP][FAILED] - click(findTestObject("Object Repository/Page_Moodle Add a new course/input__saveanddisplay")): Unable to click on object 'Object Repository/Page_Moodle Add a new course/input__saveanddisplay' (Root cause: com.kms.katalon.core.exception.StepFailedException: Unable to click on object 'Object Repository/Page_Moodle Add a new course/input__saveanddisplay'
	at com.kms.katalon.core.webui.keyword.internal.WebUIKeywordMain.stepFailed(WebUIKeywordMain.groovy:64)
	at com.kms.katalon.core.webui.keyword.internal.WebUIKeywordMain.runKeyword(WebUIKeywordMain.groovy:26)
	at com.kms.katalon.core.webui.keyword.builtin.ClickKeyword.click(ClickKeyword.groovy:74)
	at com.kms.katalon.core.webui.keyword.builtin.ClickKeyword.execute(ClickKeyword.groovy:40)
	at com.kms.katalon.core.keyword.internal.KeywordExecutor.executeKeywordForPlatform(KeywordExecutor.groovy:74)
	at com.kms.katalon.core.webui.keyword.WebUiBuiltInKeywords.click(WebUiBuiltInKeywords.groovy:620)
	at com.kms.katalon.core.webui.keyword.WebUiBuiltInKeywords$click$3.call(Unknown Source)
	at Admin_Create Course Short Name Already Used.run(Admin_Create Course Short Name Already Used:36)
	at com.kms.katalon.core.main.ScriptEngine.run(ScriptEngine.java:194)
	at com.kms.katalon.core.main.ScriptEngine.runScriptAsRawText(ScriptEngine.java:119)
	at com.kms.katalon.core.main.TestCaseExecutor.runScript(TestCaseExecutor.java:442)
	at com.kms.katalon.core.main.TestCaseExecutor.doExecute(TestCaseExecutor.java:433)
	at com.kms.katalon.core.main.TestCaseExecutor.processExecutionPhase(TestCaseExecutor.java:412)
	at com.kms.katalon.core.main.TestCaseExecutor.accessMainPhase(TestCaseExecutor.java:404)
	at com.kms.katalon.core.main.TestCaseExecutor.execute(TestCaseExecutor.java:281)
	at com.kms.katalon.core.main.TestSuiteExecutor.accessTestCaseMainPhase(TestSuiteExecutor.java:202)
	at com.kms.katalon.core.main.TestSuiteExecutor.accessTestSuiteMainPhase(TestSuiteExecutor.java:164)
	at com.kms.katalon.core.main.TestSuiteExecutor.execute(TestSuiteExecutor.java:105)
	at com.kms.katalon.core.main.TestCaseMain.startTestSuite(TestCaseMain.java:181)
	at com.kms.katalon.core.main.TestCaseMain$startTestSuite$0.call(Unknown Source)
	at TempTestSuite1641920935254.run(TempTestSuite1641920935254.groovy:36)
Caused by: com.kms.katalon.core.webui.exception.WebElementNotFoundException: Web element with id: 'Object Repository/Page_Moodle Add a new course/input__saveanddisplay' located by '//input[@id='id_saveanddisplay']' not found
	at com.kms.katalon.core.webui.common.WebUiCommonHelper.findWebElement(WebUiCommonHelper.java:1368)
	at com.kms.katalon.core.webui.keyword.internal.WebUIAbstractKeyword.findWebElement(WebUIAbstractKeyword.groovy:27)
	at com.kms.katalon.core.webui.keyword.builtin.ClickKeyword$_click_closure1.doCall(ClickKeyword.groovy:65)
	at com.kms.katalon.core.webui.keyword.builtin.ClickKeyword$_click_closure1.call(ClickKeyword.groovy)
	at com.kms.katalon.core.webui.keyword.internal.WebUIKeywordMain.runKeyword(WebUIKeywordMain.groovy:20)
	at com.kms.katalon.core.webui.keyword.builtin.ClickKeyword.click(ClickKeyword.groovy:74)
	at com.kms.katalon.core.webui.keyword.builtin.ClickKeyword.execute(ClickKeyword.groovy:40)
	at com.kms.katalon.core.keyword.internal.KeywordExecutor.executeKeywordForPlatform(KeywordExecutor.groovy:74)
	at com.kms.katalon.core.webui.keyword.WebUiBuiltInKeywords.click(WebUiBuiltInKeywords.groovy:620)
	at com.kms.katalon.core.webui.keyword.WebUiBuiltInKeywords$click$3.call(Unknown Source)
	at Script1641460687245.run(Script1641460687245.groovy:36)
	... 13 more
)

2022-01-12 00:12:37 - [MESSAGE][INFO] - Unable to find the element located by 'By.xpath: //input[@id='id_saveanddisplay']'. Please recheck the objects properties to make sure the desired element is located. 

2022-01-12 00:12:37 - [MESSAGE][WARNING] - [SELF-HEALING] Failed to find element with id 'Object Repository/Page_Moodle Add a new course/input__saveanddisplay'. Try using Self-healing.

2022-01-12 00:12:37 - [MESSAGE][INFO] - [SELF-HEALING] Failed Locator: '//input[@id='id_saveanddisplay']'.

2022-01-12 00:12:37 - [MESSAGE][INFO] - [SELF-HEALING] Failed Locator: '//span[@id='yui_3_17_2_1_1641460292302_1085']/input'.

2022-01-12 00:12:38 - [MESSAGE][INFO] - [SELF-HEALING] Failed Locator: '//span/input'.

2022-01-12 00:12:38 - [MESSAGE][INFO] - [SELF-HEALING] Failed Locator: '//input[@id='id_saveanddisplay']'.

2022-01-12 00:12:38 - [MESSAGE][INFO] - [SELF-HEALING] Failed Locator: '//span[@id='yui_3_17_2_1_1641460292302_1085']/input'.

2022-01-12 00:12:39 - [MESSAGE][INFO] - [SELF-HEALING] Failed Locator: '//span/input'.

2022-01-12 00:12:40 - [MESSAGE][INFO] - Unable to find the element located by 'By.xpath: //*[@type = 'submit' and @name = 'saveanddisplay' and @id = 'id_saveanddisplay']'. Please recheck the objects properties to make sure the desired element is located. 

2022-01-12 00:12:41 - [MESSAGE][INFO] - Unable to find the element located by 'By.cssSelector: #id_saveanddisplay'. Please recheck the objects properties to make sure the desired element is located. 

2022-01-12 00:12:41 - [MESSAGE][FAILED] - Unable to click on object 'Object Repository/Page_Moodle Add a new course/input__saveanddisplay' (Root cause: com.kms.katalon.core.exception.StepFailedException: Unable to click on object 'Object Repository/Page_Moodle Add a new course/input__saveanddisplay'
	at com.kms.katalon.core.webui.keyword.internal.WebUIKeywordMain.stepFailed(WebUIKeywordMain.groovy:64)
	at com.kms.katalon.core.webui.keyword.internal.WebUIKeywordMain.runKeyword(WebUIKeywordMain.groovy:26)
	at com.kms.katalon.core.webui.keyword.builtin.ClickKeyword.click(ClickKeyword.groovy:74)
	at com.kms.katalon.core.webui.keyword.builtin.ClickKeyword.execute(ClickKeyword.groovy:40)
	at com.kms.katalon.core.keyword.internal.KeywordExecutor.executeKeywordForPlatform(KeywordExecutor.groovy:74)
	at com.kms.katalon.core.webui.keyword.WebUiBuiltInKeywords.click(WebUiBuiltInKeywords.groovy:620)
	at com.kms.katalon.core.webui.keyword.WebUiBuiltInKeywords$click$3.call(Unknown Source)
	at Admin_Create Course Short Name Already Used.run(Admin_Create Course Short Name Already Used:36)
	at com.kms.katalon.core.main.ScriptEngine.run(ScriptEngine.java:194)
	at com.kms.katalon.core.main.ScriptEngine.runScriptAsRawText(ScriptEngine.java:119)
	at com.kms.katalon.core.main.TestCaseExecutor.runScript(TestCaseExecutor.java:442)
	at com.kms.katalon.core.main.TestCaseExecutor.doExecute(TestCaseExecutor.java:433)
	at com.kms.katalon.core.main.TestCaseExecutor.processExecutionPhase(TestCaseExecutor.java:412)
	at com.kms.katalon.core.main.TestCaseExecutor.accessMainPhase(TestCaseExecutor.java:404)
	at com.kms.katalon.core.main.TestCaseExecutor.execute(TestCaseExecutor.java:281)
	at com.kms.katalon.core.main.TestSuiteExecutor.accessTestCaseMainPhase(TestSuiteExecutor.java:202)
	at com.kms.katalon.core.main.TestSuiteExecutor.accessTestSuiteMainPhase(TestSuiteExecutor.java:164)
	at com.kms.katalon.core.main.TestSuiteExecutor.execute(TestSuiteExecutor.java:105)
	at com.kms.katalon.core.main.TestCaseMain.startTestSuite(TestCaseMain.java:181)
	at com.kms.katalon.core.main.TestCaseMain$startTestSuite$0.call(Unknown Source)
	at TempTestSuite1641920935254.run(TempTestSuite1641920935254.groovy:36)
Caused by: com.kms.katalon.core.webui.exception.WebElementNotFoundException: Web element with id: 'Object Repository/Page_Moodle Add a new course/input__saveanddisplay' located by '//input[@id='id_saveanddisplay']' not found
	at com.kms.katalon.core.webui.common.WebUiCommonHelper.findWebElement(WebUiCommonHelper.java:1368)
	at com.kms.katalon.core.webui.keyword.internal.WebUIAbstractKeyword.findWebElement(WebUIAbstractKeyword.groovy:27)
	at com.kms.katalon.core.webui.keyword.builtin.ClickKeyword$_click_closure1.doCall(ClickKeyword.groovy:65)
	at com.kms.katalon.core.webui.keyword.builtin.ClickKeyword$_click_closure1.call(ClickKeyword.groovy)
	at com.kms.katalon.core.webui.keyword.internal.WebUIKeywordMain.runKeyword(WebUIKeywordMain.groovy:20)
	at com.kms.katalon.core.webui.keyword.builtin.ClickKeyword.click(ClickKeyword.groovy:74)
	at com.kms.katalon.core.webui.keyword.builtin.ClickKeyword.execute(ClickKeyword.groovy:40)
	at com.kms.katalon.core.keyword.internal.KeywordExecutor.executeKeywordForPlatform(KeywordExecutor.groovy:74)
	at com.kms.katalon.core.webui.keyword.WebUiBuiltInKeywords.click(WebUiBuiltInKeywords.groovy:620)
	at com.kms.katalon.core.webui.keyword.WebUiBuiltInKeywords$click$3.call(Unknown Source)
	at Script1641460687245.run(Script1641460687245.groovy:36)
	... 13 more
)
[[ATTACHMENT|C:\\Users\\Admin\\Desktop\\Katalon_TestProject\\TestAutomation_Katalon-Test-Project\\Reports\\20220112_000855\\Run All Test Cases\\20220112_000855\\1641921161406.png]]]]></system-out>
         <system-err><![CDATA[2022-01-12 00:11:50 - [TEST_CASE][FAILED] - Test Cases/Admin/Admin Create Course/Admin_Create Course Short Name Already Used: Test Cases/Admin/Admin Create Course/Admin_Create Course Short Name Already Used FAILED.
Reason:
com.kms.katalon.core.exception.StepFailedException: Unable to click on object 'Object Repository/Page_Moodle Add a new course/input__saveanddisplay'
	at com.kms.katalon.core.webui.keyword.internal.WebUIKeywordMain.stepFailed(WebUIKeywordMain.groovy:64)
	at com.kms.katalon.core.webui.keyword.internal.WebUIKeywordMain.runKeyword(WebUIKeywordMain.groovy:26)
	at com.kms.katalon.core.webui.keyword.builtin.ClickKeyword.click(ClickKeyword.groovy:74)
	at com.kms.katalon.core.webui.keyword.builtin.ClickKeyword.execute(ClickKeyword.groovy:40)
	at com.kms.katalon.core.keyword.internal.KeywordExecutor.executeKeywordForPlatform(KeywordExecutor.groovy:74)
	at com.kms.katalon.core.webui.keyword.WebUiBuiltInKeywords.click(WebUiBuiltInKeywords.groovy:620)
	at com.kms.katalon.core.webui.keyword.WebUiBuiltInKeywords$click$3.call(Unknown Source)
	at Admin_Create Course Short Name Already Used.run(Admin_Create Course Short Name Already Used:36)
	at com.kms.katalon.core.main.ScriptEngine.run(ScriptEngine.java:194)
	at com.kms.katalon.core.main.ScriptEngine.runScriptAsRawText(ScriptEngine.java:119)
	at com.kms.katalon.core.main.TestCaseExecutor.runScript(TestCaseExecutor.java:442)
	at com.kms.katalon.core.main.TestCaseExecutor.doExecute(TestCaseExecutor.java:433)
	at com.kms.katalon.core.main.TestCaseExecutor.processExecutionPhase(TestCaseExecutor.java:412)
	at com.kms.katalon.core.main.TestCaseExecutor.accessMainPhase(TestCaseExecutor.java:404)
	at com.kms.katalon.core.main.TestCaseExecutor.execute(TestCaseExecutor.java:281)
	at com.kms.katalon.core.main.TestSuiteExecutor.accessTestCaseMainPhase(TestSuiteExecutor.java:202)
	at com.kms.katalon.core.main.TestSuiteExecutor.accessTestSuiteMainPhase(TestSuiteExecutor.java:164)
	at com.kms.katalon.core.main.TestSuiteExecutor.execute(TestSuiteExecutor.java:105)
	at com.kms.katalon.core.main.TestCaseMain.startTestSuite(TestCaseMain.java:181)
	at com.kms.katalon.core.main.TestCaseMain$startTestSuite$0.call(Unknown Source)
	at TempTestSuite1641920935254.run(TempTestSuite1641920935254.groovy:36)
Caused by: com.kms.katalon.core.webui.exception.WebElementNotFoundException: Web element with id: 'Object Repository/Page_Moodle Add a new course/input__saveanddisplay' located by '//input[@id='id_saveanddisplay']' not found
	at com.kms.katalon.core.webui.common.WebUiCommonHelper.findWebElement(WebUiCommonHelper.java:1368)
	at com.kms.katalon.core.webui.keyword.internal.WebUIAbstractKeyword.findWebElement(WebUIAbstractKeyword.groovy:27)
	at com.kms.katalon.core.webui.keyword.builtin.ClickKeyword$_click_closure1.doCall(ClickKeyword.groovy:65)
	at com.kms.katalon.core.webui.keyword.builtin.ClickKeyword$_click_closure1.call(ClickKeyword.groovy)
	at com.kms.katalon.core.webui.keyword.internal.WebUIKeywordMain.runKeyword(WebUIKeywordMain.groovy:20)
	... 19 more]]></system-err>
      </testcase>
      <testcase name="Test Cases/Student/Student_Calendar/Student_Click on Day_Monthly View" time="17.131" classname="Test Cases/Student/Student_Calendar/Student_Click on Day_Monthly View" status="PASSED">
         <system-out><![CDATA[2022-01-12 00:12:41 - [TEST_CASE][PASSED] - Test Cases/Student/Student_Calendar/Student_Click on Day_Monthly View: Test Cases/Student/Student_Calendar/Student_Click on Day_Monthly View

2022-01-12 00:12:42 - [TEST_STEP][PASSED] - openBrowser(""): Browser is opened with url: ''

2022-01-12 00:12:42 - [MESSAGE][WARNING] - A browser is already opened. Closing browser and opening a new one

2022-01-12 00:12:42 - [MESSAGE][INFO] - Starting 'Chrome' driver

2022-01-12 00:12:42 - [MESSAGE][INFO] - User set preference: ['args', '[window-size=1300,900]']

2022-01-12 00:12:42 - [MESSAGE][INFO] - Action delay is set to 0 milliseconds

2022-01-12 00:12:44 - [MESSAGE][PASSED] - Browser is opened with url: ''

2022-01-12 00:12:44 - [TEST_STEP][PASSED] - navigateToUrl("http://localhost:8080/moodle/"): Navigate to 'http://localhost:8080/moodle/' successfully

2022-01-12 00:12:44 - [MESSAGE][PASSED] - Navigate to 'http://localhost:8080/moodle/' successfully

2022-01-12 00:12:44 - [TEST_STEP][PASSED] - click(findTestObject("Object Repository/Page_BCS Moodle/a_Log in")): Object: 'Object Repository/Page_BCS Moodle/a_Log in' is clicked on

2022-01-12 00:12:45 - [MESSAGE][PASSED] - Object: 'Object Repository/Page_BCS Moodle/a_Log in' is clicked on

2022-01-12 00:12:45 - [TEST_STEP][PASSED] - setText(findTestObject("Object Repository/Page_BCS Moodle Log in to the site/input_Username_username"), "hoangvu"): Text 'hoangvu' is set on object 'Object Repository/Page_BCS Moodle Log in to the site/input_Username_username'

2022-01-12 00:12:46 - [MESSAGE][PASSED] - Text 'hoangvu' is set on object 'Object Repository/Page_BCS Moodle Log in to the site/input_Username_username'

2022-01-12 00:12:46 - [TEST_STEP][PASSED] - setEncryptedText(findTestObject("Object Repository/Page_BCS Moodle Log in to the site/input_Password_password"), "p4y+y39Ir5PR9RXlOHjWlj+CAJiYdX4g"): Text ****** has been set on object 'Object Repository/Page_BCS Moodle Log in to the site/input_Password_password'

2022-01-12 00:12:46 - [MESSAGE][PASSED] - Text ****** has been set on object 'Object Repository/Page_BCS Moodle Log in to the site/input_Password_password'

2022-01-12 00:12:46 - [TEST_STEP][PASSED] - click(findTestObject("Object Repository/Page_BCS Moodle Log in to the site/button_Log in")): Object: 'Object Repository/Page_BCS Moodle Log in to the site/button_Log in' is clicked on

2022-01-12 00:12:49 - [MESSAGE][PASSED] - Object: 'Object Repository/Page_BCS Moodle Log in to the site/button_Log in' is clicked on

2022-01-12 00:12:49 - [TEST_STEP][PASSED] - click(findTestObject("Object Repository/Page_Dashboard/span_Calendar")): Object: 'Object Repository/Page_Dashboard/span_Calendar' is clicked on

2022-01-12 00:12:52 - [MESSAGE][PASSED] - Object: 'Object Repository/Page_Dashboard/span_Calendar' is clicked on

2022-01-12 00:12:52 - [TEST_STEP][PASSED] - click(findTestObject("Object Repository/Page_Moodle Calendar Detailed month view Ja_713ca6/a_4 (1)")): Object: 'Object Repository/Page_Moodle Calendar Detailed month view Ja_713ca6/a_4 (1)' is clicked on

2022-01-12 00:12:53 - [MESSAGE][PASSED] - Object: 'Object Repository/Page_Moodle Calendar Detailed month view Ja_713ca6/a_4 (1)' is clicked on

2022-01-12 00:12:53 - [TEST_STEP][PASSED] - click(findTestObject("Object Repository/Page_Moodle Calendar Detailed month view Ja_713ca6/a_Add submission (2)")): Object: 'Object Repository/Page_Moodle Calendar Detailed month view Ja_713ca6/a_Add submission (2)' is clicked on

2022-01-12 00:12:56 - [MESSAGE][PASSED] - Object: 'Object Repository/Page_Moodle Calendar Detailed month view Ja_713ca6/a_Add submission (2)' is clicked on

2022-01-12 00:12:56 - [TEST_STEP][PASSED] - rightClick(findTestObject("Object Repository/Page_OOP Bi tp 2 - Edit submission/h2_Bi tp 2 (2)")): Object: 'Object Repository/Page_OOP Bi tp 2 - Edit submission/h2_Bi tp 2 (2)' is right clicked on

2022-01-12 00:12:57 - [MESSAGE][PASSED] - Object: 'Object Repository/Page_OOP Bi tp 2 - Edit submission/h2_Bi tp 2 (2)' is right clicked on

2022-01-12 00:12:57 - [TEST_STEP][PASSED] - click(findTestObject("Object Repository/Page_OOP Bi tp 2 - Edit submission/h2_Bi tp 2 (2)")): Object: 'Object Repository/Page_OOP Bi tp 2 - Edit submission/h2_Bi tp 2 (2)' is clicked on

2022-01-12 00:12:57 - [MESSAGE][PASSED] - Object: 'Object Repository/Page_OOP Bi tp 2 - Edit submission/h2_Bi tp 2 (2)' is clicked on

2022-01-12 00:12:57 - [TEST_STEP][PASSED] - verifyElementText(findTestObject("Page_OOP Bi tp 2 - Edit submission/h2_Bi tp 2 (2)"), "Bài tập 2"): Actual text and expected text of test object 'Object Repository/Page_OOP Bi tp 2 - Edit submission/h2_Bi tp 2 (2)' are matched.

2022-01-12 00:12:58 - [MESSAGE][PASSED] - Actual text and expected text of test object 'Object Repository/Page_OOP Bi tp 2 - Edit submission/h2_Bi tp 2 (2)' are matched.

2022-01-12 00:12:58 - [TEST_STEP][PASSED] - closeBrowser(): Browser is closed

2022-01-12 00:12:58 - [MESSAGE][PASSED] - Browser is closed]]></system-out>
         <system-err><![CDATA[]]></system-err>
      </testcase>
      <testcase name="Test Cases/Student/Student_Calendar/Student_Click to Event" time="13.1" classname="Test Cases/Student/Student_Calendar/Student_Click to Event" status="PASSED">
         <system-out><![CDATA[2022-01-12 00:12:58 - [TEST_CASE][PASSED] - Test Cases/Student/Student_Calendar/Student_Click to Event: Test Cases/Student/Student_Calendar/Student_Click to Event

2022-01-12 00:12:58 - [TEST_STEP][PASSED] - openBrowser(""): Browser is opened with url: ''

2022-01-12 00:12:58 - [MESSAGE][INFO] - Starting 'Chrome' driver

2022-01-12 00:12:58 - [MESSAGE][INFO] - User set preference: ['args', '[window-size=1300,900]']

2022-01-12 00:12:58 - [MESSAGE][INFO] - Action delay is set to 0 milliseconds

2022-01-12 00:13:00 - [MESSAGE][PASSED] - Browser is opened with url: ''

2022-01-12 00:13:00 - [TEST_STEP][PASSED] - navigateToUrl("http://localhost:8080/moodle/"): Navigate to 'http://localhost:8080/moodle/' successfully

2022-01-12 00:13:00 - [MESSAGE][PASSED] - Navigate to 'http://localhost:8080/moodle/' successfully

2022-01-12 00:13:00 - [TEST_STEP][PASSED] - click(findTestObject("Object Repository/Page_BCS Moodle/a_Log in")): Object: 'Object Repository/Page_BCS Moodle/a_Log in' is clicked on

2022-01-12 00:13:01 - [MESSAGE][PASSED] - Object: 'Object Repository/Page_BCS Moodle/a_Log in' is clicked on

2022-01-12 00:13:01 - [TEST_STEP][PASSED] - setText(findTestObject("Object Repository/Page_BCS Moodle Log in to the site/input_Username_username"), "hoangvu"): Text 'hoangvu' is set on object 'Object Repository/Page_BCS Moodle Log in to the site/input_Username_username'

2022-01-12 00:13:02 - [MESSAGE][PASSED] - Text 'hoangvu' is set on object 'Object Repository/Page_BCS Moodle Log in to the site/input_Username_username'

2022-01-12 00:13:02 - [TEST_STEP][PASSED] - setEncryptedText(findTestObject("Object Repository/Page_BCS Moodle Log in to the site/input_Password_password"), "p4y+y39Ir5PR9RXlOHjWlj+CAJiYdX4g"): Text ****** has been set on object 'Object Repository/Page_BCS Moodle Log in to the site/input_Password_password'

2022-01-12 00:13:02 - [MESSAGE][PASSED] - Text ****** has been set on object 'Object Repository/Page_BCS Moodle Log in to the site/input_Password_password'

2022-01-12 00:13:02 - [TEST_STEP][PASSED] - click(findTestObject("Object Repository/Page_BCS Moodle Log in to the site/button_Log in")): Object: 'Object Repository/Page_BCS Moodle Log in to the site/button_Log in' is clicked on

2022-01-12 00:13:04 - [MESSAGE][PASSED] - Object: 'Object Repository/Page_BCS Moodle Log in to the site/button_Log in' is clicked on

2022-01-12 00:13:04 - [TEST_STEP][PASSED] - click(findTestObject("Object Repository/Page_Dashboard/span_Calendar")): Object: 'Object Repository/Page_Dashboard/span_Calendar' is clicked on

2022-01-12 00:13:06 - [MESSAGE][PASSED] - Object: 'Object Repository/Page_Dashboard/span_Calendar' is clicked on

2022-01-12 00:13:06 - [TEST_STEP][PASSED] - click(findTestObject("Object Repository/Page_Moodle Calendar Detailed month view Ja_713ca6/span_Bi tp 2 is due (1)")): Object: 'Object Repository/Page_Moodle Calendar Detailed month view Ja_713ca6/span_Bi tp 2 is due (1)' is clicked on

2022-01-12 00:13:08 - [MESSAGE][PASSED] - Object: 'Object Repository/Page_Moodle Calendar Detailed month view Ja_713ca6/span_Bi tp 2 is due (1)' is clicked on

2022-01-12 00:13:08 - [TEST_STEP][PASSED] - click(findTestObject("Object Repository/Page_Moodle Calendar Detailed month view Ja_713ca6/a_Add submission (1)")): Object: 'Object Repository/Page_Moodle Calendar Detailed month view Ja_713ca6/a_Add submission (1)' is clicked on

2022-01-12 00:13:10 - [MESSAGE][PASSED] - Object: 'Object Repository/Page_Moodle Calendar Detailed month view Ja_713ca6/a_Add submission (1)' is clicked on

2022-01-12 00:13:10 - [TEST_STEP][PASSED] - verifyElementText(findTestObject("Object Repository/Page_OOP Bi tp 2 - Edit submission/h2_Bi tp 2 (1)"), "Bài tập 2"): Actual text and expected text of test object 'Object Repository/Page_OOP Bi tp 2 - Edit submission/h2_Bi tp 2 (1)' are matched.

2022-01-12 00:13:11 - [MESSAGE][PASSED] - Actual text and expected text of test object 'Object Repository/Page_OOP Bi tp 2 - Edit submission/h2_Bi tp 2 (1)' are matched.

2022-01-12 00:13:11 - [TEST_STEP][PASSED] - closeBrowser(): Browser is closed

2022-01-12 00:13:11 - [MESSAGE][PASSED] - Browser is closed]]></system-out>
         <system-err><![CDATA[]]></system-err>
      </testcase>
      <testcase name="Test Cases/Student/Student_Calendar/Student_Export Calendar URL" time="15.814" classname="Test Cases/Student/Student_Calendar/Student_Export Calendar URL" status="PASSED">
         <system-out><![CDATA[2022-01-12 00:13:11 - [TEST_CASE][PASSED] - Test Cases/Student/Student_Calendar/Student_Export Calendar URL: Test Cases/Student/Student_Calendar/Student_Export Calendar URL

2022-01-12 00:13:12 - [TEST_STEP][PASSED] - openBrowser(""): Browser is opened with url: ''

2022-01-12 00:13:12 - [MESSAGE][INFO] - Starting 'Chrome' driver

2022-01-12 00:13:12 - [MESSAGE][INFO] - User set preference: ['args', '[window-size=1300,900]']

2022-01-12 00:13:12 - [MESSAGE][INFO] - Action delay is set to 0 milliseconds

2022-01-12 00:13:13 - [MESSAGE][PASSED] - Browser is opened with url: ''

2022-01-12 00:13:13 - [TEST_STEP][PASSED] - navigateToUrl("http://localhost:8080/moodle/"): Navigate to 'http://localhost:8080/moodle/' successfully

2022-01-12 00:13:13 - [MESSAGE][PASSED] - Navigate to 'http://localhost:8080/moodle/' successfully

2022-01-12 00:13:13 - [TEST_STEP][PASSED] - click(findTestObject("Object Repository/Page_BCS Moodle/a_Log in")): Object: 'Object Repository/Page_BCS Moodle/a_Log in' is clicked on

2022-01-12 00:13:14 - [MESSAGE][PASSED] - Object: 'Object Repository/Page_BCS Moodle/a_Log in' is clicked on

2022-01-12 00:13:14 - [TEST_STEP][PASSED] - setText(findTestObject("Object Repository/Page_BCS Moodle Log in to the site/input_Username_username"), "hoangvu"): Text 'hoangvu' is set on object 'Object Repository/Page_BCS Moodle Log in to the site/input_Username_username'

2022-01-12 00:13:15 - [MESSAGE][PASSED] - Text 'hoangvu' is set on object 'Object Repository/Page_BCS Moodle Log in to the site/input_Username_username'

2022-01-12 00:13:15 - [TEST_STEP][PASSED] - setEncryptedText(findTestObject("Object Repository/Page_BCS Moodle Log in to the site/input_Password_password"), "p4y+y39Ir5PR9RXlOHjWlj+CAJiYdX4g"): Text ****** has been set on object 'Object Repository/Page_BCS Moodle Log in to the site/input_Password_password'

2022-01-12 00:13:15 - [MESSAGE][PASSED] - Text ****** has been set on object 'Object Repository/Page_BCS Moodle Log in to the site/input_Password_password'

2022-01-12 00:13:15 - [TEST_STEP][PASSED] - click(findTestObject("Object Repository/Page_BCS Moodle Log in to the site/button_Log in")): Object: 'Object Repository/Page_BCS Moodle Log in to the site/button_Log in' is clicked on

2022-01-12 00:13:17 - [MESSAGE][PASSED] - Object: 'Object Repository/Page_BCS Moodle Log in to the site/button_Log in' is clicked on

2022-01-12 00:13:17 - [TEST_STEP][PASSED] - click(findTestObject("Object Repository/Page_Dashboard/a_Calendar")): Object: 'Object Repository/Page_Dashboard/a_Calendar' is clicked on

2022-01-12 00:13:20 - [MESSAGE][PASSED] - Object: 'Object Repository/Page_Dashboard/a_Calendar' is clicked on

2022-01-12 00:13:20 - [TEST_STEP][PASSED] - click(findTestObject("Object Repository/Page_Moodle Calendar Detailed month view Ja_713ca6/button_Export calendar")): Object: 'Object Repository/Page_Moodle Calendar Detailed month view Ja_713ca6/button_Export calendar' is clicked on

2022-01-12 00:13:22 - [MESSAGE][PASSED] - Object: 'Object Repository/Page_Moodle Calendar Detailed month view Ja_713ca6/button_Export calendar' is clicked on

2022-01-12 00:13:22 - [TEST_STEP][PASSED] - click(findTestObject("Object Repository/Page_Moodle Calendar Export/input_Events related to courses_eventsexportevents")): Object: 'Object Repository/Page_Moodle Calendar Export/input_Events related to courses_eventsexportevents' is clicked on

2022-01-12 00:13:23 - [MESSAGE][PASSED] - Object: 'Object Repository/Page_Moodle Calendar Export/input_Events related to courses_eventsexportevents' is clicked on

2022-01-12 00:13:23 - [TEST_STEP][PASSED] - click(findTestObject("Object Repository/Page_Moodle Calendar Export/input_This month_periodtimeperiod")): Object: 'Object Repository/Page_Moodle Calendar Export/input_This month_periodtimeperiod' is clicked on

2022-01-12 00:13:24 - [MESSAGE][PASSED] - Object: 'Object Repository/Page_Moodle Calendar Export/input_This month_periodtimeperiod' is clicked on

2022-01-12 00:13:24 - [TEST_STEP][PASSED] - click(findTestObject("Object Repository/Page_Moodle Calendar Export/input_Custom range (30122 - 80123)_generateurl")): Object: 'Object Repository/Page_Moodle Calendar Export/input_Custom range (30122 - 80123)_generateurl' is clicked on

2022-01-12 00:13:25 - [MESSAGE][PASSED] - Object: 'Object Repository/Page_Moodle Calendar Export/input_Custom range (30122 - 80123)_generateurl' is clicked on

2022-01-12 00:13:25 - [TEST_STEP][PASSED] - click(findTestObject("Object Repository/Page_Moodle Calendar Export/div_Calendar URL httplocalhost8080moodlecal_fcc980")): Object: 'Object Repository/Page_Moodle Calendar Export/div_Calendar URL httplocalhost8080moodlecal_fcc980' is clicked on

2022-01-12 00:13:26 - [MESSAGE][PASSED] - Object: 'Object Repository/Page_Moodle Calendar Export/div_Calendar URL httplocalhost8080moodlecal_fcc980' is clicked on

2022-01-12 00:13:26 - [TEST_STEP][PASSED] - verifyElementPresent(findTestObject("Page_Moodle Calendar Export/div_Calendar URL httplocalhost8080moodlecal_fcc980"), 0): Object 'Object Repository/Page_Moodle Calendar Export/div_Calendar URL httplocalhost8080moodlecal_fcc980' is present

2022-01-12 00:13:26 - [MESSAGE][WARNING] - Timeout '0' is invalid. Using default page load timeout: '30'

2022-01-12 00:13:26 - [MESSAGE][PASSED] - Object 'Object Repository/Page_Moodle Calendar Export/div_Calendar URL httplocalhost8080moodlecal_fcc980' is present

2022-01-12 00:13:26 - [TEST_STEP][PASSED] - closeBrowser(): Browser is closed

2022-01-12 00:13:27 - [MESSAGE][PASSED] - Browser is closed]]></system-out>
         <system-err><![CDATA[]]></system-err>
      </testcase>
      <testcase name="Test Cases/Student/Student_Choice/Student_Multitple Choice" time="14.218" classname="Test Cases/Student/Student_Choice/Student_Multitple Choice" status="PASSED">
         <system-out><![CDATA[2022-01-12 00:13:27 - [TEST_CASE][PASSED] - Test Cases/Student/Student_Choice/Student_Multitple Choice: Test Cases/Student/Student_Choice/Student_Multitple Choice

2022-01-12 00:13:27 - [TEST_STEP][PASSED] - openBrowser(""): Browser is opened with url: ''

2022-01-12 00:13:27 - [MESSAGE][INFO] - Starting 'Chrome' driver

2022-01-12 00:13:27 - [MESSAGE][INFO] - User set preference: ['args', '[window-size=1300,900]']

2022-01-12 00:13:27 - [MESSAGE][INFO] - Action delay is set to 0 milliseconds

2022-01-12 00:13:29 - [MESSAGE][PASSED] - Browser is opened with url: ''

2022-01-12 00:13:29 - [TEST_STEP][PASSED] - navigateToUrl("http://localhost:8080/moodle/"): Navigate to 'http://localhost:8080/moodle/' successfully

2022-01-12 00:13:29 - [MESSAGE][PASSED] - Navigate to 'http://localhost:8080/moodle/' successfully

2022-01-12 00:13:29 - [TEST_STEP][PASSED] - click(findTestObject("Object Repository/Page_BCS Moodle/a_Log in")): Object: 'Object Repository/Page_BCS Moodle/a_Log in' is clicked on

2022-01-12 00:13:30 - [MESSAGE][PASSED] - Object: 'Object Repository/Page_BCS Moodle/a_Log in' is clicked on

2022-01-12 00:13:30 - [TEST_STEP][PASSED] - setText(findTestObject("Object Repository/Page_BCS Moodle Log in to the site/input_Username_username"), "hoangvu"): Text 'hoangvu' is set on object 'Object Repository/Page_BCS Moodle Log in to the site/input_Username_username'

2022-01-12 00:13:31 - [MESSAGE][PASSED] - Text 'hoangvu' is set on object 'Object Repository/Page_BCS Moodle Log in to the site/input_Username_username'

2022-01-12 00:13:31 - [TEST_STEP][PASSED] - setEncryptedText(findTestObject("Object Repository/Page_BCS Moodle Log in to the site/input_Password_password"), "p4y+y39Ir5PR9RXlOHjWlj+CAJiYdX4g"): Text ****** has been set on object 'Object Repository/Page_BCS Moodle Log in to the site/input_Password_password'

2022-01-12 00:13:31 - [MESSAGE][PASSED] - Text ****** has been set on object 'Object Repository/Page_BCS Moodle Log in to the site/input_Password_password'

2022-01-12 00:13:31 - [TEST_STEP][PASSED] - click(findTestObject("Object Repository/Page_BCS Moodle Log in to the site/button_Log in")): Object: 'Object Repository/Page_BCS Moodle Log in to the site/button_Log in' is clicked on

2022-01-12 00:13:33 - [MESSAGE][PASSED] - Object: 'Object Repository/Page_BCS Moodle Log in to the site/button_Log in' is clicked on

2022-01-12 00:13:33 - [TEST_STEP][PASSED] - click(findTestObject("Object Repository/Page_Dashboard/span_OOP")): Object: 'Object Repository/Page_Dashboard/span_OOP' is clicked on

2022-01-12 00:13:36 - [MESSAGE][PASSED] - Object: 'Object Repository/Page_Dashboard/span_OOP' is clicked on

2022-01-12 00:13:36 - [TEST_STEP][PASSED] - click(findTestObject("Object Repository/Page_Course Lp trnh hng i tng 19CTT3/span_Chn ngy thi Choice")): Object: 'Object Repository/Page_Course Lp trnh hng i tng 19CTT3/span_Chn ngy thi Choice' is clicked on

2022-01-12 00:13:37 - [MESSAGE][PASSED] - Object: 'Object Repository/Page_Course Lp trnh hng i tng 19CTT3/span_Chn ngy thi Choice' is clicked on

2022-01-12 00:13:37 - [TEST_STEP][PASSED] - click(findTestObject("Object Repository/Page_Chn ngy thi/input__answer")): Object: 'Object Repository/Page_Chn ngy thi/input__answer' is clicked on

2022-01-12 00:13:38 - [MESSAGE][PASSED] - Object: 'Object Repository/Page_Chn ngy thi/input__answer' is clicked on

2022-01-12 00:13:38 - [TEST_STEP][PASSED] - click(findTestObject("Object Repository/Page_Chn ngy thi/input__answer_1")): Object: 'Object Repository/Page_Chn ngy thi/input__answer_1' is clicked on

2022-01-12 00:13:39 - [MESSAGE][PASSED] - Object: 'Object Repository/Page_Chn ngy thi/input__answer_1' is clicked on

2022-01-12 00:13:39 - [TEST_STEP][PASSED] - click(findTestObject("Object Repository/Page_Chn ngy thi/input__btn btn-primary")): Object: 'Object Repository/Page_Chn ngy thi/input__btn btn-primary' is clicked on

2022-01-12 00:13:40 - [MESSAGE][PASSED] - Object: 'Object Repository/Page_Chn ngy thi/input__btn btn-primary' is clicked on

2022-01-12 00:13:40 - [TEST_STEP][PASSED] - verifyElementText(findTestObject("Object Repository/Page_Chn ngy thi/div_Your selection 211 241"), "Your selection: 21/1; 24/1"): Actual text and expected text of test object 'Object Repository/Page_Chn ngy thi/div_Your selection 211 241' are matched.

2022-01-12 00:13:41 - [MESSAGE][PASSED] - Actual text and expected text of test object 'Object Repository/Page_Chn ngy thi/div_Your selection 211 241' are matched.

2022-01-12 00:13:41 - [TEST_STEP][PASSED] - closeBrowser(): Browser is closed

2022-01-12 00:13:41 - [MESSAGE][PASSED] - Browser is closed]]></system-out>
         <system-err><![CDATA[]]></system-err>
      </testcase>
      <testcase name="Test Cases/Student/Student_Choice/Student_Single Choice" time="13.815" classname="Test Cases/Student/Student_Choice/Student_Single Choice" status="PASSED">
         <system-out><![CDATA[2022-01-12 00:13:41 - [TEST_CASE][PASSED] - Test Cases/Student/Student_Choice/Student_Single Choice: Test Cases/Student/Student_Choice/Student_Single Choice

2022-01-12 00:13:42 - [TEST_STEP][PASSED] - openBrowser(""): Browser is opened with url: ''

2022-01-12 00:13:42 - [MESSAGE][INFO] - Starting 'Chrome' driver

2022-01-12 00:13:42 - [MESSAGE][INFO] - User set preference: ['args', '[window-size=1300,900]']

2022-01-12 00:13:42 - [MESSAGE][INFO] - Action delay is set to 0 milliseconds

2022-01-12 00:13:43 - [MESSAGE][PASSED] - Browser is opened with url: ''

2022-01-12 00:13:43 - [TEST_STEP][PASSED] - navigateToUrl("http://localhost:8080/moodle/"): Navigate to 'http://localhost:8080/moodle/' successfully

2022-01-12 00:13:43 - [MESSAGE][PASSED] - Navigate to 'http://localhost:8080/moodle/' successfully

2022-01-12 00:13:43 - [TEST_STEP][PASSED] - click(findTestObject("Object Repository/Page_BCS Moodle/a_Log in")): Object: 'Object Repository/Page_BCS Moodle/a_Log in' is clicked on

2022-01-12 00:13:44 - [MESSAGE][PASSED] - Object: 'Object Repository/Page_BCS Moodle/a_Log in' is clicked on

2022-01-12 00:13:44 - [TEST_STEP][PASSED] - click(findTestObject("Object Repository/Page_BCS Moodle Log in to the site/form_document.getElementById(anchor).value _70e5d4")): Object: 'Object Repository/Page_BCS Moodle Log in to the site/form_document.getElementById(anchor).value _70e5d4' is clicked on

2022-01-12 00:13:45 - [MESSAGE][PASSED] - Object: 'Object Repository/Page_BCS Moodle Log in to the site/form_document.getElementById(anchor).value _70e5d4' is clicked on

2022-01-12 00:13:45 - [TEST_STEP][PASSED] - setText(findTestObject("Object Repository/Page_BCS Moodle Log in to the site/input_Username_username"), "hoangvu"): Text 'hoangvu' is set on object 'Object Repository/Page_BCS Moodle Log in to the site/input_Username_username'

2022-01-12 00:13:46 - [MESSAGE][PASSED] - Text 'hoangvu' is set on object 'Object Repository/Page_BCS Moodle Log in to the site/input_Username_username'

2022-01-12 00:13:46 - [TEST_STEP][PASSED] - setEncryptedText(findTestObject("Object Repository/Page_BCS Moodle Log in to the site/input_Password_password"), "p4y+y39Ir5PR9RXlOHjWlj+CAJiYdX4g"): Text ****** has been set on object 'Object Repository/Page_BCS Moodle Log in to the site/input_Password_password'

2022-01-12 00:13:46 - [MESSAGE][PASSED] - Text ****** has been set on object 'Object Repository/Page_BCS Moodle Log in to the site/input_Password_password'

2022-01-12 00:13:46 - [TEST_STEP][PASSED] - click(findTestObject("Object Repository/Page_BCS Moodle Log in to the site/button_Log in")): Object: 'Object Repository/Page_BCS Moodle Log in to the site/button_Log in' is clicked on

2022-01-12 00:13:48 - [MESSAGE][PASSED] - Object: 'Object Repository/Page_BCS Moodle Log in to the site/button_Log in' is clicked on

2022-01-12 00:13:48 - [TEST_STEP][PASSED] - click(findTestObject("Object Repository/Page_Dashboard/span_OOP")): Object: 'Object Repository/Page_Dashboard/span_OOP' is clicked on

2022-01-12 00:13:50 - [MESSAGE][PASSED] - Object: 'Object Repository/Page_Dashboard/span_OOP' is clicked on

2022-01-12 00:13:50 - [TEST_STEP][PASSED] - click(findTestObject("Object Repository/Page_Course Lp trnh hng i tng 19CTT3/span_Chn 1 bui hc b Choice")): Object: 'Object Repository/Page_Course Lp trnh hng i tng 19CTT3/span_Chn 1 bui hc b Choice' is clicked on

2022-01-12 00:13:52 - [MESSAGE][PASSED] - Object: 'Object Repository/Page_Course Lp trnh hng i tng 19CTT3/span_Chn 1 bui hc b Choice' is clicked on

2022-01-12 00:13:52 - [TEST_STEP][PASSED] - click(findTestObject("Object Repository/Page_Chn 1 bui hc b/input__answer (1)")): Object: 'Object Repository/Page_Chn 1 bui hc b/input__answer (1)' is clicked on

2022-01-12 00:13:52 - [MESSAGE][PASSED] - Object: 'Object Repository/Page_Chn 1 bui hc b/input__answer (1)' is clicked on

2022-01-12 00:13:52 - [TEST_STEP][PASSED] - click(findTestObject("Object Repository/Page_Chn 1 bui hc b/input__btn btn-primary (1)")): Object: 'Object Repository/Page_Chn 1 bui hc b/input__btn btn-primary (1)' is clicked on

2022-01-12 00:13:54 - [MESSAGE][PASSED] - Object: 'Object Repository/Page_Chn 1 bui hc b/input__btn btn-primary (1)' is clicked on

2022-01-12 00:13:54 - [TEST_STEP][PASSED] - verifyElementText(findTestObject("Object Repository/Page_Chn 1 bui hc b/div_Your selection 141"), "Your selection: 14/1"): Actual text and expected text of test object 'Object Repository/Page_Chn 1 bui hc b/div_Your selection 141' are matched.

2022-01-12 00:13:54 - [MESSAGE][PASSED] - Actual text and expected text of test object 'Object Repository/Page_Chn 1 bui hc b/div_Your selection 141' are matched.

2022-01-12 00:13:54 - [TEST_STEP][PASSED] - closeBrowser(): Browser is closed

2022-01-12 00:13:55 - [MESSAGE][PASSED] - Browser is closed]]></system-out>
         <system-err><![CDATA[]]></system-err>
      </testcase>
      <testcase name="Test Cases/Student/Student_Click Url/Student_ Click link url raw" time="44.173" classname="Test Cases/Student/Student_Click Url/Student_ Click link url raw" status="PASSED">
         <system-out><![CDATA[2022-01-12 00:13:55 - [TEST_CASE][PASSED] - Test Cases/Student/Student_Click Url/Student_ Click link url raw: Test Cases/Student/Student_Click Url/Student_ Click link url raw

2022-01-12 00:13:55 - [TEST_STEP][PASSED] - openBrowser(""): Browser is opened with url: ''

2022-01-12 00:13:55 - [MESSAGE][INFO] - Starting 'Chrome' driver

2022-01-12 00:13:55 - [MESSAGE][INFO] - User set preference: ['args', '[window-size=1300,900]']

2022-01-12 00:13:55 - [MESSAGE][INFO] - Action delay is set to 0 milliseconds

2022-01-12 00:13:57 - [MESSAGE][PASSED] - Browser is opened with url: ''

2022-01-12 00:13:57 - [TEST_STEP][PASSED] - navigateToUrl("http://localhost:8080/moodle/"): Navigate to 'http://localhost:8080/moodle/' successfully

2022-01-12 00:13:57 - [MESSAGE][PASSED] - Navigate to 'http://localhost:8080/moodle/' successfully

2022-01-12 00:13:57 - [TEST_STEP][PASSED] - click(findTestObject("Object Repository/Page_BCS Moodle/a_Log in")): Object: 'Object Repository/Page_BCS Moodle/a_Log in' is clicked on

2022-01-12 00:13:58 - [MESSAGE][PASSED] - Object: 'Object Repository/Page_BCS Moodle/a_Log in' is clicked on

2022-01-12 00:13:58 - [TEST_STEP][PASSED] - click(findTestObject("Object Repository/Page_BCS Moodle Log in to the site/form_document.getElementById(anchor).value _70e5d4")): Object: 'Object Repository/Page_BCS Moodle Log in to the site/form_document.getElementById(anchor).value _70e5d4' is clicked on

2022-01-12 00:13:58 - [MESSAGE][PASSED] - Object: 'Object Repository/Page_BCS Moodle Log in to the site/form_document.getElementById(anchor).value _70e5d4' is clicked on

2022-01-12 00:13:58 - [TEST_STEP][PASSED] - setText(findTestObject("Object Repository/Page_BCS Moodle Log in to the site/input_Username_username"), "hoangvu"): Text 'hoangvu' is set on object 'Object Repository/Page_BCS Moodle Log in to the site/input_Username_username'

2022-01-12 00:13:59 - [MESSAGE][PASSED] - Text 'hoangvu' is set on object 'Object Repository/Page_BCS Moodle Log in to the site/input_Username_username'

2022-01-12 00:13:59 - [TEST_STEP][PASSED] - setEncryptedText(findTestObject("Object Repository/Page_BCS Moodle Log in to the site/input_Password_password"), "p4y+y39Ir5PR9RXlOHjWlj+CAJiYdX4g"): Text ****** has been set on object 'Object Repository/Page_BCS Moodle Log in to the site/input_Password_password'

2022-01-12 00:14:00 - [MESSAGE][PASSED] - Text ****** has been set on object 'Object Repository/Page_BCS Moodle Log in to the site/input_Password_password'

2022-01-12 00:14:00 - [TEST_STEP][PASSED] - click(findTestObject("Object Repository/Page_BCS Moodle Log in to the site/button_Log in")): Object: 'Object Repository/Page_BCS Moodle Log in to the site/button_Log in' is clicked on

2022-01-12 00:14:01 - [MESSAGE][PASSED] - Object: 'Object Repository/Page_BCS Moodle Log in to the site/button_Log in' is clicked on

2022-01-12 00:14:01 - [TEST_STEP][PASSED] - click(findTestObject("Object Repository/Page_Dashboard/span_OOP")): Object: 'Object Repository/Page_Dashboard/span_OOP' is clicked on

2022-01-12 00:14:04 - [MESSAGE][PASSED] - Object: 'Object Repository/Page_Dashboard/span_OOP' is clicked on

2022-01-12 00:14:04 - [TEST_STEP][PASSED] - click(findTestObject("Object Repository/Page_Course Lp trnh hng i tng 19CTT3/span_Link Zoom mn hc URL")): Object: 'Object Repository/Page_Course Lp trnh hng i tng 19CTT3/span_Link Zoom mn hc URL' is clicked on

2022-01-12 00:14:05 - [MESSAGE][PASSED] - Object: 'Object Repository/Page_Course Lp trnh hng i tng 19CTT3/span_Link Zoom mn hc URL' is clicked on

2022-01-12 00:14:05 - [TEST_STEP][PASSED] - navigateToUrl("http://localhost:8080/moodle/mod/url/view.php?id=14"): Navigate to 'http://localhost:8080/moodle/mod/url/view.php?id=14' successfully

2022-01-12 00:14:06 - [MESSAGE][PASSED] - Navigate to 'http://localhost:8080/moodle/mod/url/view.php?id=14' successfully

2022-01-12 00:14:06 - [TEST_STEP][PASSED] - click(findTestObject("Object Repository/Page_OOP Link Zoom mn hc/a_httpsfithcmus.zoom.usj97609347249pwdb3NsN_96082d")): Object: 'Object Repository/Page_OOP Link Zoom mn hc/a_httpsfithcmus.zoom.usj97609347249pwdb3NsN_96082d' is clicked on

2022-01-12 00:14:37 - [MESSAGE][INFO] - Unable to find the element located by 'By.xpath: //section[@id='region-main']/div/div[2]/a'. Please recheck the objects properties to make sure the desired element is located. 

2022-01-12 00:14:37 - [MESSAGE][WARNING] - [SELF-HEALING] Failed to find element with id 'Object Repository/Page_OOP Link Zoom mn hc/a_httpsfithcmus.zoom.usj97609347249pwdb3NsN_96082d'. Try using Self-healing.

2022-01-12 00:14:37 - [MESSAGE][INFO] - [SELF-HEALING] Failed Locator: '//section[@id='region-main']/div/div[2]/a'.

2022-01-12 00:14:38 - [MESSAGE][INFO] - [SELF-HEALING] Failed Locator: '//a[contains(text(),'https://fithcmus.zoom.us/j/97609347249?pwd=b3NsN01EUEhwNXlpTFVyc3QxODMxdz09')]'.

2022-01-12 00:14:38 - [MESSAGE][INFO] - [SELF-HEALING] Working Locator: '(.//*[normalize-space(text()) and normalize-space(.)='Mark as done'])[1]/following::a[1]'.

2022-01-12 00:14:38 - [MESSAGE][INFO] - [SELF-HEALING] Screenshot: C:/Users/Admin/Desktop/Katalon_TestProject/TestAutomation_Katalon-Test-Project/Reports/Self-healing/Object Repository/Page_OOP Link Zoom mn hc/a_httpsfithcmus.zoom.usj97609347249pwdb3NsN_96082d_neighbor.png

2022-01-12 00:14:38 - [MESSAGE][WARNING] - [SELF-HEALING] The current locator of test object 'Object Repository/Page_OOP Link Zoom mn hc/a_httpsfithcmus.zoom.usj97609347249pwdb3NsN_96082d' was broken. Propose an alternative one: '(.//*[normalize-space(text()) and normalize-space(.)='Mark as done'])[1]/following::a[1]'.

2022-01-12 00:14:39 - [MESSAGE][PASSED] - Object: 'Object Repository/Page_OOP Link Zoom mn hc/a_httpsfithcmus.zoom.usj97609347249pwdb3NsN_96082d' is clicked on

2022-01-12 00:14:39 - [TEST_STEP][PASSED] - closeBrowser(): Browser is closed

2022-01-12 00:14:39 - [MESSAGE][PASSED] - Browser is closed]]></system-out>
         <system-err><![CDATA[]]></system-err>
      </testcase>
      <testcase name="Test Cases/Student/Student_Event/Student_Create Event Success" time="14.969" classname="Test Cases/Student/Student_Event/Student_Create Event Success" status="PASSED">
         <system-out><![CDATA[2022-01-12 00:14:39 - [TEST_CASE][PASSED] - Test Cases/Student/Student_Event/Student_Create Event Success: Test Cases/Student/Student_Event/Student_Create Event Success

2022-01-12 00:14:40 - [TEST_STEP][PASSED] - openBrowser(""): Browser is opened with url: ''

2022-01-12 00:14:40 - [MESSAGE][INFO] - Starting 'Chrome' driver

2022-01-12 00:14:40 - [MESSAGE][INFO] - User set preference: ['args', '[window-size=1300,900]']

2022-01-12 00:14:40 - [MESSAGE][INFO] - Action delay is set to 0 milliseconds

2022-01-12 00:14:41 - [MESSAGE][PASSED] - Browser is opened with url: ''

2022-01-12 00:14:41 - [TEST_STEP][PASSED] - navigateToUrl("http://localhost:8080/moodle/"): Navigate to 'http://localhost:8080/moodle/' successfully

2022-01-12 00:14:41 - [MESSAGE][PASSED] - Navigate to 'http://localhost:8080/moodle/' successfully

2022-01-12 00:14:41 - [TEST_STEP][PASSED] - click(findTestObject("Object Repository/Page_BCS Moodle/a_Log in")): Object: 'Object Repository/Page_BCS Moodle/a_Log in' is clicked on

2022-01-12 00:14:42 - [MESSAGE][PASSED] - Object: 'Object Repository/Page_BCS Moodle/a_Log in' is clicked on

2022-01-12 00:14:42 - [TEST_STEP][PASSED] - setText(findTestObject("Object Repository/Page_BCS Moodle Log in to the site/input_Username_username"), "hoangvu"): Text 'hoangvu' is set on object 'Object Repository/Page_BCS Moodle Log in to the site/input_Username_username'

2022-01-12 00:14:43 - [MESSAGE][PASSED] - Text 'hoangvu' is set on object 'Object Repository/Page_BCS Moodle Log in to the site/input_Username_username'

2022-01-12 00:14:43 - [TEST_STEP][PASSED] - setEncryptedText(findTestObject("Object Repository/Page_BCS Moodle Log in to the site/input_Password_password"), "p4y+y39Ir5PR9RXlOHjWlj+CAJiYdX4g"): Text ****** has been set on object 'Object Repository/Page_BCS Moodle Log in to the site/input_Password_password'

2022-01-12 00:14:44 - [MESSAGE][PASSED] - Text ****** has been set on object 'Object Repository/Page_BCS Moodle Log in to the site/input_Password_password'

2022-01-12 00:14:44 - [TEST_STEP][PASSED] - click(findTestObject("Object Repository/Page_BCS Moodle Log in to the site/button_Log in")): Object: 'Object Repository/Page_BCS Moodle Log in to the site/button_Log in' is clicked on

2022-01-12 00:14:45 - [MESSAGE][PASSED] - Object: 'Object Repository/Page_BCS Moodle Log in to the site/button_Log in' is clicked on

2022-01-12 00:14:45 - [TEST_STEP][PASSED] - click(findTestObject("Object Repository/Page_Dashboard/span_Calendar")): Object: 'Object Repository/Page_Dashboard/span_Calendar' is clicked on

2022-01-12 00:14:48 - [MESSAGE][PASSED] - Object: 'Object Repository/Page_Dashboard/span_Calendar' is clicked on

2022-01-12 00:14:48 - [TEST_STEP][PASSED] - click(findTestObject("Object Repository/Page_Moodle Calendar Detailed month view Ja_713ca6/button_New event")): Object: 'Object Repository/Page_Moodle Calendar Detailed month view Ja_713ca6/button_New event' is clicked on

2022-01-12 00:14:49 - [MESSAGE][PASSED] - Object: 'Object Repository/Page_Moodle Calendar Detailed month view Ja_713ca6/button_New event' is clicked on

2022-01-12 00:14:49 - [TEST_STEP][PASSED] - setText(findTestObject("Object Repository/Page_Moodle Calendar Detailed month view Ja_713ca6/input_Event title_name"), "Homework 1"): Text 'Homework 1' is set on object 'Object Repository/Page_Moodle Calendar Detailed month view Ja_713ca6/input_Event title_name'

2022-01-12 00:14:52 - [MESSAGE][PASSED] - Text 'Homework 1' is set on object 'Object Repository/Page_Moodle Calendar Detailed month view Ja_713ca6/input_Event title_name'

2022-01-12 00:14:52 - [TEST_STEP][PASSED] - selectOptionByValue(findTestObject("Object Repository/Page_Moodle Calendar Detailed month view Ja_713ca6/select_1        2        3        4        _45ea30"), "9", true): All options with value '9' are selected in object 'Object Repository/Page_Moodle Calendar Detailed month view Ja_713ca6/select_1        2        3        4        _45ea30'  using regular expression

2022-01-12 00:14:53 - [MESSAGE][PASSED] - All options with value '9' are selected in object 'Object Repository/Page_Moodle Calendar Detailed month view Ja_713ca6/select_1        2        3        4        _45ea30'  using regular expression

2022-01-12 00:14:53 - [TEST_STEP][PASSED] - click(findTestObject("Object Repository/Page_Moodle Calendar Detailed month view Ja_713ca6/button_Save")): Object: 'Object Repository/Page_Moodle Calendar Detailed month view Ja_713ca6/button_Save' is clicked on

2022-01-12 00:14:54 - [MESSAGE][PASSED] - Object: 'Object Repository/Page_Moodle Calendar Detailed month view Ja_713ca6/button_Save' is clicked on

2022-01-12 00:14:54 - [TEST_STEP][PASSED] - closeBrowser(): Browser is closed

2022-01-12 00:14:54 - [MESSAGE][PASSED] - Browser is closed]]></system-out>
         <system-err><![CDATA[]]></system-err>
      </testcase>
      <testcase name="Test Cases/Student/Student_Event/Student_Create Event without name" time="46.691" classname="Test Cases/Student/Student_Event/Student_Create Event without name" status="PASSED">
         <system-out><![CDATA[2022-01-12 00:14:54 - [TEST_CASE][PASSED] - Test Cases/Student/Student_Event/Student_Create Event without name: Test Cases/Student/Student_Event/Student_Create Event without name

2022-01-12 00:14:55 - [TEST_STEP][PASSED] - openBrowser(""): Browser is opened with url: ''

2022-01-12 00:14:55 - [MESSAGE][INFO] - Starting 'Chrome' driver

2022-01-12 00:14:55 - [MESSAGE][INFO] - User set preference: ['args', '[window-size=1300,900]']

2022-01-12 00:14:55 - [MESSAGE][INFO] - Action delay is set to 0 milliseconds

2022-01-12 00:14:56 - [MESSAGE][PASSED] - Browser is opened with url: ''

2022-01-12 00:14:56 - [TEST_STEP][PASSED] - navigateToUrl("http://localhost:8080/moodle/"): Navigate to 'http://localhost:8080/moodle/' successfully

2022-01-12 00:14:57 - [MESSAGE][PASSED] - Navigate to 'http://localhost:8080/moodle/' successfully

2022-01-12 00:14:57 - [TEST_STEP][PASSED] - click(findTestObject("Object Repository/Page_BCS Moodle/a_Log in")): Object: 'Object Repository/Page_BCS Moodle/a_Log in' is clicked on

2022-01-12 00:14:58 - [MESSAGE][PASSED] - Object: 'Object Repository/Page_BCS Moodle/a_Log in' is clicked on

2022-01-12 00:14:58 - [TEST_STEP][PASSED] - click(findTestObject("Object Repository/Page_BCS Moodle Log in to the site/input_Username_username")): Object: 'Object Repository/Page_BCS Moodle Log in to the site/input_Username_username' is clicked on

2022-01-12 00:15:00 - [MESSAGE][PASSED] - Object: 'Object Repository/Page_BCS Moodle Log in to the site/input_Username_username' is clicked on

2022-01-12 00:15:00 - [TEST_STEP][PASSED] - doubleClick(findTestObject("Object Repository/Page_BCS Moodle Log in to the site/input_Username_username")): Object: 'Object Repository/Page_BCS Moodle Log in to the site/input_Username_username' is double clicked on

2022-01-12 00:15:10 - [MESSAGE][PASSED] - Object: 'Object Repository/Page_BCS Moodle Log in to the site/input_Username_username' is double clicked on

2022-01-12 00:15:10 - [TEST_STEP][PASSED] - setText(findTestObject("Object Repository/Page_BCS Moodle Log in to the site/input_Username_username"), "hoangvu"): Text 'hoangvu' is set on object 'Object Repository/Page_BCS Moodle Log in to the site/input_Username_username'

2022-01-12 00:15:13 - [MESSAGE][PASSED] - Text 'hoangvu' is set on object 'Object Repository/Page_BCS Moodle Log in to the site/input_Username_username'

2022-01-12 00:15:13 - [TEST_STEP][PASSED] - setEncryptedText(findTestObject("Object Repository/Page_BCS Moodle Log in to the site/input_Password_password"), "p4y+y39Ir5PR9RXlOHjWlj+CAJiYdX4g"): Text ****** has been set on object 'Object Repository/Page_BCS Moodle Log in to the site/input_Password_password'

2022-01-12 00:15:16 - [MESSAGE][PASSED] - Text ****** has been set on object 'Object Repository/Page_BCS Moodle Log in to the site/input_Password_password'

2022-01-12 00:15:16 - [TEST_STEP][PASSED] - click(findTestObject("Object Repository/Page_BCS Moodle Log in to the site/button_Log in")): Object: 'Object Repository/Page_BCS Moodle Log in to the site/button_Log in' is clicked on

2022-01-12 00:15:19 - [MESSAGE][PASSED] - Object: 'Object Repository/Page_BCS Moodle Log in to the site/button_Log in' is clicked on

2022-01-12 00:15:19 - [TEST_STEP][PASSED] - click(findTestObject("Object Repository/Page_Dashboard/span_Calendar")): Object: 'Object Repository/Page_Dashboard/span_Calendar' is clicked on

2022-01-12 00:15:23 - [MESSAGE][PASSED] - Object: 'Object Repository/Page_Dashboard/span_Calendar' is clicked on

2022-01-12 00:15:23 - [TEST_STEP][PASSED] - click(findTestObject("Object Repository/Page_Moodle Calendar Detailed month view Ja_713ca6/button_New event")): Object: 'Object Repository/Page_Moodle Calendar Detailed month view Ja_713ca6/button_New event' is clicked on

2022-01-12 00:15:26 - [MESSAGE][PASSED] - Object: 'Object Repository/Page_Moodle Calendar Detailed month view Ja_713ca6/button_New event' is clicked on

2022-01-12 00:15:26 - [TEST_STEP][PASSED] - selectOptionByValue(findTestObject("Object Repository/Page_Moodle Calendar Detailed month view Ja_713ca6/select_January        February        March_78ea2e"), "5", true): All options with value '5' are selected in object 'Object Repository/Page_Moodle Calendar Detailed month view Ja_713ca6/select_January        February        March_78ea2e'  using regular expression

2022-01-12 00:15:39 - [MESSAGE][PASSED] - All options with value '5' are selected in object 'Object Repository/Page_Moodle Calendar Detailed month view Ja_713ca6/select_January        February        March_78ea2e'  using regular expression

2022-01-12 00:15:39 - [TEST_STEP][PASSED] - click(findTestObject("Object Repository/Page_Moodle Calendar Detailed month view Ja_713ca6/button_Save")): Object: 'Object Repository/Page_Moodle Calendar Detailed month view Ja_713ca6/button_Save' is clicked on

2022-01-12 00:15:40 - [MESSAGE][PASSED] - Object: 'Object Repository/Page_Moodle Calendar Detailed month view Ja_713ca6/button_Save' is clicked on

2022-01-12 00:15:40 - [TEST_STEP][PASSED] - verifyElementText(findTestObject("Object Repository/Page_Moodle Calendar Detailed month view Ja_713ca6/div_- Required"), "- Required"): Actual text and expected text of test object 'Object Repository/Page_Moodle Calendar Detailed month view Ja_713ca6/div_- Required' are matched.

2022-01-12 00:15:40 - [MESSAGE][PASSED] - Actual text and expected text of test object 'Object Repository/Page_Moodle Calendar Detailed month view Ja_713ca6/div_- Required' are matched.

2022-01-12 00:15:40 - [TEST_STEP][PASSED] - closeBrowser(): Browser is closed

2022-01-12 00:15:41 - [MESSAGE][PASSED] - Browser is closed]]></system-out>
         <system-err><![CDATA[]]></system-err>
      </testcase>
      <testcase name="Test Cases/Teacher/Teacher_Add Announcement/Teacher_Add Annoucement Basic Valid All Required Field" time="16.967" classname="Test Cases/Teacher/Teacher_Add Announcement/Teacher_Add Annoucement Basic Valid All Required Field" status="PASSED">
         <system-out><![CDATA[2022-01-12 00:15:41 - [TEST_CASE][PASSED] - Test Cases/Teacher/Teacher_Add Announcement/Teacher_Add Annoucement Basic Valid All Required Field: Test Cases/Teacher/Teacher_Add Announcement/Teacher_Add Annoucement Basic Valid All Required Field

2022-01-12 00:15:41 - [TEST_STEP][PASSED] - openBrowser(""): Browser is opened with url: ''

2022-01-12 00:15:41 - [MESSAGE][INFO] - Starting 'Chrome' driver

2022-01-12 00:15:41 - [MESSAGE][INFO] - User set preference: ['args', '[window-size=1300,900]']

2022-01-12 00:15:41 - [MESSAGE][INFO] - Action delay is set to 0 milliseconds

2022-01-12 00:15:42 - [MESSAGE][PASSED] - Browser is opened with url: ''

2022-01-12 00:15:42 - [TEST_STEP][PASSED] - navigateToUrl("http://localhost:8080/moodle/"): Navigate to 'http://localhost:8080/moodle/' successfully

2022-01-12 00:15:43 - [MESSAGE][PASSED] - Navigate to 'http://localhost:8080/moodle/' successfully

2022-01-12 00:15:43 - [TEST_STEP][PASSED] - click(findTestObject("Object Repository/Page_BCS Moodle/a_Log in")): Object: 'Object Repository/Page_BCS Moodle/a_Log in' is clicked on

2022-01-12 00:15:44 - [MESSAGE][PASSED] - Object: 'Object Repository/Page_BCS Moodle/a_Log in' is clicked on

2022-01-12 00:15:44 - [TEST_STEP][PASSED] - setText(findTestObject("Object Repository/Page_BCS Moodle Log in to the site/input_Username_username"), "onix"): Text 'onix' is set on object 'Object Repository/Page_BCS Moodle Log in to the site/input_Username_username'

2022-01-12 00:15:45 - [MESSAGE][PASSED] - Text 'onix' is set on object 'Object Repository/Page_BCS Moodle Log in to the site/input_Username_username'

2022-01-12 00:15:45 - [TEST_STEP][PASSED] - setEncryptedText(findTestObject("Object Repository/Page_BCS Moodle Log in to the site/input_Password_password"), "uw4zQNl2RedGtkZxJt1B2nZNxIOg3YnT"): Text ****** has been set on object 'Object Repository/Page_BCS Moodle Log in to the site/input_Password_password'

2022-01-12 00:15:45 - [MESSAGE][PASSED] - Text ****** has been set on object 'Object Repository/Page_BCS Moodle Log in to the site/input_Password_password'

2022-01-12 00:15:45 - [TEST_STEP][PASSED] - click(findTestObject("Object Repository/Page_BCS Moodle Log in to the site/button_Log in")): Object: 'Object Repository/Page_BCS Moodle Log in to the site/button_Log in' is clicked on

2022-01-12 00:15:47 - [MESSAGE][PASSED] - Object: 'Object Repository/Page_BCS Moodle Log in to the site/button_Log in' is clicked on

2022-01-12 00:15:47 - [TEST_STEP][PASSED] - click(findTestObject("Object Repository/Page_Dashboard/div_Course image")): Object: 'Object Repository/Page_Dashboard/div_Course image' is clicked on

2022-01-12 00:15:50 - [MESSAGE][PASSED] - Object: 'Object Repository/Page_Dashboard/div_Course image' is clicked on

2022-01-12 00:15:50 - [TEST_STEP][PASSED] - click(findTestObject("Object Repository/Page_Course Ton t hp/span_Announcements Forum")): Object: 'Object Repository/Page_Course Ton t hp/span_Announcements Forum' is clicked on

2022-01-12 00:15:52 - [MESSAGE][PASSED] - Object: 'Object Repository/Page_Course Ton t hp/span_Announcements Forum' is clicked on

2022-01-12 00:15:52 - [TEST_STEP][PASSED] - click(findTestObject("Object Repository/Page_Announcements/a_Add a new topic")): Object: 'Object Repository/Page_Announcements/a_Add a new topic' is clicked on

2022-01-12 00:15:54 - [MESSAGE][PASSED] - Object: 'Object Repository/Page_Announcements/a_Add a new topic' is clicked on

2022-01-12 00:15:54 - [TEST_STEP][PASSED] - setText(findTestObject("Object Repository/Page_Announcements/input_Subject_subject"), "Basic Topic"): Text 'Basic Topic' is set on object 'Object Repository/Page_Announcements/input_Subject_subject'

2022-01-12 00:15:54 - [MESSAGE][PASSED] - Text 'Basic Topic' is set on object 'Object Repository/Page_Announcements/input_Subject_subject'

2022-01-12 00:15:54 - [TEST_STEP][PASSED] - setText(findTestObject("Object Repository/Page_Announcements/div_This is a basic topic with all required field"), "This is a basic topic with all required field"): Text 'This is a basic topic with all required field' is set on object 'Object Repository/Page_Announcements/div_This is a basic topic with all required field'

2022-01-12 00:15:56 - [MESSAGE][PASSED] - Text 'This is a basic topic with all required field' is set on object 'Object Repository/Page_Announcements/div_This is a basic topic with all required field'

2022-01-12 00:15:56 - [TEST_STEP][PASSED] - click(findTestObject("Object Repository/Page_Announcements/input_Message_submitbutton")): Object: 'Object Repository/Page_Announcements/input_Message_submitbutton' is clicked on

2022-01-12 00:15:57 - [MESSAGE][PASSED] - Object: 'Object Repository/Page_Announcements/input_Message_submitbutton' is clicked on

2022-01-12 00:15:57 - [TEST_STEP][PASSED] - closeBrowser(): Browser is closed

2022-01-12 00:15:58 - [MESSAGE][PASSED] - Browser is closed]]></system-out>
         <system-err><![CDATA[]]></system-err>
      </testcase>
      <testcase name="Test Cases/Teacher/Teacher_Add Announcement/Teacher_Add Announcement Submit Without Input" time="12.483" classname="Test Cases/Teacher/Teacher_Add Announcement/Teacher_Add Announcement Submit Without Input" status="PASSED">
         <system-out><![CDATA[2022-01-12 00:15:58 - [TEST_CASE][PASSED] - Test Cases/Teacher/Teacher_Add Announcement/Teacher_Add Announcement Submit Without Input: Test Cases/Teacher/Teacher_Add Announcement/Teacher_Add Announcement Submit Without Input

2022-01-12 00:15:58 - [TEST_STEP][PASSED] - openBrowser(""): Browser is opened with url: ''

2022-01-12 00:15:58 - [MESSAGE][INFO] - Starting 'Chrome' driver

2022-01-12 00:15:58 - [MESSAGE][INFO] - User set preference: ['args', '[window-size=1300,900]']

2022-01-12 00:15:58 - [MESSAGE][INFO] - Action delay is set to 0 milliseconds

2022-01-12 00:15:59 - [MESSAGE][PASSED] - Browser is opened with url: ''

2022-01-12 00:15:59 - [TEST_STEP][PASSED] - navigateToUrl("http://localhost:8080/moodle/"): Navigate to 'http://localhost:8080/moodle/' successfully

2022-01-12 00:16:00 - [MESSAGE][PASSED] - Navigate to 'http://localhost:8080/moodle/' successfully

2022-01-12 00:16:00 - [TEST_STEP][PASSED] - click(findTestObject("Object Repository/Page_BCS Moodle/a_Log in")): Object: 'Object Repository/Page_BCS Moodle/a_Log in' is clicked on

2022-01-12 00:16:01 - [MESSAGE][PASSED] - Object: 'Object Repository/Page_BCS Moodle/a_Log in' is clicked on

2022-01-12 00:16:01 - [TEST_STEP][PASSED] - setText(findTestObject("Object Repository/Page_BCS Moodle Log in to the site/input_Username_username"), "onix"): Text 'onix' is set on object 'Object Repository/Page_BCS Moodle Log in to the site/input_Username_username'

2022-01-12 00:16:02 - [MESSAGE][PASSED] - Text 'onix' is set on object 'Object Repository/Page_BCS Moodle Log in to the site/input_Username_username'

2022-01-12 00:16:02 - [TEST_STEP][PASSED] - setEncryptedText(findTestObject("Object Repository/Page_BCS Moodle Log in to the site/input_Password_password"), "uw4zQNl2RedGtkZxJt1B2nZNxIOg3YnT"): Text ****** has been set on object 'Object Repository/Page_BCS Moodle Log in to the site/input_Password_password'

2022-01-12 00:16:02 - [MESSAGE][PASSED] - Text ****** has been set on object 'Object Repository/Page_BCS Moodle Log in to the site/input_Password_password'

2022-01-12 00:16:02 - [TEST_STEP][PASSED] - click(findTestObject("Object Repository/Page_BCS Moodle Log in to the site/button_Log in")): Object: 'Object Repository/Page_BCS Moodle Log in to the site/button_Log in' is clicked on

2022-01-12 00:16:04 - [MESSAGE][PASSED] - Object: 'Object Repository/Page_BCS Moodle Log in to the site/button_Log in' is clicked on

2022-01-12 00:16:04 - [TEST_STEP][PASSED] - click(findTestObject("Object Repository/Page_Dashboard/div_Course image")): Object: 'Object Repository/Page_Dashboard/div_Course image' is clicked on

2022-01-12 00:16:06 - [MESSAGE][PASSED] - Object: 'Object Repository/Page_Dashboard/div_Course image' is clicked on

2022-01-12 00:16:06 - [TEST_STEP][PASSED] - click(findTestObject("Object Repository/Page_Course Ton t hp/span_Announcements Forum")): Object: 'Object Repository/Page_Course Ton t hp/span_Announcements Forum' is clicked on

2022-01-12 00:16:08 - [MESSAGE][PASSED] - Object: 'Object Repository/Page_Course Ton t hp/span_Announcements Forum' is clicked on

2022-01-12 00:16:08 - [TEST_STEP][PASSED] - click(findTestObject("Object Repository/Page_Announcements/a_Add a new topic")): Object: 'Object Repository/Page_Announcements/a_Add a new topic' is clicked on

2022-01-12 00:16:09 - [MESSAGE][PASSED] - Object: 'Object Repository/Page_Announcements/a_Add a new topic' is clicked on

2022-01-12 00:16:09 - [TEST_STEP][PASSED] - click(findTestObject("Object Repository/Page_Announcements/input_Message_submitbutton")): Object: 'Object Repository/Page_Announcements/input_Message_submitbutton' is clicked on

2022-01-12 00:16:09 - [MESSAGE][PASSED] - Object: 'Object Repository/Page_Announcements/input_Message_submitbutton' is clicked on

2022-01-12 00:16:09 - [TEST_STEP][PASSED] - verifyElementText(findTestObject("Object Repository/Page_Announcements/div_- Required"), "- Required"): Actual text and expected text of test object 'Object Repository/Page_Announcements/div_- Required' are matched.

2022-01-12 00:16:10 - [MESSAGE][PASSED] - Actual text and expected text of test object 'Object Repository/Page_Announcements/div_- Required' are matched.

2022-01-12 00:16:10 - [TEST_STEP][PASSED] - closeBrowser(): Browser is closed

2022-01-12 00:16:10 - [MESSAGE][PASSED] - Browser is closed]]></system-out>
         <system-err><![CDATA[]]></system-err>
      </testcase>
      <testcase name="Test Cases/Teacher/Teacher_Add Assignment/Teacher_Add Assignment Valid All Required Field" time="24.772" classname="Test Cases/Teacher/Teacher_Add Assignment/Teacher_Add Assignment Valid All Required Field" status="PASSED">
         <system-out><![CDATA[2022-01-12 00:16:10 - [TEST_CASE][PASSED] - Test Cases/Teacher/Teacher_Add Assignment/Teacher_Add Assignment Valid All Required Field: Test Cases/Teacher/Teacher_Add Assignment/Teacher_Add Assignment Valid All Required Field

2022-01-12 00:16:11 - [TEST_STEP][PASSED] - openBrowser(""): Browser is opened with url: ''

2022-01-12 00:16:11 - [MESSAGE][INFO] - Starting 'Chrome' driver

2022-01-12 00:16:11 - [MESSAGE][INFO] - User set preference: ['args', '[window-size=1300,900]']

2022-01-12 00:16:11 - [MESSAGE][INFO] - Action delay is set to 0 milliseconds

2022-01-12 00:16:12 - [MESSAGE][PASSED] - Browser is opened with url: ''

2022-01-12 00:16:12 - [TEST_STEP][PASSED] - navigateToUrl("http://localhost:8080/moodle/"): Navigate to 'http://localhost:8080/moodle/' successfully

2022-01-12 00:16:13 - [MESSAGE][PASSED] - Navigate to 'http://localhost:8080/moodle/' successfully

2022-01-12 00:16:13 - [TEST_STEP][PASSED] - click(findTestObject("Object Repository/Page_BCS Moodle/a_Log in")): Object: 'Object Repository/Page_BCS Moodle/a_Log in' is clicked on

2022-01-12 00:16:14 - [MESSAGE][PASSED] - Object: 'Object Repository/Page_BCS Moodle/a_Log in' is clicked on

2022-01-12 00:16:14 - [TEST_STEP][PASSED] - click(findTestObject("Object Repository/Page_BCS Moodle Log in to the site/div_document.getElementById(anchor).value  _bffe56")): Object: 'Object Repository/Page_BCS Moodle Log in to the site/div_document.getElementById(anchor).value  _bffe56' is clicked on

2022-01-12 00:16:14 - [MESSAGE][PASSED] - Object: 'Object Repository/Page_BCS Moodle Log in to the site/div_document.getElementById(anchor).value  _bffe56' is clicked on

2022-01-12 00:16:14 - [TEST_STEP][PASSED] - setText(findTestObject("Object Repository/Page_BCS Moodle Log in to the site/input_Username_username"), "onix"): Text 'onix' is set on object 'Object Repository/Page_BCS Moodle Log in to the site/input_Username_username'

2022-01-12 00:16:15 - [MESSAGE][PASSED] - Text 'onix' is set on object 'Object Repository/Page_BCS Moodle Log in to the site/input_Username_username'

2022-01-12 00:16:15 - [TEST_STEP][PASSED] - setEncryptedText(findTestObject("Object Repository/Page_BCS Moodle Log in to the site/input_Password_password"), "uw4zQNl2RedGtkZxJt1B2nZNxIOg3YnT"): Text ****** has been set on object 'Object Repository/Page_BCS Moodle Log in to the site/input_Password_password'

2022-01-12 00:16:15 - [MESSAGE][PASSED] - Text ****** has been set on object 'Object Repository/Page_BCS Moodle Log in to the site/input_Password_password'

2022-01-12 00:16:15 - [TEST_STEP][PASSED] - click(findTestObject("Object Repository/Page_BCS Moodle Log in to the site/button_Log in")): Object: 'Object Repository/Page_BCS Moodle Log in to the site/button_Log in' is clicked on

2022-01-12 00:16:17 - [MESSAGE][PASSED] - Object: 'Object Repository/Page_BCS Moodle Log in to the site/button_Log in' is clicked on

2022-01-12 00:16:17 - [TEST_STEP][PASSED] - click(findTestObject("Object Repository/Page_Dashboard/div_Course image")): Object: 'Object Repository/Page_Dashboard/div_Course image' is clicked on

2022-01-12 00:16:20 - [MESSAGE][PASSED] - Object: 'Object Repository/Page_Dashboard/div_Course image' is clicked on

2022-01-12 00:16:20 - [TEST_STEP][PASSED] - click(findTestObject("Object Repository/Page_Course Ton t hp/button_Turn editing on")): Object: 'Object Repository/Page_Course Ton t hp/button_Turn editing on' is clicked on

2022-01-12 00:16:23 - [MESSAGE][PASSED] - Object: 'Object Repository/Page_Course Ton t hp/button_Turn editing on' is clicked on

2022-01-12 00:16:23 - [TEST_STEP][PASSED] - click(findTestObject("Page_Course Ton t hp/span_Add an activity or resource (1)")): Object: 'Object Repository/Page_Course Ton t hp/span_Add an activity or resource (1)' is clicked on

2022-01-12 00:16:24 - [MESSAGE][PASSED] - Object: 'Object Repository/Page_Course Ton t hp/span_Add an activity or resource (1)' is clicked on

2022-01-12 00:16:24 - [TEST_STEP][PASSED] - click(findTestObject("Object Repository/Page_Course Ton t hp/img_Recommended_icon icon")): Object: 'Object Repository/Page_Course Ton t hp/img_Recommended_icon icon' is clicked on

2022-01-12 00:16:30 - [MESSAGE][PASSED] - Object: 'Object Repository/Page_Course Ton t hp/img_Recommended_icon icon' is clicked on

2022-01-12 00:16:30 - [TEST_STEP][PASSED] - setText(findTestObject("Object Repository/Page_Editing Assignment/input_Assignment name_name"), "Basic Assignment"): Text 'Basic Assignment' is set on object 'Object Repository/Page_Editing Assignment/input_Assignment name_name'

2022-01-12 00:16:32 - [MESSAGE][PASSED] - Text 'Basic Assignment' is set on object 'Object Repository/Page_Editing Assignment/input_Assignment name_name'

2022-01-12 00:16:32 - [TEST_STEP][PASSED] - click(findTestObject("Object Repository/Page_Editing Assignment/input_Upon activity completion_submitbutton2")): Object: 'Object Repository/Page_Editing Assignment/input_Upon activity completion_submitbutton2' is clicked on

2022-01-12 00:16:35 - [MESSAGE][PASSED] - Object: 'Object Repository/Page_Editing Assignment/input_Upon activity completion_submitbutton2' is clicked on

2022-01-12 00:16:35 - [TEST_STEP][PASSED] - closeBrowser(): Browser is closed

2022-01-12 00:16:35 - [MESSAGE][PASSED] - Browser is closed]]></system-out>
         <system-err><![CDATA[]]></system-err>
      </testcase>
      <testcase name="Test Cases/Teacher/Teacher_Add Forum/Teacher_Add Forum With Topic Valid All Required" time="25.524" classname="Test Cases/Teacher/Teacher_Add Forum/Teacher_Add Forum With Topic Valid All Required" status="PASSED">
         <system-out><![CDATA[2022-01-12 00:16:35 - [TEST_CASE][PASSED] - Test Cases/Teacher/Teacher_Add Forum/Teacher_Add Forum With Topic Valid All Required: Test Cases/Teacher/Teacher_Add Forum/Teacher_Add Forum With Topic Valid All Required

2022-01-12 00:16:36 - [TEST_STEP][PASSED] - openBrowser(""): Browser is opened with url: ''

2022-01-12 00:16:36 - [MESSAGE][INFO] - Starting 'Chrome' driver

2022-01-12 00:16:36 - [MESSAGE][INFO] - User set preference: ['args', '[window-size=1300,900]']

2022-01-12 00:16:36 - [MESSAGE][INFO] - Action delay is set to 0 milliseconds

2022-01-12 00:16:37 - [MESSAGE][PASSED] - Browser is opened with url: ''

2022-01-12 00:16:37 - [TEST_STEP][PASSED] - navigateToUrl("http://localhost:8080/moodle/"): Navigate to 'http://localhost:8080/moodle/' successfully

2022-01-12 00:16:38 - [MESSAGE][PASSED] - Navigate to 'http://localhost:8080/moodle/' successfully

2022-01-12 00:16:38 - [TEST_STEP][PASSED] - click(findTestObject("Object Repository/Page_BCS Moodle/a_Log in")): Object: 'Object Repository/Page_BCS Moodle/a_Log in' is clicked on

2022-01-12 00:16:39 - [MESSAGE][PASSED] - Object: 'Object Repository/Page_BCS Moodle/a_Log in' is clicked on

2022-01-12 00:16:39 - [TEST_STEP][PASSED] - setText(findTestObject("Object Repository/Page_BCS Moodle Log in to the site/input_Username_username"), "onix"): Text 'onix' is set on object 'Object Repository/Page_BCS Moodle Log in to the site/input_Username_username'

2022-01-12 00:16:40 - [MESSAGE][PASSED] - Text 'onix' is set on object 'Object Repository/Page_BCS Moodle Log in to the site/input_Username_username'

2022-01-12 00:16:40 - [TEST_STEP][PASSED] - setEncryptedText(findTestObject("Object Repository/Page_BCS Moodle Log in to the site/input_Password_password"), "uw4zQNl2RedGtkZxJt1B2nZNxIOg3YnT"): Text ****** has been set on object 'Object Repository/Page_BCS Moodle Log in to the site/input_Password_password'

2022-01-12 00:16:40 - [MESSAGE][PASSED] - Text ****** has been set on object 'Object Repository/Page_BCS Moodle Log in to the site/input_Password_password'

2022-01-12 00:16:40 - [TEST_STEP][PASSED] - click(findTestObject("Object Repository/Page_BCS Moodle Log in to the site/button_Log in")): Object: 'Object Repository/Page_BCS Moodle Log in to the site/button_Log in' is clicked on

2022-01-12 00:16:42 - [MESSAGE][PASSED] - Object: 'Object Repository/Page_BCS Moodle Log in to the site/button_Log in' is clicked on

2022-01-12 00:16:42 - [TEST_STEP][PASSED] - click(findTestObject("Object Repository/Page_Dashboard/div_Course image")): Object: 'Object Repository/Page_Dashboard/div_Course image' is clicked on

2022-01-12 00:16:45 - [MESSAGE][PASSED] - Object: 'Object Repository/Page_Dashboard/div_Course image' is clicked on

2022-01-12 00:16:45 - [TEST_STEP][PASSED] - click(findTestObject("Object Repository/Page_Course Ton t hp/button_Turn editing on")): Object: 'Object Repository/Page_Course Ton t hp/button_Turn editing on' is clicked on

2022-01-12 00:16:47 - [MESSAGE][PASSED] - Object: 'Object Repository/Page_Course Ton t hp/button_Turn editing on' is clicked on

2022-01-12 00:16:47 - [TEST_STEP][PASSED] - click(findTestObject("Object Repository/Page_Course Ton t hp/span_Add an activity or resource (2)")): Object: 'Object Repository/Page_Course Ton t hp/span_Add an activity or resource (2)' is clicked on

2022-01-12 00:16:48 - [MESSAGE][PASSED] - Object: 'Object Repository/Page_Course Ton t hp/span_Add an activity or resource (2)' is clicked on

2022-01-12 00:16:48 - [TEST_STEP][PASSED] - click(findTestObject("Object Repository/Page_Course Ton t hp/img_Information about the Folder activity_i_e12f9c")): Object: 'Object Repository/Page_Course Ton t hp/img_Information about the Folder activity_i_e12f9c' is clicked on

2022-01-12 00:16:51 - [MESSAGE][PASSED] - Object: 'Object Repository/Page_Course Ton t hp/img_Information about the Folder activity_i_e12f9c' is clicked on

2022-01-12 00:16:51 - [TEST_STEP][PASSED] - setText(findTestObject("Object Repository/Page_Editing Forum/input_Forum name_name"), "New Forum With Topic"): Text 'New Forum With Topic' is set on object 'Object Repository/Page_Editing Forum/input_Forum name_name'

2022-01-12 00:16:52 - [MESSAGE][PASSED] - Text 'New Forum With Topic' is set on object 'Object Repository/Page_Editing Forum/input_Forum name_name'

2022-01-12 00:16:52 - [TEST_STEP][PASSED] - click(findTestObject("Object Repository/Page_Editing Forum/input_Upon activity completion_submitbutton")): Object: 'Object Repository/Page_Editing Forum/input_Upon activity completion_submitbutton' is clicked on

2022-01-12 00:16:55 - [MESSAGE][PASSED] - Object: 'Object Repository/Page_Editing Forum/input_Upon activity completion_submitbutton' is clicked on

2022-01-12 00:16:55 - [TEST_STEP][PASSED] - click(findTestObject("Object Repository/Page_New Forum With Topic/a_Add a new discussion topic")): Object: 'Object Repository/Page_New Forum With Topic/a_Add a new discussion topic' is clicked on

2022-01-12 00:16:55 - [MESSAGE][PASSED] - Object: 'Object Repository/Page_New Forum With Topic/a_Add a new discussion topic' is clicked on

2022-01-12 00:16:55 - [TEST_STEP][PASSED] - setText(findTestObject("Object Repository/Page_New Forum With Topic/input_Subject_subject"), "My First Topic"): Text 'My First Topic' is set on object 'Object Repository/Page_New Forum With Topic/input_Subject_subject'

2022-01-12 00:16:56 - [MESSAGE][PASSED] - Text 'My First Topic' is set on object 'Object Repository/Page_New Forum With Topic/input_Subject_subject'

2022-01-12 00:16:56 - [TEST_STEP][PASSED] - setText(findTestObject("Object Repository/Page_New Forum With Topic/div_We will ask question about each other in here"), "We will ask question about each other in here"): Text 'We will ask question about each other in here' is set on object 'Object Repository/Page_New Forum With Topic/div_We will ask question about each other in here'

2022-01-12 00:16:57 - [MESSAGE][PASSED] - Text 'We will ask question about each other in here' is set on object 'Object Repository/Page_New Forum With Topic/div_We will ask question about each other in here'

2022-01-12 00:16:57 - [TEST_STEP][PASSED] - click(findTestObject("Object Repository/Page_New Forum With Topic/input_Message_submitbutton")): Object: 'Object Repository/Page_New Forum With Topic/input_Message_submitbutton' is clicked on

2022-01-12 00:16:59 - [MESSAGE][PASSED] - Object: 'Object Repository/Page_New Forum With Topic/input_Message_submitbutton' is clicked on

2022-01-12 00:16:59 - [TEST_STEP][PASSED] - click(findTestObject("Object Repository/Page_New Forum With Topic/p_Your post was successfully added_1")): Object: 'Object Repository/Page_New Forum With Topic/p_Your post was successfully added_1' is clicked on

2022-01-12 00:17:00 - [MESSAGE][PASSED] - Object: 'Object Repository/Page_New Forum With Topic/p_Your post was successfully added_1' is clicked on

2022-01-12 00:17:00 - [TEST_STEP][PASSED] - closeBrowser(): Browser is closed

2022-01-12 00:17:01 - [MESSAGE][PASSED] - Browser is closed]]></system-out>
         <system-err><![CDATA[]]></system-err>
      </testcase>
      <testcase name="Test Cases/Teacher/Teacher_Add Quiz/Teacher_Add Quiz Basic With Missing Name" time="16.095" classname="Test Cases/Teacher/Teacher_Add Quiz/Teacher_Add Quiz Basic With Missing Name" status="PASSED">
         <system-out><![CDATA[2022-01-12 00:17:01 - [TEST_CASE][PASSED] - Test Cases/Teacher/Teacher_Add Quiz/Teacher_Add Quiz Basic With Missing Name: Test Cases/Teacher/Teacher_Add Quiz/Teacher_Add Quiz Basic With Missing Name

2022-01-12 00:17:01 - [TEST_STEP][PASSED] - openBrowser(""): Browser is opened with url: ''

2022-01-12 00:17:01 - [MESSAGE][INFO] - Starting 'Chrome' driver

2022-01-12 00:17:01 - [MESSAGE][INFO] - User set preference: ['args', '[window-size=1300,900]']

2022-01-12 00:17:01 - [MESSAGE][INFO] - Action delay is set to 0 milliseconds

2022-01-12 00:17:02 - [MESSAGE][PASSED] - Browser is opened with url: ''

2022-01-12 00:17:02 - [TEST_STEP][PASSED] - navigateToUrl("http://localhost:8080/moodle/"): Navigate to 'http://localhost:8080/moodle/' successfully

2022-01-12 00:17:03 - [MESSAGE][PASSED] - Navigate to 'http://localhost:8080/moodle/' successfully

2022-01-12 00:17:03 - [TEST_STEP][PASSED] - click(findTestObject("Object Repository/Page_BCS Moodle/a_Log in")): Object: 'Object Repository/Page_BCS Moodle/a_Log in' is clicked on

2022-01-12 00:17:04 - [MESSAGE][PASSED] - Object: 'Object Repository/Page_BCS Moodle/a_Log in' is clicked on

2022-01-12 00:17:04 - [TEST_STEP][PASSED] - setText(findTestObject("Object Repository/Page_BCS Moodle Log in to the site/input_Username_username"), "onix"): Text 'onix' is set on object 'Object Repository/Page_BCS Moodle Log in to the site/input_Username_username'

2022-01-12 00:17:05 - [MESSAGE][PASSED] - Text 'onix' is set on object 'Object Repository/Page_BCS Moodle Log in to the site/input_Username_username'

2022-01-12 00:17:05 - [TEST_STEP][PASSED] - setEncryptedText(findTestObject("Object Repository/Page_BCS Moodle Log in to the site/input_Password_password"), "uw4zQNl2RedGtkZxJt1B2nZNxIOg3YnT"): Text ****** has been set on object 'Object Repository/Page_BCS Moodle Log in to the site/input_Password_password'

2022-01-12 00:17:05 - [MESSAGE][PASSED] - Text ****** has been set on object 'Object Repository/Page_BCS Moodle Log in to the site/input_Password_password'

2022-01-12 00:17:05 - [TEST_STEP][PASSED] - click(findTestObject("Object Repository/Page_BCS Moodle Log in to the site/button_Log in")): Object: 'Object Repository/Page_BCS Moodle Log in to the site/button_Log in' is clicked on

2022-01-12 00:17:07 - [MESSAGE][PASSED] - Object: 'Object Repository/Page_BCS Moodle Log in to the site/button_Log in' is clicked on

2022-01-12 00:17:07 - [TEST_STEP][PASSED] - click(findTestObject("Object Repository/Page_Dashboard/div_Course image")): Object: 'Object Repository/Page_Dashboard/div_Course image' is clicked on

2022-01-12 00:17:09 - [MESSAGE][PASSED] - Object: 'Object Repository/Page_Dashboard/div_Course image' is clicked on

2022-01-12 00:17:09 - [TEST_STEP][PASSED] - click(findTestObject("Object Repository/Page_Course Ton t hp/button_Turn editing on")): Object: 'Object Repository/Page_Course Ton t hp/button_Turn editing on' is clicked on

2022-01-12 00:17:11 - [MESSAGE][PASSED] - Object: 'Object Repository/Page_Course Ton t hp/button_Turn editing on' is clicked on

2022-01-12 00:17:11 - [TEST_STEP][PASSED] - click(findTestObject("Object Repository/Page_Course Ton t hp/span_Add an activity or resource (4)")): Object: 'Object Repository/Page_Course Ton t hp/span_Add an activity or resource (4)' is clicked on

2022-01-12 00:17:12 - [MESSAGE][PASSED] - Object: 'Object Repository/Page_Course Ton t hp/span_Add an activity or resource (4)' is clicked on

2022-01-12 00:17:12 - [TEST_STEP][PASSED] - click(findTestObject("Object Repository/Page_Course Ton t hp/a_Quiz_1")): Object: 'Object Repository/Page_Course Ton t hp/a_Quiz_1' is clicked on

2022-01-12 00:17:15 - [MESSAGE][PASSED] - Object: 'Object Repository/Page_Course Ton t hp/a_Quiz_1' is clicked on

2022-01-12 00:17:15 - [TEST_STEP][PASSED] - click(findTestObject("Object Repository/Page_Editing Quiz/input_Upon activity completion_submitbutton")): Object: 'Object Repository/Page_Editing Quiz/input_Upon activity completion_submitbutton' is clicked on

2022-01-12 00:17:16 - [MESSAGE][PASSED] - Object: 'Object Repository/Page_Editing Quiz/input_Upon activity completion_submitbutton' is clicked on

2022-01-12 00:17:16 - [TEST_STEP][PASSED] - verifyElementText(findTestObject("Object Repository/Page_Editing Quiz/div_- You must supply a value here"), "- You must supply a value here."): Actual text and expected text of test object 'Object Repository/Page_Editing Quiz/div_- You must supply a value here' are matched.

2022-01-12 00:17:16 - [MESSAGE][PASSED] - Actual text and expected text of test object 'Object Repository/Page_Editing Quiz/div_- You must supply a value here' are matched.

2022-01-12 00:17:16 - [TEST_STEP][PASSED] - closeBrowser(): Browser is closed

2022-01-12 00:17:17 - [MESSAGE][PASSED] - Browser is closed]]></system-out>
         <system-err><![CDATA[]]></system-err>
      </testcase>
      <testcase name="Test Cases/Teacher/Teacher_Add Quiz/Teacher_Quiz Add A Multiple Choices Question Successfully" time="34.249" classname="Test Cases/Teacher/Teacher_Add Quiz/Teacher_Quiz Add A Multiple Choices Question Successfully" status="PASSED">
         <system-out><![CDATA[2022-01-12 00:17:17 - [TEST_CASE][PASSED] - Test Cases/Teacher/Teacher_Add Quiz/Teacher_Quiz Add A Multiple Choices Question Successfully: Test Cases/Teacher/Teacher_Add Quiz/Teacher_Quiz Add A Multiple Choices Question Successfully

2022-01-12 00:17:17 - [TEST_STEP][PASSED] - openBrowser(""): Browser is opened with url: ''

2022-01-12 00:17:17 - [MESSAGE][INFO] - Starting 'Chrome' driver

2022-01-12 00:17:17 - [MESSAGE][INFO] - User set preference: ['args', '[window-size=1300,900]']

2022-01-12 00:17:17 - [MESSAGE][INFO] - Action delay is set to 0 milliseconds

2022-01-12 00:17:18 - [MESSAGE][PASSED] - Browser is opened with url: ''

2022-01-12 00:17:18 - [TEST_STEP][PASSED] - navigateToUrl("http://localhost:8080/moodle/"): Navigate to 'http://localhost:8080/moodle/' successfully

2022-01-12 00:17:19 - [MESSAGE][PASSED] - Navigate to 'http://localhost:8080/moodle/' successfully

2022-01-12 00:17:19 - [TEST_STEP][PASSED] - click(findTestObject("Object Repository/Page_BCS Moodle/a_Log in")): Object: 'Object Repository/Page_BCS Moodle/a_Log in' is clicked on

2022-01-12 00:17:20 - [MESSAGE][PASSED] - Object: 'Object Repository/Page_BCS Moodle/a_Log in' is clicked on

2022-01-12 00:17:20 - [TEST_STEP][PASSED] - setText(findTestObject("Object Repository/Page_BCS Moodle Log in to the site/input_Username_username"), "onix"): Text 'onix' is set on object 'Object Repository/Page_BCS Moodle Log in to the site/input_Username_username'

2022-01-12 00:17:21 - [MESSAGE][PASSED] - Text 'onix' is set on object 'Object Repository/Page_BCS Moodle Log in to the site/input_Username_username'

2022-01-12 00:17:21 - [TEST_STEP][PASSED] - setEncryptedText(findTestObject("Object Repository/Page_BCS Moodle Log in to the site/input_Password_password"), "uw4zQNl2RedGtkZxJt1B2nZNxIOg3YnT"): Text ****** has been set on object 'Object Repository/Page_BCS Moodle Log in to the site/input_Password_password'

2022-01-12 00:17:21 - [MESSAGE][PASSED] - Text ****** has been set on object 'Object Repository/Page_BCS Moodle Log in to the site/input_Password_password'

2022-01-12 00:17:21 - [TEST_STEP][PASSED] - click(findTestObject("Object Repository/Page_BCS Moodle Log in to the site/button_Log in")): Object: 'Object Repository/Page_BCS Moodle Log in to the site/button_Log in' is clicked on

2022-01-12 00:17:23 - [MESSAGE][PASSED] - Object: 'Object Repository/Page_BCS Moodle Log in to the site/button_Log in' is clicked on

2022-01-12 00:17:23 - [TEST_STEP][PASSED] - click(findTestObject("Object Repository/Page_Dashboard/div_Course image")): Object: 'Object Repository/Page_Dashboard/div_Course image' is clicked on

2022-01-12 00:17:25 - [MESSAGE][PASSED] - Object: 'Object Repository/Page_Dashboard/div_Course image' is clicked on

2022-01-12 00:17:25 - [TEST_STEP][PASSED] - click(findTestObject("Object Repository/Page_Course Ton t hp/button_Turn editing on")): Object: 'Object Repository/Page_Course Ton t hp/button_Turn editing on' is clicked on

2022-01-12 00:17:27 - [MESSAGE][PASSED] - Object: 'Object Repository/Page_Course Ton t hp/button_Turn editing on' is clicked on

2022-01-12 00:17:27 - [TEST_STEP][PASSED] - click(findTestObject("Object Repository/Page_Course Ton t hp/span_Add an activity or resource (4)")): Object: 'Object Repository/Page_Course Ton t hp/span_Add an activity or resource (4)' is clicked on

2022-01-12 00:17:28 - [MESSAGE][PASSED] - Object: 'Object Repository/Page_Course Ton t hp/span_Add an activity or resource (4)' is clicked on

2022-01-12 00:17:28 - [TEST_STEP][PASSED] - click(findTestObject("Object Repository/Page_Course Ton t hp/a_Quiz_1")): Object: 'Object Repository/Page_Course Ton t hp/a_Quiz_1' is clicked on

2022-01-12 00:17:31 - [MESSAGE][PASSED] - Object: 'Object Repository/Page_Course Ton t hp/a_Quiz_1' is clicked on

2022-01-12 00:17:31 - [TEST_STEP][PASSED] - setText(findTestObject("Object Repository/Page_Editing Quiz/input_Name_name"), "This is a quiz with a multiple choices question"): Text 'This is a quiz with a multiple choices question' is set on object 'Object Repository/Page_Editing Quiz/input_Name_name'

2022-01-12 00:17:32 - [MESSAGE][PASSED] - Text 'This is a quiz with a multiple choices question' is set on object 'Object Repository/Page_Editing Quiz/input_Name_name'

2022-01-12 00:17:32 - [TEST_STEP][PASSED] - click(findTestObject("Object Repository/Page_Editing Quiz/input_Upon activity completion_submitbutton")): Object: 'Object Repository/Page_Editing Quiz/input_Upon activity completion_submitbutton' is clicked on

2022-01-12 00:17:34 - [MESSAGE][PASSED] - Object: 'Object Repository/Page_Editing Quiz/input_Upon activity completion_submitbutton' is clicked on

2022-01-12 00:17:34 - [TEST_STEP][PASSED] - click(findTestObject("Object Repository/Page_TTH This is a quiz with a question tha_2529fa/button_Edit quiz")): Object: 'Object Repository/Page_TTH This is a quiz with a question tha_2529fa/button_Edit quiz' is clicked on

2022-01-12 00:17:37 - [MESSAGE][PASSED] - Object: 'Object Repository/Page_TTH This is a quiz with a question tha_2529fa/button_Edit quiz' is clicked on

2022-01-12 00:17:37 - [TEST_STEP][PASSED] - click(findTestObject("Object Repository/Page_Editing quiz A multiple choices questi_f96158/span_Add")): Object: 'Object Repository/Page_Editing quiz A multiple choices questi_f96158/span_Add' is clicked on

2022-01-12 00:17:38 - [MESSAGE][PASSED] - Object: 'Object Repository/Page_Editing quiz A multiple choices questi_f96158/span_Add' is clicked on

2022-01-12 00:17:38 - [TEST_STEP][PASSED] - click(findTestObject("Object Repository/Page_Editing quiz A multiple choices questi_f96158/span_a new question")): Object: 'Object Repository/Page_Editing quiz A multiple choices questi_f96158/span_a new question' is clicked on

2022-01-12 00:17:39 - [MESSAGE][PASSED] - Object: 'Object Repository/Page_Editing quiz A multiple choices questi_f96158/span_a new question' is clicked on

2022-01-12 00:17:39 - [TEST_STEP][PASSED] - click(findTestObject("Object Repository/Page_Editing quiz A multiple choices questi_f96158/span_Multiple choice")): Object: 'Object Repository/Page_Editing quiz A multiple choices questi_f96158/span_Multiple choice' is clicked on

2022-01-12 00:17:39 - [MESSAGE][PASSED] - Object: 'Object Repository/Page_Editing quiz A multiple choices questi_f96158/span_Multiple choice' is clicked on

2022-01-12 00:17:39 - [TEST_STEP][PASSED] - click(findTestObject("Object Repository/Page_Editing quiz A multiple choices questi_f96158/input_Description_submitbutton")): Object: 'Object Repository/Page_Editing quiz A multiple choices questi_f96158/input_Description_submitbutton' is clicked on

2022-01-12 00:17:41 - [MESSAGE][PASSED] - Object: 'Object Repository/Page_Editing quiz A multiple choices questi_f96158/input_Description_submitbutton' is clicked on

2022-01-12 00:17:41 - [TEST_STEP][PASSED] - setText(findTestObject("Object Repository/Page_Editing a Multiple choice question/input_Question name_name"), "A multiple choices question"): Text 'A multiple choices question' is set on object 'Object Repository/Page_Editing a Multiple choice question/input_Question name_name'

2022-01-12 00:17:42 - [MESSAGE][PASSED] - Text 'A multiple choices question' is set on object 'Object Repository/Page_Editing a Multiple choice question/input_Question name_name'

2022-01-12 00:17:42 - [TEST_STEP][PASSED] - setText(findTestObject("Object Repository/Page_Editing a Multiple choice question/div_ques text"), "Question text"): Text 'Question text' is set on object 'Object Repository/Page_Editing a Multiple choice question/div_ques text'

2022-01-12 00:17:43 - [MESSAGE][PASSED] - Text 'Question text' is set on object 'Object Repository/Page_Editing a Multiple choice question/div_ques text'

2022-01-12 00:17:43 - [TEST_STEP][PASSED] - setText(findTestObject("Object Repository/Page_Editing a Multiple choice question/div_Choice 1"), "The first answer"): Text 'The first answer' is set on object 'Object Repository/Page_Editing a Multiple choice question/div_Choice 1'

2022-01-12 00:17:44 - [MESSAGE][PASSED] - Text 'The first answer' is set on object 'Object Repository/Page_Editing a Multiple choice question/div_Choice 1'

2022-01-12 00:17:44 - [TEST_STEP][PASSED] - selectOptionByValue(findTestObject("Object Repository/Page_Editing a Multiple choice question/select_None            100            90   _353130"), "1.0", true): All options with value '1.0' are selected in object 'Object Repository/Page_Editing a Multiple choice question/select_None            100            90   _353130'  using regular expression

2022-01-12 00:17:46 - [MESSAGE][PASSED] - All options with value '1.0' are selected in object 'Object Repository/Page_Editing a Multiple choice question/select_None            100            90   _353130'  using regular expression

2022-01-12 00:17:46 - [TEST_STEP][PASSED] - click(findTestObject("Object Repository/Page_Editing a Multiple choice question/p")): Object: 'Object Repository/Page_Editing a Multiple choice question/p' is clicked on

2022-01-12 00:17:47 - [MESSAGE][PASSED] - Object: 'Object Repository/Page_Editing a Multiple choice question/p' is clicked on

2022-01-12 00:17:47 - [TEST_STEP][PASSED] - setText(findTestObject("Object Repository/Page_Editing a Multiple choice question/div_The second answer"), "The second answer"): Text 'The second answer' is set on object 'Object Repository/Page_Editing a Multiple choice question/div_The second answer'

2022-01-12 00:17:48 - [MESSAGE][PASSED] - Text 'The second answer' is set on object 'Object Repository/Page_Editing a Multiple choice question/div_The second answer'

2022-01-12 00:17:48 - [TEST_STEP][PASSED] - click(findTestObject("Object Repository/Page_Editing a Multiple choice question/input__submitbutton")): Object: 'Object Repository/Page_Editing a Multiple choice question/input__submitbutton' is clicked on

2022-01-12 00:17:50 - [MESSAGE][PASSED] - Object: 'Object Repository/Page_Editing a Multiple choice question/input__submitbutton' is clicked on

2022-01-12 00:17:50 - [TEST_STEP][PASSED] - verifyElementText(findTestObject("Page_Editing quiz This is a quiz with a mul_934bc9/span_A multiple choices question"), "A multiple choices question"): Actual text and expected text of test object 'Object Repository/Page_Editing quiz This is a quiz with a mul_934bc9/span_A multiple choices question' are matched.

2022-01-12 00:17:50 - [MESSAGE][PASSED] - Actual text and expected text of test object 'Object Repository/Page_Editing quiz This is a quiz with a mul_934bc9/span_A multiple choices question' are matched.

2022-01-12 00:17:50 - [TEST_STEP][PASSED] - closeBrowser(): Browser is closed

2022-01-12 00:17:51 - [MESSAGE][PASSED] - Browser is closed]]></system-out>
         <system-err><![CDATA[]]></system-err>
      </testcase>
      <testcase name="Test Cases/Teacher/Teacher_Quiz Result/Teacher_See The Statistics Of A Question" time="11.2" classname="Test Cases/Teacher/Teacher_Quiz Result/Teacher_See The Statistics Of A Question" status="FAILED">
         <failure type="FAILED" message="Test Cases/Teacher/Teacher_Quiz Result/Teacher_See The Statistics Of A Question FAILED.
Reason:
com.kms.katalon.core.exception.StepFailedException: Unable to click on object 'Object Repository/Page_TTH Quiz Nhiu cu  nhiu la chn/a_Statistics'
	at com.kms.katalon.core.webui.keyword.internal.WebUIKeywordMain.stepFailed(WebUIKeywordMain.groovy:64)
	at com.kms.katalon.core.webui.keyword.internal.WebUIKeywordMain.runKeyword(WebUIKeywordMain.groovy:26)
	at com.kms.katalon.core.webui.keyword.builtin.ClickKeyword.click(ClickKeyword.groovy:74)
	at com.kms.katalon.core.webui.keyword.builtin.ClickKeyword.execute(ClickKeyword.groovy:40)
	at com.kms.katalon.core.keyword.internal.KeywordExecutor.executeKeywordForPlatform(KeywordExecutor.groovy:74)
	at com.kms.katalon.core.webui.keyword.WebUiBuiltInKeywords.click(WebUiBuiltInKeywords.groovy:620)
	at com.kms.katalon.core.webui.keyword.WebUiBuiltInKeywords$click$3.call(Unknown Source)
	at Teacher_See The Statistics Of A Question.run(Teacher_See The Statistics Of A Question:38)
	at com.kms.katalon.core.main.ScriptEngine.run(ScriptEngine.java:194)
	at com.kms.katalon.core.main.ScriptEngine.runScriptAsRawText(ScriptEngine.java:119)
	at com.kms.katalon.core.main.TestCaseExecutor.runScript(TestCaseExecutor.java:442)
	at com.kms.katalon.core.main.TestCaseExecutor.doExecute(TestCaseExecutor.java:433)
	at com.kms.katalon.core.main.TestCaseExecutor.processExecutionPhase(TestCaseExecutor.java:412)
	at com.kms.katalon.core.main.TestCaseExecutor.accessMainPhase(TestCaseExecutor.java:404)
	at com.kms.katalon.core.main.TestCaseExecutor.execute(TestCaseExecutor.java:281)
	at com.kms.katalon.core.main.TestSuiteExecutor.accessTestCaseMainPhase(TestSuiteExecutor.java:202)
	at com.kms.katalon.core.main.TestSuiteExecutor.accessTestSuiteMainPhase(TestSuiteExecutor.java:164)
	at com.kms.katalon.core.main.TestSuiteExecutor.execute(TestSuiteExecutor.java:105)
	at com.kms.katalon.core.main.TestCaseMain.startTestSuite(TestCaseMain.java:181)
	at com.kms.katalon.core.main.TestCaseMain$startTestSuite$0.call(Unknown Source)
	at TempTestSuite1641920935254.run(TempTestSuite1641920935254.groovy:36)
Caused by: org.openqa.selenium.ElementNotInteractableException: element not interactable
  (Session info: chrome=95.0.4638.54)
Build info: version: '3.141.59', revision: 'e82be7d358', time: '2018-11-14T08:25:53'
System info: host: 'MSI', ip: '192.168.150.1', os.name: 'Windows 10', os.arch: 'amd64', os.version: '10.0', java.version: '1.8.0_282'
Driver info: com.kms.katalon.selenium.driver.CChromeDriver
Capabilities {acceptInsecureCerts: false, browserName: chrome, browserVersion: 95.0.4638.54, chrome: {chromedriverVersion: 95.0.4638.17 (a9d0719444d4b..., userDataDir: C:\Users\Admin\AppData\Loca...}, goog:chromeOptions: {debuggerAddress: localhost:62805}, javascriptEnabled: true, networkConnectionEnabled: false, pageLoadStrategy: normal, platform: WINDOWS, platformName: WINDOWS, proxy: Proxy(), setWindowRect: true, strictFileInteractability: false, timeouts: {implicit: 0, pageLoad: 300000, script: 30000}, unhandledPromptBehavior: dismiss and notify, webauthn:extension:credBlob: true, webauthn:extension:largeBlob: true, webauthn:virtualAuthenticators: true}
Session ID: ef52601c605b4c5e3d8f8a5f8f2922c1
	at org.openqa.selenium.remote.http.W3CHttpResponseCodec.createException(W3CHttpResponseCodec.java:187)
	at org.openqa.selenium.remote.http.W3CHttpResponseCodec.decode(W3CHttpResponseCodec.java:122)
	at org.openqa.selenium.remote.http.W3CHttpResponseCodec.decode(W3CHttpResponseCodec.java:49)
	at org.openqa.selenium.remote.HttpCommandExecutor.execute(HttpCommandExecutor.java:158)
	at org.openqa.selenium.remote.service.DriverCommandExecutor.execute(DriverCommandExecutor.java:83)
	at org.openqa.selenium.remote.RemoteWebDriver.execute(RemoteWebDriver.java:552)
	at com.kms.katalon.selenium.driver.CChromeDriver.execute(CChromeDriver.java:19)
	at org.openqa.selenium.remote.RemoteWebElement.execute(RemoteWebElement.java:285)
	at org.openqa.selenium.remote.RemoteWebElement.click(RemoteWebElement.java:84)
	at org.openqa.selenium.support.events.EventFiringWebDriver$EventFiringWebElement.lambda$new$0(EventFiringWebDriver.java:404)
	at com.sun.proxy.$Proxy11.click(Unknown Source)
	at org.openqa.selenium.support.events.EventFiringWebDriver$EventFiringWebElement.click(EventFiringWebDriver.java:417)
	at org.openqa.selenium.WebElement$click.call(Unknown Source)
	at com.kms.katalon.core.webui.keyword.builtin.ClickKeyword.clickUntilSuccessWithTimeout(ClickKeyword.groovy:81)
	at com.kms.katalon.core.webui.keyword.builtin.ClickKeyword.clickUntilSuccessWithTimeout(ClickKeyword.groovy)
	at com.kms.katalon.core.webui.keyword.builtin.ClickKeyword$_click_closure1.doCall(ClickKeyword.groovy:67)
	at com.kms.katalon.core.webui.keyword.builtin.ClickKeyword$_click_closure1.call(ClickKeyword.groovy)
	at com.kms.katalon.core.webui.keyword.internal.WebUIKeywordMain.runKeyword(WebUIKeywordMain.groovy:20)
	... 19 more
"/>
         <system-out><![CDATA[2022-01-12 00:17:51 - [TEST_CASE][FAILED] - Test Cases/Teacher/Teacher_Quiz Result/Teacher_See The Statistics Of A Question: Test Cases/Teacher/Teacher_Quiz Result/Teacher_See The Statistics Of A Question FAILED.
Reason:
com.kms.katalon.core.exception.StepFailedException: Unable to click on object 'Object Repository/Page_TTH Quiz Nhiu cu  nhiu la chn/a_Statistics'
	at com.kms.katalon.core.webui.keyword.internal.WebUIKeywordMain.stepFailed(WebUIKeywordMain.groovy:64)
	at com.kms.katalon.core.webui.keyword.internal.WebUIKeywordMain.runKeyword(WebUIKeywordMain.groovy:26)
	at com.kms.katalon.core.webui.keyword.builtin.ClickKeyword.click(ClickKeyword.groovy:74)
	at com.kms.katalon.core.webui.keyword.builtin.ClickKeyword.execute(ClickKeyword.groovy:40)
	at com.kms.katalon.core.keyword.internal.KeywordExecutor.executeKeywordForPlatform(KeywordExecutor.groovy:74)
	at com.kms.katalon.core.webui.keyword.WebUiBuiltInKeywords.click(WebUiBuiltInKeywords.groovy:620)
	at com.kms.katalon.core.webui.keyword.WebUiBuiltInKeywords$click$3.call(Unknown Source)
	at Teacher_See The Statistics Of A Question.run(Teacher_See The Statistics Of A Question:38)
	at com.kms.katalon.core.main.ScriptEngine.run(ScriptEngine.java:194)
	at com.kms.katalon.core.main.ScriptEngine.runScriptAsRawText(ScriptEngine.java:119)
	at com.kms.katalon.core.main.TestCaseExecutor.runScript(TestCaseExecutor.java:442)
	at com.kms.katalon.core.main.TestCaseExecutor.doExecute(TestCaseExecutor.java:433)
	at com.kms.katalon.core.main.TestCaseExecutor.processExecutionPhase(TestCaseExecutor.java:412)
	at com.kms.katalon.core.main.TestCaseExecutor.accessMainPhase(TestCaseExecutor.java:404)
	at com.kms.katalon.core.main.TestCaseExecutor.execute(TestCaseExecutor.java:281)
	at com.kms.katalon.core.main.TestSuiteExecutor.accessTestCaseMainPhase(TestSuiteExecutor.java:202)
	at com.kms.katalon.core.main.TestSuiteExecutor.accessTestSuiteMainPhase(TestSuiteExecutor.java:164)
	at com.kms.katalon.core.main.TestSuiteExecutor.execute(TestSuiteExecutor.java:105)
	at com.kms.katalon.core.main.TestCaseMain.startTestSuite(TestCaseMain.java:181)
	at com.kms.katalon.core.main.TestCaseMain$startTestSuite$0.call(Unknown Source)
	at TempTestSuite1641920935254.run(TempTestSuite1641920935254.groovy:36)
Caused by: org.openqa.selenium.ElementNotInteractableException: element not interactable
  (Session info: chrome=95.0.4638.54)
Build info: version: '3.141.59', revision: 'e82be7d358', time: '2018-11-14T08:25:53'
System info: host: 'MSI', ip: '192.168.150.1', os.name: 'Windows 10', os.arch: 'amd64', os.version: '10.0', java.version: '1.8.0_282'
Driver info: com.kms.katalon.selenium.driver.CChromeDriver
Capabilities {acceptInsecureCerts: false, browserName: chrome, browserVersion: 95.0.4638.54, chrome: {chromedriverVersion: 95.0.4638.17 (a9d0719444d4b..., userDataDir: C:\Users\Admin\AppData\Loca...}, goog:chromeOptions: {debuggerAddress: localhost:62805}, javascriptEnabled: true, networkConnectionEnabled: false, pageLoadStrategy: normal, platform: WINDOWS, platformName: WINDOWS, proxy: Proxy(), setWindowRect: true, strictFileInteractability: false, timeouts: {implicit: 0, pageLoad: 300000, script: 30000}, unhandledPromptBehavior: dismiss and notify, webauthn:extension:credBlob: true, webauthn:extension:largeBlob: true, webauthn:virtualAuthenticators: true}
Session ID: ef52601c605b4c5e3d8f8a5f8f2922c1
	at org.openqa.selenium.remote.http.W3CHttpResponseCodec.createException(W3CHttpResponseCodec.java:187)
	at org.openqa.selenium.remote.http.W3CHttpResponseCodec.decode(W3CHttpResponseCodec.java:122)
	at org.openqa.selenium.remote.http.W3CHttpResponseCodec.decode(W3CHttpResponseCodec.java:49)
	at org.openqa.selenium.remote.HttpCommandExecutor.execute(HttpCommandExecutor.java:158)
	at org.openqa.selenium.remote.service.DriverCommandExecutor.execute(DriverCommandExecutor.java:83)
	at org.openqa.selenium.remote.RemoteWebDriver.execute(RemoteWebDriver.java:552)
	at com.kms.katalon.selenium.driver.CChromeDriver.execute(CChromeDriver.java:19)
	at org.openqa.selenium.remote.RemoteWebElement.execute(RemoteWebElement.java:285)
	at org.openqa.selenium.remote.RemoteWebElement.click(RemoteWebElement.java:84)
	at org.openqa.selenium.support.events.EventFiringWebDriver$EventFiringWebElement.lambda$new$0(EventFiringWebDriver.java:404)
	at com.sun.proxy.$Proxy11.click(Unknown Source)
	at org.openqa.selenium.support.events.EventFiringWebDriver$EventFiringWebElement.click(EventFiringWebDriver.java:417)
	at org.openqa.selenium.WebElement$click.call(Unknown Source)
	at com.kms.katalon.core.webui.keyword.builtin.ClickKeyword.clickUntilSuccessWithTimeout(ClickKeyword.groovy:81)
	at com.kms.katalon.core.webui.keyword.builtin.ClickKeyword.clickUntilSuccessWithTimeout(ClickKeyword.groovy)
	at com.kms.katalon.core.webui.keyword.builtin.ClickKeyword$_click_closure1.doCall(ClickKeyword.groovy:67)
	at com.kms.katalon.core.webui.keyword.builtin.ClickKeyword$_click_closure1.call(ClickKeyword.groovy)
	at com.kms.katalon.core.webui.keyword.internal.WebUIKeywordMain.runKeyword(WebUIKeywordMain.groovy:20)
	... 19 more


2022-01-12 00:17:51 - [TEST_STEP][PASSED] - openBrowser(""): Browser is opened with url: ''

2022-01-12 00:17:51 - [MESSAGE][INFO] - Starting 'Chrome' driver

2022-01-12 00:17:51 - [MESSAGE][INFO] - User set preference: ['args', '[window-size=1300,900]']

2022-01-12 00:17:51 - [MESSAGE][INFO] - Action delay is set to 0 milliseconds

2022-01-12 00:17:53 - [MESSAGE][PASSED] - Browser is opened with url: ''

2022-01-12 00:17:53 - [TEST_STEP][PASSED] - navigateToUrl("http://localhost:8080/moodle/"): Navigate to 'http://localhost:8080/moodle/' successfully

2022-01-12 00:17:53 - [MESSAGE][PASSED] - Navigate to 'http://localhost:8080/moodle/' successfully

2022-01-12 00:17:53 - [TEST_STEP][PASSED] - click(findTestObject("Object Repository/Page_BCS Moodle/a_Log in")): Object: 'Object Repository/Page_BCS Moodle/a_Log in' is clicked on

2022-01-12 00:17:54 - [MESSAGE][PASSED] - Object: 'Object Repository/Page_BCS Moodle/a_Log in' is clicked on

2022-01-12 00:17:54 - [TEST_STEP][PASSED] - setText(findTestObject("Object Repository/Page_BCS Moodle Log in to the site/input_Username_username"), "onix"): Text 'onix' is set on object 'Object Repository/Page_BCS Moodle Log in to the site/input_Username_username'

2022-01-12 00:17:55 - [MESSAGE][PASSED] - Text 'onix' is set on object 'Object Repository/Page_BCS Moodle Log in to the site/input_Username_username'

2022-01-12 00:17:55 - [TEST_STEP][PASSED] - setEncryptedText(findTestObject("Object Repository/Page_BCS Moodle Log in to the site/input_Password_password"), "uw4zQNl2RedGtkZxJt1B2nZNxIOg3YnT"): Text ****** has been set on object 'Object Repository/Page_BCS Moodle Log in to the site/input_Password_password'

2022-01-12 00:17:55 - [MESSAGE][PASSED] - Text ****** has been set on object 'Object Repository/Page_BCS Moodle Log in to the site/input_Password_password'

2022-01-12 00:17:55 - [TEST_STEP][PASSED] - click(findTestObject("Object Repository/Page_BCS Moodle Log in to the site/button_Log in")): Object: 'Object Repository/Page_BCS Moodle Log in to the site/button_Log in' is clicked on

2022-01-12 00:17:57 - [MESSAGE][PASSED] - Object: 'Object Repository/Page_BCS Moodle Log in to the site/button_Log in' is clicked on

2022-01-12 00:17:57 - [TEST_STEP][PASSED] - click(findTestObject("Object Repository/Page_Dashboard/div_Course image")): Object: 'Object Repository/Page_Dashboard/div_Course image' is clicked on

2022-01-12 00:17:59 - [MESSAGE][PASSED] - Object: 'Object Repository/Page_Dashboard/div_Course image' is clicked on

2022-01-12 00:17:59 - [TEST_STEP][PASSED] - click(findTestObject("Object Repository/Page_Course Ton t hp/span_Quiz Nhiu cu  nhiu la chn")): Object: 'Object Repository/Page_Course Ton t hp/span_Quiz Nhiu cu  nhiu la chn' is clicked on

2022-01-12 00:18:00 - [MESSAGE][PASSED] - Object: 'Object Repository/Page_Course Ton t hp/span_Quiz Nhiu cu  nhiu la chn' is clicked on

2022-01-12 00:18:00 - [TEST_STEP][PASSED] - click(findTestObject("Object Repository/Page_TTH Quiz Nhiu cu  nhiu la chn/a_Quiz Nhiu cu  nhiu la chn_action-menu-toggle-3")): Object: 'Object Repository/Page_TTH Quiz Nhiu cu  nhiu la chn/a_Quiz Nhiu cu  nhiu la chn_action-menu-toggle-3' is clicked on

2022-01-12 00:18:02 - [MESSAGE][PASSED] - Object: 'Object Repository/Page_TTH Quiz Nhiu cu  nhiu la chn/a_Quiz Nhiu cu  nhiu la chn_action-menu-toggle-3' is clicked on

2022-01-12 00:18:02 - [TEST_STEP][FAILED] - click(findTestObject("Object Repository/Page_TTH Quiz Nhiu cu  nhiu la chn/a_Statistics")): Unable to click on object 'Object Repository/Page_TTH Quiz Nhiu cu  nhiu la chn/a_Statistics' (Root cause: com.kms.katalon.core.exception.StepFailedException: Unable to click on object 'Object Repository/Page_TTH Quiz Nhiu cu  nhiu la chn/a_Statistics'
	at com.kms.katalon.core.webui.keyword.internal.WebUIKeywordMain.stepFailed(WebUIKeywordMain.groovy:64)
	at com.kms.katalon.core.webui.keyword.internal.WebUIKeywordMain.runKeyword(WebUIKeywordMain.groovy:26)
	at com.kms.katalon.core.webui.keyword.builtin.ClickKeyword.click(ClickKeyword.groovy:74)
	at com.kms.katalon.core.webui.keyword.builtin.ClickKeyword.execute(ClickKeyword.groovy:40)
	at com.kms.katalon.core.keyword.internal.KeywordExecutor.executeKeywordForPlatform(KeywordExecutor.groovy:74)
	at com.kms.katalon.core.webui.keyword.WebUiBuiltInKeywords.click(WebUiBuiltInKeywords.groovy:620)
	at com.kms.katalon.core.webui.keyword.WebUiBuiltInKeywords$click$3.call(Unknown Source)
	at Teacher_See The Statistics Of A Question.run(Teacher_See The Statistics Of A Question:38)
	at com.kms.katalon.core.main.ScriptEngine.run(ScriptEngine.java:194)
	at com.kms.katalon.core.main.ScriptEngine.runScriptAsRawText(ScriptEngine.java:119)
	at com.kms.katalon.core.main.TestCaseExecutor.runScript(TestCaseExecutor.java:442)
	at com.kms.katalon.core.main.TestCaseExecutor.doExecute(TestCaseExecutor.java:433)
	at com.kms.katalon.core.main.TestCaseExecutor.processExecutionPhase(TestCaseExecutor.java:412)
	at com.kms.katalon.core.main.TestCaseExecutor.accessMainPhase(TestCaseExecutor.java:404)
	at com.kms.katalon.core.main.TestCaseExecutor.execute(TestCaseExecutor.java:281)
	at com.kms.katalon.core.main.TestSuiteExecutor.accessTestCaseMainPhase(TestSuiteExecutor.java:202)
	at com.kms.katalon.core.main.TestSuiteExecutor.accessTestSuiteMainPhase(TestSuiteExecutor.java:164)
	at com.kms.katalon.core.main.TestSuiteExecutor.execute(TestSuiteExecutor.java:105)
	at com.kms.katalon.core.main.TestCaseMain.startTestSuite(TestCaseMain.java:181)
	at com.kms.katalon.core.main.TestCaseMain$startTestSuite$0.call(Unknown Source)
	at TempTestSuite1641920935254.run(TempTestSuite1641920935254.groovy:36)
Caused by: org.openqa.selenium.ElementNotInteractableException: element not interactable
  (Session info: chrome=95.0.4638.54)
Build info: version: '3.141.59', revision: 'e82be7d358', time: '2018-11-14T08:25:53'
System info: host: 'MSI', ip: '192.168.150.1', os.name: 'Windows 10', os.arch: 'amd64', os.version: '10.0', java.version: '1.8.0_282'
Driver info: com.kms.katalon.selenium.driver.CChromeDriver
Capabilities {acceptInsecureCerts: false, browserName: chrome, browserVersion: 95.0.4638.54, chrome: {chromedriverVersion: 95.0.4638.17 (a9d0719444d4b..., userDataDir: C:\Users\Admin\AppData\Loca...}, goog:chromeOptions: {debuggerAddress: localhost:62805}, javascriptEnabled: true, networkConnectionEnabled: false, pageLoadStrategy: normal, platform: WINDOWS, platformName: WINDOWS, proxy: Proxy(), setWindowRect: true, strictFileInteractability: false, timeouts: {implicit: 0, pageLoad: 300000, script: 30000}, unhandledPromptBehavior: dismiss and notify, webauthn:extension:credBlob: true, webauthn:extension:largeBlob: true, webauthn:virtualAuthenticators: true}
Session ID: ef52601c605b4c5e3d8f8a5f8f2922c1
	at org.openqa.selenium.remote.http.W3CHttpResponseCodec.createException(W3CHttpResponseCodec.java:187)
	at org.openqa.selenium.remote.http.W3CHttpResponseCodec.decode(W3CHttpResponseCodec.java:122)
	at org.openqa.selenium.remote.http.W3CHttpResponseCodec.decode(W3CHttpResponseCodec.java:49)
	at org.openqa.selenium.remote.HttpCommandExecutor.execute(HttpCommandExecutor.java:158)
	at org.openqa.selenium.remote.service.DriverCommandExecutor.execute(DriverCommandExecutor.java:83)
	at org.openqa.selenium.remote.RemoteWebDriver.execute(RemoteWebDriver.java:552)
	at com.kms.katalon.selenium.driver.CChromeDriver.execute(CChromeDriver.java:19)
	at org.openqa.selenium.remote.RemoteWebElement.execute(RemoteWebElement.java:285)
	at org.openqa.selenium.remote.RemoteWebElement.click(RemoteWebElement.java:84)
	at org.openqa.selenium.support.events.EventFiringWebDriver$EventFiringWebElement.lambda$new$0(EventFiringWebDriver.java:404)
	at com.sun.proxy.$Proxy11.click(Unknown Source)
	at org.openqa.selenium.support.events.EventFiringWebDriver$EventFiringWebElement.click(EventFiringWebDriver.java:417)
	at org.openqa.selenium.WebElement$click.call(Unknown Source)
	at com.kms.katalon.core.webui.keyword.builtin.ClickKeyword.clickUntilSuccessWithTimeout(ClickKeyword.groovy:81)
	at com.kms.katalon.core.webui.keyword.builtin.ClickKeyword.clickUntilSuccessWithTimeout(ClickKeyword.groovy)
	at com.kms.katalon.core.webui.keyword.builtin.ClickKeyword$_click_closure1.doCall(ClickKeyword.groovy:67)
	at com.kms.katalon.core.webui.keyword.builtin.ClickKeyword$_click_closure1.call(ClickKeyword.groovy)
	at com.kms.katalon.core.webui.keyword.internal.WebUIKeywordMain.runKeyword(WebUIKeywordMain.groovy:20)
	at com.kms.katalon.core.webui.keyword.builtin.ClickKeyword.click(ClickKeyword.groovy:74)
	at com.kms.katalon.core.webui.keyword.builtin.ClickKeyword.execute(ClickKeyword.groovy:40)
	at com.kms.katalon.core.keyword.internal.KeywordExecutor.executeKeywordForPlatform(KeywordExecutor.groovy:74)
	at com.kms.katalon.core.webui.keyword.WebUiBuiltInKeywords.click(WebUiBuiltInKeywords.groovy:620)
	at com.kms.katalon.core.webui.keyword.WebUiBuiltInKeywords$click$3.call(Unknown Source)
	at Script1641478405462.run(Script1641478405462.groovy:38)
	... 13 more
)

2022-01-12 00:18:02 - [MESSAGE][FAILED] - Unable to click on object 'Object Repository/Page_TTH Quiz Nhiu cu  nhiu la chn/a_Statistics' (Root cause: com.kms.katalon.core.exception.StepFailedException: Unable to click on object 'Object Repository/Page_TTH Quiz Nhiu cu  nhiu la chn/a_Statistics'
	at com.kms.katalon.core.webui.keyword.internal.WebUIKeywordMain.stepFailed(WebUIKeywordMain.groovy:64)
	at com.kms.katalon.core.webui.keyword.internal.WebUIKeywordMain.runKeyword(WebUIKeywordMain.groovy:26)
	at com.kms.katalon.core.webui.keyword.builtin.ClickKeyword.click(ClickKeyword.groovy:74)
	at com.kms.katalon.core.webui.keyword.builtin.ClickKeyword.execute(ClickKeyword.groovy:40)
	at com.kms.katalon.core.keyword.internal.KeywordExecutor.executeKeywordForPlatform(KeywordExecutor.groovy:74)
	at com.kms.katalon.core.webui.keyword.WebUiBuiltInKeywords.click(WebUiBuiltInKeywords.groovy:620)
	at com.kms.katalon.core.webui.keyword.WebUiBuiltInKeywords$click$3.call(Unknown Source)
	at Teacher_See The Statistics Of A Question.run(Teacher_See The Statistics Of A Question:38)
	at com.kms.katalon.core.main.ScriptEngine.run(ScriptEngine.java:194)
	at com.kms.katalon.core.main.ScriptEngine.runScriptAsRawText(ScriptEngine.java:119)
	at com.kms.katalon.core.main.TestCaseExecutor.runScript(TestCaseExecutor.java:442)
	at com.kms.katalon.core.main.TestCaseExecutor.doExecute(TestCaseExecutor.java:433)
	at com.kms.katalon.core.main.TestCaseExecutor.processExecutionPhase(TestCaseExecutor.java:412)
	at com.kms.katalon.core.main.TestCaseExecutor.accessMainPhase(TestCaseExecutor.java:404)
	at com.kms.katalon.core.main.TestCaseExecutor.execute(TestCaseExecutor.java:281)
	at com.kms.katalon.core.main.TestSuiteExecutor.accessTestCaseMainPhase(TestSuiteExecutor.java:202)
	at com.kms.katalon.core.main.TestSuiteExecutor.accessTestSuiteMainPhase(TestSuiteExecutor.java:164)
	at com.kms.katalon.core.main.TestSuiteExecutor.execute(TestSuiteExecutor.java:105)
	at com.kms.katalon.core.main.TestCaseMain.startTestSuite(TestCaseMain.java:181)
	at com.kms.katalon.core.main.TestCaseMain$startTestSuite$0.call(Unknown Source)
	at TempTestSuite1641920935254.run(TempTestSuite1641920935254.groovy:36)
Caused by: org.openqa.selenium.ElementNotInteractableException: element not interactable
  (Session info: chrome=95.0.4638.54)
Build info: version: '3.141.59', revision: 'e82be7d358', time: '2018-11-14T08:25:53'
System info: host: 'MSI', ip: '192.168.150.1', os.name: 'Windows 10', os.arch: 'amd64', os.version: '10.0', java.version: '1.8.0_282'
Driver info: com.kms.katalon.selenium.driver.CChromeDriver
Capabilities {acceptInsecureCerts: false, browserName: chrome, browserVersion: 95.0.4638.54, chrome: {chromedriverVersion: 95.0.4638.17 (a9d0719444d4b..., userDataDir: C:\Users\Admin\AppData\Loca...}, goog:chromeOptions: {debuggerAddress: localhost:62805}, javascriptEnabled: true, networkConnectionEnabled: false, pageLoadStrategy: normal, platform: WINDOWS, platformName: WINDOWS, proxy: Proxy(), setWindowRect: true, strictFileInteractability: false, timeouts: {implicit: 0, pageLoad: 300000, script: 30000}, unhandledPromptBehavior: dismiss and notify, webauthn:extension:credBlob: true, webauthn:extension:largeBlob: true, webauthn:virtualAuthenticators: true}
Session ID: ef52601c605b4c5e3d8f8a5f8f2922c1
	at org.openqa.selenium.remote.http.W3CHttpResponseCodec.createException(W3CHttpResponseCodec.java:187)
	at org.openqa.selenium.remote.http.W3CHttpResponseCodec.decode(W3CHttpResponseCodec.java:122)
	at org.openqa.selenium.remote.http.W3CHttpResponseCodec.decode(W3CHttpResponseCodec.java:49)
	at org.openqa.selenium.remote.HttpCommandExecutor.execute(HttpCommandExecutor.java:158)
	at org.openqa.selenium.remote.service.DriverCommandExecutor.execute(DriverCommandExecutor.java:83)
	at org.openqa.selenium.remote.RemoteWebDriver.execute(RemoteWebDriver.java:552)
	at com.kms.katalon.selenium.driver.CChromeDriver.execute(CChromeDriver.java:19)
	at org.openqa.selenium.remote.RemoteWebElement.execute(RemoteWebElement.java:285)
	at org.openqa.selenium.remote.RemoteWebElement.click(RemoteWebElement.java:84)
	at org.openqa.selenium.support.events.EventFiringWebDriver$EventFiringWebElement.lambda$new$0(EventFiringWebDriver.java:404)
	at com.sun.proxy.$Proxy11.click(Unknown Source)
	at org.openqa.selenium.support.events.EventFiringWebDriver$EventFiringWebElement.click(EventFiringWebDriver.java:417)
	at org.openqa.selenium.WebElement$click.call(Unknown Source)
	at com.kms.katalon.core.webui.keyword.builtin.ClickKeyword.clickUntilSuccessWithTimeout(ClickKeyword.groovy:81)
	at com.kms.katalon.core.webui.keyword.builtin.ClickKeyword.clickUntilSuccessWithTimeout(ClickKeyword.groovy)
	at com.kms.katalon.core.webui.keyword.builtin.ClickKeyword$_click_closure1.doCall(ClickKeyword.groovy:67)
	at com.kms.katalon.core.webui.keyword.builtin.ClickKeyword$_click_closure1.call(ClickKeyword.groovy)
	at com.kms.katalon.core.webui.keyword.internal.WebUIKeywordMain.runKeyword(WebUIKeywordMain.groovy:20)
	at com.kms.katalon.core.webui.keyword.builtin.ClickKeyword.click(ClickKeyword.groovy:74)
	at com.kms.katalon.core.webui.keyword.builtin.ClickKeyword.execute(ClickKeyword.groovy:40)
	at com.kms.katalon.core.keyword.internal.KeywordExecutor.executeKeywordForPlatform(KeywordExecutor.groovy:74)
	at com.kms.katalon.core.webui.keyword.WebUiBuiltInKeywords.click(WebUiBuiltInKeywords.groovy:620)
	at com.kms.katalon.core.webui.keyword.WebUiBuiltInKeywords$click$3.call(Unknown Source)
	at Script1641478405462.run(Script1641478405462.groovy:38)
	... 13 more
)
[[ATTACHMENT|C:\\Users\\Admin\\Desktop\\Katalon_TestProject\\TestAutomation_Katalon-Test-Project\\Reports\\20220112_000855\\Run All Test Cases\\20220112_000855\\1641921482660.png]]]]></system-out>
         <system-err><![CDATA[2022-01-12 00:17:51 - [TEST_CASE][FAILED] - Test Cases/Teacher/Teacher_Quiz Result/Teacher_See The Statistics Of A Question: Test Cases/Teacher/Teacher_Quiz Result/Teacher_See The Statistics Of A Question FAILED.
Reason:
com.kms.katalon.core.exception.StepFailedException: Unable to click on object 'Object Repository/Page_TTH Quiz Nhiu cu  nhiu la chn/a_Statistics'
	at com.kms.katalon.core.webui.keyword.internal.WebUIKeywordMain.stepFailed(WebUIKeywordMain.groovy:64)
	at com.kms.katalon.core.webui.keyword.internal.WebUIKeywordMain.runKeyword(WebUIKeywordMain.groovy:26)
	at com.kms.katalon.core.webui.keyword.builtin.ClickKeyword.click(ClickKeyword.groovy:74)
	at com.kms.katalon.core.webui.keyword.builtin.ClickKeyword.execute(ClickKeyword.groovy:40)
	at com.kms.katalon.core.keyword.internal.KeywordExecutor.executeKeywordForPlatform(KeywordExecutor.groovy:74)
	at com.kms.katalon.core.webui.keyword.WebUiBuiltInKeywords.click(WebUiBuiltInKeywords.groovy:620)
	at com.kms.katalon.core.webui.keyword.WebUiBuiltInKeywords$click$3.call(Unknown Source)
	at Teacher_See The Statistics Of A Question.run(Teacher_See The Statistics Of A Question:38)
	at com.kms.katalon.core.main.ScriptEngine.run(ScriptEngine.java:194)
	at com.kms.katalon.core.main.ScriptEngine.runScriptAsRawText(ScriptEngine.java:119)
	at com.kms.katalon.core.main.TestCaseExecutor.runScript(TestCaseExecutor.java:442)
	at com.kms.katalon.core.main.TestCaseExecutor.doExecute(TestCaseExecutor.java:433)
	at com.kms.katalon.core.main.TestCaseExecutor.processExecutionPhase(TestCaseExecutor.java:412)
	at com.kms.katalon.core.main.TestCaseExecutor.accessMainPhase(TestCaseExecutor.java:404)
	at com.kms.katalon.core.main.TestCaseExecutor.execute(TestCaseExecutor.java:281)
	at com.kms.katalon.core.main.TestSuiteExecutor.accessTestCaseMainPhase(TestSuiteExecutor.java:202)
	at com.kms.katalon.core.main.TestSuiteExecutor.accessTestSuiteMainPhase(TestSuiteExecutor.java:164)
	at com.kms.katalon.core.main.TestSuiteExecutor.execute(TestSuiteExecutor.java:105)
	at com.kms.katalon.core.main.TestCaseMain.startTestSuite(TestCaseMain.java:181)
	at com.kms.katalon.core.main.TestCaseMain$startTestSuite$0.call(Unknown Source)
	at TempTestSuite1641920935254.run(TempTestSuite1641920935254.groovy:36)
Caused by: org.openqa.selenium.ElementNotInteractableException: element not interactable
  (Session info: chrome=95.0.4638.54)
Build info: version: '3.141.59', revision: 'e82be7d358', time: '2018-11-14T08:25:53'
System info: host: 'MSI', ip: '192.168.150.1', os.name: 'Windows 10', os.arch: 'amd64', os.version: '10.0', java.version: '1.8.0_282'
Driver info: com.kms.katalon.selenium.driver.CChromeDriver
Capabilities {acceptInsecureCerts: false, browserName: chrome, browserVersion: 95.0.4638.54, chrome: {chromedriverVersion: 95.0.4638.17 (a9d0719444d4b..., userDataDir: C:\Users\Admin\AppData\Loca...}, goog:chromeOptions: {debuggerAddress: localhost:62805}, javascriptEnabled: true, networkConnectionEnabled: false, pageLoadStrategy: normal, platform: WINDOWS, platformName: WINDOWS, proxy: Proxy(), setWindowRect: true, strictFileInteractability: false, timeouts: {implicit: 0, pageLoad: 300000, script: 30000}, unhandledPromptBehavior: dismiss and notify, webauthn:extension:credBlob: true, webauthn:extension:largeBlob: true, webauthn:virtualAuthenticators: true}
Session ID: ef52601c605b4c5e3d8f8a5f8f2922c1
	at org.openqa.selenium.remote.http.W3CHttpResponseCodec.createException(W3CHttpResponseCodec.java:187)
	at org.openqa.selenium.remote.http.W3CHttpResponseCodec.decode(W3CHttpResponseCodec.java:122)
	at org.openqa.selenium.remote.http.W3CHttpResponseCodec.decode(W3CHttpResponseCodec.java:49)
	at org.openqa.selenium.remote.HttpCommandExecutor.execute(HttpCommandExecutor.java:158)
	at org.openqa.selenium.remote.service.DriverCommandExecutor.execute(DriverCommandExecutor.java:83)
	at org.openqa.selenium.remote.RemoteWebDriver.execute(RemoteWebDriver.java:552)
	at com.kms.katalon.selenium.driver.CChromeDriver.execute(CChromeDriver.java:19)
	at org.openqa.selenium.remote.RemoteWebElement.execute(RemoteWebElement.java:285)
	at org.openqa.selenium.remote.RemoteWebElement.click(RemoteWebElement.java:84)
	at org.openqa.selenium.support.events.EventFiringWebDriver$EventFiringWebElement.lambda$new$0(EventFiringWebDriver.java:404)
	at com.sun.proxy.$Proxy11.click(Unknown Source)
	at org.openqa.selenium.support.events.EventFiringWebDriver$EventFiringWebElement.click(EventFiringWebDriver.java:417)
	at org.openqa.selenium.WebElement$click.call(Unknown Source)
	at com.kms.katalon.core.webui.keyword.builtin.ClickKeyword.clickUntilSuccessWithTimeout(ClickKeyword.groovy:81)
	at com.kms.katalon.core.webui.keyword.builtin.ClickKeyword.clickUntilSuccessWithTimeout(ClickKeyword.groovy)
	at com.kms.katalon.core.webui.keyword.builtin.ClickKeyword$_click_closure1.doCall(ClickKeyword.groovy:67)
	at com.kms.katalon.core.webui.keyword.builtin.ClickKeyword$_click_closure1.call(ClickKeyword.groovy)
	at com.kms.katalon.core.webui.keyword.internal.WebUIKeywordMain.runKeyword(WebUIKeywordMain.groovy:20)
	... 19 more]]></system-err>
      </testcase>
      <testcase name="Test Cases/Teacher/Teacher_Add Announcement/Teacher_Add Annoucement Advanced With Tags" time="21.878" classname="Test Cases/Teacher/Teacher_Add Announcement/Teacher_Add Annoucement Advanced With Tags" status="PASSED">
         <system-out><![CDATA[2022-01-12 00:18:02 - [TEST_CASE][PASSED] - Test Cases/Teacher/Teacher_Add Announcement/Teacher_Add Annoucement Advanced With Tags: Test Cases/Teacher/Teacher_Add Announcement/Teacher_Add Annoucement Advanced With Tags

2022-01-12 00:18:03 - [TEST_STEP][PASSED] - openBrowser(""): Browser is opened with url: ''

2022-01-12 00:18:03 - [MESSAGE][WARNING] - A browser is already opened. Closing browser and opening a new one

2022-01-12 00:18:03 - [MESSAGE][INFO] - Starting 'Chrome' driver

2022-01-12 00:18:03 - [MESSAGE][INFO] - User set preference: ['args', '[window-size=1300,900]']

2022-01-12 00:18:03 - [MESSAGE][INFO] - Action delay is set to 0 milliseconds

2022-01-12 00:18:04 - [MESSAGE][PASSED] - Browser is opened with url: ''

2022-01-12 00:18:04 - [TEST_STEP][PASSED] - navigateToUrl("http://localhost:8080/moodle/"): Navigate to 'http://localhost:8080/moodle/' successfully

2022-01-12 00:18:05 - [MESSAGE][PASSED] - Navigate to 'http://localhost:8080/moodle/' successfully

2022-01-12 00:18:05 - [TEST_STEP][PASSED] - click(findTestObject("Object Repository/Page_BCS Moodle/a_Log in")): Object: 'Object Repository/Page_BCS Moodle/a_Log in' is clicked on

2022-01-12 00:18:06 - [MESSAGE][PASSED] - Object: 'Object Repository/Page_BCS Moodle/a_Log in' is clicked on

2022-01-12 00:18:06 - [TEST_STEP][PASSED] - setText(findTestObject("Object Repository/Page_BCS Moodle Log in to the site/input_Username_username"), "onix"): Text 'onix' is set on object 'Object Repository/Page_BCS Moodle Log in to the site/input_Username_username'

2022-01-12 00:18:07 - [MESSAGE][PASSED] - Text 'onix' is set on object 'Object Repository/Page_BCS Moodle Log in to the site/input_Username_username'

2022-01-12 00:18:07 - [TEST_STEP][PASSED] - setEncryptedText(findTestObject("Object Repository/Page_BCS Moodle Log in to the site/input_Password_password"), "uw4zQNl2RedGtkZxJt1B2nZNxIOg3YnT"): Text ****** has been set on object 'Object Repository/Page_BCS Moodle Log in to the site/input_Password_password'

2022-01-12 00:18:07 - [MESSAGE][PASSED] - Text ****** has been set on object 'Object Repository/Page_BCS Moodle Log in to the site/input_Password_password'

2022-01-12 00:18:07 - [TEST_STEP][PASSED] - click(findTestObject("Object Repository/Page_BCS Moodle Log in to the site/button_Log in")): Object: 'Object Repository/Page_BCS Moodle Log in to the site/button_Log in' is clicked on

2022-01-12 00:18:09 - [MESSAGE][PASSED] - Object: 'Object Repository/Page_BCS Moodle Log in to the site/button_Log in' is clicked on

2022-01-12 00:18:09 - [TEST_STEP][PASSED] - click(findTestObject("Object Repository/Page_Dashboard/div_Course image")): Object: 'Object Repository/Page_Dashboard/div_Course image' is clicked on

2022-01-12 00:18:11 - [MESSAGE][PASSED] - Object: 'Object Repository/Page_Dashboard/div_Course image' is clicked on

2022-01-12 00:18:11 - [TEST_STEP][PASSED] - click(findTestObject("Object Repository/Page_Course Ton t hp/span_Announcements Forum")): Object: 'Object Repository/Page_Course Ton t hp/span_Announcements Forum' is clicked on

2022-01-12 00:18:13 - [MESSAGE][PASSED] - Object: 'Object Repository/Page_Course Ton t hp/span_Announcements Forum' is clicked on

2022-01-12 00:18:13 - [TEST_STEP][PASSED] - click(findTestObject("Page_Announcements/a_Add a new topic")): Object: 'Object Repository/Page_Announcements/a_Add a new topic' is clicked on

2022-01-12 00:18:14 - [MESSAGE][PASSED] - Object: 'Object Repository/Page_Announcements/a_Add a new topic' is clicked on

2022-01-12 00:18:14 - [TEST_STEP][PASSED] - setText(findTestObject("Object Repository/Page_Announcements/input_Subject_subject"), "Topic With Tags"): Text 'Topic With Tags' is set on object 'Object Repository/Page_Announcements/input_Subject_subject'

2022-01-12 00:18:15 - [MESSAGE][PASSED] - Text 'Topic With Tags' is set on object 'Object Repository/Page_Announcements/input_Subject_subject'

2022-01-12 00:18:15 - [TEST_STEP][PASSED] - setText(findTestObject("Object Repository/Page_Announcements/div_This is a topic with advanced field tags"), "This is a topic with advanced field tags"): Text 'This is a topic with advanced field tags' is set on object 'Object Repository/Page_Announcements/div_This is a topic with advanced field tags'

2022-01-12 00:18:16 - [MESSAGE][PASSED] - Text 'This is a topic with advanced field tags' is set on object 'Object Repository/Page_Announcements/div_This is a topic with advanced field tags'

2022-01-12 00:18:16 - [TEST_STEP][PASSED] - click(findTestObject("Object Repository/Page_Announcements/input_Cancel_advancedadddiscussion")): Object: 'Object Repository/Page_Announcements/input_Cancel_advancedadddiscussion' is clicked on

2022-01-12 00:18:18 - [MESSAGE][PASSED] - Object: 'Object Repository/Page_Announcements/input_Cancel_advancedadddiscussion' is clicked on

2022-01-12 00:18:18 - [TEST_STEP][PASSED] - click(findTestObject("Object Repository/Page_TTH Add a new topic/a_Tags")): Object: 'Object Repository/Page_TTH Add a new topic/a_Tags' is clicked on

2022-01-12 00:18:19 - [MESSAGE][PASSED] - Object: 'Object Repository/Page_TTH Add a new topic/a_Tags' is clicked on

2022-01-12 00:18:19 - [TEST_STEP][PASSED] - setText(findTestObject("Object Repository/Page_TTH Add a new topic/input_No selection_form_autocomplete_input-_69419d"), "Sample Tags"): Text 'Sample Tags' is set on object 'Object Repository/Page_TTH Add a new topic/input_No selection_form_autocomplete_input-_69419d'

2022-01-12 00:18:19 - [MESSAGE][PASSED] - Text 'Sample Tags' is set on object 'Object Repository/Page_TTH Add a new topic/input_No selection_form_autocomplete_input-_69419d'

2022-01-12 00:18:19 - [TEST_STEP][PASSED] - click(findTestObject("Object Repository/Page_TTH Add a new topic/div_Selected items                No select_148724")): Object: 'Object Repository/Page_TTH Add a new topic/div_Selected items                No select_148724' is clicked on

2022-01-12 00:18:20 - [MESSAGE][PASSED] - Object: 'Object Repository/Page_TTH Add a new topic/div_Selected items                No select_148724' is clicked on

2022-01-12 00:18:20 - [TEST_STEP][PASSED] - selectOptionByValue(findTestObject("Object Repository/Page_TTH Add a new topic/select_sample tags"), "Sample Tags", true): All options with value 'Sample Tags' are selected in object 'Object Repository/Page_TTH Add a new topic/select_sample tags'  using regular expression

2022-01-12 00:18:22 - [MESSAGE][PASSED] - All options with value 'Sample Tags' are selected in object 'Object Repository/Page_TTH Add a new topic/select_sample tags'  using regular expression

2022-01-12 00:18:22 - [TEST_STEP][PASSED] - click(findTestObject("Object Repository/Page_TTH Add a new topic/div_Sample Tags                            _c5a69e")): Object: 'Object Repository/Page_TTH Add a new topic/div_Sample Tags                            _c5a69e' is clicked on

2022-01-12 00:18:22 - [MESSAGE][PASSED] - Object: 'Object Repository/Page_TTH Add a new topic/div_Sample Tags                            _c5a69e' is clicked on

2022-01-12 00:18:22 - [TEST_STEP][PASSED] - click(findTestObject("Object Repository/Page_TTH Add a new topic/input__submitbutton")): Object: 'Object Repository/Page_TTH Add a new topic/input__submitbutton' is clicked on

2022-01-12 00:18:24 - [MESSAGE][PASSED] - Object: 'Object Repository/Page_TTH Add a new topic/input__submitbutton' is clicked on

2022-01-12 00:18:24 - [TEST_STEP][PASSED] - closeBrowser(): Browser is closed

2022-01-12 00:18:24 - [MESSAGE][PASSED] - Browser is closed]]></system-out>
         <system-err><![CDATA[]]></system-err>
      </testcase>
      <testcase name="Test Cases/Teacher/Teacher_Add Announcement/Teacher_Add Announcement Advanced With Display Period" time="20.494" classname="Test Cases/Teacher/Teacher_Add Announcement/Teacher_Add Announcement Advanced With Display Period" status="PASSED">
         <system-out><![CDATA[2022-01-12 00:18:24 - [TEST_CASE][PASSED] - Test Cases/Teacher/Teacher_Add Announcement/Teacher_Add Announcement Advanced With Display Period: Test Cases/Teacher/Teacher_Add Announcement/Teacher_Add Announcement Advanced With Display Period

2022-01-12 00:18:25 - [TEST_STEP][PASSED] - openBrowser(""): Browser is opened with url: ''

2022-01-12 00:18:25 - [MESSAGE][INFO] - Starting 'Chrome' driver

2022-01-12 00:18:25 - [MESSAGE][INFO] - User set preference: ['args', '[window-size=1300,900]']

2022-01-12 00:18:25 - [MESSAGE][INFO] - Action delay is set to 0 milliseconds

2022-01-12 00:18:26 - [MESSAGE][PASSED] - Browser is opened with url: ''

2022-01-12 00:18:26 - [TEST_STEP][PASSED] - navigateToUrl("http://localhost:8080/moodle/"): Navigate to 'http://localhost:8080/moodle/' successfully

2022-01-12 00:18:26 - [MESSAGE][PASSED] - Navigate to 'http://localhost:8080/moodle/' successfully

2022-01-12 00:18:26 - [TEST_STEP][PASSED] - click(findTestObject("Object Repository/Page_BCS Moodle/a_Log in")): Object: 'Object Repository/Page_BCS Moodle/a_Log in' is clicked on

2022-01-12 00:18:27 - [MESSAGE][PASSED] - Object: 'Object Repository/Page_BCS Moodle/a_Log in' is clicked on

2022-01-12 00:18:27 - [TEST_STEP][PASSED] - setText(findTestObject("Object Repository/Page_BCS Moodle Log in to the site/input_Username_username"), "onix"): Text 'onix' is set on object 'Object Repository/Page_BCS Moodle Log in to the site/input_Username_username'

2022-01-12 00:18:28 - [MESSAGE][PASSED] - Text 'onix' is set on object 'Object Repository/Page_BCS Moodle Log in to the site/input_Username_username'

2022-01-12 00:18:28 - [TEST_STEP][PASSED] - setEncryptedText(findTestObject("Object Repository/Page_BCS Moodle Log in to the site/input_Password_password"), "uw4zQNl2RedGtkZxJt1B2nZNxIOg3YnT"): Text ****** has been set on object 'Object Repository/Page_BCS Moodle Log in to the site/input_Password_password'

2022-01-12 00:18:28 - [MESSAGE][PASSED] - Text ****** has been set on object 'Object Repository/Page_BCS Moodle Log in to the site/input_Password_password'

2022-01-12 00:18:28 - [TEST_STEP][PASSED] - click(findTestObject("Object Repository/Page_BCS Moodle Log in to the site/button_Log in")): Object: 'Object Repository/Page_BCS Moodle Log in to the site/button_Log in' is clicked on

2022-01-12 00:18:30 - [MESSAGE][PASSED] - Object: 'Object Repository/Page_BCS Moodle Log in to the site/button_Log in' is clicked on

2022-01-12 00:18:30 - [TEST_STEP][PASSED] - click(findTestObject("Object Repository/Page_Dashboard/div_Course image")): Object: 'Object Repository/Page_Dashboard/div_Course image' is clicked on

2022-01-12 00:18:32 - [MESSAGE][PASSED] - Object: 'Object Repository/Page_Dashboard/div_Course image' is clicked on

2022-01-12 00:18:32 - [TEST_STEP][PASSED] - click(findTestObject("Object Repository/Page_Course Ton t hp/span_Announcements Forum")): Object: 'Object Repository/Page_Course Ton t hp/span_Announcements Forum' is clicked on

2022-01-12 00:18:34 - [MESSAGE][PASSED] - Object: 'Object Repository/Page_Course Ton t hp/span_Announcements Forum' is clicked on

2022-01-12 00:18:34 - [TEST_STEP][PASSED] - click(findTestObject("Object Repository/Page_Announcements/a_Add a new topic_1")): Object: 'Object Repository/Page_Announcements/a_Add a new topic_1' is clicked on

2022-01-12 00:18:35 - [MESSAGE][PASSED] - Object: 'Object Repository/Page_Announcements/a_Add a new topic_1' is clicked on

2022-01-12 00:18:35 - [TEST_STEP][PASSED] - setText(findTestObject("Object Repository/Page_Announcements/input_Subject_subject"), "Topic Advance Display Period"): Text 'Topic Advance Display Period' is set on object 'Object Repository/Page_Announcements/input_Subject_subject'

2022-01-12 00:18:36 - [MESSAGE][PASSED] - Text 'Topic Advance Display Period' is set on object 'Object Repository/Page_Announcements/input_Subject_subject'

2022-01-12 00:18:36 - [TEST_STEP][PASSED] - setText(findTestObject("Object Repository/Page_Announcements/div_This is a topic with advance display pe_a06968"), "This is a topic with advance display period field"): Text 'This is a topic with advance display period field' is set on object 'Object Repository/Page_Announcements/div_This is a topic with advance display pe_a06968'

2022-01-12 00:18:37 - [MESSAGE][PASSED] - Text 'This is a topic with advance display period field' is set on object 'Object Repository/Page_Announcements/div_This is a topic with advance display pe_a06968'

2022-01-12 00:18:37 - [TEST_STEP][PASSED] - click(findTestObject("Object Repository/Page_Announcements/input_Cancel_advancedadddiscussion")): Object: 'Object Repository/Page_Announcements/input_Cancel_advancedadddiscussion' is clicked on

2022-01-12 00:18:38 - [MESSAGE][PASSED] - Object: 'Object Repository/Page_Announcements/input_Cancel_advancedadddiscussion' is clicked on

2022-01-12 00:18:38 - [TEST_STEP][PASSED] - click(findTestObject("Object Repository/Page_TTH Add a new topic/a_Display period_1")): Object: 'Object Repository/Page_TTH Add a new topic/a_Display period_1' is clicked on

2022-01-12 00:18:39 - [MESSAGE][PASSED] - Object: 'Object Repository/Page_TTH Add a new topic/a_Display period_1' is clicked on

2022-01-12 00:18:39 - [TEST_STEP][PASSED] - click(findTestObject("Object Repository/Page_TTH Add a new topic/input_Enable_timestartenabled")): Object: 'Object Repository/Page_TTH Add a new topic/input_Enable_timestartenabled' is clicked on

2022-01-12 00:18:40 - [MESSAGE][PASSED] - Object: 'Object Repository/Page_TTH Add a new topic/input_Enable_timestartenabled' is clicked on

2022-01-12 00:18:40 - [TEST_STEP][PASSED] - click(findTestObject("Object Repository/Page_TTH Add a new topic/input_Enable_timeendenabled")): Object: 'Object Repository/Page_TTH Add a new topic/input_Enable_timeendenabled' is clicked on

2022-01-12 00:18:40 - [MESSAGE][PASSED] - Object: 'Object Repository/Page_TTH Add a new topic/input_Enable_timeendenabled' is clicked on

2022-01-12 00:18:40 - [TEST_STEP][PASSED] - selectOptionByValue(findTestObject("Object Repository/Page_TTH Add a new topic/select_1        2        3        4        _45ea30"), "16", true): All options with value '16' are selected in object 'Object Repository/Page_TTH Add a new topic/select_1        2        3        4        _45ea30'  using regular expression

2022-01-12 00:18:42 - [MESSAGE][PASSED] - All options with value '16' are selected in object 'Object Repository/Page_TTH Add a new topic/select_1        2        3        4        _45ea30'  using regular expression

2022-01-12 00:18:42 - [TEST_STEP][PASSED] - click(findTestObject("Object Repository/Page_TTH Add a new topic/input__submitbutton")): Object: 'Object Repository/Page_TTH Add a new topic/input__submitbutton' is clicked on

2022-01-12 00:18:44 - [MESSAGE][PASSED] - Object: 'Object Repository/Page_TTH Add a new topic/input__submitbutton' is clicked on

2022-01-12 00:18:44 - [TEST_STEP][PASSED] - closeBrowser(): Browser is closed

2022-01-12 00:18:45 - [MESSAGE][PASSED] - Browser is closed]]></system-out>
         <system-err><![CDATA[]]></system-err>
      </testcase>
      <testcase name="Test Cases/Teacher/Teacher_Add Forum/Teacher_Add Forum Submit Without Input in Forum" time="15.861" classname="Test Cases/Teacher/Teacher_Add Forum/Teacher_Add Forum Submit Without Input in Forum" status="PASSED">
         <system-out><![CDATA[2022-01-12 00:18:45 - [TEST_CASE][PASSED] - Test Cases/Teacher/Teacher_Add Forum/Teacher_Add Forum Submit Without Input in Forum: Test Cases/Teacher/Teacher_Add Forum/Teacher_Add Forum Submit Without Input in Forum

2022-01-12 00:18:45 - [TEST_STEP][PASSED] - openBrowser(""): Browser is opened with url: ''

2022-01-12 00:18:45 - [MESSAGE][INFO] - Starting 'Chrome' driver

2022-01-12 00:18:45 - [MESSAGE][INFO] - User set preference: ['args', '[window-size=1300,900]']

2022-01-12 00:18:45 - [MESSAGE][INFO] - Action delay is set to 0 milliseconds

2022-01-12 00:18:46 - [MESSAGE][PASSED] - Browser is opened with url: ''

2022-01-12 00:18:46 - [TEST_STEP][PASSED] - navigateToUrl("http://localhost:8080/moodle/"): Navigate to 'http://localhost:8080/moodle/' successfully

2022-01-12 00:18:47 - [MESSAGE][PASSED] - Navigate to 'http://localhost:8080/moodle/' successfully

2022-01-12 00:18:47 - [TEST_STEP][PASSED] - click(findTestObject("Page_BCS Moodle/a_Log in")): Object: 'Object Repository/Page_BCS Moodle/a_Log in' is clicked on

2022-01-12 00:18:48 - [MESSAGE][PASSED] - Object: 'Object Repository/Page_BCS Moodle/a_Log in' is clicked on

2022-01-12 00:18:48 - [TEST_STEP][PASSED] - setText(findTestObject("Page_BCS Moodle Log in to the site/input_Username_username"), "onix"): Text 'onix' is set on object 'Object Repository/Page_BCS Moodle Log in to the site/input_Username_username'

2022-01-12 00:18:49 - [MESSAGE][PASSED] - Text 'onix' is set on object 'Object Repository/Page_BCS Moodle Log in to the site/input_Username_username'

2022-01-12 00:18:49 - [TEST_STEP][PASSED] - setEncryptedText(findTestObject("Page_BCS Moodle Log in to the site/input_Password_password"), "uw4zQNl2RedGtkZxJt1B2nZNxIOg3YnT"): Text ****** has been set on object 'Object Repository/Page_BCS Moodle Log in to the site/input_Password_password'

2022-01-12 00:18:49 - [MESSAGE][PASSED] - Text ****** has been set on object 'Object Repository/Page_BCS Moodle Log in to the site/input_Password_password'

2022-01-12 00:18:49 - [TEST_STEP][PASSED] - click(findTestObject("Page_BCS Moodle Log in to the site/button_Log in")): Object: 'Object Repository/Page_BCS Moodle Log in to the site/button_Log in' is clicked on

2022-01-12 00:18:51 - [MESSAGE][PASSED] - Object: 'Object Repository/Page_BCS Moodle Log in to the site/button_Log in' is clicked on

2022-01-12 00:18:51 - [TEST_STEP][PASSED] - click(findTestObject("Page_Dashboard/div_Course image")): Object: 'Object Repository/Page_Dashboard/div_Course image' is clicked on

2022-01-12 00:18:53 - [MESSAGE][PASSED] - Object: 'Object Repository/Page_Dashboard/div_Course image' is clicked on

2022-01-12 00:18:53 - [TEST_STEP][PASSED] - click(findTestObject("Object Repository/Page_Course Ton t hp/button_Turn editing on")): Object: 'Object Repository/Page_Course Ton t hp/button_Turn editing on' is clicked on

2022-01-12 00:18:54 - [MESSAGE][PASSED] - Object: 'Object Repository/Page_Course Ton t hp/button_Turn editing on' is clicked on

2022-01-12 00:18:54 - [TEST_STEP][PASSED] - click(findTestObject("Object Repository/Page_Course Ton t hp/span_Add an activity or resource (2)")): Object: 'Object Repository/Page_Course Ton t hp/span_Add an activity or resource (2)' is clicked on

2022-01-12 00:18:55 - [MESSAGE][PASSED] - Object: 'Object Repository/Page_Course Ton t hp/span_Add an activity or resource (2)' is clicked on

2022-01-12 00:18:55 - [TEST_STEP][PASSED] - click(findTestObject("Object Repository/Page_Course Ton t hp/img_Information about the Folder activity_i_e12f9c")): Object: 'Object Repository/Page_Course Ton t hp/img_Information about the Folder activity_i_e12f9c' is clicked on

2022-01-12 00:18:58 - [MESSAGE][PASSED] - Object: 'Object Repository/Page_Course Ton t hp/img_Information about the Folder activity_i_e12f9c' is clicked on

2022-01-12 00:18:58 - [TEST_STEP][PASSED] - click(findTestObject("Page_Editing Forum/input_Upon activity completion_submitbutton")): Object: 'Object Repository/Page_Editing Forum/input_Upon activity completion_submitbutton' is clicked on

2022-01-12 00:18:59 - [MESSAGE][PASSED] - Object: 'Object Repository/Page_Editing Forum/input_Upon activity completion_submitbutton' is clicked on

2022-01-12 00:18:59 - [TEST_STEP][PASSED] - click(findTestObject("Page_Editing Forum/div_- You must supply a value here")): Object: 'Object Repository/Page_Editing Forum/div_- You must supply a value here' is clicked on

2022-01-12 00:19:00 - [MESSAGE][PASSED] - Object: 'Object Repository/Page_Editing Forum/div_- You must supply a value here' is clicked on

2022-01-12 00:19:00 - [TEST_STEP][PASSED] - verifyElementText(findTestObject("Page_Editing Forum/div_- You must supply a value here"), "- You must supply a value here."): Actual text and expected text of test object 'Object Repository/Page_Editing Forum/div_- You must supply a value here' are matched.

2022-01-12 00:19:00 - [MESSAGE][PASSED] - Actual text and expected text of test object 'Object Repository/Page_Editing Forum/div_- You must supply a value here' are matched.

2022-01-12 00:19:00 - [TEST_STEP][PASSED] - closeBrowser(): Browser is closed

2022-01-12 00:19:01 - [MESSAGE][PASSED] - Browser is closed]]></system-out>
         <system-err><![CDATA[]]></system-err>
      </testcase>
      <testcase name="Test Cases/Teacher/Teacher_Add Forum/Teacher_Add Forum Submit Without Input in Topic" time="19.843" classname="Test Cases/Teacher/Teacher_Add Forum/Teacher_Add Forum Submit Without Input in Topic" status="PASSED">
         <system-out><![CDATA[2022-01-12 00:19:01 - [TEST_CASE][PASSED] - Test Cases/Teacher/Teacher_Add Forum/Teacher_Add Forum Submit Without Input in Topic: Test Cases/Teacher/Teacher_Add Forum/Teacher_Add Forum Submit Without Input in Topic

2022-01-12 00:19:01 - [TEST_STEP][PASSED] - openBrowser(""): Browser is opened with url: ''

2022-01-12 00:19:01 - [MESSAGE][INFO] - Starting 'Chrome' driver

2022-01-12 00:19:01 - [MESSAGE][INFO] - User set preference: ['args', '[window-size=1300,900]']

2022-01-12 00:19:01 - [MESSAGE][INFO] - Action delay is set to 0 milliseconds

2022-01-12 00:19:02 - [MESSAGE][PASSED] - Browser is opened with url: ''

2022-01-12 00:19:02 - [TEST_STEP][PASSED] - navigateToUrl("http://localhost:8080/moodle/"): Navigate to 'http://localhost:8080/moodle/' successfully

2022-01-12 00:19:03 - [MESSAGE][PASSED] - Navigate to 'http://localhost:8080/moodle/' successfully

2022-01-12 00:19:03 - [TEST_STEP][PASSED] - click(findTestObject("Object Repository/Page_BCS Moodle/a_Log in")): Object: 'Object Repository/Page_BCS Moodle/a_Log in' is clicked on

2022-01-12 00:19:04 - [MESSAGE][PASSED] - Object: 'Object Repository/Page_BCS Moodle/a_Log in' is clicked on

2022-01-12 00:19:04 - [TEST_STEP][PASSED] - setText(findTestObject("Object Repository/Page_BCS Moodle Log in to the site/input_Username_username"), "onix"): Text 'onix' is set on object 'Object Repository/Page_BCS Moodle Log in to the site/input_Username_username'

2022-01-12 00:19:04 - [MESSAGE][PASSED] - Text 'onix' is set on object 'Object Repository/Page_BCS Moodle Log in to the site/input_Username_username'

2022-01-12 00:19:04 - [TEST_STEP][PASSED] - setEncryptedText(findTestObject("Object Repository/Page_BCS Moodle Log in to the site/input_Password_password"), "uw4zQNl2RedGtkZxJt1B2nZNxIOg3YnT"): Text ****** has been set on object 'Object Repository/Page_BCS Moodle Log in to the site/input_Password_password'

2022-01-12 00:19:05 - [MESSAGE][PASSED] - Text ****** has been set on object 'Object Repository/Page_BCS Moodle Log in to the site/input_Password_password'

2022-01-12 00:19:05 - [TEST_STEP][PASSED] - click(findTestObject("Object Repository/Page_BCS Moodle Log in to the site/button_Log in")): Object: 'Object Repository/Page_BCS Moodle Log in to the site/button_Log in' is clicked on

2022-01-12 00:19:06 - [MESSAGE][PASSED] - Object: 'Object Repository/Page_BCS Moodle Log in to the site/button_Log in' is clicked on

2022-01-12 00:19:06 - [TEST_STEP][PASSED] - click(findTestObject("Object Repository/Page_Dashboard/div_Course image")): Object: 'Object Repository/Page_Dashboard/div_Course image' is clicked on

2022-01-12 00:19:09 - [MESSAGE][PASSED] - Object: 'Object Repository/Page_Dashboard/div_Course image' is clicked on

2022-01-12 00:19:09 - [TEST_STEP][PASSED] - click(findTestObject("Object Repository/Page_Course Ton t hp/button_Turn editing on")): Object: 'Object Repository/Page_Course Ton t hp/button_Turn editing on' is clicked on

2022-01-12 00:19:11 - [MESSAGE][PASSED] - Object: 'Object Repository/Page_Course Ton t hp/button_Turn editing on' is clicked on

2022-01-12 00:19:11 - [TEST_STEP][PASSED] - click(findTestObject("Page_Course Ton t hp/span_Add an activity or resource (2)")): Object: 'Object Repository/Page_Course Ton t hp/span_Add an activity or resource (2)' is clicked on

2022-01-12 00:19:11 - [MESSAGE][PASSED] - Object: 'Object Repository/Page_Course Ton t hp/span_Add an activity or resource (2)' is clicked on

2022-01-12 00:19:11 - [TEST_STEP][PASSED] - click(findTestObject("Object Repository/Page_Course Ton t hp/img_Information about the Folder activity_i_e12f9c")): Object: 'Object Repository/Page_Course Ton t hp/img_Information about the Folder activity_i_e12f9c' is clicked on

2022-01-12 00:19:13 - [MESSAGE][PASSED] - Object: 'Object Repository/Page_Course Ton t hp/img_Information about the Folder activity_i_e12f9c' is clicked on

2022-01-12 00:19:13 - [TEST_STEP][PASSED] - setText(findTestObject("Object Repository/Page_Editing Forum/input_Forum name_name"), "My New Forum"): Text 'My New Forum' is set on object 'Object Repository/Page_Editing Forum/input_Forum name_name'

2022-01-12 00:19:15 - [MESSAGE][PASSED] - Text 'My New Forum' is set on object 'Object Repository/Page_Editing Forum/input_Forum name_name'

2022-01-12 00:19:15 - [TEST_STEP][PASSED] - click(findTestObject("Object Repository/Page_Editing Forum/input_Upon activity completion_submitbutton")): Object: 'Object Repository/Page_Editing Forum/input_Upon activity completion_submitbutton' is clicked on

2022-01-12 00:19:17 - [MESSAGE][PASSED] - Object: 'Object Repository/Page_Editing Forum/input_Upon activity completion_submitbutton' is clicked on

2022-01-12 00:19:17 - [TEST_STEP][PASSED] - click(findTestObject("Object Repository/Page_My New Forum/a_Add a new discussion topic")): Object: 'Object Repository/Page_My New Forum/a_Add a new discussion topic' is clicked on

2022-01-12 00:19:18 - [MESSAGE][PASSED] - Object: 'Object Repository/Page_My New Forum/a_Add a new discussion topic' is clicked on

2022-01-12 00:19:18 - [TEST_STEP][PASSED] - click(findTestObject("Object Repository/Page_My New Forum/div_Cancel")): Object: 'Object Repository/Page_My New Forum/div_Cancel' is clicked on

2022-01-12 00:19:18 - [MESSAGE][PASSED] - Object: 'Object Repository/Page_My New Forum/div_Cancel' is clicked on

2022-01-12 00:19:18 - [TEST_STEP][PASSED] - click(findTestObject("Object Repository/Page_My New Forum/input_Message_submitbutton")): Object: 'Object Repository/Page_My New Forum/input_Message_submitbutton' is clicked on

2022-01-12 00:19:19 - [MESSAGE][PASSED] - Object: 'Object Repository/Page_My New Forum/input_Message_submitbutton' is clicked on

2022-01-12 00:19:19 - [TEST_STEP][PASSED] - click(findTestObject("Object Repository/Page_My New Forum/div_- Required")): Object: 'Object Repository/Page_My New Forum/div_- Required' is clicked on

2022-01-12 00:19:19 - [MESSAGE][PASSED] - Object: 'Object Repository/Page_My New Forum/div_- Required' is clicked on

2022-01-12 00:19:19 - [TEST_STEP][PASSED] - verifyElementText(findTestObject("Object Repository/Page_My New Forum/div_- Required"), "- Required"): Actual text and expected text of test object 'Object Repository/Page_My New Forum/div_- Required' are matched.

2022-01-12 00:19:20 - [MESSAGE][PASSED] - Actual text and expected text of test object 'Object Repository/Page_My New Forum/div_- Required' are matched.

2022-01-12 00:19:20 - [TEST_STEP][PASSED] - closeBrowser(): Browser is closed

2022-01-12 00:19:20 - [MESSAGE][PASSED] - Browser is closed]]></system-out>
         <system-err><![CDATA[]]></system-err>
      </testcase>
      <testcase name="Test Cases/Student/Student_Survey/Student_Input Text Survey" time="17.012" classname="Test Cases/Student/Student_Survey/Student_Input Text Survey" status="FAILED">
         <failure type="FAILED" message="Test Cases/Student/Student_Survey/Student_Input Text Survey FAILED.
Reason:
com.kms.katalon.core.exception.StepFailedException: Verify element text of test object 'Object Repository/Page_Survey saved/div_Thanks for answering this survey, Hoang Du' FAILED.
	at com.kms.katalon.core.webui.keyword.internal.WebUIKeywordMain.stepFailed(WebUIKeywordMain.groovy:64)
	at com.kms.katalon.core.webui.keyword.internal.WebUIKeywordMain.runKeyword(WebUIKeywordMain.groovy:26)
	at com.kms.katalon.core.webui.keyword.builtin.VerifyElementTextKeyword.verifyElementText(VerifyElementTextKeyword.groovy:72)
	at com.kms.katalon.core.webui.keyword.builtin.VerifyElementTextKeyword.execute(VerifyElementTextKeyword.groovy:40)
	at com.kms.katalon.core.keyword.internal.KeywordExecutor.executeKeywordForPlatform(KeywordExecutor.groovy:74)
	at com.kms.katalon.core.webui.keyword.WebUiBuiltInKeywords.verifyElementText(WebUiBuiltInKeywords.groovy:4749)
	at com.kms.katalon.core.webui.keyword.WebUiBuiltInKeywords$verifyElementText$8.call(Unknown Source)
	at Student_Input Text Survey.run(Student_Input Text Survey:57)
	at com.kms.katalon.core.main.ScriptEngine.run(ScriptEngine.java:194)
	at com.kms.katalon.core.main.ScriptEngine.runScriptAsRawText(ScriptEngine.java:119)
	at com.kms.katalon.core.main.TestCaseExecutor.runScript(TestCaseExecutor.java:442)
	at com.kms.katalon.core.main.TestCaseExecutor.doExecute(TestCaseExecutor.java:433)
	at com.kms.katalon.core.main.TestCaseExecutor.processExecutionPhase(TestCaseExecutor.java:412)
	at com.kms.katalon.core.main.TestCaseExecutor.accessMainPhase(TestCaseExecutor.java:404)
	at com.kms.katalon.core.main.TestCaseExecutor.execute(TestCaseExecutor.java:281)
	at com.kms.katalon.core.main.TestSuiteExecutor.accessTestCaseMainPhase(TestSuiteExecutor.java:202)
	at com.kms.katalon.core.main.TestSuiteExecutor.accessTestSuiteMainPhase(TestSuiteExecutor.java:164)
	at com.kms.katalon.core.main.TestSuiteExecutor.execute(TestSuiteExecutor.java:105)
	at com.kms.katalon.core.main.TestCaseMain.startTestSuite(TestCaseMain.java:181)
	at com.kms.katalon.core.main.TestCaseMain$startTestSuite$0.call(Unknown Source)
	at TempTestSuite1641920935254.run(TempTestSuite1641920935254.groovy:36)
Caused by: com.kms.katalon.core.exception.StepFailedException: Actual text 'Thank you very much for answering this survey, Hoang Du' and expected text 'Thanks for answering this survey, Hoang Du' of test object 'Object Repository/Page_Survey saved/div_Thanks for answering this survey, Hoang Du' are NOT matched.
	at com.kms.katalon.core.webui.keyword.internal.WebUIKeywordMain.stepFailed(WebUIKeywordMain.groovy:64)
	at com.kms.katalon.core.webui.keyword.builtin.VerifyElementTextKeyword$_verifyElementText_closure1.doCall(VerifyElementTextKeyword.groovy:57)
	at com.kms.katalon.core.webui.keyword.builtin.VerifyElementTextKeyword$_verifyElementText_closure1.call(VerifyElementTextKeyword.groovy)
	at com.kms.katalon.core.webui.keyword.internal.WebUIKeywordMain.runKeyword(WebUIKeywordMain.groovy:20)
	... 19 more
"/>
         <system-out><![CDATA[2022-01-12 00:19:20 - [TEST_CASE][FAILED] - Test Cases/Student/Student_Survey/Student_Input Text Survey: Test Cases/Student/Student_Survey/Student_Input Text Survey FAILED.
Reason:
com.kms.katalon.core.exception.StepFailedException: Verify element text of test object 'Object Repository/Page_Survey saved/div_Thanks for answering this survey, Hoang Du' FAILED.
	at com.kms.katalon.core.webui.keyword.internal.WebUIKeywordMain.stepFailed(WebUIKeywordMain.groovy:64)
	at com.kms.katalon.core.webui.keyword.internal.WebUIKeywordMain.runKeyword(WebUIKeywordMain.groovy:26)
	at com.kms.katalon.core.webui.keyword.builtin.VerifyElementTextKeyword.verifyElementText(VerifyElementTextKeyword.groovy:72)
	at com.kms.katalon.core.webui.keyword.builtin.VerifyElementTextKeyword.execute(VerifyElementTextKeyword.groovy:40)
	at com.kms.katalon.core.keyword.internal.KeywordExecutor.executeKeywordForPlatform(KeywordExecutor.groovy:74)
	at com.kms.katalon.core.webui.keyword.WebUiBuiltInKeywords.verifyElementText(WebUiBuiltInKeywords.groovy:4749)
	at com.kms.katalon.core.webui.keyword.WebUiBuiltInKeywords$verifyElementText$8.call(Unknown Source)
	at Student_Input Text Survey.run(Student_Input Text Survey:57)
	at com.kms.katalon.core.main.ScriptEngine.run(ScriptEngine.java:194)
	at com.kms.katalon.core.main.ScriptEngine.runScriptAsRawText(ScriptEngine.java:119)
	at com.kms.katalon.core.main.TestCaseExecutor.runScript(TestCaseExecutor.java:442)
	at com.kms.katalon.core.main.TestCaseExecutor.doExecute(TestCaseExecutor.java:433)
	at com.kms.katalon.core.main.TestCaseExecutor.processExecutionPhase(TestCaseExecutor.java:412)
	at com.kms.katalon.core.main.TestCaseExecutor.accessMainPhase(TestCaseExecutor.java:404)
	at com.kms.katalon.core.main.TestCaseExecutor.execute(TestCaseExecutor.java:281)
	at com.kms.katalon.core.main.TestSuiteExecutor.accessTestCaseMainPhase(TestSuiteExecutor.java:202)
	at com.kms.katalon.core.main.TestSuiteExecutor.accessTestSuiteMainPhase(TestSuiteExecutor.java:164)
	at com.kms.katalon.core.main.TestSuiteExecutor.execute(TestSuiteExecutor.java:105)
	at com.kms.katalon.core.main.TestCaseMain.startTestSuite(TestCaseMain.java:181)
	at com.kms.katalon.core.main.TestCaseMain$startTestSuite$0.call(Unknown Source)
	at TempTestSuite1641920935254.run(TempTestSuite1641920935254.groovy:36)
Caused by: com.kms.katalon.core.exception.StepFailedException: Actual text 'Thank you very much for answering this survey, Hoang Du' and expected text 'Thanks for answering this survey, Hoang Du' of test object 'Object Repository/Page_Survey saved/div_Thanks for answering this survey, Hoang Du' are NOT matched.
	at com.kms.katalon.core.webui.keyword.internal.WebUIKeywordMain.stepFailed(WebUIKeywordMain.groovy:64)
	at com.kms.katalon.core.webui.keyword.builtin.VerifyElementTextKeyword$_verifyElementText_closure1.doCall(VerifyElementTextKeyword.groovy:57)
	at com.kms.katalon.core.webui.keyword.builtin.VerifyElementTextKeyword$_verifyElementText_closure1.call(VerifyElementTextKeyword.groovy)
	at com.kms.katalon.core.webui.keyword.internal.WebUIKeywordMain.runKeyword(WebUIKeywordMain.groovy:20)
	... 19 more


2022-01-12 00:19:21 - [TEST_STEP][PASSED] - openBrowser(""): Browser is opened with url: ''

2022-01-12 00:19:21 - [MESSAGE][INFO] - Starting 'Chrome' driver

2022-01-12 00:19:21 - [MESSAGE][INFO] - User set preference: ['args', '[window-size=1300,900]']

2022-01-12 00:19:21 - [MESSAGE][INFO] - Action delay is set to 0 milliseconds

2022-01-12 00:19:22 - [MESSAGE][PASSED] - Browser is opened with url: ''

2022-01-12 00:19:22 - [TEST_STEP][PASSED] - navigateToUrl("http://localhost:8080/moodle/"): Navigate to 'http://localhost:8080/moodle/' successfully

2022-01-12 00:19:23 - [MESSAGE][PASSED] - Navigate to 'http://localhost:8080/moodle/' successfully

2022-01-12 00:19:23 - [TEST_STEP][PASSED] - click(findTestObject("Object Repository/Page_BCS Moodle/a_Log in")): Object: 'Object Repository/Page_BCS Moodle/a_Log in' is clicked on

2022-01-12 00:19:23 - [MESSAGE][PASSED] - Object: 'Object Repository/Page_BCS Moodle/a_Log in' is clicked on

2022-01-12 00:19:23 - [TEST_STEP][PASSED] - setText(findTestObject("Object Repository/Page_BCS Moodle Log in to the site/input_Username_username"), "hoangvu"): Text 'hoangvu' is set on object 'Object Repository/Page_BCS Moodle Log in to the site/input_Username_username'

2022-01-12 00:19:24 - [MESSAGE][PASSED] - Text 'hoangvu' is set on object 'Object Repository/Page_BCS Moodle Log in to the site/input_Username_username'

2022-01-12 00:19:24 - [TEST_STEP][PASSED] - setEncryptedText(findTestObject("Object Repository/Page_BCS Moodle Log in to the site/input_Password_password"), "p4y+y39Ir5PR9RXlOHjWlj+CAJiYdX4g"): Text ****** has been set on object 'Object Repository/Page_BCS Moodle Log in to the site/input_Password_password'

2022-01-12 00:19:25 - [MESSAGE][PASSED] - Text ****** has been set on object 'Object Repository/Page_BCS Moodle Log in to the site/input_Password_password'

2022-01-12 00:19:25 - [TEST_STEP][PASSED] - click(findTestObject("Object Repository/Page_BCS Moodle Log in to the site/button_Log in")): Object: 'Object Repository/Page_BCS Moodle Log in to the site/button_Log in' is clicked on

2022-01-12 00:19:26 - [MESSAGE][PASSED] - Object: 'Object Repository/Page_BCS Moodle Log in to the site/button_Log in' is clicked on

2022-01-12 00:19:26 - [TEST_STEP][PASSED] - click(findTestObject("Object Repository/Page_Dashboard/span_TTH")): Object: 'Object Repository/Page_Dashboard/span_TTH' is clicked on

2022-01-12 00:19:29 - [MESSAGE][PASSED] - Object: 'Object Repository/Page_Dashboard/span_TTH' is clicked on

2022-01-12 00:19:29 - [TEST_STEP][PASSED] - click(findTestObject("Object Repository/Page_Course Ton t hp/span_Survey Critical Incidents")): Object: 'Object Repository/Page_Course Ton t hp/span_Survey Critical Incidents' is clicked on

2022-01-12 00:19:31 - [MESSAGE][PASSED] - Object: 'Object Repository/Page_Course Ton t hp/span_Survey Critical Incidents' is clicked on

2022-01-12 00:19:31 - [TEST_STEP][PASSED] - setText(findTestObject("Object Repository/Page_Survey Critical Incidents/textarea_At what moment in class were you m_f5425c"), "A"): Text 'A' is set on object 'Object Repository/Page_Survey Critical Incidents/textarea_At what moment in class were you m_f5425c'

2022-01-12 00:19:32 - [MESSAGE][PASSED] - Text 'A' is set on object 'Object Repository/Page_Survey Critical Incidents/textarea_At what moment in class were you m_f5425c'

2022-01-12 00:19:32 - [TEST_STEP][PASSED] - setText(findTestObject("Object Repository/Page_Survey Critical Incidents/textarea_At what moment in class were you m_a98c70"), "B"): Text 'B' is set on object 'Object Repository/Page_Survey Critical Incidents/textarea_At what moment in class were you m_a98c70'

2022-01-12 00:19:33 - [MESSAGE][PASSED] - Text 'B' is set on object 'Object Repository/Page_Survey Critical Incidents/textarea_At what moment in class were you m_a98c70'

2022-01-12 00:19:33 - [TEST_STEP][PASSED] - setText(findTestObject("Object Repository/Page_Survey Critical Incidents/textarea_What action from anyone in the for_4db313"), "C"): Text 'C' is set on object 'Object Repository/Page_Survey Critical Incidents/textarea_What action from anyone in the for_4db313'

2022-01-12 00:19:33 - [MESSAGE][PASSED] - Text 'C' is set on object 'Object Repository/Page_Survey Critical Incidents/textarea_What action from anyone in the for_4db313'

2022-01-12 00:19:33 - [TEST_STEP][PASSED] - setText(findTestObject("Object Repository/Page_Survey Critical Incidents/textarea_What action from anyone in the for_b7ee52"), "D"): Text 'D' is set on object 'Object Repository/Page_Survey Critical Incidents/textarea_What action from anyone in the for_b7ee52'

2022-01-12 00:19:34 - [MESSAGE][PASSED] - Text 'D' is set on object 'Object Repository/Page_Survey Critical Incidents/textarea_What action from anyone in the for_b7ee52'

2022-01-12 00:19:34 - [TEST_STEP][PASSED] - setText(findTestObject("Object Repository/Page_Survey Critical Incidents/textarea_What event surprised you most_q73"), "E"): Text 'E' is set on object 'Object Repository/Page_Survey Critical Incidents/textarea_What event surprised you most_q73'

2022-01-12 00:19:35 - [MESSAGE][PASSED] - Text 'E' is set on object 'Object Repository/Page_Survey Critical Incidents/textarea_What event surprised you most_q73'

2022-01-12 00:19:35 - [TEST_STEP][PASSED] - click(findTestObject("Object Repository/Page_Survey Critical Incidents/input_What event surprised you most_btn btn_1c5d04")): Object: 'Object Repository/Page_Survey Critical Incidents/input_What event surprised you most_btn btn_1c5d04' is clicked on

2022-01-12 00:19:36 - [MESSAGE][PASSED] - Object: 'Object Repository/Page_Survey Critical Incidents/input_What event surprised you most_btn btn_1c5d04' is clicked on

2022-01-12 00:19:36 - [TEST_STEP][PASSED] - rightClick(findTestObject("Object Repository/Page_Survey saved/div_Thanks for answering this survey, Hoang Du")): Object: 'Object Repository/Page_Survey saved/div_Thanks for answering this survey, Hoang Du' is right clicked on

2022-01-12 00:19:36 - [MESSAGE][PASSED] - Object: 'Object Repository/Page_Survey saved/div_Thanks for answering this survey, Hoang Du' is right clicked on

2022-01-12 00:19:36 - [TEST_STEP][PASSED] - doubleClick(findTestObject("Object Repository/Page_Survey saved/div_Thanks for answering this survey, Hoang Du")): Object: 'Object Repository/Page_Survey saved/div_Thanks for answering this survey, Hoang Du' is double clicked on

2022-01-12 00:19:37 - [MESSAGE][PASSED] - Object: 'Object Repository/Page_Survey saved/div_Thanks for answering this survey, Hoang Du' is double clicked on

2022-01-12 00:19:37 - [TEST_STEP][FAILED] - verifyElementText(findTestObject("Object Repository/Page_Survey saved/div_Thanks for answering this survey, Hoang Du"), "Thanks for answering this survey, Hoang Du"): Verify element text of test object 'Object Repository/Page_Survey saved/div_Thanks for answering this survey, Hoang Du' FAILED. (Root cause: com.kms.katalon.core.exception.StepFailedException: Verify element text of test object 'Object Repository/Page_Survey saved/div_Thanks for answering this survey, Hoang Du' FAILED.
	at com.kms.katalon.core.webui.keyword.internal.WebUIKeywordMain.stepFailed(WebUIKeywordMain.groovy:64)
	at com.kms.katalon.core.webui.keyword.internal.WebUIKeywordMain.runKeyword(WebUIKeywordMain.groovy:26)
	at com.kms.katalon.core.webui.keyword.builtin.VerifyElementTextKeyword.verifyElementText(VerifyElementTextKeyword.groovy:72)
	at com.kms.katalon.core.webui.keyword.builtin.VerifyElementTextKeyword.execute(VerifyElementTextKeyword.groovy:40)
	at com.kms.katalon.core.keyword.internal.KeywordExecutor.executeKeywordForPlatform(KeywordExecutor.groovy:74)
	at com.kms.katalon.core.webui.keyword.WebUiBuiltInKeywords.verifyElementText(WebUiBuiltInKeywords.groovy:4749)
	at com.kms.katalon.core.webui.keyword.WebUiBuiltInKeywords$verifyElementText$8.call(Unknown Source)
	at Student_Input Text Survey.run(Student_Input Text Survey:57)
	at com.kms.katalon.core.main.ScriptEngine.run(ScriptEngine.java:194)
	at com.kms.katalon.core.main.ScriptEngine.runScriptAsRawText(ScriptEngine.java:119)
	at com.kms.katalon.core.main.TestCaseExecutor.runScript(TestCaseExecutor.java:442)
	at com.kms.katalon.core.main.TestCaseExecutor.doExecute(TestCaseExecutor.java:433)
	at com.kms.katalon.core.main.TestCaseExecutor.processExecutionPhase(TestCaseExecutor.java:412)
	at com.kms.katalon.core.main.TestCaseExecutor.accessMainPhase(TestCaseExecutor.java:404)
	at com.kms.katalon.core.main.TestCaseExecutor.execute(TestCaseExecutor.java:281)
	at com.kms.katalon.core.main.TestSuiteExecutor.accessTestCaseMainPhase(TestSuiteExecutor.java:202)
	at com.kms.katalon.core.main.TestSuiteExecutor.accessTestSuiteMainPhase(TestSuiteExecutor.java:164)
	at com.kms.katalon.core.main.TestSuiteExecutor.execute(TestSuiteExecutor.java:105)
	at com.kms.katalon.core.main.TestCaseMain.startTestSuite(TestCaseMain.java:181)
	at com.kms.katalon.core.main.TestCaseMain$startTestSuite$0.call(Unknown Source)
	at TempTestSuite1641920935254.run(TempTestSuite1641920935254.groovy:36)
Caused by: com.kms.katalon.core.exception.StepFailedException: Actual text 'Thank you very much for answering this survey, Hoang Du' and expected text 'Thanks for answering this survey, Hoang Du' of test object 'Object Repository/Page_Survey saved/div_Thanks for answering this survey, Hoang Du' are NOT matched.
	at com.kms.katalon.core.webui.keyword.internal.WebUIKeywordMain.stepFailed(WebUIKeywordMain.groovy:64)
	at com.kms.katalon.core.webui.keyword.builtin.VerifyElementTextKeyword$_verifyElementText_closure1.doCall(VerifyElementTextKeyword.groovy:57)
	at com.kms.katalon.core.webui.keyword.builtin.VerifyElementTextKeyword$_verifyElementText_closure1.call(VerifyElementTextKeyword.groovy)
	at com.kms.katalon.core.webui.keyword.internal.WebUIKeywordMain.runKeyword(WebUIKeywordMain.groovy:20)
	... 19 more
)

2022-01-12 00:19:37 - [MESSAGE][FAILED] - Actual text 'Thank you very much for answering this survey, Hoang Du' and expected text 'Thanks for answering this survey, Hoang Du' of test object 'Object Repository/Page_Survey saved/div_Thanks for answering this survey, Hoang Du' are NOT matched. (Root cause: com.kms.katalon.core.exception.StepFailedException: Actual text 'Thank you very much for answering this survey, Hoang Du' and expected text 'Thanks for answering this survey, Hoang Du' of test object 'Object Repository/Page_Survey saved/div_Thanks for answering this survey, Hoang Du' are NOT matched.
	at com.kms.katalon.core.webui.keyword.internal.WebUIKeywordMain.stepFailed(WebUIKeywordMain.groovy:64)
	at com.kms.katalon.core.webui.keyword.builtin.VerifyElementTextKeyword$_verifyElementText_closure1.doCall(VerifyElementTextKeyword.groovy:57)
	at com.kms.katalon.core.webui.keyword.builtin.VerifyElementTextKeyword$_verifyElementText_closure1.call(VerifyElementTextKeyword.groovy)
	at com.kms.katalon.core.webui.keyword.internal.WebUIKeywordMain.runKeyword(WebUIKeywordMain.groovy:20)
	at com.kms.katalon.core.webui.keyword.builtin.VerifyElementTextKeyword.verifyElementText(VerifyElementTextKeyword.groovy:72)
	at com.kms.katalon.core.webui.keyword.builtin.VerifyElementTextKeyword.execute(VerifyElementTextKeyword.groovy:40)
	at com.kms.katalon.core.keyword.internal.KeywordExecutor.executeKeywordForPlatform(KeywordExecutor.groovy:74)
	at com.kms.katalon.core.webui.keyword.WebUiBuiltInKeywords.verifyElementText(WebUiBuiltInKeywords.groovy:4749)
	at com.kms.katalon.core.webui.keyword.WebUiBuiltInKeywords$verifyElementText$8.call(Unknown Source)
	at Student_Input Text Survey.run(Student_Input Text Survey:57)
	at com.kms.katalon.core.main.ScriptEngine.run(ScriptEngine.java:194)
	at com.kms.katalon.core.main.ScriptEngine.runScriptAsRawText(ScriptEngine.java:119)
	at com.kms.katalon.core.main.TestCaseExecutor.runScript(TestCaseExecutor.java:442)
	at com.kms.katalon.core.main.TestCaseExecutor.doExecute(TestCaseExecutor.java:433)
	at com.kms.katalon.core.main.TestCaseExecutor.processExecutionPhase(TestCaseExecutor.java:412)
	at com.kms.katalon.core.main.TestCaseExecutor.accessMainPhase(TestCaseExecutor.java:404)
	at com.kms.katalon.core.main.TestCaseExecutor.execute(TestCaseExecutor.java:281)
	at com.kms.katalon.core.main.TestSuiteExecutor.accessTestCaseMainPhase(TestSuiteExecutor.java:202)
	at com.kms.katalon.core.main.TestSuiteExecutor.accessTestSuiteMainPhase(TestSuiteExecutor.java:164)
	at com.kms.katalon.core.main.TestSuiteExecutor.execute(TestSuiteExecutor.java:105)
	at com.kms.katalon.core.main.TestCaseMain.startTestSuite(TestCaseMain.java:181)
	at com.kms.katalon.core.main.TestCaseMain$startTestSuite$0.call(Unknown Source)
	at TempTestSuite1641920935254.run(TempTestSuite1641920935254.groovy:36)
)
[[ATTACHMENT|C:\\Users\\Admin\\Desktop\\Katalon_TestProject\\TestAutomation_Katalon-Test-Project\\Reports\\20220112_000855\\Run All Test Cases\\20220112_000855\\1641921577673.png]]

2022-01-12 00:19:37 - [MESSAGE][FAILED] - Verify element text of test object 'Object Repository/Page_Survey saved/div_Thanks for answering this survey, Hoang Du' FAILED. (Root cause: com.kms.katalon.core.exception.StepFailedException: Verify element text of test object 'Object Repository/Page_Survey saved/div_Thanks for answering this survey, Hoang Du' FAILED.
	at com.kms.katalon.core.webui.keyword.internal.WebUIKeywordMain.stepFailed(WebUIKeywordMain.groovy:64)
	at com.kms.katalon.core.webui.keyword.internal.WebUIKeywordMain.runKeyword(WebUIKeywordMain.groovy:26)
	at com.kms.katalon.core.webui.keyword.builtin.VerifyElementTextKeyword.verifyElementText(VerifyElementTextKeyword.groovy:72)
	at com.kms.katalon.core.webui.keyword.builtin.VerifyElementTextKeyword.execute(VerifyElementTextKeyword.groovy:40)
	at com.kms.katalon.core.keyword.internal.KeywordExecutor.executeKeywordForPlatform(KeywordExecutor.groovy:74)
	at com.kms.katalon.core.webui.keyword.WebUiBuiltInKeywords.verifyElementText(WebUiBuiltInKeywords.groovy:4749)
	at com.kms.katalon.core.webui.keyword.WebUiBuiltInKeywords$verifyElementText$8.call(Unknown Source)
	at Student_Input Text Survey.run(Student_Input Text Survey:57)
	at com.kms.katalon.core.main.ScriptEngine.run(ScriptEngine.java:194)
	at com.kms.katalon.core.main.ScriptEngine.runScriptAsRawText(ScriptEngine.java:119)
	at com.kms.katalon.core.main.TestCaseExecutor.runScript(TestCaseExecutor.java:442)
	at com.kms.katalon.core.main.TestCaseExecutor.doExecute(TestCaseExecutor.java:433)
	at com.kms.katalon.core.main.TestCaseExecutor.processExecutionPhase(TestCaseExecutor.java:412)
	at com.kms.katalon.core.main.TestCaseExecutor.accessMainPhase(TestCaseExecutor.java:404)
	at com.kms.katalon.core.main.TestCaseExecutor.execute(TestCaseExecutor.java:281)
	at com.kms.katalon.core.main.TestSuiteExecutor.accessTestCaseMainPhase(TestSuiteExecutor.java:202)
	at com.kms.katalon.core.main.TestSuiteExecutor.accessTestSuiteMainPhase(TestSuiteExecutor.java:164)
	at com.kms.katalon.core.main.TestSuiteExecutor.execute(TestSuiteExecutor.java:105)
	at com.kms.katalon.core.main.TestCaseMain.startTestSuite(TestCaseMain.java:181)
	at com.kms.katalon.core.main.TestCaseMain$startTestSuite$0.call(Unknown Source)
	at TempTestSuite1641920935254.run(TempTestSuite1641920935254.groovy:36)
Caused by: com.kms.katalon.core.exception.StepFailedException: Actual text 'Thank you very much for answering this survey, Hoang Du' and expected text 'Thanks for answering this survey, Hoang Du' of test object 'Object Repository/Page_Survey saved/div_Thanks for answering this survey, Hoang Du' are NOT matched.
	at com.kms.katalon.core.webui.keyword.internal.WebUIKeywordMain.stepFailed(WebUIKeywordMain.groovy:64)
	at com.kms.katalon.core.webui.keyword.builtin.VerifyElementTextKeyword$_verifyElementText_closure1.doCall(VerifyElementTextKeyword.groovy:57)
	at com.kms.katalon.core.webui.keyword.builtin.VerifyElementTextKeyword$_verifyElementText_closure1.call(VerifyElementTextKeyword.groovy)
	at com.kms.katalon.core.webui.keyword.internal.WebUIKeywordMain.runKeyword(WebUIKeywordMain.groovy:20)
	... 19 more
)
[[ATTACHMENT|C:\\Users\\Admin\\Desktop\\Katalon_TestProject\\TestAutomation_Katalon-Test-Project\\Reports\\20220112_000855\\Run All Test Cases\\20220112_000855\\1641921577820.png]]]]></system-out>
         <system-err><![CDATA[2022-01-12 00:19:20 - [TEST_CASE][FAILED] - Test Cases/Student/Student_Survey/Student_Input Text Survey: Test Cases/Student/Student_Survey/Student_Input Text Survey FAILED.
Reason:
com.kms.katalon.core.exception.StepFailedException: Verify element text of test object 'Object Repository/Page_Survey saved/div_Thanks for answering this survey, Hoang Du' FAILED.
	at com.kms.katalon.core.webui.keyword.internal.WebUIKeywordMain.stepFailed(WebUIKeywordMain.groovy:64)
	at com.kms.katalon.core.webui.keyword.internal.WebUIKeywordMain.runKeyword(WebUIKeywordMain.groovy:26)
	at com.kms.katalon.core.webui.keyword.builtin.VerifyElementTextKeyword.verifyElementText(VerifyElementTextKeyword.groovy:72)
	at com.kms.katalon.core.webui.keyword.builtin.VerifyElementTextKeyword.execute(VerifyElementTextKeyword.groovy:40)
	at com.kms.katalon.core.keyword.internal.KeywordExecutor.executeKeywordForPlatform(KeywordExecutor.groovy:74)
	at com.kms.katalon.core.webui.keyword.WebUiBuiltInKeywords.verifyElementText(WebUiBuiltInKeywords.groovy:4749)
	at com.kms.katalon.core.webui.keyword.WebUiBuiltInKeywords$verifyElementText$8.call(Unknown Source)
	at Student_Input Text Survey.run(Student_Input Text Survey:57)
	at com.kms.katalon.core.main.ScriptEngine.run(ScriptEngine.java:194)
	at com.kms.katalon.core.main.ScriptEngine.runScriptAsRawText(ScriptEngine.java:119)
	at com.kms.katalon.core.main.TestCaseExecutor.runScript(TestCaseExecutor.java:442)
	at com.kms.katalon.core.main.TestCaseExecutor.doExecute(TestCaseExecutor.java:433)
	at com.kms.katalon.core.main.TestCaseExecutor.processExecutionPhase(TestCaseExecutor.java:412)
	at com.kms.katalon.core.main.TestCaseExecutor.accessMainPhase(TestCaseExecutor.java:404)
	at com.kms.katalon.core.main.TestCaseExecutor.execute(TestCaseExecutor.java:281)
	at com.kms.katalon.core.main.TestSuiteExecutor.accessTestCaseMainPhase(TestSuiteExecutor.java:202)
	at com.kms.katalon.core.main.TestSuiteExecutor.accessTestSuiteMainPhase(TestSuiteExecutor.java:164)
	at com.kms.katalon.core.main.TestSuiteExecutor.execute(TestSuiteExecutor.java:105)
	at com.kms.katalon.core.main.TestCaseMain.startTestSuite(TestCaseMain.java:181)
	at com.kms.katalon.core.main.TestCaseMain$startTestSuite$0.call(Unknown Source)
	at TempTestSuite1641920935254.run(TempTestSuite1641920935254.groovy:36)
Caused by: com.kms.katalon.core.exception.StepFailedException: Actual text 'Thank you very much for answering this survey, Hoang Du' and expected text 'Thanks for answering this survey, Hoang Du' of test object 'Object Repository/Page_Survey saved/div_Thanks for answering this survey, Hoang Du' are NOT matched.
	at com.kms.katalon.core.webui.keyword.internal.WebUIKeywordMain.stepFailed(WebUIKeywordMain.groovy:64)
	at com.kms.katalon.core.webui.keyword.builtin.VerifyElementTextKeyword$_verifyElementText_closure1.doCall(VerifyElementTextKeyword.groovy:57)
	at com.kms.katalon.core.webui.keyword.builtin.VerifyElementTextKeyword$_verifyElementText_closure1.call(VerifyElementTextKeyword.groovy)
	at com.kms.katalon.core.webui.keyword.internal.WebUIKeywordMain.runKeyword(WebUIKeywordMain.groovy:20)
	... 19 more]]></system-err>
      </testcase>
      <testcase name="Test Cases/Student/Student_Survey/Student_Multiple Choice Survey" time="25.495" classname="Test Cases/Student/Student_Survey/Student_Multiple Choice Survey" status="FAILED">
         <failure type="FAILED" message="Test Cases/Student/Student_Survey/Student_Multiple Choice Survey FAILED.
Reason:
com.kms.katalon.core.exception.StepFailedException: Verify element text of test object 'Object Repository/Page_Survey ALLTS/div_Youve completed this survey.  The graph_fd12d9' FAILED.
	at com.kms.katalon.core.webui.keyword.internal.WebUIKeywordMain.stepFailed(WebUIKeywordMain.groovy:64)
	at com.kms.katalon.core.webui.keyword.internal.WebUIKeywordMain.runKeyword(WebUIKeywordMain.groovy:26)
	at com.kms.katalon.core.webui.keyword.builtin.VerifyElementTextKeyword.verifyElementText(VerifyElementTextKeyword.groovy:72)
	at com.kms.katalon.core.webui.keyword.builtin.VerifyElementTextKeyword.execute(VerifyElementTextKeyword.groovy:40)
	at com.kms.katalon.core.keyword.internal.KeywordExecutor.executeKeywordForPlatform(KeywordExecutor.groovy:74)
	at com.kms.katalon.core.webui.keyword.WebUiBuiltInKeywords.verifyElementText(WebUiBuiltInKeywords.groovy:4749)
	at com.kms.katalon.core.webui.keyword.WebUiBuiltInKeywords$verifyElementText$8.call(Unknown Source)
	at Student_Multiple Choice Survey.run(Student_Multiple Choice Survey:82)
	at com.kms.katalon.core.main.ScriptEngine.run(ScriptEngine.java:194)
	at com.kms.katalon.core.main.ScriptEngine.runScriptAsRawText(ScriptEngine.java:119)
	at com.kms.katalon.core.main.TestCaseExecutor.runScript(TestCaseExecutor.java:442)
	at com.kms.katalon.core.main.TestCaseExecutor.doExecute(TestCaseExecutor.java:433)
	at com.kms.katalon.core.main.TestCaseExecutor.processExecutionPhase(TestCaseExecutor.java:412)
	at com.kms.katalon.core.main.TestCaseExecutor.accessMainPhase(TestCaseExecutor.java:404)
	at com.kms.katalon.core.main.TestCaseExecutor.execute(TestCaseExecutor.java:281)
	at com.kms.katalon.core.main.TestSuiteExecutor.accessTestCaseMainPhase(TestSuiteExecutor.java:202)
	at com.kms.katalon.core.main.TestSuiteExecutor.accessTestSuiteMainPhase(TestSuiteExecutor.java:164)
	at com.kms.katalon.core.main.TestSuiteExecutor.execute(TestSuiteExecutor.java:105)
	at com.kms.katalon.core.main.TestCaseMain.startTestSuite(TestCaseMain.java:181)
	at com.kms.katalon.core.main.TestCaseMain$startTestSuite$0.call(Unknown Source)
	at TempTestSuite1641920935254.run(TempTestSuite1641920935254.groovy:36)
Caused by: com.kms.katalon.core.exception.StepFailedException: Actual text 'Congratulation!! You've completed this survey. The graph below shows a summary of your results compared to the class averages.' and expected text 'You've completed this survey. The graph below shows a summary of your results compared to the class averages.' of test object 'Object Repository/Page_Survey ALLTS/div_Youve completed this survey.  The graph_fd12d9' are NOT matched.
	at com.kms.katalon.core.webui.keyword.internal.WebUIKeywordMain.stepFailed(WebUIKeywordMain.groovy:64)
	at com.kms.katalon.core.webui.keyword.builtin.VerifyElementTextKeyword$_verifyElementText_closure1.doCall(VerifyElementTextKeyword.groovy:57)
	at com.kms.katalon.core.webui.keyword.builtin.VerifyElementTextKeyword$_verifyElementText_closure1.call(VerifyElementTextKeyword.groovy)
	at com.kms.katalon.core.webui.keyword.internal.WebUIKeywordMain.runKeyword(WebUIKeywordMain.groovy:20)
	... 19 more
"/>
         <system-out><![CDATA[2022-01-12 00:19:37 - [TEST_CASE][FAILED] - Test Cases/Student/Student_Survey/Student_Multiple Choice Survey: Test Cases/Student/Student_Survey/Student_Multiple Choice Survey FAILED.
Reason:
com.kms.katalon.core.exception.StepFailedException: Verify element text of test object 'Object Repository/Page_Survey ALLTS/div_Youve completed this survey.  The graph_fd12d9' FAILED.
	at com.kms.katalon.core.webui.keyword.internal.WebUIKeywordMain.stepFailed(WebUIKeywordMain.groovy:64)
	at com.kms.katalon.core.webui.keyword.internal.WebUIKeywordMain.runKeyword(WebUIKeywordMain.groovy:26)
	at com.kms.katalon.core.webui.keyword.builtin.VerifyElementTextKeyword.verifyElementText(VerifyElementTextKeyword.groovy:72)
	at com.kms.katalon.core.webui.keyword.builtin.VerifyElementTextKeyword.execute(VerifyElementTextKeyword.groovy:40)
	at com.kms.katalon.core.keyword.internal.KeywordExecutor.executeKeywordForPlatform(KeywordExecutor.groovy:74)
	at com.kms.katalon.core.webui.keyword.WebUiBuiltInKeywords.verifyElementText(WebUiBuiltInKeywords.groovy:4749)
	at com.kms.katalon.core.webui.keyword.WebUiBuiltInKeywords$verifyElementText$8.call(Unknown Source)
	at Student_Multiple Choice Survey.run(Student_Multiple Choice Survey:82)
	at com.kms.katalon.core.main.ScriptEngine.run(ScriptEngine.java:194)
	at com.kms.katalon.core.main.ScriptEngine.runScriptAsRawText(ScriptEngine.java:119)
	at com.kms.katalon.core.main.TestCaseExecutor.runScript(TestCaseExecutor.java:442)
	at com.kms.katalon.core.main.TestCaseExecutor.doExecute(TestCaseExecutor.java:433)
	at com.kms.katalon.core.main.TestCaseExecutor.processExecutionPhase(TestCaseExecutor.java:412)
	at com.kms.katalon.core.main.TestCaseExecutor.accessMainPhase(TestCaseExecutor.java:404)
	at com.kms.katalon.core.main.TestCaseExecutor.execute(TestCaseExecutor.java:281)
	at com.kms.katalon.core.main.TestSuiteExecutor.accessTestCaseMainPhase(TestSuiteExecutor.java:202)
	at com.kms.katalon.core.main.TestSuiteExecutor.accessTestSuiteMainPhase(TestSuiteExecutor.java:164)
	at com.kms.katalon.core.main.TestSuiteExecutor.execute(TestSuiteExecutor.java:105)
	at com.kms.katalon.core.main.TestCaseMain.startTestSuite(TestCaseMain.java:181)
	at com.kms.katalon.core.main.TestCaseMain$startTestSuite$0.call(Unknown Source)
	at TempTestSuite1641920935254.run(TempTestSuite1641920935254.groovy:36)
Caused by: com.kms.katalon.core.exception.StepFailedException: Actual text 'Congratulation!! You've completed this survey. The graph below shows a summary of your results compared to the class averages.' and expected text 'You've completed this survey. The graph below shows a summary of your results compared to the class averages.' of test object 'Object Repository/Page_Survey ALLTS/div_Youve completed this survey.  The graph_fd12d9' are NOT matched.
	at com.kms.katalon.core.webui.keyword.internal.WebUIKeywordMain.stepFailed(WebUIKeywordMain.groovy:64)
	at com.kms.katalon.core.webui.keyword.builtin.VerifyElementTextKeyword$_verifyElementText_closure1.doCall(VerifyElementTextKeyword.groovy:57)
	at com.kms.katalon.core.webui.keyword.builtin.VerifyElementTextKeyword$_verifyElementText_closure1.call(VerifyElementTextKeyword.groovy)
	at com.kms.katalon.core.webui.keyword.internal.WebUIKeywordMain.runKeyword(WebUIKeywordMain.groovy:20)
	... 19 more


2022-01-12 00:19:38 - [TEST_STEP][PASSED] - openBrowser(""): Browser is opened with url: ''

2022-01-12 00:19:38 - [MESSAGE][WARNING] - A browser is already opened. Closing browser and opening a new one

2022-01-12 00:19:38 - [MESSAGE][INFO] - Starting 'Chrome' driver

2022-01-12 00:19:38 - [MESSAGE][INFO] - User set preference: ['args', '[window-size=1300,900]']

2022-01-12 00:19:38 - [MESSAGE][INFO] - Action delay is set to 0 milliseconds

2022-01-12 00:19:40 - [MESSAGE][PASSED] - Browser is opened with url: ''

2022-01-12 00:19:40 - [TEST_STEP][PASSED] - navigateToUrl("http://localhost:8080/moodle/"): Navigate to 'http://localhost:8080/moodle/' successfully

2022-01-12 00:19:40 - [MESSAGE][PASSED] - Navigate to 'http://localhost:8080/moodle/' successfully

2022-01-12 00:19:40 - [TEST_STEP][PASSED] - click(findTestObject("Object Repository/Page_BCS Moodle/a_Log in")): Object: 'Object Repository/Page_BCS Moodle/a_Log in' is clicked on

2022-01-12 00:19:41 - [MESSAGE][PASSED] - Object: 'Object Repository/Page_BCS Moodle/a_Log in' is clicked on

2022-01-12 00:19:41 - [TEST_STEP][PASSED] - setText(findTestObject("Object Repository/Page_BCS Moodle Log in to the site/input_Username_username"), "hoangvu"): Text 'hoangvu' is set on object 'Object Repository/Page_BCS Moodle Log in to the site/input_Username_username'

2022-01-12 00:19:42 - [MESSAGE][PASSED] - Text 'hoangvu' is set on object 'Object Repository/Page_BCS Moodle Log in to the site/input_Username_username'

2022-01-12 00:19:42 - [TEST_STEP][PASSED] - setEncryptedText(findTestObject("Object Repository/Page_BCS Moodle Log in to the site/input_Password_password"), "p4y+y39Ir5PR9RXlOHjWlj+CAJiYdX4g"): Text ****** has been set on object 'Object Repository/Page_BCS Moodle Log in to the site/input_Password_password'

2022-01-12 00:19:42 - [MESSAGE][PASSED] - Text ****** has been set on object 'Object Repository/Page_BCS Moodle Log in to the site/input_Password_password'

2022-01-12 00:19:42 - [TEST_STEP][PASSED] - click(findTestObject("Object Repository/Page_BCS Moodle Log in to the site/button_Log in")): Object: 'Object Repository/Page_BCS Moodle Log in to the site/button_Log in' is clicked on

2022-01-12 00:19:44 - [MESSAGE][PASSED] - Object: 'Object Repository/Page_BCS Moodle Log in to the site/button_Log in' is clicked on

2022-01-12 00:19:44 - [TEST_STEP][PASSED] - click(findTestObject("Object Repository/Page_Dashboard/span_TTH")): Object: 'Object Repository/Page_Dashboard/span_TTH' is clicked on

2022-01-12 00:19:46 - [MESSAGE][PASSED] - Object: 'Object Repository/Page_Dashboard/span_TTH' is clicked on

2022-01-12 00:19:46 - [TEST_STEP][PASSED] - click(findTestObject("Object Repository/Page_Course Ton t hp/span_Survey ALLTS")): Object: 'Object Repository/Page_Course Ton t hp/span_Survey ALLTS' is clicked on

2022-01-12 00:19:48 - [MESSAGE][PASSED] - Object: 'Object Repository/Page_Course Ton t hp/span_Survey ALLTS' is clicked on

2022-01-12 00:19:48 - [TEST_STEP][PASSED] - click(findTestObject("Object Repository/Page_Survey ALLTS/input_Not yet answered_q45")): Object: 'Object Repository/Page_Survey ALLTS/input_Not yet answered_q45' is clicked on

2022-01-12 00:19:49 - [MESSAGE][PASSED] - Object: 'Object Repository/Page_Survey ALLTS/input_Not yet answered_q45' is clicked on

2022-01-12 00:19:49 - [TEST_STEP][PASSED] - click(findTestObject("Object Repository/Page_Survey ALLTS/input_Strongly disagree_q46")): Object: 'Object Repository/Page_Survey ALLTS/input_Strongly disagree_q46' is clicked on

2022-01-12 00:19:49 - [MESSAGE][PASSED] - Object: 'Object Repository/Page_Survey ALLTS/input_Strongly disagree_q46' is clicked on

2022-01-12 00:19:49 - [TEST_STEP][PASSED] - click(findTestObject("Object Repository/Page_Survey ALLTS/input_Not yet answered_q47")): Object: 'Object Repository/Page_Survey ALLTS/input_Not yet answered_q47' is clicked on

2022-01-12 00:19:50 - [MESSAGE][PASSED] - Object: 'Object Repository/Page_Survey ALLTS/input_Not yet answered_q47' is clicked on

2022-01-12 00:19:50 - [TEST_STEP][PASSED] - click(findTestObject("Object Repository/Page_Survey ALLTS/input_Strongly disagree_q48")): Object: 'Object Repository/Page_Survey ALLTS/input_Strongly disagree_q48' is clicked on

2022-01-12 00:19:50 - [MESSAGE][PASSED] - Object: 'Object Repository/Page_Survey ALLTS/input_Strongly disagree_q48' is clicked on

2022-01-12 00:19:50 - [TEST_STEP][PASSED] - click(findTestObject("Object Repository/Page_Survey ALLTS/input_Not yet answered_q49")): Object: 'Object Repository/Page_Survey ALLTS/input_Not yet answered_q49' is clicked on

2022-01-12 00:19:51 - [MESSAGE][PASSED] - Object: 'Object Repository/Page_Survey ALLTS/input_Not yet answered_q49' is clicked on

2022-01-12 00:19:51 - [TEST_STEP][PASSED] - click(findTestObject("Object Repository/Page_Survey ALLTS/input_Strongly disagree_q50")): Object: 'Object Repository/Page_Survey ALLTS/input_Strongly disagree_q50' is clicked on

2022-01-12 00:19:51 - [MESSAGE][PASSED] - Object: 'Object Repository/Page_Survey ALLTS/input_Strongly disagree_q50' is clicked on

2022-01-12 00:19:51 - [TEST_STEP][PASSED] - click(findTestObject("Object Repository/Page_Survey ALLTS/input_Strongly disagree_q52")): Object: 'Object Repository/Page_Survey ALLTS/input_Strongly disagree_q52' is clicked on

2022-01-12 00:19:52 - [MESSAGE][PASSED] - Object: 'Object Repository/Page_Survey ALLTS/input_Strongly disagree_q52' is clicked on

2022-01-12 00:19:52 - [TEST_STEP][PASSED] - click(findTestObject("Object Repository/Page_Survey ALLTS/input_Strongly disagree_q51")): Object: 'Object Repository/Page_Survey ALLTS/input_Strongly disagree_q51' is clicked on

2022-01-12 00:19:52 - [MESSAGE][PASSED] - Object: 'Object Repository/Page_Survey ALLTS/input_Strongly disagree_q51' is clicked on

2022-01-12 00:19:52 - [TEST_STEP][PASSED] - click(findTestObject("Object Repository/Page_Survey ALLTS/input_Not yet answered_q53")): Object: 'Object Repository/Page_Survey ALLTS/input_Not yet answered_q53' is clicked on

2022-01-12 00:19:53 - [MESSAGE][PASSED] - Object: 'Object Repository/Page_Survey ALLTS/input_Not yet answered_q53' is clicked on

2022-01-12 00:19:53 - [TEST_STEP][PASSED] - click(findTestObject("Object Repository/Page_Survey ALLTS/input_Not yet answered_q54")): Object: 'Object Repository/Page_Survey ALLTS/input_Not yet answered_q54' is clicked on

2022-01-12 00:19:53 - [MESSAGE][PASSED] - Object: 'Object Repository/Page_Survey ALLTS/input_Not yet answered_q54' is clicked on

2022-01-12 00:19:53 - [TEST_STEP][PASSED] - click(findTestObject("Object Repository/Page_Survey ALLTS/input_Strongly disagree_q55")): Object: 'Object Repository/Page_Survey ALLTS/input_Strongly disagree_q55' is clicked on

2022-01-12 00:19:54 - [MESSAGE][PASSED] - Object: 'Object Repository/Page_Survey ALLTS/input_Strongly disagree_q55' is clicked on

2022-01-12 00:19:54 - [TEST_STEP][PASSED] - click(findTestObject("Object Repository/Page_Survey ALLTS/input_Not yet answered_q56")): Object: 'Object Repository/Page_Survey ALLTS/input_Not yet answered_q56' is clicked on

2022-01-12 00:19:54 - [MESSAGE][PASSED] - Object: 'Object Repository/Page_Survey ALLTS/input_Not yet answered_q56' is clicked on

2022-01-12 00:19:54 - [TEST_STEP][PASSED] - click(findTestObject("Object Repository/Page_Survey ALLTS/input_Strongly disagree_q57")): Object: 'Object Repository/Page_Survey ALLTS/input_Strongly disagree_q57' is clicked on

2022-01-12 00:19:55 - [MESSAGE][PASSED] - Object: 'Object Repository/Page_Survey ALLTS/input_Strongly disagree_q57' is clicked on

2022-01-12 00:19:55 - [TEST_STEP][PASSED] - click(findTestObject("Object Repository/Page_Survey ALLTS/input_Strongly disagree_q58")): Object: 'Object Repository/Page_Survey ALLTS/input_Strongly disagree_q58' is clicked on

2022-01-12 00:19:55 - [MESSAGE][PASSED] - Object: 'Object Repository/Page_Survey ALLTS/input_Strongly disagree_q58' is clicked on

2022-01-12 00:19:55 - [TEST_STEP][PASSED] - click(findTestObject("Object Repository/Page_Survey ALLTS/input_Strongly disagree_q59")): Object: 'Object Repository/Page_Survey ALLTS/input_Strongly disagree_q59' is clicked on

2022-01-12 00:19:56 - [MESSAGE][PASSED] - Object: 'Object Repository/Page_Survey ALLTS/input_Strongly disagree_q59' is clicked on

2022-01-12 00:19:56 - [TEST_STEP][PASSED] - click(findTestObject("Object Repository/Page_Survey ALLTS/input_Strongly disagree_q60")): Object: 'Object Repository/Page_Survey ALLTS/input_Strongly disagree_q60' is clicked on

2022-01-12 00:19:57 - [MESSAGE][PASSED] - Object: 'Object Repository/Page_Survey ALLTS/input_Strongly disagree_q60' is clicked on

2022-01-12 00:19:57 - [TEST_STEP][PASSED] - click(findTestObject("Object Repository/Page_Survey ALLTS/input_Strongly disagree_q61")): Object: 'Object Repository/Page_Survey ALLTS/input_Strongly disagree_q61' is clicked on

2022-01-12 00:19:57 - [MESSAGE][PASSED] - Object: 'Object Repository/Page_Survey ALLTS/input_Strongly disagree_q61' is clicked on

2022-01-12 00:19:57 - [TEST_STEP][PASSED] - click(findTestObject("Object Repository/Page_Survey ALLTS/input_Strongly disagree_q62")): Object: 'Object Repository/Page_Survey ALLTS/input_Strongly disagree_q62' is clicked on

2022-01-12 00:19:58 - [MESSAGE][PASSED] - Object: 'Object Repository/Page_Survey ALLTS/input_Strongly disagree_q62' is clicked on

2022-01-12 00:19:58 - [TEST_STEP][PASSED] - click(findTestObject("Object Repository/Page_Survey ALLTS/input_Strongly disagree_q63")): Object: 'Object Repository/Page_Survey ALLTS/input_Strongly disagree_q63' is clicked on

2022-01-12 00:19:58 - [MESSAGE][PASSED] - Object: 'Object Repository/Page_Survey ALLTS/input_Strongly disagree_q63' is clicked on

2022-01-12 00:19:58 - [TEST_STEP][PASSED] - click(findTestObject("Object Repository/Page_Survey ALLTS/input_Strongly disagree_q64")): Object: 'Object Repository/Page_Survey ALLTS/input_Strongly disagree_q64' is clicked on

2022-01-12 00:19:59 - [MESSAGE][PASSED] - Object: 'Object Repository/Page_Survey ALLTS/input_Strongly disagree_q64' is clicked on

2022-01-12 00:19:59 - [TEST_STEP][PASSED] - click(findTestObject("Object Repository/Page_Survey ALLTS/input_Strongly agree_btn btn-primary")): Object: 'Object Repository/Page_Survey ALLTS/input_Strongly agree_btn btn-primary' is clicked on

2022-01-12 00:20:00 - [MESSAGE][PASSED] - Object: 'Object Repository/Page_Survey ALLTS/input_Strongly agree_btn btn-primary' is clicked on

2022-01-12 00:20:00 - [TEST_STEP][PASSED] - click(findTestObject("Object Repository/Page_Survey saved/button_Continue")): Object: 'Object Repository/Page_Survey saved/button_Continue' is clicked on

2022-01-12 00:20:01 - [MESSAGE][PASSED] - Object: 'Object Repository/Page_Survey saved/button_Continue' is clicked on

2022-01-12 00:20:01 - [TEST_STEP][PASSED] - click(findTestObject("Object Repository/Page_Course Ton t hp/span_Survey ALLTS")): Object: 'Object Repository/Page_Course Ton t hp/span_Survey ALLTS' is clicked on

2022-01-12 00:20:02 - [MESSAGE][PASSED] - Object: 'Object Repository/Page_Course Ton t hp/span_Survey ALLTS' is clicked on

2022-01-12 00:20:02 - [TEST_STEP][FAILED] - verifyElementText(findTestObject("Object Repository/Page_Survey ALLTS/div_Youve completed this survey.  The graph_fd12d9"), "You've completed this survey. The graph below shows a summary of your results compared to the class averages."): Verify element text of test object 'Object Repository/Page_Survey ALLTS/div_Youve completed this survey.  The graph_fd12d9' FAILED. (Root cause: com.kms.katalon.core.exception.StepFailedException: Verify element text of test object 'Object Repository/Page_Survey ALLTS/div_Youve completed this survey.  The graph_fd12d9' FAILED.
	at com.kms.katalon.core.webui.keyword.internal.WebUIKeywordMain.stepFailed(WebUIKeywordMain.groovy:64)
	at com.kms.katalon.core.webui.keyword.internal.WebUIKeywordMain.runKeyword(WebUIKeywordMain.groovy:26)
	at com.kms.katalon.core.webui.keyword.builtin.VerifyElementTextKeyword.verifyElementText(VerifyElementTextKeyword.groovy:72)
	at com.kms.katalon.core.webui.keyword.builtin.VerifyElementTextKeyword.execute(VerifyElementTextKeyword.groovy:40)
	at com.kms.katalon.core.keyword.internal.KeywordExecutor.executeKeywordForPlatform(KeywordExecutor.groovy:74)
	at com.kms.katalon.core.webui.keyword.WebUiBuiltInKeywords.verifyElementText(WebUiBuiltInKeywords.groovy:4749)
	at com.kms.katalon.core.webui.keyword.WebUiBuiltInKeywords$verifyElementText$8.call(Unknown Source)
	at Student_Multiple Choice Survey.run(Student_Multiple Choice Survey:82)
	at com.kms.katalon.core.main.ScriptEngine.run(ScriptEngine.java:194)
	at com.kms.katalon.core.main.ScriptEngine.runScriptAsRawText(ScriptEngine.java:119)
	at com.kms.katalon.core.main.TestCaseExecutor.runScript(TestCaseExecutor.java:442)
	at com.kms.katalon.core.main.TestCaseExecutor.doExecute(TestCaseExecutor.java:433)
	at com.kms.katalon.core.main.TestCaseExecutor.processExecutionPhase(TestCaseExecutor.java:412)
	at com.kms.katalon.core.main.TestCaseExecutor.accessMainPhase(TestCaseExecutor.java:404)
	at com.kms.katalon.core.main.TestCaseExecutor.execute(TestCaseExecutor.java:281)
	at com.kms.katalon.core.main.TestSuiteExecutor.accessTestCaseMainPhase(TestSuiteExecutor.java:202)
	at com.kms.katalon.core.main.TestSuiteExecutor.accessTestSuiteMainPhase(TestSuiteExecutor.java:164)
	at com.kms.katalon.core.main.TestSuiteExecutor.execute(TestSuiteExecutor.java:105)
	at com.kms.katalon.core.main.TestCaseMain.startTestSuite(TestCaseMain.java:181)
	at com.kms.katalon.core.main.TestCaseMain$startTestSuite$0.call(Unknown Source)
	at TempTestSuite1641920935254.run(TempTestSuite1641920935254.groovy:36)
Caused by: com.kms.katalon.core.exception.StepFailedException: Actual text 'Congratulation!! You've completed this survey. The graph below shows a summary of your results compared to the class averages.' and expected text 'You've completed this survey. The graph below shows a summary of your results compared to the class averages.' of test object 'Object Repository/Page_Survey ALLTS/div_Youve completed this survey.  The graph_fd12d9' are NOT matched.
	at com.kms.katalon.core.webui.keyword.internal.WebUIKeywordMain.stepFailed(WebUIKeywordMain.groovy:64)
	at com.kms.katalon.core.webui.keyword.builtin.VerifyElementTextKeyword$_verifyElementText_closure1.doCall(VerifyElementTextKeyword.groovy:57)
	at com.kms.katalon.core.webui.keyword.builtin.VerifyElementTextKeyword$_verifyElementText_closure1.call(VerifyElementTextKeyword.groovy)
	at com.kms.katalon.core.webui.keyword.internal.WebUIKeywordMain.runKeyword(WebUIKeywordMain.groovy:20)
	... 19 more
)

2022-01-12 00:20:03 - [MESSAGE][FAILED] - Actual text 'Congratulation!! You've completed this survey. The graph below shows a summary of your results compared to the class averages.' and expected text 'You've completed this survey. The graph below shows a summary of your results compared to the class averages.' of test object 'Object Repository/Page_Survey ALLTS/div_Youve completed this survey.  The graph_fd12d9' are NOT matched. (Root cause: com.kms.katalon.core.exception.StepFailedException: Actual text 'Congratulation!! You've completed this survey. The graph below shows a summary of your results compared to the class averages.' and expected text 'You've completed this survey. The graph below shows a summary of your results compared to the class averages.' of test object 'Object Repository/Page_Survey ALLTS/div_Youve completed this survey.  The graph_fd12d9' are NOT matched.
	at com.kms.katalon.core.webui.keyword.internal.WebUIKeywordMain.stepFailed(WebUIKeywordMain.groovy:64)
	at com.kms.katalon.core.webui.keyword.builtin.VerifyElementTextKeyword$_verifyElementText_closure1.doCall(VerifyElementTextKeyword.groovy:57)
	at com.kms.katalon.core.webui.keyword.builtin.VerifyElementTextKeyword$_verifyElementText_closure1.call(VerifyElementTextKeyword.groovy)
	at com.kms.katalon.core.webui.keyword.internal.WebUIKeywordMain.runKeyword(WebUIKeywordMain.groovy:20)
	at com.kms.katalon.core.webui.keyword.builtin.VerifyElementTextKeyword.verifyElementText(VerifyElementTextKeyword.groovy:72)
	at com.kms.katalon.core.webui.keyword.builtin.VerifyElementTextKeyword.execute(VerifyElementTextKeyword.groovy:40)
	at com.kms.katalon.core.keyword.internal.KeywordExecutor.executeKeywordForPlatform(KeywordExecutor.groovy:74)
	at com.kms.katalon.core.webui.keyword.WebUiBuiltInKeywords.verifyElementText(WebUiBuiltInKeywords.groovy:4749)
	at com.kms.katalon.core.webui.keyword.WebUiBuiltInKeywords$verifyElementText$8.call(Unknown Source)
	at Student_Multiple Choice Survey.run(Student_Multiple Choice Survey:82)
	at com.kms.katalon.core.main.ScriptEngine.run(ScriptEngine.java:194)
	at com.kms.katalon.core.main.ScriptEngine.runScriptAsRawText(ScriptEngine.java:119)
	at com.kms.katalon.core.main.TestCaseExecutor.runScript(TestCaseExecutor.java:442)
	at com.kms.katalon.core.main.TestCaseExecutor.doExecute(TestCaseExecutor.java:433)
	at com.kms.katalon.core.main.TestCaseExecutor.processExecutionPhase(TestCaseExecutor.java:412)
	at com.kms.katalon.core.main.TestCaseExecutor.accessMainPhase(TestCaseExecutor.java:404)
	at com.kms.katalon.core.main.TestCaseExecutor.execute(TestCaseExecutor.java:281)
	at com.kms.katalon.core.main.TestSuiteExecutor.accessTestCaseMainPhase(TestSuiteExecutor.java:202)
	at com.kms.katalon.core.main.TestSuiteExecutor.accessTestSuiteMainPhase(TestSuiteExecutor.java:164)
	at com.kms.katalon.core.main.TestSuiteExecutor.execute(TestSuiteExecutor.java:105)
	at com.kms.katalon.core.main.TestCaseMain.startTestSuite(TestCaseMain.java:181)
	at com.kms.katalon.core.main.TestCaseMain$startTestSuite$0.call(Unknown Source)
	at TempTestSuite1641920935254.run(TempTestSuite1641920935254.groovy:36)
)
[[ATTACHMENT|C:\\Users\\Admin\\Desktop\\Katalon_TestProject\\TestAutomation_Katalon-Test-Project\\Reports\\20220112_000855\\Run All Test Cases\\20220112_000855\\1641921603200.png]]

2022-01-12 00:20:03 - [MESSAGE][FAILED] - Verify element text of test object 'Object Repository/Page_Survey ALLTS/div_Youve completed this survey.  The graph_fd12d9' FAILED. (Root cause: com.kms.katalon.core.exception.StepFailedException: Verify element text of test object 'Object Repository/Page_Survey ALLTS/div_Youve completed this survey.  The graph_fd12d9' FAILED.
	at com.kms.katalon.core.webui.keyword.internal.WebUIKeywordMain.stepFailed(WebUIKeywordMain.groovy:64)
	at com.kms.katalon.core.webui.keyword.internal.WebUIKeywordMain.runKeyword(WebUIKeywordMain.groovy:26)
	at com.kms.katalon.core.webui.keyword.builtin.VerifyElementTextKeyword.verifyElementText(VerifyElementTextKeyword.groovy:72)
	at com.kms.katalon.core.webui.keyword.builtin.VerifyElementTextKeyword.execute(VerifyElementTextKeyword.groovy:40)
	at com.kms.katalon.core.keyword.internal.KeywordExecutor.executeKeywordForPlatform(KeywordExecutor.groovy:74)
	at com.kms.katalon.core.webui.keyword.WebUiBuiltInKeywords.verifyElementText(WebUiBuiltInKeywords.groovy:4749)
	at com.kms.katalon.core.webui.keyword.WebUiBuiltInKeywords$verifyElementText$8.call(Unknown Source)
	at Student_Multiple Choice Survey.run(Student_Multiple Choice Survey:82)
	at com.kms.katalon.core.main.ScriptEngine.run(ScriptEngine.java:194)
	at com.kms.katalon.core.main.ScriptEngine.runScriptAsRawText(ScriptEngine.java:119)
	at com.kms.katalon.core.main.TestCaseExecutor.runScript(TestCaseExecutor.java:442)
	at com.kms.katalon.core.main.TestCaseExecutor.doExecute(TestCaseExecutor.java:433)
	at com.kms.katalon.core.main.TestCaseExecutor.processExecutionPhase(TestCaseExecutor.java:412)
	at com.kms.katalon.core.main.TestCaseExecutor.accessMainPhase(TestCaseExecutor.java:404)
	at com.kms.katalon.core.main.TestCaseExecutor.execute(TestCaseExecutor.java:281)
	at com.kms.katalon.core.main.TestSuiteExecutor.accessTestCaseMainPhase(TestSuiteExecutor.java:202)
	at com.kms.katalon.core.main.TestSuiteExecutor.accessTestSuiteMainPhase(TestSuiteExecutor.java:164)
	at com.kms.katalon.core.main.TestSuiteExecutor.execute(TestSuiteExecutor.java:105)
	at com.kms.katalon.core.main.TestCaseMain.startTestSuite(TestCaseMain.java:181)
	at com.kms.katalon.core.main.TestCaseMain$startTestSuite$0.call(Unknown Source)
	at TempTestSuite1641920935254.run(TempTestSuite1641920935254.groovy:36)
Caused by: com.kms.katalon.core.exception.StepFailedException: Actual text 'Congratulation!! You've completed this survey. The graph below shows a summary of your results compared to the class averages.' and expected text 'You've completed this survey. The graph below shows a summary of your results compared to the class averages.' of test object 'Object Repository/Page_Survey ALLTS/div_Youve completed this survey.  The graph_fd12d9' are NOT matched.
	at com.kms.katalon.core.webui.keyword.internal.WebUIKeywordMain.stepFailed(WebUIKeywordMain.groovy:64)
	at com.kms.katalon.core.webui.keyword.builtin.VerifyElementTextKeyword$_verifyElementText_closure1.doCall(VerifyElementTextKeyword.groovy:57)
	at com.kms.katalon.core.webui.keyword.builtin.VerifyElementTextKeyword$_verifyElementText_closure1.call(VerifyElementTextKeyword.groovy)
	at com.kms.katalon.core.webui.keyword.internal.WebUIKeywordMain.runKeyword(WebUIKeywordMain.groovy:20)
	... 19 more
)
[[ATTACHMENT|C:\\Users\\Admin\\Desktop\\Katalon_TestProject\\TestAutomation_Katalon-Test-Project\\Reports\\20220112_000855\\Run All Test Cases\\20220112_000855\\1641921603337.png]]]]></system-out>
         <system-err><![CDATA[2022-01-12 00:19:37 - [TEST_CASE][FAILED] - Test Cases/Student/Student_Survey/Student_Multiple Choice Survey: Test Cases/Student/Student_Survey/Student_Multiple Choice Survey FAILED.
Reason:
com.kms.katalon.core.exception.StepFailedException: Verify element text of test object 'Object Repository/Page_Survey ALLTS/div_Youve completed this survey.  The graph_fd12d9' FAILED.
	at com.kms.katalon.core.webui.keyword.internal.WebUIKeywordMain.stepFailed(WebUIKeywordMain.groovy:64)
	at com.kms.katalon.core.webui.keyword.internal.WebUIKeywordMain.runKeyword(WebUIKeywordMain.groovy:26)
	at com.kms.katalon.core.webui.keyword.builtin.VerifyElementTextKeyword.verifyElementText(VerifyElementTextKeyword.groovy:72)
	at com.kms.katalon.core.webui.keyword.builtin.VerifyElementTextKeyword.execute(VerifyElementTextKeyword.groovy:40)
	at com.kms.katalon.core.keyword.internal.KeywordExecutor.executeKeywordForPlatform(KeywordExecutor.groovy:74)
	at com.kms.katalon.core.webui.keyword.WebUiBuiltInKeywords.verifyElementText(WebUiBuiltInKeywords.groovy:4749)
	at com.kms.katalon.core.webui.keyword.WebUiBuiltInKeywords$verifyElementText$8.call(Unknown Source)
	at Student_Multiple Choice Survey.run(Student_Multiple Choice Survey:82)
	at com.kms.katalon.core.main.ScriptEngine.run(ScriptEngine.java:194)
	at com.kms.katalon.core.main.ScriptEngine.runScriptAsRawText(ScriptEngine.java:119)
	at com.kms.katalon.core.main.TestCaseExecutor.runScript(TestCaseExecutor.java:442)
	at com.kms.katalon.core.main.TestCaseExecutor.doExecute(TestCaseExecutor.java:433)
	at com.kms.katalon.core.main.TestCaseExecutor.processExecutionPhase(TestCaseExecutor.java:412)
	at com.kms.katalon.core.main.TestCaseExecutor.accessMainPhase(TestCaseExecutor.java:404)
	at com.kms.katalon.core.main.TestCaseExecutor.execute(TestCaseExecutor.java:281)
	at com.kms.katalon.core.main.TestSuiteExecutor.accessTestCaseMainPhase(TestSuiteExecutor.java:202)
	at com.kms.katalon.core.main.TestSuiteExecutor.accessTestSuiteMainPhase(TestSuiteExecutor.java:164)
	at com.kms.katalon.core.main.TestSuiteExecutor.execute(TestSuiteExecutor.java:105)
	at com.kms.katalon.core.main.TestCaseMain.startTestSuite(TestCaseMain.java:181)
	at com.kms.katalon.core.main.TestCaseMain$startTestSuite$0.call(Unknown Source)
	at TempTestSuite1641920935254.run(TempTestSuite1641920935254.groovy:36)
Caused by: com.kms.katalon.core.exception.StepFailedException: Actual text 'Congratulation!! You've completed this survey. The graph below shows a summary of your results compared to the class averages.' and expected text 'You've completed this survey. The graph below shows a summary of your results compared to the class averages.' of test object 'Object Repository/Page_Survey ALLTS/div_Youve completed this survey.  The graph_fd12d9' are NOT matched.
	at com.kms.katalon.core.webui.keyword.internal.WebUIKeywordMain.stepFailed(WebUIKeywordMain.groovy:64)
	at com.kms.katalon.core.webui.keyword.builtin.VerifyElementTextKeyword$_verifyElementText_closure1.doCall(VerifyElementTextKeyword.groovy:57)
	at com.kms.katalon.core.webui.keyword.builtin.VerifyElementTextKeyword$_verifyElementText_closure1.call(VerifyElementTextKeyword.groovy)
	at com.kms.katalon.core.webui.keyword.internal.WebUIKeywordMain.runKeyword(WebUIKeywordMain.groovy:20)
	... 19 more]]></system-err>
      </testcase>
      <testcase name="Test Cases/Student/Student_Quiz/Student_Quiz_Multiple Choices With Multiple Questions" time="24.279" classname="Test Cases/Student/Student_Quiz/Student_Quiz_Multiple Choices With Multiple Questions" status="PASSED">
         <system-out><![CDATA[2022-01-12 00:20:03 - [TEST_CASE][PASSED] - Test Cases/Student/Student_Quiz/Student_Quiz_Multiple Choices With Multiple Questions: Test Cases/Student/Student_Quiz/Student_Quiz_Multiple Choices With Multiple Questions

2022-01-12 00:20:03 - [TEST_STEP][PASSED] - openBrowser(""): Browser is opened with url: ''

2022-01-12 00:20:03 - [MESSAGE][WARNING] - A browser is already opened. Closing browser and opening a new one

2022-01-12 00:20:04 - [MESSAGE][INFO] - Starting 'Chrome' driver

2022-01-12 00:20:04 - [MESSAGE][INFO] - User set preference: ['args', '[window-size=1300,900]']

2022-01-12 00:20:04 - [MESSAGE][INFO] - Action delay is set to 0 milliseconds

2022-01-12 00:20:05 - [MESSAGE][PASSED] - Browser is opened with url: ''

2022-01-12 00:20:05 - [TEST_STEP][PASSED] - navigateToUrl("http://localhost:8080/moodle/"): Navigate to 'http://localhost:8080/moodle/' successfully

2022-01-12 00:20:06 - [MESSAGE][PASSED] - Navigate to 'http://localhost:8080/moodle/' successfully

2022-01-12 00:20:06 - [TEST_STEP][PASSED] - click(findTestObject("Object Repository/Page_BCS Moodle/a_Log in")): Object: 'Object Repository/Page_BCS Moodle/a_Log in' is clicked on

2022-01-12 00:20:07 - [MESSAGE][PASSED] - Object: 'Object Repository/Page_BCS Moodle/a_Log in' is clicked on

2022-01-12 00:20:07 - [TEST_STEP][PASSED] - setText(findTestObject("Object Repository/Page_BCS Moodle Log in to the site/input_Username_username"), "hoangvu"): Text 'hoangvu' is set on object 'Object Repository/Page_BCS Moodle Log in to the site/input_Username_username'

2022-01-12 00:20:08 - [MESSAGE][PASSED] - Text 'hoangvu' is set on object 'Object Repository/Page_BCS Moodle Log in to the site/input_Username_username'

2022-01-12 00:20:08 - [TEST_STEP][PASSED] - setEncryptedText(findTestObject("Object Repository/Page_BCS Moodle Log in to the site/input_Password_password"), "p4y+y39Ir5PR9RXlOHjWlj+CAJiYdX4g"): Text ****** has been set on object 'Object Repository/Page_BCS Moodle Log in to the site/input_Password_password'

2022-01-12 00:20:08 - [MESSAGE][PASSED] - Text ****** has been set on object 'Object Repository/Page_BCS Moodle Log in to the site/input_Password_password'

2022-01-12 00:20:08 - [TEST_STEP][PASSED] - click(findTestObject("Object Repository/Page_BCS Moodle Log in to the site/button_Log in")): Object: 'Object Repository/Page_BCS Moodle Log in to the site/button_Log in' is clicked on

2022-01-12 00:20:10 - [MESSAGE][PASSED] - Object: 'Object Repository/Page_BCS Moodle Log in to the site/button_Log in' is clicked on

2022-01-12 00:20:10 - [TEST_STEP][PASSED] - navigateToUrl("http://localhost:8080/moodle/course/view.php?id=4"): Navigate to 'http://localhost:8080/moodle/course/view.php?id=4' successfully

2022-01-12 00:20:11 - [MESSAGE][PASSED] - Navigate to 'http://localhost:8080/moodle/course/view.php?id=4' successfully

2022-01-12 00:20:11 - [TEST_STEP][PASSED] - click(findTestObject("Object Repository/Page_Course Ton t hp/span_Quiz Nhiu cu  nhiu la chn")): Object: 'Object Repository/Page_Course Ton t hp/span_Quiz Nhiu cu  nhiu la chn' is clicked on

2022-01-12 00:20:12 - [MESSAGE][PASSED] - Object: 'Object Repository/Page_Course Ton t hp/span_Quiz Nhiu cu  nhiu la chn' is clicked on

2022-01-12 00:20:12 - [TEST_STEP][PASSED] - navigateToUrl("http://localhost:8080/moodle/mod/quiz/view.php?id=21"): Navigate to 'http://localhost:8080/moodle/mod/quiz/view.php?id=21' successfully

2022-01-12 00:20:12 - [MESSAGE][PASSED] - Navigate to 'http://localhost:8080/moodle/mod/quiz/view.php?id=21' successfully

2022-01-12 00:20:12 - [TEST_STEP][PASSED] - click(findTestObject("Object Repository/Page_TTH Quiz Nhiu cu  nhiu la chn/button_Attempt quiz now")): Object: 'Object Repository/Page_TTH Quiz Nhiu cu  nhiu la chn/button_Attempt quiz now' is clicked on

2022-01-12 00:20:15 - [MESSAGE][PASSED] - Object: 'Object Repository/Page_TTH Quiz Nhiu cu  nhiu la chn/button_Attempt quiz now' is clicked on

2022-01-12 00:20:15 - [TEST_STEP][PASSED] - click(findTestObject("Object Repository/Page_Quiz Nhiu cu  nhiu la chn (page 1 of 2)/div_b. 6")): Object: 'Object Repository/Page_Quiz Nhiu cu  nhiu la chn (page 1 of 2)/div_b. 6' is clicked on

2022-01-12 00:20:15 - [MESSAGE][PASSED] - Object: 'Object Repository/Page_Quiz Nhiu cu  nhiu la chn (page 1 of 2)/div_b. 6' is clicked on

2022-01-12 00:20:15 - [TEST_STEP][PASSED] - click(findTestObject("Object Repository/Page_Quiz Nhiu cu  nhiu la chn (page 1 of 2)/input_a_q201_choice1")): Object: 'Object Repository/Page_Quiz Nhiu cu  nhiu la chn (page 1 of 2)/input_a_q201_choice1' is clicked on

2022-01-12 00:20:16 - [MESSAGE][PASSED] - Object: 'Object Repository/Page_Quiz Nhiu cu  nhiu la chn (page 1 of 2)/input_a_q201_choice1' is clicked on

2022-01-12 00:20:16 - [TEST_STEP][PASSED] - click(findTestObject("Object Repository/Page_Quiz Nhiu cu  nhiu la chn (page 1 of 2)/input_b_q201_choice2")): Object: 'Object Repository/Page_Quiz Nhiu cu  nhiu la chn (page 1 of 2)/input_b_q201_choice2' is clicked on

2022-01-12 00:20:16 - [MESSAGE][PASSED] - Object: 'Object Repository/Page_Quiz Nhiu cu  nhiu la chn (page 1 of 2)/input_b_q201_choice2' is clicked on

2022-01-12 00:20:16 - [TEST_STEP][PASSED] - click(findTestObject("Object Repository/Page_Quiz Nhiu cu  nhiu la chn (page 1 of 2)/input_c_q201_choice3")): Object: 'Object Repository/Page_Quiz Nhiu cu  nhiu la chn (page 1 of 2)/input_c_q201_choice3' is clicked on

2022-01-12 00:20:17 - [MESSAGE][PASSED] - Object: 'Object Repository/Page_Quiz Nhiu cu  nhiu la chn (page 1 of 2)/input_c_q201_choice3' is clicked on

2022-01-12 00:20:17 - [TEST_STEP][PASSED] - click(findTestObject("Object Repository/Page_Quiz Nhiu cu  nhiu la chn (page 1 of 2)/input_b_q202_choice2")): Object: 'Object Repository/Page_Quiz Nhiu cu  nhiu la chn (page 1 of 2)/input_b_q202_choice2' is clicked on

2022-01-12 00:20:17 - [MESSAGE][PASSED] - Object: 'Object Repository/Page_Quiz Nhiu cu  nhiu la chn (page 1 of 2)/input_b_q202_choice2' is clicked on

2022-01-12 00:20:17 - [TEST_STEP][PASSED] - click(findTestObject("Object Repository/Page_Quiz Nhiu cu  nhiu la chn (page 1 of 2)/input_a_q202_choice1")): Object: 'Object Repository/Page_Quiz Nhiu cu  nhiu la chn (page 1 of 2)/input_a_q202_choice1' is clicked on

2022-01-12 00:20:18 - [MESSAGE][PASSED] - Object: 'Object Repository/Page_Quiz Nhiu cu  nhiu la chn (page 1 of 2)/input_a_q202_choice1' is clicked on

2022-01-12 00:20:18 - [TEST_STEP][PASSED] - click(findTestObject("Object Repository/Page_Quiz Nhiu cu  nhiu la chn (page 1 of 2)/input_c_q202_choice3")): Object: 'Object Repository/Page_Quiz Nhiu cu  nhiu la chn (page 1 of 2)/input_c_q202_choice3' is clicked on

2022-01-12 00:20:18 - [MESSAGE][PASSED] - Object: 'Object Repository/Page_Quiz Nhiu cu  nhiu la chn (page 1 of 2)/input_c_q202_choice3' is clicked on

2022-01-12 00:20:18 - [TEST_STEP][PASSED] - click(findTestObject("Object Repository/Page_Quiz Nhiu cu  nhiu la chn (page 1 of 2)/input_Question text_q202_choice0")): Object: 'Object Repository/Page_Quiz Nhiu cu  nhiu la chn (page 1 of 2)/input_Question text_q202_choice0' is clicked on

2022-01-12 00:20:19 - [MESSAGE][PASSED] - Object: 'Object Repository/Page_Quiz Nhiu cu  nhiu la chn (page 1 of 2)/input_Question text_q202_choice0' is clicked on

2022-01-12 00:20:19 - [TEST_STEP][PASSED] - click(findTestObject("Object Repository/Page_Quiz Nhiu cu  nhiu la chn (page 1 of 2)/input_d_next")): Object: 'Object Repository/Page_Quiz Nhiu cu  nhiu la chn (page 1 of 2)/input_d_next' is clicked on

2022-01-12 00:20:20 - [MESSAGE][PASSED] - Object: 'Object Repository/Page_Quiz Nhiu cu  nhiu la chn (page 1 of 2)/input_d_next' is clicked on

2022-01-12 00:20:20 - [TEST_STEP][PASSED] - click(findTestObject("Object Repository/Page_Quiz Nhiu cu  nhiu la chn (page 2 of 2)/input_c_q203_choice3")): Object: 'Object Repository/Page_Quiz Nhiu cu  nhiu la chn (page 2 of 2)/input_c_q203_choice3' is clicked on

2022-01-12 00:20:20 - [MESSAGE][PASSED] - Object: 'Object Repository/Page_Quiz Nhiu cu  nhiu la chn (page 2 of 2)/input_c_q203_choice3' is clicked on

2022-01-12 00:20:20 - [TEST_STEP][PASSED] - click(findTestObject("Object Repository/Page_Quiz Nhiu cu  nhiu la chn (page 2 of 2)/div_c. 32")): Object: 'Object Repository/Page_Quiz Nhiu cu  nhiu la chn (page 2 of 2)/div_c. 32' is clicked on

2022-01-12 00:20:21 - [MESSAGE][PASSED] - Object: 'Object Repository/Page_Quiz Nhiu cu  nhiu la chn (page 2 of 2)/div_c. 32' is clicked on

2022-01-12 00:20:21 - [TEST_STEP][PASSED] - click(findTestObject("Object Repository/Page_Quiz Nhiu cu  nhiu la chn (page 2 of 2)/input_b_q203_choice2")): Object: 'Object Repository/Page_Quiz Nhiu cu  nhiu la chn (page 2 of 2)/input_b_q203_choice2' is clicked on

2022-01-12 00:20:21 - [MESSAGE][PASSED] - Object: 'Object Repository/Page_Quiz Nhiu cu  nhiu la chn (page 2 of 2)/input_b_q203_choice2' is clicked on

2022-01-12 00:20:21 - [TEST_STEP][PASSED] - click(findTestObject("Object Repository/Page_Quiz Nhiu cu  nhiu la chn (page 2 of 2)/input_d_next")): Object: 'Object Repository/Page_Quiz Nhiu cu  nhiu la chn (page 2 of 2)/input_d_next' is clicked on

2022-01-12 00:20:23 - [MESSAGE][PASSED] - Object: 'Object Repository/Page_Quiz Nhiu cu  nhiu la chn (page 2 of 2)/input_d_next' is clicked on

2022-01-12 00:20:23 - [TEST_STEP][PASSED] - verifyElementText(findTestObject("Object Repository/Page_Quiz Nhiu cu  nhiu la chn Attempt summary/td_Answer saved"), "Answer saved"): Actual text and expected text of test object 'Object Repository/Page_Quiz Nhiu cu  nhiu la chn Attempt summary/td_Answer saved' are matched.

2022-01-12 00:20:23 - [MESSAGE][PASSED] - Actual text and expected text of test object 'Object Repository/Page_Quiz Nhiu cu  nhiu la chn Attempt summary/td_Answer saved' are matched.

2022-01-12 00:20:23 - [TEST_STEP][PASSED] - click(findTestObject("Object Repository/Page_Quiz Nhiu cu  nhiu la chn Attempt summary/button_Submit all and finish_1")): Object: 'Object Repository/Page_Quiz Nhiu cu  nhiu la chn Attempt summary/button_Submit all and finish_1' is clicked on

2022-01-12 00:20:23 - [MESSAGE][PASSED] - Object: 'Object Repository/Page_Quiz Nhiu cu  nhiu la chn Attempt summary/button_Submit all and finish_1' is clicked on

2022-01-12 00:20:23 - [TEST_STEP][PASSED] - click(findTestObject("Object Repository/Page_Quiz Nhiu cu  nhiu la chn Attempt summary/input_Once you submit, you will no longer b_741fcb")): Object: 'Object Repository/Page_Quiz Nhiu cu  nhiu la chn Attempt summary/input_Once you submit, you will no longer b_741fcb' is clicked on

2022-01-12 00:20:25 - [MESSAGE][PASSED] - Object: 'Object Repository/Page_Quiz Nhiu cu  nhiu la chn Attempt summary/input_Once you submit, you will no longer b_741fcb' is clicked on

2022-01-12 00:20:25 - [TEST_STEP][PASSED] - verifyElementText(findTestObject("Object Repository/Page_Quiz Nhiu cu  nhiu la chn Attempt review/td_Finished"), "Finished"): Actual text and expected text of test object 'Object Repository/Page_Quiz Nhiu cu  nhiu la chn Attempt review/td_Finished' are matched.

2022-01-12 00:20:26 - [MESSAGE][PASSED] - Actual text and expected text of test object 'Object Repository/Page_Quiz Nhiu cu  nhiu la chn Attempt review/td_Finished' are matched.

2022-01-12 00:20:26 - [TEST_STEP][PASSED] - click(findTestObject("Object Repository/Page_Quiz Nhiu cu  nhiu la chn Attempt review/a_Finish review")): Object: 'Object Repository/Page_Quiz Nhiu cu  nhiu la chn Attempt review/a_Finish review' is clicked on

2022-01-12 00:20:27 - [MESSAGE][PASSED] - Object: 'Object Repository/Page_Quiz Nhiu cu  nhiu la chn Attempt review/a_Finish review' is clicked on

2022-01-12 00:20:27 - [TEST_STEP][PASSED] - closeBrowser(): Browser is closed

2022-01-12 00:20:27 - [MESSAGE][PASSED] - Browser is closed]]></system-out>
         <system-err><![CDATA[]]></system-err>
      </testcase>
      <testcase name="Test Cases/Student/Student_Quiz/Student_Quiz_Multiple Choices With One Question" time="16.956" classname="Test Cases/Student/Student_Quiz/Student_Quiz_Multiple Choices With One Question" status="PASSED">
         <system-out><![CDATA[2022-01-12 00:20:27 - [TEST_CASE][PASSED] - Test Cases/Student/Student_Quiz/Student_Quiz_Multiple Choices With One Question: Test Cases/Student/Student_Quiz/Student_Quiz_Multiple Choices With One Question

2022-01-12 00:20:28 - [TEST_STEP][PASSED] - openBrowser(""): Browser is opened with url: ''

2022-01-12 00:20:28 - [MESSAGE][INFO] - Starting 'Chrome' driver

2022-01-12 00:20:28 - [MESSAGE][INFO] - User set preference: ['args', '[window-size=1300,900]']

2022-01-12 00:20:28 - [MESSAGE][INFO] - Action delay is set to 0 milliseconds

2022-01-12 00:20:29 - [MESSAGE][PASSED] - Browser is opened with url: ''

2022-01-12 00:20:29 - [TEST_STEP][PASSED] - navigateToUrl("http://localhost:8080/moodle/"): Navigate to 'http://localhost:8080/moodle/' successfully

2022-01-12 00:20:29 - [MESSAGE][PASSED] - Navigate to 'http://localhost:8080/moodle/' successfully

2022-01-12 00:20:29 - [TEST_STEP][PASSED] - click(findTestObject("Object Repository/Page_BCS Moodle/a_Log in")): Object: 'Object Repository/Page_BCS Moodle/a_Log in' is clicked on

2022-01-12 00:20:30 - [MESSAGE][PASSED] - Object: 'Object Repository/Page_BCS Moodle/a_Log in' is clicked on

2022-01-12 00:20:30 - [TEST_STEP][PASSED] - setText(findTestObject("Object Repository/Page_BCS Moodle Log in to the site/input_Username_username"), "hoangvu"): Text 'hoangvu' is set on object 'Object Repository/Page_BCS Moodle Log in to the site/input_Username_username'

2022-01-12 00:20:31 - [MESSAGE][PASSED] - Text 'hoangvu' is set on object 'Object Repository/Page_BCS Moodle Log in to the site/input_Username_username'

2022-01-12 00:20:31 - [TEST_STEP][PASSED] - setEncryptedText(findTestObject("Object Repository/Page_BCS Moodle Log in to the site/input_Password_password"), "p4y+y39Ir5PR9RXlOHjWlj+CAJiYdX4g"): Text ****** has been set on object 'Object Repository/Page_BCS Moodle Log in to the site/input_Password_password'

2022-01-12 00:20:31 - [MESSAGE][PASSED] - Text ****** has been set on object 'Object Repository/Page_BCS Moodle Log in to the site/input_Password_password'

2022-01-12 00:20:31 - [TEST_STEP][PASSED] - click(findTestObject("Object Repository/Page_BCS Moodle Log in to the site/button_Log in")): Object: 'Object Repository/Page_BCS Moodle Log in to the site/button_Log in' is clicked on

2022-01-12 00:20:33 - [MESSAGE][PASSED] - Object: 'Object Repository/Page_BCS Moodle Log in to the site/button_Log in' is clicked on

2022-01-12 00:20:33 - [TEST_STEP][PASSED] - navigateToUrl("http://localhost:8080/moodle/course/view.php?id=4"): Navigate to 'http://localhost:8080/moodle/course/view.php?id=4' successfully

2022-01-12 00:20:34 - [MESSAGE][PASSED] - Navigate to 'http://localhost:8080/moodle/course/view.php?id=4' successfully

2022-01-12 00:20:34 - [TEST_STEP][PASSED] - click(findTestObject("Object Repository/Page_Course Ton t hp/span_Quiz Nhiu la chn  Mt cu")): Object: 'Object Repository/Page_Course Ton t hp/span_Quiz Nhiu la chn  Mt cu' is clicked on

2022-01-12 00:20:35 - [MESSAGE][PASSED] - Object: 'Object Repository/Page_Course Ton t hp/span_Quiz Nhiu la chn  Mt cu' is clicked on

2022-01-12 00:20:35 - [TEST_STEP][PASSED] - navigateToUrl("http://localhost:8080/moodle/mod/quiz/view.php?id=20"): Navigate to 'http://localhost:8080/moodle/mod/quiz/view.php?id=20' successfully

2022-01-12 00:20:36 - [MESSAGE][PASSED] - Navigate to 'http://localhost:8080/moodle/mod/quiz/view.php?id=20' successfully

2022-01-12 00:20:36 - [TEST_STEP][PASSED] - click(findTestObject("Object Repository/Page_TTH Quiz Nhiu la chn  Mt cu/button_Re-attempt quiz")): Object: 'Object Repository/Page_TTH Quiz Nhiu la chn  Mt cu/button_Re-attempt quiz' is clicked on

2022-01-12 00:20:37 - [MESSAGE][PASSED] - Object: 'Object Repository/Page_TTH Quiz Nhiu la chn  Mt cu/button_Re-attempt quiz' is clicked on

2022-01-12 00:20:37 - [TEST_STEP][PASSED] - click(findTestObject("Object Repository/Page_Quiz Nhiu la chn  Mt cu/input_Question text_q261_choice0")): Object: 'Object Repository/Page_Quiz Nhiu la chn  Mt cu/input_Question text_q261_choice0' is clicked on

2022-01-12 00:20:38 - [MESSAGE][PASSED] - Object: 'Object Repository/Page_Quiz Nhiu la chn  Mt cu/input_Question text_q261_choice0' is clicked on

2022-01-12 00:20:38 - [TEST_STEP][PASSED] - click(findTestObject("Object Repository/Page_Quiz Nhiu la chn  Mt cu/input_a_q261_choice1")): Object: 'Object Repository/Page_Quiz Nhiu la chn  Mt cu/input_a_q261_choice1' is clicked on

2022-01-12 00:20:38 - [MESSAGE][PASSED] - Object: 'Object Repository/Page_Quiz Nhiu la chn  Mt cu/input_a_q261_choice1' is clicked on

2022-01-12 00:20:38 - [TEST_STEP][PASSED] - click(findTestObject("Object Repository/Page_Quiz Nhiu la chn  Mt cu/input_d_next")): Object: 'Object Repository/Page_Quiz Nhiu la chn  Mt cu/input_d_next' is clicked on

2022-01-12 00:20:40 - [MESSAGE][PASSED] - Object: 'Object Repository/Page_Quiz Nhiu la chn  Mt cu/input_d_next' is clicked on

2022-01-12 00:20:40 - [TEST_STEP][PASSED] - verifyElementText(findTestObject("Object Repository/Page_Quiz Nhiu cu  nhiu la chn Attempt summary/td_Answer saved"), "Answer saved"): Actual text and expected text of test object 'Object Repository/Page_Quiz Nhiu cu  nhiu la chn Attempt summary/td_Answer saved' are matched.

2022-01-12 00:20:40 - [MESSAGE][PASSED] - Actual text and expected text of test object 'Object Repository/Page_Quiz Nhiu cu  nhiu la chn Attempt summary/td_Answer saved' are matched.

2022-01-12 00:20:40 - [TEST_STEP][PASSED] - click(findTestObject("Object Repository/Page_Quiz Nhiu la chn  Mt cu Attempt summary/button_Submit all and finish")): Object: 'Object Repository/Page_Quiz Nhiu la chn  Mt cu Attempt summary/button_Submit all and finish' is clicked on

2022-01-12 00:20:41 - [MESSAGE][PASSED] - Object: 'Object Repository/Page_Quiz Nhiu la chn  Mt cu Attempt summary/button_Submit all and finish' is clicked on

2022-01-12 00:20:41 - [TEST_STEP][PASSED] - click(findTestObject("Object Repository/Page_Quiz Nhiu la chn  Mt cu Attempt summary/input_Once you submit, you will no longer b_983128")): Object: 'Object Repository/Page_Quiz Nhiu la chn  Mt cu Attempt summary/input_Once you submit, you will no longer b_983128' is clicked on

2022-01-12 00:20:42 - [MESSAGE][PASSED] - Object: 'Object Repository/Page_Quiz Nhiu la chn  Mt cu Attempt summary/input_Once you submit, you will no longer b_983128' is clicked on

2022-01-12 00:20:42 - [TEST_STEP][PASSED] - verifyElementText(findTestObject("Object Repository/Page_Quiz Nhiu cu  nhiu la chn Attempt review/td_Finished"), "Finished"): Actual text and expected text of test object 'Object Repository/Page_Quiz Nhiu cu  nhiu la chn Attempt review/td_Finished' are matched.

2022-01-12 00:20:43 - [MESSAGE][PASSED] - Actual text and expected text of test object 'Object Repository/Page_Quiz Nhiu cu  nhiu la chn Attempt review/td_Finished' are matched.

2022-01-12 00:20:43 - [TEST_STEP][PASSED] - click(findTestObject("Object Repository/Page_Quiz Nhiu la chn  Mt cu Attempt review/a_Finish review")): Object: 'Object Repository/Page_Quiz Nhiu la chn  Mt cu Attempt review/a_Finish review' is clicked on

2022-01-12 00:20:44 - [MESSAGE][PASSED] - Object: 'Object Repository/Page_Quiz Nhiu la chn  Mt cu Attempt review/a_Finish review' is clicked on

2022-01-12 00:20:44 - [TEST_STEP][PASSED] - closeBrowser(): Browser is closed

2022-01-12 00:20:44 - [MESSAGE][PASSED] - Browser is closed]]></system-out>
         <system-err><![CDATA[]]></system-err>
      </testcase>
      <testcase name="Test Cases/Student/Student_Quiz/Student_Quiz_Single Choice With Multiple Questions" time="20.352" classname="Test Cases/Student/Student_Quiz/Student_Quiz_Single Choice With Multiple Questions" status="PASSED">
         <system-out><![CDATA[2022-01-12 00:20:44 - [TEST_CASE][PASSED] - Test Cases/Student/Student_Quiz/Student_Quiz_Single Choice With Multiple Questions: Test Cases/Student/Student_Quiz/Student_Quiz_Single Choice With Multiple Questions

2022-01-12 00:20:44 - [TEST_STEP][PASSED] - openBrowser(""): Browser is opened with url: ''

2022-01-12 00:20:44 - [MESSAGE][INFO] - Starting 'Chrome' driver

2022-01-12 00:20:44 - [MESSAGE][INFO] - User set preference: ['args', '[window-size=1300,900]']

2022-01-12 00:20:44 - [MESSAGE][INFO] - Action delay is set to 0 milliseconds

2022-01-12 00:20:46 - [MESSAGE][PASSED] - Browser is opened with url: ''

2022-01-12 00:20:46 - [TEST_STEP][PASSED] - navigateToUrl("http://localhost:8080/moodle/"): Navigate to 'http://localhost:8080/moodle/' successfully

2022-01-12 00:20:46 - [MESSAGE][PASSED] - Navigate to 'http://localhost:8080/moodle/' successfully

2022-01-12 00:20:46 - [TEST_STEP][PASSED] - click(findTestObject("Object Repository/Page_BCS Moodle/a_Log in")): Object: 'Object Repository/Page_BCS Moodle/a_Log in' is clicked on

2022-01-12 00:20:47 - [MESSAGE][PASSED] - Object: 'Object Repository/Page_BCS Moodle/a_Log in' is clicked on

2022-01-12 00:20:47 - [TEST_STEP][PASSED] - setText(findTestObject("Object Repository/Page_BCS Moodle Log in to the site/input_Username_username"), "hoangvu"): Text 'hoangvu' is set on object 'Object Repository/Page_BCS Moodle Log in to the site/input_Username_username'

2022-01-12 00:20:48 - [MESSAGE][PASSED] - Text 'hoangvu' is set on object 'Object Repository/Page_BCS Moodle Log in to the site/input_Username_username'

2022-01-12 00:20:48 - [TEST_STEP][PASSED] - setEncryptedText(findTestObject("Object Repository/Page_BCS Moodle Log in to the site/input_Password_password"), "p4y+y39Ir5PR9RXlOHjWlj+CAJiYdX4g"): Text ****** has been set on object 'Object Repository/Page_BCS Moodle Log in to the site/input_Password_password'

2022-01-12 00:20:49 - [MESSAGE][PASSED] - Text ****** has been set on object 'Object Repository/Page_BCS Moodle Log in to the site/input_Password_password'

2022-01-12 00:20:49 - [TEST_STEP][PASSED] - click(findTestObject("Object Repository/Page_BCS Moodle Log in to the site/button_Log in")): Object: 'Object Repository/Page_BCS Moodle Log in to the site/button_Log in' is clicked on

2022-01-12 00:20:50 - [MESSAGE][PASSED] - Object: 'Object Repository/Page_BCS Moodle Log in to the site/button_Log in' is clicked on

2022-01-12 00:20:50 - [TEST_STEP][PASSED] - navigateToUrl("http://localhost:8080/moodle/course/view.php?id=4"): Navigate to 'http://localhost:8080/moodle/course/view.php?id=4' successfully

2022-01-12 00:20:51 - [MESSAGE][PASSED] - Navigate to 'http://localhost:8080/moodle/course/view.php?id=4' successfully

2022-01-12 00:20:51 - [TEST_STEP][PASSED] - click(findTestObject("Object Repository/Page_Course Ton t hp/span_Quiz Nhiu cu  1 la chn")): Object: 'Object Repository/Page_Course Ton t hp/span_Quiz Nhiu cu  1 la chn' is clicked on

2022-01-12 00:20:53 - [MESSAGE][PASSED] - Object: 'Object Repository/Page_Course Ton t hp/span_Quiz Nhiu cu  1 la chn' is clicked on

2022-01-12 00:20:53 - [TEST_STEP][PASSED] - navigateToUrl("http://localhost:8080/moodle/mod/quiz/view.php?id=22"): Navigate to 'http://localhost:8080/moodle/mod/quiz/view.php?id=22' successfully

2022-01-12 00:20:53 - [MESSAGE][PASSED] - Navigate to 'http://localhost:8080/moodle/mod/quiz/view.php?id=22' successfully

2022-01-12 00:20:53 - [TEST_STEP][PASSED] - click(findTestObject("Object Repository/Page_TTH Quiz Nhiu cu  1 la chn/button_Attempt quiz now")): Object: 'Object Repository/Page_TTH Quiz Nhiu cu  1 la chn/button_Attempt quiz now' is clicked on

2022-01-12 00:20:55 - [MESSAGE][PASSED] - Object: 'Object Repository/Page_TTH Quiz Nhiu cu  1 la chn/button_Attempt quiz now' is clicked on

2022-01-12 00:20:55 - [TEST_STEP][PASSED] - click(findTestObject("Object Repository/Page_Quiz Nhiu cu  1 la chn (page 1 of 2)/input_Question text_q221_answer")): Object: 'Object Repository/Page_Quiz Nhiu cu  1 la chn (page 1 of 2)/input_Question text_q221_answer' is clicked on

2022-01-12 00:20:55 - [MESSAGE][PASSED] - Object: 'Object Repository/Page_Quiz Nhiu cu  1 la chn (page 1 of 2)/input_Question text_q221_answer' is clicked on

2022-01-12 00:20:55 - [TEST_STEP][PASSED] - click(findTestObject("Object Repository/Page_Quiz Nhiu cu  1 la chn (page 1 of 2)/div_c. 16")): Object: 'Object Repository/Page_Quiz Nhiu cu  1 la chn (page 1 of 2)/div_c. 16' is clicked on

2022-01-12 00:20:56 - [MESSAGE][PASSED] - Object: 'Object Repository/Page_Quiz Nhiu cu  1 la chn (page 1 of 2)/div_c. 16' is clicked on

2022-01-12 00:20:56 - [TEST_STEP][PASSED] - click(findTestObject("Object Repository/Page_Quiz Nhiu cu  1 la chn (page 1 of 2)/input_b_q221_answer")): Object: 'Object Repository/Page_Quiz Nhiu cu  1 la chn (page 1 of 2)/input_b_q221_answer' is clicked on

2022-01-12 00:20:56 - [MESSAGE][PASSED] - Object: 'Object Repository/Page_Quiz Nhiu cu  1 la chn (page 1 of 2)/input_b_q221_answer' is clicked on

2022-01-12 00:20:56 - [TEST_STEP][PASSED] - click(findTestObject("Object Repository/Page_Quiz Nhiu cu  1 la chn (page 1 of 2)/input_c_q222_answer")): Object: 'Object Repository/Page_Quiz Nhiu cu  1 la chn (page 1 of 2)/input_c_q222_answer' is clicked on

2022-01-12 00:20:57 - [MESSAGE][PASSED] - Object: 'Object Repository/Page_Quiz Nhiu cu  1 la chn (page 1 of 2)/input_c_q222_answer' is clicked on

2022-01-12 00:20:57 - [TEST_STEP][PASSED] - click(findTestObject("Object Repository/Page_Quiz Nhiu cu  1 la chn (page 1 of 2)/input_d_next")): Object: 'Object Repository/Page_Quiz Nhiu cu  1 la chn (page 1 of 2)/input_d_next' is clicked on

2022-01-12 00:20:58 - [MESSAGE][PASSED] - Object: 'Object Repository/Page_Quiz Nhiu cu  1 la chn (page 1 of 2)/input_d_next' is clicked on

2022-01-12 00:20:58 - [TEST_STEP][PASSED] - click(findTestObject("Object Repository/Page_Quiz Nhiu cu  1 la chn (page 2 of 2)/input_b_q223_answer")): Object: 'Object Repository/Page_Quiz Nhiu cu  1 la chn (page 2 of 2)/input_b_q223_answer' is clicked on

2022-01-12 00:20:59 - [MESSAGE][PASSED] - Object: 'Object Repository/Page_Quiz Nhiu cu  1 la chn (page 2 of 2)/input_b_q223_answer' is clicked on

2022-01-12 00:20:59 - [TEST_STEP][PASSED] - click(findTestObject("Object Repository/Page_Quiz Nhiu cu  1 la chn (page 2 of 2)/input_d_next")): Object: 'Object Repository/Page_Quiz Nhiu cu  1 la chn (page 2 of 2)/input_d_next' is clicked on

2022-01-12 00:21:00 - [MESSAGE][PASSED] - Object: 'Object Repository/Page_Quiz Nhiu cu  1 la chn (page 2 of 2)/input_d_next' is clicked on

2022-01-12 00:21:00 - [TEST_STEP][PASSED] - verifyElementText(findTestObject("Object Repository/Page_Quiz Nhiu cu  nhiu la chn Attempt summary/td_Answer saved"), "Answer saved"): Actual text and expected text of test object 'Object Repository/Page_Quiz Nhiu cu  nhiu la chn Attempt summary/td_Answer saved' are matched.

2022-01-12 00:21:01 - [MESSAGE][PASSED] - Actual text and expected text of test object 'Object Repository/Page_Quiz Nhiu cu  nhiu la chn Attempt summary/td_Answer saved' are matched.

2022-01-12 00:21:01 - [TEST_STEP][PASSED] - click(findTestObject("Object Repository/Page_Quiz Nhiu cu  1 la chn Attempt summary/button_Submit all and finish")): Object: 'Object Repository/Page_Quiz Nhiu cu  1 la chn Attempt summary/button_Submit all and finish' is clicked on

2022-01-12 00:21:01 - [MESSAGE][PASSED] - Object: 'Object Repository/Page_Quiz Nhiu cu  1 la chn Attempt summary/button_Submit all and finish' is clicked on

2022-01-12 00:21:01 - [TEST_STEP][PASSED] - click(findTestObject("Object Repository/Page_Quiz Nhiu cu  1 la chn Attempt summary/input_Once you submit, you will no longer b_29f5c2")): Object: 'Object Repository/Page_Quiz Nhiu cu  1 la chn Attempt summary/input_Once you submit, you will no longer b_29f5c2' is clicked on

2022-01-12 00:21:02 - [MESSAGE][PASSED] - Object: 'Object Repository/Page_Quiz Nhiu cu  1 la chn Attempt summary/input_Once you submit, you will no longer b_29f5c2' is clicked on

2022-01-12 00:21:02 - [TEST_STEP][PASSED] - verifyElementText(findTestObject("Object Repository/Page_Quiz Nhiu cu  nhiu la chn Attempt review/td_Finished"), "Finished"): Actual text and expected text of test object 'Object Repository/Page_Quiz Nhiu cu  nhiu la chn Attempt review/td_Finished' are matched.

2022-01-12 00:21:03 - [MESSAGE][PASSED] - Actual text and expected text of test object 'Object Repository/Page_Quiz Nhiu cu  nhiu la chn Attempt review/td_Finished' are matched.

2022-01-12 00:21:03 - [TEST_STEP][PASSED] - click(findTestObject("Object Repository/Page_Quiz Nhiu cu  1 la chn Attempt review/a_Finish review")): Object: 'Object Repository/Page_Quiz Nhiu cu  1 la chn Attempt review/a_Finish review' is clicked on

2022-01-12 00:21:04 - [MESSAGE][PASSED] - Object: 'Object Repository/Page_Quiz Nhiu cu  1 la chn Attempt review/a_Finish review' is clicked on

2022-01-12 00:21:04 - [TEST_STEP][PASSED] - closeBrowser(): Browser is closed

2022-01-12 00:21:05 - [MESSAGE][PASSED] - Browser is closed]]></system-out>
         <system-err><![CDATA[]]></system-err>
      </testcase>
      <testcase name="Test Cases/Student/Student_Quiz/Student_Quiz_Single Choice With One Question" time="16.272" classname="Test Cases/Student/Student_Quiz/Student_Quiz_Single Choice With One Question" status="PASSED">
         <system-out><![CDATA[2022-01-12 00:21:05 - [TEST_CASE][PASSED] - Test Cases/Student/Student_Quiz/Student_Quiz_Single Choice With One Question: Test Cases/Student/Student_Quiz/Student_Quiz_Single Choice With One Question

2022-01-12 00:21:05 - [TEST_STEP][PASSED] - openBrowser(""): Browser is opened with url: ''

2022-01-12 00:21:05 - [MESSAGE][INFO] - Starting 'Chrome' driver

2022-01-12 00:21:05 - [MESSAGE][INFO] - User set preference: ['args', '[window-size=1300,900]']

2022-01-12 00:21:05 - [MESSAGE][INFO] - Action delay is set to 0 milliseconds

2022-01-12 00:21:06 - [MESSAGE][PASSED] - Browser is opened with url: ''

2022-01-12 00:21:06 - [TEST_STEP][PASSED] - navigateToUrl("http://localhost:8080/moodle/"): Navigate to 'http://localhost:8080/moodle/' successfully

2022-01-12 00:21:07 - [MESSAGE][PASSED] - Navigate to 'http://localhost:8080/moodle/' successfully

2022-01-12 00:21:07 - [TEST_STEP][PASSED] - click(findTestObject("Object Repository/Page_BCS Moodle/a_Log in")): Object: 'Object Repository/Page_BCS Moodle/a_Log in' is clicked on

2022-01-12 00:21:08 - [MESSAGE][PASSED] - Object: 'Object Repository/Page_BCS Moodle/a_Log in' is clicked on

2022-01-12 00:21:08 - [TEST_STEP][PASSED] - setText(findTestObject("Object Repository/Page_BCS Moodle Log in to the site/input_Username_username"), "hoangvu"): Text 'hoangvu' is set on object 'Object Repository/Page_BCS Moodle Log in to the site/input_Username_username'

2022-01-12 00:21:09 - [MESSAGE][PASSED] - Text 'hoangvu' is set on object 'Object Repository/Page_BCS Moodle Log in to the site/input_Username_username'

2022-01-12 00:21:09 - [TEST_STEP][PASSED] - setEncryptedText(findTestObject("Object Repository/Page_BCS Moodle Log in to the site/input_Password_password"), "p4y+y39Ir5PR9RXlOHjWlj+CAJiYdX4g"): Text ****** has been set on object 'Object Repository/Page_BCS Moodle Log in to the site/input_Password_password'

2022-01-12 00:21:09 - [MESSAGE][PASSED] - Text ****** has been set on object 'Object Repository/Page_BCS Moodle Log in to the site/input_Password_password'

2022-01-12 00:21:09 - [TEST_STEP][PASSED] - click(findTestObject("Object Repository/Page_BCS Moodle Log in to the site/button_Log in")): Object: 'Object Repository/Page_BCS Moodle Log in to the site/button_Log in' is clicked on

2022-01-12 00:21:10 - [MESSAGE][PASSED] - Object: 'Object Repository/Page_BCS Moodle Log in to the site/button_Log in' is clicked on

2022-01-12 00:21:10 - [TEST_STEP][PASSED] - navigateToUrl("http://localhost:8080/moodle/course/view.php?id=4"): Navigate to 'http://localhost:8080/moodle/course/view.php?id=4' successfully

2022-01-12 00:21:12 - [MESSAGE][PASSED] - Navigate to 'http://localhost:8080/moodle/course/view.php?id=4' successfully

2022-01-12 00:21:12 - [TEST_STEP][PASSED] - click(findTestObject("Object Repository/Page_Course Ton t hp/span_Sample Quiz")): Object: 'Object Repository/Page_Course Ton t hp/span_Sample Quiz' is clicked on

2022-01-12 00:21:13 - [MESSAGE][PASSED] - Object: 'Object Repository/Page_Course Ton t hp/span_Sample Quiz' is clicked on

2022-01-12 00:21:13 - [TEST_STEP][PASSED] - click(findTestObject("Object Repository/Page_TTH Sample Quiz/button_Re-attempt quiz")): Object: 'Object Repository/Page_TTH Sample Quiz/button_Re-attempt quiz' is clicked on

2022-01-12 00:21:15 - [MESSAGE][PASSED] - Object: 'Object Repository/Page_TTH Sample Quiz/button_Re-attempt quiz' is clicked on

2022-01-12 00:21:15 - [TEST_STEP][PASSED] - click(findTestObject("Object Repository/Page_Sample Quiz/input_c_q161_answer")): Object: 'Object Repository/Page_Sample Quiz/input_c_q161_answer' is clicked on

2022-01-12 00:21:15 - [MESSAGE][PASSED] - Object: 'Object Repository/Page_Sample Quiz/input_c_q161_answer' is clicked on

2022-01-12 00:21:15 - [TEST_STEP][PASSED] - click(findTestObject("Object Repository/Page_Sample Quiz/input_d_next")): Object: 'Object Repository/Page_Sample Quiz/input_d_next' is clicked on

2022-01-12 00:21:17 - [MESSAGE][PASSED] - Object: 'Object Repository/Page_Sample Quiz/input_d_next' is clicked on

2022-01-12 00:21:17 - [TEST_STEP][PASSED] - verifyElementText(findTestObject("Object Repository/Page_Quiz Nhiu cu  nhiu la chn Attempt summary/td_Answer saved"), "Answer saved"): Actual text and expected text of test object 'Object Repository/Page_Quiz Nhiu cu  nhiu la chn Attempt summary/td_Answer saved' are matched.

2022-01-12 00:21:17 - [MESSAGE][PASSED] - Actual text and expected text of test object 'Object Repository/Page_Quiz Nhiu cu  nhiu la chn Attempt summary/td_Answer saved' are matched.

2022-01-12 00:21:17 - [TEST_STEP][PASSED] - click(findTestObject("Object Repository/Page_Sample Quiz Attempt summary/button_Submit all and finish")): Object: 'Object Repository/Page_Sample Quiz Attempt summary/button_Submit all and finish' is clicked on

2022-01-12 00:21:17 - [MESSAGE][PASSED] - Object: 'Object Repository/Page_Sample Quiz Attempt summary/button_Submit all and finish' is clicked on

2022-01-12 00:21:17 - [TEST_STEP][PASSED] - click(findTestObject("Object Repository/Page_Sample Quiz Attempt summary/input_Once you submit, you will no longer b_7b472f")): Object: 'Object Repository/Page_Sample Quiz Attempt summary/input_Once you submit, you will no longer b_7b472f' is clicked on

2022-01-12 00:21:19 - [MESSAGE][PASSED] - Object: 'Object Repository/Page_Sample Quiz Attempt summary/input_Once you submit, you will no longer b_7b472f' is clicked on

2022-01-12 00:21:19 - [TEST_STEP][PASSED] - verifyElementText(findTestObject("Object Repository/Page_Quiz Nhiu cu  nhiu la chn Attempt review/td_Finished"), "Finished"): Actual text and expected text of test object 'Object Repository/Page_Quiz Nhiu cu  nhiu la chn Attempt review/td_Finished' are matched.

2022-01-12 00:21:19 - [MESSAGE][PASSED] - Actual text and expected text of test object 'Object Repository/Page_Quiz Nhiu cu  nhiu la chn Attempt review/td_Finished' are matched.

2022-01-12 00:21:19 - [TEST_STEP][PASSED] - click(findTestObject("Object Repository/Page_Sample Quiz Attempt review/a_Finish review")): Object: 'Object Repository/Page_Sample Quiz Attempt review/a_Finish review' is clicked on

2022-01-12 00:21:20 - [MESSAGE][PASSED] - Object: 'Object Repository/Page_Sample Quiz Attempt review/a_Finish review' is clicked on

2022-01-12 00:21:20 - [TEST_STEP][PASSED] - closeBrowser(): Browser is closed

2022-01-12 00:21:21 - [MESSAGE][PASSED] - Browser is closed]]></system-out>
         <system-err><![CDATA[]]></system-err>
      </testcase>
      <testcase name="Test Cases/Admin/Admin Add User/Admin_Add User Invalid Email" time="19.349" classname="Test Cases/Admin/Admin Add User/Admin_Add User Invalid Email" status="PASSED">
         <system-out><![CDATA[2022-01-12 00:21:21 - [TEST_CASE][PASSED] - Test Cases/Admin/Admin Add User/Admin_Add User Invalid Email: Test Cases/Admin/Admin Add User/Admin_Add User Invalid Email

2022-01-12 00:21:21 - [TEST_STEP][PASSED] - callTestCase(findTestCase("Admin/Admin_Login"), [:], STOP_ON_FAILURE): Call Test Case 'Test Cases/Admin/Admin_Login' successfully

2022-01-12 00:21:21 - [TEST_CASE][PASSED] - Test Cases/Admin/Admin_Login: Test Cases/Admin/Admin_Login

2022-01-12 00:21:21 - [TEST_STEP][PASSED] - openBrowser(""): Browser is opened with url: ''

2022-01-12 00:21:21 - [MESSAGE][INFO] - Starting 'Chrome' driver

2022-01-12 00:21:21 - [MESSAGE][INFO] - User set preference: ['args', '[window-size=1300,900]']

2022-01-12 00:21:21 - [MESSAGE][INFO] - Action delay is set to 0 milliseconds

2022-01-12 00:21:22 - [MESSAGE][PASSED] - Browser is opened with url: ''

2022-01-12 00:21:22 - [TEST_STEP][PASSED] - navigateToUrl("http://localhost:8080/moodle/login/index.php"): Navigate to 'http://localhost:8080/moodle/login/index.php' successfully

2022-01-12 00:21:23 - [MESSAGE][PASSED] - Navigate to 'http://localhost:8080/moodle/login/index.php' successfully

2022-01-12 00:21:23 - [TEST_STEP][PASSED] - setText(findTestObject("Object Repository/Page_BCS Moodle Log in to the site/input_Username_username"), "admin"): Text 'admin' is set on object 'Object Repository/Page_BCS Moodle Log in to the site/input_Username_username'

2022-01-12 00:21:24 - [MESSAGE][PASSED] - Text 'admin' is set on object 'Object Repository/Page_BCS Moodle Log in to the site/input_Username_username'

2022-01-12 00:21:24 - [TEST_STEP][PASSED] - setEncryptedText(findTestObject("Object Repository/Page_BCS Moodle Log in to the site/input_Password_password"), "p4y+y39Ir5PR9RXlOHjWlj+CAJiYdX4g"): Text ****** has been set on object 'Object Repository/Page_BCS Moodle Log in to the site/input_Password_password'

2022-01-12 00:21:24 - [MESSAGE][PASSED] - Text ****** has been set on object 'Object Repository/Page_BCS Moodle Log in to the site/input_Password_password'

2022-01-12 00:21:24 - [TEST_STEP][PASSED] - click(findTestObject("Object Repository/Page_BCS Moodle Log in to the site/button_Log in")): Object: 'Object Repository/Page_BCS Moodle Log in to the site/button_Log in' is clicked on

2022-01-12 00:21:26 - [MESSAGE][PASSED] - Object: 'Object Repository/Page_BCS Moodle Log in to the site/button_Log in' is clicked on

2022-01-12 00:21:26 - [MESSAGE][PASSED] - Call Test Case 'Test Cases/Admin/Admin_Login' successfully

2022-01-12 00:21:26 - [TEST_STEP][PASSED] - click(findTestObject("Object Repository/Page_Dashboard/a_Site administration")): Object: 'Object Repository/Page_Dashboard/a_Site administration' is clicked on

2022-01-12 00:21:29 - [MESSAGE][PASSED] - Object: 'Object Repository/Page_Dashboard/a_Site administration' is clicked on

2022-01-12 00:21:29 - [TEST_STEP][PASSED] - click(findTestObject("Object Repository/Page_Moodle Administration Search/a_Users")): Object: 'Object Repository/Page_Moodle Administration Search/a_Users' is clicked on

2022-01-12 00:21:29 - [MESSAGE][PASSED] - Object: 'Object Repository/Page_Moodle Administration Search/a_Users' is clicked on

2022-01-12 00:21:29 - [TEST_STEP][PASSED] - click(findTestObject("Object Repository/Page_Moodle Administration Search/a_Add a new user")): Object: 'Object Repository/Page_Moodle Administration Search/a_Add a new user' is clicked on

2022-01-12 00:21:31 - [MESSAGE][PASSED] - Object: 'Object Repository/Page_Moodle Administration Search/a_Add a new user' is clicked on

2022-01-12 00:21:31 - [TEST_STEP][PASSED] - click(findTestObject("Object Repository/Page_Moodle Administration Users Accounts/input_Username_username")): Object: 'Object Repository/Page_Moodle Administration Users Accounts/input_Username_username' is clicked on

2022-01-12 00:21:32 - [MESSAGE][PASSED] - Object: 'Object Repository/Page_Moodle Administration Users Accounts/input_Username_username' is clicked on

2022-01-12 00:21:32 - [TEST_STEP][PASSED] - setText(findTestObject("Object Repository/Page_Moodle Administration Users Accounts/input_Username_username"), "yne"): Text 'yne' is set on object 'Object Repository/Page_Moodle Administration Users Accounts/input_Username_username'

2022-01-12 00:21:33 - [MESSAGE][PASSED] - Text 'yne' is set on object 'Object Repository/Page_Moodle Administration Users Accounts/input_Username_username'

2022-01-12 00:21:33 - [TEST_STEP][PASSED] - click(findTestObject("Object Repository/Page_Moodle Administration Users Accounts/em_Click to enter text")): Object: 'Object Repository/Page_Moodle Administration Users Accounts/em_Click to enter text' is clicked on

2022-01-12 00:21:33 - [MESSAGE][PASSED] - Object: 'Object Repository/Page_Moodle Administration Users Accounts/em_Click to enter text' is clicked on

2022-01-12 00:21:33 - [TEST_STEP][PASSED] - click(findTestObject("Object Repository/Page_Moodle Administration Users Accounts/i_Click to enter text_icon fa fa-eye fa-fw"), STOP_ON_FAILURE): Object: 'Object Repository/Page_Moodle Administration Users Accounts/i_Click to enter text_icon fa fa-eye fa-fw' is clicked on

2022-01-12 00:21:33 - [MESSAGE][PASSED] - Object: 'Object Repository/Page_Moodle Administration Users Accounts/i_Click to enter text_icon fa fa-eye fa-fw' is clicked on

2022-01-12 00:21:33 - [TEST_STEP][PASSED] - setText(findTestObject("Object Repository/Page_Moodle Administration Users Accounts/input_New password_newpassword"), "yTest123@"): Text 'yTest123@' is set on object 'Object Repository/Page_Moodle Administration Users Accounts/input_New password_newpassword'

2022-01-12 00:21:34 - [MESSAGE][PASSED] - Text 'yTest123@' is set on object 'Object Repository/Page_Moodle Administration Users Accounts/input_New password_newpassword'

2022-01-12 00:21:34 - [TEST_STEP][PASSED] - setText(findTestObject("Object Repository/Page_Moodle Administration Users Accounts/input_First name_firstname"), "Ý"): Text 'Ý' is set on object 'Object Repository/Page_Moodle Administration Users Accounts/input_First name_firstname'

2022-01-12 00:21:35 - [MESSAGE][PASSED] - Text 'Ý' is set on object 'Object Repository/Page_Moodle Administration Users Accounts/input_First name_firstname'

2022-01-12 00:21:35 - [TEST_STEP][PASSED] - setText(findTestObject("Object Repository/Page_Moodle Administration Users Accounts/input_Surname_lastname"), "Đàm"): Text 'Đàm' is set on object 'Object Repository/Page_Moodle Administration Users Accounts/input_Surname_lastname'

2022-01-12 00:21:36 - [MESSAGE][PASSED] - Text 'Đàm' is set on object 'Object Repository/Page_Moodle Administration Users Accounts/input_Surname_lastname'

2022-01-12 00:21:36 - [TEST_STEP][PASSED] - setText(findTestObject("Object Repository/Page_Moodle Administration Users Accounts/input_Email address_email"), "ydam@"): Text 'ydam@' is set on object 'Object Repository/Page_Moodle Administration Users Accounts/input_Email address_email'

2022-01-12 00:21:37 - [MESSAGE][PASSED] - Text 'ydam@' is set on object 'Object Repository/Page_Moodle Administration Users Accounts/input_Email address_email'

2022-01-12 00:21:37 - [TEST_STEP][PASSED] - click(findTestObject("Object Repository/Page_Moodle Administration Users Accounts/input_Address_submitbutton")): Object: 'Object Repository/Page_Moodle Administration Users Accounts/input_Address_submitbutton' is clicked on

2022-01-12 00:21:38 - [MESSAGE][PASSED] - Object: 'Object Repository/Page_Moodle Administration Users Accounts/input_Address_submitbutton' is clicked on

2022-01-12 00:21:38 - [TEST_STEP][PASSED] - verifyElementPresent(findTestObject("Page_Moodle Administration Users Accounts/div_Invalid email address"), 0): Object 'Object Repository/Page_Moodle Administration Users Accounts/div_Invalid email address' is present

2022-01-12 00:21:38 - [MESSAGE][WARNING] - Timeout '0' is invalid. Using default page load timeout: '30'

2022-01-12 00:21:40 - [MESSAGE][PASSED] - Object 'Object Repository/Page_Moodle Administration Users Accounts/div_Invalid email address' is present

2022-01-12 00:21:40 - [TEST_STEP][PASSED] - closeBrowser(): Browser is closed

2022-01-12 00:21:40 - [MESSAGE][PASSED] - Browser is closed]]></system-out>
         <system-err><![CDATA[]]></system-err>
      </testcase>
      <testcase name="Test Cases/Admin/Admin Add User/Admin_Add User Invalid Username" time="18.648" classname="Test Cases/Admin/Admin Add User/Admin_Add User Invalid Username" status="PASSED">
         <system-out><![CDATA[2022-01-12 00:21:40 - [TEST_CASE][PASSED] - Test Cases/Admin/Admin Add User/Admin_Add User Invalid Username: Test Cases/Admin/Admin Add User/Admin_Add User Invalid Username

2022-01-12 00:21:40 - [TEST_STEP][PASSED] - callTestCase(findTestCase("Admin/Admin_Login"), [:], STOP_ON_FAILURE): Call Test Case 'Test Cases/Admin/Admin_Login' successfully

2022-01-12 00:21:41 - [TEST_CASE][PASSED] - Test Cases/Admin/Admin_Login: Test Cases/Admin/Admin_Login

2022-01-12 00:21:41 - [TEST_STEP][PASSED] - openBrowser(""): Browser is opened with url: ''

2022-01-12 00:21:41 - [MESSAGE][INFO] - Starting 'Chrome' driver

2022-01-12 00:21:41 - [MESSAGE][INFO] - User set preference: ['args', '[window-size=1300,900]']

2022-01-12 00:21:41 - [MESSAGE][INFO] - Action delay is set to 0 milliseconds

2022-01-12 00:21:42 - [MESSAGE][PASSED] - Browser is opened with url: ''

2022-01-12 00:21:42 - [TEST_STEP][PASSED] - navigateToUrl("http://localhost:8080/moodle/login/index.php"): Navigate to 'http://localhost:8080/moodle/login/index.php' successfully

2022-01-12 00:21:42 - [MESSAGE][PASSED] - Navigate to 'http://localhost:8080/moodle/login/index.php' successfully

2022-01-12 00:21:42 - [TEST_STEP][PASSED] - setText(findTestObject("Object Repository/Page_BCS Moodle Log in to the site/input_Username_username"), "admin"): Text 'admin' is set on object 'Object Repository/Page_BCS Moodle Log in to the site/input_Username_username'

2022-01-12 00:21:43 - [MESSAGE][PASSED] - Text 'admin' is set on object 'Object Repository/Page_BCS Moodle Log in to the site/input_Username_username'

2022-01-12 00:21:43 - [TEST_STEP][PASSED] - setEncryptedText(findTestObject("Object Repository/Page_BCS Moodle Log in to the site/input_Password_password"), "p4y+y39Ir5PR9RXlOHjWlj+CAJiYdX4g"): Text ****** has been set on object 'Object Repository/Page_BCS Moodle Log in to the site/input_Password_password'

2022-01-12 00:21:44 - [MESSAGE][PASSED] - Text ****** has been set on object 'Object Repository/Page_BCS Moodle Log in to the site/input_Password_password'

2022-01-12 00:21:44 - [TEST_STEP][PASSED] - click(findTestObject("Object Repository/Page_BCS Moodle Log in to the site/button_Log in")): Object: 'Object Repository/Page_BCS Moodle Log in to the site/button_Log in' is clicked on

2022-01-12 00:21:45 - [MESSAGE][PASSED] - Object: 'Object Repository/Page_BCS Moodle Log in to the site/button_Log in' is clicked on

2022-01-12 00:21:45 - [MESSAGE][PASSED] - Call Test Case 'Test Cases/Admin/Admin_Login' successfully

2022-01-12 00:21:45 - [TEST_STEP][PASSED] - click(findTestObject("Object Repository/Page_Dashboard/a_Site administration")): Object: 'Object Repository/Page_Dashboard/a_Site administration' is clicked on

2022-01-12 00:21:48 - [MESSAGE][PASSED] - Object: 'Object Repository/Page_Dashboard/a_Site administration' is clicked on

2022-01-12 00:21:48 - [TEST_STEP][PASSED] - click(findTestObject("Object Repository/Page_Moodle Administration Search/a_Users")): Object: 'Object Repository/Page_Moodle Administration Search/a_Users' is clicked on

2022-01-12 00:21:48 - [MESSAGE][PASSED] - Object: 'Object Repository/Page_Moodle Administration Search/a_Users' is clicked on

2022-01-12 00:21:48 - [TEST_STEP][PASSED] - click(findTestObject("Object Repository/Page_Moodle Administration Search/a_Add a new user")): Object: 'Object Repository/Page_Moodle Administration Search/a_Add a new user' is clicked on

2022-01-12 00:21:50 - [MESSAGE][PASSED] - Object: 'Object Repository/Page_Moodle Administration Search/a_Add a new user' is clicked on

2022-01-12 00:21:50 - [TEST_STEP][PASSED] - click(findTestObject("Page_Moodle Administration Users Accounts/input_Username_username")): Object: 'Object Repository/Page_Moodle Administration Users Accounts/input_Username_username' is clicked on

2022-01-12 00:21:51 - [MESSAGE][PASSED] - Object: 'Object Repository/Page_Moodle Administration Users Accounts/input_Username_username' is clicked on

2022-01-12 00:21:51 - [TEST_STEP][PASSED] - setText(findTestObject("Page_Moodle Administration Users Accounts/input_Username_username"), "xuany#1"): Text 'xuany#1' is set on object 'Object Repository/Page_Moodle Administration Users Accounts/input_Username_username'

2022-01-12 00:21:51 - [MESSAGE][PASSED] - Text 'xuany#1' is set on object 'Object Repository/Page_Moodle Administration Users Accounts/input_Username_username'

2022-01-12 00:21:51 - [TEST_STEP][PASSED] - click(findTestObject("Page_Moodle Administration Users Accounts/em_Click to enter text")): Object: 'Object Repository/Page_Moodle Administration Users Accounts/em_Click to enter text' is clicked on

2022-01-12 00:21:52 - [MESSAGE][PASSED] - Object: 'Object Repository/Page_Moodle Administration Users Accounts/em_Click to enter text' is clicked on

2022-01-12 00:21:52 - [TEST_STEP][PASSED] - click(findTestObject("Page_Moodle Administration Users Accounts/i_Click to enter text_icon fa fa-eye fa-fw"), STOP_ON_FAILURE): Object: 'Object Repository/Page_Moodle Administration Users Accounts/i_Click to enter text_icon fa fa-eye fa-fw' is clicked on

2022-01-12 00:21:52 - [MESSAGE][PASSED] - Object: 'Object Repository/Page_Moodle Administration Users Accounts/i_Click to enter text_icon fa fa-eye fa-fw' is clicked on

2022-01-12 00:21:52 - [TEST_STEP][PASSED] - setText(findTestObject("Page_Moodle Administration Users Accounts/input_New password_newpassword"), "yTest123@"): Text 'yTest123@' is set on object 'Object Repository/Page_Moodle Administration Users Accounts/input_New password_newpassword'

2022-01-12 00:21:53 - [MESSAGE][PASSED] - Text 'yTest123@' is set on object 'Object Repository/Page_Moodle Administration Users Accounts/input_New password_newpassword'

2022-01-12 00:21:53 - [TEST_STEP][PASSED] - setText(findTestObject("Page_Moodle Administration Users Accounts/input_First name_firstname"), "Ý"): Text 'Ý' is set on object 'Object Repository/Page_Moodle Administration Users Accounts/input_First name_firstname'

2022-01-12 00:21:54 - [MESSAGE][PASSED] - Text 'Ý' is set on object 'Object Repository/Page_Moodle Administration Users Accounts/input_First name_firstname'

2022-01-12 00:21:54 - [TEST_STEP][PASSED] - setText(findTestObject("Page_Moodle Administration Users Accounts/input_Surname_lastname"), "Đàm"): Text 'Đàm' is set on object 'Object Repository/Page_Moodle Administration Users Accounts/input_Surname_lastname'

2022-01-12 00:21:55 - [MESSAGE][PASSED] - Text 'Đàm' is set on object 'Object Repository/Page_Moodle Administration Users Accounts/input_Surname_lastname'

2022-01-12 00:21:55 - [TEST_STEP][PASSED] - setText(findTestObject("Page_Moodle Administration Users Accounts/input_Email address_email"), "ydam@gmail.com"): Text 'ydam@gmail.com' is set on object 'Object Repository/Page_Moodle Administration Users Accounts/input_Email address_email'

2022-01-12 00:21:56 - [MESSAGE][PASSED] - Text 'ydam@gmail.com' is set on object 'Object Repository/Page_Moodle Administration Users Accounts/input_Email address_email'

2022-01-12 00:21:56 - [TEST_STEP][PASSED] - click(findTestObject("Page_Moodle Administration Users Accounts/input_Address_submitbutton")): Object: 'Object Repository/Page_Moodle Administration Users Accounts/input_Address_submitbutton' is clicked on

2022-01-12 00:21:57 - [MESSAGE][PASSED] - Object: 'Object Repository/Page_Moodle Administration Users Accounts/input_Address_submitbutton' is clicked on

2022-01-12 00:21:57 - [TEST_STEP][PASSED] - verifyElementPresent(findTestObject("Page_Moodle Administration Users Accounts/div_The username can only contain alphanume_241d24"), 0): Object 'Object Repository/Page_Moodle Administration Users Accounts/div_The username can only contain alphanume_241d24' is present

2022-01-12 00:21:57 - [MESSAGE][WARNING] - Timeout '0' is invalid. Using default page load timeout: '30'

2022-01-12 00:21:58 - [MESSAGE][PASSED] - Object 'Object Repository/Page_Moodle Administration Users Accounts/div_The username can only contain alphanume_241d24' is present

2022-01-12 00:21:58 - [TEST_STEP][PASSED] - closeBrowser(): Browser is closed

2022-01-12 00:21:59 - [MESSAGE][PASSED] - Browser is closed]]></system-out>
         <system-err><![CDATA[]]></system-err>
      </testcase>
      <testcase name="Test Cases/Admin/Admin Add User/Admin_Add User Success" time="24.265" classname="Test Cases/Admin/Admin Add User/Admin_Add User Success" status="PASSED">
         <system-out><![CDATA[2022-01-12 00:21:59 - [TEST_CASE][PASSED] - Test Cases/Admin/Admin Add User/Admin_Add User Success: Test Cases/Admin/Admin Add User/Admin_Add User Success

2022-01-12 00:21:59 - [TEST_STEP][PASSED] - callTestCase(findTestCase("Admin/Admin_Login"), [:], STOP_ON_FAILURE): Call Test Case 'Test Cases/Admin/Admin_Login' successfully

2022-01-12 00:21:59 - [TEST_CASE][PASSED] - Test Cases/Admin/Admin_Login: Test Cases/Admin/Admin_Login

2022-01-12 00:21:59 - [TEST_STEP][PASSED] - openBrowser(""): Browser is opened with url: ''

2022-01-12 00:21:59 - [MESSAGE][INFO] - Starting 'Chrome' driver

2022-01-12 00:21:59 - [MESSAGE][INFO] - User set preference: ['args', '[window-size=1300,900]']

2022-01-12 00:21:59 - [MESSAGE][INFO] - Action delay is set to 0 milliseconds

2022-01-12 00:22:00 - [MESSAGE][PASSED] - Browser is opened with url: ''

2022-01-12 00:22:00 - [TEST_STEP][PASSED] - navigateToUrl("http://localhost:8080/moodle/login/index.php"): Navigate to 'http://localhost:8080/moodle/login/index.php' successfully

2022-01-12 00:22:01 - [MESSAGE][PASSED] - Navigate to 'http://localhost:8080/moodle/login/index.php' successfully

2022-01-12 00:22:01 - [TEST_STEP][PASSED] - setText(findTestObject("Object Repository/Page_BCS Moodle Log in to the site/input_Username_username"), "admin"): Text 'admin' is set on object 'Object Repository/Page_BCS Moodle Log in to the site/input_Username_username'

2022-01-12 00:22:02 - [MESSAGE][PASSED] - Text 'admin' is set on object 'Object Repository/Page_BCS Moodle Log in to the site/input_Username_username'

2022-01-12 00:22:02 - [TEST_STEP][PASSED] - setEncryptedText(findTestObject("Object Repository/Page_BCS Moodle Log in to the site/input_Password_password"), "p4y+y39Ir5PR9RXlOHjWlj+CAJiYdX4g"): Text ****** has been set on object 'Object Repository/Page_BCS Moodle Log in to the site/input_Password_password'

2022-01-12 00:22:02 - [MESSAGE][PASSED] - Text ****** has been set on object 'Object Repository/Page_BCS Moodle Log in to the site/input_Password_password'

2022-01-12 00:22:02 - [TEST_STEP][PASSED] - click(findTestObject("Object Repository/Page_BCS Moodle Log in to the site/button_Log in")): Object: 'Object Repository/Page_BCS Moodle Log in to the site/button_Log in' is clicked on

2022-01-12 00:22:04 - [MESSAGE][PASSED] - Object: 'Object Repository/Page_BCS Moodle Log in to the site/button_Log in' is clicked on

2022-01-12 00:22:04 - [MESSAGE][PASSED] - Call Test Case 'Test Cases/Admin/Admin_Login' successfully

2022-01-12 00:22:04 - [TEST_STEP][PASSED] - click(findTestObject("Object Repository/Page_Dashboard/a_Site administration")): Object: 'Object Repository/Page_Dashboard/a_Site administration' is clicked on

2022-01-12 00:22:07 - [MESSAGE][PASSED] - Object: 'Object Repository/Page_Dashboard/a_Site administration' is clicked on

2022-01-12 00:22:07 - [TEST_STEP][PASSED] - navigateToUrl("http://localhost:8080/moodle/admin/search.php"): Navigate to 'http://localhost:8080/moodle/admin/search.php' successfully

2022-01-12 00:22:08 - [MESSAGE][PASSED] - Navigate to 'http://localhost:8080/moodle/admin/search.php' successfully

2022-01-12 00:22:08 - [TEST_STEP][PASSED] - click(findTestObject("Object Repository/Page_Moodle Administration Search/a_Users")): Object: 'Object Repository/Page_Moodle Administration Search/a_Users' is clicked on

2022-01-12 00:22:08 - [MESSAGE][PASSED] - Object: 'Object Repository/Page_Moodle Administration Search/a_Users' is clicked on

2022-01-12 00:22:08 - [TEST_STEP][PASSED] - click(findTestObject("Object Repository/Page_Moodle Administration Search/a_Add a new user")): Object: 'Object Repository/Page_Moodle Administration Search/a_Add a new user' is clicked on

2022-01-12 00:22:10 - [MESSAGE][PASSED] - Object: 'Object Repository/Page_Moodle Administration Search/a_Add a new user' is clicked on

2022-01-12 00:22:10 - [TEST_STEP][PASSED] - setText(findTestObject("Page_Moodle Administration Users Accounts/input_Username_username"), "duy"): Text 'duy' is set on object 'Object Repository/Page_Moodle Administration Users Accounts/input_Username_username'

2022-01-12 00:22:11 - [MESSAGE][PASSED] - Text 'duy' is set on object 'Object Repository/Page_Moodle Administration Users Accounts/input_Username_username'

2022-01-12 00:22:11 - [TEST_STEP][PASSED] - click(findTestObject("Page_Moodle Administration Users Accounts/em_Click to enter text")): Object: 'Object Repository/Page_Moodle Administration Users Accounts/em_Click to enter text' is clicked on

2022-01-12 00:22:11 - [MESSAGE][PASSED] - Object: 'Object Repository/Page_Moodle Administration Users Accounts/em_Click to enter text' is clicked on

2022-01-12 00:22:11 - [TEST_STEP][PASSED] - click(findTestObject("Page_Moodle Administration Users Accounts/i_Click to enter text_icon fa fa-eye fa-fw")): Object: 'Object Repository/Page_Moodle Administration Users Accounts/i_Click to enter text_icon fa fa-eye fa-fw' is clicked on

2022-01-12 00:22:12 - [MESSAGE][PASSED] - Object: 'Object Repository/Page_Moodle Administration Users Accounts/i_Click to enter text_icon fa fa-eye fa-fw' is clicked on

2022-01-12 00:22:12 - [TEST_STEP][PASSED] - setText(findTestObject("Page_Moodle Administration Users Accounts/input_New password_newpassword"), "duyTest123@"): Text 'duyTest123@' is set on object 'Object Repository/Page_Moodle Administration Users Accounts/input_New password_newpassword'

2022-01-12 00:22:13 - [MESSAGE][PASSED] - Text 'duyTest123@' is set on object 'Object Repository/Page_Moodle Administration Users Accounts/input_New password_newpassword'

2022-01-12 00:22:13 - [TEST_STEP][PASSED] - setText(findTestObject("Page_Moodle Administration Users Accounts/input_First name_firstname"), "duy"): Text 'duy' is set on object 'Object Repository/Page_Moodle Administration Users Accounts/input_First name_firstname'

2022-01-12 00:22:14 - [MESSAGE][PASSED] - Text 'duy' is set on object 'Object Repository/Page_Moodle Administration Users Accounts/input_First name_firstname'

2022-01-12 00:22:14 - [TEST_STEP][PASSED] - setText(findTestObject("Page_Moodle Administration Users Accounts/input_Surname_lastname"), "đặng"): Text 'đặng' is set on object 'Object Repository/Page_Moodle Administration Users Accounts/input_Surname_lastname'

2022-01-12 00:22:15 - [MESSAGE][PASSED] - Text 'đặng' is set on object 'Object Repository/Page_Moodle Administration Users Accounts/input_Surname_lastname'

2022-01-12 00:22:15 - [TEST_STEP][PASSED] - setText(findTestObject("Page_Moodle Administration Users Accounts/input_Email address_email"), "duyduy@gmail.com"): Text 'duyduy@gmail.com' is set on object 'Object Repository/Page_Moodle Administration Users Accounts/input_Email address_email'

2022-01-12 00:22:15 - [MESSAGE][PASSED] - Text 'duyduy@gmail.com' is set on object 'Object Repository/Page_Moodle Administration Users Accounts/input_Email address_email'

2022-01-12 00:22:15 - [TEST_STEP][PASSED] - click(findTestObject("Page_Moodle Administration Users Accounts/input_Address_submitbutton")): Object: 'Object Repository/Page_Moodle Administration Users Accounts/input_Address_submitbutton' is clicked on

2022-01-12 00:22:17 - [MESSAGE][PASSED] - Object: 'Object Repository/Page_Moodle Administration Users Accounts/input_Address_submitbutton' is clicked on

2022-01-12 00:22:17 - [TEST_STEP][PASSED] - click(findTestObject("Page_Moodle Administration Users Accounts/a_Admin User")): Object: 'Object Repository/Page_Moodle Administration Users Accounts/a_Admin User' is clicked on

2022-01-12 00:22:18 - [MESSAGE][PASSED] - Object: 'Object Repository/Page_Moodle Administration Users Accounts/a_Admin User' is clicked on

2022-01-12 00:22:18 - [TEST_STEP][PASSED] - click(findTestObject("Page_Moodle Administration Users Accounts/span_Log out")): Object: 'Object Repository/Page_Moodle Administration Users Accounts/span_Log out' is clicked on

2022-01-12 00:22:19 - [MESSAGE][PASSED] - Object: 'Object Repository/Page_Moodle Administration Users Accounts/span_Log out' is clicked on

2022-01-12 00:22:19 - [TEST_STEP][PASSED] - click(findTestObject("Object Repository/Page_BCS Moodle/a_Log in")): Object: 'Object Repository/Page_BCS Moodle/a_Log in' is clicked on

2022-01-12 00:22:20 - [MESSAGE][PASSED] - Object: 'Object Repository/Page_BCS Moodle/a_Log in' is clicked on

2022-01-12 00:22:20 - [TEST_STEP][PASSED] - setText(findTestObject("Object Repository/Page_BCS Moodle Log in to the site/input_Username_username"), "duy"): Text 'duy' is set on object 'Object Repository/Page_BCS Moodle Log in to the site/input_Username_username'

2022-01-12 00:22:21 - [MESSAGE][PASSED] - Text 'duy' is set on object 'Object Repository/Page_BCS Moodle Log in to the site/input_Username_username'

2022-01-12 00:22:21 - [TEST_STEP][PASSED] - setEncryptedText(findTestObject("Object Repository/Page_BCS Moodle Log in to the site/input_Password_password"), "3Eq3dG7ItvbA7bSXU4Ys3Q=="): Text ****** has been set on object 'Object Repository/Page_BCS Moodle Log in to the site/input_Password_password'

2022-01-12 00:22:21 - [MESSAGE][PASSED] - Text ****** has been set on object 'Object Repository/Page_BCS Moodle Log in to the site/input_Password_password'

2022-01-12 00:22:21 - [TEST_STEP][PASSED] - click(findTestObject("Object Repository/Page_BCS Moodle Log in to the site/button_Log in")): Object: 'Object Repository/Page_BCS Moodle Log in to the site/button_Log in' is clicked on

2022-01-12 00:22:22 - [MESSAGE][PASSED] - Object: 'Object Repository/Page_BCS Moodle Log in to the site/button_Log in' is clicked on

2022-01-12 00:22:22 - [TEST_STEP][PASSED] - closeBrowser(): Browser is closed

2022-01-12 00:22:23 - [MESSAGE][PASSED] - Browser is closed]]></system-out>
         <system-err><![CDATA[]]></system-err>
      </testcase>
      <testcase name="Test Cases/Admin/Admin Add User/Admin_Add User Username Already Exists" time="18.954" classname="Test Cases/Admin/Admin Add User/Admin_Add User Username Already Exists" status="PASSED">
         <system-out><![CDATA[2022-01-12 00:22:23 - [TEST_CASE][PASSED] - Test Cases/Admin/Admin Add User/Admin_Add User Username Already Exists: Test Cases/Admin/Admin Add User/Admin_Add User Username Already Exists

2022-01-12 00:22:23 - [TEST_STEP][PASSED] - callTestCase(findTestCase("Admin/Admin_Login"), [:], STOP_ON_FAILURE): Call Test Case 'Test Cases/Admin/Admin_Login' successfully

2022-01-12 00:22:23 - [TEST_CASE][PASSED] - Test Cases/Admin/Admin_Login: Test Cases/Admin/Admin_Login

2022-01-12 00:22:23 - [TEST_STEP][PASSED] - openBrowser(""): Browser is opened with url: ''

2022-01-12 00:22:23 - [MESSAGE][INFO] - Starting 'Chrome' driver

2022-01-12 00:22:23 - [MESSAGE][INFO] - User set preference: ['args', '[window-size=1300,900]']

2022-01-12 00:22:23 - [MESSAGE][INFO] - Action delay is set to 0 milliseconds

2022-01-12 00:22:25 - [MESSAGE][PASSED] - Browser is opened with url: ''

2022-01-12 00:22:25 - [TEST_STEP][PASSED] - navigateToUrl("http://localhost:8080/moodle/login/index.php"): Navigate to 'http://localhost:8080/moodle/login/index.php' successfully

2022-01-12 00:22:25 - [MESSAGE][PASSED] - Navigate to 'http://localhost:8080/moodle/login/index.php' successfully

2022-01-12 00:22:25 - [TEST_STEP][PASSED] - setText(findTestObject("Object Repository/Page_BCS Moodle Log in to the site/input_Username_username"), "admin"): Text 'admin' is set on object 'Object Repository/Page_BCS Moodle Log in to the site/input_Username_username'

2022-01-12 00:22:26 - [MESSAGE][PASSED] - Text 'admin' is set on object 'Object Repository/Page_BCS Moodle Log in to the site/input_Username_username'

2022-01-12 00:22:26 - [TEST_STEP][PASSED] - setEncryptedText(findTestObject("Object Repository/Page_BCS Moodle Log in to the site/input_Password_password"), "p4y+y39Ir5PR9RXlOHjWlj+CAJiYdX4g"): Text ****** has been set on object 'Object Repository/Page_BCS Moodle Log in to the site/input_Password_password'

2022-01-12 00:22:27 - [MESSAGE][PASSED] - Text ****** has been set on object 'Object Repository/Page_BCS Moodle Log in to the site/input_Password_password'

2022-01-12 00:22:27 - [TEST_STEP][PASSED] - click(findTestObject("Object Repository/Page_BCS Moodle Log in to the site/button_Log in")): Object: 'Object Repository/Page_BCS Moodle Log in to the site/button_Log in' is clicked on

2022-01-12 00:22:28 - [MESSAGE][PASSED] - Object: 'Object Repository/Page_BCS Moodle Log in to the site/button_Log in' is clicked on

2022-01-12 00:22:28 - [MESSAGE][PASSED] - Call Test Case 'Test Cases/Admin/Admin_Login' successfully

2022-01-12 00:22:28 - [TEST_STEP][PASSED] - click(findTestObject("Object Repository/Page_Dashboard/a_Site administration")): Object: 'Object Repository/Page_Dashboard/a_Site administration' is clicked on

2022-01-12 00:22:30 - [MESSAGE][PASSED] - Object: 'Object Repository/Page_Dashboard/a_Site administration' is clicked on

2022-01-12 00:22:30 - [TEST_STEP][PASSED] - click(findTestObject("Object Repository/Page_Moodle Administration Search/a_Users")): Object: 'Object Repository/Page_Moodle Administration Search/a_Users' is clicked on

2022-01-12 00:22:31 - [MESSAGE][PASSED] - Object: 'Object Repository/Page_Moodle Administration Search/a_Users' is clicked on

2022-01-12 00:22:31 - [TEST_STEP][PASSED] - click(findTestObject("Object Repository/Page_Moodle Administration Search/a_Add a new user")): Object: 'Object Repository/Page_Moodle Administration Search/a_Add a new user' is clicked on

2022-01-12 00:22:32 - [MESSAGE][PASSED] - Object: 'Object Repository/Page_Moodle Administration Search/a_Add a new user' is clicked on

2022-01-12 00:22:32 - [TEST_STEP][PASSED] - click(findTestObject("Page_Moodle Administration Users Accounts/input_Username_username")): Object: 'Object Repository/Page_Moodle Administration Users Accounts/input_Username_username' is clicked on

2022-01-12 00:22:33 - [MESSAGE][PASSED] - Object: 'Object Repository/Page_Moodle Administration Users Accounts/input_Username_username' is clicked on

2022-01-12 00:22:33 - [TEST_STEP][PASSED] - setText(findTestObject("Page_Moodle Administration Users Accounts/input_Username_username"), "xuany"): Text 'xuany' is set on object 'Object Repository/Page_Moodle Administration Users Accounts/input_Username_username'

2022-01-12 00:22:34 - [MESSAGE][PASSED] - Text 'xuany' is set on object 'Object Repository/Page_Moodle Administration Users Accounts/input_Username_username'

2022-01-12 00:22:34 - [TEST_STEP][PASSED] - click(findTestObject("Page_Moodle Administration Users Accounts/em_Click to enter text")): Object: 'Object Repository/Page_Moodle Administration Users Accounts/em_Click to enter text' is clicked on

2022-01-12 00:22:35 - [MESSAGE][PASSED] - Object: 'Object Repository/Page_Moodle Administration Users Accounts/em_Click to enter text' is clicked on

2022-01-12 00:22:35 - [TEST_STEP][PASSED] - click(findTestObject("Page_Moodle Administration Users Accounts/i_Click to enter text_icon fa fa-eye fa-fw"), STOP_ON_FAILURE): Object: 'Object Repository/Page_Moodle Administration Users Accounts/i_Click to enter text_icon fa fa-eye fa-fw' is clicked on

2022-01-12 00:22:35 - [MESSAGE][PASSED] - Object: 'Object Repository/Page_Moodle Administration Users Accounts/i_Click to enter text_icon fa fa-eye fa-fw' is clicked on

2022-01-12 00:22:35 - [TEST_STEP][PASSED] - setText(findTestObject("Page_Moodle Administration Users Accounts/input_New password_newpassword"), "yTest123@"): Text 'yTest123@' is set on object 'Object Repository/Page_Moodle Administration Users Accounts/input_New password_newpassword'

2022-01-12 00:22:36 - [MESSAGE][PASSED] - Text 'yTest123@' is set on object 'Object Repository/Page_Moodle Administration Users Accounts/input_New password_newpassword'

2022-01-12 00:22:36 - [TEST_STEP][PASSED] - setText(findTestObject("Page_Moodle Administration Users Accounts/input_First name_firstname"), "Ý"): Text 'Ý' is set on object 'Object Repository/Page_Moodle Administration Users Accounts/input_First name_firstname'

2022-01-12 00:22:37 - [MESSAGE][PASSED] - Text 'Ý' is set on object 'Object Repository/Page_Moodle Administration Users Accounts/input_First name_firstname'

2022-01-12 00:22:37 - [TEST_STEP][PASSED] - setText(findTestObject("Page_Moodle Administration Users Accounts/input_Surname_lastname"), "Đàm"): Text 'Đàm' is set on object 'Object Repository/Page_Moodle Administration Users Accounts/input_Surname_lastname'

2022-01-12 00:22:38 - [MESSAGE][PASSED] - Text 'Đàm' is set on object 'Object Repository/Page_Moodle Administration Users Accounts/input_Surname_lastname'

2022-01-12 00:22:38 - [TEST_STEP][PASSED] - setText(findTestObject("Page_Moodle Administration Users Accounts/input_Email address_email"), "ydam@gmail.com"): Text 'ydam@gmail.com' is set on object 'Object Repository/Page_Moodle Administration Users Accounts/input_Email address_email'

2022-01-12 00:22:38 - [MESSAGE][PASSED] - Text 'ydam@gmail.com' is set on object 'Object Repository/Page_Moodle Administration Users Accounts/input_Email address_email'

2022-01-12 00:22:38 - [TEST_STEP][PASSED] - click(findTestObject("Page_Moodle Administration Users Accounts/input_Address_submitbutton")): Object: 'Object Repository/Page_Moodle Administration Users Accounts/input_Address_submitbutton' is clicked on

2022-01-12 00:22:40 - [MESSAGE][PASSED] - Object: 'Object Repository/Page_Moodle Administration Users Accounts/input_Address_submitbutton' is clicked on

2022-01-12 00:22:40 - [TEST_STEP][PASSED] - verifyElementPresent(findTestObject("Page_Moodle Administration Users Accounts/div_This username already exists, choose another"), 0): Object 'Object Repository/Page_Moodle Administration Users Accounts/div_This username already exists, choose another' is present

2022-01-12 00:22:40 - [MESSAGE][WARNING] - Timeout '0' is invalid. Using default page load timeout: '30'

2022-01-12 00:22:41 - [MESSAGE][PASSED] - Object 'Object Repository/Page_Moodle Administration Users Accounts/div_This username already exists, choose another' is present

2022-01-12 00:22:41 - [TEST_STEP][PASSED] - verifyElementText(findTestObject("Page_Moodle Administration Users Accounts/div_This username already exists, choose another"), "This username already exists, choose another"): Actual text and expected text of test object 'Object Repository/Page_Moodle Administration Users Accounts/div_This username already exists, choose another' are matched.

2022-01-12 00:22:41 - [MESSAGE][PASSED] - Actual text and expected text of test object 'Object Repository/Page_Moodle Administration Users Accounts/div_This username already exists, choose another' are matched.

2022-01-12 00:22:41 - [TEST_STEP][PASSED] - closeBrowser(): Browser is closed

2022-01-12 00:22:42 - [MESSAGE][PASSED] - Browser is closed]]></system-out>
         <system-err><![CDATA[]]></system-err>
      </testcase>
      <testcase name="Test Cases/Admin/Admin Assign Role/Admin_Assign Role Student" time="29.719" classname="Test Cases/Admin/Admin Assign Role/Admin_Assign Role Student" status="PASSED">
         <system-out><![CDATA[2022-01-12 00:22:42 - [TEST_CASE][PASSED] - Test Cases/Admin/Admin Assign Role/Admin_Assign Role Student: Test Cases/Admin/Admin Assign Role/Admin_Assign Role Student

2022-01-12 00:22:42 - [TEST_STEP][PASSED] - callTestCase(findTestCase("Admin/Admin_Login"), [:], STOP_ON_FAILURE): Call Test Case 'Test Cases/Admin/Admin_Login' successfully

2022-01-12 00:22:42 - [TEST_CASE][PASSED] - Test Cases/Admin/Admin_Login: Test Cases/Admin/Admin_Login

2022-01-12 00:22:42 - [TEST_STEP][PASSED] - openBrowser(""): Browser is opened with url: ''

2022-01-12 00:22:42 - [MESSAGE][INFO] - Starting 'Chrome' driver

2022-01-12 00:22:42 - [MESSAGE][INFO] - User set preference: ['args', '[window-size=1300,900]']

2022-01-12 00:22:42 - [MESSAGE][INFO] - Action delay is set to 0 milliseconds

2022-01-12 00:22:44 - [MESSAGE][PASSED] - Browser is opened with url: ''

2022-01-12 00:22:44 - [TEST_STEP][PASSED] - navigateToUrl("http://localhost:8080/moodle/login/index.php"): Navigate to 'http://localhost:8080/moodle/login/index.php' successfully

2022-01-12 00:22:44 - [MESSAGE][PASSED] - Navigate to 'http://localhost:8080/moodle/login/index.php' successfully

2022-01-12 00:22:44 - [TEST_STEP][PASSED] - setText(findTestObject("Object Repository/Page_BCS Moodle Log in to the site/input_Username_username"), "admin"): Text 'admin' is set on object 'Object Repository/Page_BCS Moodle Log in to the site/input_Username_username'

2022-01-12 00:22:45 - [MESSAGE][PASSED] - Text 'admin' is set on object 'Object Repository/Page_BCS Moodle Log in to the site/input_Username_username'

2022-01-12 00:22:45 - [TEST_STEP][PASSED] - setEncryptedText(findTestObject("Object Repository/Page_BCS Moodle Log in to the site/input_Password_password"), "p4y+y39Ir5PR9RXlOHjWlj+CAJiYdX4g"): Text ****** has been set on object 'Object Repository/Page_BCS Moodle Log in to the site/input_Password_password'

2022-01-12 00:22:45 - [MESSAGE][PASSED] - Text ****** has been set on object 'Object Repository/Page_BCS Moodle Log in to the site/input_Password_password'

2022-01-12 00:22:45 - [TEST_STEP][PASSED] - click(findTestObject("Object Repository/Page_BCS Moodle Log in to the site/button_Log in")): Object: 'Object Repository/Page_BCS Moodle Log in to the site/button_Log in' is clicked on

2022-01-12 00:22:47 - [MESSAGE][PASSED] - Object: 'Object Repository/Page_BCS Moodle Log in to the site/button_Log in' is clicked on

2022-01-12 00:22:47 - [MESSAGE][PASSED] - Call Test Case 'Test Cases/Admin/Admin_Login' successfully

2022-01-12 00:22:47 - [TEST_STEP][PASSED] - click(findTestObject("Object Repository/Page_Dashboard/a_Site home")): Object: 'Object Repository/Page_Dashboard/a_Site home' is clicked on

2022-01-12 00:22:49 - [MESSAGE][PASSED] - Object: 'Object Repository/Page_Dashboard/a_Site home' is clicked on

2022-01-12 00:22:49 - [TEST_STEP][PASSED] - navigateToUrl("http://localhost:8080/moodle/?redirect=0"): Navigate to 'http://localhost:8080/moodle/?redirect=0' successfully

2022-01-12 00:22:50 - [MESSAGE][PASSED] - Navigate to 'http://localhost:8080/moodle/?redirect=0' successfully

2022-01-12 00:22:50 - [TEST_STEP][PASSED] - click(findTestObject("Object Repository/Page_BCS Moodle/a_Lp trnh hng i tng 19CTT3")): Object: 'Object Repository/Page_BCS Moodle/a_Lp trnh hng i tng 19CTT3' is clicked on

2022-01-12 00:22:51 - [MESSAGE][PASSED] - Object: 'Object Repository/Page_BCS Moodle/a_Lp trnh hng i tng 19CTT3' is clicked on

2022-01-12 00:22:51 - [TEST_STEP][PASSED] - click(findTestObject("Object Repository/Page_Course Lp trnh hng i tng 19CTT3/a_Participants")): Object: 'Object Repository/Page_Course Lp trnh hng i tng 19CTT3/a_Participants' is clicked on

2022-01-12 00:22:52 - [MESSAGE][PASSED] - Object: 'Object Repository/Page_Course Lp trnh hng i tng 19CTT3/a_Participants' is clicked on

2022-01-12 00:22:52 - [TEST_STEP][PASSED] - click(findTestObject("Object Repository/Page_OOP Participants/input_Participants_btn btn-secondary my-1")): Object: 'Object Repository/Page_OOP Participants/input_Participants_btn btn-secondary my-1' is clicked on

2022-01-12 00:22:53 - [MESSAGE][PASSED] - Object: 'Object Repository/Page_OOP Participants/input_Participants_btn btn-secondary my-1' is clicked on

2022-01-12 00:22:53 - [TEST_STEP][PASSED] - setText(findTestObject("Object Repository/Page_OOP Participants/input_No selection_form_autocomplete_input-_a46864"), "ypro"): Text 'ypro' is set on object 'Object Repository/Page_OOP Participants/input_No selection_form_autocomplete_input-_a46864'

2022-01-12 00:22:55 - [MESSAGE][PASSED] - Text 'ypro' is set on object 'Object Repository/Page_OOP Participants/input_No selection_form_autocomplete_input-_a46864'

2022-01-12 00:22:55 - [TEST_STEP][PASSED] - click(findTestObject("Object Repository/Page_OOP Participants/li_Xuan Y Dam Thi    yprotk21gmail.com")): Object: 'Object Repository/Page_OOP Participants/li_Xuan Y Dam Thi    yprotk21gmail.com' is clicked on

2022-01-12 00:22:56 - [MESSAGE][PASSED] - Object: 'Object Repository/Page_OOP Participants/li_Xuan Y Dam Thi    yprotk21gmail.com' is clicked on

2022-01-12 00:22:56 - [TEST_STEP][PASSED] - selectOptionByValue(findTestObject("Object Repository/Page_OOP Participants/select_Xuan Y Dam Thi    yprotk21gmail.com _a35d9e"), "5", true): All options with value '5' are selected in object 'Object Repository/Page_OOP Participants/select_Xuan Y Dam Thi    yprotk21gmail.com _a35d9e'  using regular expression

2022-01-12 00:22:58 - [MESSAGE][PASSED] - All options with value '5' are selected in object 'Object Repository/Page_OOP Participants/select_Xuan Y Dam Thi    yprotk21gmail.com _a35d9e'  using regular expression

2022-01-12 00:22:58 - [TEST_STEP][PASSED] - click(findTestObject("Object Repository/Page_OOP Participants/div_Select users")): Object: 'Object Repository/Page_OOP Participants/div_Select users' is clicked on

2022-01-12 00:22:58 - [MESSAGE][PASSED] - Object: 'Object Repository/Page_OOP Participants/div_Select users' is clicked on

2022-01-12 00:22:58 - [TEST_STEP][PASSED] - click(findTestObject("Object Repository/Page_OOP Participants/button_Enrol users")): Object: 'Object Repository/Page_OOP Participants/button_Enrol users' is clicked on

2022-01-12 00:22:59 - [MESSAGE][PASSED] - Object: 'Object Repository/Page_OOP Participants/button_Enrol users' is clicked on

2022-01-12 00:22:59 - [TEST_STEP][PASSED] - click(findTestObject("Object Repository/Page_OOP Participants/a_Admin User")): Object: 'Object Repository/Page_OOP Participants/a_Admin User' is clicked on

2022-01-12 00:23:00 - [MESSAGE][PASSED] - Object: 'Object Repository/Page_OOP Participants/a_Admin User' is clicked on

2022-01-12 00:23:00 - [TEST_STEP][PASSED] - click(findTestObject("Object Repository/Page_OOP Participants/a_Log out")): Object: 'Object Repository/Page_OOP Participants/a_Log out' is clicked on

2022-01-12 00:23:01 - [MESSAGE][PASSED] - Object: 'Object Repository/Page_OOP Participants/a_Log out' is clicked on

2022-01-12 00:23:01 - [TEST_STEP][PASSED] - navigateToUrl("http://localhost:8080/moodle/"): Navigate to 'http://localhost:8080/moodle/' successfully

2022-01-12 00:23:02 - [MESSAGE][PASSED] - Navigate to 'http://localhost:8080/moodle/' successfully

2022-01-12 00:23:02 - [TEST_STEP][PASSED] - click(findTestObject("Object Repository/Page_BCS Moodle/a_Log in")): Object: 'Object Repository/Page_BCS Moodle/a_Log in' is clicked on

2022-01-12 00:23:03 - [MESSAGE][PASSED] - Object: 'Object Repository/Page_BCS Moodle/a_Log in' is clicked on

2022-01-12 00:23:03 - [TEST_STEP][PASSED] - setText(findTestObject("Object Repository/Page_BCS Moodle Log in to the site/input_Username_username"), "xuany"): Text 'xuany' is set on object 'Object Repository/Page_BCS Moodle Log in to the site/input_Username_username'

2022-01-12 00:23:03 - [MESSAGE][PASSED] - Text 'xuany' is set on object 'Object Repository/Page_BCS Moodle Log in to the site/input_Username_username'

2022-01-12 00:23:03 - [TEST_STEP][PASSED] - setEncryptedText(findTestObject("Object Repository/Page_BCS Moodle Log in to the site/input_Password_password"), "p4y+y39Ir5PR9RXlOHjWlj+CAJiYdX4g"): Text ****** has been set on object 'Object Repository/Page_BCS Moodle Log in to the site/input_Password_password'

2022-01-12 00:23:04 - [MESSAGE][PASSED] - Text ****** has been set on object 'Object Repository/Page_BCS Moodle Log in to the site/input_Password_password'

2022-01-12 00:23:04 - [TEST_STEP][PASSED] - click(findTestObject("Object Repository/Page_BCS Moodle Log in to the site/button_Log in")): Object: 'Object Repository/Page_BCS Moodle Log in to the site/button_Log in' is clicked on

2022-01-12 00:23:06 - [MESSAGE][PASSED] - Object: 'Object Repository/Page_BCS Moodle Log in to the site/button_Log in' is clicked on

2022-01-12 00:23:06 - [TEST_STEP][PASSED] - click(findTestObject("Object Repository/Page_Dashboard/span_Site home")): Object: 'Object Repository/Page_Dashboard/span_Site home' is clicked on

2022-01-12 00:23:08 - [MESSAGE][PASSED] - Object: 'Object Repository/Page_Dashboard/span_Site home' is clicked on

2022-01-12 00:23:08 - [TEST_STEP][PASSED] - click(findTestObject("Object Repository/Page_BCS Moodle/a_Lp trnh hng i tng 19CTT3")): Object: 'Object Repository/Page_BCS Moodle/a_Lp trnh hng i tng 19CTT3' is clicked on

2022-01-12 00:23:09 - [MESSAGE][PASSED] - Object: 'Object Repository/Page_BCS Moodle/a_Lp trnh hng i tng 19CTT3' is clicked on

2022-01-12 00:23:09 - [TEST_STEP][PASSED] - click(findTestObject("Object Repository/Page_Course Lp trnh hng i tng 19CTT3/a_Participants")): Object: 'Object Repository/Page_Course Lp trnh hng i tng 19CTT3/a_Participants' is clicked on

2022-01-12 00:23:10 - [MESSAGE][PASSED] - Object: 'Object Repository/Page_Course Lp trnh hng i tng 19CTT3/a_Participants' is clicked on

2022-01-12 00:23:10 - [TEST_STEP][PASSED] - verifyElementPresent(findTestObject("Object Repository/Page_OOP Participants/th_Xuan Y Dam Thi"), 0): Object 'Object Repository/Page_OOP Participants/th_Xuan Y Dam Thi' is present

2022-01-12 00:23:10 - [MESSAGE][WARNING] - Timeout '0' is invalid. Using default page load timeout: '30'

2022-01-12 00:23:11 - [MESSAGE][PASSED] - Object 'Object Repository/Page_OOP Participants/th_Xuan Y Dam Thi' is present

2022-01-12 00:23:11 - [TEST_STEP][PASSED] - verifyElementPresent(findTestObject("Object Repository/Page_OOP Participants/td_Student"), 0): Object 'Object Repository/Page_OOP Participants/td_Student' is present

2022-01-12 00:23:11 - [MESSAGE][WARNING] - Timeout '0' is invalid. Using default page load timeout: '30'

2022-01-12 00:23:11 - [MESSAGE][PASSED] - Object 'Object Repository/Page_OOP Participants/td_Student' is present

2022-01-12 00:23:11 - [TEST_STEP][PASSED] - closeBrowser(): Browser is closed

2022-01-12 00:23:12 - [MESSAGE][PASSED] - Browser is closed]]></system-out>
         <system-err><![CDATA[]]></system-err>
      </testcase>
      <testcase name="Test Cases/Admin/Admin Assign Role/Admin_Assign Role Teacher" time="57.921" classname="Test Cases/Admin/Admin Assign Role/Admin_Assign Role Teacher" status="FAILED">
         <failure type="FAILED" message="Test Cases/Admin/Admin Assign Role/Admin_Assign Role Teacher FAILED.
Reason:
com.kms.katalon.core.exception.StepFailedException: Unable to verify object 'Object Repository/Page_LDC1 Participants/th_Chi Hao Ha' is present
	at com.kms.katalon.core.webui.keyword.internal.WebUIKeywordMain.stepFailed(WebUIKeywordMain.groovy:64)
	at com.kms.katalon.core.webui.keyword.internal.WebUIKeywordMain.runKeyword(WebUIKeywordMain.groovy:26)
	at com.kms.katalon.core.webui.keyword.builtin.VerifyElementPresentKeyword.verifyElementPresent(VerifyElementPresentKeyword.groovy:92)
	at com.kms.katalon.core.webui.keyword.builtin.VerifyElementPresentKeyword.execute(VerifyElementPresentKeyword.groovy:68)
	at com.kms.katalon.core.keyword.internal.KeywordExecutor.executeKeywordForPlatform(KeywordExecutor.groovy:74)
	at com.kms.katalon.core.webui.keyword.WebUiBuiltInKeywords.verifyElementPresent(WebUiBuiltInKeywords.groovy:1464)
	at com.kms.katalon.core.webui.keyword.WebUiBuiltInKeywords$verifyElementPresent$4.call(Unknown Source)
	at Admin_Assign Role Teacher.run(Admin_Assign Role Teacher:65)
	at com.kms.katalon.core.main.ScriptEngine.run(ScriptEngine.java:194)
	at com.kms.katalon.core.main.ScriptEngine.runScriptAsRawText(ScriptEngine.java:119)
	at com.kms.katalon.core.main.TestCaseExecutor.runScript(TestCaseExecutor.java:442)
	at com.kms.katalon.core.main.TestCaseExecutor.doExecute(TestCaseExecutor.java:433)
	at com.kms.katalon.core.main.TestCaseExecutor.processExecutionPhase(TestCaseExecutor.java:412)
	at com.kms.katalon.core.main.TestCaseExecutor.accessMainPhase(TestCaseExecutor.java:404)
	at com.kms.katalon.core.main.TestCaseExecutor.execute(TestCaseExecutor.java:281)
	at com.kms.katalon.core.main.TestSuiteExecutor.accessTestCaseMainPhase(TestSuiteExecutor.java:202)
	at com.kms.katalon.core.main.TestSuiteExecutor.accessTestSuiteMainPhase(TestSuiteExecutor.java:164)
	at com.kms.katalon.core.main.TestSuiteExecutor.execute(TestSuiteExecutor.java:105)
	at com.kms.katalon.core.main.TestCaseMain.startTestSuite(TestCaseMain.java:181)
	at com.kms.katalon.core.main.TestCaseMain$startTestSuite$0.call(Unknown Source)
	at TempTestSuite1641920935254.run(TempTestSuite1641920935254.groovy:36)
Caused by: com.kms.katalon.core.exception.StepFailedException: com.kms.katalon.core.webui.exception.WebElementNotFoundException: Web element with id: 'Object Repository/Page_LDC1 Participants/th_Chi Hao Ha' located by '//th[@id='user-index-participants-5_r0_c1']' not found
	at com.kms.katalon.core.webui.keyword.internal.WebUIKeywordMain.stepFailed(WebUIKeywordMain.groovy:64)
	at com.kms.katalon.core.webui.keyword.builtin.VerifyElementPresentKeyword$_verifyElementPresent_closure1.doCall(VerifyElementPresentKeyword.groovy:85)
	at com.kms.katalon.core.webui.keyword.builtin.VerifyElementPresentKeyword$_verifyElementPresent_closure1.call(VerifyElementPresentKeyword.groovy)
	at com.kms.katalon.core.webui.keyword.internal.WebUIKeywordMain.runKeyword(WebUIKeywordMain.groovy:20)
	... 19 more
"/>
         <system-out><![CDATA[2022-01-12 00:23:12 - [TEST_CASE][FAILED] - Test Cases/Admin/Admin Assign Role/Admin_Assign Role Teacher: Test Cases/Admin/Admin Assign Role/Admin_Assign Role Teacher FAILED.
Reason:
com.kms.katalon.core.exception.StepFailedException: Unable to verify object 'Object Repository/Page_LDC1 Participants/th_Chi Hao Ha' is present
	at com.kms.katalon.core.webui.keyword.internal.WebUIKeywordMain.stepFailed(WebUIKeywordMain.groovy:64)
	at com.kms.katalon.core.webui.keyword.internal.WebUIKeywordMain.runKeyword(WebUIKeywordMain.groovy:26)
	at com.kms.katalon.core.webui.keyword.builtin.VerifyElementPresentKeyword.verifyElementPresent(VerifyElementPresentKeyword.groovy:92)
	at com.kms.katalon.core.webui.keyword.builtin.VerifyElementPresentKeyword.execute(VerifyElementPresentKeyword.groovy:68)
	at com.kms.katalon.core.keyword.internal.KeywordExecutor.executeKeywordForPlatform(KeywordExecutor.groovy:74)
	at com.kms.katalon.core.webui.keyword.WebUiBuiltInKeywords.verifyElementPresent(WebUiBuiltInKeywords.groovy:1464)
	at com.kms.katalon.core.webui.keyword.WebUiBuiltInKeywords$verifyElementPresent$4.call(Unknown Source)
	at Admin_Assign Role Teacher.run(Admin_Assign Role Teacher:65)
	at com.kms.katalon.core.main.ScriptEngine.run(ScriptEngine.java:194)
	at com.kms.katalon.core.main.ScriptEngine.runScriptAsRawText(ScriptEngine.java:119)
	at com.kms.katalon.core.main.TestCaseExecutor.runScript(TestCaseExecutor.java:442)
	at com.kms.katalon.core.main.TestCaseExecutor.doExecute(TestCaseExecutor.java:433)
	at com.kms.katalon.core.main.TestCaseExecutor.processExecutionPhase(TestCaseExecutor.java:412)
	at com.kms.katalon.core.main.TestCaseExecutor.accessMainPhase(TestCaseExecutor.java:404)
	at com.kms.katalon.core.main.TestCaseExecutor.execute(TestCaseExecutor.java:281)
	at com.kms.katalon.core.main.TestSuiteExecutor.accessTestCaseMainPhase(TestSuiteExecutor.java:202)
	at com.kms.katalon.core.main.TestSuiteExecutor.accessTestSuiteMainPhase(TestSuiteExecutor.java:164)
	at com.kms.katalon.core.main.TestSuiteExecutor.execute(TestSuiteExecutor.java:105)
	at com.kms.katalon.core.main.TestCaseMain.startTestSuite(TestCaseMain.java:181)
	at com.kms.katalon.core.main.TestCaseMain$startTestSuite$0.call(Unknown Source)
	at TempTestSuite1641920935254.run(TempTestSuite1641920935254.groovy:36)
Caused by: com.kms.katalon.core.exception.StepFailedException: com.kms.katalon.core.webui.exception.WebElementNotFoundException: Web element with id: 'Object Repository/Page_LDC1 Participants/th_Chi Hao Ha' located by '//th[@id='user-index-participants-5_r0_c1']' not found
	at com.kms.katalon.core.webui.keyword.internal.WebUIKeywordMain.stepFailed(WebUIKeywordMain.groovy:64)
	at com.kms.katalon.core.webui.keyword.builtin.VerifyElementPresentKeyword$_verifyElementPresent_closure1.doCall(VerifyElementPresentKeyword.groovy:85)
	at com.kms.katalon.core.webui.keyword.builtin.VerifyElementPresentKeyword$_verifyElementPresent_closure1.call(VerifyElementPresentKeyword.groovy)
	at com.kms.katalon.core.webui.keyword.internal.WebUIKeywordMain.runKeyword(WebUIKeywordMain.groovy:20)
	... 19 more


2022-01-12 00:23:12 - [TEST_STEP][PASSED] - callTestCase(findTestCase("Admin/Admin_Login"), [:], STOP_ON_FAILURE): Call Test Case 'Test Cases/Admin/Admin_Login' successfully

2022-01-12 00:23:12 - [TEST_CASE][PASSED] - Test Cases/Admin/Admin_Login: Test Cases/Admin/Admin_Login

2022-01-12 00:23:12 - [TEST_STEP][PASSED] - openBrowser(""): Browser is opened with url: ''

2022-01-12 00:23:12 - [MESSAGE][INFO] - Starting 'Chrome' driver

2022-01-12 00:23:12 - [MESSAGE][INFO] - User set preference: ['args', '[window-size=1300,900]']

2022-01-12 00:23:12 - [MESSAGE][INFO] - Action delay is set to 0 milliseconds

2022-01-12 00:23:13 - [MESSAGE][PASSED] - Browser is opened with url: ''

2022-01-12 00:23:13 - [TEST_STEP][PASSED] - navigateToUrl("http://localhost:8080/moodle/login/index.php"): Navigate to 'http://localhost:8080/moodle/login/index.php' successfully

2022-01-12 00:23:14 - [MESSAGE][PASSED] - Navigate to 'http://localhost:8080/moodle/login/index.php' successfully

2022-01-12 00:23:14 - [TEST_STEP][PASSED] - setText(findTestObject("Object Repository/Page_BCS Moodle Log in to the site/input_Username_username"), "admin"): Text 'admin' is set on object 'Object Repository/Page_BCS Moodle Log in to the site/input_Username_username'

2022-01-12 00:23:15 - [MESSAGE][PASSED] - Text 'admin' is set on object 'Object Repository/Page_BCS Moodle Log in to the site/input_Username_username'

2022-01-12 00:23:15 - [TEST_STEP][PASSED] - setEncryptedText(findTestObject("Object Repository/Page_BCS Moodle Log in to the site/input_Password_password"), "p4y+y39Ir5PR9RXlOHjWlj+CAJiYdX4g"): Text ****** has been set on object 'Object Repository/Page_BCS Moodle Log in to the site/input_Password_password'

2022-01-12 00:23:15 - [MESSAGE][PASSED] - Text ****** has been set on object 'Object Repository/Page_BCS Moodle Log in to the site/input_Password_password'

2022-01-12 00:23:15 - [TEST_STEP][PASSED] - click(findTestObject("Object Repository/Page_BCS Moodle Log in to the site/button_Log in")): Object: 'Object Repository/Page_BCS Moodle Log in to the site/button_Log in' is clicked on

2022-01-12 00:23:17 - [MESSAGE][PASSED] - Object: 'Object Repository/Page_BCS Moodle Log in to the site/button_Log in' is clicked on

2022-01-12 00:23:17 - [MESSAGE][PASSED] - Call Test Case 'Test Cases/Admin/Admin_Login' successfully

2022-01-12 00:23:17 - [TEST_STEP][PASSED] - click(findTestObject("Object Repository/Page_Dashboard/a_Site home")): Object: 'Object Repository/Page_Dashboard/a_Site home' is clicked on

2022-01-12 00:23:19 - [MESSAGE][PASSED] - Object: 'Object Repository/Page_Dashboard/a_Site home' is clicked on

2022-01-12 00:23:19 - [TEST_STEP][PASSED] - navigateToUrl("http://localhost:8080/moodle/?redirect=0"): Navigate to 'http://localhost:8080/moodle/?redirect=0' successfully

2022-01-12 00:23:19 - [MESSAGE][PASSED] - Navigate to 'http://localhost:8080/moodle/?redirect=0' successfully

2022-01-12 00:23:19 - [TEST_STEP][PASSED] - click(findTestObject("Object Repository/Page_BCS Moodle/a_L i Cng 1")): Object: 'Object Repository/Page_BCS Moodle/a_L i Cng 1' is clicked on

2022-01-12 00:23:20 - [MESSAGE][PASSED] - Object: 'Object Repository/Page_BCS Moodle/a_L i Cng 1' is clicked on

2022-01-12 00:23:20 - [TEST_STEP][PASSED] - navigateToUrl("http://localhost:8080/moodle/course/view.php?id=5"): Navigate to 'http://localhost:8080/moodle/course/view.php?id=5' successfully

2022-01-12 00:23:21 - [MESSAGE][PASSED] - Navigate to 'http://localhost:8080/moodle/course/view.php?id=5' successfully

2022-01-12 00:23:21 - [TEST_STEP][PASSED] - click(findTestObject("Object Repository/Page_Course L i Cng 1/a_Participants")): Object: 'Object Repository/Page_Course L i Cng 1/a_Participants' is clicked on

2022-01-12 00:23:22 - [MESSAGE][PASSED] - Object: 'Object Repository/Page_Course L i Cng 1/a_Participants' is clicked on

2022-01-12 00:23:22 - [TEST_STEP][PASSED] - click(findTestObject("Object Repository/Page_LDC1 Participants/input_Participants_btn btn-secondary my-1")): Object: 'Object Repository/Page_LDC1 Participants/input_Participants_btn btn-secondary my-1' is clicked on

2022-01-12 00:23:22 - [MESSAGE][PASSED] - Object: 'Object Repository/Page_LDC1 Participants/input_Participants_btn btn-secondary my-1' is clicked on

2022-01-12 00:23:22 - [TEST_STEP][PASSED] - click(findTestObject("Object Repository/Page_LDC1 Participants/span_")): Object: 'Object Repository/Page_LDC1 Participants/span_' is clicked on

2022-01-12 00:23:24 - [MESSAGE][PASSED] - Object: 'Object Repository/Page_LDC1 Participants/span_' is clicked on

2022-01-12 00:23:24 - [TEST_STEP][PASSED] - click(findTestObject("Object Repository/Page_LDC1 Participants/li_Chi Hao Ha    haoprotk21gmail.com")): Object: 'Object Repository/Page_LDC1 Participants/li_Chi Hao Ha    haoprotk21gmail.com' is clicked on

2022-01-12 00:23:25 - [MESSAGE][PASSED] - Object: 'Object Repository/Page_LDC1 Participants/li_Chi Hao Ha    haoprotk21gmail.com' is clicked on

2022-01-12 00:23:25 - [TEST_STEP][PASSED] - click(findTestObject("Object Repository/Page_LDC1 Participants/div_Select users                           _1b8f1d")): Object: 'Object Repository/Page_LDC1 Participants/div_Select users                           _1b8f1d' is clicked on

2022-01-12 00:23:26 - [MESSAGE][PASSED] - Object: 'Object Repository/Page_LDC1 Participants/div_Select users                           _1b8f1d' is clicked on

2022-01-12 00:23:26 - [TEST_STEP][PASSED] - selectOptionByValue(findTestObject("Object Repository/Page_LDC1 Participants/select_Manager            Teacher          _ffc00f"), "3", true): All options with value '3' are selected in object 'Object Repository/Page_LDC1 Participants/select_Manager            Teacher          _ffc00f'  using regular expression

2022-01-12 00:23:27 - [MESSAGE][PASSED] - All options with value '3' are selected in object 'Object Repository/Page_LDC1 Participants/select_Manager            Teacher          _ffc00f'  using regular expression

2022-01-12 00:23:27 - [TEST_STEP][PASSED] - click(findTestObject("Object Repository/Page_LDC1 Participants/button_Enrol users")): Object: 'Object Repository/Page_LDC1 Participants/button_Enrol users' is clicked on

2022-01-12 00:23:28 - [MESSAGE][PASSED] - Object: 'Object Repository/Page_LDC1 Participants/button_Enrol users' is clicked on

2022-01-12 00:23:28 - [TEST_STEP][PASSED] - click(findTestObject("Object Repository/Page_Moodle Administration Users Accounts/a_Admin User")): Object: 'Object Repository/Page_Moodle Administration Users Accounts/a_Admin User' is clicked on

2022-01-12 00:23:29 - [MESSAGE][PASSED] - Object: 'Object Repository/Page_Moodle Administration Users Accounts/a_Admin User' is clicked on

2022-01-12 00:23:29 - [TEST_STEP][PASSED] - click(findTestObject("Object Repository/Page_LDC1 Participants/a_Log out")): Object: 'Object Repository/Page_LDC1 Participants/a_Log out' is clicked on

2022-01-12 00:23:30 - [MESSAGE][PASSED] - Object: 'Object Repository/Page_LDC1 Participants/a_Log out' is clicked on

2022-01-12 00:23:30 - [TEST_STEP][PASSED] - click(findTestObject("Object Repository/Page_BCS Moodle/a_Log in")): Object: 'Object Repository/Page_BCS Moodle/a_Log in' is clicked on

2022-01-12 00:23:31 - [MESSAGE][PASSED] - Object: 'Object Repository/Page_BCS Moodle/a_Log in' is clicked on

2022-01-12 00:23:31 - [TEST_STEP][PASSED] - setText(findTestObject("Object Repository/Page_BCS Moodle Log in to the site/input_Username_username"), "chihao"): Text 'chihao' is set on object 'Object Repository/Page_BCS Moodle Log in to the site/input_Username_username'

2022-01-12 00:23:32 - [MESSAGE][PASSED] - Text 'chihao' is set on object 'Object Repository/Page_BCS Moodle Log in to the site/input_Username_username'

2022-01-12 00:23:32 - [TEST_STEP][PASSED] - setEncryptedText(findTestObject("Object Repository/Page_BCS Moodle Log in to the site/input_Password_password"), "p4y+y39Ir5PR9RXlOHjWlj+CAJiYdX4g"): Text ****** has been set on object 'Object Repository/Page_BCS Moodle Log in to the site/input_Password_password'

2022-01-12 00:23:32 - [MESSAGE][PASSED] - Text ****** has been set on object 'Object Repository/Page_BCS Moodle Log in to the site/input_Password_password'

2022-01-12 00:23:32 - [TEST_STEP][PASSED] - click(findTestObject("Object Repository/Page_BCS Moodle Log in to the site/button_Log in")): Object: 'Object Repository/Page_BCS Moodle Log in to the site/button_Log in' is clicked on

2022-01-12 00:23:34 - [MESSAGE][PASSED] - Object: 'Object Repository/Page_BCS Moodle Log in to the site/button_Log in' is clicked on

2022-01-12 00:23:34 - [TEST_STEP][PASSED] - click(findTestObject("Object Repository/Page_Dashboard/span_Site home")): Object: 'Object Repository/Page_Dashboard/span_Site home' is clicked on

2022-01-12 00:23:36 - [MESSAGE][PASSED] - Object: 'Object Repository/Page_Dashboard/span_Site home' is clicked on

2022-01-12 00:23:36 - [TEST_STEP][PASSED] - navigateToUrl("http://localhost:8080/moodle/?redirect=0"): Navigate to 'http://localhost:8080/moodle/?redirect=0' successfully

2022-01-12 00:23:36 - [MESSAGE][PASSED] - Navigate to 'http://localhost:8080/moodle/?redirect=0' successfully

2022-01-12 00:23:36 - [TEST_STEP][PASSED] - click(findTestObject("Object Repository/Page_BCS Moodle/a_L i Cng 1")): Object: 'Object Repository/Page_BCS Moodle/a_L i Cng 1' is clicked on

2022-01-12 00:23:37 - [MESSAGE][PASSED] - Object: 'Object Repository/Page_BCS Moodle/a_L i Cng 1' is clicked on

2022-01-12 00:23:37 - [TEST_STEP][PASSED] - click(findTestObject("Object Repository/Page_Course L i Cng 1/a_Participants")): Object: 'Object Repository/Page_Course L i Cng 1/a_Participants' is clicked on

2022-01-12 00:23:38 - [MESSAGE][PASSED] - Object: 'Object Repository/Page_Course L i Cng 1/a_Participants' is clicked on

2022-01-12 00:23:38 - [TEST_STEP][FAILED] - verifyElementPresent(findTestObject("Object Repository/Page_LDC1 Participants/th_Chi Hao Ha"), 0): Unable to verify object 'Object Repository/Page_LDC1 Participants/th_Chi Hao Ha' is present (Root cause: com.kms.katalon.core.exception.StepFailedException: Unable to verify object 'Object Repository/Page_LDC1 Participants/th_Chi Hao Ha' is present
	at com.kms.katalon.core.webui.keyword.internal.WebUIKeywordMain.stepFailed(WebUIKeywordMain.groovy:64)
	at com.kms.katalon.core.webui.keyword.internal.WebUIKeywordMain.runKeyword(WebUIKeywordMain.groovy:26)
	at com.kms.katalon.core.webui.keyword.builtin.VerifyElementPresentKeyword.verifyElementPresent(VerifyElementPresentKeyword.groovy:92)
	at com.kms.katalon.core.webui.keyword.builtin.VerifyElementPresentKeyword.execute(VerifyElementPresentKeyword.groovy:68)
	at com.kms.katalon.core.keyword.internal.KeywordExecutor.executeKeywordForPlatform(KeywordExecutor.groovy:74)
	at com.kms.katalon.core.webui.keyword.WebUiBuiltInKeywords.verifyElementPresent(WebUiBuiltInKeywords.groovy:1464)
	at com.kms.katalon.core.webui.keyword.WebUiBuiltInKeywords$verifyElementPresent$4.call(Unknown Source)
	at Admin_Assign Role Teacher.run(Admin_Assign Role Teacher:65)
	at com.kms.katalon.core.main.ScriptEngine.run(ScriptEngine.java:194)
	at com.kms.katalon.core.main.ScriptEngine.runScriptAsRawText(ScriptEngine.java:119)
	at com.kms.katalon.core.main.TestCaseExecutor.runScript(TestCaseExecutor.java:442)
	at com.kms.katalon.core.main.TestCaseExecutor.doExecute(TestCaseExecutor.java:433)
	at com.kms.katalon.core.main.TestCaseExecutor.processExecutionPhase(TestCaseExecutor.java:412)
	at com.kms.katalon.core.main.TestCaseExecutor.accessMainPhase(TestCaseExecutor.java:404)
	at com.kms.katalon.core.main.TestCaseExecutor.execute(TestCaseExecutor.java:281)
	at com.kms.katalon.core.main.TestSuiteExecutor.accessTestCaseMainPhase(TestSuiteExecutor.java:202)
	at com.kms.katalon.core.main.TestSuiteExecutor.accessTestSuiteMainPhase(TestSuiteExecutor.java:164)
	at com.kms.katalon.core.main.TestSuiteExecutor.execute(TestSuiteExecutor.java:105)
	at com.kms.katalon.core.main.TestCaseMain.startTestSuite(TestCaseMain.java:181)
	at com.kms.katalon.core.main.TestCaseMain$startTestSuite$0.call(Unknown Source)
	at TempTestSuite1641920935254.run(TempTestSuite1641920935254.groovy:36)
Caused by: com.kms.katalon.core.exception.StepFailedException: com.kms.katalon.core.webui.exception.WebElementNotFoundException: Web element with id: 'Object Repository/Page_LDC1 Participants/th_Chi Hao Ha' located by '//th[@id='user-index-participants-5_r0_c1']' not found
	at com.kms.katalon.core.webui.keyword.internal.WebUIKeywordMain.stepFailed(WebUIKeywordMain.groovy:64)
	at com.kms.katalon.core.webui.keyword.builtin.VerifyElementPresentKeyword$_verifyElementPresent_closure1.doCall(VerifyElementPresentKeyword.groovy:85)
	at com.kms.katalon.core.webui.keyword.builtin.VerifyElementPresentKeyword$_verifyElementPresent_closure1.call(VerifyElementPresentKeyword.groovy)
	at com.kms.katalon.core.webui.keyword.internal.WebUIKeywordMain.runKeyword(WebUIKeywordMain.groovy:20)
	... 19 more
)

2022-01-12 00:23:38 - [MESSAGE][WARNING] - Timeout '0' is invalid. Using default page load timeout: '30'

2022-01-12 00:24:09 - [MESSAGE][INFO] - Unable to find the element located by 'By.xpath: //th[@id='user-index-participants-5_r0_c1']'. Please recheck the objects properties to make sure the desired element is located. 

2022-01-12 00:24:10 - [MESSAGE][FAILED] - com.kms.katalon.core.webui.exception.WebElementNotFoundException: Web element with id: 'Object Repository/Page_LDC1 Participants/th_Chi Hao Ha' located by '//th[@id='user-index-participants-5_r0_c1']' not found (Root cause: com.kms.katalon.core.exception.StepFailedException: com.kms.katalon.core.webui.exception.WebElementNotFoundException: Web element with id: 'Object Repository/Page_LDC1 Participants/th_Chi Hao Ha' located by '//th[@id='user-index-participants-5_r0_c1']' not found
	at com.kms.katalon.core.webui.keyword.internal.WebUIKeywordMain.stepFailed(WebUIKeywordMain.groovy:64)
	at com.kms.katalon.core.webui.keyword.builtin.VerifyElementPresentKeyword$_verifyElementPresent_closure1.doCall(VerifyElementPresentKeyword.groovy:85)
	at com.kms.katalon.core.webui.keyword.builtin.VerifyElementPresentKeyword$_verifyElementPresent_closure1.call(VerifyElementPresentKeyword.groovy)
	at com.kms.katalon.core.webui.keyword.internal.WebUIKeywordMain.runKeyword(WebUIKeywordMain.groovy:20)
	at com.kms.katalon.core.webui.keyword.builtin.VerifyElementPresentKeyword.verifyElementPresent(VerifyElementPresentKeyword.groovy:92)
	at com.kms.katalon.core.webui.keyword.builtin.VerifyElementPresentKeyword.execute(VerifyElementPresentKeyword.groovy:68)
	at com.kms.katalon.core.keyword.internal.KeywordExecutor.executeKeywordForPlatform(KeywordExecutor.groovy:74)
	at com.kms.katalon.core.webui.keyword.WebUiBuiltInKeywords.verifyElementPresent(WebUiBuiltInKeywords.groovy:1464)
	at com.kms.katalon.core.webui.keyword.WebUiBuiltInKeywords$verifyElementPresent$4.call(Unknown Source)
	at Admin_Assign Role Teacher.run(Admin_Assign Role Teacher:65)
	at com.kms.katalon.core.main.ScriptEngine.run(ScriptEngine.java:194)
	at com.kms.katalon.core.main.ScriptEngine.runScriptAsRawText(ScriptEngine.java:119)
	at com.kms.katalon.core.main.TestCaseExecutor.runScript(TestCaseExecutor.java:442)
	at com.kms.katalon.core.main.TestCaseExecutor.doExecute(TestCaseExecutor.java:433)
	at com.kms.katalon.core.main.TestCaseExecutor.processExecutionPhase(TestCaseExecutor.java:412)
	at com.kms.katalon.core.main.TestCaseExecutor.accessMainPhase(TestCaseExecutor.java:404)
	at com.kms.katalon.core.main.TestCaseExecutor.execute(TestCaseExecutor.java:281)
	at com.kms.katalon.core.main.TestSuiteExecutor.accessTestCaseMainPhase(TestSuiteExecutor.java:202)
	at com.kms.katalon.core.main.TestSuiteExecutor.accessTestSuiteMainPhase(TestSuiteExecutor.java:164)
	at com.kms.katalon.core.main.TestSuiteExecutor.execute(TestSuiteExecutor.java:105)
	at com.kms.katalon.core.main.TestCaseMain.startTestSuite(TestCaseMain.java:181)
	at com.kms.katalon.core.main.TestCaseMain$startTestSuite$0.call(Unknown Source)
	at TempTestSuite1641920935254.run(TempTestSuite1641920935254.groovy:36)
)
[[ATTACHMENT|C:\\Users\\Admin\\Desktop\\Katalon_TestProject\\TestAutomation_Katalon-Test-Project\\Reports\\20220112_000855\\Run All Test Cases\\20220112_000855\\1641921849989.png]]

2022-01-12 00:24:10 - [MESSAGE][FAILED] - Unable to verify object 'Object Repository/Page_LDC1 Participants/th_Chi Hao Ha' is present (Root cause: com.kms.katalon.core.exception.StepFailedException: Unable to verify object 'Object Repository/Page_LDC1 Participants/th_Chi Hao Ha' is present
	at com.kms.katalon.core.webui.keyword.internal.WebUIKeywordMain.stepFailed(WebUIKeywordMain.groovy:64)
	at com.kms.katalon.core.webui.keyword.internal.WebUIKeywordMain.runKeyword(WebUIKeywordMain.groovy:26)
	at com.kms.katalon.core.webui.keyword.builtin.VerifyElementPresentKeyword.verifyElementPresent(VerifyElementPresentKeyword.groovy:92)
	at com.kms.katalon.core.webui.keyword.builtin.VerifyElementPresentKeyword.execute(VerifyElementPresentKeyword.groovy:68)
	at com.kms.katalon.core.keyword.internal.KeywordExecutor.executeKeywordForPlatform(KeywordExecutor.groovy:74)
	at com.kms.katalon.core.webui.keyword.WebUiBuiltInKeywords.verifyElementPresent(WebUiBuiltInKeywords.groovy:1464)
	at com.kms.katalon.core.webui.keyword.WebUiBuiltInKeywords$verifyElementPresent$4.call(Unknown Source)
	at Admin_Assign Role Teacher.run(Admin_Assign Role Teacher:65)
	at com.kms.katalon.core.main.ScriptEngine.run(ScriptEngine.java:194)
	at com.kms.katalon.core.main.ScriptEngine.runScriptAsRawText(ScriptEngine.java:119)
	at com.kms.katalon.core.main.TestCaseExecutor.runScript(TestCaseExecutor.java:442)
	at com.kms.katalon.core.main.TestCaseExecutor.doExecute(TestCaseExecutor.java:433)
	at com.kms.katalon.core.main.TestCaseExecutor.processExecutionPhase(TestCaseExecutor.java:412)
	at com.kms.katalon.core.main.TestCaseExecutor.accessMainPhase(TestCaseExecutor.java:404)
	at com.kms.katalon.core.main.TestCaseExecutor.execute(TestCaseExecutor.java:281)
	at com.kms.katalon.core.main.TestSuiteExecutor.accessTestCaseMainPhase(TestSuiteExecutor.java:202)
	at com.kms.katalon.core.main.TestSuiteExecutor.accessTestSuiteMainPhase(TestSuiteExecutor.java:164)
	at com.kms.katalon.core.main.TestSuiteExecutor.execute(TestSuiteExecutor.java:105)
	at com.kms.katalon.core.main.TestCaseMain.startTestSuite(TestCaseMain.java:181)
	at com.kms.katalon.core.main.TestCaseMain$startTestSuite$0.call(Unknown Source)
	at TempTestSuite1641920935254.run(TempTestSuite1641920935254.groovy:36)
Caused by: com.kms.katalon.core.exception.StepFailedException: com.kms.katalon.core.webui.exception.WebElementNotFoundException: Web element with id: 'Object Repository/Page_LDC1 Participants/th_Chi Hao Ha' located by '//th[@id='user-index-participants-5_r0_c1']' not found
	at com.kms.katalon.core.webui.keyword.internal.WebUIKeywordMain.stepFailed(WebUIKeywordMain.groovy:64)
	at com.kms.katalon.core.webui.keyword.builtin.VerifyElementPresentKeyword$_verifyElementPresent_closure1.doCall(VerifyElementPresentKeyword.groovy:85)
	at com.kms.katalon.core.webui.keyword.builtin.VerifyElementPresentKeyword$_verifyElementPresent_closure1.call(VerifyElementPresentKeyword.groovy)
	at com.kms.katalon.core.webui.keyword.internal.WebUIKeywordMain.runKeyword(WebUIKeywordMain.groovy:20)
	... 19 more
)
[[ATTACHMENT|C:\\Users\\Admin\\Desktop\\Katalon_TestProject\\TestAutomation_Katalon-Test-Project\\Reports\\20220112_000855\\Run All Test Cases\\20220112_000855\\1641921850138.png]]]]></system-out>
         <system-err><![CDATA[2022-01-12 00:23:12 - [TEST_CASE][FAILED] - Test Cases/Admin/Admin Assign Role/Admin_Assign Role Teacher: Test Cases/Admin/Admin Assign Role/Admin_Assign Role Teacher FAILED.
Reason:
com.kms.katalon.core.exception.StepFailedException: Unable to verify object 'Object Repository/Page_LDC1 Participants/th_Chi Hao Ha' is present
	at com.kms.katalon.core.webui.keyword.internal.WebUIKeywordMain.stepFailed(WebUIKeywordMain.groovy:64)
	at com.kms.katalon.core.webui.keyword.internal.WebUIKeywordMain.runKeyword(WebUIKeywordMain.groovy:26)
	at com.kms.katalon.core.webui.keyword.builtin.VerifyElementPresentKeyword.verifyElementPresent(VerifyElementPresentKeyword.groovy:92)
	at com.kms.katalon.core.webui.keyword.builtin.VerifyElementPresentKeyword.execute(VerifyElementPresentKeyword.groovy:68)
	at com.kms.katalon.core.keyword.internal.KeywordExecutor.executeKeywordForPlatform(KeywordExecutor.groovy:74)
	at com.kms.katalon.core.webui.keyword.WebUiBuiltInKeywords.verifyElementPresent(WebUiBuiltInKeywords.groovy:1464)
	at com.kms.katalon.core.webui.keyword.WebUiBuiltInKeywords$verifyElementPresent$4.call(Unknown Source)
	at Admin_Assign Role Teacher.run(Admin_Assign Role Teacher:65)
	at com.kms.katalon.core.main.ScriptEngine.run(ScriptEngine.java:194)
	at com.kms.katalon.core.main.ScriptEngine.runScriptAsRawText(ScriptEngine.java:119)
	at com.kms.katalon.core.main.TestCaseExecutor.runScript(TestCaseExecutor.java:442)
	at com.kms.katalon.core.main.TestCaseExecutor.doExecute(TestCaseExecutor.java:433)
	at com.kms.katalon.core.main.TestCaseExecutor.processExecutionPhase(TestCaseExecutor.java:412)
	at com.kms.katalon.core.main.TestCaseExecutor.accessMainPhase(TestCaseExecutor.java:404)
	at com.kms.katalon.core.main.TestCaseExecutor.execute(TestCaseExecutor.java:281)
	at com.kms.katalon.core.main.TestSuiteExecutor.accessTestCaseMainPhase(TestSuiteExecutor.java:202)
	at com.kms.katalon.core.main.TestSuiteExecutor.accessTestSuiteMainPhase(TestSuiteExecutor.java:164)
	at com.kms.katalon.core.main.TestSuiteExecutor.execute(TestSuiteExecutor.java:105)
	at com.kms.katalon.core.main.TestCaseMain.startTestSuite(TestCaseMain.java:181)
	at com.kms.katalon.core.main.TestCaseMain$startTestSuite$0.call(Unknown Source)
	at TempTestSuite1641920935254.run(TempTestSuite1641920935254.groovy:36)
Caused by: com.kms.katalon.core.exception.StepFailedException: com.kms.katalon.core.webui.exception.WebElementNotFoundException: Web element with id: 'Object Repository/Page_LDC1 Participants/th_Chi Hao Ha' located by '//th[@id='user-index-participants-5_r0_c1']' not found
	at com.kms.katalon.core.webui.keyword.internal.WebUIKeywordMain.stepFailed(WebUIKeywordMain.groovy:64)
	at com.kms.katalon.core.webui.keyword.builtin.VerifyElementPresentKeyword$_verifyElementPresent_closure1.doCall(VerifyElementPresentKeyword.groovy:85)
	at com.kms.katalon.core.webui.keyword.builtin.VerifyElementPresentKeyword$_verifyElementPresent_closure1.call(VerifyElementPresentKeyword.groovy)
	at com.kms.katalon.core.webui.keyword.internal.WebUIKeywordMain.runKeyword(WebUIKeywordMain.groovy:20)
	... 19 more]]></system-err>
      </testcase>
      <testcase name="Test Cases/Admin/Admin Create Course/Admin_Create Course Success" time="49.731" classname="Test Cases/Admin/Admin Create Course/Admin_Create Course Success" status="FAILED">
         <failure type="FAILED" message="Test Cases/Admin/Admin Create Course/Admin_Create Course Success FAILED.
Reason:
com.kms.katalon.core.exception.StepFailedException: Unable to click on object 'Object Repository/Page_Moodle Add a new course/input__saveanddisplay'
	at com.kms.katalon.core.webui.keyword.internal.WebUIKeywordMain.stepFailed(WebUIKeywordMain.groovy:64)
	at com.kms.katalon.core.webui.keyword.internal.WebUIKeywordMain.runKeyword(WebUIKeywordMain.groovy:26)
	at com.kms.katalon.core.webui.keyword.builtin.ClickKeyword.click(ClickKeyword.groovy:74)
	at com.kms.katalon.core.webui.keyword.builtin.ClickKeyword.execute(ClickKeyword.groovy:40)
	at com.kms.katalon.core.keyword.internal.KeywordExecutor.executeKeywordForPlatform(KeywordExecutor.groovy:74)
	at com.kms.katalon.core.webui.keyword.WebUiBuiltInKeywords.click(WebUiBuiltInKeywords.groovy:620)
	at com.kms.katalon.core.webui.keyword.WebUiBuiltInKeywords$click$3.call(Unknown Source)
	at Admin_Create Course Success.run(Admin_Create Course Success:36)
	at com.kms.katalon.core.main.ScriptEngine.run(ScriptEngine.java:194)
	at com.kms.katalon.core.main.ScriptEngine.runScriptAsRawText(ScriptEngine.java:119)
	at com.kms.katalon.core.main.TestCaseExecutor.runScript(TestCaseExecutor.java:442)
	at com.kms.katalon.core.main.TestCaseExecutor.doExecute(TestCaseExecutor.java:433)
	at com.kms.katalon.core.main.TestCaseExecutor.processExecutionPhase(TestCaseExecutor.java:412)
	at com.kms.katalon.core.main.TestCaseExecutor.accessMainPhase(TestCaseExecutor.java:404)
	at com.kms.katalon.core.main.TestCaseExecutor.execute(TestCaseExecutor.java:281)
	at com.kms.katalon.core.main.TestSuiteExecutor.accessTestCaseMainPhase(TestSuiteExecutor.java:202)
	at com.kms.katalon.core.main.TestSuiteExecutor.accessTestSuiteMainPhase(TestSuiteExecutor.java:164)
	at com.kms.katalon.core.main.TestSuiteExecutor.execute(TestSuiteExecutor.java:105)
	at com.kms.katalon.core.main.TestCaseMain.startTestSuite(TestCaseMain.java:181)
	at com.kms.katalon.core.main.TestCaseMain$startTestSuite$0.call(Unknown Source)
	at TempTestSuite1641920935254.run(TempTestSuite1641920935254.groovy:36)
Caused by: com.kms.katalon.core.webui.exception.WebElementNotFoundException: Web element with id: 'Object Repository/Page_Moodle Add a new course/input__saveanddisplay' located by '//input[@id='id_saveanddisplay']' not found
	at com.kms.katalon.core.webui.common.WebUiCommonHelper.findWebElement(WebUiCommonHelper.java:1368)
	at com.kms.katalon.core.webui.keyword.internal.WebUIAbstractKeyword.findWebElement(WebUIAbstractKeyword.groovy:27)
	at com.kms.katalon.core.webui.keyword.builtin.ClickKeyword$_click_closure1.doCall(ClickKeyword.groovy:65)
	at com.kms.katalon.core.webui.keyword.builtin.ClickKeyword$_click_closure1.call(ClickKeyword.groovy)
	at com.kms.katalon.core.webui.keyword.internal.WebUIKeywordMain.runKeyword(WebUIKeywordMain.groovy:20)
	... 19 more
"/>
         <system-out><![CDATA[2022-01-12 00:24:10 - [TEST_CASE][FAILED] - Test Cases/Admin/Admin Create Course/Admin_Create Course Success: Test Cases/Admin/Admin Create Course/Admin_Create Course Success FAILED.
Reason:
com.kms.katalon.core.exception.StepFailedException: Unable to click on object 'Object Repository/Page_Moodle Add a new course/input__saveanddisplay'
	at com.kms.katalon.core.webui.keyword.internal.WebUIKeywordMain.stepFailed(WebUIKeywordMain.groovy:64)
	at com.kms.katalon.core.webui.keyword.internal.WebUIKeywordMain.runKeyword(WebUIKeywordMain.groovy:26)
	at com.kms.katalon.core.webui.keyword.builtin.ClickKeyword.click(ClickKeyword.groovy:74)
	at com.kms.katalon.core.webui.keyword.builtin.ClickKeyword.execute(ClickKeyword.groovy:40)
	at com.kms.katalon.core.keyword.internal.KeywordExecutor.executeKeywordForPlatform(KeywordExecutor.groovy:74)
	at com.kms.katalon.core.webui.keyword.WebUiBuiltInKeywords.click(WebUiBuiltInKeywords.groovy:620)
	at com.kms.katalon.core.webui.keyword.WebUiBuiltInKeywords$click$3.call(Unknown Source)
	at Admin_Create Course Success.run(Admin_Create Course Success:36)
	at com.kms.katalon.core.main.ScriptEngine.run(ScriptEngine.java:194)
	at com.kms.katalon.core.main.ScriptEngine.runScriptAsRawText(ScriptEngine.java:119)
	at com.kms.katalon.core.main.TestCaseExecutor.runScript(TestCaseExecutor.java:442)
	at com.kms.katalon.core.main.TestCaseExecutor.doExecute(TestCaseExecutor.java:433)
	at com.kms.katalon.core.main.TestCaseExecutor.processExecutionPhase(TestCaseExecutor.java:412)
	at com.kms.katalon.core.main.TestCaseExecutor.accessMainPhase(TestCaseExecutor.java:404)
	at com.kms.katalon.core.main.TestCaseExecutor.execute(TestCaseExecutor.java:281)
	at com.kms.katalon.core.main.TestSuiteExecutor.accessTestCaseMainPhase(TestSuiteExecutor.java:202)
	at com.kms.katalon.core.main.TestSuiteExecutor.accessTestSuiteMainPhase(TestSuiteExecutor.java:164)
	at com.kms.katalon.core.main.TestSuiteExecutor.execute(TestSuiteExecutor.java:105)
	at com.kms.katalon.core.main.TestCaseMain.startTestSuite(TestCaseMain.java:181)
	at com.kms.katalon.core.main.TestCaseMain$startTestSuite$0.call(Unknown Source)
	at TempTestSuite1641920935254.run(TempTestSuite1641920935254.groovy:36)
Caused by: com.kms.katalon.core.webui.exception.WebElementNotFoundException: Web element with id: 'Object Repository/Page_Moodle Add a new course/input__saveanddisplay' located by '//input[@id='id_saveanddisplay']' not found
	at com.kms.katalon.core.webui.common.WebUiCommonHelper.findWebElement(WebUiCommonHelper.java:1368)
	at com.kms.katalon.core.webui.keyword.internal.WebUIAbstractKeyword.findWebElement(WebUIAbstractKeyword.groovy:27)
	at com.kms.katalon.core.webui.keyword.builtin.ClickKeyword$_click_closure1.doCall(ClickKeyword.groovy:65)
	at com.kms.katalon.core.webui.keyword.builtin.ClickKeyword$_click_closure1.call(ClickKeyword.groovy)
	at com.kms.katalon.core.webui.keyword.internal.WebUIKeywordMain.runKeyword(WebUIKeywordMain.groovy:20)
	... 19 more


2022-01-12 00:24:10 - [TEST_STEP][PASSED] - callTestCase(findTestCase("Admin/Admin_Login"), [:], STOP_ON_FAILURE): Call Test Case 'Test Cases/Admin/Admin_Login' successfully

2022-01-12 00:24:10 - [TEST_CASE][PASSED] - Test Cases/Admin/Admin_Login: Test Cases/Admin/Admin_Login

2022-01-12 00:24:10 - [TEST_STEP][PASSED] - openBrowser(""): Browser is opened with url: ''

2022-01-12 00:24:10 - [MESSAGE][WARNING] - A browser is already opened. Closing browser and opening a new one

2022-01-12 00:24:11 - [MESSAGE][INFO] - Starting 'Chrome' driver

2022-01-12 00:24:11 - [MESSAGE][INFO] - User set preference: ['args', '[window-size=1300,900]']

2022-01-12 00:24:11 - [MESSAGE][INFO] - Action delay is set to 0 milliseconds

2022-01-12 00:24:12 - [MESSAGE][PASSED] - Browser is opened with url: ''

2022-01-12 00:24:12 - [TEST_STEP][PASSED] - navigateToUrl("http://localhost:8080/moodle/login/index.php"): Navigate to 'http://localhost:8080/moodle/login/index.php' successfully

2022-01-12 00:24:12 - [MESSAGE][PASSED] - Navigate to 'http://localhost:8080/moodle/login/index.php' successfully

2022-01-12 00:24:12 - [TEST_STEP][PASSED] - setText(findTestObject("Object Repository/Page_BCS Moodle Log in to the site/input_Username_username"), "admin"): Text 'admin' is set on object 'Object Repository/Page_BCS Moodle Log in to the site/input_Username_username'

2022-01-12 00:24:13 - [MESSAGE][PASSED] - Text 'admin' is set on object 'Object Repository/Page_BCS Moodle Log in to the site/input_Username_username'

2022-01-12 00:24:13 - [TEST_STEP][PASSED] - setEncryptedText(findTestObject("Object Repository/Page_BCS Moodle Log in to the site/input_Password_password"), "p4y+y39Ir5PR9RXlOHjWlj+CAJiYdX4g"): Text ****** has been set on object 'Object Repository/Page_BCS Moodle Log in to the site/input_Password_password'

2022-01-12 00:24:14 - [MESSAGE][PASSED] - Text ****** has been set on object 'Object Repository/Page_BCS Moodle Log in to the site/input_Password_password'

2022-01-12 00:24:14 - [TEST_STEP][PASSED] - click(findTestObject("Object Repository/Page_BCS Moodle Log in to the site/button_Log in")): Object: 'Object Repository/Page_BCS Moodle Log in to the site/button_Log in' is clicked on

2022-01-12 00:24:15 - [MESSAGE][PASSED] - Object: 'Object Repository/Page_BCS Moodle Log in to the site/button_Log in' is clicked on

2022-01-12 00:24:15 - [MESSAGE][PASSED] - Call Test Case 'Test Cases/Admin/Admin_Login' successfully

2022-01-12 00:24:15 - [TEST_STEP][PASSED] - click(findTestObject("Object Repository/Page_Dashboard/a_Site administration")): Object: 'Object Repository/Page_Dashboard/a_Site administration' is clicked on

2022-01-12 00:24:18 - [MESSAGE][PASSED] - Object: 'Object Repository/Page_Dashboard/a_Site administration' is clicked on

2022-01-12 00:24:18 - [TEST_STEP][PASSED] - navigateToUrl("http://localhost:8080/moodle/admin/search.php"): Navigate to 'http://localhost:8080/moodle/admin/search.php' successfully

2022-01-12 00:24:19 - [MESSAGE][PASSED] - Navigate to 'http://localhost:8080/moodle/admin/search.php' successfully

2022-01-12 00:24:19 - [TEST_STEP][PASSED] - click(findTestObject("Object Repository/Page_Moodle Administration Search/a_Courses")): Object: 'Object Repository/Page_Moodle Administration Search/a_Courses' is clicked on

2022-01-12 00:24:20 - [MESSAGE][PASSED] - Object: 'Object Repository/Page_Moodle Administration Search/a_Courses' is clicked on

2022-01-12 00:24:20 - [TEST_STEP][PASSED] - click(findTestObject("Object Repository/Page_Moodle Administration Search/a_Add a new course")): Object: 'Object Repository/Page_Moodle Administration Search/a_Add a new course' is clicked on

2022-01-12 00:24:21 - [MESSAGE][PASSED] - Object: 'Object Repository/Page_Moodle Administration Search/a_Add a new course' is clicked on

2022-01-12 00:24:21 - [TEST_STEP][PASSED] - navigateToUrl("http://localhost:8080/moodle/course/edit.php?category=0"): Navigate to 'http://localhost:8080/moodle/course/edit.php?category=0' successfully

2022-01-12 00:24:22 - [MESSAGE][PASSED] - Navigate to 'http://localhost:8080/moodle/course/edit.php?category=0' successfully

2022-01-12 00:24:22 - [TEST_STEP][PASSED] - setText(findTestObject("Object Repository/Page_Moodle Add a new course/input_Course full name_fullname"), "Hệ thống thông tin"): Text 'Hệ thống thông tin' is set on object 'Object Repository/Page_Moodle Add a new course/input_Course full name_fullname'

2022-01-12 00:24:23 - [MESSAGE][PASSED] - Text 'Hệ thống thông tin' is set on object 'Object Repository/Page_Moodle Add a new course/input_Course full name_fullname'

2022-01-12 00:24:23 - [TEST_STEP][PASSED] - setText(findTestObject("Object Repository/Page_Moodle Add a new course/input_Course short name_shortname"), "HTTT"): Text 'HTTT' is set on object 'Object Repository/Page_Moodle Add a new course/input_Course short name_shortname'

2022-01-12 00:24:24 - [MESSAGE][PASSED] - Text 'HTTT' is set on object 'Object Repository/Page_Moodle Add a new course/input_Course short name_shortname'

2022-01-12 00:24:24 - [TEST_STEP][FAILED] - click(findTestObject("Object Repository/Page_Moodle Add a new course/input__saveanddisplay")): Unable to click on object 'Object Repository/Page_Moodle Add a new course/input__saveanddisplay' (Root cause: com.kms.katalon.core.exception.StepFailedException: Unable to click on object 'Object Repository/Page_Moodle Add a new course/input__saveanddisplay'
	at com.kms.katalon.core.webui.keyword.internal.WebUIKeywordMain.stepFailed(WebUIKeywordMain.groovy:64)
	at com.kms.katalon.core.webui.keyword.internal.WebUIKeywordMain.runKeyword(WebUIKeywordMain.groovy:26)
	at com.kms.katalon.core.webui.keyword.builtin.ClickKeyword.click(ClickKeyword.groovy:74)
	at com.kms.katalon.core.webui.keyword.builtin.ClickKeyword.execute(ClickKeyword.groovy:40)
	at com.kms.katalon.core.keyword.internal.KeywordExecutor.executeKeywordForPlatform(KeywordExecutor.groovy:74)
	at com.kms.katalon.core.webui.keyword.WebUiBuiltInKeywords.click(WebUiBuiltInKeywords.groovy:620)
	at com.kms.katalon.core.webui.keyword.WebUiBuiltInKeywords$click$3.call(Unknown Source)
	at Admin_Create Course Success.run(Admin_Create Course Success:36)
	at com.kms.katalon.core.main.ScriptEngine.run(ScriptEngine.java:194)
	at com.kms.katalon.core.main.ScriptEngine.runScriptAsRawText(ScriptEngine.java:119)
	at com.kms.katalon.core.main.TestCaseExecutor.runScript(TestCaseExecutor.java:442)
	at com.kms.katalon.core.main.TestCaseExecutor.doExecute(TestCaseExecutor.java:433)
	at com.kms.katalon.core.main.TestCaseExecutor.processExecutionPhase(TestCaseExecutor.java:412)
	at com.kms.katalon.core.main.TestCaseExecutor.accessMainPhase(TestCaseExecutor.java:404)
	at com.kms.katalon.core.main.TestCaseExecutor.execute(TestCaseExecutor.java:281)
	at com.kms.katalon.core.main.TestSuiteExecutor.accessTestCaseMainPhase(TestSuiteExecutor.java:202)
	at com.kms.katalon.core.main.TestSuiteExecutor.accessTestSuiteMainPhase(TestSuiteExecutor.java:164)
	at com.kms.katalon.core.main.TestSuiteExecutor.execute(TestSuiteExecutor.java:105)
	at com.kms.katalon.core.main.TestCaseMain.startTestSuite(TestCaseMain.java:181)
	at com.kms.katalon.core.main.TestCaseMain$startTestSuite$0.call(Unknown Source)
	at TempTestSuite1641920935254.run(TempTestSuite1641920935254.groovy:36)
Caused by: com.kms.katalon.core.webui.exception.WebElementNotFoundException: Web element with id: 'Object Repository/Page_Moodle Add a new course/input__saveanddisplay' located by '//input[@id='id_saveanddisplay']' not found
	at com.kms.katalon.core.webui.common.WebUiCommonHelper.findWebElement(WebUiCommonHelper.java:1368)
	at com.kms.katalon.core.webui.keyword.internal.WebUIAbstractKeyword.findWebElement(WebUIAbstractKeyword.groovy:27)
	at com.kms.katalon.core.webui.keyword.builtin.ClickKeyword$_click_closure1.doCall(ClickKeyword.groovy:65)
	at com.kms.katalon.core.webui.keyword.builtin.ClickKeyword$_click_closure1.call(ClickKeyword.groovy)
	at com.kms.katalon.core.webui.keyword.internal.WebUIKeywordMain.runKeyword(WebUIKeywordMain.groovy:20)
	at com.kms.katalon.core.webui.keyword.builtin.ClickKeyword.click(ClickKeyword.groovy:74)
	at com.kms.katalon.core.webui.keyword.builtin.ClickKeyword.execute(ClickKeyword.groovy:40)
	at com.kms.katalon.core.keyword.internal.KeywordExecutor.executeKeywordForPlatform(KeywordExecutor.groovy:74)
	at com.kms.katalon.core.webui.keyword.WebUiBuiltInKeywords.click(WebUiBuiltInKeywords.groovy:620)
	at com.kms.katalon.core.webui.keyword.WebUiBuiltInKeywords$click$3.call(Unknown Source)
	at Script1641397720788.run(Script1641397720788.groovy:36)
	... 13 more
)

2022-01-12 00:24:55 - [MESSAGE][INFO] - Unable to find the element located by 'By.xpath: //input[@id='id_saveanddisplay']'. Please recheck the objects properties to make sure the desired element is located. 

2022-01-12 00:24:55 - [MESSAGE][WARNING] - [SELF-HEALING] Failed to find element with id 'Object Repository/Page_Moodle Add a new course/input__saveanddisplay'. Try using Self-healing.

2022-01-12 00:24:56 - [MESSAGE][INFO] - [SELF-HEALING] Failed Locator: '//input[@id='id_saveanddisplay']'.

2022-01-12 00:24:56 - [MESSAGE][INFO] - [SELF-HEALING] Failed Locator: '//span[@id='yui_3_17_2_1_1641460292302_1085']/input'.

2022-01-12 00:24:56 - [MESSAGE][INFO] - [SELF-HEALING] Failed Locator: '//span/input'.

2022-01-12 00:24:56 - [MESSAGE][INFO] - [SELF-HEALING] Failed Locator: '//input[@id='id_saveanddisplay']'.

2022-01-12 00:24:57 - [MESSAGE][INFO] - [SELF-HEALING] Failed Locator: '//span[@id='yui_3_17_2_1_1641460292302_1085']/input'.

2022-01-12 00:24:57 - [MESSAGE][INFO] - [SELF-HEALING] Failed Locator: '//span/input'.

2022-01-12 00:24:58 - [MESSAGE][INFO] - Unable to find the element located by 'By.xpath: //*[@type = 'submit' and @name = 'saveanddisplay' and @id = 'id_saveanddisplay']'. Please recheck the objects properties to make sure the desired element is located. 

2022-01-12 00:24:59 - [MESSAGE][INFO] - Unable to find the element located by 'By.cssSelector: #id_saveanddisplay'. Please recheck the objects properties to make sure the desired element is located. 

2022-01-12 00:24:59 - [MESSAGE][FAILED] - Unable to click on object 'Object Repository/Page_Moodle Add a new course/input__saveanddisplay' (Root cause: com.kms.katalon.core.exception.StepFailedException: Unable to click on object 'Object Repository/Page_Moodle Add a new course/input__saveanddisplay'
	at com.kms.katalon.core.webui.keyword.internal.WebUIKeywordMain.stepFailed(WebUIKeywordMain.groovy:64)
	at com.kms.katalon.core.webui.keyword.internal.WebUIKeywordMain.runKeyword(WebUIKeywordMain.groovy:26)
	at com.kms.katalon.core.webui.keyword.builtin.ClickKeyword.click(ClickKeyword.groovy:74)
	at com.kms.katalon.core.webui.keyword.builtin.ClickKeyword.execute(ClickKeyword.groovy:40)
	at com.kms.katalon.core.keyword.internal.KeywordExecutor.executeKeywordForPlatform(KeywordExecutor.groovy:74)
	at com.kms.katalon.core.webui.keyword.WebUiBuiltInKeywords.click(WebUiBuiltInKeywords.groovy:620)
	at com.kms.katalon.core.webui.keyword.WebUiBuiltInKeywords$click$3.call(Unknown Source)
	at Admin_Create Course Success.run(Admin_Create Course Success:36)
	at com.kms.katalon.core.main.ScriptEngine.run(ScriptEngine.java:194)
	at com.kms.katalon.core.main.ScriptEngine.runScriptAsRawText(ScriptEngine.java:119)
	at com.kms.katalon.core.main.TestCaseExecutor.runScript(TestCaseExecutor.java:442)
	at com.kms.katalon.core.main.TestCaseExecutor.doExecute(TestCaseExecutor.java:433)
	at com.kms.katalon.core.main.TestCaseExecutor.processExecutionPhase(TestCaseExecutor.java:412)
	at com.kms.katalon.core.main.TestCaseExecutor.accessMainPhase(TestCaseExecutor.java:404)
	at com.kms.katalon.core.main.TestCaseExecutor.execute(TestCaseExecutor.java:281)
	at com.kms.katalon.core.main.TestSuiteExecutor.accessTestCaseMainPhase(TestSuiteExecutor.java:202)
	at com.kms.katalon.core.main.TestSuiteExecutor.accessTestSuiteMainPhase(TestSuiteExecutor.java:164)
	at com.kms.katalon.core.main.TestSuiteExecutor.execute(TestSuiteExecutor.java:105)
	at com.kms.katalon.core.main.TestCaseMain.startTestSuite(TestCaseMain.java:181)
	at com.kms.katalon.core.main.TestCaseMain$startTestSuite$0.call(Unknown Source)
	at TempTestSuite1641920935254.run(TempTestSuite1641920935254.groovy:36)
Caused by: com.kms.katalon.core.webui.exception.WebElementNotFoundException: Web element with id: 'Object Repository/Page_Moodle Add a new course/input__saveanddisplay' located by '//input[@id='id_saveanddisplay']' not found
	at com.kms.katalon.core.webui.common.WebUiCommonHelper.findWebElement(WebUiCommonHelper.java:1368)
	at com.kms.katalon.core.webui.keyword.internal.WebUIAbstractKeyword.findWebElement(WebUIAbstractKeyword.groovy:27)
	at com.kms.katalon.core.webui.keyword.builtin.ClickKeyword$_click_closure1.doCall(ClickKeyword.groovy:65)
	at com.kms.katalon.core.webui.keyword.builtin.ClickKeyword$_click_closure1.call(ClickKeyword.groovy)
	at com.kms.katalon.core.webui.keyword.internal.WebUIKeywordMain.runKeyword(WebUIKeywordMain.groovy:20)
	at com.kms.katalon.core.webui.keyword.builtin.ClickKeyword.click(ClickKeyword.groovy:74)
	at com.kms.katalon.core.webui.keyword.builtin.ClickKeyword.execute(ClickKeyword.groovy:40)
	at com.kms.katalon.core.keyword.internal.KeywordExecutor.executeKeywordForPlatform(KeywordExecutor.groovy:74)
	at com.kms.katalon.core.webui.keyword.WebUiBuiltInKeywords.click(WebUiBuiltInKeywords.groovy:620)
	at com.kms.katalon.core.webui.keyword.WebUiBuiltInKeywords$click$3.call(Unknown Source)
	at Script1641397720788.run(Script1641397720788.groovy:36)
	... 13 more
)
[[ATTACHMENT|C:\\Users\\Admin\\Desktop\\Katalon_TestProject\\TestAutomation_Katalon-Test-Project\\Reports\\20220112_000855\\Run All Test Cases\\20220112_000855\\1641921899836.png]]]]></system-out>
         <system-err><![CDATA[2022-01-12 00:24:10 - [TEST_CASE][FAILED] - Test Cases/Admin/Admin Create Course/Admin_Create Course Success: Test Cases/Admin/Admin Create Course/Admin_Create Course Success FAILED.
Reason:
com.kms.katalon.core.exception.StepFailedException: Unable to click on object 'Object Repository/Page_Moodle Add a new course/input__saveanddisplay'
	at com.kms.katalon.core.webui.keyword.internal.WebUIKeywordMain.stepFailed(WebUIKeywordMain.groovy:64)
	at com.kms.katalon.core.webui.keyword.internal.WebUIKeywordMain.runKeyword(WebUIKeywordMain.groovy:26)
	at com.kms.katalon.core.webui.keyword.builtin.ClickKeyword.click(ClickKeyword.groovy:74)
	at com.kms.katalon.core.webui.keyword.builtin.ClickKeyword.execute(ClickKeyword.groovy:40)
	at com.kms.katalon.core.keyword.internal.KeywordExecutor.executeKeywordForPlatform(KeywordExecutor.groovy:74)
	at com.kms.katalon.core.webui.keyword.WebUiBuiltInKeywords.click(WebUiBuiltInKeywords.groovy:620)
	at com.kms.katalon.core.webui.keyword.WebUiBuiltInKeywords$click$3.call(Unknown Source)
	at Admin_Create Course Success.run(Admin_Create Course Success:36)
	at com.kms.katalon.core.main.ScriptEngine.run(ScriptEngine.java:194)
	at com.kms.katalon.core.main.ScriptEngine.runScriptAsRawText(ScriptEngine.java:119)
	at com.kms.katalon.core.main.TestCaseExecutor.runScript(TestCaseExecutor.java:442)
	at com.kms.katalon.core.main.TestCaseExecutor.doExecute(TestCaseExecutor.java:433)
	at com.kms.katalon.core.main.TestCaseExecutor.processExecutionPhase(TestCaseExecutor.java:412)
	at com.kms.katalon.core.main.TestCaseExecutor.accessMainPhase(TestCaseExecutor.java:404)
	at com.kms.katalon.core.main.TestCaseExecutor.execute(TestCaseExecutor.java:281)
	at com.kms.katalon.core.main.TestSuiteExecutor.accessTestCaseMainPhase(TestSuiteExecutor.java:202)
	at com.kms.katalon.core.main.TestSuiteExecutor.accessTestSuiteMainPhase(TestSuiteExecutor.java:164)
	at com.kms.katalon.core.main.TestSuiteExecutor.execute(TestSuiteExecutor.java:105)
	at com.kms.katalon.core.main.TestCaseMain.startTestSuite(TestCaseMain.java:181)
	at com.kms.katalon.core.main.TestCaseMain$startTestSuite$0.call(Unknown Source)
	at TempTestSuite1641920935254.run(TempTestSuite1641920935254.groovy:36)
Caused by: com.kms.katalon.core.webui.exception.WebElementNotFoundException: Web element with id: 'Object Repository/Page_Moodle Add a new course/input__saveanddisplay' located by '//input[@id='id_saveanddisplay']' not found
	at com.kms.katalon.core.webui.common.WebUiCommonHelper.findWebElement(WebUiCommonHelper.java:1368)
	at com.kms.katalon.core.webui.keyword.internal.WebUIAbstractKeyword.findWebElement(WebUIAbstractKeyword.groovy:27)
	at com.kms.katalon.core.webui.keyword.builtin.ClickKeyword$_click_closure1.doCall(ClickKeyword.groovy:65)
	at com.kms.katalon.core.webui.keyword.builtin.ClickKeyword$_click_closure1.call(ClickKeyword.groovy)
	at com.kms.katalon.core.webui.keyword.internal.WebUIKeywordMain.runKeyword(WebUIKeywordMain.groovy:20)
	... 19 more]]></system-err>
      </testcase>
      <testcase name="Test Cases/Student/Student_Enroll/Student_Enroll With Key_Failed" time="12.806" classname="Test Cases/Student/Student_Enroll/Student_Enroll With Key_Failed" status="PASSED">
         <system-out><![CDATA[2022-01-12 00:24:59 - [TEST_CASE][PASSED] - Test Cases/Student/Student_Enroll/Student_Enroll With Key_Failed: Test Cases/Student/Student_Enroll/Student_Enroll With Key_Failed

2022-01-12 00:25:00 - [TEST_STEP][PASSED] - openBrowser(""): Browser is opened with url: ''

2022-01-12 00:25:00 - [MESSAGE][WARNING] - A browser is already opened. Closing browser and opening a new one

2022-01-12 00:25:00 - [MESSAGE][INFO] - Starting 'Chrome' driver

2022-01-12 00:25:00 - [MESSAGE][INFO] - User set preference: ['args', '[window-size=1300,900]']

2022-01-12 00:25:00 - [MESSAGE][INFO] - Action delay is set to 0 milliseconds

2022-01-12 00:25:02 - [MESSAGE][PASSED] - Browser is opened with url: ''

2022-01-12 00:25:02 - [TEST_STEP][PASSED] - navigateToUrl("http://localhost:8080/moodle/"): Navigate to 'http://localhost:8080/moodle/' successfully

2022-01-12 00:25:02 - [MESSAGE][PASSED] - Navigate to 'http://localhost:8080/moodle/' successfully

2022-01-12 00:25:02 - [TEST_STEP][PASSED] - click(findTestObject("Object Repository/Page_BCS Moodle/a_Log in")): Object: 'Object Repository/Page_BCS Moodle/a_Log in' is clicked on

2022-01-12 00:25:03 - [MESSAGE][PASSED] - Object: 'Object Repository/Page_BCS Moodle/a_Log in' is clicked on

2022-01-12 00:25:03 - [TEST_STEP][PASSED] - setText(findTestObject("Object Repository/Page_BCS Moodle Log in to the site/input_Username_username"), "thaiduy"): Text 'thaiduy' is set on object 'Object Repository/Page_BCS Moodle Log in to the site/input_Username_username'

2022-01-12 00:25:04 - [MESSAGE][PASSED] - Text 'thaiduy' is set on object 'Object Repository/Page_BCS Moodle Log in to the site/input_Username_username'

2022-01-12 00:25:04 - [TEST_STEP][PASSED] - setEncryptedText(findTestObject("Object Repository/Page_BCS Moodle Log in to the site/input_Password_password"), "p4y+y39Ir5PR9RXlOHjWlj+CAJiYdX4g"): Text ****** has been set on object 'Object Repository/Page_BCS Moodle Log in to the site/input_Password_password'

2022-01-12 00:25:04 - [MESSAGE][PASSED] - Text ****** has been set on object 'Object Repository/Page_BCS Moodle Log in to the site/input_Password_password'

2022-01-12 00:25:04 - [TEST_STEP][PASSED] - click(findTestObject("Object Repository/Page_BCS Moodle Log in to the site/button_Log in")): Object: 'Object Repository/Page_BCS Moodle Log in to the site/button_Log in' is clicked on

2022-01-12 00:25:06 - [MESSAGE][PASSED] - Object: 'Object Repository/Page_BCS Moodle Log in to the site/button_Log in' is clicked on

2022-01-12 00:25:06 - [TEST_STEP][PASSED] - click(findTestObject("Object Repository/Page_Dashboard/a_Site home")): Object: 'Object Repository/Page_Dashboard/a_Site home' is clicked on

2022-01-12 00:25:08 - [MESSAGE][PASSED] - Object: 'Object Repository/Page_Dashboard/a_Site home' is clicked on

2022-01-12 00:25:08 - [TEST_STEP][PASSED] - click(findTestObject("Object Repository/Page_BCS Moodle/a_C s d liu 19CTT3")): Object: 'Object Repository/Page_BCS Moodle/a_C s d liu 19CTT3' is clicked on

2022-01-12 00:25:10 - [MESSAGE][PASSED] - Object: 'Object Repository/Page_BCS Moodle/a_C s d liu 19CTT3' is clicked on

2022-01-12 00:25:10 - [TEST_STEP][PASSED] - setEncryptedText(findTestObject("Object Repository/Page_CSDL/input_Enrolment key_enrolpassword"), "BV0dRoAgsGg="): Text ****** has been set on object 'Object Repository/Page_CSDL/input_Enrolment key_enrolpassword'

2022-01-12 00:25:10 - [MESSAGE][PASSED] - Text ****** has been set on object 'Object Repository/Page_CSDL/input_Enrolment key_enrolpassword'

2022-01-12 00:25:10 - [TEST_STEP][PASSED] - click(findTestObject("Object Repository/Page_CSDL/input_Enrolment key_submitbutton")): Object: 'Object Repository/Page_CSDL/input_Enrolment key_submitbutton' is clicked on

2022-01-12 00:25:11 - [MESSAGE][PASSED] - Object: 'Object Repository/Page_CSDL/input_Enrolment key_submitbutton' is clicked on

2022-01-12 00:25:11 - [TEST_STEP][PASSED] - verifyElementPresent(findTestObject("Object Repository/Page_CSDL/div_Incorrect enrolment key, please try again"), 0): Object 'Object Repository/Page_CSDL/div_Incorrect enrolment key, please try again' is present

2022-01-12 00:25:11 - [MESSAGE][WARNING] - Timeout '0' is invalid. Using default page load timeout: '30'

2022-01-12 00:25:12 - [MESSAGE][PASSED] - Object 'Object Repository/Page_CSDL/div_Incorrect enrolment key, please try again' is present

2022-01-12 00:25:12 - [TEST_STEP][PASSED] - closeBrowser(): Browser is closed

2022-01-12 00:25:12 - [MESSAGE][PASSED] - Browser is closed]]></system-out>
         <system-err><![CDATA[]]></system-err>
      </testcase>
      <testcase name="Test Cases/Student/Student_Enroll/Student_Enroll With Key_Success" time="14.65" classname="Test Cases/Student/Student_Enroll/Student_Enroll With Key_Success" status="PASSED">
         <system-out><![CDATA[2022-01-12 00:25:12 - [TEST_CASE][PASSED] - Test Cases/Student/Student_Enroll/Student_Enroll With Key_Success: Test Cases/Student/Student_Enroll/Student_Enroll With Key_Success

2022-01-12 00:25:13 - [TEST_STEP][PASSED] - openBrowser(""): Browser is opened with url: ''

2022-01-12 00:25:13 - [MESSAGE][INFO] - Starting 'Chrome' driver

2022-01-12 00:25:13 - [MESSAGE][INFO] - User set preference: ['args', '[window-size=1300,900]']

2022-01-12 00:25:13 - [MESSAGE][INFO] - Action delay is set to 0 milliseconds

2022-01-12 00:25:14 - [MESSAGE][PASSED] - Browser is opened with url: ''

2022-01-12 00:25:14 - [TEST_STEP][PASSED] - navigateToUrl("http://localhost:8080/moodle/"): Navigate to 'http://localhost:8080/moodle/' successfully

2022-01-12 00:25:14 - [MESSAGE][PASSED] - Navigate to 'http://localhost:8080/moodle/' successfully

2022-01-12 00:25:14 - [TEST_STEP][PASSED] - click(findTestObject("Object Repository/Page_BCS Moodle/a_Log in")): Object: 'Object Repository/Page_BCS Moodle/a_Log in' is clicked on

2022-01-12 00:25:15 - [MESSAGE][PASSED] - Object: 'Object Repository/Page_BCS Moodle/a_Log in' is clicked on

2022-01-12 00:25:15 - [TEST_STEP][PASSED] - setText(findTestObject("Object Repository/Page_BCS Moodle Log in to the site/input_Username_username"), "xuany"): Text 'xuany' is set on object 'Object Repository/Page_BCS Moodle Log in to the site/input_Username_username'

2022-01-12 00:25:16 - [MESSAGE][PASSED] - Text 'xuany' is set on object 'Object Repository/Page_BCS Moodle Log in to the site/input_Username_username'

2022-01-12 00:25:16 - [TEST_STEP][PASSED] - setEncryptedText(findTestObject("Object Repository/Page_BCS Moodle Log in to the site/input_Password_password"), "p4y+y39Ir5PR9RXlOHjWlj+CAJiYdX4g"): Text ****** has been set on object 'Object Repository/Page_BCS Moodle Log in to the site/input_Password_password'

2022-01-12 00:25:17 - [MESSAGE][PASSED] - Text ****** has been set on object 'Object Repository/Page_BCS Moodle Log in to the site/input_Password_password'

2022-01-12 00:25:17 - [TEST_STEP][PASSED] - click(findTestObject("Object Repository/Page_BCS Moodle Log in to the site/button_Log in")): Object: 'Object Repository/Page_BCS Moodle Log in to the site/button_Log in' is clicked on

2022-01-12 00:25:18 - [MESSAGE][PASSED] - Object: 'Object Repository/Page_BCS Moodle Log in to the site/button_Log in' is clicked on

2022-01-12 00:25:18 - [TEST_STEP][PASSED] - click(findTestObject("Object Repository/Page_Dashboard/a_Site home")): Object: 'Object Repository/Page_Dashboard/a_Site home' is clicked on

2022-01-12 00:25:21 - [MESSAGE][PASSED] - Object: 'Object Repository/Page_Dashboard/a_Site home' is clicked on

2022-01-12 00:25:21 - [TEST_STEP][PASSED] - click(findTestObject("Object Repository/Page_BCS Moodle/a_C s d liu 19CTT3")): Object: 'Object Repository/Page_BCS Moodle/a_C s d liu 19CTT3' is clicked on

2022-01-12 00:25:22 - [MESSAGE][PASSED] - Object: 'Object Repository/Page_BCS Moodle/a_C s d liu 19CTT3' is clicked on

2022-01-12 00:25:22 - [TEST_STEP][PASSED] - setEncryptedText(findTestObject("Object Repository/Page_CSDL/input_Enrolment key_enrolpassword"), "gUaxq7gw5s0="): Text ****** has been set on object 'Object Repository/Page_CSDL/input_Enrolment key_enrolpassword'

2022-01-12 00:25:22 - [MESSAGE][PASSED] - Text ****** has been set on object 'Object Repository/Page_CSDL/input_Enrolment key_enrolpassword'

2022-01-12 00:25:22 - [TEST_STEP][PASSED] - click(findTestObject("Object Repository/Page_CSDL/input_Enrolment key_submitbutton")): Object: 'Object Repository/Page_CSDL/input_Enrolment key_submitbutton' is clicked on

2022-01-12 00:25:26 - [MESSAGE][PASSED] - Object: 'Object Repository/Page_CSDL/input_Enrolment key_submitbutton' is clicked on

2022-01-12 00:25:26 - [TEST_STEP][PASSED] - navigateToUrl("http://localhost:8080/moodle/course/view.php?id=3"): Navigate to 'http://localhost:8080/moodle/course/view.php?id=3' successfully

2022-01-12 00:25:26 - [MESSAGE][PASSED] - Navigate to 'http://localhost:8080/moodle/course/view.php?id=3' successfully

2022-01-12 00:25:26 - [TEST_STEP][PASSED] - closeBrowser(): Browser is closed

2022-01-12 00:25:27 - [MESSAGE][PASSED] - Browser is closed]]></system-out>
         <system-err><![CDATA[]]></system-err>
      </testcase>
      <testcase name="Test Cases/Student/Student_Enroll/Student_Self Enroll_Success_No Key" time="45.233" classname="Test Cases/Student/Student_Enroll/Student_Self Enroll_Success_No Key" status="FAILED">
         <failure type="FAILED" message="Test Cases/Student/Student_Enroll/Student_Self Enroll_Success_No Key FAILED.
Reason:
com.kms.katalon.core.exception.StepFailedException: Unable to click on object 'Object Repository/Page_OOP/input_No enrolment key required_submitbutton'
	at com.kms.katalon.core.webui.keyword.internal.WebUIKeywordMain.stepFailed(WebUIKeywordMain.groovy:64)
	at com.kms.katalon.core.webui.keyword.internal.WebUIKeywordMain.runKeyword(WebUIKeywordMain.groovy:26)
	at com.kms.katalon.core.webui.keyword.builtin.ClickKeyword.click(ClickKeyword.groovy:74)
	at com.kms.katalon.core.webui.keyword.builtin.ClickKeyword.execute(ClickKeyword.groovy:40)
	at com.kms.katalon.core.keyword.internal.KeywordExecutor.executeKeywordForPlatform(KeywordExecutor.groovy:74)
	at com.kms.katalon.core.webui.keyword.WebUiBuiltInKeywords.click(WebUiBuiltInKeywords.groovy:620)
	at com.kms.katalon.core.webui.keyword.WebUiBuiltInKeywords$click$3.call(Unknown Source)
	at Student_Self Enroll_Success_No Key.run(Student_Self Enroll_Success_No Key:40)
	at com.kms.katalon.core.main.ScriptEngine.run(ScriptEngine.java:194)
	at com.kms.katalon.core.main.ScriptEngine.runScriptAsRawText(ScriptEngine.java:119)
	at com.kms.katalon.core.main.TestCaseExecutor.runScript(TestCaseExecutor.java:442)
	at com.kms.katalon.core.main.TestCaseExecutor.doExecute(TestCaseExecutor.java:433)
	at com.kms.katalon.core.main.TestCaseExecutor.processExecutionPhase(TestCaseExecutor.java:412)
	at com.kms.katalon.core.main.TestCaseExecutor.accessMainPhase(TestCaseExecutor.java:404)
	at com.kms.katalon.core.main.TestCaseExecutor.execute(TestCaseExecutor.java:281)
	at com.kms.katalon.core.main.TestSuiteExecutor.accessTestCaseMainPhase(TestSuiteExecutor.java:202)
	at com.kms.katalon.core.main.TestSuiteExecutor.accessTestSuiteMainPhase(TestSuiteExecutor.java:164)
	at com.kms.katalon.core.main.TestSuiteExecutor.execute(TestSuiteExecutor.java:105)
	at com.kms.katalon.core.main.TestCaseMain.startTestSuite(TestCaseMain.java:181)
	at com.kms.katalon.core.main.TestCaseMain$startTestSuite$0.call(Unknown Source)
	at TempTestSuite1641920935254.run(TempTestSuite1641920935254.groovy:36)
Caused by: com.kms.katalon.core.webui.exception.WebElementNotFoundException: Web element with id: 'Object Repository/Page_OOP/input_No enrolment key required_submitbutton' located by '//input[@id='id_submitbutton']' not found
	at com.kms.katalon.core.webui.common.WebUiCommonHelper.findWebElement(WebUiCommonHelper.java:1368)
	at com.kms.katalon.core.webui.keyword.internal.WebUIAbstractKeyword.findWebElement(WebUIAbstractKeyword.groovy:27)
	at com.kms.katalon.core.webui.keyword.builtin.ClickKeyword$_click_closure1.doCall(ClickKeyword.groovy:65)
	at com.kms.katalon.core.webui.keyword.builtin.ClickKeyword$_click_closure1.call(ClickKeyword.groovy)
	at com.kms.katalon.core.webui.keyword.internal.WebUIKeywordMain.runKeyword(WebUIKeywordMain.groovy:20)
	... 19 more
"/>
         <system-out><![CDATA[2022-01-12 00:25:27 - [TEST_CASE][FAILED] - Test Cases/Student/Student_Enroll/Student_Self Enroll_Success_No Key: Test Cases/Student/Student_Enroll/Student_Self Enroll_Success_No Key FAILED.
Reason:
com.kms.katalon.core.exception.StepFailedException: Unable to click on object 'Object Repository/Page_OOP/input_No enrolment key required_submitbutton'
	at com.kms.katalon.core.webui.keyword.internal.WebUIKeywordMain.stepFailed(WebUIKeywordMain.groovy:64)
	at com.kms.katalon.core.webui.keyword.internal.WebUIKeywordMain.runKeyword(WebUIKeywordMain.groovy:26)
	at com.kms.katalon.core.webui.keyword.builtin.ClickKeyword.click(ClickKeyword.groovy:74)
	at com.kms.katalon.core.webui.keyword.builtin.ClickKeyword.execute(ClickKeyword.groovy:40)
	at com.kms.katalon.core.keyword.internal.KeywordExecutor.executeKeywordForPlatform(KeywordExecutor.groovy:74)
	at com.kms.katalon.core.webui.keyword.WebUiBuiltInKeywords.click(WebUiBuiltInKeywords.groovy:620)
	at com.kms.katalon.core.webui.keyword.WebUiBuiltInKeywords$click$3.call(Unknown Source)
	at Student_Self Enroll_Success_No Key.run(Student_Self Enroll_Success_No Key:40)
	at com.kms.katalon.core.main.ScriptEngine.run(ScriptEngine.java:194)
	at com.kms.katalon.core.main.ScriptEngine.runScriptAsRawText(ScriptEngine.java:119)
	at com.kms.katalon.core.main.TestCaseExecutor.runScript(TestCaseExecutor.java:442)
	at com.kms.katalon.core.main.TestCaseExecutor.doExecute(TestCaseExecutor.java:433)
	at com.kms.katalon.core.main.TestCaseExecutor.processExecutionPhase(TestCaseExecutor.java:412)
	at com.kms.katalon.core.main.TestCaseExecutor.accessMainPhase(TestCaseExecutor.java:404)
	at com.kms.katalon.core.main.TestCaseExecutor.execute(TestCaseExecutor.java:281)
	at com.kms.katalon.core.main.TestSuiteExecutor.accessTestCaseMainPhase(TestSuiteExecutor.java:202)
	at com.kms.katalon.core.main.TestSuiteExecutor.accessTestSuiteMainPhase(TestSuiteExecutor.java:164)
	at com.kms.katalon.core.main.TestSuiteExecutor.execute(TestSuiteExecutor.java:105)
	at com.kms.katalon.core.main.TestCaseMain.startTestSuite(TestCaseMain.java:181)
	at com.kms.katalon.core.main.TestCaseMain$startTestSuite$0.call(Unknown Source)
	at TempTestSuite1641920935254.run(TempTestSuite1641920935254.groovy:36)
Caused by: com.kms.katalon.core.webui.exception.WebElementNotFoundException: Web element with id: 'Object Repository/Page_OOP/input_No enrolment key required_submitbutton' located by '//input[@id='id_submitbutton']' not found
	at com.kms.katalon.core.webui.common.WebUiCommonHelper.findWebElement(WebUiCommonHelper.java:1368)
	at com.kms.katalon.core.webui.keyword.internal.WebUIAbstractKeyword.findWebElement(WebUIAbstractKeyword.groovy:27)
	at com.kms.katalon.core.webui.keyword.builtin.ClickKeyword$_click_closure1.doCall(ClickKeyword.groovy:65)
	at com.kms.katalon.core.webui.keyword.builtin.ClickKeyword$_click_closure1.call(ClickKeyword.groovy)
	at com.kms.katalon.core.webui.keyword.internal.WebUIKeywordMain.runKeyword(WebUIKeywordMain.groovy:20)
	... 19 more


2022-01-12 00:25:27 - [TEST_STEP][PASSED] - openBrowser(""): Browser is opened with url: ''

2022-01-12 00:25:27 - [MESSAGE][INFO] - Starting 'Chrome' driver

2022-01-12 00:25:27 - [MESSAGE][INFO] - User set preference: ['args', '[window-size=1300,900]']

2022-01-12 00:25:27 - [MESSAGE][INFO] - Action delay is set to 0 milliseconds

2022-01-12 00:25:28 - [MESSAGE][PASSED] - Browser is opened with url: ''

2022-01-12 00:25:28 - [TEST_STEP][PASSED] - navigateToUrl("http://localhost:8080/moodle/"): Navigate to 'http://localhost:8080/moodle/' successfully

2022-01-12 00:25:29 - [MESSAGE][PASSED] - Navigate to 'http://localhost:8080/moodle/' successfully

2022-01-12 00:25:29 - [TEST_STEP][PASSED] - click(findTestObject("Object Repository/Page_BCS Moodle/a_Log in")): Object: 'Object Repository/Page_BCS Moodle/a_Log in' is clicked on

2022-01-12 00:25:30 - [MESSAGE][PASSED] - Object: 'Object Repository/Page_BCS Moodle/a_Log in' is clicked on

2022-01-12 00:25:30 - [TEST_STEP][PASSED] - setText(findTestObject("Object Repository/Page_BCS Moodle Log in to the site/input_Username_username"), "ydam"): Text 'ydam' is set on object 'Object Repository/Page_BCS Moodle Log in to the site/input_Username_username'

2022-01-12 00:25:31 - [MESSAGE][PASSED] - Text 'ydam' is set on object 'Object Repository/Page_BCS Moodle Log in to the site/input_Username_username'

2022-01-12 00:25:31 - [TEST_STEP][PASSED] - doubleClick(findTestObject("Object Repository/Page_BCS Moodle Log in to the site/input_Username_username")): Object: 'Object Repository/Page_BCS Moodle Log in to the site/input_Username_username' is double clicked on

2022-01-12 00:25:31 - [MESSAGE][PASSED] - Object: 'Object Repository/Page_BCS Moodle Log in to the site/input_Username_username' is double clicked on

2022-01-12 00:25:31 - [TEST_STEP][PASSED] - setText(findTestObject("Object Repository/Page_BCS Moodle Log in to the site/input_Username_username"), "xuany"): Text 'xuany' is set on object 'Object Repository/Page_BCS Moodle Log in to the site/input_Username_username'

2022-01-12 00:25:32 - [MESSAGE][PASSED] - Text 'xuany' is set on object 'Object Repository/Page_BCS Moodle Log in to the site/input_Username_username'

2022-01-12 00:25:32 - [TEST_STEP][PASSED] - setEncryptedText(findTestObject("Object Repository/Page_BCS Moodle Log in to the site/input_Password_password"), "p4y+y39Ir5PR9RXlOHjWlj+CAJiYdX4g"): Text ****** has been set on object 'Object Repository/Page_BCS Moodle Log in to the site/input_Password_password'

2022-01-12 00:25:32 - [MESSAGE][PASSED] - Text ****** has been set on object 'Object Repository/Page_BCS Moodle Log in to the site/input_Password_password'

2022-01-12 00:25:32 - [TEST_STEP][PASSED] - click(findTestObject("Object Repository/Page_BCS Moodle Log in to the site/button_Log in")): Object: 'Object Repository/Page_BCS Moodle Log in to the site/button_Log in' is clicked on

2022-01-12 00:25:34 - [MESSAGE][PASSED] - Object: 'Object Repository/Page_BCS Moodle Log in to the site/button_Log in' is clicked on

2022-01-12 00:25:34 - [TEST_STEP][PASSED] - click(findTestObject("Object Repository/Page_Dashboard/a_Site home")): Object: 'Object Repository/Page_Dashboard/a_Site home' is clicked on

2022-01-12 00:25:37 - [MESSAGE][PASSED] - Object: 'Object Repository/Page_Dashboard/a_Site home' is clicked on

2022-01-12 00:25:37 - [TEST_STEP][PASSED] - click(findTestObject("Object Repository/Page_BCS Moodle/a_Lp trnh hng i tng 19CTT3")): Object: 'Object Repository/Page_BCS Moodle/a_Lp trnh hng i tng 19CTT3' is clicked on

2022-01-12 00:25:38 - [MESSAGE][PASSED] - Object: 'Object Repository/Page_BCS Moodle/a_Lp trnh hng i tng 19CTT3' is clicked on

2022-01-12 00:25:38 - [TEST_STEP][FAILED] - click(findTestObject("Object Repository/Page_OOP/input_No enrolment key required_submitbutton")): Unable to click on object 'Object Repository/Page_OOP/input_No enrolment key required_submitbutton' (Root cause: com.kms.katalon.core.exception.StepFailedException: Unable to click on object 'Object Repository/Page_OOP/input_No enrolment key required_submitbutton'
	at com.kms.katalon.core.webui.keyword.internal.WebUIKeywordMain.stepFailed(WebUIKeywordMain.groovy:64)
	at com.kms.katalon.core.webui.keyword.internal.WebUIKeywordMain.runKeyword(WebUIKeywordMain.groovy:26)
	at com.kms.katalon.core.webui.keyword.builtin.ClickKeyword.click(ClickKeyword.groovy:74)
	at com.kms.katalon.core.webui.keyword.builtin.ClickKeyword.execute(ClickKeyword.groovy:40)
	at com.kms.katalon.core.keyword.internal.KeywordExecutor.executeKeywordForPlatform(KeywordExecutor.groovy:74)
	at com.kms.katalon.core.webui.keyword.WebUiBuiltInKeywords.click(WebUiBuiltInKeywords.groovy:620)
	at com.kms.katalon.core.webui.keyword.WebUiBuiltInKeywords$click$3.call(Unknown Source)
	at Student_Self Enroll_Success_No Key.run(Student_Self Enroll_Success_No Key:40)
	at com.kms.katalon.core.main.ScriptEngine.run(ScriptEngine.java:194)
	at com.kms.katalon.core.main.ScriptEngine.runScriptAsRawText(ScriptEngine.java:119)
	at com.kms.katalon.core.main.TestCaseExecutor.runScript(TestCaseExecutor.java:442)
	at com.kms.katalon.core.main.TestCaseExecutor.doExecute(TestCaseExecutor.java:433)
	at com.kms.katalon.core.main.TestCaseExecutor.processExecutionPhase(TestCaseExecutor.java:412)
	at com.kms.katalon.core.main.TestCaseExecutor.accessMainPhase(TestCaseExecutor.java:404)
	at com.kms.katalon.core.main.TestCaseExecutor.execute(TestCaseExecutor.java:281)
	at com.kms.katalon.core.main.TestSuiteExecutor.accessTestCaseMainPhase(TestSuiteExecutor.java:202)
	at com.kms.katalon.core.main.TestSuiteExecutor.accessTestSuiteMainPhase(TestSuiteExecutor.java:164)
	at com.kms.katalon.core.main.TestSuiteExecutor.execute(TestSuiteExecutor.java:105)
	at com.kms.katalon.core.main.TestCaseMain.startTestSuite(TestCaseMain.java:181)
	at com.kms.katalon.core.main.TestCaseMain$startTestSuite$0.call(Unknown Source)
	at TempTestSuite1641920935254.run(TempTestSuite1641920935254.groovy:36)
Caused by: com.kms.katalon.core.webui.exception.WebElementNotFoundException: Web element with id: 'Object Repository/Page_OOP/input_No enrolment key required_submitbutton' located by '//input[@id='id_submitbutton']' not found
	at com.kms.katalon.core.webui.common.WebUiCommonHelper.findWebElement(WebUiCommonHelper.java:1368)
	at com.kms.katalon.core.webui.keyword.internal.WebUIAbstractKeyword.findWebElement(WebUIAbstractKeyword.groovy:27)
	at com.kms.katalon.core.webui.keyword.builtin.ClickKeyword$_click_closure1.doCall(ClickKeyword.groovy:65)
	at com.kms.katalon.core.webui.keyword.builtin.ClickKeyword$_click_closure1.call(ClickKeyword.groovy)
	at com.kms.katalon.core.webui.keyword.internal.WebUIKeywordMain.runKeyword(WebUIKeywordMain.groovy:20)
	at com.kms.katalon.core.webui.keyword.builtin.ClickKeyword.click(ClickKeyword.groovy:74)
	at com.kms.katalon.core.webui.keyword.builtin.ClickKeyword.execute(ClickKeyword.groovy:40)
	at com.kms.katalon.core.keyword.internal.KeywordExecutor.executeKeywordForPlatform(KeywordExecutor.groovy:74)
	at com.kms.katalon.core.webui.keyword.WebUiBuiltInKeywords.click(WebUiBuiltInKeywords.groovy:620)
	at com.kms.katalon.core.webui.keyword.WebUiBuiltInKeywords$click$3.call(Unknown Source)
	at Script1641268943948.run(Script1641268943948.groovy:40)
	... 13 more
)

2022-01-12 00:26:09 - [MESSAGE][INFO] - Unable to find the element located by 'By.xpath: //input[@id='id_submitbutton']'. Please recheck the objects properties to make sure the desired element is located. 

2022-01-12 00:26:09 - [MESSAGE][WARNING] - [SELF-HEALING] Failed to find element with id 'Object Repository/Page_OOP/input_No enrolment key required_submitbutton'. Try using Self-healing.

2022-01-12 00:26:09 - [MESSAGE][INFO] - [SELF-HEALING] Failed Locator: '//input[@id='id_submitbutton']'.

2022-01-12 00:26:10 - [MESSAGE][INFO] - [SELF-HEALING] Failed Locator: '//div[@id='yui_3_17_2_1_1641656360635_67']/input'.

2022-01-12 00:26:10 - [MESSAGE][INFO] - [SELF-HEALING] Working Locator: '//div[2]/input'.

2022-01-12 00:26:10 - [MESSAGE][ERROR] - [SELF-HEALING] Cannot save screenshot to: C:\Users\Admin\Desktop\Katalon_TestProject\TestAutomation_Katalon-Test-Project\Reports\Self-healing, reason: unknown error: unhandled inspector error: {"code":-32000,"message":"Cannot take screenshot with 0 width."}
  (Session info: chrome=95.0.4638.54)
Build info: version: '3.141.59', revision: 'e82be7d358', time: '2018-11-14T08:25:53'
System info: host: 'MSI', ip: '192.168.150.1', os.name: 'Windows 10', os.arch: 'amd64', os.version: '10.0', java.version: '1.8.0_282'
Driver info: com.kms.katalon.selenium.driver.CChromeDriver
Capabilities {acceptInsecureCerts: false, browserName: chrome, browserVersion: 95.0.4638.54, chrome: {chromedriverVersion: 95.0.4638.17 (a9d0719444d4b..., userDataDir: C:\Users\Admin\AppData\Loca...}, goog:chromeOptions: {debuggerAddress: localhost:55770}, javascriptEnabled: true, networkConnectionEnabled: false, pageLoadStrategy: normal, platform: WINDOWS, platformName: WINDOWS, proxy: Proxy(), setWindowRect: true, strictFileInteractability: false, timeouts: {implicit: 0, pageLoad: 300000, script: 30000}, unhandledPromptBehavior: dismiss and notify, webauthn:extension:credBlob: true, webauthn:extension:largeBlob: true, webauthn:virtualAuthenticators: true}
Session ID: dae692eba4569e0ad38a1361647cd6f1.

2022-01-12 00:26:10 - [MESSAGE][ERROR] - [SELF-HEALING] Cannot save screenshot to: C:\Users\Admin\Desktop\Katalon_TestProject\TestAutomation_Katalon-Test-Project\Reports\Self-healing, reason: unknown error: unhandled inspector error: {"code":-32000,"message":"Cannot take screenshot with 0 width."}
  (Session info: chrome=95.0.4638.54)
Build info: version: '3.141.59', revision: 'e82be7d358', time: '2018-11-14T08:25:53'
System info: host: 'MSI', ip: '192.168.150.1', os.name: 'Windows 10', os.arch: 'amd64', os.version: '10.0', java.version: '1.8.0_282'
Driver info: com.kms.katalon.selenium.driver.CChromeDriver
Capabilities {acceptInsecureCerts: false, browserName: chrome, browserVersion: 95.0.4638.54, chrome: {chromedriverVersion: 95.0.4638.17 (a9d0719444d4b..., userDataDir: C:\Users\Admin\AppData\Loca...}, goog:chromeOptions: {debuggerAddress: localhost:55770}, javascriptEnabled: true, networkConnectionEnabled: false, pageLoadStrategy: normal, platform: WINDOWS, platformName: WINDOWS, proxy: Proxy(), setWindowRect: true, strictFileInteractability: false, timeouts: {implicit: 0, pageLoad: 300000, script: 30000}, unhandledPromptBehavior: dismiss and notify, webauthn:extension:credBlob: true, webauthn:extension:largeBlob: true, webauthn:virtualAuthenticators: true}
Session ID: dae692eba4569e0ad38a1361647cd6f1.

2022-01-12 00:26:10 - [MESSAGE][WARNING] - [SELF-HEALING] 'other' is different type of Path

2022-01-12 00:26:11 - [MESSAGE][INFO] - Unable to find the element located by 'By.xpath: //*[@type = 'submit' and @name = 'submitbutton' and @id = 'id_submitbutton']'. Please recheck the objects properties to make sure the desired element is located. 

2022-01-12 00:26:12 - [MESSAGE][INFO] - Unable to find the element located by 'By.cssSelector: #id_submitbutton'. Please recheck the objects properties to make sure the desired element is located. 

2022-01-12 00:26:12 - [MESSAGE][FAILED] - Unable to click on object 'Object Repository/Page_OOP/input_No enrolment key required_submitbutton' (Root cause: com.kms.katalon.core.exception.StepFailedException: Unable to click on object 'Object Repository/Page_OOP/input_No enrolment key required_submitbutton'
	at com.kms.katalon.core.webui.keyword.internal.WebUIKeywordMain.stepFailed(WebUIKeywordMain.groovy:64)
	at com.kms.katalon.core.webui.keyword.internal.WebUIKeywordMain.runKeyword(WebUIKeywordMain.groovy:26)
	at com.kms.katalon.core.webui.keyword.builtin.ClickKeyword.click(ClickKeyword.groovy:74)
	at com.kms.katalon.core.webui.keyword.builtin.ClickKeyword.execute(ClickKeyword.groovy:40)
	at com.kms.katalon.core.keyword.internal.KeywordExecutor.executeKeywordForPlatform(KeywordExecutor.groovy:74)
	at com.kms.katalon.core.webui.keyword.WebUiBuiltInKeywords.click(WebUiBuiltInKeywords.groovy:620)
	at com.kms.katalon.core.webui.keyword.WebUiBuiltInKeywords$click$3.call(Unknown Source)
	at Student_Self Enroll_Success_No Key.run(Student_Self Enroll_Success_No Key:40)
	at com.kms.katalon.core.main.ScriptEngine.run(ScriptEngine.java:194)
	at com.kms.katalon.core.main.ScriptEngine.runScriptAsRawText(ScriptEngine.java:119)
	at com.kms.katalon.core.main.TestCaseExecutor.runScript(TestCaseExecutor.java:442)
	at com.kms.katalon.core.main.TestCaseExecutor.doExecute(TestCaseExecutor.java:433)
	at com.kms.katalon.core.main.TestCaseExecutor.processExecutionPhase(TestCaseExecutor.java:412)
	at com.kms.katalon.core.main.TestCaseExecutor.accessMainPhase(TestCaseExecutor.java:404)
	at com.kms.katalon.core.main.TestCaseExecutor.execute(TestCaseExecutor.java:281)
	at com.kms.katalon.core.main.TestSuiteExecutor.accessTestCaseMainPhase(TestSuiteExecutor.java:202)
	at com.kms.katalon.core.main.TestSuiteExecutor.accessTestSuiteMainPhase(TestSuiteExecutor.java:164)
	at com.kms.katalon.core.main.TestSuiteExecutor.execute(TestSuiteExecutor.java:105)
	at com.kms.katalon.core.main.TestCaseMain.startTestSuite(TestCaseMain.java:181)
	at com.kms.katalon.core.main.TestCaseMain$startTestSuite$0.call(Unknown Source)
	at TempTestSuite1641920935254.run(TempTestSuite1641920935254.groovy:36)
Caused by: com.kms.katalon.core.webui.exception.WebElementNotFoundException: Web element with id: 'Object Repository/Page_OOP/input_No enrolment key required_submitbutton' located by '//input[@id='id_submitbutton']' not found
	at com.kms.katalon.core.webui.common.WebUiCommonHelper.findWebElement(WebUiCommonHelper.java:1368)
	at com.kms.katalon.core.webui.keyword.internal.WebUIAbstractKeyword.findWebElement(WebUIAbstractKeyword.groovy:27)
	at com.kms.katalon.core.webui.keyword.builtin.ClickKeyword$_click_closure1.doCall(ClickKeyword.groovy:65)
	at com.kms.katalon.core.webui.keyword.builtin.ClickKeyword$_click_closure1.call(ClickKeyword.groovy)
	at com.kms.katalon.core.webui.keyword.internal.WebUIKeywordMain.runKeyword(WebUIKeywordMain.groovy:20)
	at com.kms.katalon.core.webui.keyword.builtin.ClickKeyword.click(ClickKeyword.groovy:74)
	at com.kms.katalon.core.webui.keyword.builtin.ClickKeyword.execute(ClickKeyword.groovy:40)
	at com.kms.katalon.core.keyword.internal.KeywordExecutor.executeKeywordForPlatform(KeywordExecutor.groovy:74)
	at com.kms.katalon.core.webui.keyword.WebUiBuiltInKeywords.click(WebUiBuiltInKeywords.groovy:620)
	at com.kms.katalon.core.webui.keyword.WebUiBuiltInKeywords$click$3.call(Unknown Source)
	at Script1641268943948.run(Script1641268943948.groovy:40)
	... 13 more
)
[[ATTACHMENT|C:\\Users\\Admin\\Desktop\\Katalon_TestProject\\TestAutomation_Katalon-Test-Project\\Reports\\20220112_000855\\Run All Test Cases\\20220112_000855\\1641921972581.png]]]]></system-out>
         <system-err><![CDATA[2022-01-12 00:25:27 - [TEST_CASE][FAILED] - Test Cases/Student/Student_Enroll/Student_Self Enroll_Success_No Key: Test Cases/Student/Student_Enroll/Student_Self Enroll_Success_No Key FAILED.
Reason:
com.kms.katalon.core.exception.StepFailedException: Unable to click on object 'Object Repository/Page_OOP/input_No enrolment key required_submitbutton'
	at com.kms.katalon.core.webui.keyword.internal.WebUIKeywordMain.stepFailed(WebUIKeywordMain.groovy:64)
	at com.kms.katalon.core.webui.keyword.internal.WebUIKeywordMain.runKeyword(WebUIKeywordMain.groovy:26)
	at com.kms.katalon.core.webui.keyword.builtin.ClickKeyword.click(ClickKeyword.groovy:74)
	at com.kms.katalon.core.webui.keyword.builtin.ClickKeyword.execute(ClickKeyword.groovy:40)
	at com.kms.katalon.core.keyword.internal.KeywordExecutor.executeKeywordForPlatform(KeywordExecutor.groovy:74)
	at com.kms.katalon.core.webui.keyword.WebUiBuiltInKeywords.click(WebUiBuiltInKeywords.groovy:620)
	at com.kms.katalon.core.webui.keyword.WebUiBuiltInKeywords$click$3.call(Unknown Source)
	at Student_Self Enroll_Success_No Key.run(Student_Self Enroll_Success_No Key:40)
	at com.kms.katalon.core.main.ScriptEngine.run(ScriptEngine.java:194)
	at com.kms.katalon.core.main.ScriptEngine.runScriptAsRawText(ScriptEngine.java:119)
	at com.kms.katalon.core.main.TestCaseExecutor.runScript(TestCaseExecutor.java:442)
	at com.kms.katalon.core.main.TestCaseExecutor.doExecute(TestCaseExecutor.java:433)
	at com.kms.katalon.core.main.TestCaseExecutor.processExecutionPhase(TestCaseExecutor.java:412)
	at com.kms.katalon.core.main.TestCaseExecutor.accessMainPhase(TestCaseExecutor.java:404)
	at com.kms.katalon.core.main.TestCaseExecutor.execute(TestCaseExecutor.java:281)
	at com.kms.katalon.core.main.TestSuiteExecutor.accessTestCaseMainPhase(TestSuiteExecutor.java:202)
	at com.kms.katalon.core.main.TestSuiteExecutor.accessTestSuiteMainPhase(TestSuiteExecutor.java:164)
	at com.kms.katalon.core.main.TestSuiteExecutor.execute(TestSuiteExecutor.java:105)
	at com.kms.katalon.core.main.TestCaseMain.startTestSuite(TestCaseMain.java:181)
	at com.kms.katalon.core.main.TestCaseMain$startTestSuite$0.call(Unknown Source)
	at TempTestSuite1641920935254.run(TempTestSuite1641920935254.groovy:36)
Caused by: com.kms.katalon.core.webui.exception.WebElementNotFoundException: Web element with id: 'Object Repository/Page_OOP/input_No enrolment key required_submitbutton' located by '//input[@id='id_submitbutton']' not found
	at com.kms.katalon.core.webui.common.WebUiCommonHelper.findWebElement(WebUiCommonHelper.java:1368)
	at com.kms.katalon.core.webui.keyword.internal.WebUIAbstractKeyword.findWebElement(WebUIAbstractKeyword.groovy:27)
	at com.kms.katalon.core.webui.keyword.builtin.ClickKeyword$_click_closure1.doCall(ClickKeyword.groovy:65)
	at com.kms.katalon.core.webui.keyword.builtin.ClickKeyword$_click_closure1.call(ClickKeyword.groovy)
	at com.kms.katalon.core.webui.keyword.internal.WebUIKeywordMain.runKeyword(WebUIKeywordMain.groovy:20)
	... 19 more]]></system-err>
      </testcase>
      <testcase name="Test Cases/Teacher/Teacher_Add Assignment/Teacher_Add Assignment Submit Without Input" time="16.737" classname="Test Cases/Teacher/Teacher_Add Assignment/Teacher_Add Assignment Submit Without Input" status="PASSED">
         <system-out><![CDATA[2022-01-12 00:26:12 - [TEST_CASE][PASSED] - Test Cases/Teacher/Teacher_Add Assignment/Teacher_Add Assignment Submit Without Input: Test Cases/Teacher/Teacher_Add Assignment/Teacher_Add Assignment Submit Without Input

2022-01-12 00:26:12 - [TEST_STEP][PASSED] - openBrowser(""): Browser is opened with url: ''

2022-01-12 00:26:12 - [MESSAGE][WARNING] - A browser is already opened. Closing browser and opening a new one

2022-01-12 00:26:13 - [MESSAGE][INFO] - Starting 'Chrome' driver

2022-01-12 00:26:13 - [MESSAGE][INFO] - User set preference: ['args', '[window-size=1300,900]']

2022-01-12 00:26:13 - [MESSAGE][INFO] - Action delay is set to 0 milliseconds

2022-01-12 00:26:14 - [MESSAGE][PASSED] - Browser is opened with url: ''

2022-01-12 00:26:14 - [TEST_STEP][PASSED] - navigateToUrl("http://localhost:8080/moodle/"): Navigate to 'http://localhost:8080/moodle/' successfully

2022-01-12 00:26:15 - [MESSAGE][PASSED] - Navigate to 'http://localhost:8080/moodle/' successfully

2022-01-12 00:26:15 - [TEST_STEP][PASSED] - click(findTestObject("Page_BCS Moodle/a_Log in")): Object: 'Object Repository/Page_BCS Moodle/a_Log in' is clicked on

2022-01-12 00:26:16 - [MESSAGE][PASSED] - Object: 'Object Repository/Page_BCS Moodle/a_Log in' is clicked on

2022-01-12 00:26:16 - [TEST_STEP][PASSED] - setText(findTestObject("Page_BCS Moodle Log in to the site/input_Username_username"), "onix"): Text 'onix' is set on object 'Object Repository/Page_BCS Moodle Log in to the site/input_Username_username'

2022-01-12 00:26:17 - [MESSAGE][PASSED] - Text 'onix' is set on object 'Object Repository/Page_BCS Moodle Log in to the site/input_Username_username'

2022-01-12 00:26:17 - [TEST_STEP][PASSED] - setEncryptedText(findTestObject("Page_BCS Moodle Log in to the site/input_Password_password"), "uw4zQNl2RedGtkZxJt1B2nZNxIOg3YnT"): Text ****** has been set on object 'Object Repository/Page_BCS Moodle Log in to the site/input_Password_password'

2022-01-12 00:26:17 - [MESSAGE][PASSED] - Text ****** has been set on object 'Object Repository/Page_BCS Moodle Log in to the site/input_Password_password'

2022-01-12 00:26:17 - [TEST_STEP][PASSED] - click(findTestObject("Page_BCS Moodle Log in to the site/button_Log in")): Object: 'Object Repository/Page_BCS Moodle Log in to the site/button_Log in' is clicked on

2022-01-12 00:26:18 - [MESSAGE][PASSED] - Object: 'Object Repository/Page_BCS Moodle Log in to the site/button_Log in' is clicked on

2022-01-12 00:26:18 - [TEST_STEP][PASSED] - click(findTestObject("Page_Dashboard/div_Course image")): Object: 'Object Repository/Page_Dashboard/div_Course image' is clicked on

2022-01-12 00:26:21 - [MESSAGE][PASSED] - Object: 'Object Repository/Page_Dashboard/div_Course image' is clicked on

2022-01-12 00:26:21 - [TEST_STEP][PASSED] - click(findTestObject("Object Repository/Page_Course Ton t hp/button_Turn editing on")): Object: 'Object Repository/Page_Course Ton t hp/button_Turn editing on' is clicked on

2022-01-12 00:26:23 - [MESSAGE][PASSED] - Object: 'Object Repository/Page_Course Ton t hp/button_Turn editing on' is clicked on

2022-01-12 00:26:23 - [TEST_STEP][PASSED] - click(findTestObject("Object Repository/Page_Course Ton t hp/span_Add an activity or resource (1)")): Object: 'Object Repository/Page_Course Ton t hp/span_Add an activity or resource (1)' is clicked on

2022-01-12 00:26:24 - [MESSAGE][PASSED] - Object: 'Object Repository/Page_Course Ton t hp/span_Add an activity or resource (1)' is clicked on

2022-01-12 00:26:24 - [TEST_STEP][PASSED] - click(findTestObject("Object Repository/Page_Course Ton t hp/img_Recommended_icon icon")): Object: 'Object Repository/Page_Course Ton t hp/img_Recommended_icon icon' is clicked on

2022-01-12 00:26:26 - [MESSAGE][PASSED] - Object: 'Object Repository/Page_Course Ton t hp/img_Recommended_icon icon' is clicked on

2022-01-12 00:26:26 - [TEST_STEP][PASSED] - click(findTestObject("Page_Editing Assignment/input_Upon activity completion_submitbutton2")): Object: 'Object Repository/Page_Editing Assignment/input_Upon activity completion_submitbutton2' is clicked on

2022-01-12 00:26:27 - [MESSAGE][PASSED] - Object: 'Object Repository/Page_Editing Assignment/input_Upon activity completion_submitbutton2' is clicked on

2022-01-12 00:26:27 - [TEST_STEP][PASSED] - click(findTestObject("Page_Editing Assignment/div_- You must supply a value here")): Object: 'Object Repository/Page_Editing Assignment/div_- You must supply a value here' is clicked on

2022-01-12 00:26:28 - [MESSAGE][PASSED] - Object: 'Object Repository/Page_Editing Assignment/div_- You must supply a value here' is clicked on

2022-01-12 00:26:28 - [TEST_STEP][PASSED] - verifyElementText(findTestObject("Page_Editing Assignment/div_- You must supply a value here"), "- You must supply a value here."): Actual text and expected text of test object 'Object Repository/Page_Editing Assignment/div_- You must supply a value here' are matched.

2022-01-12 00:26:28 - [MESSAGE][PASSED] - Actual text and expected text of test object 'Object Repository/Page_Editing Assignment/div_- You must supply a value here' are matched.

2022-01-12 00:26:28 - [TEST_STEP][PASSED] - closeBrowser(): Browser is closed

2022-01-12 00:26:29 - [MESSAGE][PASSED] - Browser is closed]]></system-out>
         <system-err><![CDATA[]]></system-err>
      </testcase>
      <testcase name="Test Cases/Teacher/Teacher_Add Assignment/Teacher_Add Assignment With Due Date Before Allow Submission From" time="20.043" classname="Test Cases/Teacher/Teacher_Add Assignment/Teacher_Add Assignment With Due Date Before Allow Submission From" status="PASSED">
         <system-out><![CDATA[2022-01-12 00:26:29 - [TEST_CASE][PASSED] - Test Cases/Teacher/Teacher_Add Assignment/Teacher_Add Assignment With Due Date Before Allow Submission From: Test Cases/Teacher/Teacher_Add Assignment/Teacher_Add Assignment With Due Date Before Allow Submission From

2022-01-12 00:26:29 - [TEST_STEP][PASSED] - openBrowser(""): Browser is opened with url: ''

2022-01-12 00:26:29 - [MESSAGE][INFO] - Starting 'Chrome' driver

2022-01-12 00:26:29 - [MESSAGE][INFO] - User set preference: ['args', '[window-size=1300,900]']

2022-01-12 00:26:29 - [MESSAGE][INFO] - Action delay is set to 0 milliseconds

2022-01-12 00:26:30 - [MESSAGE][PASSED] - Browser is opened with url: ''

2022-01-12 00:26:30 - [TEST_STEP][PASSED] - navigateToUrl("http://localhost:8080/moodle/"): Navigate to 'http://localhost:8080/moodle/' successfully

2022-01-12 00:26:31 - [MESSAGE][PASSED] - Navigate to 'http://localhost:8080/moodle/' successfully

2022-01-12 00:26:31 - [TEST_STEP][PASSED] - click(findTestObject("Object Repository/Page_BCS Moodle/a_Log in")): Object: 'Object Repository/Page_BCS Moodle/a_Log in' is clicked on

2022-01-12 00:26:32 - [MESSAGE][PASSED] - Object: 'Object Repository/Page_BCS Moodle/a_Log in' is clicked on

2022-01-12 00:26:32 - [TEST_STEP][PASSED] - setText(findTestObject("Object Repository/Page_BCS Moodle Log in to the site/input_Username_username"), "onix"): Text 'onix' is set on object 'Object Repository/Page_BCS Moodle Log in to the site/input_Username_username'

2022-01-12 00:26:33 - [MESSAGE][PASSED] - Text 'onix' is set on object 'Object Repository/Page_BCS Moodle Log in to the site/input_Username_username'

2022-01-12 00:26:33 - [TEST_STEP][PASSED] - setEncryptedText(findTestObject("Object Repository/Page_BCS Moodle Log in to the site/input_Password_password"), "uw4zQNl2RedGtkZxJt1B2nZNxIOg3YnT"): Text ****** has been set on object 'Object Repository/Page_BCS Moodle Log in to the site/input_Password_password'

2022-01-12 00:26:33 - [MESSAGE][PASSED] - Text ****** has been set on object 'Object Repository/Page_BCS Moodle Log in to the site/input_Password_password'

2022-01-12 00:26:33 - [TEST_STEP][PASSED] - click(findTestObject("Object Repository/Page_BCS Moodle Log in to the site/button_Log in")): Object: 'Object Repository/Page_BCS Moodle Log in to the site/button_Log in' is clicked on

2022-01-12 00:26:35 - [MESSAGE][PASSED] - Object: 'Object Repository/Page_BCS Moodle Log in to the site/button_Log in' is clicked on

2022-01-12 00:26:35 - [TEST_STEP][PASSED] - click(findTestObject("Object Repository/Page_Dashboard/div_Course image")): Object: 'Object Repository/Page_Dashboard/div_Course image' is clicked on

2022-01-12 00:26:37 - [MESSAGE][PASSED] - Object: 'Object Repository/Page_Dashboard/div_Course image' is clicked on

2022-01-12 00:26:37 - [TEST_STEP][PASSED] - click(findTestObject("Object Repository/Page_Course Ton t hp/button_Turn editing on")): Object: 'Object Repository/Page_Course Ton t hp/button_Turn editing on' is clicked on

2022-01-12 00:26:39 - [MESSAGE][PASSED] - Object: 'Object Repository/Page_Course Ton t hp/button_Turn editing on' is clicked on

2022-01-12 00:26:39 - [TEST_STEP][PASSED] - click(findTestObject("Page_Course Ton t hp/span_Add an activity or resource (1)")): Object: 'Object Repository/Page_Course Ton t hp/span_Add an activity or resource (1)' is clicked on

2022-01-12 00:26:39 - [MESSAGE][PASSED] - Object: 'Object Repository/Page_Course Ton t hp/span_Add an activity or resource (1)' is clicked on

2022-01-12 00:26:39 - [TEST_STEP][PASSED] - click(findTestObject("Object Repository/Page_Course Ton t hp/img_Recommended_icon icon")): Object: 'Object Repository/Page_Course Ton t hp/img_Recommended_icon icon' is clicked on

2022-01-12 00:26:42 - [MESSAGE][PASSED] - Object: 'Object Repository/Page_Course Ton t hp/img_Recommended_icon icon' is clicked on

2022-01-12 00:26:42 - [TEST_STEP][PASSED] - setText(findTestObject("Object Repository/Page_Editing Assignment/input_Assignment name_name"), "Assigment With Due Date Before Allow Submission From"): Text 'Assigment With Due Date Before Allow Submission From' is set on object 'Object Repository/Page_Editing Assignment/input_Assignment name_name'

2022-01-12 00:26:44 - [MESSAGE][PASSED] - Text 'Assigment With Due Date Before Allow Submission From' is set on object 'Object Repository/Page_Editing Assignment/input_Assignment name_name'

2022-01-12 00:26:44 - [TEST_STEP][PASSED] - selectOptionByValue(findTestObject("Object Repository/Page_Editing Assignment/select_1        2        3        4        _45ea30"), "3", true): All options with value '3' are selected in object 'Object Repository/Page_Editing Assignment/select_1        2        3        4        _45ea30'  using regular expression

2022-01-12 00:26:45 - [MESSAGE][PASSED] - All options with value '3' are selected in object 'Object Repository/Page_Editing Assignment/select_1        2        3        4        _45ea30'  using regular expression

2022-01-12 00:26:45 - [TEST_STEP][PASSED] - click(findTestObject("Object Repository/Page_Editing Assignment/input_Upon activity completion_submitbutton")): Object: 'Object Repository/Page_Editing Assignment/input_Upon activity completion_submitbutton' is clicked on

2022-01-12 00:26:47 - [MESSAGE][PASSED] - Object: 'Object Repository/Page_Editing Assignment/input_Upon activity completion_submitbutton' is clicked on

2022-01-12 00:26:47 - [TEST_STEP][PASSED] - click(findTestObject("Object Repository/Page_Editing Assignment/div_Due date cannot be earlier than the all_eaad69")): Object: 'Object Repository/Page_Editing Assignment/div_Due date cannot be earlier than the all_eaad69' is clicked on

2022-01-12 00:26:48 - [MESSAGE][PASSED] - Object: 'Object Repository/Page_Editing Assignment/div_Due date cannot be earlier than the all_eaad69' is clicked on

2022-01-12 00:26:48 - [TEST_STEP][PASSED] - verifyElementText(findTestObject("Object Repository/Page_Editing Assignment/div_Due date cannot be earlier than the all_eaad69"), "Due date cannot be earlier than the allow submissions from date."): Actual text and expected text of test object 'Object Repository/Page_Editing Assignment/div_Due date cannot be earlier than the all_eaad69' are matched.

2022-01-12 00:26:48 - [MESSAGE][PASSED] - Actual text and expected text of test object 'Object Repository/Page_Editing Assignment/div_Due date cannot be earlier than the all_eaad69' are matched.

2022-01-12 00:26:48 - [TEST_STEP][PASSED] - closeBrowser(): Browser is closed

2022-01-12 00:26:49 - [MESSAGE][PASSED] - Browser is closed]]></system-out>
         <system-err><![CDATA[]]></system-err>
      </testcase>
      <testcase name="Test Cases/Teacher/Teacher_Add Quiz/Teacher_Add A Short Answer Question With No Full Grade Answer" time="29.072" classname="Test Cases/Teacher/Teacher_Add Quiz/Teacher_Add A Short Answer Question With No Full Grade Answer" status="PASSED">
         <system-out><![CDATA[2022-01-12 00:26:49 - [TEST_CASE][PASSED] - Test Cases/Teacher/Teacher_Add Quiz/Teacher_Add A Short Answer Question With No Full Grade Answer: Test Cases/Teacher/Teacher_Add Quiz/Teacher_Add A Short Answer Question With No Full Grade Answer

2022-01-12 00:26:49 - [TEST_STEP][PASSED] - openBrowser(""): Browser is opened with url: ''

2022-01-12 00:26:49 - [MESSAGE][INFO] - Starting 'Chrome' driver

2022-01-12 00:26:49 - [MESSAGE][INFO] - User set preference: ['args', '[window-size=1300,900]']

2022-01-12 00:26:49 - [MESSAGE][INFO] - Action delay is set to 0 milliseconds

2022-01-12 00:26:51 - [MESSAGE][PASSED] - Browser is opened with url: ''

2022-01-12 00:26:51 - [TEST_STEP][PASSED] - navigateToUrl("http://localhost:8080/moodle/"): Navigate to 'http://localhost:8080/moodle/' successfully

2022-01-12 00:26:51 - [MESSAGE][PASSED] - Navigate to 'http://localhost:8080/moodle/' successfully

2022-01-12 00:26:51 - [TEST_STEP][PASSED] - click(findTestObject("Object Repository/Page_BCS Moodle/a_Log in")): Object: 'Object Repository/Page_BCS Moodle/a_Log in' is clicked on

2022-01-12 00:26:52 - [MESSAGE][PASSED] - Object: 'Object Repository/Page_BCS Moodle/a_Log in' is clicked on

2022-01-12 00:26:52 - [TEST_STEP][PASSED] - setText(findTestObject("Object Repository/Page_BCS Moodle Log in to the site/input_Username_username"), "onix"): Text 'onix' is set on object 'Object Repository/Page_BCS Moodle Log in to the site/input_Username_username'

2022-01-12 00:26:53 - [MESSAGE][PASSED] - Text 'onix' is set on object 'Object Repository/Page_BCS Moodle Log in to the site/input_Username_username'

2022-01-12 00:26:53 - [TEST_STEP][PASSED] - setEncryptedText(findTestObject("Object Repository/Page_BCS Moodle Log in to the site/input_Password_password"), "uw4zQNl2RedGtkZxJt1B2nZNxIOg3YnT"): Text ****** has been set on object 'Object Repository/Page_BCS Moodle Log in to the site/input_Password_password'

2022-01-12 00:26:53 - [MESSAGE][PASSED] - Text ****** has been set on object 'Object Repository/Page_BCS Moodle Log in to the site/input_Password_password'

2022-01-12 00:26:53 - [TEST_STEP][PASSED] - click(findTestObject("Object Repository/Page_BCS Moodle Log in to the site/button_Log in")): Object: 'Object Repository/Page_BCS Moodle Log in to the site/button_Log in' is clicked on

2022-01-12 00:26:55 - [MESSAGE][PASSED] - Object: 'Object Repository/Page_BCS Moodle Log in to the site/button_Log in' is clicked on

2022-01-12 00:26:55 - [TEST_STEP][PASSED] - click(findTestObject("Object Repository/Page_Dashboard/div_Course image")): Object: 'Object Repository/Page_Dashboard/div_Course image' is clicked on

2022-01-12 00:26:57 - [MESSAGE][PASSED] - Object: 'Object Repository/Page_Dashboard/div_Course image' is clicked on

2022-01-12 00:26:57 - [TEST_STEP][PASSED] - click(findTestObject("Object Repository/Page_Course Ton t hp/button_Turn editing on")): Object: 'Object Repository/Page_Course Ton t hp/button_Turn editing on' is clicked on

2022-01-12 00:26:59 - [MESSAGE][PASSED] - Object: 'Object Repository/Page_Course Ton t hp/button_Turn editing on' is clicked on

2022-01-12 00:26:59 - [TEST_STEP][PASSED] - click(findTestObject("Object Repository/Page_Course Ton t hp/span_Add an activity or resource (4)")): Object: 'Object Repository/Page_Course Ton t hp/span_Add an activity or resource (4)' is clicked on

2022-01-12 00:27:00 - [MESSAGE][PASSED] - Object: 'Object Repository/Page_Course Ton t hp/span_Add an activity or resource (4)' is clicked on

2022-01-12 00:27:00 - [TEST_STEP][PASSED] - click(findTestObject("Object Repository/Page_Course Ton t hp/a_Quiz_1")): Object: 'Object Repository/Page_Course Ton t hp/a_Quiz_1' is clicked on

2022-01-12 00:27:03 - [MESSAGE][PASSED] - Object: 'Object Repository/Page_Course Ton t hp/a_Quiz_1' is clicked on

2022-01-12 00:27:03 - [TEST_STEP][PASSED] - setText(findTestObject("Object Repository/Page_Editing Quiz/input_Name_name"), "This is a quiz that has a short answer question with no full grade answer"): Text 'This is a quiz that has a short answer question with no full grade answer' is set on object 'Object Repository/Page_Editing Quiz/input_Name_name'

2022-01-12 00:27:04 - [MESSAGE][PASSED] - Text 'This is a quiz that has a short answer question with no full grade answer' is set on object 'Object Repository/Page_Editing Quiz/input_Name_name'

2022-01-12 00:27:04 - [TEST_STEP][PASSED] - click(findTestObject("Object Repository/Page_Editing Quiz/input_Upon activity completion_submitbutton")): Object: 'Object Repository/Page_Editing Quiz/input_Upon activity completion_submitbutton' is clicked on

2022-01-12 00:27:06 - [MESSAGE][PASSED] - Object: 'Object Repository/Page_Editing Quiz/input_Upon activity completion_submitbutton' is clicked on

2022-01-12 00:27:06 - [TEST_STEP][PASSED] - click(findTestObject("Object Repository/Page_TTH This is a quiz with a name/button_Edit quiz")): Object: 'Object Repository/Page_TTH This is a quiz with a name/button_Edit quiz' is clicked on

2022-01-12 00:27:07 - [MESSAGE][PASSED] - Object: 'Object Repository/Page_TTH This is a quiz with a name/button_Edit quiz' is clicked on

2022-01-12 00:27:07 - [TEST_STEP][PASSED] - click(findTestObject("Object Repository/Page_Editing quiz This is a quiz with a name/a_Add")): Object: 'Object Repository/Page_Editing quiz This is a quiz with a name/a_Add' is clicked on

2022-01-12 00:27:08 - [MESSAGE][PASSED] - Object: 'Object Repository/Page_Editing quiz This is a quiz with a name/a_Add' is clicked on

2022-01-12 00:27:08 - [TEST_STEP][PASSED] - click(findTestObject("Object Repository/Page_Editing quiz This is a quiz with a name/span_a new question")): Object: 'Object Repository/Page_Editing quiz This is a quiz with a name/span_a new question' is clicked on

2022-01-12 00:27:09 - [MESSAGE][PASSED] - Object: 'Object Repository/Page_Editing quiz This is a quiz with a name/span_a new question' is clicked on

2022-01-12 00:27:09 - [TEST_STEP][PASSED] - click(findTestObject("Object Repository/Page_Editing quiz This is a quiz with a name/label_Short answer                         _b7d048")): Object: 'Object Repository/Page_Editing quiz This is a quiz with a name/label_Short answer                         _b7d048' is clicked on

2022-01-12 00:27:09 - [MESSAGE][PASSED] - Object: 'Object Repository/Page_Editing quiz This is a quiz with a name/label_Short answer                         _b7d048' is clicked on

2022-01-12 00:27:09 - [TEST_STEP][PASSED] - click(findTestObject("Object Repository/Page_Editing quiz This is a quiz with a name/input_Description_submitbutton")): Object: 'Object Repository/Page_Editing quiz This is a quiz with a name/input_Description_submitbutton' is clicked on

2022-01-12 00:27:11 - [MESSAGE][PASSED] - Object: 'Object Repository/Page_Editing quiz This is a quiz with a name/input_Description_submitbutton' is clicked on

2022-01-12 00:27:11 - [TEST_STEP][PASSED] - setText(findTestObject("Object Repository/Page_Editing a Short answer question/input_Question name_name"), "A short answer question"): Text 'A short answer question' is set on object 'Object Repository/Page_Editing a Short answer question/input_Question name_name'

2022-01-12 00:27:12 - [MESSAGE][PASSED] - Text 'A short answer question' is set on object 'Object Repository/Page_Editing a Short answer question/input_Question name_name'

2022-01-12 00:27:12 - [TEST_STEP][PASSED] - setText(findTestObject("Object Repository/Page_Editing a Short answer question/div_Question text"), "Question text"): Text 'Question text' is set on object 'Object Repository/Page_Editing a Short answer question/div_Question text'

2022-01-12 00:27:13 - [MESSAGE][PASSED] - Text 'Question text' is set on object 'Object Repository/Page_Editing a Short answer question/div_Question text'

2022-01-12 00:27:13 - [TEST_STEP][PASSED] - setText(findTestObject("Object Repository/Page_Editing a Short answer question/input_Answer 1_answer0"), "Answer that is not full grade"): Text 'Answer that is not full grade' is set on object 'Object Repository/Page_Editing a Short answer question/input_Answer 1_answer0'

2022-01-12 00:27:14 - [MESSAGE][PASSED] - Text 'Answer that is not full grade' is set on object 'Object Repository/Page_Editing a Short answer question/input_Answer 1_answer0'

2022-01-12 00:27:14 - [TEST_STEP][PASSED] - setText(findTestObject("Object Repository/Page_Editing a Short answer question/input_Answer 2_answer1"), "Another answer that is not full grade"): Text 'Another answer that is not full grade' is set on object 'Object Repository/Page_Editing a Short answer question/input_Answer 2_answer1'

2022-01-12 00:27:15 - [MESSAGE][PASSED] - Text 'Another answer that is not full grade' is set on object 'Object Repository/Page_Editing a Short answer question/input_Answer 2_answer1'

2022-01-12 00:27:15 - [TEST_STEP][PASSED] - click(findTestObject("Object Repository/Page_Editing a Short answer question/input__submitbutton")): Object: 'Object Repository/Page_Editing a Short answer question/input__submitbutton' is clicked on

2022-01-12 00:27:16 - [MESSAGE][PASSED] - Object: 'Object Repository/Page_Editing a Short answer question/input__submitbutton' is clicked on

2022-01-12 00:27:16 - [TEST_STEP][PASSED] - verifyElementText(findTestObject("Object Repository/Page_Editing a Short answer question/div_One of the answers should have a score _23965b"), "One of the answers should have a score of 100% so it is possible to get full marks for this question."): Actual text and expected text of test object 'Object Repository/Page_Editing a Short answer question/div_One of the answers should have a score _23965b' are matched.

2022-01-12 00:27:17 - [MESSAGE][PASSED] - Actual text and expected text of test object 'Object Repository/Page_Editing a Short answer question/div_One of the answers should have a score _23965b' are matched.

2022-01-12 00:27:17 - [TEST_STEP][PASSED] - closeBrowser(): Browser is closed

2022-01-12 00:27:18 - [MESSAGE][PASSED] - Browser is closed]]></system-out>
         <system-err><![CDATA[]]></system-err>
      </testcase>
      <testcase name="Test Cases/Teacher/Teacher_Add Assignment/Teacher_Add Assignment With Submission Type" time="19.739" classname="Test Cases/Teacher/Teacher_Add Assignment/Teacher_Add Assignment With Submission Type" status="PASSED">
         <system-out><![CDATA[2022-01-12 00:27:18 - [TEST_CASE][PASSED] - Test Cases/Teacher/Teacher_Add Assignment/Teacher_Add Assignment With Submission Type: Test Cases/Teacher/Teacher_Add Assignment/Teacher_Add Assignment With Submission Type

2022-01-12 00:27:18 - [TEST_STEP][PASSED] - openBrowser(""): Browser is opened with url: ''

2022-01-12 00:27:18 - [MESSAGE][INFO] - Starting 'Chrome' driver

2022-01-12 00:27:18 - [MESSAGE][INFO] - User set preference: ['args', '[window-size=1300,900]']

2022-01-12 00:27:18 - [MESSAGE][INFO] - Action delay is set to 0 milliseconds

2022-01-12 00:27:19 - [MESSAGE][PASSED] - Browser is opened with url: ''

2022-01-12 00:27:19 - [TEST_STEP][PASSED] - navigateToUrl("http://localhost:8080/moodle/"): Navigate to 'http://localhost:8080/moodle/' successfully

2022-01-12 00:27:20 - [MESSAGE][PASSED] - Navigate to 'http://localhost:8080/moodle/' successfully

2022-01-12 00:27:20 - [TEST_STEP][PASSED] - click(findTestObject("Object Repository/Page_BCS Moodle/a_Log in")): Object: 'Object Repository/Page_BCS Moodle/a_Log in' is clicked on

2022-01-12 00:27:21 - [MESSAGE][PASSED] - Object: 'Object Repository/Page_BCS Moodle/a_Log in' is clicked on

2022-01-12 00:27:21 - [TEST_STEP][PASSED] - setText(findTestObject("Object Repository/Page_BCS Moodle Log in to the site/input_Username_username"), "onix"): Text 'onix' is set on object 'Object Repository/Page_BCS Moodle Log in to the site/input_Username_username'

2022-01-12 00:27:22 - [MESSAGE][PASSED] - Text 'onix' is set on object 'Object Repository/Page_BCS Moodle Log in to the site/input_Username_username'

2022-01-12 00:27:22 - [TEST_STEP][PASSED] - setEncryptedText(findTestObject("Object Repository/Page_BCS Moodle Log in to the site/input_Password_password"), "uw4zQNl2RedGtkZxJt1B2nZNxIOg3YnT"): Text ****** has been set on object 'Object Repository/Page_BCS Moodle Log in to the site/input_Password_password'

2022-01-12 00:27:22 - [MESSAGE][PASSED] - Text ****** has been set on object 'Object Repository/Page_BCS Moodle Log in to the site/input_Password_password'

2022-01-12 00:27:22 - [TEST_STEP][PASSED] - click(findTestObject("Object Repository/Page_BCS Moodle Log in to the site/button_Log in")): Object: 'Object Repository/Page_BCS Moodle Log in to the site/button_Log in' is clicked on

2022-01-12 00:27:24 - [MESSAGE][PASSED] - Object: 'Object Repository/Page_BCS Moodle Log in to the site/button_Log in' is clicked on

2022-01-12 00:27:24 - [TEST_STEP][PASSED] - click(findTestObject("Object Repository/Page_Dashboard/div_Course image")): Object: 'Object Repository/Page_Dashboard/div_Course image' is clicked on

2022-01-12 00:27:26 - [MESSAGE][PASSED] - Object: 'Object Repository/Page_Dashboard/div_Course image' is clicked on

2022-01-12 00:27:26 - [TEST_STEP][PASSED] - click(findTestObject("Object Repository/Page_Course Ton t hp/button_Turn editing on")): Object: 'Object Repository/Page_Course Ton t hp/button_Turn editing on' is clicked on

2022-01-12 00:27:27 - [MESSAGE][PASSED] - Object: 'Object Repository/Page_Course Ton t hp/button_Turn editing on' is clicked on

2022-01-12 00:27:27 - [TEST_STEP][PASSED] - click(findTestObject("Page_Course Ton t hp/span_Add an activity or resource (1)")): Object: 'Object Repository/Page_Course Ton t hp/span_Add an activity or resource (1)' is clicked on

2022-01-12 00:27:28 - [MESSAGE][PASSED] - Object: 'Object Repository/Page_Course Ton t hp/span_Add an activity or resource (1)' is clicked on

2022-01-12 00:27:28 - [TEST_STEP][PASSED] - click(findTestObject("Object Repository/Page_Course Ton t hp/img_Recommended_icon icon")): Object: 'Object Repository/Page_Course Ton t hp/img_Recommended_icon icon' is clicked on

2022-01-12 00:27:31 - [MESSAGE][PASSED] - Object: 'Object Repository/Page_Course Ton t hp/img_Recommended_icon icon' is clicked on

2022-01-12 00:27:31 - [TEST_STEP][PASSED] - setText(findTestObject("Object Repository/Page_Editing Assignment/input_Assignment name_name"), "Assignment With Submission Type"): Text 'Assignment With Submission Type' is set on object 'Object Repository/Page_Editing Assignment/input_Assignment name_name'

2022-01-12 00:27:32 - [MESSAGE][PASSED] - Text 'Assignment With Submission Type' is set on object 'Object Repository/Page_Editing Assignment/input_Assignment name_name'

2022-01-12 00:27:32 - [TEST_STEP][PASSED] - click(findTestObject("Object Repository/Page_Editing Assignment/input_Accepted file types_yui_3_17_2_1_1641_bd45fe")): Object: 'Object Repository/Page_Editing Assignment/input_Accepted file types_yui_3_17_2_1_1641_bd45fe' is clicked on

2022-01-12 00:27:33 - [MESSAGE][PASSED] - Object: 'Object Repository/Page_Editing Assignment/input_Accepted file types_yui_3_17_2_1_1641_bd45fe' is clicked on

2022-01-12 00:27:33 - [TEST_STEP][PASSED] - click(findTestObject("Object Repository/Page_Editing Assignment/input_All file types_yui_3_17_2_1_164139728_b9002d")): Object: 'Object Repository/Page_Editing Assignment/input_All file types_yui_3_17_2_1_164139728_b9002d' is clicked on

2022-01-12 00:27:34 - [MESSAGE][PASSED] - Object: 'Object Repository/Page_Editing Assignment/input_All file types_yui_3_17_2_1_164139728_b9002d' is clicked on

2022-01-12 00:27:34 - [TEST_STEP][PASSED] - click(findTestObject("Object Repository/Page_Editing Assignment/input_tgz_yui_3_17_2_1_1641397287136_1550")): Object: 'Object Repository/Page_Editing Assignment/input_tgz_yui_3_17_2_1_1641397287136_1550' is clicked on

2022-01-12 00:27:34 - [MESSAGE][PASSED] - Object: 'Object Repository/Page_Editing Assignment/input_tgz_yui_3_17_2_1_1641397287136_1550' is clicked on

2022-01-12 00:27:34 - [TEST_STEP][PASSED] - click(findTestObject("Object Repository/Page_Editing Assignment/button_Save changes")): Object: 'Object Repository/Page_Editing Assignment/button_Save changes' is clicked on

2022-01-12 00:27:35 - [MESSAGE][PASSED] - Object: 'Object Repository/Page_Editing Assignment/button_Save changes' is clicked on

2022-01-12 00:27:35 - [TEST_STEP][PASSED] - click(findTestObject("Object Repository/Page_Editing Assignment/input_Upon activity completion_submitbutton2")): Object: 'Object Repository/Page_Editing Assignment/input_Upon activity completion_submitbutton2' is clicked on

2022-01-12 00:27:37 - [MESSAGE][PASSED] - Object: 'Object Repository/Page_Editing Assignment/input_Upon activity completion_submitbutton2' is clicked on

2022-01-12 00:27:37 - [TEST_STEP][PASSED] - closeBrowser(): Browser is closed

2022-01-12 00:27:38 - [MESSAGE][PASSED] - Browser is closed]]></system-out>
         <system-err><![CDATA[]]></system-err>
      </testcase>
      <testcase name="Test Cases/Teacher/Teacher_Add Quiz/Teacher_Quiz Add A Multiple Choices Question With Only One Answer" time="30.169" classname="Test Cases/Teacher/Teacher_Add Quiz/Teacher_Quiz Add A Multiple Choices Question With Only One Answer" status="PASSED">
         <system-out><![CDATA[2022-01-12 00:27:38 - [TEST_CASE][PASSED] - Test Cases/Teacher/Teacher_Add Quiz/Teacher_Quiz Add A Multiple Choices Question With Only One Answer: Test Cases/Teacher/Teacher_Add Quiz/Teacher_Quiz Add A Multiple Choices Question With Only One Answer

2022-01-12 00:27:38 - [TEST_STEP][PASSED] - openBrowser(""): Browser is opened with url: ''

2022-01-12 00:27:38 - [MESSAGE][INFO] - Starting 'Chrome' driver

2022-01-12 00:27:38 - [MESSAGE][INFO] - User set preference: ['args', '[window-size=1300,900]']

2022-01-12 00:27:38 - [MESSAGE][INFO] - Action delay is set to 0 milliseconds

2022-01-12 00:27:39 - [MESSAGE][PASSED] - Browser is opened with url: ''

2022-01-12 00:27:39 - [TEST_STEP][PASSED] - navigateToUrl("http://localhost:8080/moodle/"): Navigate to 'http://localhost:8080/moodle/' successfully

2022-01-12 00:27:40 - [MESSAGE][PASSED] - Navigate to 'http://localhost:8080/moodle/' successfully

2022-01-12 00:27:40 - [TEST_STEP][PASSED] - click(findTestObject("Object Repository/Page_BCS Moodle/a_Log in")): Object: 'Object Repository/Page_BCS Moodle/a_Log in' is clicked on

2022-01-12 00:27:41 - [MESSAGE][PASSED] - Object: 'Object Repository/Page_BCS Moodle/a_Log in' is clicked on

2022-01-12 00:27:41 - [TEST_STEP][PASSED] - setText(findTestObject("Object Repository/Page_BCS Moodle Log in to the site/input_Username_username"), "onix"): Text 'onix' is set on object 'Object Repository/Page_BCS Moodle Log in to the site/input_Username_username'

2022-01-12 00:27:42 - [MESSAGE][PASSED] - Text 'onix' is set on object 'Object Repository/Page_BCS Moodle Log in to the site/input_Username_username'

2022-01-12 00:27:42 - [TEST_STEP][PASSED] - setEncryptedText(findTestObject("Object Repository/Page_BCS Moodle Log in to the site/input_Password_password"), "uw4zQNl2RedGtkZxJt1B2nZNxIOg3YnT"): Text ****** has been set on object 'Object Repository/Page_BCS Moodle Log in to the site/input_Password_password'

2022-01-12 00:27:42 - [MESSAGE][PASSED] - Text ****** has been set on object 'Object Repository/Page_BCS Moodle Log in to the site/input_Password_password'

2022-01-12 00:27:42 - [TEST_STEP][PASSED] - click(findTestObject("Object Repository/Page_BCS Moodle Log in to the site/button_Log in")): Object: 'Object Repository/Page_BCS Moodle Log in to the site/button_Log in' is clicked on

2022-01-12 00:27:44 - [MESSAGE][PASSED] - Object: 'Object Repository/Page_BCS Moodle Log in to the site/button_Log in' is clicked on

2022-01-12 00:27:44 - [TEST_STEP][PASSED] - click(findTestObject("Object Repository/Page_Dashboard/div_Course image")): Object: 'Object Repository/Page_Dashboard/div_Course image' is clicked on

2022-01-12 00:27:46 - [MESSAGE][PASSED] - Object: 'Object Repository/Page_Dashboard/div_Course image' is clicked on

2022-01-12 00:27:46 - [TEST_STEP][PASSED] - click(findTestObject("Object Repository/Page_Course Ton t hp/button_Turn editing on")): Object: 'Object Repository/Page_Course Ton t hp/button_Turn editing on' is clicked on

2022-01-12 00:27:47 - [MESSAGE][PASSED] - Object: 'Object Repository/Page_Course Ton t hp/button_Turn editing on' is clicked on

2022-01-12 00:27:47 - [TEST_STEP][PASSED] - click(findTestObject("Object Repository/Page_Course Ton t hp/span_Add an activity or resource (4)")): Object: 'Object Repository/Page_Course Ton t hp/span_Add an activity or resource (4)' is clicked on

2022-01-12 00:27:48 - [MESSAGE][PASSED] - Object: 'Object Repository/Page_Course Ton t hp/span_Add an activity or resource (4)' is clicked on

2022-01-12 00:27:48 - [TEST_STEP][PASSED] - click(findTestObject("Object Repository/Page_Course Ton t hp/a_Quiz_1")): Object: 'Object Repository/Page_Course Ton t hp/a_Quiz_1' is clicked on

2022-01-12 00:27:51 - [MESSAGE][PASSED] - Object: 'Object Repository/Page_Course Ton t hp/a_Quiz_1' is clicked on

2022-01-12 00:27:51 - [TEST_STEP][PASSED] - setText(findTestObject("Object Repository/Page_Editing Quiz/input_Name_name"), "This is a quiz with a multiple choices question with only one answer"): Text 'This is a quiz with a multiple choices question with only one answer' is set on object 'Object Repository/Page_Editing Quiz/input_Name_name'

2022-01-12 00:27:52 - [MESSAGE][PASSED] - Text 'This is a quiz with a multiple choices question with only one answer' is set on object 'Object Repository/Page_Editing Quiz/input_Name_name'

2022-01-12 00:27:52 - [TEST_STEP][PASSED] - click(findTestObject("Object Repository/Page_Editing Quiz/input_Upon activity completion_submitbutton")): Object: 'Object Repository/Page_Editing Quiz/input_Upon activity completion_submitbutton' is clicked on

2022-01-12 00:27:54 - [MESSAGE][PASSED] - Object: 'Object Repository/Page_Editing Quiz/input_Upon activity completion_submitbutton' is clicked on

2022-01-12 00:27:54 - [TEST_STEP][PASSED] - click(findTestObject("Object Repository/Page_TTH This is a quiz with a question tha_2529fa/button_Edit quiz")): Object: 'Object Repository/Page_TTH This is a quiz with a question tha_2529fa/button_Edit quiz' is clicked on

2022-01-12 00:27:56 - [MESSAGE][PASSED] - Object: 'Object Repository/Page_TTH This is a quiz with a question tha_2529fa/button_Edit quiz' is clicked on

2022-01-12 00:27:56 - [TEST_STEP][PASSED] - click(findTestObject("Object Repository/Page_Editing quiz A multiple choices questi_f96158/span_Add")): Object: 'Object Repository/Page_Editing quiz A multiple choices questi_f96158/span_Add' is clicked on

2022-01-12 00:27:56 - [MESSAGE][PASSED] - Object: 'Object Repository/Page_Editing quiz A multiple choices questi_f96158/span_Add' is clicked on

2022-01-12 00:27:56 - [TEST_STEP][PASSED] - click(findTestObject("Object Repository/Page_Editing quiz A multiple choices questi_f96158/span_a new question")): Object: 'Object Repository/Page_Editing quiz A multiple choices questi_f96158/span_a new question' is clicked on

2022-01-12 00:27:57 - [MESSAGE][PASSED] - Object: 'Object Repository/Page_Editing quiz A multiple choices questi_f96158/span_a new question' is clicked on

2022-01-12 00:27:57 - [TEST_STEP][PASSED] - click(findTestObject("Object Repository/Page_Editing quiz A multiple choices questi_f96158/span_Multiple choice")): Object: 'Object Repository/Page_Editing quiz A multiple choices questi_f96158/span_Multiple choice' is clicked on

2022-01-12 00:27:57 - [MESSAGE][PASSED] - Object: 'Object Repository/Page_Editing quiz A multiple choices questi_f96158/span_Multiple choice' is clicked on

2022-01-12 00:27:57 - [TEST_STEP][PASSED] - click(findTestObject("Object Repository/Page_Editing quiz A multiple choices questi_f96158/input_Description_submitbutton")): Object: 'Object Repository/Page_Editing quiz A multiple choices questi_f96158/input_Description_submitbutton' is clicked on

2022-01-12 00:27:59 - [MESSAGE][PASSED] - Object: 'Object Repository/Page_Editing quiz A multiple choices questi_f96158/input_Description_submitbutton' is clicked on

2022-01-12 00:27:59 - [TEST_STEP][PASSED] - setText(findTestObject("Object Repository/Page_Editing a Multiple choice question/input_Question name_name"), "A multiple choices question that has only one answer"): Text 'A multiple choices question that has only one answer' is set on object 'Object Repository/Page_Editing a Multiple choice question/input_Question name_name'

2022-01-12 00:28:00 - [MESSAGE][PASSED] - Text 'A multiple choices question that has only one answer' is set on object 'Object Repository/Page_Editing a Multiple choice question/input_Question name_name'

2022-01-12 00:28:00 - [TEST_STEP][PASSED] - setText(findTestObject("Object Repository/Page_Editing a Multiple choice question/div_ques text"), "Question text"): Text 'Question text' is set on object 'Object Repository/Page_Editing a Multiple choice question/div_ques text'

2022-01-12 00:28:01 - [MESSAGE][PASSED] - Text 'Question text' is set on object 'Object Repository/Page_Editing a Multiple choice question/div_ques text'

2022-01-12 00:28:01 - [TEST_STEP][PASSED] - setText(findTestObject("Object Repository/Page_Editing a Multiple choice question/div_Choice 1"), "The only answer of this question"): Text 'The only answer of this question' is set on object 'Object Repository/Page_Editing a Multiple choice question/div_Choice 1'

2022-01-12 00:28:03 - [MESSAGE][PASSED] - Text 'The only answer of this question' is set on object 'Object Repository/Page_Editing a Multiple choice question/div_Choice 1'

2022-01-12 00:28:03 - [TEST_STEP][PASSED] - selectOptionByValue(findTestObject("Object Repository/Page_Editing a Multiple choice question/select_None            100            90   _353130"), "1.0", true): All options with value '1.0' are selected in object 'Object Repository/Page_Editing a Multiple choice question/select_None            100            90   _353130'  using regular expression

2022-01-12 00:28:04 - [MESSAGE][PASSED] - All options with value '1.0' are selected in object 'Object Repository/Page_Editing a Multiple choice question/select_None            100            90   _353130'  using regular expression

2022-01-12 00:28:04 - [TEST_STEP][PASSED] - click(findTestObject("Object Repository/Page_Editing a Multiple choice question/input__submitbutton")): Object: 'Object Repository/Page_Editing a Multiple choice question/input__submitbutton' is clicked on

2022-01-12 00:28:06 - [MESSAGE][PASSED] - Object: 'Object Repository/Page_Editing a Multiple choice question/input__submitbutton' is clicked on

2022-01-12 00:28:06 - [TEST_STEP][PASSED] - verifyElementText(findTestObject("Object Repository/Page_Editing a Multiple choice question/div_This type of question requires at least_02af54"), "This type of question requires at least 2 choices"): Actual text and expected text of test object 'Object Repository/Page_Editing a Multiple choice question/div_This type of question requires at least_02af54' are matched.

2022-01-12 00:28:07 - [MESSAGE][PASSED] - Actual text and expected text of test object 'Object Repository/Page_Editing a Multiple choice question/div_This type of question requires at least_02af54' are matched.

2022-01-12 00:28:07 - [TEST_STEP][PASSED] - closeBrowser(): Browser is closed

2022-01-12 00:28:08 - [MESSAGE][PASSED] - Browser is closed]]></system-out>
         <system-err><![CDATA[]]></system-err>
      </testcase>
      <testcase name="Test Cases/Teacher/Teacher_Add Quiz/Teacher_Quiz Add Question With Missing Question Text" time="24.672" classname="Test Cases/Teacher/Teacher_Add Quiz/Teacher_Quiz Add Question With Missing Question Text" status="PASSED">
         <system-out><![CDATA[2022-01-12 00:28:08 - [TEST_CASE][PASSED] - Test Cases/Teacher/Teacher_Add Quiz/Teacher_Quiz Add Question With Missing Question Text: Test Cases/Teacher/Teacher_Add Quiz/Teacher_Quiz Add Question With Missing Question Text

2022-01-12 00:28:08 - [TEST_STEP][PASSED] - openBrowser(""): Browser is opened with url: ''

2022-01-12 00:28:08 - [MESSAGE][INFO] - Starting 'Chrome' driver

2022-01-12 00:28:08 - [MESSAGE][INFO] - User set preference: ['args', '[window-size=1300,900]']

2022-01-12 00:28:08 - [MESSAGE][INFO] - Action delay is set to 0 milliseconds

2022-01-12 00:28:09 - [MESSAGE][PASSED] - Browser is opened with url: ''

2022-01-12 00:28:09 - [TEST_STEP][PASSED] - navigateToUrl("http://localhost:8080/moodle/"): Navigate to 'http://localhost:8080/moodle/' successfully

2022-01-12 00:28:10 - [MESSAGE][PASSED] - Navigate to 'http://localhost:8080/moodle/' successfully

2022-01-12 00:28:10 - [TEST_STEP][PASSED] - click(findTestObject("Object Repository/Page_BCS Moodle/a_Log in")): Object: 'Object Repository/Page_BCS Moodle/a_Log in' is clicked on

2022-01-12 00:28:11 - [MESSAGE][PASSED] - Object: 'Object Repository/Page_BCS Moodle/a_Log in' is clicked on

2022-01-12 00:28:11 - [TEST_STEP][PASSED] - setText(findTestObject("Object Repository/Page_BCS Moodle Log in to the site/input_Username_username"), "onix"): Text 'onix' is set on object 'Object Repository/Page_BCS Moodle Log in to the site/input_Username_username'

2022-01-12 00:28:12 - [MESSAGE][PASSED] - Text 'onix' is set on object 'Object Repository/Page_BCS Moodle Log in to the site/input_Username_username'

2022-01-12 00:28:12 - [TEST_STEP][PASSED] - setEncryptedText(findTestObject("Object Repository/Page_BCS Moodle Log in to the site/input_Password_password"), "uw4zQNl2RedGtkZxJt1B2nZNxIOg3YnT"): Text ****** has been set on object 'Object Repository/Page_BCS Moodle Log in to the site/input_Password_password'

2022-01-12 00:28:12 - [MESSAGE][PASSED] - Text ****** has been set on object 'Object Repository/Page_BCS Moodle Log in to the site/input_Password_password'

2022-01-12 00:28:12 - [TEST_STEP][PASSED] - click(findTestObject("Object Repository/Page_BCS Moodle Log in to the site/button_Log in")): Object: 'Object Repository/Page_BCS Moodle Log in to the site/button_Log in' is clicked on

2022-01-12 00:28:14 - [MESSAGE][PASSED] - Object: 'Object Repository/Page_BCS Moodle Log in to the site/button_Log in' is clicked on

2022-01-12 00:28:14 - [TEST_STEP][PASSED] - click(findTestObject("Object Repository/Page_Dashboard/div_Course image")): Object: 'Object Repository/Page_Dashboard/div_Course image' is clicked on

2022-01-12 00:28:16 - [MESSAGE][PASSED] - Object: 'Object Repository/Page_Dashboard/div_Course image' is clicked on

2022-01-12 00:28:16 - [TEST_STEP][PASSED] - click(findTestObject("Object Repository/Page_Course Ton t hp/button_Turn editing on")): Object: 'Object Repository/Page_Course Ton t hp/button_Turn editing on' is clicked on

2022-01-12 00:28:18 - [MESSAGE][PASSED] - Object: 'Object Repository/Page_Course Ton t hp/button_Turn editing on' is clicked on

2022-01-12 00:28:18 - [TEST_STEP][PASSED] - click(findTestObject("Object Repository/Page_Course Ton t hp/span_Add an activity or resource (4)")): Object: 'Object Repository/Page_Course Ton t hp/span_Add an activity or resource (4)' is clicked on

2022-01-12 00:28:19 - [MESSAGE][PASSED] - Object: 'Object Repository/Page_Course Ton t hp/span_Add an activity or resource (4)' is clicked on

2022-01-12 00:28:19 - [TEST_STEP][PASSED] - click(findTestObject("Object Repository/Page_Course Ton t hp/a_Quiz_1")): Object: 'Object Repository/Page_Course Ton t hp/a_Quiz_1' is clicked on

2022-01-12 00:28:21 - [MESSAGE][PASSED] - Object: 'Object Repository/Page_Course Ton t hp/a_Quiz_1' is clicked on

2022-01-12 00:28:21 - [TEST_STEP][PASSED] - setText(findTestObject("Object Repository/Page_Editing Quiz/input_Name_name"), "This is a quiz with a question that is missing question text"): Text 'This is a quiz with a question that is missing question text' is set on object 'Object Repository/Page_Editing Quiz/input_Name_name'

2022-01-12 00:28:23 - [MESSAGE][PASSED] - Text 'This is a quiz with a question that is missing question text' is set on object 'Object Repository/Page_Editing Quiz/input_Name_name'

2022-01-12 00:28:23 - [TEST_STEP][PASSED] - click(findTestObject("Object Repository/Page_Editing Quiz/input_Upon activity completion_submitbutton")): Object: 'Object Repository/Page_Editing Quiz/input_Upon activity completion_submitbutton' is clicked on

2022-01-12 00:28:25 - [MESSAGE][PASSED] - Object: 'Object Repository/Page_Editing Quiz/input_Upon activity completion_submitbutton' is clicked on

2022-01-12 00:28:25 - [TEST_STEP][PASSED] - click(findTestObject("Object Repository/Page_TTH This is a quiz with a question tha_2529fa/button_Edit quiz")): Object: 'Object Repository/Page_TTH This is a quiz with a question tha_2529fa/button_Edit quiz' is clicked on

2022-01-12 00:28:26 - [MESSAGE][PASSED] - Object: 'Object Repository/Page_TTH This is a quiz with a question tha_2529fa/button_Edit quiz' is clicked on

2022-01-12 00:28:26 - [TEST_STEP][PASSED] - click(findTestObject("Object Repository/Page_Editing quiz This is a quiz with a que_40dacb/span_Add")): Object: 'Object Repository/Page_Editing quiz This is a quiz with a que_40dacb/span_Add' is clicked on

2022-01-12 00:28:27 - [MESSAGE][PASSED] - Object: 'Object Repository/Page_Editing quiz This is a quiz with a que_40dacb/span_Add' is clicked on

2022-01-12 00:28:27 - [TEST_STEP][PASSED] - click(findTestObject("Object Repository/Page_Editing quiz This is a quiz with a que_40dacb/span_a new question")): Object: 'Object Repository/Page_Editing quiz This is a quiz with a que_40dacb/span_a new question' is clicked on

2022-01-12 00:28:27 - [MESSAGE][PASSED] - Object: 'Object Repository/Page_Editing quiz This is a quiz with a que_40dacb/span_a new question' is clicked on

2022-01-12 00:28:27 - [TEST_STEP][PASSED] - click(findTestObject("Object Repository/Page_Editing quiz This is a quiz with a que_40dacb/span_Multiple choice")): Object: 'Object Repository/Page_Editing quiz This is a quiz with a que_40dacb/span_Multiple choice' is clicked on

2022-01-12 00:28:28 - [MESSAGE][PASSED] - Object: 'Object Repository/Page_Editing quiz This is a quiz with a que_40dacb/span_Multiple choice' is clicked on

2022-01-12 00:28:28 - [TEST_STEP][PASSED] - click(findTestObject("Object Repository/Page_Editing quiz This is a quiz with a que_40dacb/input_Description_submitbutton")): Object: 'Object Repository/Page_Editing quiz This is a quiz with a que_40dacb/input_Description_submitbutton' is clicked on

2022-01-12 00:28:30 - [MESSAGE][PASSED] - Object: 'Object Repository/Page_Editing quiz This is a quiz with a que_40dacb/input_Description_submitbutton' is clicked on

2022-01-12 00:28:30 - [TEST_STEP][PASSED] - setText(findTestObject("Object Repository/Page_Editing a Multiple choice question/input_Question name_name"), "A question that is missing question text"): Text 'A question that is missing question text' is set on object 'Object Repository/Page_Editing a Multiple choice question/input_Question name_name'

2022-01-12 00:28:31 - [MESSAGE][PASSED] - Text 'A question that is missing question text' is set on object 'Object Repository/Page_Editing a Multiple choice question/input_Question name_name'

2022-01-12 00:28:31 - [TEST_STEP][PASSED] - click(findTestObject("Object Repository/Page_Editing a Multiple choice question/input__submitbutton")): Object: 'Object Repository/Page_Editing a Multiple choice question/input__submitbutton' is clicked on

2022-01-12 00:28:32 - [MESSAGE][PASSED] - Object: 'Object Repository/Page_Editing a Multiple choice question/input__submitbutton' is clicked on

2022-01-12 00:28:32 - [TEST_STEP][PASSED] - verifyElementText(findTestObject("Object Repository/Page_Editing a Multiple choice question/div_- You must supply a value here"), "- You must supply a value here."): Actual text and expected text of test object 'Object Repository/Page_Editing a Multiple choice question/div_- You must supply a value here' are matched.

2022-01-12 00:28:32 - [MESSAGE][PASSED] - Actual text and expected text of test object 'Object Repository/Page_Editing a Multiple choice question/div_- You must supply a value here' are matched.

2022-01-12 00:28:32 - [TEST_STEP][PASSED] - closeBrowser(): Browser is closed

2022-01-12 00:28:33 - [MESSAGE][PASSED] - Browser is closed]]></system-out>
         <system-err><![CDATA[]]></system-err>
      </testcase>
      <testcase name="Test Cases/Teacher/Teacher_Add Survey/Teacher_Add Survey ATTLS" time="19.131" classname="Test Cases/Teacher/Teacher_Add Survey/Teacher_Add Survey ATTLS" status="PASSED">
         <system-out><![CDATA[2022-01-12 00:28:33 - [TEST_CASE][PASSED] - Test Cases/Teacher/Teacher_Add Survey/Teacher_Add Survey ATTLS: Test Cases/Teacher/Teacher_Add Survey/Teacher_Add Survey ATTLS

2022-01-12 00:28:33 - [TEST_STEP][PASSED] - openBrowser(""): Browser is opened with url: ''

2022-01-12 00:28:33 - [MESSAGE][INFO] - Starting 'Chrome' driver

2022-01-12 00:28:33 - [MESSAGE][INFO] - User set preference: ['args', '[window-size=1300,900]']

2022-01-12 00:28:33 - [MESSAGE][INFO] - Action delay is set to 0 milliseconds

2022-01-12 00:28:34 - [MESSAGE][PASSED] - Browser is opened with url: ''

2022-01-12 00:28:34 - [TEST_STEP][PASSED] - navigateToUrl("http://localhost:8080/moodle/"): Navigate to 'http://localhost:8080/moodle/' successfully

2022-01-12 00:28:35 - [MESSAGE][PASSED] - Navigate to 'http://localhost:8080/moodle/' successfully

2022-01-12 00:28:35 - [TEST_STEP][PASSED] - click(findTestObject("Object Repository/Page_BCS Moodle/a_Log in")): Object: 'Object Repository/Page_BCS Moodle/a_Log in' is clicked on

2022-01-12 00:28:35 - [MESSAGE][PASSED] - Object: 'Object Repository/Page_BCS Moodle/a_Log in' is clicked on

2022-01-12 00:28:35 - [TEST_STEP][PASSED] - setText(findTestObject("Object Repository/Page_BCS Moodle Log in to the site/input_Username_username"), "onix"): Text 'onix' is set on object 'Object Repository/Page_BCS Moodle Log in to the site/input_Username_username'

2022-01-12 00:28:36 - [MESSAGE][PASSED] - Text 'onix' is set on object 'Object Repository/Page_BCS Moodle Log in to the site/input_Username_username'

2022-01-12 00:28:36 - [TEST_STEP][PASSED] - setEncryptedText(findTestObject("Object Repository/Page_BCS Moodle Log in to the site/input_Password_password"), "uw4zQNl2RedGtkZxJt1B2nZNxIOg3YnT"): Text ****** has been set on object 'Object Repository/Page_BCS Moodle Log in to the site/input_Password_password'

2022-01-12 00:28:37 - [MESSAGE][PASSED] - Text ****** has been set on object 'Object Repository/Page_BCS Moodle Log in to the site/input_Password_password'

2022-01-12 00:28:37 - [TEST_STEP][PASSED] - click(findTestObject("Object Repository/Page_BCS Moodle Log in to the site/button_Log in")): Object: 'Object Repository/Page_BCS Moodle Log in to the site/button_Log in' is clicked on

2022-01-12 00:28:38 - [MESSAGE][PASSED] - Object: 'Object Repository/Page_BCS Moodle Log in to the site/button_Log in' is clicked on

2022-01-12 00:28:38 - [TEST_STEP][PASSED] - click(findTestObject("Object Repository/Page_Dashboard/div_Course image")): Object: 'Object Repository/Page_Dashboard/div_Course image' is clicked on

2022-01-12 00:28:41 - [MESSAGE][PASSED] - Object: 'Object Repository/Page_Dashboard/div_Course image' is clicked on

2022-01-12 00:28:41 - [TEST_STEP][PASSED] - click(findTestObject("Object Repository/Page_Course Ton t hp/button_Turn editing on")): Object: 'Object Repository/Page_Course Ton t hp/button_Turn editing on' is clicked on

2022-01-12 00:28:42 - [MESSAGE][PASSED] - Object: 'Object Repository/Page_Course Ton t hp/button_Turn editing on' is clicked on

2022-01-12 00:28:42 - [TEST_STEP][PASSED] - click(findTestObject("Object Repository/Page_Course Ton t hp/span_Add an activity or resource (3)")): Object: 'Object Repository/Page_Course Ton t hp/span_Add an activity or resource (3)' is clicked on

2022-01-12 00:28:43 - [MESSAGE][PASSED] - Object: 'Object Repository/Page_Course Ton t hp/span_Add an activity or resource (3)' is clicked on

2022-01-12 00:28:43 - [TEST_STEP][PASSED] - click(findTestObject("Object Repository/Page_Course Ton t hp/img_Information about the SCORM package act_36b475")): Object: 'Object Repository/Page_Course Ton t hp/img_Information about the SCORM package act_36b475' is clicked on

2022-01-12 00:28:45 - [MESSAGE][PASSED] - Object: 'Object Repository/Page_Course Ton t hp/img_Information about the SCORM package act_36b475' is clicked on

2022-01-12 00:28:45 - [TEST_STEP][PASSED] - setText(findTestObject("Page_Editing Survey/input_Name_name"), "Example Survey ATTLS"): Text 'Example Survey ATTLS' is set on object 'Object Repository/Page_Editing Survey/input_Name_name'

2022-01-12 00:28:47 - [MESSAGE][PASSED] - Text 'Example Survey ATTLS' is set on object 'Object Repository/Page_Editing Survey/input_Name_name'

2022-01-12 00:28:47 - [TEST_STEP][PASSED] - selectOptionByValue(findTestObject("Page_Editing Survey/select_Choose.            ATTLS (20 item ve_6ae139"), "4", true): All options with value '4' are selected in object 'Object Repository/Page_Editing Survey/select_Choose.            ATTLS (20 item ve_6ae139'  using regular expression

2022-01-12 00:28:48 - [MESSAGE][PASSED] - All options with value '4' are selected in object 'Object Repository/Page_Editing Survey/select_Choose.            ATTLS (20 item ve_6ae139'  using regular expression

2022-01-12 00:28:48 - [TEST_STEP][PASSED] - click(findTestObject("Page_Editing Survey/input_Upon activity completion_submitbutton")): Object: 'Object Repository/Page_Editing Survey/input_Upon activity completion_submitbutton' is clicked on

2022-01-12 00:28:50 - [MESSAGE][PASSED] - Object: 'Object Repository/Page_Editing Survey/input_Upon activity completion_submitbutton' is clicked on

2022-01-12 00:28:50 - [TEST_STEP][PASSED] - click(findTestObject("Object Repository/Page_Example Survey ATTLS/a_Survey")): Object: 'Object Repository/Page_Example Survey ATTLS/a_Survey' is clicked on

2022-01-12 00:28:51 - [MESSAGE][PASSED] - Object: 'Object Repository/Page_Example Survey ATTLS/a_Survey' is clicked on

2022-01-12 00:28:51 - [TEST_STEP][PASSED] - closeBrowser(): Browser is closed

2022-01-12 00:28:52 - [MESSAGE][PASSED] - Browser is closed]]></system-out>
         <system-err><![CDATA[]]></system-err>
      </testcase>
      <testcase name="Test Cases/Teacher/Teacher_Add Survey/Teacher_Add Survey Critical Incidents" time="19.044" classname="Test Cases/Teacher/Teacher_Add Survey/Teacher_Add Survey Critical Incidents" status="PASSED">
         <system-out><![CDATA[2022-01-12 00:28:52 - [TEST_CASE][PASSED] - Test Cases/Teacher/Teacher_Add Survey/Teacher_Add Survey Critical Incidents: Test Cases/Teacher/Teacher_Add Survey/Teacher_Add Survey Critical Incidents

2022-01-12 00:28:52 - [TEST_STEP][PASSED] - openBrowser(""): Browser is opened with url: ''

2022-01-12 00:28:52 - [MESSAGE][INFO] - Starting 'Chrome' driver

2022-01-12 00:28:52 - [MESSAGE][INFO] - User set preference: ['args', '[window-size=1300,900]']

2022-01-12 00:28:52 - [MESSAGE][INFO] - Action delay is set to 0 milliseconds

2022-01-12 00:28:53 - [MESSAGE][PASSED] - Browser is opened with url: ''

2022-01-12 00:28:53 - [TEST_STEP][PASSED] - navigateToUrl("http://localhost:8080/moodle/"): Navigate to 'http://localhost:8080/moodle/' successfully

2022-01-12 00:28:54 - [MESSAGE][PASSED] - Navigate to 'http://localhost:8080/moodle/' successfully

2022-01-12 00:28:54 - [TEST_STEP][PASSED] - click(findTestObject("Object Repository/Page_BCS Moodle/a_Log in")): Object: 'Object Repository/Page_BCS Moodle/a_Log in' is clicked on

2022-01-12 00:28:55 - [MESSAGE][PASSED] - Object: 'Object Repository/Page_BCS Moodle/a_Log in' is clicked on

2022-01-12 00:28:55 - [TEST_STEP][PASSED] - setText(findTestObject("Object Repository/Page_BCS Moodle Log in to the site/input_Username_username"), "onix"): Text 'onix' is set on object 'Object Repository/Page_BCS Moodle Log in to the site/input_Username_username'

2022-01-12 00:28:56 - [MESSAGE][PASSED] - Text 'onix' is set on object 'Object Repository/Page_BCS Moodle Log in to the site/input_Username_username'

2022-01-12 00:28:56 - [TEST_STEP][PASSED] - setEncryptedText(findTestObject("Object Repository/Page_BCS Moodle Log in to the site/input_Password_password"), "uw4zQNl2RedGtkZxJt1B2nZNxIOg3YnT"): Text ****** has been set on object 'Object Repository/Page_BCS Moodle Log in to the site/input_Password_password'

2022-01-12 00:28:56 - [MESSAGE][PASSED] - Text ****** has been set on object 'Object Repository/Page_BCS Moodle Log in to the site/input_Password_password'

2022-01-12 00:28:56 - [TEST_STEP][PASSED] - click(findTestObject("Object Repository/Page_BCS Moodle Log in to the site/button_Log in")): Object: 'Object Repository/Page_BCS Moodle Log in to the site/button_Log in' is clicked on

2022-01-12 00:28:57 - [MESSAGE][PASSED] - Object: 'Object Repository/Page_BCS Moodle Log in to the site/button_Log in' is clicked on

2022-01-12 00:28:57 - [TEST_STEP][PASSED] - click(findTestObject("Object Repository/Page_Dashboard/div_Course image")): Object: 'Object Repository/Page_Dashboard/div_Course image' is clicked on

2022-01-12 00:29:00 - [MESSAGE][PASSED] - Object: 'Object Repository/Page_Dashboard/div_Course image' is clicked on

2022-01-12 00:29:00 - [TEST_STEP][PASSED] - click(findTestObject("Object Repository/Page_Course Ton t hp/button_Turn editing on")): Object: 'Object Repository/Page_Course Ton t hp/button_Turn editing on' is clicked on

2022-01-12 00:29:01 - [MESSAGE][PASSED] - Object: 'Object Repository/Page_Course Ton t hp/button_Turn editing on' is clicked on

2022-01-12 00:29:01 - [TEST_STEP][PASSED] - click(findTestObject("Page_Course Ton t hp/span_Add an activity or resource (3)")): Object: 'Object Repository/Page_Course Ton t hp/span_Add an activity or resource (3)' is clicked on

2022-01-12 00:29:02 - [MESSAGE][PASSED] - Object: 'Object Repository/Page_Course Ton t hp/span_Add an activity or resource (3)' is clicked on

2022-01-12 00:29:02 - [TEST_STEP][PASSED] - click(findTestObject("Object Repository/Page_Course Ton t hp/img_Information about the SCORM package act_36b475")): Object: 'Object Repository/Page_Course Ton t hp/img_Information about the SCORM package act_36b475' is clicked on

2022-01-12 00:29:04 - [MESSAGE][PASSED] - Object: 'Object Repository/Page_Course Ton t hp/img_Information about the SCORM package act_36b475' is clicked on

2022-01-12 00:29:04 - [TEST_STEP][PASSED] - setText(findTestObject("Object Repository/Page_Editing Survey/input_Name_name"), "Example Survey Critical Incidents"): Text 'Example Survey Critical Incidents' is set on object 'Object Repository/Page_Editing Survey/input_Name_name'

2022-01-12 00:29:06 - [MESSAGE][PASSED] - Text 'Example Survey Critical Incidents' is set on object 'Object Repository/Page_Editing Survey/input_Name_name'

2022-01-12 00:29:06 - [TEST_STEP][PASSED] - selectOptionByValue(findTestObject("Object Repository/Page_Editing Survey/select_Choose.            ATTLS (20 item ve_6ae139"), "5", true): All options with value '5' are selected in object 'Object Repository/Page_Editing Survey/select_Choose.            ATTLS (20 item ve_6ae139'  using regular expression

2022-01-12 00:29:07 - [MESSAGE][PASSED] - All options with value '5' are selected in object 'Object Repository/Page_Editing Survey/select_Choose.            ATTLS (20 item ve_6ae139'  using regular expression

2022-01-12 00:29:07 - [TEST_STEP][PASSED] - click(findTestObject("Object Repository/Page_Editing Survey/input_Upon activity completion_submitbutton")): Object: 'Object Repository/Page_Editing Survey/input_Upon activity completion_submitbutton' is clicked on

2022-01-12 00:29:09 - [MESSAGE][PASSED] - Object: 'Object Repository/Page_Editing Survey/input_Upon activity completion_submitbutton' is clicked on

2022-01-12 00:29:09 - [TEST_STEP][PASSED] - click(findTestObject("Object Repository/Page_Example Survey Critical Incidents/a_Survey")): Object: 'Object Repository/Page_Example Survey Critical Incidents/a_Survey' is clicked on

2022-01-12 00:29:10 - [MESSAGE][PASSED] - Object: 'Object Repository/Page_Example Survey Critical Incidents/a_Survey' is clicked on

2022-01-12 00:29:10 - [TEST_STEP][PASSED] - closeBrowser(): Browser is closed

2022-01-12 00:29:11 - [MESSAGE][PASSED] - Browser is closed]]></system-out>
         <system-err><![CDATA[]]></system-err>
      </testcase>
      <testcase name="Test Cases/Teacher/Teacher_Quiz Result/Teacher_Review An Attempt" time="11.834" classname="Test Cases/Teacher/Teacher_Quiz Result/Teacher_Review An Attempt" status="FAILED">
         <failure type="FAILED" message="Test Cases/Teacher/Teacher_Quiz Result/Teacher_Review An Attempt FAILED.
Reason:
com.kms.katalon.core.exception.StepFailedException: Unable to click on object 'Object Repository/Page_TTH Quiz Nhiu cu  nhiu la chn/a_Responses'
	at com.kms.katalon.core.webui.keyword.internal.WebUIKeywordMain.stepFailed(WebUIKeywordMain.groovy:64)
	at com.kms.katalon.core.webui.keyword.internal.WebUIKeywordMain.runKeyword(WebUIKeywordMain.groovy:26)
	at com.kms.katalon.core.webui.keyword.builtin.ClickKeyword.click(ClickKeyword.groovy:74)
	at com.kms.katalon.core.webui.keyword.builtin.ClickKeyword.execute(ClickKeyword.groovy:40)
	at com.kms.katalon.core.keyword.internal.KeywordExecutor.executeKeywordForPlatform(KeywordExecutor.groovy:74)
	at com.kms.katalon.core.webui.keyword.WebUiBuiltInKeywords.click(WebUiBuiltInKeywords.groovy:620)
	at com.kms.katalon.core.webui.keyword.WebUiBuiltInKeywords$click$3.call(Unknown Source)
	at Teacher_Review An Attempt.run(Teacher_Review An Attempt:38)
	at com.kms.katalon.core.main.ScriptEngine.run(ScriptEngine.java:194)
	at com.kms.katalon.core.main.ScriptEngine.runScriptAsRawText(ScriptEngine.java:119)
	at com.kms.katalon.core.main.TestCaseExecutor.runScript(TestCaseExecutor.java:442)
	at com.kms.katalon.core.main.TestCaseExecutor.doExecute(TestCaseExecutor.java:433)
	at com.kms.katalon.core.main.TestCaseExecutor.processExecutionPhase(TestCaseExecutor.java:412)
	at com.kms.katalon.core.main.TestCaseExecutor.accessMainPhase(TestCaseExecutor.java:404)
	at com.kms.katalon.core.main.TestCaseExecutor.execute(TestCaseExecutor.java:281)
	at com.kms.katalon.core.main.TestSuiteExecutor.accessTestCaseMainPhase(TestSuiteExecutor.java:202)
	at com.kms.katalon.core.main.TestSuiteExecutor.accessTestSuiteMainPhase(TestSuiteExecutor.java:164)
	at com.kms.katalon.core.main.TestSuiteExecutor.execute(TestSuiteExecutor.java:105)
	at com.kms.katalon.core.main.TestCaseMain.startTestSuite(TestCaseMain.java:181)
	at com.kms.katalon.core.main.TestCaseMain$startTestSuite$0.call(Unknown Source)
	at TempTestSuite1641920935254.run(TempTestSuite1641920935254.groovy:36)
Caused by: org.openqa.selenium.ElementNotInteractableException: element not interactable
  (Session info: chrome=95.0.4638.54)
Build info: version: '3.141.59', revision: 'e82be7d358', time: '2018-11-14T08:25:53'
System info: host: 'MSI', ip: '192.168.150.1', os.name: 'Windows 10', os.arch: 'amd64', os.version: '10.0', java.version: '1.8.0_282'
Driver info: com.kms.katalon.selenium.driver.CChromeDriver
Capabilities {acceptInsecureCerts: false, browserName: chrome, browserVersion: 95.0.4638.54, chrome: {chromedriverVersion: 95.0.4638.17 (a9d0719444d4b..., userDataDir: C:\Users\Admin\AppData\Loca...}, goog:chromeOptions: {debuggerAddress: localhost:62491}, javascriptEnabled: true, networkConnectionEnabled: false, pageLoadStrategy: normal, platform: WINDOWS, platformName: WINDOWS, proxy: Proxy(), setWindowRect: true, strictFileInteractability: false, timeouts: {implicit: 0, pageLoad: 300000, script: 30000}, unhandledPromptBehavior: dismiss and notify, webauthn:extension:credBlob: true, webauthn:extension:largeBlob: true, webauthn:virtualAuthenticators: true}
Session ID: cd2e20932895f9dd0df0a216a280ec4b
	at org.openqa.selenium.remote.http.W3CHttpResponseCodec.createException(W3CHttpResponseCodec.java:187)
	at org.openqa.selenium.remote.http.W3CHttpResponseCodec.decode(W3CHttpResponseCodec.java:122)
	at org.openqa.selenium.remote.http.W3CHttpResponseCodec.decode(W3CHttpResponseCodec.java:49)
	at org.openqa.selenium.remote.HttpCommandExecutor.execute(HttpCommandExecutor.java:158)
	at org.openqa.selenium.remote.service.DriverCommandExecutor.execute(DriverCommandExecutor.java:83)
	at org.openqa.selenium.remote.RemoteWebDriver.execute(RemoteWebDriver.java:552)
	at com.kms.katalon.selenium.driver.CChromeDriver.execute(CChromeDriver.java:19)
	at org.openqa.selenium.remote.RemoteWebElement.execute(RemoteWebElement.java:285)
	at org.openqa.selenium.remote.RemoteWebElement.click(RemoteWebElement.java:84)
	at org.openqa.selenium.support.events.EventFiringWebDriver$EventFiringWebElement.lambda$new$0(EventFiringWebDriver.java:404)
	at com.sun.proxy.$Proxy11.click(Unknown Source)
	at org.openqa.selenium.support.events.EventFiringWebDriver$EventFiringWebElement.click(EventFiringWebDriver.java:417)
	at org.openqa.selenium.WebElement$click.call(Unknown Source)
	at com.kms.katalon.core.webui.keyword.builtin.ClickKeyword.clickUntilSuccessWithTimeout(ClickKeyword.groovy:81)
	at com.kms.katalon.core.webui.keyword.builtin.ClickKeyword.clickUntilSuccessWithTimeout(ClickKeyword.groovy)
	at com.kms.katalon.core.webui.keyword.builtin.ClickKeyword$_click_closure1.doCall(ClickKeyword.groovy:67)
	at com.kms.katalon.core.webui.keyword.builtin.ClickKeyword$_click_closure1.call(ClickKeyword.groovy)
	at com.kms.katalon.core.webui.keyword.internal.WebUIKeywordMain.runKeyword(WebUIKeywordMain.groovy:20)
	... 19 more
"/>
         <system-out><![CDATA[2022-01-12 00:29:11 - [TEST_CASE][FAILED] - Test Cases/Teacher/Teacher_Quiz Result/Teacher_Review An Attempt: Test Cases/Teacher/Teacher_Quiz Result/Teacher_Review An Attempt FAILED.
Reason:
com.kms.katalon.core.exception.StepFailedException: Unable to click on object 'Object Repository/Page_TTH Quiz Nhiu cu  nhiu la chn/a_Responses'
	at com.kms.katalon.core.webui.keyword.internal.WebUIKeywordMain.stepFailed(WebUIKeywordMain.groovy:64)
	at com.kms.katalon.core.webui.keyword.internal.WebUIKeywordMain.runKeyword(WebUIKeywordMain.groovy:26)
	at com.kms.katalon.core.webui.keyword.builtin.ClickKeyword.click(ClickKeyword.groovy:74)
	at com.kms.katalon.core.webui.keyword.builtin.ClickKeyword.execute(ClickKeyword.groovy:40)
	at com.kms.katalon.core.keyword.internal.KeywordExecutor.executeKeywordForPlatform(KeywordExecutor.groovy:74)
	at com.kms.katalon.core.webui.keyword.WebUiBuiltInKeywords.click(WebUiBuiltInKeywords.groovy:620)
	at com.kms.katalon.core.webui.keyword.WebUiBuiltInKeywords$click$3.call(Unknown Source)
	at Teacher_Review An Attempt.run(Teacher_Review An Attempt:38)
	at com.kms.katalon.core.main.ScriptEngine.run(ScriptEngine.java:194)
	at com.kms.katalon.core.main.ScriptEngine.runScriptAsRawText(ScriptEngine.java:119)
	at com.kms.katalon.core.main.TestCaseExecutor.runScript(TestCaseExecutor.java:442)
	at com.kms.katalon.core.main.TestCaseExecutor.doExecute(TestCaseExecutor.java:433)
	at com.kms.katalon.core.main.TestCaseExecutor.processExecutionPhase(TestCaseExecutor.java:412)
	at com.kms.katalon.core.main.TestCaseExecutor.accessMainPhase(TestCaseExecutor.java:404)
	at com.kms.katalon.core.main.TestCaseExecutor.execute(TestCaseExecutor.java:281)
	at com.kms.katalon.core.main.TestSuiteExecutor.accessTestCaseMainPhase(TestSuiteExecutor.java:202)
	at com.kms.katalon.core.main.TestSuiteExecutor.accessTestSuiteMainPhase(TestSuiteExecutor.java:164)
	at com.kms.katalon.core.main.TestSuiteExecutor.execute(TestSuiteExecutor.java:105)
	at com.kms.katalon.core.main.TestCaseMain.startTestSuite(TestCaseMain.java:181)
	at com.kms.katalon.core.main.TestCaseMain$startTestSuite$0.call(Unknown Source)
	at TempTestSuite1641920935254.run(TempTestSuite1641920935254.groovy:36)
Caused by: org.openqa.selenium.ElementNotInteractableException: element not interactable
  (Session info: chrome=95.0.4638.54)
Build info: version: '3.141.59', revision: 'e82be7d358', time: '2018-11-14T08:25:53'
System info: host: 'MSI', ip: '192.168.150.1', os.name: 'Windows 10', os.arch: 'amd64', os.version: '10.0', java.version: '1.8.0_282'
Driver info: com.kms.katalon.selenium.driver.CChromeDriver
Capabilities {acceptInsecureCerts: false, browserName: chrome, browserVersion: 95.0.4638.54, chrome: {chromedriverVersion: 95.0.4638.17 (a9d0719444d4b..., userDataDir: C:\Users\Admin\AppData\Loca...}, goog:chromeOptions: {debuggerAddress: localhost:62491}, javascriptEnabled: true, networkConnectionEnabled: false, pageLoadStrategy: normal, platform: WINDOWS, platformName: WINDOWS, proxy: Proxy(), setWindowRect: true, strictFileInteractability: false, timeouts: {implicit: 0, pageLoad: 300000, script: 30000}, unhandledPromptBehavior: dismiss and notify, webauthn:extension:credBlob: true, webauthn:extension:largeBlob: true, webauthn:virtualAuthenticators: true}
Session ID: cd2e20932895f9dd0df0a216a280ec4b
	at org.openqa.selenium.remote.http.W3CHttpResponseCodec.createException(W3CHttpResponseCodec.java:187)
	at org.openqa.selenium.remote.http.W3CHttpResponseCodec.decode(W3CHttpResponseCodec.java:122)
	at org.openqa.selenium.remote.http.W3CHttpResponseCodec.decode(W3CHttpResponseCodec.java:49)
	at org.openqa.selenium.remote.HttpCommandExecutor.execute(HttpCommandExecutor.java:158)
	at org.openqa.selenium.remote.service.DriverCommandExecutor.execute(DriverCommandExecutor.java:83)
	at org.openqa.selenium.remote.RemoteWebDriver.execute(RemoteWebDriver.java:552)
	at com.kms.katalon.selenium.driver.CChromeDriver.execute(CChromeDriver.java:19)
	at org.openqa.selenium.remote.RemoteWebElement.execute(RemoteWebElement.java:285)
	at org.openqa.selenium.remote.RemoteWebElement.click(RemoteWebElement.java:84)
	at org.openqa.selenium.support.events.EventFiringWebDriver$EventFiringWebElement.lambda$new$0(EventFiringWebDriver.java:404)
	at com.sun.proxy.$Proxy11.click(Unknown Source)
	at org.openqa.selenium.support.events.EventFiringWebDriver$EventFiringWebElement.click(EventFiringWebDriver.java:417)
	at org.openqa.selenium.WebElement$click.call(Unknown Source)
	at com.kms.katalon.core.webui.keyword.builtin.ClickKeyword.clickUntilSuccessWithTimeout(ClickKeyword.groovy:81)
	at com.kms.katalon.core.webui.keyword.builtin.ClickKeyword.clickUntilSuccessWithTimeout(ClickKeyword.groovy)
	at com.kms.katalon.core.webui.keyword.builtin.ClickKeyword$_click_closure1.doCall(ClickKeyword.groovy:67)
	at com.kms.katalon.core.webui.keyword.builtin.ClickKeyword$_click_closure1.call(ClickKeyword.groovy)
	at com.kms.katalon.core.webui.keyword.internal.WebUIKeywordMain.runKeyword(WebUIKeywordMain.groovy:20)
	... 19 more


2022-01-12 00:29:11 - [TEST_STEP][PASSED] - openBrowser(""): Browser is opened with url: ''

2022-01-12 00:29:11 - [MESSAGE][INFO] - Starting 'Chrome' driver

2022-01-12 00:29:11 - [MESSAGE][INFO] - User set preference: ['args', '[window-size=1300,900]']

2022-01-12 00:29:11 - [MESSAGE][INFO] - Action delay is set to 0 milliseconds

2022-01-12 00:29:12 - [MESSAGE][PASSED] - Browser is opened with url: ''

2022-01-12 00:29:12 - [TEST_STEP][PASSED] - navigateToUrl("http://localhost:8080/moodle/"): Navigate to 'http://localhost:8080/moodle/' successfully

2022-01-12 00:29:13 - [MESSAGE][PASSED] - Navigate to 'http://localhost:8080/moodle/' successfully

2022-01-12 00:29:13 - [TEST_STEP][PASSED] - click(findTestObject("Object Repository/Page_BCS Moodle/a_Log in")): Object: 'Object Repository/Page_BCS Moodle/a_Log in' is clicked on

2022-01-12 00:29:14 - [MESSAGE][PASSED] - Object: 'Object Repository/Page_BCS Moodle/a_Log in' is clicked on

2022-01-12 00:29:14 - [TEST_STEP][PASSED] - setText(findTestObject("Object Repository/Page_BCS Moodle Log in to the site/input_Username_username"), "onix"): Text 'onix' is set on object 'Object Repository/Page_BCS Moodle Log in to the site/input_Username_username'

2022-01-12 00:29:15 - [MESSAGE][PASSED] - Text 'onix' is set on object 'Object Repository/Page_BCS Moodle Log in to the site/input_Username_username'

2022-01-12 00:29:15 - [TEST_STEP][PASSED] - setEncryptedText(findTestObject("Object Repository/Page_BCS Moodle Log in to the site/input_Password_password"), "uw4zQNl2RedGtkZxJt1B2nZNxIOg3YnT"): Text ****** has been set on object 'Object Repository/Page_BCS Moodle Log in to the site/input_Password_password'

2022-01-12 00:29:15 - [MESSAGE][PASSED] - Text ****** has been set on object 'Object Repository/Page_BCS Moodle Log in to the site/input_Password_password'

2022-01-12 00:29:15 - [TEST_STEP][PASSED] - click(findTestObject("Object Repository/Page_BCS Moodle Log in to the site/button_Log in")): Object: 'Object Repository/Page_BCS Moodle Log in to the site/button_Log in' is clicked on

2022-01-12 00:29:16 - [MESSAGE][PASSED] - Object: 'Object Repository/Page_BCS Moodle Log in to the site/button_Log in' is clicked on

2022-01-12 00:29:16 - [TEST_STEP][PASSED] - click(findTestObject("Object Repository/Page_Dashboard/div_Course image")): Object: 'Object Repository/Page_Dashboard/div_Course image' is clicked on

2022-01-12 00:29:19 - [MESSAGE][PASSED] - Object: 'Object Repository/Page_Dashboard/div_Course image' is clicked on

2022-01-12 00:29:19 - [TEST_STEP][PASSED] - click(findTestObject("Object Repository/Page_Course Ton t hp/span_Quiz Nhiu cu  nhiu la chn")): Object: 'Object Repository/Page_Course Ton t hp/span_Quiz Nhiu cu  nhiu la chn' is clicked on

2022-01-12 00:29:21 - [MESSAGE][PASSED] - Object: 'Object Repository/Page_Course Ton t hp/span_Quiz Nhiu cu  nhiu la chn' is clicked on

2022-01-12 00:29:21 - [TEST_STEP][PASSED] - click(findTestObject("Object Repository/Page_TTH Quiz Nhiu cu  nhiu la chn/a_Quiz Nhiu cu  nhiu la chn_action-menu-toggle-3")): Object: 'Object Repository/Page_TTH Quiz Nhiu cu  nhiu la chn/a_Quiz Nhiu cu  nhiu la chn_action-menu-toggle-3' is clicked on

2022-01-12 00:29:22 - [MESSAGE][PASSED] - Object: 'Object Repository/Page_TTH Quiz Nhiu cu  nhiu la chn/a_Quiz Nhiu cu  nhiu la chn_action-menu-toggle-3' is clicked on

2022-01-12 00:29:22 - [TEST_STEP][FAILED] - click(findTestObject("Object Repository/Page_TTH Quiz Nhiu cu  nhiu la chn/a_Responses")): Unable to click on object 'Object Repository/Page_TTH Quiz Nhiu cu  nhiu la chn/a_Responses' (Root cause: com.kms.katalon.core.exception.StepFailedException: Unable to click on object 'Object Repository/Page_TTH Quiz Nhiu cu  nhiu la chn/a_Responses'
	at com.kms.katalon.core.webui.keyword.internal.WebUIKeywordMain.stepFailed(WebUIKeywordMain.groovy:64)
	at com.kms.katalon.core.webui.keyword.internal.WebUIKeywordMain.runKeyword(WebUIKeywordMain.groovy:26)
	at com.kms.katalon.core.webui.keyword.builtin.ClickKeyword.click(ClickKeyword.groovy:74)
	at com.kms.katalon.core.webui.keyword.builtin.ClickKeyword.execute(ClickKeyword.groovy:40)
	at com.kms.katalon.core.keyword.internal.KeywordExecutor.executeKeywordForPlatform(KeywordExecutor.groovy:74)
	at com.kms.katalon.core.webui.keyword.WebUiBuiltInKeywords.click(WebUiBuiltInKeywords.groovy:620)
	at com.kms.katalon.core.webui.keyword.WebUiBuiltInKeywords$click$3.call(Unknown Source)
	at Teacher_Review An Attempt.run(Teacher_Review An Attempt:38)
	at com.kms.katalon.core.main.ScriptEngine.run(ScriptEngine.java:194)
	at com.kms.katalon.core.main.ScriptEngine.runScriptAsRawText(ScriptEngine.java:119)
	at com.kms.katalon.core.main.TestCaseExecutor.runScript(TestCaseExecutor.java:442)
	at com.kms.katalon.core.main.TestCaseExecutor.doExecute(TestCaseExecutor.java:433)
	at com.kms.katalon.core.main.TestCaseExecutor.processExecutionPhase(TestCaseExecutor.java:412)
	at com.kms.katalon.core.main.TestCaseExecutor.accessMainPhase(TestCaseExecutor.java:404)
	at com.kms.katalon.core.main.TestCaseExecutor.execute(TestCaseExecutor.java:281)
	at com.kms.katalon.core.main.TestSuiteExecutor.accessTestCaseMainPhase(TestSuiteExecutor.java:202)
	at com.kms.katalon.core.main.TestSuiteExecutor.accessTestSuiteMainPhase(TestSuiteExecutor.java:164)
	at com.kms.katalon.core.main.TestSuiteExecutor.execute(TestSuiteExecutor.java:105)
	at com.kms.katalon.core.main.TestCaseMain.startTestSuite(TestCaseMain.java:181)
	at com.kms.katalon.core.main.TestCaseMain$startTestSuite$0.call(Unknown Source)
	at TempTestSuite1641920935254.run(TempTestSuite1641920935254.groovy:36)
Caused by: org.openqa.selenium.ElementNotInteractableException: element not interactable
  (Session info: chrome=95.0.4638.54)
Build info: version: '3.141.59', revision: 'e82be7d358', time: '2018-11-14T08:25:53'
System info: host: 'MSI', ip: '192.168.150.1', os.name: 'Windows 10', os.arch: 'amd64', os.version: '10.0', java.version: '1.8.0_282'
Driver info: com.kms.katalon.selenium.driver.CChromeDriver
Capabilities {acceptInsecureCerts: false, browserName: chrome, browserVersion: 95.0.4638.54, chrome: {chromedriverVersion: 95.0.4638.17 (a9d0719444d4b..., userDataDir: C:\Users\Admin\AppData\Loca...}, goog:chromeOptions: {debuggerAddress: localhost:62491}, javascriptEnabled: true, networkConnectionEnabled: false, pageLoadStrategy: normal, platform: WINDOWS, platformName: WINDOWS, proxy: Proxy(), setWindowRect: true, strictFileInteractability: false, timeouts: {implicit: 0, pageLoad: 300000, script: 30000}, unhandledPromptBehavior: dismiss and notify, webauthn:extension:credBlob: true, webauthn:extension:largeBlob: true, webauthn:virtualAuthenticators: true}
Session ID: cd2e20932895f9dd0df0a216a280ec4b
	at org.openqa.selenium.remote.http.W3CHttpResponseCodec.createException(W3CHttpResponseCodec.java:187)
	at org.openqa.selenium.remote.http.W3CHttpResponseCodec.decode(W3CHttpResponseCodec.java:122)
	at org.openqa.selenium.remote.http.W3CHttpResponseCodec.decode(W3CHttpResponseCodec.java:49)
	at org.openqa.selenium.remote.HttpCommandExecutor.execute(HttpCommandExecutor.java:158)
	at org.openqa.selenium.remote.service.DriverCommandExecutor.execute(DriverCommandExecutor.java:83)
	at org.openqa.selenium.remote.RemoteWebDriver.execute(RemoteWebDriver.java:552)
	at com.kms.katalon.selenium.driver.CChromeDriver.execute(CChromeDriver.java:19)
	at org.openqa.selenium.remote.RemoteWebElement.execute(RemoteWebElement.java:285)
	at org.openqa.selenium.remote.RemoteWebElement.click(RemoteWebElement.java:84)
	at org.openqa.selenium.support.events.EventFiringWebDriver$EventFiringWebElement.lambda$new$0(EventFiringWebDriver.java:404)
	at com.sun.proxy.$Proxy11.click(Unknown Source)
	at org.openqa.selenium.support.events.EventFiringWebDriver$EventFiringWebElement.click(EventFiringWebDriver.java:417)
	at org.openqa.selenium.WebElement$click.call(Unknown Source)
	at com.kms.katalon.core.webui.keyword.builtin.ClickKeyword.clickUntilSuccessWithTimeout(ClickKeyword.groovy:81)
	at com.kms.katalon.core.webui.keyword.builtin.ClickKeyword.clickUntilSuccessWithTimeout(ClickKeyword.groovy)
	at com.kms.katalon.core.webui.keyword.builtin.ClickKeyword$_click_closure1.doCall(ClickKeyword.groovy:67)
	at com.kms.katalon.core.webui.keyword.builtin.ClickKeyword$_click_closure1.call(ClickKeyword.groovy)
	at com.kms.katalon.core.webui.keyword.internal.WebUIKeywordMain.runKeyword(WebUIKeywordMain.groovy:20)
	at com.kms.katalon.core.webui.keyword.builtin.ClickKeyword.click(ClickKeyword.groovy:74)
	at com.kms.katalon.core.webui.keyword.builtin.ClickKeyword.execute(ClickKeyword.groovy:40)
	at com.kms.katalon.core.keyword.internal.KeywordExecutor.executeKeywordForPlatform(KeywordExecutor.groovy:74)
	at com.kms.katalon.core.webui.keyword.WebUiBuiltInKeywords.click(WebUiBuiltInKeywords.groovy:620)
	at com.kms.katalon.core.webui.keyword.WebUiBuiltInKeywords$click$3.call(Unknown Source)
	at Script1641478192935.run(Script1641478192935.groovy:38)
	... 13 more
)

2022-01-12 00:29:23 - [MESSAGE][FAILED] - Unable to click on object 'Object Repository/Page_TTH Quiz Nhiu cu  nhiu la chn/a_Responses' (Root cause: com.kms.katalon.core.exception.StepFailedException: Unable to click on object 'Object Repository/Page_TTH Quiz Nhiu cu  nhiu la chn/a_Responses'
	at com.kms.katalon.core.webui.keyword.internal.WebUIKeywordMain.stepFailed(WebUIKeywordMain.groovy:64)
	at com.kms.katalon.core.webui.keyword.internal.WebUIKeywordMain.runKeyword(WebUIKeywordMain.groovy:26)
	at com.kms.katalon.core.webui.keyword.builtin.ClickKeyword.click(ClickKeyword.groovy:74)
	at com.kms.katalon.core.webui.keyword.builtin.ClickKeyword.execute(ClickKeyword.groovy:40)
	at com.kms.katalon.core.keyword.internal.KeywordExecutor.executeKeywordForPlatform(KeywordExecutor.groovy:74)
	at com.kms.katalon.core.webui.keyword.WebUiBuiltInKeywords.click(WebUiBuiltInKeywords.groovy:620)
	at com.kms.katalon.core.webui.keyword.WebUiBuiltInKeywords$click$3.call(Unknown Source)
	at Teacher_Review An Attempt.run(Teacher_Review An Attempt:38)
	at com.kms.katalon.core.main.ScriptEngine.run(ScriptEngine.java:194)
	at com.kms.katalon.core.main.ScriptEngine.runScriptAsRawText(ScriptEngine.java:119)
	at com.kms.katalon.core.main.TestCaseExecutor.runScript(TestCaseExecutor.java:442)
	at com.kms.katalon.core.main.TestCaseExecutor.doExecute(TestCaseExecutor.java:433)
	at com.kms.katalon.core.main.TestCaseExecutor.processExecutionPhase(TestCaseExecutor.java:412)
	at com.kms.katalon.core.main.TestCaseExecutor.accessMainPhase(TestCaseExecutor.java:404)
	at com.kms.katalon.core.main.TestCaseExecutor.execute(TestCaseExecutor.java:281)
	at com.kms.katalon.core.main.TestSuiteExecutor.accessTestCaseMainPhase(TestSuiteExecutor.java:202)
	at com.kms.katalon.core.main.TestSuiteExecutor.accessTestSuiteMainPhase(TestSuiteExecutor.java:164)
	at com.kms.katalon.core.main.TestSuiteExecutor.execute(TestSuiteExecutor.java:105)
	at com.kms.katalon.core.main.TestCaseMain.startTestSuite(TestCaseMain.java:181)
	at com.kms.katalon.core.main.TestCaseMain$startTestSuite$0.call(Unknown Source)
	at TempTestSuite1641920935254.run(TempTestSuite1641920935254.groovy:36)
Caused by: org.openqa.selenium.ElementNotInteractableException: element not interactable
  (Session info: chrome=95.0.4638.54)
Build info: version: '3.141.59', revision: 'e82be7d358', time: '2018-11-14T08:25:53'
System info: host: 'MSI', ip: '192.168.150.1', os.name: 'Windows 10', os.arch: 'amd64', os.version: '10.0', java.version: '1.8.0_282'
Driver info: com.kms.katalon.selenium.driver.CChromeDriver
Capabilities {acceptInsecureCerts: false, browserName: chrome, browserVersion: 95.0.4638.54, chrome: {chromedriverVersion: 95.0.4638.17 (a9d0719444d4b..., userDataDir: C:\Users\Admin\AppData\Loca...}, goog:chromeOptions: {debuggerAddress: localhost:62491}, javascriptEnabled: true, networkConnectionEnabled: false, pageLoadStrategy: normal, platform: WINDOWS, platformName: WINDOWS, proxy: Proxy(), setWindowRect: true, strictFileInteractability: false, timeouts: {implicit: 0, pageLoad: 300000, script: 30000}, unhandledPromptBehavior: dismiss and notify, webauthn:extension:credBlob: true, webauthn:extension:largeBlob: true, webauthn:virtualAuthenticators: true}
Session ID: cd2e20932895f9dd0df0a216a280ec4b
	at org.openqa.selenium.remote.http.W3CHttpResponseCodec.createException(W3CHttpResponseCodec.java:187)
	at org.openqa.selenium.remote.http.W3CHttpResponseCodec.decode(W3CHttpResponseCodec.java:122)
	at org.openqa.selenium.remote.http.W3CHttpResponseCodec.decode(W3CHttpResponseCodec.java:49)
	at org.openqa.selenium.remote.HttpCommandExecutor.execute(HttpCommandExecutor.java:158)
	at org.openqa.selenium.remote.service.DriverCommandExecutor.execute(DriverCommandExecutor.java:83)
	at org.openqa.selenium.remote.RemoteWebDriver.execute(RemoteWebDriver.java:552)
	at com.kms.katalon.selenium.driver.CChromeDriver.execute(CChromeDriver.java:19)
	at org.openqa.selenium.remote.RemoteWebElement.execute(RemoteWebElement.java:285)
	at org.openqa.selenium.remote.RemoteWebElement.click(RemoteWebElement.java:84)
	at org.openqa.selenium.support.events.EventFiringWebDriver$EventFiringWebElement.lambda$new$0(EventFiringWebDriver.java:404)
	at com.sun.proxy.$Proxy11.click(Unknown Source)
	at org.openqa.selenium.support.events.EventFiringWebDriver$EventFiringWebElement.click(EventFiringWebDriver.java:417)
	at org.openqa.selenium.WebElement$click.call(Unknown Source)
	at com.kms.katalon.core.webui.keyword.builtin.ClickKeyword.clickUntilSuccessWithTimeout(ClickKeyword.groovy:81)
	at com.kms.katalon.core.webui.keyword.builtin.ClickKeyword.clickUntilSuccessWithTimeout(ClickKeyword.groovy)
	at com.kms.katalon.core.webui.keyword.builtin.ClickKeyword$_click_closure1.doCall(ClickKeyword.groovy:67)
	at com.kms.katalon.core.webui.keyword.builtin.ClickKeyword$_click_closure1.call(ClickKeyword.groovy)
	at com.kms.katalon.core.webui.keyword.internal.WebUIKeywordMain.runKeyword(WebUIKeywordMain.groovy:20)
	at com.kms.katalon.core.webui.keyword.builtin.ClickKeyword.click(ClickKeyword.groovy:74)
	at com.kms.katalon.core.webui.keyword.builtin.ClickKeyword.execute(ClickKeyword.groovy:40)
	at com.kms.katalon.core.keyword.internal.KeywordExecutor.executeKeywordForPlatform(KeywordExecutor.groovy:74)
	at com.kms.katalon.core.webui.keyword.WebUiBuiltInKeywords.click(WebUiBuiltInKeywords.groovy:620)
	at com.kms.katalon.core.webui.keyword.WebUiBuiltInKeywords$click$3.call(Unknown Source)
	at Script1641478192935.run(Script1641478192935.groovy:38)
	... 13 more
)
[[ATTACHMENT|C:\\Users\\Admin\\Desktop\\Katalon_TestProject\\TestAutomation_Katalon-Test-Project\\Reports\\20220112_000855\\Run All Test Cases\\20220112_000855\\1641922163026.png]]]]></system-out>
         <system-err><![CDATA[2022-01-12 00:29:11 - [TEST_CASE][FAILED] - Test Cases/Teacher/Teacher_Quiz Result/Teacher_Review An Attempt: Test Cases/Teacher/Teacher_Quiz Result/Teacher_Review An Attempt FAILED.
Reason:
com.kms.katalon.core.exception.StepFailedException: Unable to click on object 'Object Repository/Page_TTH Quiz Nhiu cu  nhiu la chn/a_Responses'
	at com.kms.katalon.core.webui.keyword.internal.WebUIKeywordMain.stepFailed(WebUIKeywordMain.groovy:64)
	at com.kms.katalon.core.webui.keyword.internal.WebUIKeywordMain.runKeyword(WebUIKeywordMain.groovy:26)
	at com.kms.katalon.core.webui.keyword.builtin.ClickKeyword.click(ClickKeyword.groovy:74)
	at com.kms.katalon.core.webui.keyword.builtin.ClickKeyword.execute(ClickKeyword.groovy:40)
	at com.kms.katalon.core.keyword.internal.KeywordExecutor.executeKeywordForPlatform(KeywordExecutor.groovy:74)
	at com.kms.katalon.core.webui.keyword.WebUiBuiltInKeywords.click(WebUiBuiltInKeywords.groovy:620)
	at com.kms.katalon.core.webui.keyword.WebUiBuiltInKeywords$click$3.call(Unknown Source)
	at Teacher_Review An Attempt.run(Teacher_Review An Attempt:38)
	at com.kms.katalon.core.main.ScriptEngine.run(ScriptEngine.java:194)
	at com.kms.katalon.core.main.ScriptEngine.runScriptAsRawText(ScriptEngine.java:119)
	at com.kms.katalon.core.main.TestCaseExecutor.runScript(TestCaseExecutor.java:442)
	at com.kms.katalon.core.main.TestCaseExecutor.doExecute(TestCaseExecutor.java:433)
	at com.kms.katalon.core.main.TestCaseExecutor.processExecutionPhase(TestCaseExecutor.java:412)
	at com.kms.katalon.core.main.TestCaseExecutor.accessMainPhase(TestCaseExecutor.java:404)
	at com.kms.katalon.core.main.TestCaseExecutor.execute(TestCaseExecutor.java:281)
	at com.kms.katalon.core.main.TestSuiteExecutor.accessTestCaseMainPhase(TestSuiteExecutor.java:202)
	at com.kms.katalon.core.main.TestSuiteExecutor.accessTestSuiteMainPhase(TestSuiteExecutor.java:164)
	at com.kms.katalon.core.main.TestSuiteExecutor.execute(TestSuiteExecutor.java:105)
	at com.kms.katalon.core.main.TestCaseMain.startTestSuite(TestCaseMain.java:181)
	at com.kms.katalon.core.main.TestCaseMain$startTestSuite$0.call(Unknown Source)
	at TempTestSuite1641920935254.run(TempTestSuite1641920935254.groovy:36)
Caused by: org.openqa.selenium.ElementNotInteractableException: element not interactable
  (Session info: chrome=95.0.4638.54)
Build info: version: '3.141.59', revision: 'e82be7d358', time: '2018-11-14T08:25:53'
System info: host: 'MSI', ip: '192.168.150.1', os.name: 'Windows 10', os.arch: 'amd64', os.version: '10.0', java.version: '1.8.0_282'
Driver info: com.kms.katalon.selenium.driver.CChromeDriver
Capabilities {acceptInsecureCerts: false, browserName: chrome, browserVersion: 95.0.4638.54, chrome: {chromedriverVersion: 95.0.4638.17 (a9d0719444d4b..., userDataDir: C:\Users\Admin\AppData\Loca...}, goog:chromeOptions: {debuggerAddress: localhost:62491}, javascriptEnabled: true, networkConnectionEnabled: false, pageLoadStrategy: normal, platform: WINDOWS, platformName: WINDOWS, proxy: Proxy(), setWindowRect: true, strictFileInteractability: false, timeouts: {implicit: 0, pageLoad: 300000, script: 30000}, unhandledPromptBehavior: dismiss and notify, webauthn:extension:credBlob: true, webauthn:extension:largeBlob: true, webauthn:virtualAuthenticators: true}
Session ID: cd2e20932895f9dd0df0a216a280ec4b
	at org.openqa.selenium.remote.http.W3CHttpResponseCodec.createException(W3CHttpResponseCodec.java:187)
	at org.openqa.selenium.remote.http.W3CHttpResponseCodec.decode(W3CHttpResponseCodec.java:122)
	at org.openqa.selenium.remote.http.W3CHttpResponseCodec.decode(W3CHttpResponseCodec.java:49)
	at org.openqa.selenium.remote.HttpCommandExecutor.execute(HttpCommandExecutor.java:158)
	at org.openqa.selenium.remote.service.DriverCommandExecutor.execute(DriverCommandExecutor.java:83)
	at org.openqa.selenium.remote.RemoteWebDriver.execute(RemoteWebDriver.java:552)
	at com.kms.katalon.selenium.driver.CChromeDriver.execute(CChromeDriver.java:19)
	at org.openqa.selenium.remote.RemoteWebElement.execute(RemoteWebElement.java:285)
	at org.openqa.selenium.remote.RemoteWebElement.click(RemoteWebElement.java:84)
	at org.openqa.selenium.support.events.EventFiringWebDriver$EventFiringWebElement.lambda$new$0(EventFiringWebDriver.java:404)
	at com.sun.proxy.$Proxy11.click(Unknown Source)
	at org.openqa.selenium.support.events.EventFiringWebDriver$EventFiringWebElement.click(EventFiringWebDriver.java:417)
	at org.openqa.selenium.WebElement$click.call(Unknown Source)
	at com.kms.katalon.core.webui.keyword.builtin.ClickKeyword.clickUntilSuccessWithTimeout(ClickKeyword.groovy:81)
	at com.kms.katalon.core.webui.keyword.builtin.ClickKeyword.clickUntilSuccessWithTimeout(ClickKeyword.groovy)
	at com.kms.katalon.core.webui.keyword.builtin.ClickKeyword$_click_closure1.doCall(ClickKeyword.groovy:67)
	at com.kms.katalon.core.webui.keyword.builtin.ClickKeyword$_click_closure1.call(ClickKeyword.groovy)
	at com.kms.katalon.core.webui.keyword.internal.WebUIKeywordMain.runKeyword(WebUIKeywordMain.groovy:20)
	... 19 more]]></system-err>
      </testcase>
      <testcase name="Test Cases/Teacher/Teacher_Quiz Result/Teacher_See Unattempted Students In A Quiz" time="12.199" classname="Test Cases/Teacher/Teacher_Quiz Result/Teacher_See Unattempted Students In A Quiz" status="FAILED">
         <failure type="FAILED" message="Test Cases/Teacher/Teacher_Quiz Result/Teacher_See Unattempted Students In A Quiz FAILED.
Reason:
com.kms.katalon.core.exception.StepFailedException: Unable to click on object 'Object Repository/Page_TTH Quiz Nhiu cu  nhiu la chn/a_Responses'
	at com.kms.katalon.core.webui.keyword.internal.WebUIKeywordMain.stepFailed(WebUIKeywordMain.groovy:64)
	at com.kms.katalon.core.webui.keyword.internal.WebUIKeywordMain.runKeyword(WebUIKeywordMain.groovy:26)
	at com.kms.katalon.core.webui.keyword.builtin.ClickKeyword.click(ClickKeyword.groovy:74)
	at com.kms.katalon.core.webui.keyword.builtin.ClickKeyword.execute(ClickKeyword.groovy:40)
	at com.kms.katalon.core.keyword.internal.KeywordExecutor.executeKeywordForPlatform(KeywordExecutor.groovy:74)
	at com.kms.katalon.core.webui.keyword.WebUiBuiltInKeywords.click(WebUiBuiltInKeywords.groovy:620)
	at com.kms.katalon.core.webui.keyword.WebUiBuiltInKeywords$click$3.call(Unknown Source)
	at Teacher_See Unattempted Students In A Quiz.run(Teacher_See Unattempted Students In A Quiz:38)
	at com.kms.katalon.core.main.ScriptEngine.run(ScriptEngine.java:194)
	at com.kms.katalon.core.main.ScriptEngine.runScriptAsRawText(ScriptEngine.java:119)
	at com.kms.katalon.core.main.TestCaseExecutor.runScript(TestCaseExecutor.java:442)
	at com.kms.katalon.core.main.TestCaseExecutor.doExecute(TestCaseExecutor.java:433)
	at com.kms.katalon.core.main.TestCaseExecutor.processExecutionPhase(TestCaseExecutor.java:412)
	at com.kms.katalon.core.main.TestCaseExecutor.accessMainPhase(TestCaseExecutor.java:404)
	at com.kms.katalon.core.main.TestCaseExecutor.execute(TestCaseExecutor.java:281)
	at com.kms.katalon.core.main.TestSuiteExecutor.accessTestCaseMainPhase(TestSuiteExecutor.java:202)
	at com.kms.katalon.core.main.TestSuiteExecutor.accessTestSuiteMainPhase(TestSuiteExecutor.java:164)
	at com.kms.katalon.core.main.TestSuiteExecutor.execute(TestSuiteExecutor.java:105)
	at com.kms.katalon.core.main.TestCaseMain.startTestSuite(TestCaseMain.java:181)
	at com.kms.katalon.core.main.TestCaseMain$startTestSuite$0.call(Unknown Source)
	at TempTestSuite1641920935254.run(TempTestSuite1641920935254.groovy:36)
Caused by: org.openqa.selenium.ElementNotInteractableException: element not interactable
  (Session info: chrome=95.0.4638.54)
Build info: version: '3.141.59', revision: 'e82be7d358', time: '2018-11-14T08:25:53'
System info: host: 'MSI', ip: '192.168.150.1', os.name: 'Windows 10', os.arch: 'amd64', os.version: '10.0', java.version: '1.8.0_282'
Driver info: com.kms.katalon.selenium.driver.CChromeDriver
Capabilities {acceptInsecureCerts: false, browserName: chrome, browserVersion: 95.0.4638.54, chrome: {chromedriverVersion: 95.0.4638.17 (a9d0719444d4b..., userDataDir: C:\Users\Admin\AppData\Loca...}, goog:chromeOptions: {debuggerAddress: localhost:62577}, javascriptEnabled: true, networkConnectionEnabled: false, pageLoadStrategy: normal, platform: WINDOWS, platformName: WINDOWS, proxy: Proxy(), setWindowRect: true, strictFileInteractability: false, timeouts: {implicit: 0, pageLoad: 300000, script: 30000}, unhandledPromptBehavior: dismiss and notify, webauthn:extension:credBlob: true, webauthn:extension:largeBlob: true, webauthn:virtualAuthenticators: true}
Session ID: 276dfdc951112ce20c365ebab2f2a168
	at org.openqa.selenium.remote.http.W3CHttpResponseCodec.createException(W3CHttpResponseCodec.java:187)
	at org.openqa.selenium.remote.http.W3CHttpResponseCodec.decode(W3CHttpResponseCodec.java:122)
	at org.openqa.selenium.remote.http.W3CHttpResponseCodec.decode(W3CHttpResponseCodec.java:49)
	at org.openqa.selenium.remote.HttpCommandExecutor.execute(HttpCommandExecutor.java:158)
	at org.openqa.selenium.remote.service.DriverCommandExecutor.execute(DriverCommandExecutor.java:83)
	at org.openqa.selenium.remote.RemoteWebDriver.execute(RemoteWebDriver.java:552)
	at com.kms.katalon.selenium.driver.CChromeDriver.execute(CChromeDriver.java:19)
	at org.openqa.selenium.remote.RemoteWebElement.execute(RemoteWebElement.java:285)
	at org.openqa.selenium.remote.RemoteWebElement.click(RemoteWebElement.java:84)
	at org.openqa.selenium.support.events.EventFiringWebDriver$EventFiringWebElement.lambda$new$0(EventFiringWebDriver.java:404)
	at com.sun.proxy.$Proxy11.click(Unknown Source)
	at org.openqa.selenium.support.events.EventFiringWebDriver$EventFiringWebElement.click(EventFiringWebDriver.java:417)
	at org.openqa.selenium.WebElement$click.call(Unknown Source)
	at com.kms.katalon.core.webui.keyword.builtin.ClickKeyword.clickUntilSuccessWithTimeout(ClickKeyword.groovy:81)
	at com.kms.katalon.core.webui.keyword.builtin.ClickKeyword.clickUntilSuccessWithTimeout(ClickKeyword.groovy)
	at com.kms.katalon.core.webui.keyword.builtin.ClickKeyword$_click_closure1.doCall(ClickKeyword.groovy:67)
	at com.kms.katalon.core.webui.keyword.builtin.ClickKeyword$_click_closure1.call(ClickKeyword.groovy)
	at com.kms.katalon.core.webui.keyword.internal.WebUIKeywordMain.runKeyword(WebUIKeywordMain.groovy:20)
	... 19 more
"/>
         <system-out><![CDATA[2022-01-12 00:29:23 - [TEST_CASE][FAILED] - Test Cases/Teacher/Teacher_Quiz Result/Teacher_See Unattempted Students In A Quiz: Test Cases/Teacher/Teacher_Quiz Result/Teacher_See Unattempted Students In A Quiz FAILED.
Reason:
com.kms.katalon.core.exception.StepFailedException: Unable to click on object 'Object Repository/Page_TTH Quiz Nhiu cu  nhiu la chn/a_Responses'
	at com.kms.katalon.core.webui.keyword.internal.WebUIKeywordMain.stepFailed(WebUIKeywordMain.groovy:64)
	at com.kms.katalon.core.webui.keyword.internal.WebUIKeywordMain.runKeyword(WebUIKeywordMain.groovy:26)
	at com.kms.katalon.core.webui.keyword.builtin.ClickKeyword.click(ClickKeyword.groovy:74)
	at com.kms.katalon.core.webui.keyword.builtin.ClickKeyword.execute(ClickKeyword.groovy:40)
	at com.kms.katalon.core.keyword.internal.KeywordExecutor.executeKeywordForPlatform(KeywordExecutor.groovy:74)
	at com.kms.katalon.core.webui.keyword.WebUiBuiltInKeywords.click(WebUiBuiltInKeywords.groovy:620)
	at com.kms.katalon.core.webui.keyword.WebUiBuiltInKeywords$click$3.call(Unknown Source)
	at Teacher_See Unattempted Students In A Quiz.run(Teacher_See Unattempted Students In A Quiz:38)
	at com.kms.katalon.core.main.ScriptEngine.run(ScriptEngine.java:194)
	at com.kms.katalon.core.main.ScriptEngine.runScriptAsRawText(ScriptEngine.java:119)
	at com.kms.katalon.core.main.TestCaseExecutor.runScript(TestCaseExecutor.java:442)
	at com.kms.katalon.core.main.TestCaseExecutor.doExecute(TestCaseExecutor.java:433)
	at com.kms.katalon.core.main.TestCaseExecutor.processExecutionPhase(TestCaseExecutor.java:412)
	at com.kms.katalon.core.main.TestCaseExecutor.accessMainPhase(TestCaseExecutor.java:404)
	at com.kms.katalon.core.main.TestCaseExecutor.execute(TestCaseExecutor.java:281)
	at com.kms.katalon.core.main.TestSuiteExecutor.accessTestCaseMainPhase(TestSuiteExecutor.java:202)
	at com.kms.katalon.core.main.TestSuiteExecutor.accessTestSuiteMainPhase(TestSuiteExecutor.java:164)
	at com.kms.katalon.core.main.TestSuiteExecutor.execute(TestSuiteExecutor.java:105)
	at com.kms.katalon.core.main.TestCaseMain.startTestSuite(TestCaseMain.java:181)
	at com.kms.katalon.core.main.TestCaseMain$startTestSuite$0.call(Unknown Source)
	at TempTestSuite1641920935254.run(TempTestSuite1641920935254.groovy:36)
Caused by: org.openqa.selenium.ElementNotInteractableException: element not interactable
  (Session info: chrome=95.0.4638.54)
Build info: version: '3.141.59', revision: 'e82be7d358', time: '2018-11-14T08:25:53'
System info: host: 'MSI', ip: '192.168.150.1', os.name: 'Windows 10', os.arch: 'amd64', os.version: '10.0', java.version: '1.8.0_282'
Driver info: com.kms.katalon.selenium.driver.CChromeDriver
Capabilities {acceptInsecureCerts: false, browserName: chrome, browserVersion: 95.0.4638.54, chrome: {chromedriverVersion: 95.0.4638.17 (a9d0719444d4b..., userDataDir: C:\Users\Admin\AppData\Loca...}, goog:chromeOptions: {debuggerAddress: localhost:62577}, javascriptEnabled: true, networkConnectionEnabled: false, pageLoadStrategy: normal, platform: WINDOWS, platformName: WINDOWS, proxy: Proxy(), setWindowRect: true, strictFileInteractability: false, timeouts: {implicit: 0, pageLoad: 300000, script: 30000}, unhandledPromptBehavior: dismiss and notify, webauthn:extension:credBlob: true, webauthn:extension:largeBlob: true, webauthn:virtualAuthenticators: true}
Session ID: 276dfdc951112ce20c365ebab2f2a168
	at org.openqa.selenium.remote.http.W3CHttpResponseCodec.createException(W3CHttpResponseCodec.java:187)
	at org.openqa.selenium.remote.http.W3CHttpResponseCodec.decode(W3CHttpResponseCodec.java:122)
	at org.openqa.selenium.remote.http.W3CHttpResponseCodec.decode(W3CHttpResponseCodec.java:49)
	at org.openqa.selenium.remote.HttpCommandExecutor.execute(HttpCommandExecutor.java:158)
	at org.openqa.selenium.remote.service.DriverCommandExecutor.execute(DriverCommandExecutor.java:83)
	at org.openqa.selenium.remote.RemoteWebDriver.execute(RemoteWebDriver.java:552)
	at com.kms.katalon.selenium.driver.CChromeDriver.execute(CChromeDriver.java:19)
	at org.openqa.selenium.remote.RemoteWebElement.execute(RemoteWebElement.java:285)
	at org.openqa.selenium.remote.RemoteWebElement.click(RemoteWebElement.java:84)
	at org.openqa.selenium.support.events.EventFiringWebDriver$EventFiringWebElement.lambda$new$0(EventFiringWebDriver.java:404)
	at com.sun.proxy.$Proxy11.click(Unknown Source)
	at org.openqa.selenium.support.events.EventFiringWebDriver$EventFiringWebElement.click(EventFiringWebDriver.java:417)
	at org.openqa.selenium.WebElement$click.call(Unknown Source)
	at com.kms.katalon.core.webui.keyword.builtin.ClickKeyword.clickUntilSuccessWithTimeout(ClickKeyword.groovy:81)
	at com.kms.katalon.core.webui.keyword.builtin.ClickKeyword.clickUntilSuccessWithTimeout(ClickKeyword.groovy)
	at com.kms.katalon.core.webui.keyword.builtin.ClickKeyword$_click_closure1.doCall(ClickKeyword.groovy:67)
	at com.kms.katalon.core.webui.keyword.builtin.ClickKeyword$_click_closure1.call(ClickKeyword.groovy)
	at com.kms.katalon.core.webui.keyword.internal.WebUIKeywordMain.runKeyword(WebUIKeywordMain.groovy:20)
	... 19 more


2022-01-12 00:29:23 - [TEST_STEP][PASSED] - openBrowser(""): Browser is opened with url: ''

2022-01-12 00:29:23 - [MESSAGE][WARNING] - A browser is already opened. Closing browser and opening a new one

2022-01-12 00:29:24 - [MESSAGE][INFO] - Starting 'Chrome' driver

2022-01-12 00:29:24 - [MESSAGE][INFO] - User set preference: ['args', '[window-size=1300,900]']

2022-01-12 00:29:24 - [MESSAGE][INFO] - Action delay is set to 0 milliseconds

2022-01-12 00:29:25 - [MESSAGE][PASSED] - Browser is opened with url: ''

2022-01-12 00:29:25 - [TEST_STEP][PASSED] - navigateToUrl("http://localhost:8080/moodle/"): Navigate to 'http://localhost:8080/moodle/' successfully

2022-01-12 00:29:25 - [MESSAGE][PASSED] - Navigate to 'http://localhost:8080/moodle/' successfully

2022-01-12 00:29:25 - [TEST_STEP][PASSED] - click(findTestObject("Object Repository/Page_BCS Moodle/a_Log in")): Object: 'Object Repository/Page_BCS Moodle/a_Log in' is clicked on

2022-01-12 00:29:26 - [MESSAGE][PASSED] - Object: 'Object Repository/Page_BCS Moodle/a_Log in' is clicked on

2022-01-12 00:29:26 - [TEST_STEP][PASSED] - setText(findTestObject("Object Repository/Page_BCS Moodle Log in to the site/input_Username_username"), "onix"): Text 'onix' is set on object 'Object Repository/Page_BCS Moodle Log in to the site/input_Username_username'

2022-01-12 00:29:27 - [MESSAGE][PASSED] - Text 'onix' is set on object 'Object Repository/Page_BCS Moodle Log in to the site/input_Username_username'

2022-01-12 00:29:27 - [TEST_STEP][PASSED] - setEncryptedText(findTestObject("Object Repository/Page_BCS Moodle Log in to the site/input_Password_password"), "uw4zQNl2RedGtkZxJt1B2nZNxIOg3YnT"): Text ****** has been set on object 'Object Repository/Page_BCS Moodle Log in to the site/input_Password_password'

2022-01-12 00:29:28 - [MESSAGE][PASSED] - Text ****** has been set on object 'Object Repository/Page_BCS Moodle Log in to the site/input_Password_password'

2022-01-12 00:29:28 - [TEST_STEP][PASSED] - click(findTestObject("Object Repository/Page_BCS Moodle Log in to the site/button_Log in")): Object: 'Object Repository/Page_BCS Moodle Log in to the site/button_Log in' is clicked on

2022-01-12 00:29:29 - [MESSAGE][PASSED] - Object: 'Object Repository/Page_BCS Moodle Log in to the site/button_Log in' is clicked on

2022-01-12 00:29:29 - [TEST_STEP][PASSED] - click(findTestObject("Object Repository/Page_Dashboard/div_Course image")): Object: 'Object Repository/Page_Dashboard/div_Course image' is clicked on

2022-01-12 00:29:31 - [MESSAGE][PASSED] - Object: 'Object Repository/Page_Dashboard/div_Course image' is clicked on

2022-01-12 00:29:31 - [TEST_STEP][PASSED] - click(findTestObject("Object Repository/Page_Course Ton t hp/span_Quiz Nhiu cu  nhiu la chn")): Object: 'Object Repository/Page_Course Ton t hp/span_Quiz Nhiu cu  nhiu la chn' is clicked on

2022-01-12 00:29:33 - [MESSAGE][PASSED] - Object: 'Object Repository/Page_Course Ton t hp/span_Quiz Nhiu cu  nhiu la chn' is clicked on

2022-01-12 00:29:33 - [TEST_STEP][PASSED] - click(findTestObject("Object Repository/Page_TTH Quiz Nhiu cu  nhiu la chn/a_Quiz Nhiu cu  nhiu la chn_action-menu-toggle-3")): Object: 'Object Repository/Page_TTH Quiz Nhiu cu  nhiu la chn/a_Quiz Nhiu cu  nhiu la chn_action-menu-toggle-3' is clicked on

2022-01-12 00:29:34 - [MESSAGE][PASSED] - Object: 'Object Repository/Page_TTH Quiz Nhiu cu  nhiu la chn/a_Quiz Nhiu cu  nhiu la chn_action-menu-toggle-3' is clicked on

2022-01-12 00:29:34 - [TEST_STEP][FAILED] - click(findTestObject("Object Repository/Page_TTH Quiz Nhiu cu  nhiu la chn/a_Responses")): Unable to click on object 'Object Repository/Page_TTH Quiz Nhiu cu  nhiu la chn/a_Responses' (Root cause: com.kms.katalon.core.exception.StepFailedException: Unable to click on object 'Object Repository/Page_TTH Quiz Nhiu cu  nhiu la chn/a_Responses'
	at com.kms.katalon.core.webui.keyword.internal.WebUIKeywordMain.stepFailed(WebUIKeywordMain.groovy:64)
	at com.kms.katalon.core.webui.keyword.internal.WebUIKeywordMain.runKeyword(WebUIKeywordMain.groovy:26)
	at com.kms.katalon.core.webui.keyword.builtin.ClickKeyword.click(ClickKeyword.groovy:74)
	at com.kms.katalon.core.webui.keyword.builtin.ClickKeyword.execute(ClickKeyword.groovy:40)
	at com.kms.katalon.core.keyword.internal.KeywordExecutor.executeKeywordForPlatform(KeywordExecutor.groovy:74)
	at com.kms.katalon.core.webui.keyword.WebUiBuiltInKeywords.click(WebUiBuiltInKeywords.groovy:620)
	at com.kms.katalon.core.webui.keyword.WebUiBuiltInKeywords$click$3.call(Unknown Source)
	at Teacher_See Unattempted Students In A Quiz.run(Teacher_See Unattempted Students In A Quiz:38)
	at com.kms.katalon.core.main.ScriptEngine.run(ScriptEngine.java:194)
	at com.kms.katalon.core.main.ScriptEngine.runScriptAsRawText(ScriptEngine.java:119)
	at com.kms.katalon.core.main.TestCaseExecutor.runScript(TestCaseExecutor.java:442)
	at com.kms.katalon.core.main.TestCaseExecutor.doExecute(TestCaseExecutor.java:433)
	at com.kms.katalon.core.main.TestCaseExecutor.processExecutionPhase(TestCaseExecutor.java:412)
	at com.kms.katalon.core.main.TestCaseExecutor.accessMainPhase(TestCaseExecutor.java:404)
	at com.kms.katalon.core.main.TestCaseExecutor.execute(TestCaseExecutor.java:281)
	at com.kms.katalon.core.main.TestSuiteExecutor.accessTestCaseMainPhase(TestSuiteExecutor.java:202)
	at com.kms.katalon.core.main.TestSuiteExecutor.accessTestSuiteMainPhase(TestSuiteExecutor.java:164)
	at com.kms.katalon.core.main.TestSuiteExecutor.execute(TestSuiteExecutor.java:105)
	at com.kms.katalon.core.main.TestCaseMain.startTestSuite(TestCaseMain.java:181)
	at com.kms.katalon.core.main.TestCaseMain$startTestSuite$0.call(Unknown Source)
	at TempTestSuite1641920935254.run(TempTestSuite1641920935254.groovy:36)
Caused by: org.openqa.selenium.ElementNotInteractableException: element not interactable
  (Session info: chrome=95.0.4638.54)
Build info: version: '3.141.59', revision: 'e82be7d358', time: '2018-11-14T08:25:53'
System info: host: 'MSI', ip: '192.168.150.1', os.name: 'Windows 10', os.arch: 'amd64', os.version: '10.0', java.version: '1.8.0_282'
Driver info: com.kms.katalon.selenium.driver.CChromeDriver
Capabilities {acceptInsecureCerts: false, browserName: chrome, browserVersion: 95.0.4638.54, chrome: {chromedriverVersion: 95.0.4638.17 (a9d0719444d4b..., userDataDir: C:\Users\Admin\AppData\Loca...}, goog:chromeOptions: {debuggerAddress: localhost:62577}, javascriptEnabled: true, networkConnectionEnabled: false, pageLoadStrategy: normal, platform: WINDOWS, platformName: WINDOWS, proxy: Proxy(), setWindowRect: true, strictFileInteractability: false, timeouts: {implicit: 0, pageLoad: 300000, script: 30000}, unhandledPromptBehavior: dismiss and notify, webauthn:extension:credBlob: true, webauthn:extension:largeBlob: true, webauthn:virtualAuthenticators: true}
Session ID: 276dfdc951112ce20c365ebab2f2a168
	at org.openqa.selenium.remote.http.W3CHttpResponseCodec.createException(W3CHttpResponseCodec.java:187)
	at org.openqa.selenium.remote.http.W3CHttpResponseCodec.decode(W3CHttpResponseCodec.java:122)
	at org.openqa.selenium.remote.http.W3CHttpResponseCodec.decode(W3CHttpResponseCodec.java:49)
	at org.openqa.selenium.remote.HttpCommandExecutor.execute(HttpCommandExecutor.java:158)
	at org.openqa.selenium.remote.service.DriverCommandExecutor.execute(DriverCommandExecutor.java:83)
	at org.openqa.selenium.remote.RemoteWebDriver.execute(RemoteWebDriver.java:552)
	at com.kms.katalon.selenium.driver.CChromeDriver.execute(CChromeDriver.java:19)
	at org.openqa.selenium.remote.RemoteWebElement.execute(RemoteWebElement.java:285)
	at org.openqa.selenium.remote.RemoteWebElement.click(RemoteWebElement.java:84)
	at org.openqa.selenium.support.events.EventFiringWebDriver$EventFiringWebElement.lambda$new$0(EventFiringWebDriver.java:404)
	at com.sun.proxy.$Proxy11.click(Unknown Source)
	at org.openqa.selenium.support.events.EventFiringWebDriver$EventFiringWebElement.click(EventFiringWebDriver.java:417)
	at org.openqa.selenium.WebElement$click.call(Unknown Source)
	at com.kms.katalon.core.webui.keyword.builtin.ClickKeyword.clickUntilSuccessWithTimeout(ClickKeyword.groovy:81)
	at com.kms.katalon.core.webui.keyword.builtin.ClickKeyword.clickUntilSuccessWithTimeout(ClickKeyword.groovy)
	at com.kms.katalon.core.webui.keyword.builtin.ClickKeyword$_click_closure1.doCall(ClickKeyword.groovy:67)
	at com.kms.katalon.core.webui.keyword.builtin.ClickKeyword$_click_closure1.call(ClickKeyword.groovy)
	at com.kms.katalon.core.webui.keyword.internal.WebUIKeywordMain.runKeyword(WebUIKeywordMain.groovy:20)
	at com.kms.katalon.core.webui.keyword.builtin.ClickKeyword.click(ClickKeyword.groovy:74)
	at com.kms.katalon.core.webui.keyword.builtin.ClickKeyword.execute(ClickKeyword.groovy:40)
	at com.kms.katalon.core.keyword.internal.KeywordExecutor.executeKeywordForPlatform(KeywordExecutor.groovy:74)
	at com.kms.katalon.core.webui.keyword.WebUiBuiltInKeywords.click(WebUiBuiltInKeywords.groovy:620)
	at com.kms.katalon.core.webui.keyword.WebUiBuiltInKeywords$click$3.call(Unknown Source)
	at Script1641478083791.run(Script1641478083791.groovy:38)
	... 13 more
)

2022-01-12 00:29:35 - [MESSAGE][FAILED] - Unable to click on object 'Object Repository/Page_TTH Quiz Nhiu cu  nhiu la chn/a_Responses' (Root cause: com.kms.katalon.core.exception.StepFailedException: Unable to click on object 'Object Repository/Page_TTH Quiz Nhiu cu  nhiu la chn/a_Responses'
	at com.kms.katalon.core.webui.keyword.internal.WebUIKeywordMain.stepFailed(WebUIKeywordMain.groovy:64)
	at com.kms.katalon.core.webui.keyword.internal.WebUIKeywordMain.runKeyword(WebUIKeywordMain.groovy:26)
	at com.kms.katalon.core.webui.keyword.builtin.ClickKeyword.click(ClickKeyword.groovy:74)
	at com.kms.katalon.core.webui.keyword.builtin.ClickKeyword.execute(ClickKeyword.groovy:40)
	at com.kms.katalon.core.keyword.internal.KeywordExecutor.executeKeywordForPlatform(KeywordExecutor.groovy:74)
	at com.kms.katalon.core.webui.keyword.WebUiBuiltInKeywords.click(WebUiBuiltInKeywords.groovy:620)
	at com.kms.katalon.core.webui.keyword.WebUiBuiltInKeywords$click$3.call(Unknown Source)
	at Teacher_See Unattempted Students In A Quiz.run(Teacher_See Unattempted Students In A Quiz:38)
	at com.kms.katalon.core.main.ScriptEngine.run(ScriptEngine.java:194)
	at com.kms.katalon.core.main.ScriptEngine.runScriptAsRawText(ScriptEngine.java:119)
	at com.kms.katalon.core.main.TestCaseExecutor.runScript(TestCaseExecutor.java:442)
	at com.kms.katalon.core.main.TestCaseExecutor.doExecute(TestCaseExecutor.java:433)
	at com.kms.katalon.core.main.TestCaseExecutor.processExecutionPhase(TestCaseExecutor.java:412)
	at com.kms.katalon.core.main.TestCaseExecutor.accessMainPhase(TestCaseExecutor.java:404)
	at com.kms.katalon.core.main.TestCaseExecutor.execute(TestCaseExecutor.java:281)
	at com.kms.katalon.core.main.TestSuiteExecutor.accessTestCaseMainPhase(TestSuiteExecutor.java:202)
	at com.kms.katalon.core.main.TestSuiteExecutor.accessTestSuiteMainPhase(TestSuiteExecutor.java:164)
	at com.kms.katalon.core.main.TestSuiteExecutor.execute(TestSuiteExecutor.java:105)
	at com.kms.katalon.core.main.TestCaseMain.startTestSuite(TestCaseMain.java:181)
	at com.kms.katalon.core.main.TestCaseMain$startTestSuite$0.call(Unknown Source)
	at TempTestSuite1641920935254.run(TempTestSuite1641920935254.groovy:36)
Caused by: org.openqa.selenium.ElementNotInteractableException: element not interactable
  (Session info: chrome=95.0.4638.54)
Build info: version: '3.141.59', revision: 'e82be7d358', time: '2018-11-14T08:25:53'
System info: host: 'MSI', ip: '192.168.150.1', os.name: 'Windows 10', os.arch: 'amd64', os.version: '10.0', java.version: '1.8.0_282'
Driver info: com.kms.katalon.selenium.driver.CChromeDriver
Capabilities {acceptInsecureCerts: false, browserName: chrome, browserVersion: 95.0.4638.54, chrome: {chromedriverVersion: 95.0.4638.17 (a9d0719444d4b..., userDataDir: C:\Users\Admin\AppData\Loca...}, goog:chromeOptions: {debuggerAddress: localhost:62577}, javascriptEnabled: true, networkConnectionEnabled: false, pageLoadStrategy: normal, platform: WINDOWS, platformName: WINDOWS, proxy: Proxy(), setWindowRect: true, strictFileInteractability: false, timeouts: {implicit: 0, pageLoad: 300000, script: 30000}, unhandledPromptBehavior: dismiss and notify, webauthn:extension:credBlob: true, webauthn:extension:largeBlob: true, webauthn:virtualAuthenticators: true}
Session ID: 276dfdc951112ce20c365ebab2f2a168
	at org.openqa.selenium.remote.http.W3CHttpResponseCodec.createException(W3CHttpResponseCodec.java:187)
	at org.openqa.selenium.remote.http.W3CHttpResponseCodec.decode(W3CHttpResponseCodec.java:122)
	at org.openqa.selenium.remote.http.W3CHttpResponseCodec.decode(W3CHttpResponseCodec.java:49)
	at org.openqa.selenium.remote.HttpCommandExecutor.execute(HttpCommandExecutor.java:158)
	at org.openqa.selenium.remote.service.DriverCommandExecutor.execute(DriverCommandExecutor.java:83)
	at org.openqa.selenium.remote.RemoteWebDriver.execute(RemoteWebDriver.java:552)
	at com.kms.katalon.selenium.driver.CChromeDriver.execute(CChromeDriver.java:19)
	at org.openqa.selenium.remote.RemoteWebElement.execute(RemoteWebElement.java:285)
	at org.openqa.selenium.remote.RemoteWebElement.click(RemoteWebElement.java:84)
	at org.openqa.selenium.support.events.EventFiringWebDriver$EventFiringWebElement.lambda$new$0(EventFiringWebDriver.java:404)
	at com.sun.proxy.$Proxy11.click(Unknown Source)
	at org.openqa.selenium.support.events.EventFiringWebDriver$EventFiringWebElement.click(EventFiringWebDriver.java:417)
	at org.openqa.selenium.WebElement$click.call(Unknown Source)
	at com.kms.katalon.core.webui.keyword.builtin.ClickKeyword.clickUntilSuccessWithTimeout(ClickKeyword.groovy:81)
	at com.kms.katalon.core.webui.keyword.builtin.ClickKeyword.clickUntilSuccessWithTimeout(ClickKeyword.groovy)
	at com.kms.katalon.core.webui.keyword.builtin.ClickKeyword$_click_closure1.doCall(ClickKeyword.groovy:67)
	at com.kms.katalon.core.webui.keyword.builtin.ClickKeyword$_click_closure1.call(ClickKeyword.groovy)
	at com.kms.katalon.core.webui.keyword.internal.WebUIKeywordMain.runKeyword(WebUIKeywordMain.groovy:20)
	at com.kms.katalon.core.webui.keyword.builtin.ClickKeyword.click(ClickKeyword.groovy:74)
	at com.kms.katalon.core.webui.keyword.builtin.ClickKeyword.execute(ClickKeyword.groovy:40)
	at com.kms.katalon.core.keyword.internal.KeywordExecutor.executeKeywordForPlatform(KeywordExecutor.groovy:74)
	at com.kms.katalon.core.webui.keyword.WebUiBuiltInKeywords.click(WebUiBuiltInKeywords.groovy:620)
	at com.kms.katalon.core.webui.keyword.WebUiBuiltInKeywords$click$3.call(Unknown Source)
	at Script1641478083791.run(Script1641478083791.groovy:38)
	... 13 more
)
[[ATTACHMENT|C:\\Users\\Admin\\Desktop\\Katalon_TestProject\\TestAutomation_Katalon-Test-Project\\Reports\\20220112_000855\\Run All Test Cases\\20220112_000855\\1641922175249.png]]]]></system-out>
         <system-err><![CDATA[2022-01-12 00:29:23 - [TEST_CASE][FAILED] - Test Cases/Teacher/Teacher_Quiz Result/Teacher_See Unattempted Students In A Quiz: Test Cases/Teacher/Teacher_Quiz Result/Teacher_See Unattempted Students In A Quiz FAILED.
Reason:
com.kms.katalon.core.exception.StepFailedException: Unable to click on object 'Object Repository/Page_TTH Quiz Nhiu cu  nhiu la chn/a_Responses'
	at com.kms.katalon.core.webui.keyword.internal.WebUIKeywordMain.stepFailed(WebUIKeywordMain.groovy:64)
	at com.kms.katalon.core.webui.keyword.internal.WebUIKeywordMain.runKeyword(WebUIKeywordMain.groovy:26)
	at com.kms.katalon.core.webui.keyword.builtin.ClickKeyword.click(ClickKeyword.groovy:74)
	at com.kms.katalon.core.webui.keyword.builtin.ClickKeyword.execute(ClickKeyword.groovy:40)
	at com.kms.katalon.core.keyword.internal.KeywordExecutor.executeKeywordForPlatform(KeywordExecutor.groovy:74)
	at com.kms.katalon.core.webui.keyword.WebUiBuiltInKeywords.click(WebUiBuiltInKeywords.groovy:620)
	at com.kms.katalon.core.webui.keyword.WebUiBuiltInKeywords$click$3.call(Unknown Source)
	at Teacher_See Unattempted Students In A Quiz.run(Teacher_See Unattempted Students In A Quiz:38)
	at com.kms.katalon.core.main.ScriptEngine.run(ScriptEngine.java:194)
	at com.kms.katalon.core.main.ScriptEngine.runScriptAsRawText(ScriptEngine.java:119)
	at com.kms.katalon.core.main.TestCaseExecutor.runScript(TestCaseExecutor.java:442)
	at com.kms.katalon.core.main.TestCaseExecutor.doExecute(TestCaseExecutor.java:433)
	at com.kms.katalon.core.main.TestCaseExecutor.processExecutionPhase(TestCaseExecutor.java:412)
	at com.kms.katalon.core.main.TestCaseExecutor.accessMainPhase(TestCaseExecutor.java:404)
	at com.kms.katalon.core.main.TestCaseExecutor.execute(TestCaseExecutor.java:281)
	at com.kms.katalon.core.main.TestSuiteExecutor.accessTestCaseMainPhase(TestSuiteExecutor.java:202)
	at com.kms.katalon.core.main.TestSuiteExecutor.accessTestSuiteMainPhase(TestSuiteExecutor.java:164)
	at com.kms.katalon.core.main.TestSuiteExecutor.execute(TestSuiteExecutor.java:105)
	at com.kms.katalon.core.main.TestCaseMain.startTestSuite(TestCaseMain.java:181)
	at com.kms.katalon.core.main.TestCaseMain$startTestSuite$0.call(Unknown Source)
	at TempTestSuite1641920935254.run(TempTestSuite1641920935254.groovy:36)
Caused by: org.openqa.selenium.ElementNotInteractableException: element not interactable
  (Session info: chrome=95.0.4638.54)
Build info: version: '3.141.59', revision: 'e82be7d358', time: '2018-11-14T08:25:53'
System info: host: 'MSI', ip: '192.168.150.1', os.name: 'Windows 10', os.arch: 'amd64', os.version: '10.0', java.version: '1.8.0_282'
Driver info: com.kms.katalon.selenium.driver.CChromeDriver
Capabilities {acceptInsecureCerts: false, browserName: chrome, browserVersion: 95.0.4638.54, chrome: {chromedriverVersion: 95.0.4638.17 (a9d0719444d4b..., userDataDir: C:\Users\Admin\AppData\Loca...}, goog:chromeOptions: {debuggerAddress: localhost:62577}, javascriptEnabled: true, networkConnectionEnabled: false, pageLoadStrategy: normal, platform: WINDOWS, platformName: WINDOWS, proxy: Proxy(), setWindowRect: true, strictFileInteractability: false, timeouts: {implicit: 0, pageLoad: 300000, script: 30000}, unhandledPromptBehavior: dismiss and notify, webauthn:extension:credBlob: true, webauthn:extension:largeBlob: true, webauthn:virtualAuthenticators: true}
Session ID: 276dfdc951112ce20c365ebab2f2a168
	at org.openqa.selenium.remote.http.W3CHttpResponseCodec.createException(W3CHttpResponseCodec.java:187)
	at org.openqa.selenium.remote.http.W3CHttpResponseCodec.decode(W3CHttpResponseCodec.java:122)
	at org.openqa.selenium.remote.http.W3CHttpResponseCodec.decode(W3CHttpResponseCodec.java:49)
	at org.openqa.selenium.remote.HttpCommandExecutor.execute(HttpCommandExecutor.java:158)
	at org.openqa.selenium.remote.service.DriverCommandExecutor.execute(DriverCommandExecutor.java:83)
	at org.openqa.selenium.remote.RemoteWebDriver.execute(RemoteWebDriver.java:552)
	at com.kms.katalon.selenium.driver.CChromeDriver.execute(CChromeDriver.java:19)
	at org.openqa.selenium.remote.RemoteWebElement.execute(RemoteWebElement.java:285)
	at org.openqa.selenium.remote.RemoteWebElement.click(RemoteWebElement.java:84)
	at org.openqa.selenium.support.events.EventFiringWebDriver$EventFiringWebElement.lambda$new$0(EventFiringWebDriver.java:404)
	at com.sun.proxy.$Proxy11.click(Unknown Source)
	at org.openqa.selenium.support.events.EventFiringWebDriver$EventFiringWebElement.click(EventFiringWebDriver.java:417)
	at org.openqa.selenium.WebElement$click.call(Unknown Source)
	at com.kms.katalon.core.webui.keyword.builtin.ClickKeyword.clickUntilSuccessWithTimeout(ClickKeyword.groovy:81)
	at com.kms.katalon.core.webui.keyword.builtin.ClickKeyword.clickUntilSuccessWithTimeout(ClickKeyword.groovy)
	at com.kms.katalon.core.webui.keyword.builtin.ClickKeyword$_click_closure1.doCall(ClickKeyword.groovy:67)
	at com.kms.katalon.core.webui.keyword.builtin.ClickKeyword$_click_closure1.call(ClickKeyword.groovy)
	at com.kms.katalon.core.webui.keyword.internal.WebUIKeywordMain.runKeyword(WebUIKeywordMain.groovy:20)
	... 19 more]]></system-err>
      </testcase>
      <system-out><![CDATA[2022-01-12 00:09:05 - [TEST_SUITE][FAILED] - Run All Test Cases: Test Cases/Admin/Admin Add User/Admin_Add User Force Password Change -- Success FAILED.
Reason:
com.kms.katalon.core.exception.StepFailedException: Unable to set encrypted text for object 'Object Repository/Page_Change password/input_New password_newpassword1'
	at com.kms.katalon.core.webui.keyword.internal.WebUIKeywordMain.stepFailed(WebUIKeywordMain.groovy:64)
	at com.kms.katalon.core.webui.keyword.internal.WebUIKeywordMain.runKeyword(WebUIKeywordMain.groovy:26)
	at com.kms.katalon.core.webui.keyword.builtin.SetEncryptedTextKeyword.setEncryptedText(SetEncryptedTextKeyword.groovy:65)
	at com.kms.katalon.core.webui.keyword.builtin.SetEncryptedTextKeyword.execute(SetEncryptedTextKeyword.groovy:34)
	at com.kms.katalon.core.keyword.internal.KeywordExecutor.executeKeywordForPlatform(KeywordExecutor.groovy:74)
	at com.kms.katalon.core.webui.keyword.WebUiBuiltInKeywords.setEncryptedText(WebUiBuiltInKeywords.groovy:1011)
	at com.kms.katalon.core.webui.keyword.WebUiBuiltInKeywords$setEncryptedText$2.call(Unknown Source)
	at Admin_Add User Force Password Change -- Success.run(Admin_Add User Force Password Change -- Success:67)
	at com.kms.katalon.core.main.ScriptEngine.run(ScriptEngine.java:194)
	at com.kms.katalon.core.main.ScriptEngine.runScriptAsRawText(ScriptEngine.java:119)
	at com.kms.katalon.core.main.TestCaseExecutor.runScript(TestCaseExecutor.java:442)
	at com.kms.katalon.core.main.TestCaseExecutor.doExecute(TestCaseExecutor.java:433)
	at com.kms.katalon.core.main.TestCaseExecutor.processExecutionPhase(TestCaseExecutor.java:412)
	at com.kms.katalon.core.main.TestCaseExecutor.accessMainPhase(TestCaseExecutor.java:404)
	at com.kms.katalon.core.main.TestCaseExecutor.execute(TestCaseExecutor.java:281)
	at com.kms.katalon.core.main.TestSuiteExecutor.accessTestCaseMainPhase(TestSuiteExecutor.java:202)
	at com.kms.katalon.core.main.TestSuiteExecutor.accessTestSuiteMainPhase(TestSuiteExecutor.java:164)
	at com.kms.katalon.core.main.TestSuiteExecutor.execute(TestSuiteExecutor.java:105)
	at com.kms.katalon.core.main.TestCaseMain.startTestSuite(TestCaseMain.java:181)
	at com.kms.katalon.core.main.TestCaseMain$startTestSuite$0.call(Unknown Source)
	at TempTestSuite1641920935254.run(TempTestSuite1641920935254.groovy:36)
Caused by: com.kms.katalon.core.webui.exception.WebElementNotFoundException: Web element with id: 'Object Repository/Page_Change password/input_New password_newpassword1' located by '//input[@id='id_newpassword1']' not found
	at com.kms.katalon.core.webui.common.WebUiCommonHelper.findWebElement(WebUiCommonHelper.java:1368)
	at com.kms.katalon.core.webui.keyword.internal.WebUIAbstractKeyword.findWebElement(WebUIAbstractKeyword.groovy:27)
	at com.kms.katalon.core.webui.keyword.internal.WebUIAbstractKeyword.findWebElement(WebUIAbstractKeyword.groovy:26)
	at com.kms.katalon.core.webui.keyword.builtin.SetEncryptedTextKeyword$_setEncryptedText_closure1.doCall(SetEncryptedTextKeyword.groovy:51)
	at com.kms.katalon.core.webui.keyword.builtin.SetEncryptedTextKeyword$_setEncryptedText_closure1.call(SetEncryptedTextKeyword.groovy)
	at com.kms.katalon.core.webui.keyword.internal.WebUIKeywordMain.runKeyword(WebUIKeywordMain.groovy:20)
	... 19 more]]></system-out>
      <system-err><![CDATA[2022-01-12 00:09:05 - [TEST_SUITE][FAILED] - Run All Test Cases: Test Cases/Admin/Admin Add User/Admin_Add User Force Password Change -- Success FAILED.
Reason:
com.kms.katalon.core.exception.StepFailedException: Unable to set encrypted text for object 'Object Repository/Page_Change password/input_New password_newpassword1'
	at com.kms.katalon.core.webui.keyword.internal.WebUIKeywordMain.stepFailed(WebUIKeywordMain.groovy:64)
	at com.kms.katalon.core.webui.keyword.internal.WebUIKeywordMain.runKeyword(WebUIKeywordMain.groovy:26)
	at com.kms.katalon.core.webui.keyword.builtin.SetEncryptedTextKeyword.setEncryptedText(SetEncryptedTextKeyword.groovy:65)
	at com.kms.katalon.core.webui.keyword.builtin.SetEncryptedTextKeyword.execute(SetEncryptedTextKeyword.groovy:34)
	at com.kms.katalon.core.keyword.internal.KeywordExecutor.executeKeywordForPlatform(KeywordExecutor.groovy:74)
	at com.kms.katalon.core.webui.keyword.WebUiBuiltInKeywords.setEncryptedText(WebUiBuiltInKeywords.groovy:1011)
	at com.kms.katalon.core.webui.keyword.WebUiBuiltInKeywords$setEncryptedText$2.call(Unknown Source)
	at Admin_Add User Force Password Change -- Success.run(Admin_Add User Force Password Change -- Success:67)
	at com.kms.katalon.core.main.ScriptEngine.run(ScriptEngine.java:194)
	at com.kms.katalon.core.main.ScriptEngine.runScriptAsRawText(ScriptEngine.java:119)
	at com.kms.katalon.core.main.TestCaseExecutor.runScript(TestCaseExecutor.java:442)
	at com.kms.katalon.core.main.TestCaseExecutor.doExecute(TestCaseExecutor.java:433)
	at com.kms.katalon.core.main.TestCaseExecutor.processExecutionPhase(TestCaseExecutor.java:412)
	at com.kms.katalon.core.main.TestCaseExecutor.accessMainPhase(TestCaseExecutor.java:404)
	at com.kms.katalon.core.main.TestCaseExecutor.execute(TestCaseExecutor.java:281)
	at com.kms.katalon.core.main.TestSuiteExecutor.accessTestCaseMainPhase(TestSuiteExecutor.java:202)
	at com.kms.katalon.core.main.TestSuiteExecutor.accessTestSuiteMainPhase(TestSuiteExecutor.java:164)
	at com.kms.katalon.core.main.TestSuiteExecutor.execute(TestSuiteExecutor.java:105)
	at com.kms.katalon.core.main.TestCaseMain.startTestSuite(TestCaseMain.java:181)
	at com.kms.katalon.core.main.TestCaseMain$startTestSuite$0.call(Unknown Source)
	at TempTestSuite1641920935254.run(TempTestSuite1641920935254.groovy:36)
Caused by: com.kms.katalon.core.webui.exception.WebElementNotFoundException: Web element with id: 'Object Repository/Page_Change password/input_New password_newpassword1' located by '//input[@id='id_newpassword1']' not found
	at com.kms.katalon.core.webui.common.WebUiCommonHelper.findWebElement(WebUiCommonHelper.java:1368)
	at com.kms.katalon.core.webui.keyword.internal.WebUIAbstractKeyword.findWebElement(WebUIAbstractKeyword.groovy:27)
	at com.kms.katalon.core.webui.keyword.internal.WebUIAbstractKeyword.findWebElement(WebUIAbstractKeyword.groovy:26)
	at com.kms.katalon.core.webui.keyword.builtin.SetEncryptedTextKeyword$_setEncryptedText_closure1.doCall(SetEncryptedTextKeyword.groovy:51)
	at com.kms.katalon.core.webui.keyword.builtin.SetEncryptedTextKeyword$_setEncryptedText_closure1.call(SetEncryptedTextKeyword.groovy)
	at com.kms.katalon.core.webui.keyword.internal.WebUIKeywordMain.runKeyword(WebUIKeywordMain.groovy:20)
	... 19 more]]></system-err>
   </testsuite>
</testsuites>
