<?xml version="1.0" encoding="UTF-8"?>
<testsuites name="Run all test cases" time="1481.02" tests="30" failures="6" errors="0">
   <testsuite name="Run all test cases" tests="30" failures="6" errors="0" time="1481.02" skipped="0" timestamp="2022-01-12 17:29:10" hostname="Admin - MSI" id="Test Suites/Run all test cases">
      <properties>
         <property name="deviceName" value=""/>
         <property name="devicePlatform" value=""/>
         <property name="logFolder" value="C:\\Users\\Admin\\Desktop\\Katalon_TestProject\\TestAutomation_Katalon-Test-Project\\Reports\\20220112_172835\\Run all test cases\\20220112_172835"/>
         <property name="logFiles" value="C:\\Users\\Admin\\Desktop\\Katalon_TestProject\\TestAutomation_Katalon-Test-Project\\Reports\\20220112_172835\\Run all test cases\\20220112_172835\\execution0.log"/>
         <property name="attachments" value="C:\\Users\\Admin\\Desktop\\Katalon_TestProject\\TestAutomation_Katalon-Test-Project\\Reports\\20220112_172835\\Run all test cases\\20220112_172835\\1641983456381.png, C:\\Users\\Admin\\Desktop\\Katalon_TestProject\\TestAutomation_Katalon-Test-Project\\Reports\\20220112_172835\\Run all test cases\\20220112_172835\\1641983456530.png, C:\\Users\\Admin\\Desktop\\Katalon_TestProject\\TestAutomation_Katalon-Test-Project\\Reports\\20220112_172835\\Run all test cases\\20220112_172835\\1641983502348.png, C:\\Users\\Admin\\Desktop\\Katalon_TestProject\\TestAutomation_Katalon-Test-Project\\Reports\\20220112_172835\\Run all test cases\\20220112_172835\\1641983547611.png, C:\\Users\\Admin\\Desktop\\Katalon_TestProject\\TestAutomation_Katalon-Test-Project\\Reports\\20220112_172835\\Run all test cases\\20220112_172835\\1641983593003.png, C:\\Users\\Admin\\Desktop\\Katalon_TestProject\\TestAutomation_Katalon-Test-Project\\Reports\\20220112_172835\\Run all test cases\\20220112_172835\\1641983607056.png, C:\\Users\\Admin\\Desktop\\Katalon_TestProject\\TestAutomation_Katalon-Test-Project\\Reports\\20220112_172835\\Run all test cases\\20220112_172835\\1641983607172.png, C:\\Users\\Admin\\Desktop\\Katalon_TestProject\\TestAutomation_Katalon-Test-Project\\Reports\\20220112_172835\\Run all test cases\\20220112_172835\\1641983653111.png, C:\\Users\\Admin\\Desktop\\Katalon_TestProject\\TestAutomation_Katalon-Test-Project\\Reports\\20220112_172835\\Run all test cases\\20220112_172835\\1641983699224.png, C:\\Users\\Admin\\Desktop\\Katalon_TestProject\\TestAutomation_Katalon-Test-Project\\Reports\\20220112_172835\\Run all test cases\\20220112_172835\\1641983745460.png, C:\\Users\\Admin\\Desktop\\Katalon_TestProject\\TestAutomation_Katalon-Test-Project\\Reports\\20220112_172835\\Run all test cases\\20220112_172835\\1641983834942.png, C:\\Users\\Admin\\Desktop\\Katalon_TestProject\\TestAutomation_Katalon-Test-Project\\Reports\\20220112_172835\\Run all test cases\\20220112_172835\\1641983881073.png, C:\\Users\\Admin\\Desktop\\Katalon_TestProject\\TestAutomation_Katalon-Test-Project\\Reports\\20220112_172835\\Run all test cases\\20220112_172835\\1641983926687.png, C:\\Users\\Admin\\Desktop\\Katalon_TestProject\\TestAutomation_Katalon-Test-Project\\Reports\\20220112_172835\\Run all test cases\\20220112_172835\\1641983972326.png, C:\\Users\\Admin\\Desktop\\Katalon_TestProject\\TestAutomation_Katalon-Test-Project\\Reports\\20220112_172835\\Run all test cases\\20220112_172835\\1641984019680.png, C:\\Users\\Admin\\Desktop\\Katalon_TestProject\\TestAutomation_Katalon-Test-Project\\Reports\\20220112_172835\\Run all test cases\\20220112_172835\\1641984066514.png, C:\\Users\\Admin\\Desktop\\Katalon_TestProject\\TestAutomation_Katalon-Test-Project\\Reports\\20220112_172835\\Run all test cases\\20220112_172835\\1641984113618.png, C:\\Users\\Admin\\Desktop\\Katalon_TestProject\\TestAutomation_Katalon-Test-Project\\Reports\\20220112_172835\\Run all test cases\\20220112_172835\\1641984160221.png, C:\\Users\\Admin\\Desktop\\Katalon_TestProject\\TestAutomation_Katalon-Test-Project\\Reports\\20220112_172835\\Run all test cases\\20220112_172835\\1641984225616.png, C:\\Users\\Admin\\Desktop\\Katalon_TestProject\\TestAutomation_Katalon-Test-Project\\Reports\\20220112_172835\\Run all test cases\\20220112_172835\\1641984225760.png, C:\\Users\\Admin\\Desktop\\Katalon_TestProject\\TestAutomation_Katalon-Test-Project\\Reports\\20220112_172835\\Run all test cases\\20220112_172835\\1641984270260.png, C:\\Users\\Admin\\Desktop\\Katalon_TestProject\\TestAutomation_Katalon-Test-Project\\Reports\\20220112_172835\\Run all test cases\\20220112_172835\\1641984314428.png, C:\\Users\\Admin\\Desktop\\Katalon_TestProject\\TestAutomation_Katalon-Test-Project\\Reports\\20220112_172835\\Run all test cases\\20220112_172835\\1641984358598.png, C:\\Users\\Admin\\Desktop\\Katalon_TestProject\\TestAutomation_Katalon-Test-Project\\Reports\\20220112_172835\\Run all test cases\\20220112_172835\\1641984383390.png, C:\\Users\\Admin\\Desktop\\Katalon_TestProject\\TestAutomation_Katalon-Test-Project\\Reports\\20220112_172835\\Run all test cases\\20220112_172835\\1641984383567.png, C:\\Users\\Admin\\Desktop\\Katalon_TestProject\\TestAutomation_Katalon-Test-Project\\Reports\\20220112_172835\\Run all test cases\\20220112_172835\\1641984428827.png, C:\\Users\\Admin\\Desktop\\Katalon_TestProject\\TestAutomation_Katalon-Test-Project\\Reports\\20220112_172835\\Run all test cases\\20220112_172835\\1641984473754.png, C:\\Users\\Admin\\Desktop\\Katalon_TestProject\\TestAutomation_Katalon-Test-Project\\Reports\\20220112_172835\\Run all test cases\\20220112_172835\\1641984519062.png"/>
         <property name="hostName" value="Admin - MSI"/>
         <property name="os" value="Windows 10 64bit"/>
         <property name="katalonVersion" value="8.2.0.208"/>
         <property name="browser" value="Chrome 95.0.4638.54"/>
         <property name="hostAddress" value="192.168.150.1"/>
         <property name="sessionId" value="8fc5db33e99f8f0984861c0a74ff6c94"/>
         <property name="seleniumVersion" value="3.141.59"/>
         <property name="proxyInformation" value="ProxyInformation { proxyOption=NO_PROXY, proxyServerType=HTTP, username=, password=********, proxyServerAddress=, proxyServerPort=0, executionList=&quot;&quot;, isApplyToDesiredCapabilities=true }"/>
         <property name="platform" value="Windows 10"/>
      </properties>
      <testcase name="Test Cases/Student/Student_Enroll/Student_Enroll With Key_Failed" time="16.031" classname="Test Cases/Student/Student_Enroll/Student_Enroll With Key_Failed" status="PASSED">
         <system-out><![CDATA[2022-01-12 17:29:10 - [TEST_CASE][PASSED] - Test Cases/Student/Student_Enroll/Student_Enroll With Key_Failed: Test Cases/Student/Student_Enroll/Student_Enroll With Key_Failed

2022-01-12 17:29:10 - [TEST_STEP][PASSED] - openBrowser(""): Browser is opened with url: ''

2022-01-12 17:29:11 - [MESSAGE][INFO] - Starting 'Chrome' driver

2022-01-12 17:29:11 - [MESSAGE][INFO] - User set preference: ['args', '[window-size=1300,900]']

2022-01-12 17:29:11 - [MESSAGE][INFO] - Action delay is set to 0 milliseconds

2022-01-12 17:29:13 - [MESSAGE][PASSED] - Browser is opened with url: ''

2022-01-12 17:29:13 - [TEST_STEP][PASSED] - navigateToUrl("http://localhost:8080/moodle/"): Navigate to 'http://localhost:8080/moodle/' successfully

2022-01-12 17:29:15 - [MESSAGE][PASSED] - Navigate to 'http://localhost:8080/moodle/' successfully

2022-01-12 17:29:15 - [TEST_STEP][PASSED] - click(findTestObject("Object Repository/Page_BCS Moodle/a_Log in")): Object: 'Object Repository/Page_BCS Moodle/a_Log in' is clicked on

2022-01-12 17:29:16 - [MESSAGE][PASSED] - Object: 'Object Repository/Page_BCS Moodle/a_Log in' is clicked on

2022-01-12 17:29:16 - [TEST_STEP][PASSED] - setText(findTestObject("Object Repository/Page_BCS Moodle Log in to the site/input_Username_username"), "thaiduy"): Text 'thaiduy' is set on object 'Object Repository/Page_BCS Moodle Log in to the site/input_Username_username'

2022-01-12 17:29:16 - [MESSAGE][PASSED] - Text 'thaiduy' is set on object 'Object Repository/Page_BCS Moodle Log in to the site/input_Username_username'

2022-01-12 17:29:16 - [TEST_STEP][PASSED] - setEncryptedText(findTestObject("Object Repository/Page_BCS Moodle Log in to the site/input_Password_password"), "p4y+y39Ir5PR9RXlOHjWlj+CAJiYdX4g"): Text ****** has been set on object 'Object Repository/Page_BCS Moodle Log in to the site/input_Password_password'

2022-01-12 17:29:17 - [MESSAGE][PASSED] - Text ****** has been set on object 'Object Repository/Page_BCS Moodle Log in to the site/input_Password_password'

2022-01-12 17:29:17 - [TEST_STEP][PASSED] - click(findTestObject("Object Repository/Page_BCS Moodle Log in to the site/button_Log in")): Object: 'Object Repository/Page_BCS Moodle Log in to the site/button_Log in' is clicked on

2022-01-12 17:29:20 - [MESSAGE][PASSED] - Object: 'Object Repository/Page_BCS Moodle Log in to the site/button_Log in' is clicked on

2022-01-12 17:29:20 - [TEST_STEP][PASSED] - click(findTestObject("Object Repository/Page_Dashboard/a_Site home")): Object: 'Object Repository/Page_Dashboard/a_Site home' is clicked on

2022-01-12 17:29:22 - [MESSAGE][PASSED] - Object: 'Object Repository/Page_Dashboard/a_Site home' is clicked on

2022-01-12 17:29:22 - [TEST_STEP][PASSED] - click(findTestObject("Object Repository/Page_BCS Moodle/a_C s d liu 19CTT3")): Object: 'Object Repository/Page_BCS Moodle/a_C s d liu 19CTT3' is clicked on

2022-01-12 17:29:23 - [MESSAGE][PASSED] - Object: 'Object Repository/Page_BCS Moodle/a_C s d liu 19CTT3' is clicked on

2022-01-12 17:29:23 - [TEST_STEP][PASSED] - setEncryptedText(findTestObject("Object Repository/Page_CSDL/input_Enrolment key_enrolpassword"), "BV0dRoAgsGg="): Text ****** has been set on object 'Object Repository/Page_CSDL/input_Enrolment key_enrolpassword'

2022-01-12 17:29:24 - [MESSAGE][PASSED] - Text ****** has been set on object 'Object Repository/Page_CSDL/input_Enrolment key_enrolpassword'

2022-01-12 17:29:24 - [TEST_STEP][PASSED] - click(findTestObject("Object Repository/Page_CSDL/input_Enrolment key_submitbutton")): Object: 'Object Repository/Page_CSDL/input_Enrolment key_submitbutton' is clicked on

2022-01-12 17:29:25 - [MESSAGE][PASSED] - Object: 'Object Repository/Page_CSDL/input_Enrolment key_submitbutton' is clicked on

2022-01-12 17:29:25 - [TEST_STEP][PASSED] - verifyElementPresent(findTestObject("Object Repository/Page_CSDL/div_Incorrect enrolment key, please try again"), 0): Object 'Object Repository/Page_CSDL/div_Incorrect enrolment key, please try again' is present

2022-01-12 17:29:25 - [MESSAGE][WARNING] - Timeout '0' is invalid. Using default page load timeout: '30'

2022-01-12 17:29:25 - [MESSAGE][PASSED] - Object 'Object Repository/Page_CSDL/div_Incorrect enrolment key, please try again' is present

2022-01-12 17:29:25 - [TEST_STEP][PASSED] - closeBrowser(): Browser is closed

2022-01-12 17:29:26 - [MESSAGE][PASSED] - Browser is closed]]></system-out>
         <system-err><![CDATA[]]></system-err>
      </testcase>
      <testcase name="Test Cases/Student/Student_Enroll/Student_Self Enroll_Success_No Key" time="16.271" classname="Test Cases/Student/Student_Enroll/Student_Self Enroll_Success_No Key" status="PASSED">
         <system-out><![CDATA[2022-01-12 17:29:26 - [TEST_CASE][PASSED] - Test Cases/Student/Student_Enroll/Student_Self Enroll_Success_No Key: Test Cases/Student/Student_Enroll/Student_Self Enroll_Success_No Key

2022-01-12 17:29:26 - [TEST_STEP][PASSED] - openBrowser(""): Browser is opened with url: ''

2022-01-12 17:29:26 - [MESSAGE][INFO] - Starting 'Chrome' driver

2022-01-12 17:29:26 - [MESSAGE][INFO] - User set preference: ['args', '[window-size=1300,900]']

2022-01-12 17:29:26 - [MESSAGE][INFO] - Action delay is set to 0 milliseconds

2022-01-12 17:29:28 - [MESSAGE][PASSED] - Browser is opened with url: ''

2022-01-12 17:29:28 - [TEST_STEP][PASSED] - navigateToUrl("http://localhost:8080/moodle/"): Navigate to 'http://localhost:8080/moodle/' successfully

2022-01-12 17:29:28 - [MESSAGE][PASSED] - Navigate to 'http://localhost:8080/moodle/' successfully

2022-01-12 17:29:28 - [TEST_STEP][PASSED] - click(findTestObject("Object Repository/Page_BCS Moodle/a_Log in")): Object: 'Object Repository/Page_BCS Moodle/a_Log in' is clicked on

2022-01-12 17:29:29 - [MESSAGE][PASSED] - Object: 'Object Repository/Page_BCS Moodle/a_Log in' is clicked on

2022-01-12 17:29:29 - [TEST_STEP][PASSED] - setText(findTestObject("Object Repository/Page_BCS Moodle Log in to the site/input_Username_username"), "ydam"): Text 'ydam' is set on object 'Object Repository/Page_BCS Moodle Log in to the site/input_Username_username'

2022-01-12 17:29:30 - [MESSAGE][PASSED] - Text 'ydam' is set on object 'Object Repository/Page_BCS Moodle Log in to the site/input_Username_username'

2022-01-12 17:29:30 - [TEST_STEP][PASSED] - doubleClick(findTestObject("Object Repository/Page_BCS Moodle Log in to the site/input_Username_username")): Object: 'Object Repository/Page_BCS Moodle Log in to the site/input_Username_username' is double clicked on

2022-01-12 17:29:30 - [MESSAGE][PASSED] - Object: 'Object Repository/Page_BCS Moodle Log in to the site/input_Username_username' is double clicked on

2022-01-12 17:29:30 - [TEST_STEP][PASSED] - setText(findTestObject("Object Repository/Page_BCS Moodle Log in to the site/input_Username_username"), "xuany"): Text 'xuany' is set on object 'Object Repository/Page_BCS Moodle Log in to the site/input_Username_username'

2022-01-12 17:29:31 - [MESSAGE][PASSED] - Text 'xuany' is set on object 'Object Repository/Page_BCS Moodle Log in to the site/input_Username_username'

2022-01-12 17:29:31 - [TEST_STEP][PASSED] - setEncryptedText(findTestObject("Object Repository/Page_BCS Moodle Log in to the site/input_Password_password"), "p4y+y39Ir5PR9RXlOHjWlj+CAJiYdX4g"): Text ****** has been set on object 'Object Repository/Page_BCS Moodle Log in to the site/input_Password_password'

2022-01-12 17:29:32 - [MESSAGE][PASSED] - Text ****** has been set on object 'Object Repository/Page_BCS Moodle Log in to the site/input_Password_password'

2022-01-12 17:29:32 - [TEST_STEP][PASSED] - click(findTestObject("Object Repository/Page_BCS Moodle Log in to the site/button_Log in")): Object: 'Object Repository/Page_BCS Moodle Log in to the site/button_Log in' is clicked on

2022-01-12 17:29:33 - [MESSAGE][PASSED] - Object: 'Object Repository/Page_BCS Moodle Log in to the site/button_Log in' is clicked on

2022-01-12 17:29:33 - [TEST_STEP][PASSED] - click(findTestObject("Object Repository/Page_Dashboard/a_Site home")): Object: 'Object Repository/Page_Dashboard/a_Site home' is clicked on

2022-01-12 17:29:36 - [MESSAGE][PASSED] - Object: 'Object Repository/Page_Dashboard/a_Site home' is clicked on

2022-01-12 17:29:36 - [TEST_STEP][PASSED] - click(findTestObject("Object Repository/Page_BCS Moodle/a_Lp trnh hng i tng 19CTT3")): Object: 'Object Repository/Page_BCS Moodle/a_Lp trnh hng i tng 19CTT3' is clicked on

2022-01-12 17:29:37 - [MESSAGE][PASSED] - Object: 'Object Repository/Page_BCS Moodle/a_Lp trnh hng i tng 19CTT3' is clicked on

2022-01-12 17:29:37 - [TEST_STEP][PASSED] - click(findTestObject("Object Repository/Page_OOP/input_No enrolment key required_submitbutton")): Object: 'Object Repository/Page_OOP/input_No enrolment key required_submitbutton' is clicked on

2022-01-12 17:29:41 - [MESSAGE][PASSED] - Object: 'Object Repository/Page_OOP/input_No enrolment key required_submitbutton' is clicked on

2022-01-12 17:29:41 - [TEST_STEP][PASSED] - verifyElementPresent(findTestObject("Object Repository/Page_Course Lp trnh hng i tng 19CTT3/div_You are enrolled in the course_1"), 0): Object 'Object Repository/Page_Course Lp trnh hng i tng 19CTT3/div_You are enrolled in the course_1' is present

2022-01-12 17:29:41 - [MESSAGE][WARNING] - Timeout '0' is invalid. Using default page load timeout: '30'

2022-01-12 17:29:42 - [MESSAGE][PASSED] - Object 'Object Repository/Page_Course Lp trnh hng i tng 19CTT3/div_You are enrolled in the course_1' is present

2022-01-12 17:29:42 - [TEST_STEP][PASSED] - closeBrowser(): Browser is closed

2022-01-12 17:29:42 - [MESSAGE][PASSED] - Browser is closed]]></system-out>
         <system-err><![CDATA[]]></system-err>
      </testcase>
      <testcase name="Test Cases/Student/Student_Enroll/Student_Enroll With Key_Success" time="14.961" classname="Test Cases/Student/Student_Enroll/Student_Enroll With Key_Success" status="PASSED">
         <system-out><![CDATA[2022-01-12 17:29:42 - [TEST_CASE][PASSED] - Test Cases/Student/Student_Enroll/Student_Enroll With Key_Success: Test Cases/Student/Student_Enroll/Student_Enroll With Key_Success

2022-01-12 17:29:43 - [TEST_STEP][PASSED] - openBrowser(""): Browser is opened with url: ''

2022-01-12 17:29:43 - [MESSAGE][INFO] - Starting 'Chrome' driver

2022-01-12 17:29:43 - [MESSAGE][INFO] - User set preference: ['args', '[window-size=1300,900]']

2022-01-12 17:29:43 - [MESSAGE][INFO] - Action delay is set to 0 milliseconds

2022-01-12 17:29:44 - [MESSAGE][PASSED] - Browser is opened with url: ''

2022-01-12 17:29:44 - [TEST_STEP][PASSED] - navigateToUrl("http://localhost:8080/moodle/"): Navigate to 'http://localhost:8080/moodle/' successfully

2022-01-12 17:29:45 - [MESSAGE][PASSED] - Navigate to 'http://localhost:8080/moodle/' successfully

2022-01-12 17:29:45 - [TEST_STEP][PASSED] - click(findTestObject("Object Repository/Page_BCS Moodle/a_Log in")): Object: 'Object Repository/Page_BCS Moodle/a_Log in' is clicked on

2022-01-12 17:29:46 - [MESSAGE][PASSED] - Object: 'Object Repository/Page_BCS Moodle/a_Log in' is clicked on

2022-01-12 17:29:46 - [TEST_STEP][PASSED] - setText(findTestObject("Object Repository/Page_BCS Moodle Log in to the site/input_Username_username"), "xuany"): Text 'xuany' is set on object 'Object Repository/Page_BCS Moodle Log in to the site/input_Username_username'

2022-01-12 17:29:47 - [MESSAGE][PASSED] - Text 'xuany' is set on object 'Object Repository/Page_BCS Moodle Log in to the site/input_Username_username'

2022-01-12 17:29:47 - [TEST_STEP][PASSED] - setEncryptedText(findTestObject("Object Repository/Page_BCS Moodle Log in to the site/input_Password_password"), "p4y+y39Ir5PR9RXlOHjWlj+CAJiYdX4g"): Text ****** has been set on object 'Object Repository/Page_BCS Moodle Log in to the site/input_Password_password'

2022-01-12 17:29:47 - [MESSAGE][PASSED] - Text ****** has been set on object 'Object Repository/Page_BCS Moodle Log in to the site/input_Password_password'

2022-01-12 17:29:47 - [TEST_STEP][PASSED] - click(findTestObject("Object Repository/Page_BCS Moodle Log in to the site/button_Log in")): Object: 'Object Repository/Page_BCS Moodle Log in to the site/button_Log in' is clicked on

2022-01-12 17:29:49 - [MESSAGE][PASSED] - Object: 'Object Repository/Page_BCS Moodle Log in to the site/button_Log in' is clicked on

2022-01-12 17:29:49 - [TEST_STEP][PASSED] - click(findTestObject("Object Repository/Page_Dashboard/a_Site home")): Object: 'Object Repository/Page_Dashboard/a_Site home' is clicked on

2022-01-12 17:29:51 - [MESSAGE][PASSED] - Object: 'Object Repository/Page_Dashboard/a_Site home' is clicked on

2022-01-12 17:29:51 - [TEST_STEP][PASSED] - click(findTestObject("Object Repository/Page_BCS Moodle/a_C s d liu 19CTT3")): Object: 'Object Repository/Page_BCS Moodle/a_C s d liu 19CTT3' is clicked on

2022-01-12 17:29:52 - [MESSAGE][PASSED] - Object: 'Object Repository/Page_BCS Moodle/a_C s d liu 19CTT3' is clicked on

2022-01-12 17:29:52 - [TEST_STEP][PASSED] - setEncryptedText(findTestObject("Object Repository/Page_CSDL/input_Enrolment key_enrolpassword"), "gUaxq7gw5s0="): Text ****** has been set on object 'Object Repository/Page_CSDL/input_Enrolment key_enrolpassword'

2022-01-12 17:29:53 - [MESSAGE][PASSED] - Text ****** has been set on object 'Object Repository/Page_CSDL/input_Enrolment key_enrolpassword'

2022-01-12 17:29:53 - [TEST_STEP][PASSED] - click(findTestObject("Object Repository/Page_CSDL/input_Enrolment key_submitbutton")): Object: 'Object Repository/Page_CSDL/input_Enrolment key_submitbutton' is clicked on

2022-01-12 17:29:56 - [MESSAGE][PASSED] - Object: 'Object Repository/Page_CSDL/input_Enrolment key_submitbutton' is clicked on

2022-01-12 17:29:56 - [TEST_STEP][PASSED] - navigateToUrl("http://localhost:8080/moodle/course/view.php?id=3"): Navigate to 'http://localhost:8080/moodle/course/view.php?id=3' successfully

2022-01-12 17:29:57 - [MESSAGE][PASSED] - Navigate to 'http://localhost:8080/moodle/course/view.php?id=3' successfully

2022-01-12 17:29:57 - [TEST_STEP][PASSED] - closeBrowser(): Browser is closed

2022-01-12 17:29:57 - [MESSAGE][PASSED] - Browser is closed]]></system-out>
         <system-err><![CDATA[]]></system-err>
      </testcase>
      <testcase name="Test Cases/Student/Student_Calendar/Student_Click on Day_Monthly View" time="16.094" classname="Test Cases/Student/Student_Calendar/Student_Click on Day_Monthly View" status="PASSED">
         <system-out><![CDATA[2022-01-12 17:29:57 - [TEST_CASE][PASSED] - Test Cases/Student/Student_Calendar/Student_Click on Day_Monthly View: Test Cases/Student/Student_Calendar/Student_Click on Day_Monthly View

2022-01-12 17:29:58 - [TEST_STEP][PASSED] - openBrowser(""): Browser is opened with url: ''

2022-01-12 17:29:58 - [MESSAGE][INFO] - Starting 'Chrome' driver

2022-01-12 17:29:58 - [MESSAGE][INFO] - User set preference: ['args', '[window-size=1300,900]']

2022-01-12 17:29:58 - [MESSAGE][INFO] - Action delay is set to 0 milliseconds

2022-01-12 17:29:59 - [MESSAGE][PASSED] - Browser is opened with url: ''

2022-01-12 17:29:59 - [TEST_STEP][PASSED] - navigateToUrl("http://localhost:8080/moodle/"): Navigate to 'http://localhost:8080/moodle/' successfully

2022-01-12 17:30:00 - [MESSAGE][PASSED] - Navigate to 'http://localhost:8080/moodle/' successfully

2022-01-12 17:30:00 - [TEST_STEP][PASSED] - click(findTestObject("Object Repository/Page_BCS Moodle/a_Log in")): Object: 'Object Repository/Page_BCS Moodle/a_Log in' is clicked on

2022-01-12 17:30:01 - [MESSAGE][PASSED] - Object: 'Object Repository/Page_BCS Moodle/a_Log in' is clicked on

2022-01-12 17:30:01 - [TEST_STEP][PASSED] - setText(findTestObject("Object Repository/Page_BCS Moodle Log in to the site/input_Username_username"), "hoangvu"): Text 'hoangvu' is set on object 'Object Repository/Page_BCS Moodle Log in to the site/input_Username_username'

2022-01-12 17:30:02 - [MESSAGE][PASSED] - Text 'hoangvu' is set on object 'Object Repository/Page_BCS Moodle Log in to the site/input_Username_username'

2022-01-12 17:30:02 - [TEST_STEP][PASSED] - setEncryptedText(findTestObject("Object Repository/Page_BCS Moodle Log in to the site/input_Password_password"), "p4y+y39Ir5PR9RXlOHjWlj+CAJiYdX4g"): Text ****** has been set on object 'Object Repository/Page_BCS Moodle Log in to the site/input_Password_password'

2022-01-12 17:30:02 - [MESSAGE][PASSED] - Text ****** has been set on object 'Object Repository/Page_BCS Moodle Log in to the site/input_Password_password'

2022-01-12 17:30:02 - [TEST_STEP][PASSED] - click(findTestObject("Object Repository/Page_BCS Moodle Log in to the site/button_Log in")): Object: 'Object Repository/Page_BCS Moodle Log in to the site/button_Log in' is clicked on

2022-01-12 17:30:04 - [MESSAGE][PASSED] - Object: 'Object Repository/Page_BCS Moodle Log in to the site/button_Log in' is clicked on

2022-01-12 17:30:04 - [TEST_STEP][PASSED] - click(findTestObject("Object Repository/Page_Dashboard/span_Calendar")): Object: 'Object Repository/Page_Dashboard/span_Calendar' is clicked on

2022-01-12 17:30:06 - [MESSAGE][PASSED] - Object: 'Object Repository/Page_Dashboard/span_Calendar' is clicked on

2022-01-12 17:30:06 - [TEST_STEP][PASSED] - click(findTestObject("Object Repository/Page_Moodle Calendar Detailed month view Ja_713ca6/a_4 (1)")): Object: 'Object Repository/Page_Moodle Calendar Detailed month view Ja_713ca6/a_4 (1)' is clicked on

2022-01-12 17:30:08 - [MESSAGE][PASSED] - Object: 'Object Repository/Page_Moodle Calendar Detailed month view Ja_713ca6/a_4 (1)' is clicked on

2022-01-12 17:30:08 - [TEST_STEP][PASSED] - click(findTestObject("Object Repository/Page_Moodle Calendar Detailed month view Ja_713ca6/a_Add submission (2)")): Object: 'Object Repository/Page_Moodle Calendar Detailed month view Ja_713ca6/a_Add submission (2)' is clicked on

2022-01-12 17:30:10 - [MESSAGE][PASSED] - Object: 'Object Repository/Page_Moodle Calendar Detailed month view Ja_713ca6/a_Add submission (2)' is clicked on

2022-01-12 17:30:10 - [TEST_STEP][PASSED] - rightClick(findTestObject("Object Repository/Page_OOP Bi tp 2 - Edit submission/h2_Bi tp 2 (2)")): Object: 'Object Repository/Page_OOP Bi tp 2 - Edit submission/h2_Bi tp 2 (2)' is right clicked on

2022-01-12 17:30:12 - [MESSAGE][PASSED] - Object: 'Object Repository/Page_OOP Bi tp 2 - Edit submission/h2_Bi tp 2 (2)' is right clicked on

2022-01-12 17:30:12 - [TEST_STEP][PASSED] - click(findTestObject("Object Repository/Page_OOP Bi tp 2 - Edit submission/h2_Bi tp 2 (2)")): Object: 'Object Repository/Page_OOP Bi tp 2 - Edit submission/h2_Bi tp 2 (2)' is clicked on

2022-01-12 17:30:12 - [MESSAGE][PASSED] - Object: 'Object Repository/Page_OOP Bi tp 2 - Edit submission/h2_Bi tp 2 (2)' is clicked on

2022-01-12 17:30:12 - [TEST_STEP][PASSED] - verifyElementText(findTestObject("Page_OOP Bi tp 2 - Edit submission/h2_Bi tp 2 (2)"), "Bài tập 2"): Actual text and expected text of test object 'Object Repository/Page_OOP Bi tp 2 - Edit submission/h2_Bi tp 2 (2)' are matched.

2022-01-12 17:30:13 - [MESSAGE][PASSED] - Actual text and expected text of test object 'Object Repository/Page_OOP Bi tp 2 - Edit submission/h2_Bi tp 2 (2)' are matched.

2022-01-12 17:30:13 - [TEST_STEP][PASSED] - closeBrowser(): Browser is closed

2022-01-12 17:30:13 - [MESSAGE][PASSED] - Browser is closed]]></system-out>
         <system-err><![CDATA[]]></system-err>
      </testcase>
      <testcase name="Test Cases/Student/Student_Calendar/Student_Click to Event" time="14.145" classname="Test Cases/Student/Student_Calendar/Student_Click to Event" status="PASSED">
         <system-out><![CDATA[2022-01-12 17:30:13 - [TEST_CASE][PASSED] - Test Cases/Student/Student_Calendar/Student_Click to Event: Test Cases/Student/Student_Calendar/Student_Click to Event

2022-01-12 17:30:14 - [TEST_STEP][PASSED] - openBrowser(""): Browser is opened with url: ''

2022-01-12 17:30:14 - [MESSAGE][INFO] - Starting 'Chrome' driver

2022-01-12 17:30:14 - [MESSAGE][INFO] - User set preference: ['args', '[window-size=1300,900]']

2022-01-12 17:30:14 - [MESSAGE][INFO] - Action delay is set to 0 milliseconds

2022-01-12 17:30:15 - [MESSAGE][PASSED] - Browser is opened with url: ''

2022-01-12 17:30:15 - [TEST_STEP][PASSED] - navigateToUrl("http://localhost:8080/moodle/"): Navigate to 'http://localhost:8080/moodle/' successfully

2022-01-12 17:30:16 - [MESSAGE][PASSED] - Navigate to 'http://localhost:8080/moodle/' successfully

2022-01-12 17:30:16 - [TEST_STEP][PASSED] - click(findTestObject("Object Repository/Page_BCS Moodle/a_Log in")): Object: 'Object Repository/Page_BCS Moodle/a_Log in' is clicked on

2022-01-12 17:30:17 - [MESSAGE][PASSED] - Object: 'Object Repository/Page_BCS Moodle/a_Log in' is clicked on

2022-01-12 17:30:17 - [TEST_STEP][PASSED] - setText(findTestObject("Object Repository/Page_BCS Moodle Log in to the site/input_Username_username"), "hoangvu"): Text 'hoangvu' is set on object 'Object Repository/Page_BCS Moodle Log in to the site/input_Username_username'

2022-01-12 17:30:18 - [MESSAGE][PASSED] - Text 'hoangvu' is set on object 'Object Repository/Page_BCS Moodle Log in to the site/input_Username_username'

2022-01-12 17:30:18 - [TEST_STEP][PASSED] - setEncryptedText(findTestObject("Object Repository/Page_BCS Moodle Log in to the site/input_Password_password"), "p4y+y39Ir5PR9RXlOHjWlj+CAJiYdX4g"): Text ****** has been set on object 'Object Repository/Page_BCS Moodle Log in to the site/input_Password_password'

2022-01-12 17:30:18 - [MESSAGE][PASSED] - Text ****** has been set on object 'Object Repository/Page_BCS Moodle Log in to the site/input_Password_password'

2022-01-12 17:30:18 - [TEST_STEP][PASSED] - click(findTestObject("Object Repository/Page_BCS Moodle Log in to the site/button_Log in")): Object: 'Object Repository/Page_BCS Moodle Log in to the site/button_Log in' is clicked on

2022-01-12 17:30:20 - [MESSAGE][PASSED] - Object: 'Object Repository/Page_BCS Moodle Log in to the site/button_Log in' is clicked on

2022-01-12 17:30:20 - [TEST_STEP][PASSED] - click(findTestObject("Object Repository/Page_Dashboard/span_Calendar")): Object: 'Object Repository/Page_Dashboard/span_Calendar' is clicked on

2022-01-12 17:30:22 - [MESSAGE][PASSED] - Object: 'Object Repository/Page_Dashboard/span_Calendar' is clicked on

2022-01-12 17:30:22 - [TEST_STEP][PASSED] - click(findTestObject("Object Repository/Page_Moodle Calendar Detailed month view Ja_713ca6/span_Bi tp 2 is due (1)")): Object: 'Object Repository/Page_Moodle Calendar Detailed month view Ja_713ca6/span_Bi tp 2 is due (1)' is clicked on

2022-01-12 17:30:24 - [MESSAGE][PASSED] - Object: 'Object Repository/Page_Moodle Calendar Detailed month view Ja_713ca6/span_Bi tp 2 is due (1)' is clicked on

2022-01-12 17:30:24 - [TEST_STEP][PASSED] - click(findTestObject("Object Repository/Page_Moodle Calendar Detailed month view Ja_713ca6/a_Add submission (1)")): Object: 'Object Repository/Page_Moodle Calendar Detailed month view Ja_713ca6/a_Add submission (1)' is clicked on

2022-01-12 17:30:26 - [MESSAGE][PASSED] - Object: 'Object Repository/Page_Moodle Calendar Detailed month view Ja_713ca6/a_Add submission (1)' is clicked on

2022-01-12 17:30:26 - [TEST_STEP][PASSED] - verifyElementText(findTestObject("Object Repository/Page_OOP Bi tp 2 - Edit submission/h2_Bi tp 2 (1)"), "Bài tập 2"): Actual text and expected text of test object 'Object Repository/Page_OOP Bi tp 2 - Edit submission/h2_Bi tp 2 (1)' are matched.

2022-01-12 17:30:27 - [MESSAGE][PASSED] - Actual text and expected text of test object 'Object Repository/Page_OOP Bi tp 2 - Edit submission/h2_Bi tp 2 (1)' are matched.

2022-01-12 17:30:27 - [TEST_STEP][PASSED] - closeBrowser(): Browser is closed

2022-01-12 17:30:28 - [MESSAGE][PASSED] - Browser is closed]]></system-out>
         <system-err><![CDATA[]]></system-err>
      </testcase>
      <testcase name="Test Cases/Student/Student_Calendar/Student_Export Calendar URL" time="15.357" classname="Test Cases/Student/Student_Calendar/Student_Export Calendar URL" status="PASSED">
         <system-out><![CDATA[2022-01-12 17:30:28 - [TEST_CASE][PASSED] - Test Cases/Student/Student_Calendar/Student_Export Calendar URL: Test Cases/Student/Student_Calendar/Student_Export Calendar URL

2022-01-12 17:30:28 - [TEST_STEP][PASSED] - openBrowser(""): Browser is opened with url: ''

2022-01-12 17:30:28 - [MESSAGE][INFO] - Starting 'Chrome' driver

2022-01-12 17:30:28 - [MESSAGE][INFO] - User set preference: ['args', '[window-size=1300,900]']

2022-01-12 17:30:28 - [MESSAGE][INFO] - Action delay is set to 0 milliseconds

2022-01-12 17:30:29 - [MESSAGE][PASSED] - Browser is opened with url: ''

2022-01-12 17:30:29 - [TEST_STEP][PASSED] - navigateToUrl("http://localhost:8080/moodle/"): Navigate to 'http://localhost:8080/moodle/' successfully

2022-01-12 17:30:30 - [MESSAGE][PASSED] - Navigate to 'http://localhost:8080/moodle/' successfully

2022-01-12 17:30:30 - [TEST_STEP][PASSED] - click(findTestObject("Object Repository/Page_BCS Moodle/a_Log in")): Object: 'Object Repository/Page_BCS Moodle/a_Log in' is clicked on

2022-01-12 17:30:31 - [MESSAGE][PASSED] - Object: 'Object Repository/Page_BCS Moodle/a_Log in' is clicked on

2022-01-12 17:30:31 - [TEST_STEP][PASSED] - setText(findTestObject("Object Repository/Page_BCS Moodle Log in to the site/input_Username_username"), "hoangvu"): Text 'hoangvu' is set on object 'Object Repository/Page_BCS Moodle Log in to the site/input_Username_username'

2022-01-12 17:30:32 - [MESSAGE][PASSED] - Text 'hoangvu' is set on object 'Object Repository/Page_BCS Moodle Log in to the site/input_Username_username'

2022-01-12 17:30:32 - [TEST_STEP][PASSED] - setEncryptedText(findTestObject("Object Repository/Page_BCS Moodle Log in to the site/input_Password_password"), "p4y+y39Ir5PR9RXlOHjWlj+CAJiYdX4g"): Text ****** has been set on object 'Object Repository/Page_BCS Moodle Log in to the site/input_Password_password'

2022-01-12 17:30:32 - [MESSAGE][PASSED] - Text ****** has been set on object 'Object Repository/Page_BCS Moodle Log in to the site/input_Password_password'

2022-01-12 17:30:32 - [TEST_STEP][PASSED] - click(findTestObject("Object Repository/Page_BCS Moodle Log in to the site/button_Log in")): Object: 'Object Repository/Page_BCS Moodle Log in to the site/button_Log in' is clicked on

2022-01-12 17:30:33 - [MESSAGE][PASSED] - Object: 'Object Repository/Page_BCS Moodle Log in to the site/button_Log in' is clicked on

2022-01-12 17:30:33 - [TEST_STEP][PASSED] - click(findTestObject("Object Repository/Page_Dashboard/a_Calendar")): Object: 'Object Repository/Page_Dashboard/a_Calendar' is clicked on

2022-01-12 17:30:36 - [MESSAGE][PASSED] - Object: 'Object Repository/Page_Dashboard/a_Calendar' is clicked on

2022-01-12 17:30:36 - [TEST_STEP][PASSED] - click(findTestObject("Object Repository/Page_Moodle Calendar Detailed month view Ja_713ca6/button_Export calendar")): Object: 'Object Repository/Page_Moodle Calendar Detailed month view Ja_713ca6/button_Export calendar' is clicked on

2022-01-12 17:30:38 - [MESSAGE][PASSED] - Object: 'Object Repository/Page_Moodle Calendar Detailed month view Ja_713ca6/button_Export calendar' is clicked on

2022-01-12 17:30:38 - [TEST_STEP][PASSED] - click(findTestObject("Object Repository/Page_Moodle Calendar Export/input_Events related to courses_eventsexportevents")): Object: 'Object Repository/Page_Moodle Calendar Export/input_Events related to courses_eventsexportevents' is clicked on

2022-01-12 17:30:39 - [MESSAGE][PASSED] - Object: 'Object Repository/Page_Moodle Calendar Export/input_Events related to courses_eventsexportevents' is clicked on

2022-01-12 17:30:39 - [TEST_STEP][PASSED] - click(findTestObject("Object Repository/Page_Moodle Calendar Export/input_This month_periodtimeperiod")): Object: 'Object Repository/Page_Moodle Calendar Export/input_This month_periodtimeperiod' is clicked on

2022-01-12 17:30:39 - [MESSAGE][PASSED] - Object: 'Object Repository/Page_Moodle Calendar Export/input_This month_periodtimeperiod' is clicked on

2022-01-12 17:30:39 - [TEST_STEP][PASSED] - click(findTestObject("Object Repository/Page_Moodle Calendar Export/input_Custom range (30122 - 80123)_generateurl")): Object: 'Object Repository/Page_Moodle Calendar Export/input_Custom range (30122 - 80123)_generateurl' is clicked on

2022-01-12 17:30:40 - [MESSAGE][PASSED] - Object: 'Object Repository/Page_Moodle Calendar Export/input_Custom range (30122 - 80123)_generateurl' is clicked on

2022-01-12 17:30:40 - [TEST_STEP][PASSED] - click(findTestObject("Object Repository/Page_Moodle Calendar Export/div_Calendar URL httplocalhost8080moodlecal_fcc980")): Object: 'Object Repository/Page_Moodle Calendar Export/div_Calendar URL httplocalhost8080moodlecal_fcc980' is clicked on

2022-01-12 17:30:42 - [MESSAGE][PASSED] - Object: 'Object Repository/Page_Moodle Calendar Export/div_Calendar URL httplocalhost8080moodlecal_fcc980' is clicked on

2022-01-12 17:30:42 - [TEST_STEP][PASSED] - verifyElementPresent(findTestObject("Page_Moodle Calendar Export/div_Calendar URL httplocalhost8080moodlecal_fcc980"), 0): Object 'Object Repository/Page_Moodle Calendar Export/div_Calendar URL httplocalhost8080moodlecal_fcc980' is present

2022-01-12 17:30:42 - [MESSAGE][WARNING] - Timeout '0' is invalid. Using default page load timeout: '30'

2022-01-12 17:30:42 - [MESSAGE][PASSED] - Object 'Object Repository/Page_Moodle Calendar Export/div_Calendar URL httplocalhost8080moodlecal_fcc980' is present

2022-01-12 17:30:42 - [TEST_STEP][PASSED] - closeBrowser(): Browser is closed

2022-01-12 17:30:43 - [MESSAGE][PASSED] - Browser is closed]]></system-out>
         <system-err><![CDATA[]]></system-err>
      </testcase>
      <testcase name="Test Cases/Student/Student_Choice/Student_Multitple Choice" time="45.371" classname="Test Cases/Student/Student_Choice/Student_Multitple Choice" status="FAILED">
         <failure type="FAILED" message="Test Cases/Student/Student_Choice/Student_Multitple Choice FAILED.
Reason:
com.kms.katalon.core.exception.StepFailedException: Unable to click on object 'Object Repository/Page_Chn ngy thi/input__answer'
	at com.kms.katalon.core.webui.keyword.internal.WebUIKeywordMain.stepFailed(WebUIKeywordMain.groovy:64)
	at com.kms.katalon.core.webui.keyword.internal.WebUIKeywordMain.runKeyword(WebUIKeywordMain.groovy:26)
	at com.kms.katalon.core.webui.keyword.builtin.ClickKeyword.click(ClickKeyword.groovy:74)
	at com.kms.katalon.core.webui.keyword.builtin.ClickKeyword.execute(ClickKeyword.groovy:40)
	at com.kms.katalon.core.keyword.internal.KeywordExecutor.executeKeywordForPlatform(KeywordExecutor.groovy:74)
	at com.kms.katalon.core.webui.keyword.WebUiBuiltInKeywords.click(WebUiBuiltInKeywords.groovy:620)
	at com.kms.katalon.core.webui.keyword.WebUiBuiltInKeywords$click$1.call(Unknown Source)
	at Student_Multitple Choice.run(Student_Multitple Choice:36)
	at com.kms.katalon.core.main.ScriptEngine.run(ScriptEngine.java:194)
	at com.kms.katalon.core.main.ScriptEngine.runScriptAsRawText(ScriptEngine.java:119)
	at com.kms.katalon.core.main.TestCaseExecutor.runScript(TestCaseExecutor.java:442)
	at com.kms.katalon.core.main.TestCaseExecutor.doExecute(TestCaseExecutor.java:433)
	at com.kms.katalon.core.main.TestCaseExecutor.processExecutionPhase(TestCaseExecutor.java:412)
	at com.kms.katalon.core.main.TestCaseExecutor.accessMainPhase(TestCaseExecutor.java:404)
	at com.kms.katalon.core.main.TestCaseExecutor.execute(TestCaseExecutor.java:281)
	at com.kms.katalon.core.main.TestCaseExecutor.execute(TestCaseExecutor.java:363)
	at com.kms.katalon.core.main.TestCaseExecutor.execute(TestCaseExecutor.java:363)
	at com.kms.katalon.core.main.TestCaseExecutor.execute(TestCaseExecutor.java:363)
	at com.kms.katalon.core.main.TestSuiteExecutor.accessTestCaseMainPhase(TestSuiteExecutor.java:202)
	at com.kms.katalon.core.main.TestSuiteExecutor.accessTestSuiteMainPhase(TestSuiteExecutor.java:164)
	at com.kms.katalon.core.main.TestSuiteExecutor.execute(TestSuiteExecutor.java:105)
	at com.kms.katalon.core.main.TestCaseMain.startTestSuite(TestCaseMain.java:181)
	at com.kms.katalon.core.main.TestCaseMain$startTestSuite$0.call(Unknown Source)
	at TempTestSuite1641983315460.run(TempTestSuite1641983315460.groovy:36)
Caused by: com.kms.katalon.core.webui.exception.WebElementNotFoundException: Web element with id: 'Object Repository/Page_Chn ngy thi/input__answer' located by '//input[@id='choice_2']' not found
	at com.kms.katalon.core.webui.common.WebUiCommonHelper.findWebElement(WebUiCommonHelper.java:1368)
	at com.kms.katalon.core.webui.keyword.internal.WebUIAbstractKeyword.findWebElement(WebUIAbstractKeyword.groovy:27)
	at com.kms.katalon.core.webui.keyword.builtin.ClickKeyword$_click_closure1.doCall(ClickKeyword.groovy:65)
	at com.kms.katalon.core.webui.keyword.builtin.ClickKeyword$_click_closure1.call(ClickKeyword.groovy)
	at com.kms.katalon.core.webui.keyword.internal.WebUIKeywordMain.runKeyword(WebUIKeywordMain.groovy:20)
	... 22 more
"/>
         <system-out><![CDATA[2022-01-12 17:32:27 - [TEST_CASE][FAILED] - Test Cases/Student/Student_Choice/Student_Multitple Choice: Test Cases/Student/Student_Choice/Student_Multitple Choice FAILED.
Reason:
com.kms.katalon.core.exception.StepFailedException: Unable to click on object 'Object Repository/Page_Chn ngy thi/input__answer'
	at com.kms.katalon.core.webui.keyword.internal.WebUIKeywordMain.stepFailed(WebUIKeywordMain.groovy:64)
	at com.kms.katalon.core.webui.keyword.internal.WebUIKeywordMain.runKeyword(WebUIKeywordMain.groovy:26)
	at com.kms.katalon.core.webui.keyword.builtin.ClickKeyword.click(ClickKeyword.groovy:74)
	at com.kms.katalon.core.webui.keyword.builtin.ClickKeyword.execute(ClickKeyword.groovy:40)
	at com.kms.katalon.core.keyword.internal.KeywordExecutor.executeKeywordForPlatform(KeywordExecutor.groovy:74)
	at com.kms.katalon.core.webui.keyword.WebUiBuiltInKeywords.click(WebUiBuiltInKeywords.groovy:620)
	at com.kms.katalon.core.webui.keyword.WebUiBuiltInKeywords$click$1.call(Unknown Source)
	at Student_Multitple Choice.run(Student_Multitple Choice:36)
	at com.kms.katalon.core.main.ScriptEngine.run(ScriptEngine.java:194)
	at com.kms.katalon.core.main.ScriptEngine.runScriptAsRawText(ScriptEngine.java:119)
	at com.kms.katalon.core.main.TestCaseExecutor.runScript(TestCaseExecutor.java:442)
	at com.kms.katalon.core.main.TestCaseExecutor.doExecute(TestCaseExecutor.java:433)
	at com.kms.katalon.core.main.TestCaseExecutor.processExecutionPhase(TestCaseExecutor.java:412)
	at com.kms.katalon.core.main.TestCaseExecutor.accessMainPhase(TestCaseExecutor.java:404)
	at com.kms.katalon.core.main.TestCaseExecutor.execute(TestCaseExecutor.java:281)
	at com.kms.katalon.core.main.TestCaseExecutor.execute(TestCaseExecutor.java:363)
	at com.kms.katalon.core.main.TestCaseExecutor.execute(TestCaseExecutor.java:363)
	at com.kms.katalon.core.main.TestCaseExecutor.execute(TestCaseExecutor.java:363)
	at com.kms.katalon.core.main.TestSuiteExecutor.accessTestCaseMainPhase(TestSuiteExecutor.java:202)
	at com.kms.katalon.core.main.TestSuiteExecutor.accessTestSuiteMainPhase(TestSuiteExecutor.java:164)
	at com.kms.katalon.core.main.TestSuiteExecutor.execute(TestSuiteExecutor.java:105)
	at com.kms.katalon.core.main.TestCaseMain.startTestSuite(TestCaseMain.java:181)
	at com.kms.katalon.core.main.TestCaseMain$startTestSuite$0.call(Unknown Source)
	at TempTestSuite1641983315460.run(TempTestSuite1641983315460.groovy:36)
Caused by: com.kms.katalon.core.webui.exception.WebElementNotFoundException: Web element with id: 'Object Repository/Page_Chn ngy thi/input__answer' located by '//input[@id='choice_2']' not found
	at com.kms.katalon.core.webui.common.WebUiCommonHelper.findWebElement(WebUiCommonHelper.java:1368)
	at com.kms.katalon.core.webui.keyword.internal.WebUIAbstractKeyword.findWebElement(WebUIAbstractKeyword.groovy:27)
	at com.kms.katalon.core.webui.keyword.builtin.ClickKeyword$_click_closure1.doCall(ClickKeyword.groovy:65)
	at com.kms.katalon.core.webui.keyword.builtin.ClickKeyword$_click_closure1.call(ClickKeyword.groovy)
	at com.kms.katalon.core.webui.keyword.internal.WebUIKeywordMain.runKeyword(WebUIKeywordMain.groovy:20)
	... 22 more


2022-01-12 17:32:27 - [TEST_STEP][PASSED] - openBrowser(""): Browser is opened with url: ''

2022-01-12 17:32:27 - [MESSAGE][WARNING] - A browser is already opened. Closing browser and opening a new one

2022-01-12 17:32:28 - [MESSAGE][INFO] - Starting 'Chrome' driver

2022-01-12 17:32:28 - [MESSAGE][INFO] - User set preference: ['args', '[window-size=1300,900]']

2022-01-12 17:32:28 - [MESSAGE][INFO] - Action delay is set to 0 milliseconds

2022-01-12 17:32:29 - [MESSAGE][PASSED] - Browser is opened with url: ''

2022-01-12 17:32:29 - [TEST_STEP][PASSED] - navigateToUrl("http://localhost:8080/moodle/"): Navigate to 'http://localhost:8080/moodle/' successfully

2022-01-12 17:32:30 - [MESSAGE][PASSED] - Navigate to 'http://localhost:8080/moodle/' successfully

2022-01-12 17:32:30 - [TEST_STEP][PASSED] - click(findTestObject("Object Repository/Page_BCS Moodle/a_Log in")): Object: 'Object Repository/Page_BCS Moodle/a_Log in' is clicked on

2022-01-12 17:32:31 - [MESSAGE][PASSED] - Object: 'Object Repository/Page_BCS Moodle/a_Log in' is clicked on

2022-01-12 17:32:31 - [TEST_STEP][PASSED] - setText(findTestObject("Object Repository/Page_BCS Moodle Log in to the site/input_Username_username"), "hoangvu"): Text 'hoangvu' is set on object 'Object Repository/Page_BCS Moodle Log in to the site/input_Username_username'

2022-01-12 17:32:32 - [MESSAGE][PASSED] - Text 'hoangvu' is set on object 'Object Repository/Page_BCS Moodle Log in to the site/input_Username_username'

2022-01-12 17:32:32 - [TEST_STEP][PASSED] - setEncryptedText(findTestObject("Object Repository/Page_BCS Moodle Log in to the site/input_Password_password"), "p4y+y39Ir5PR9RXlOHjWlj+CAJiYdX4g"): Text ****** has been set on object 'Object Repository/Page_BCS Moodle Log in to the site/input_Password_password'

2022-01-12 17:32:32 - [MESSAGE][PASSED] - Text ****** has been set on object 'Object Repository/Page_BCS Moodle Log in to the site/input_Password_password'

2022-01-12 17:32:32 - [TEST_STEP][PASSED] - click(findTestObject("Object Repository/Page_BCS Moodle Log in to the site/button_Log in")): Object: 'Object Repository/Page_BCS Moodle Log in to the site/button_Log in' is clicked on

2022-01-12 17:32:34 - [MESSAGE][PASSED] - Object: 'Object Repository/Page_BCS Moodle Log in to the site/button_Log in' is clicked on

2022-01-12 17:32:34 - [TEST_STEP][PASSED] - click(findTestObject("Object Repository/Page_Dashboard/span_OOP")): Object: 'Object Repository/Page_Dashboard/span_OOP' is clicked on

2022-01-12 17:32:36 - [MESSAGE][PASSED] - Object: 'Object Repository/Page_Dashboard/span_OOP' is clicked on

2022-01-12 17:32:36 - [TEST_STEP][PASSED] - click(findTestObject("Object Repository/Page_Course Lp trnh hng i tng 19CTT3/span_Chn ngy thi Choice")): Object: 'Object Repository/Page_Course Lp trnh hng i tng 19CTT3/span_Chn ngy thi Choice' is clicked on

2022-01-12 17:32:37 - [MESSAGE][PASSED] - Object: 'Object Repository/Page_Course Lp trnh hng i tng 19CTT3/span_Chn ngy thi Choice' is clicked on

2022-01-12 17:32:37 - [TEST_STEP][FAILED] - click(findTestObject("Object Repository/Page_Chn ngy thi/input__answer")): Unable to click on object 'Object Repository/Page_Chn ngy thi/input__answer' (Root cause: com.kms.katalon.core.exception.StepFailedException: Unable to click on object 'Object Repository/Page_Chn ngy thi/input__answer'
	at com.kms.katalon.core.webui.keyword.internal.WebUIKeywordMain.stepFailed(WebUIKeywordMain.groovy:64)
	at com.kms.katalon.core.webui.keyword.internal.WebUIKeywordMain.runKeyword(WebUIKeywordMain.groovy:26)
	at com.kms.katalon.core.webui.keyword.builtin.ClickKeyword.click(ClickKeyword.groovy:74)
	at com.kms.katalon.core.webui.keyword.builtin.ClickKeyword.execute(ClickKeyword.groovy:40)
	at com.kms.katalon.core.keyword.internal.KeywordExecutor.executeKeywordForPlatform(KeywordExecutor.groovy:74)
	at com.kms.katalon.core.webui.keyword.WebUiBuiltInKeywords.click(WebUiBuiltInKeywords.groovy:620)
	at com.kms.katalon.core.webui.keyword.WebUiBuiltInKeywords$click$1.call(Unknown Source)
	at Student_Multitple Choice.run(Student_Multitple Choice:36)
	at com.kms.katalon.core.main.ScriptEngine.run(ScriptEngine.java:194)
	at com.kms.katalon.core.main.ScriptEngine.runScriptAsRawText(ScriptEngine.java:119)
	at com.kms.katalon.core.main.TestCaseExecutor.runScript(TestCaseExecutor.java:442)
	at com.kms.katalon.core.main.TestCaseExecutor.doExecute(TestCaseExecutor.java:433)
	at com.kms.katalon.core.main.TestCaseExecutor.processExecutionPhase(TestCaseExecutor.java:412)
	at com.kms.katalon.core.main.TestCaseExecutor.accessMainPhase(TestCaseExecutor.java:404)
	at com.kms.katalon.core.main.TestCaseExecutor.execute(TestCaseExecutor.java:281)
	at com.kms.katalon.core.main.TestCaseExecutor.execute(TestCaseExecutor.java:363)
	at com.kms.katalon.core.main.TestCaseExecutor.execute(TestCaseExecutor.java:363)
	at com.kms.katalon.core.main.TestCaseExecutor.execute(TestCaseExecutor.java:363)
	at com.kms.katalon.core.main.TestSuiteExecutor.accessTestCaseMainPhase(TestSuiteExecutor.java:202)
	at com.kms.katalon.core.main.TestSuiteExecutor.accessTestSuiteMainPhase(TestSuiteExecutor.java:164)
	at com.kms.katalon.core.main.TestSuiteExecutor.execute(TestSuiteExecutor.java:105)
	at com.kms.katalon.core.main.TestCaseMain.startTestSuite(TestCaseMain.java:181)
	at com.kms.katalon.core.main.TestCaseMain$startTestSuite$0.call(Unknown Source)
	at TempTestSuite1641983315460.run(TempTestSuite1641983315460.groovy:36)
Caused by: com.kms.katalon.core.webui.exception.WebElementNotFoundException: Web element with id: 'Object Repository/Page_Chn ngy thi/input__answer' located by '//input[@id='choice_2']' not found
	at com.kms.katalon.core.webui.common.WebUiCommonHelper.findWebElement(WebUiCommonHelper.java:1368)
	at com.kms.katalon.core.webui.keyword.internal.WebUIAbstractKeyword.findWebElement(WebUIAbstractKeyword.groovy:27)
	at com.kms.katalon.core.webui.keyword.builtin.ClickKeyword$_click_closure1.doCall(ClickKeyword.groovy:65)
	at com.kms.katalon.core.webui.keyword.builtin.ClickKeyword$_click_closure1.call(ClickKeyword.groovy)
	at com.kms.katalon.core.webui.keyword.internal.WebUIKeywordMain.runKeyword(WebUIKeywordMain.groovy:20)
	at com.kms.katalon.core.webui.keyword.builtin.ClickKeyword.click(ClickKeyword.groovy:74)
	at com.kms.katalon.core.webui.keyword.builtin.ClickKeyword.execute(ClickKeyword.groovy:40)
	at com.kms.katalon.core.keyword.internal.KeywordExecutor.executeKeywordForPlatform(KeywordExecutor.groovy:74)
	at com.kms.katalon.core.webui.keyword.WebUiBuiltInKeywords.click(WebUiBuiltInKeywords.groovy:620)
	at com.kms.katalon.core.webui.keyword.WebUiBuiltInKeywords$click$1.call(Unknown Source)
	at Script1641453792669.run(Script1641453792669.groovy:36)
	... 16 more
)

2022-01-12 17:33:09 - [MESSAGE][INFO] - Unable to find the element located by 'By.xpath: //input[@id='choice_2']'. Please recheck the objects properties to make sure the desired element is located. 

2022-01-12 17:33:09 - [MESSAGE][WARNING] - [SELF-HEALING] Failed to find element with id 'Object Repository/Page_Chn ngy thi/input__answer'. Try using Self-healing.

2022-01-12 17:33:09 - [MESSAGE][INFO] - [SELF-HEALING] Failed Locator: '//input[@id='choice_2']'.

2022-01-12 17:33:09 - [MESSAGE][INFO] - [SELF-HEALING] Failed Locator: '//section[@id='region-main']/div/form/ul/li[2]/input'.

2022-01-12 17:33:09 - [MESSAGE][INFO] - [SELF-HEALING] Failed Locator: '//li[2]/input'.

2022-01-12 17:33:10 - [MESSAGE][INFO] - [SELF-HEALING] Failed Locator: '//input[@id='choice_2']'.

2022-01-12 17:33:10 - [MESSAGE][INFO] - [SELF-HEALING] Failed Locator: '//section[@id='region-main']/div/form/ul/li[2]/input'.

2022-01-12 17:33:10 - [MESSAGE][INFO] - [SELF-HEALING] Failed Locator: '//li[2]/input'.

2022-01-12 17:33:11 - [MESSAGE][INFO] - Unable to find the element located by 'By.xpath: //*[@name = 'answer[]' and @type = 'checkbox' and @id = 'choice_2']'. Please recheck the objects properties to make sure the desired element is located. 

2022-01-12 17:33:13 - [MESSAGE][INFO] - Unable to find the element located by 'By.cssSelector: #choice_2'. Please recheck the objects properties to make sure the desired element is located. 

2022-01-12 17:33:13 - [MESSAGE][FAILED] - Unable to click on object 'Object Repository/Page_Chn ngy thi/input__answer' (Root cause: com.kms.katalon.core.exception.StepFailedException: Unable to click on object 'Object Repository/Page_Chn ngy thi/input__answer'
	at com.kms.katalon.core.webui.keyword.internal.WebUIKeywordMain.stepFailed(WebUIKeywordMain.groovy:64)
	at com.kms.katalon.core.webui.keyword.internal.WebUIKeywordMain.runKeyword(WebUIKeywordMain.groovy:26)
	at com.kms.katalon.core.webui.keyword.builtin.ClickKeyword.click(ClickKeyword.groovy:74)
	at com.kms.katalon.core.webui.keyword.builtin.ClickKeyword.execute(ClickKeyword.groovy:40)
	at com.kms.katalon.core.keyword.internal.KeywordExecutor.executeKeywordForPlatform(KeywordExecutor.groovy:74)
	at com.kms.katalon.core.webui.keyword.WebUiBuiltInKeywords.click(WebUiBuiltInKeywords.groovy:620)
	at com.kms.katalon.core.webui.keyword.WebUiBuiltInKeywords$click$1.call(Unknown Source)
	at Student_Multitple Choice.run(Student_Multitple Choice:36)
	at com.kms.katalon.core.main.ScriptEngine.run(ScriptEngine.java:194)
	at com.kms.katalon.core.main.ScriptEngine.runScriptAsRawText(ScriptEngine.java:119)
	at com.kms.katalon.core.main.TestCaseExecutor.runScript(TestCaseExecutor.java:442)
	at com.kms.katalon.core.main.TestCaseExecutor.doExecute(TestCaseExecutor.java:433)
	at com.kms.katalon.core.main.TestCaseExecutor.processExecutionPhase(TestCaseExecutor.java:412)
	at com.kms.katalon.core.main.TestCaseExecutor.accessMainPhase(TestCaseExecutor.java:404)
	at com.kms.katalon.core.main.TestCaseExecutor.execute(TestCaseExecutor.java:281)
	at com.kms.katalon.core.main.TestCaseExecutor.execute(TestCaseExecutor.java:363)
	at com.kms.katalon.core.main.TestCaseExecutor.execute(TestCaseExecutor.java:363)
	at com.kms.katalon.core.main.TestCaseExecutor.execute(TestCaseExecutor.java:363)
	at com.kms.katalon.core.main.TestSuiteExecutor.accessTestCaseMainPhase(TestSuiteExecutor.java:202)
	at com.kms.katalon.core.main.TestSuiteExecutor.accessTestSuiteMainPhase(TestSuiteExecutor.java:164)
	at com.kms.katalon.core.main.TestSuiteExecutor.execute(TestSuiteExecutor.java:105)
	at com.kms.katalon.core.main.TestCaseMain.startTestSuite(TestCaseMain.java:181)
	at com.kms.katalon.core.main.TestCaseMain$startTestSuite$0.call(Unknown Source)
	at TempTestSuite1641983315460.run(TempTestSuite1641983315460.groovy:36)
Caused by: com.kms.katalon.core.webui.exception.WebElementNotFoundException: Web element with id: 'Object Repository/Page_Chn ngy thi/input__answer' located by '//input[@id='choice_2']' not found
	at com.kms.katalon.core.webui.common.WebUiCommonHelper.findWebElement(WebUiCommonHelper.java:1368)
	at com.kms.katalon.core.webui.keyword.internal.WebUIAbstractKeyword.findWebElement(WebUIAbstractKeyword.groovy:27)
	at com.kms.katalon.core.webui.keyword.builtin.ClickKeyword$_click_closure1.doCall(ClickKeyword.groovy:65)
	at com.kms.katalon.core.webui.keyword.builtin.ClickKeyword$_click_closure1.call(ClickKeyword.groovy)
	at com.kms.katalon.core.webui.keyword.internal.WebUIKeywordMain.runKeyword(WebUIKeywordMain.groovy:20)
	at com.kms.katalon.core.webui.keyword.builtin.ClickKeyword.click(ClickKeyword.groovy:74)
	at com.kms.katalon.core.webui.keyword.builtin.ClickKeyword.execute(ClickKeyword.groovy:40)
	at com.kms.katalon.core.keyword.internal.KeywordExecutor.executeKeywordForPlatform(KeywordExecutor.groovy:74)
	at com.kms.katalon.core.webui.keyword.WebUiBuiltInKeywords.click(WebUiBuiltInKeywords.groovy:620)
	at com.kms.katalon.core.webui.keyword.WebUiBuiltInKeywords$click$1.call(Unknown Source)
	at Script1641453792669.run(Script1641453792669.groovy:36)
	... 16 more
)
[[ATTACHMENT|C:\\Users\\Admin\\Desktop\\Katalon_TestProject\\TestAutomation_Katalon-Test-Project\\Reports\\20220112_172835\\Run all test cases\\20220112_172835\\1641983593003.png]]]]></system-out>
         <system-err><![CDATA[2022-01-12 17:32:27 - [TEST_CASE][FAILED] - Test Cases/Student/Student_Choice/Student_Multitple Choice: Test Cases/Student/Student_Choice/Student_Multitple Choice FAILED.
Reason:
com.kms.katalon.core.exception.StepFailedException: Unable to click on object 'Object Repository/Page_Chn ngy thi/input__answer'
	at com.kms.katalon.core.webui.keyword.internal.WebUIKeywordMain.stepFailed(WebUIKeywordMain.groovy:64)
	at com.kms.katalon.core.webui.keyword.internal.WebUIKeywordMain.runKeyword(WebUIKeywordMain.groovy:26)
	at com.kms.katalon.core.webui.keyword.builtin.ClickKeyword.click(ClickKeyword.groovy:74)
	at com.kms.katalon.core.webui.keyword.builtin.ClickKeyword.execute(ClickKeyword.groovy:40)
	at com.kms.katalon.core.keyword.internal.KeywordExecutor.executeKeywordForPlatform(KeywordExecutor.groovy:74)
	at com.kms.katalon.core.webui.keyword.WebUiBuiltInKeywords.click(WebUiBuiltInKeywords.groovy:620)
	at com.kms.katalon.core.webui.keyword.WebUiBuiltInKeywords$click$1.call(Unknown Source)
	at Student_Multitple Choice.run(Student_Multitple Choice:36)
	at com.kms.katalon.core.main.ScriptEngine.run(ScriptEngine.java:194)
	at com.kms.katalon.core.main.ScriptEngine.runScriptAsRawText(ScriptEngine.java:119)
	at com.kms.katalon.core.main.TestCaseExecutor.runScript(TestCaseExecutor.java:442)
	at com.kms.katalon.core.main.TestCaseExecutor.doExecute(TestCaseExecutor.java:433)
	at com.kms.katalon.core.main.TestCaseExecutor.processExecutionPhase(TestCaseExecutor.java:412)
	at com.kms.katalon.core.main.TestCaseExecutor.accessMainPhase(TestCaseExecutor.java:404)
	at com.kms.katalon.core.main.TestCaseExecutor.execute(TestCaseExecutor.java:281)
	at com.kms.katalon.core.main.TestCaseExecutor.execute(TestCaseExecutor.java:363)
	at com.kms.katalon.core.main.TestCaseExecutor.execute(TestCaseExecutor.java:363)
	at com.kms.katalon.core.main.TestCaseExecutor.execute(TestCaseExecutor.java:363)
	at com.kms.katalon.core.main.TestSuiteExecutor.accessTestCaseMainPhase(TestSuiteExecutor.java:202)
	at com.kms.katalon.core.main.TestSuiteExecutor.accessTestSuiteMainPhase(TestSuiteExecutor.java:164)
	at com.kms.katalon.core.main.TestSuiteExecutor.execute(TestSuiteExecutor.java:105)
	at com.kms.katalon.core.main.TestCaseMain.startTestSuite(TestCaseMain.java:181)
	at com.kms.katalon.core.main.TestCaseMain$startTestSuite$0.call(Unknown Source)
	at TempTestSuite1641983315460.run(TempTestSuite1641983315460.groovy:36)
Caused by: com.kms.katalon.core.webui.exception.WebElementNotFoundException: Web element with id: 'Object Repository/Page_Chn ngy thi/input__answer' located by '//input[@id='choice_2']' not found
	at com.kms.katalon.core.webui.common.WebUiCommonHelper.findWebElement(WebUiCommonHelper.java:1368)
	at com.kms.katalon.core.webui.keyword.internal.WebUIAbstractKeyword.findWebElement(WebUIAbstractKeyword.groovy:27)
	at com.kms.katalon.core.webui.keyword.builtin.ClickKeyword$_click_closure1.doCall(ClickKeyword.groovy:65)
	at com.kms.katalon.core.webui.keyword.builtin.ClickKeyword$_click_closure1.call(ClickKeyword.groovy)
	at com.kms.katalon.core.webui.keyword.internal.WebUIKeywordMain.runKeyword(WebUIKeywordMain.groovy:20)
	... 22 more]]></system-err>
      </testcase>
      <testcase name="Test Cases/Student/Student_Choice/Student_Single Choice" time="46.203" classname="Test Cases/Student/Student_Choice/Student_Single Choice" status="FAILED">
         <failure type="FAILED" message="Test Cases/Student/Student_Choice/Student_Single Choice FAILED.
Reason:
com.kms.katalon.core.exception.StepFailedException: Unable to click on object 'Object Repository/Page_Chn 1 bui hc b/input__answer (1)'
	at com.kms.katalon.core.webui.keyword.internal.WebUIKeywordMain.stepFailed(WebUIKeywordMain.groovy:64)
	at com.kms.katalon.core.webui.keyword.internal.WebUIKeywordMain.runKeyword(WebUIKeywordMain.groovy:26)
	at com.kms.katalon.core.webui.keyword.builtin.ClickKeyword.click(ClickKeyword.groovy:74)
	at com.kms.katalon.core.webui.keyword.builtin.ClickKeyword.execute(ClickKeyword.groovy:40)
	at com.kms.katalon.core.keyword.internal.KeywordExecutor.executeKeywordForPlatform(KeywordExecutor.groovy:74)
	at com.kms.katalon.core.webui.keyword.WebUiBuiltInKeywords.click(WebUiBuiltInKeywords.groovy:620)
	at com.kms.katalon.core.webui.keyword.WebUiBuiltInKeywords$click$1.call(Unknown Source)
	at Student_Single Choice.run(Student_Single Choice:38)
	at com.kms.katalon.core.main.ScriptEngine.run(ScriptEngine.java:194)
	at com.kms.katalon.core.main.ScriptEngine.runScriptAsRawText(ScriptEngine.java:119)
	at com.kms.katalon.core.main.TestCaseExecutor.runScript(TestCaseExecutor.java:442)
	at com.kms.katalon.core.main.TestCaseExecutor.doExecute(TestCaseExecutor.java:433)
	at com.kms.katalon.core.main.TestCaseExecutor.processExecutionPhase(TestCaseExecutor.java:412)
	at com.kms.katalon.core.main.TestCaseExecutor.accessMainPhase(TestCaseExecutor.java:404)
	at com.kms.katalon.core.main.TestCaseExecutor.execute(TestCaseExecutor.java:281)
	at com.kms.katalon.core.main.TestCaseExecutor.execute(TestCaseExecutor.java:363)
	at com.kms.katalon.core.main.TestCaseExecutor.execute(TestCaseExecutor.java:363)
	at com.kms.katalon.core.main.TestCaseExecutor.execute(TestCaseExecutor.java:363)
	at com.kms.katalon.core.main.TestSuiteExecutor.accessTestCaseMainPhase(TestSuiteExecutor.java:202)
	at com.kms.katalon.core.main.TestSuiteExecutor.accessTestSuiteMainPhase(TestSuiteExecutor.java:164)
	at com.kms.katalon.core.main.TestSuiteExecutor.execute(TestSuiteExecutor.java:105)
	at com.kms.katalon.core.main.TestCaseMain.startTestSuite(TestCaseMain.java:181)
	at com.kms.katalon.core.main.TestCaseMain$startTestSuite$0.call(Unknown Source)
	at TempTestSuite1641983315460.run(TempTestSuite1641983315460.groovy:36)
Caused by: com.kms.katalon.core.webui.exception.WebElementNotFoundException: Web element with id: 'Object Repository/Page_Chn 1 bui hc b/input__answer (1)' located by '//input[@id='choice_2']' not found
	at com.kms.katalon.core.webui.common.WebUiCommonHelper.findWebElement(WebUiCommonHelper.java:1368)
	at com.kms.katalon.core.webui.keyword.internal.WebUIAbstractKeyword.findWebElement(WebUIAbstractKeyword.groovy:27)
	at com.kms.katalon.core.webui.keyword.builtin.ClickKeyword$_click_closure1.doCall(ClickKeyword.groovy:65)
	at com.kms.katalon.core.webui.keyword.builtin.ClickKeyword$_click_closure1.call(ClickKeyword.groovy)
	at com.kms.katalon.core.webui.keyword.internal.WebUIKeywordMain.runKeyword(WebUIKeywordMain.groovy:20)
	... 22 more
"/>
         <system-out><![CDATA[2022-01-12 17:34:59 - [TEST_CASE][FAILED] - Test Cases/Student/Student_Choice/Student_Single Choice: Test Cases/Student/Student_Choice/Student_Single Choice FAILED.
Reason:
com.kms.katalon.core.exception.StepFailedException: Unable to click on object 'Object Repository/Page_Chn 1 bui hc b/input__answer (1)'
	at com.kms.katalon.core.webui.keyword.internal.WebUIKeywordMain.stepFailed(WebUIKeywordMain.groovy:64)
	at com.kms.katalon.core.webui.keyword.internal.WebUIKeywordMain.runKeyword(WebUIKeywordMain.groovy:26)
	at com.kms.katalon.core.webui.keyword.builtin.ClickKeyword.click(ClickKeyword.groovy:74)
	at com.kms.katalon.core.webui.keyword.builtin.ClickKeyword.execute(ClickKeyword.groovy:40)
	at com.kms.katalon.core.keyword.internal.KeywordExecutor.executeKeywordForPlatform(KeywordExecutor.groovy:74)
	at com.kms.katalon.core.webui.keyword.WebUiBuiltInKeywords.click(WebUiBuiltInKeywords.groovy:620)
	at com.kms.katalon.core.webui.keyword.WebUiBuiltInKeywords$click$1.call(Unknown Source)
	at Student_Single Choice.run(Student_Single Choice:38)
	at com.kms.katalon.core.main.ScriptEngine.run(ScriptEngine.java:194)
	at com.kms.katalon.core.main.ScriptEngine.runScriptAsRawText(ScriptEngine.java:119)
	at com.kms.katalon.core.main.TestCaseExecutor.runScript(TestCaseExecutor.java:442)
	at com.kms.katalon.core.main.TestCaseExecutor.doExecute(TestCaseExecutor.java:433)
	at com.kms.katalon.core.main.TestCaseExecutor.processExecutionPhase(TestCaseExecutor.java:412)
	at com.kms.katalon.core.main.TestCaseExecutor.accessMainPhase(TestCaseExecutor.java:404)
	at com.kms.katalon.core.main.TestCaseExecutor.execute(TestCaseExecutor.java:281)
	at com.kms.katalon.core.main.TestCaseExecutor.execute(TestCaseExecutor.java:363)
	at com.kms.katalon.core.main.TestCaseExecutor.execute(TestCaseExecutor.java:363)
	at com.kms.katalon.core.main.TestCaseExecutor.execute(TestCaseExecutor.java:363)
	at com.kms.katalon.core.main.TestSuiteExecutor.accessTestCaseMainPhase(TestSuiteExecutor.java:202)
	at com.kms.katalon.core.main.TestSuiteExecutor.accessTestSuiteMainPhase(TestSuiteExecutor.java:164)
	at com.kms.katalon.core.main.TestSuiteExecutor.execute(TestSuiteExecutor.java:105)
	at com.kms.katalon.core.main.TestCaseMain.startTestSuite(TestCaseMain.java:181)
	at com.kms.katalon.core.main.TestCaseMain$startTestSuite$0.call(Unknown Source)
	at TempTestSuite1641983315460.run(TempTestSuite1641983315460.groovy:36)
Caused by: com.kms.katalon.core.webui.exception.WebElementNotFoundException: Web element with id: 'Object Repository/Page_Chn 1 bui hc b/input__answer (1)' located by '//input[@id='choice_2']' not found
	at com.kms.katalon.core.webui.common.WebUiCommonHelper.findWebElement(WebUiCommonHelper.java:1368)
	at com.kms.katalon.core.webui.keyword.internal.WebUIAbstractKeyword.findWebElement(WebUIAbstractKeyword.groovy:27)
	at com.kms.katalon.core.webui.keyword.builtin.ClickKeyword$_click_closure1.doCall(ClickKeyword.groovy:65)
	at com.kms.katalon.core.webui.keyword.builtin.ClickKeyword$_click_closure1.call(ClickKeyword.groovy)
	at com.kms.katalon.core.webui.keyword.internal.WebUIKeywordMain.runKeyword(WebUIKeywordMain.groovy:20)
	... 22 more


2022-01-12 17:34:59 - [TEST_STEP][PASSED] - openBrowser(""): Browser is opened with url: ''

2022-01-12 17:34:59 - [MESSAGE][WARNING] - A browser is already opened. Closing browser and opening a new one

2022-01-12 17:35:00 - [MESSAGE][INFO] - Starting 'Chrome' driver

2022-01-12 17:35:00 - [MESSAGE][INFO] - User set preference: ['args', '[window-size=1300,900]']

2022-01-12 17:35:00 - [MESSAGE][INFO] - Action delay is set to 0 milliseconds

2022-01-12 17:35:01 - [MESSAGE][PASSED] - Browser is opened with url: ''

2022-01-12 17:35:01 - [TEST_STEP][PASSED] - navigateToUrl("http://localhost:8080/moodle/"): Navigate to 'http://localhost:8080/moodle/' successfully

2022-01-12 17:35:01 - [MESSAGE][PASSED] - Navigate to 'http://localhost:8080/moodle/' successfully

2022-01-12 17:35:01 - [TEST_STEP][PASSED] - click(findTestObject("Object Repository/Page_BCS Moodle/a_Log in")): Object: 'Object Repository/Page_BCS Moodle/a_Log in' is clicked on

2022-01-12 17:35:02 - [MESSAGE][PASSED] - Object: 'Object Repository/Page_BCS Moodle/a_Log in' is clicked on

2022-01-12 17:35:02 - [TEST_STEP][PASSED] - click(findTestObject("Object Repository/Page_BCS Moodle Log in to the site/form_document.getElementById(anchor).value _70e5d4")): Object: 'Object Repository/Page_BCS Moodle Log in to the site/form_document.getElementById(anchor).value _70e5d4' is clicked on

2022-01-12 17:35:03 - [MESSAGE][PASSED] - Object: 'Object Repository/Page_BCS Moodle Log in to the site/form_document.getElementById(anchor).value _70e5d4' is clicked on

2022-01-12 17:35:03 - [TEST_STEP][PASSED] - setText(findTestObject("Object Repository/Page_BCS Moodle Log in to the site/input_Username_username"), "hoangvu"): Text 'hoangvu' is set on object 'Object Repository/Page_BCS Moodle Log in to the site/input_Username_username'

2022-01-12 17:35:04 - [MESSAGE][PASSED] - Text 'hoangvu' is set on object 'Object Repository/Page_BCS Moodle Log in to the site/input_Username_username'

2022-01-12 17:35:04 - [TEST_STEP][PASSED] - setEncryptedText(findTestObject("Object Repository/Page_BCS Moodle Log in to the site/input_Password_password"), "p4y+y39Ir5PR9RXlOHjWlj+CAJiYdX4g"): Text ****** has been set on object 'Object Repository/Page_BCS Moodle Log in to the site/input_Password_password'

2022-01-12 17:35:04 - [MESSAGE][PASSED] - Text ****** has been set on object 'Object Repository/Page_BCS Moodle Log in to the site/input_Password_password'

2022-01-12 17:35:04 - [TEST_STEP][PASSED] - click(findTestObject("Object Repository/Page_BCS Moodle Log in to the site/button_Log in")): Object: 'Object Repository/Page_BCS Moodle Log in to the site/button_Log in' is clicked on

2022-01-12 17:35:06 - [MESSAGE][PASSED] - Object: 'Object Repository/Page_BCS Moodle Log in to the site/button_Log in' is clicked on

2022-01-12 17:35:06 - [TEST_STEP][PASSED] - click(findTestObject("Object Repository/Page_Dashboard/span_OOP")): Object: 'Object Repository/Page_Dashboard/span_OOP' is clicked on

2022-01-12 17:35:08 - [MESSAGE][PASSED] - Object: 'Object Repository/Page_Dashboard/span_OOP' is clicked on

2022-01-12 17:35:08 - [TEST_STEP][PASSED] - click(findTestObject("Object Repository/Page_Course Lp trnh hng i tng 19CTT3/span_Chn 1 bui hc b Choice")): Object: 'Object Repository/Page_Course Lp trnh hng i tng 19CTT3/span_Chn 1 bui hc b Choice' is clicked on

2022-01-12 17:35:10 - [MESSAGE][PASSED] - Object: 'Object Repository/Page_Course Lp trnh hng i tng 19CTT3/span_Chn 1 bui hc b Choice' is clicked on

2022-01-12 17:35:10 - [TEST_STEP][FAILED] - click(findTestObject("Object Repository/Page_Chn 1 bui hc b/input__answer (1)")): Unable to click on object 'Object Repository/Page_Chn 1 bui hc b/input__answer (1)' (Root cause: com.kms.katalon.core.exception.StepFailedException: Unable to click on object 'Object Repository/Page_Chn 1 bui hc b/input__answer (1)'
	at com.kms.katalon.core.webui.keyword.internal.WebUIKeywordMain.stepFailed(WebUIKeywordMain.groovy:64)
	at com.kms.katalon.core.webui.keyword.internal.WebUIKeywordMain.runKeyword(WebUIKeywordMain.groovy:26)
	at com.kms.katalon.core.webui.keyword.builtin.ClickKeyword.click(ClickKeyword.groovy:74)
	at com.kms.katalon.core.webui.keyword.builtin.ClickKeyword.execute(ClickKeyword.groovy:40)
	at com.kms.katalon.core.keyword.internal.KeywordExecutor.executeKeywordForPlatform(KeywordExecutor.groovy:74)
	at com.kms.katalon.core.webui.keyword.WebUiBuiltInKeywords.click(WebUiBuiltInKeywords.groovy:620)
	at com.kms.katalon.core.webui.keyword.WebUiBuiltInKeywords$click$1.call(Unknown Source)
	at Student_Single Choice.run(Student_Single Choice:38)
	at com.kms.katalon.core.main.ScriptEngine.run(ScriptEngine.java:194)
	at com.kms.katalon.core.main.ScriptEngine.runScriptAsRawText(ScriptEngine.java:119)
	at com.kms.katalon.core.main.TestCaseExecutor.runScript(TestCaseExecutor.java:442)
	at com.kms.katalon.core.main.TestCaseExecutor.doExecute(TestCaseExecutor.java:433)
	at com.kms.katalon.core.main.TestCaseExecutor.processExecutionPhase(TestCaseExecutor.java:412)
	at com.kms.katalon.core.main.TestCaseExecutor.accessMainPhase(TestCaseExecutor.java:404)
	at com.kms.katalon.core.main.TestCaseExecutor.execute(TestCaseExecutor.java:281)
	at com.kms.katalon.core.main.TestCaseExecutor.execute(TestCaseExecutor.java:363)
	at com.kms.katalon.core.main.TestCaseExecutor.execute(TestCaseExecutor.java:363)
	at com.kms.katalon.core.main.TestCaseExecutor.execute(TestCaseExecutor.java:363)
	at com.kms.katalon.core.main.TestSuiteExecutor.accessTestCaseMainPhase(TestSuiteExecutor.java:202)
	at com.kms.katalon.core.main.TestSuiteExecutor.accessTestSuiteMainPhase(TestSuiteExecutor.java:164)
	at com.kms.katalon.core.main.TestSuiteExecutor.execute(TestSuiteExecutor.java:105)
	at com.kms.katalon.core.main.TestCaseMain.startTestSuite(TestCaseMain.java:181)
	at com.kms.katalon.core.main.TestCaseMain$startTestSuite$0.call(Unknown Source)
	at TempTestSuite1641983315460.run(TempTestSuite1641983315460.groovy:36)
Caused by: com.kms.katalon.core.webui.exception.WebElementNotFoundException: Web element with id: 'Object Repository/Page_Chn 1 bui hc b/input__answer (1)' located by '//input[@id='choice_2']' not found
	at com.kms.katalon.core.webui.common.WebUiCommonHelper.findWebElement(WebUiCommonHelper.java:1368)
	at com.kms.katalon.core.webui.keyword.internal.WebUIAbstractKeyword.findWebElement(WebUIAbstractKeyword.groovy:27)
	at com.kms.katalon.core.webui.keyword.builtin.ClickKeyword$_click_closure1.doCall(ClickKeyword.groovy:65)
	at com.kms.katalon.core.webui.keyword.builtin.ClickKeyword$_click_closure1.call(ClickKeyword.groovy)
	at com.kms.katalon.core.webui.keyword.internal.WebUIKeywordMain.runKeyword(WebUIKeywordMain.groovy:20)
	at com.kms.katalon.core.webui.keyword.builtin.ClickKeyword.click(ClickKeyword.groovy:74)
	at com.kms.katalon.core.webui.keyword.builtin.ClickKeyword.execute(ClickKeyword.groovy:40)
	at com.kms.katalon.core.keyword.internal.KeywordExecutor.executeKeywordForPlatform(KeywordExecutor.groovy:74)
	at com.kms.katalon.core.webui.keyword.WebUiBuiltInKeywords.click(WebUiBuiltInKeywords.groovy:620)
	at com.kms.katalon.core.webui.keyword.WebUiBuiltInKeywords$click$1.call(Unknown Source)
	at Script1641453783776.run(Script1641453783776.groovy:38)
	... 16 more
)

2022-01-12 17:35:41 - [MESSAGE][INFO] - Unable to find the element located by 'By.xpath: //input[@id='choice_2']'. Please recheck the objects properties to make sure the desired element is located. 

2022-01-12 17:35:41 - [MESSAGE][WARNING] - [SELF-HEALING] Failed to find element with id 'Object Repository/Page_Chn 1 bui hc b/input__answer (1)'. Try using Self-healing.

2022-01-12 17:35:41 - [MESSAGE][INFO] - [SELF-HEALING] Failed Locator: '//input[@id='choice_2']'.

2022-01-12 17:35:42 - [MESSAGE][INFO] - [SELF-HEALING] Failed Locator: '//section[@id='region-main']/div/form/ul/li[2]/input'.

2022-01-12 17:35:42 - [MESSAGE][INFO] - [SELF-HEALING] Failed Locator: '//li[2]/input'.

2022-01-12 17:35:42 - [MESSAGE][INFO] - [SELF-HEALING] Failed Locator: '//input[@id='choice_2']'.

2022-01-12 17:35:42 - [MESSAGE][INFO] - [SELF-HEALING] Failed Locator: '//section[@id='region-main']/div/form/ul/li[2]/input'.

2022-01-12 17:35:43 - [MESSAGE][INFO] - [SELF-HEALING] Failed Locator: '//li[2]/input'.

2022-01-12 17:35:44 - [MESSAGE][INFO] - Unable to find the element located by 'By.xpath: //*[@name = 'answer' and @type = 'radio' and @id = 'choice_2']'. Please recheck the objects properties to make sure the desired element is located. 

2022-01-12 17:35:45 - [MESSAGE][INFO] - Unable to find the element located by 'By.cssSelector: #choice_2'. Please recheck the objects properties to make sure the desired element is located. 

2022-01-12 17:35:45 - [MESSAGE][FAILED] - Unable to click on object 'Object Repository/Page_Chn 1 bui hc b/input__answer (1)' (Root cause: com.kms.katalon.core.exception.StepFailedException: Unable to click on object 'Object Repository/Page_Chn 1 bui hc b/input__answer (1)'
	at com.kms.katalon.core.webui.keyword.internal.WebUIKeywordMain.stepFailed(WebUIKeywordMain.groovy:64)
	at com.kms.katalon.core.webui.keyword.internal.WebUIKeywordMain.runKeyword(WebUIKeywordMain.groovy:26)
	at com.kms.katalon.core.webui.keyword.builtin.ClickKeyword.click(ClickKeyword.groovy:74)
	at com.kms.katalon.core.webui.keyword.builtin.ClickKeyword.execute(ClickKeyword.groovy:40)
	at com.kms.katalon.core.keyword.internal.KeywordExecutor.executeKeywordForPlatform(KeywordExecutor.groovy:74)
	at com.kms.katalon.core.webui.keyword.WebUiBuiltInKeywords.click(WebUiBuiltInKeywords.groovy:620)
	at com.kms.katalon.core.webui.keyword.WebUiBuiltInKeywords$click$1.call(Unknown Source)
	at Student_Single Choice.run(Student_Single Choice:38)
	at com.kms.katalon.core.main.ScriptEngine.run(ScriptEngine.java:194)
	at com.kms.katalon.core.main.ScriptEngine.runScriptAsRawText(ScriptEngine.java:119)
	at com.kms.katalon.core.main.TestCaseExecutor.runScript(TestCaseExecutor.java:442)
	at com.kms.katalon.core.main.TestCaseExecutor.doExecute(TestCaseExecutor.java:433)
	at com.kms.katalon.core.main.TestCaseExecutor.processExecutionPhase(TestCaseExecutor.java:412)
	at com.kms.katalon.core.main.TestCaseExecutor.accessMainPhase(TestCaseExecutor.java:404)
	at com.kms.katalon.core.main.TestCaseExecutor.execute(TestCaseExecutor.java:281)
	at com.kms.katalon.core.main.TestCaseExecutor.execute(TestCaseExecutor.java:363)
	at com.kms.katalon.core.main.TestCaseExecutor.execute(TestCaseExecutor.java:363)
	at com.kms.katalon.core.main.TestCaseExecutor.execute(TestCaseExecutor.java:363)
	at com.kms.katalon.core.main.TestSuiteExecutor.accessTestCaseMainPhase(TestSuiteExecutor.java:202)
	at com.kms.katalon.core.main.TestSuiteExecutor.accessTestSuiteMainPhase(TestSuiteExecutor.java:164)
	at com.kms.katalon.core.main.TestSuiteExecutor.execute(TestSuiteExecutor.java:105)
	at com.kms.katalon.core.main.TestCaseMain.startTestSuite(TestCaseMain.java:181)
	at com.kms.katalon.core.main.TestCaseMain$startTestSuite$0.call(Unknown Source)
	at TempTestSuite1641983315460.run(TempTestSuite1641983315460.groovy:36)
Caused by: com.kms.katalon.core.webui.exception.WebElementNotFoundException: Web element with id: 'Object Repository/Page_Chn 1 bui hc b/input__answer (1)' located by '//input[@id='choice_2']' not found
	at com.kms.katalon.core.webui.common.WebUiCommonHelper.findWebElement(WebUiCommonHelper.java:1368)
	at com.kms.katalon.core.webui.keyword.internal.WebUIAbstractKeyword.findWebElement(WebUIAbstractKeyword.groovy:27)
	at com.kms.katalon.core.webui.keyword.builtin.ClickKeyword$_click_closure1.doCall(ClickKeyword.groovy:65)
	at com.kms.katalon.core.webui.keyword.builtin.ClickKeyword$_click_closure1.call(ClickKeyword.groovy)
	at com.kms.katalon.core.webui.keyword.internal.WebUIKeywordMain.runKeyword(WebUIKeywordMain.groovy:20)
	at com.kms.katalon.core.webui.keyword.builtin.ClickKeyword.click(ClickKeyword.groovy:74)
	at com.kms.katalon.core.webui.keyword.builtin.ClickKeyword.execute(ClickKeyword.groovy:40)
	at com.kms.katalon.core.keyword.internal.KeywordExecutor.executeKeywordForPlatform(KeywordExecutor.groovy:74)
	at com.kms.katalon.core.webui.keyword.WebUiBuiltInKeywords.click(WebUiBuiltInKeywords.groovy:620)
	at com.kms.katalon.core.webui.keyword.WebUiBuiltInKeywords$click$1.call(Unknown Source)
	at Script1641453783776.run(Script1641453783776.groovy:38)
	... 16 more
)
[[ATTACHMENT|C:\\Users\\Admin\\Desktop\\Katalon_TestProject\\TestAutomation_Katalon-Test-Project\\Reports\\20220112_172835\\Run all test cases\\20220112_172835\\1641983745460.png]]]]></system-out>
         <system-err><![CDATA[2022-01-12 17:34:59 - [TEST_CASE][FAILED] - Test Cases/Student/Student_Choice/Student_Single Choice: Test Cases/Student/Student_Choice/Student_Single Choice FAILED.
Reason:
com.kms.katalon.core.exception.StepFailedException: Unable to click on object 'Object Repository/Page_Chn 1 bui hc b/input__answer (1)'
	at com.kms.katalon.core.webui.keyword.internal.WebUIKeywordMain.stepFailed(WebUIKeywordMain.groovy:64)
	at com.kms.katalon.core.webui.keyword.internal.WebUIKeywordMain.runKeyword(WebUIKeywordMain.groovy:26)
	at com.kms.katalon.core.webui.keyword.builtin.ClickKeyword.click(ClickKeyword.groovy:74)
	at com.kms.katalon.core.webui.keyword.builtin.ClickKeyword.execute(ClickKeyword.groovy:40)
	at com.kms.katalon.core.keyword.internal.KeywordExecutor.executeKeywordForPlatform(KeywordExecutor.groovy:74)
	at com.kms.katalon.core.webui.keyword.WebUiBuiltInKeywords.click(WebUiBuiltInKeywords.groovy:620)
	at com.kms.katalon.core.webui.keyword.WebUiBuiltInKeywords$click$1.call(Unknown Source)
	at Student_Single Choice.run(Student_Single Choice:38)
	at com.kms.katalon.core.main.ScriptEngine.run(ScriptEngine.java:194)
	at com.kms.katalon.core.main.ScriptEngine.runScriptAsRawText(ScriptEngine.java:119)
	at com.kms.katalon.core.main.TestCaseExecutor.runScript(TestCaseExecutor.java:442)
	at com.kms.katalon.core.main.TestCaseExecutor.doExecute(TestCaseExecutor.java:433)
	at com.kms.katalon.core.main.TestCaseExecutor.processExecutionPhase(TestCaseExecutor.java:412)
	at com.kms.katalon.core.main.TestCaseExecutor.accessMainPhase(TestCaseExecutor.java:404)
	at com.kms.katalon.core.main.TestCaseExecutor.execute(TestCaseExecutor.java:281)
	at com.kms.katalon.core.main.TestCaseExecutor.execute(TestCaseExecutor.java:363)
	at com.kms.katalon.core.main.TestCaseExecutor.execute(TestCaseExecutor.java:363)
	at com.kms.katalon.core.main.TestCaseExecutor.execute(TestCaseExecutor.java:363)
	at com.kms.katalon.core.main.TestSuiteExecutor.accessTestCaseMainPhase(TestSuiteExecutor.java:202)
	at com.kms.katalon.core.main.TestSuiteExecutor.accessTestSuiteMainPhase(TestSuiteExecutor.java:164)
	at com.kms.katalon.core.main.TestSuiteExecutor.execute(TestSuiteExecutor.java:105)
	at com.kms.katalon.core.main.TestCaseMain.startTestSuite(TestCaseMain.java:181)
	at com.kms.katalon.core.main.TestCaseMain$startTestSuite$0.call(Unknown Source)
	at TempTestSuite1641983315460.run(TempTestSuite1641983315460.groovy:36)
Caused by: com.kms.katalon.core.webui.exception.WebElementNotFoundException: Web element with id: 'Object Repository/Page_Chn 1 bui hc b/input__answer (1)' located by '//input[@id='choice_2']' not found
	at com.kms.katalon.core.webui.common.WebUiCommonHelper.findWebElement(WebUiCommonHelper.java:1368)
	at com.kms.katalon.core.webui.keyword.internal.WebUIAbstractKeyword.findWebElement(WebUIAbstractKeyword.groovy:27)
	at com.kms.katalon.core.webui.keyword.builtin.ClickKeyword$_click_closure1.doCall(ClickKeyword.groovy:65)
	at com.kms.katalon.core.webui.keyword.builtin.ClickKeyword$_click_closure1.call(ClickKeyword.groovy)
	at com.kms.katalon.core.webui.keyword.internal.WebUIKeywordMain.runKeyword(WebUIKeywordMain.groovy:20)
	... 22 more]]></system-err>
      </testcase>
      <testcase name="Test Cases/Student/Student_Click Url/Student_ Click link url raw" time="44.095" classname="Test Cases/Student/Student_Click Url/Student_ Click link url raw" status="PASSED">
         <system-out><![CDATA[2022-01-12 17:35:45 - [TEST_CASE][PASSED] - Test Cases/Student/Student_Click Url/Student_ Click link url raw: Test Cases/Student/Student_Click Url/Student_ Click link url raw

2022-01-12 17:35:45 - [TEST_STEP][PASSED] - openBrowser(""): Browser is opened with url: ''

2022-01-12 17:35:45 - [MESSAGE][WARNING] - A browser is already opened. Closing browser and opening a new one

2022-01-12 17:35:46 - [MESSAGE][INFO] - Starting 'Chrome' driver

2022-01-12 17:35:46 - [MESSAGE][INFO] - User set preference: ['args', '[window-size=1300,900]']

2022-01-12 17:35:46 - [MESSAGE][INFO] - Action delay is set to 0 milliseconds

2022-01-12 17:35:47 - [MESSAGE][PASSED] - Browser is opened with url: ''

2022-01-12 17:35:47 - [TEST_STEP][PASSED] - navigateToUrl("http://localhost:8080/moodle/"): Navigate to 'http://localhost:8080/moodle/' successfully

2022-01-12 17:35:48 - [MESSAGE][PASSED] - Navigate to 'http://localhost:8080/moodle/' successfully

2022-01-12 17:35:48 - [TEST_STEP][PASSED] - click(findTestObject("Object Repository/Page_BCS Moodle/a_Log in")): Object: 'Object Repository/Page_BCS Moodle/a_Log in' is clicked on

2022-01-12 17:35:49 - [MESSAGE][PASSED] - Object: 'Object Repository/Page_BCS Moodle/a_Log in' is clicked on

2022-01-12 17:35:49 - [TEST_STEP][PASSED] - click(findTestObject("Object Repository/Page_BCS Moodle Log in to the site/form_document.getElementById(anchor).value _70e5d4")): Object: 'Object Repository/Page_BCS Moodle Log in to the site/form_document.getElementById(anchor).value _70e5d4' is clicked on

2022-01-12 17:35:49 - [MESSAGE][PASSED] - Object: 'Object Repository/Page_BCS Moodle Log in to the site/form_document.getElementById(anchor).value _70e5d4' is clicked on

2022-01-12 17:35:49 - [TEST_STEP][PASSED] - setText(findTestObject("Object Repository/Page_BCS Moodle Log in to the site/input_Username_username"), "hoangvu"): Text 'hoangvu' is set on object 'Object Repository/Page_BCS Moodle Log in to the site/input_Username_username'

2022-01-12 17:35:50 - [MESSAGE][PASSED] - Text 'hoangvu' is set on object 'Object Repository/Page_BCS Moodle Log in to the site/input_Username_username'

2022-01-12 17:35:50 - [TEST_STEP][PASSED] - setEncryptedText(findTestObject("Object Repository/Page_BCS Moodle Log in to the site/input_Password_password"), "p4y+y39Ir5PR9RXlOHjWlj+CAJiYdX4g"): Text ****** has been set on object 'Object Repository/Page_BCS Moodle Log in to the site/input_Password_password'

2022-01-12 17:35:51 - [MESSAGE][PASSED] - Text ****** has been set on object 'Object Repository/Page_BCS Moodle Log in to the site/input_Password_password'

2022-01-12 17:35:51 - [TEST_STEP][PASSED] - click(findTestObject("Object Repository/Page_BCS Moodle Log in to the site/button_Log in")): Object: 'Object Repository/Page_BCS Moodle Log in to the site/button_Log in' is clicked on

2022-01-12 17:35:52 - [MESSAGE][PASSED] - Object: 'Object Repository/Page_BCS Moodle Log in to the site/button_Log in' is clicked on

2022-01-12 17:35:52 - [TEST_STEP][PASSED] - click(findTestObject("Object Repository/Page_Dashboard/span_OOP")): Object: 'Object Repository/Page_Dashboard/span_OOP' is clicked on

2022-01-12 17:35:55 - [MESSAGE][PASSED] - Object: 'Object Repository/Page_Dashboard/span_OOP' is clicked on

2022-01-12 17:35:55 - [TEST_STEP][PASSED] - click(findTestObject("Object Repository/Page_Course Lp trnh hng i tng 19CTT3/span_Link Zoom mn hc URL")): Object: 'Object Repository/Page_Course Lp trnh hng i tng 19CTT3/span_Link Zoom mn hc URL' is clicked on

2022-01-12 17:35:56 - [MESSAGE][PASSED] - Object: 'Object Repository/Page_Course Lp trnh hng i tng 19CTT3/span_Link Zoom mn hc URL' is clicked on

2022-01-12 17:35:56 - [TEST_STEP][PASSED] - navigateToUrl("http://localhost:8080/moodle/mod/url/view.php?id=14"): Navigate to 'http://localhost:8080/moodle/mod/url/view.php?id=14' successfully

2022-01-12 17:35:56 - [MESSAGE][PASSED] - Navigate to 'http://localhost:8080/moodle/mod/url/view.php?id=14' successfully

2022-01-12 17:35:56 - [TEST_STEP][PASSED] - click(findTestObject("Object Repository/Page_OOP Link Zoom mn hc/a_httpsfithcmus.zoom.usj97609347249pwdb3NsN_96082d")): Object: 'Object Repository/Page_OOP Link Zoom mn hc/a_httpsfithcmus.zoom.usj97609347249pwdb3NsN_96082d' is clicked on

2022-01-12 17:36:28 - [MESSAGE][INFO] - Unable to find the element located by 'By.xpath: //section[@id='region-main']/div/div[2]/a'. Please recheck the objects properties to make sure the desired element is located. 

2022-01-12 17:36:28 - [MESSAGE][WARNING] - [SELF-HEALING] Failed to find element with id 'Object Repository/Page_OOP Link Zoom mn hc/a_httpsfithcmus.zoom.usj97609347249pwdb3NsN_96082d'. Try using Self-healing.

2022-01-12 17:36:28 - [MESSAGE][WARNING] - [SELF-HEALING] The current locator of test object 'Object Repository/Page_OOP Link Zoom mn hc/a_httpsfithcmus.zoom.usj97609347249pwdb3NsN_96082d' was broken. Propose an alternative one: '(.//*[normalize-space(text()) and normalize-space(.)='Mark as done'])[1]/following::a[1]'.

2022-01-12 17:36:28 - [MESSAGE][WARNING] - [SELF-HEALING] Cannot save screenshot to: C:\Users\Admin\Desktop\Katalon_TestProject\TestAutomation_Katalon-Test-Project\Reports\20220112_172835\Run all test cases\20220112_172835, reason: Source 'C:\Users\Admin\Desktop\Katalon_TestProject\TestAutomation_Katalon-Test-Project\Reports\Self-healing\Object Repository\Page_OOP Link Zoom mn hc\a_httpsfithcmus.zoom.usj97609347249pwdb3NsN_96082d_neighbor.png' does not exist.

2022-01-12 17:36:29 - [MESSAGE][PASSED] - Object: 'Object Repository/Page_OOP Link Zoom mn hc/a_httpsfithcmus.zoom.usj97609347249pwdb3NsN_96082d' is clicked on

2022-01-12 17:36:29 - [TEST_STEP][PASSED] - closeBrowser(): Browser is closed

2022-01-12 17:36:29 - [MESSAGE][PASSED] - Browser is closed]]></system-out>
         <system-err><![CDATA[]]></system-err>
      </testcase>
      <testcase name="Test Cases/Student/Student_Event/Student_Create Event Success" time="45.608" classname="Test Cases/Student/Student_Event/Student_Create Event Success" status="FAILED">
         <failure type="FAILED" message="Test Cases/Student/Student_Event/Student_Create Event Success FAILED.
Reason:
com.kms.katalon.core.exception.StepFailedException: Unable to set text 'Homework 1' of object 'Object Repository/Page_Moodle Calendar Detailed month view Ja_713ca6/input_Event title_name'
	at com.kms.katalon.core.webui.keyword.internal.WebUIKeywordMain.stepFailed(WebUIKeywordMain.groovy:64)
	at com.kms.katalon.core.webui.keyword.internal.WebUIKeywordMain.runKeyword(WebUIKeywordMain.groovy:26)
	at com.kms.katalon.core.webui.keyword.builtin.SetTextKeyword.setText(SetTextKeyword.groovy:66)
	at com.kms.katalon.core.webui.keyword.builtin.SetTextKeyword.execute(SetTextKeyword.groovy:37)
	at com.kms.katalon.core.keyword.internal.KeywordExecutor.executeKeywordForPlatform(KeywordExecutor.groovy:74)
	at com.kms.katalon.core.webui.keyword.WebUiBuiltInKeywords.setText(WebUiBuiltInKeywords.groovy:980)
	at com.kms.katalon.core.webui.keyword.WebUiBuiltInKeywords$setText$2.call(Unknown Source)
	at Student_Create Event Success.run(Student_Create Event Success:36)
	at com.kms.katalon.core.main.ScriptEngine.run(ScriptEngine.java:194)
	at com.kms.katalon.core.main.ScriptEngine.runScriptAsRawText(ScriptEngine.java:119)
	at com.kms.katalon.core.main.TestCaseExecutor.runScript(TestCaseExecutor.java:442)
	at com.kms.katalon.core.main.TestCaseExecutor.doExecute(TestCaseExecutor.java:433)
	at com.kms.katalon.core.main.TestCaseExecutor.processExecutionPhase(TestCaseExecutor.java:412)
	at com.kms.katalon.core.main.TestCaseExecutor.accessMainPhase(TestCaseExecutor.java:404)
	at com.kms.katalon.core.main.TestCaseExecutor.execute(TestCaseExecutor.java:281)
	at com.kms.katalon.core.main.TestCaseExecutor.execute(TestCaseExecutor.java:363)
	at com.kms.katalon.core.main.TestCaseExecutor.execute(TestCaseExecutor.java:363)
	at com.kms.katalon.core.main.TestCaseExecutor.execute(TestCaseExecutor.java:363)
	at com.kms.katalon.core.main.TestSuiteExecutor.accessTestCaseMainPhase(TestSuiteExecutor.java:202)
	at com.kms.katalon.core.main.TestSuiteExecutor.accessTestSuiteMainPhase(TestSuiteExecutor.java:164)
	at com.kms.katalon.core.main.TestSuiteExecutor.execute(TestSuiteExecutor.java:105)
	at com.kms.katalon.core.main.TestCaseMain.startTestSuite(TestCaseMain.java:181)
	at com.kms.katalon.core.main.TestCaseMain$startTestSuite$0.call(Unknown Source)
	at TempTestSuite1641983315460.run(TempTestSuite1641983315460.groovy:36)
Caused by: com.kms.katalon.core.webui.exception.WebElementNotFoundException: Web element with id: 'Object Repository/Page_Moodle Calendar Detailed month view Ja_713ca6/input_Event title_name' located by '//input[@id='id_name']' not found
	at com.kms.katalon.core.webui.common.WebUiCommonHelper.findWebElement(WebUiCommonHelper.java:1368)
	at com.kms.katalon.core.webui.keyword.internal.WebUIAbstractKeyword.findWebElement(WebUIAbstractKeyword.groovy:27)
	at com.kms.katalon.core.webui.keyword.internal.WebUIAbstractKeyword.findWebElement(WebUIAbstractKeyword.groovy:26)
	at com.kms.katalon.core.webui.keyword.builtin.SetTextKeyword$_setText_closure1.doCall(SetTextKeyword.groovy:51)
	at com.kms.katalon.core.webui.keyword.builtin.SetTextKeyword$_setText_closure1.call(SetTextKeyword.groovy)
	at com.kms.katalon.core.webui.keyword.internal.WebUIKeywordMain.runKeyword(WebUIKeywordMain.groovy:20)
	... 22 more
"/>
         <system-out><![CDATA[2022-01-12 17:38:46 - [TEST_CASE][FAILED] - Test Cases/Student/Student_Event/Student_Create Event Success: Test Cases/Student/Student_Event/Student_Create Event Success FAILED.
Reason:
com.kms.katalon.core.exception.StepFailedException: Unable to set text 'Homework 1' of object 'Object Repository/Page_Moodle Calendar Detailed month view Ja_713ca6/input_Event title_name'
	at com.kms.katalon.core.webui.keyword.internal.WebUIKeywordMain.stepFailed(WebUIKeywordMain.groovy:64)
	at com.kms.katalon.core.webui.keyword.internal.WebUIKeywordMain.runKeyword(WebUIKeywordMain.groovy:26)
	at com.kms.katalon.core.webui.keyword.builtin.SetTextKeyword.setText(SetTextKeyword.groovy:66)
	at com.kms.katalon.core.webui.keyword.builtin.SetTextKeyword.execute(SetTextKeyword.groovy:37)
	at com.kms.katalon.core.keyword.internal.KeywordExecutor.executeKeywordForPlatform(KeywordExecutor.groovy:74)
	at com.kms.katalon.core.webui.keyword.WebUiBuiltInKeywords.setText(WebUiBuiltInKeywords.groovy:980)
	at com.kms.katalon.core.webui.keyword.WebUiBuiltInKeywords$setText$2.call(Unknown Source)
	at Student_Create Event Success.run(Student_Create Event Success:36)
	at com.kms.katalon.core.main.ScriptEngine.run(ScriptEngine.java:194)
	at com.kms.katalon.core.main.ScriptEngine.runScriptAsRawText(ScriptEngine.java:119)
	at com.kms.katalon.core.main.TestCaseExecutor.runScript(TestCaseExecutor.java:442)
	at com.kms.katalon.core.main.TestCaseExecutor.doExecute(TestCaseExecutor.java:433)
	at com.kms.katalon.core.main.TestCaseExecutor.processExecutionPhase(TestCaseExecutor.java:412)
	at com.kms.katalon.core.main.TestCaseExecutor.accessMainPhase(TestCaseExecutor.java:404)
	at com.kms.katalon.core.main.TestCaseExecutor.execute(TestCaseExecutor.java:281)
	at com.kms.katalon.core.main.TestCaseExecutor.execute(TestCaseExecutor.java:363)
	at com.kms.katalon.core.main.TestCaseExecutor.execute(TestCaseExecutor.java:363)
	at com.kms.katalon.core.main.TestCaseExecutor.execute(TestCaseExecutor.java:363)
	at com.kms.katalon.core.main.TestSuiteExecutor.accessTestCaseMainPhase(TestSuiteExecutor.java:202)
	at com.kms.katalon.core.main.TestSuiteExecutor.accessTestSuiteMainPhase(TestSuiteExecutor.java:164)
	at com.kms.katalon.core.main.TestSuiteExecutor.execute(TestSuiteExecutor.java:105)
	at com.kms.katalon.core.main.TestCaseMain.startTestSuite(TestCaseMain.java:181)
	at com.kms.katalon.core.main.TestCaseMain$startTestSuite$0.call(Unknown Source)
	at TempTestSuite1641983315460.run(TempTestSuite1641983315460.groovy:36)
Caused by: com.kms.katalon.core.webui.exception.WebElementNotFoundException: Web element with id: 'Object Repository/Page_Moodle Calendar Detailed month view Ja_713ca6/input_Event title_name' located by '//input[@id='id_name']' not found
	at com.kms.katalon.core.webui.common.WebUiCommonHelper.findWebElement(WebUiCommonHelper.java:1368)
	at com.kms.katalon.core.webui.keyword.internal.WebUIAbstractKeyword.findWebElement(WebUIAbstractKeyword.groovy:27)
	at com.kms.katalon.core.webui.keyword.internal.WebUIAbstractKeyword.findWebElement(WebUIAbstractKeyword.groovy:26)
	at com.kms.katalon.core.webui.keyword.builtin.SetTextKeyword$_setText_closure1.doCall(SetTextKeyword.groovy:51)
	at com.kms.katalon.core.webui.keyword.builtin.SetTextKeyword$_setText_closure1.call(SetTextKeyword.groovy)
	at com.kms.katalon.core.webui.keyword.internal.WebUIKeywordMain.runKeyword(WebUIKeywordMain.groovy:20)
	... 22 more


2022-01-12 17:38:46 - [TEST_STEP][PASSED] - openBrowser(""): Browser is opened with url: ''

2022-01-12 17:38:46 - [MESSAGE][WARNING] - A browser is already opened. Closing browser and opening a new one

2022-01-12 17:38:47 - [MESSAGE][INFO] - Starting 'Chrome' driver

2022-01-12 17:38:47 - [MESSAGE][INFO] - User set preference: ['args', '[window-size=1300,900]']

2022-01-12 17:38:47 - [MESSAGE][INFO] - Action delay is set to 0 milliseconds

2022-01-12 17:38:48 - [MESSAGE][PASSED] - Browser is opened with url: ''

2022-01-12 17:38:48 - [TEST_STEP][PASSED] - navigateToUrl("http://localhost:8080/moodle/"): Navigate to 'http://localhost:8080/moodle/' successfully

2022-01-12 17:38:49 - [MESSAGE][PASSED] - Navigate to 'http://localhost:8080/moodle/' successfully

2022-01-12 17:38:49 - [TEST_STEP][PASSED] - click(findTestObject("Object Repository/Page_BCS Moodle/a_Log in")): Object: 'Object Repository/Page_BCS Moodle/a_Log in' is clicked on

2022-01-12 17:38:50 - [MESSAGE][PASSED] - Object: 'Object Repository/Page_BCS Moodle/a_Log in' is clicked on

2022-01-12 17:38:50 - [TEST_STEP][PASSED] - setText(findTestObject("Object Repository/Page_BCS Moodle Log in to the site/input_Username_username"), "hoangvu"): Text 'hoangvu' is set on object 'Object Repository/Page_BCS Moodle Log in to the site/input_Username_username'

2022-01-12 17:38:51 - [MESSAGE][PASSED] - Text 'hoangvu' is set on object 'Object Repository/Page_BCS Moodle Log in to the site/input_Username_username'

2022-01-12 17:38:51 - [TEST_STEP][PASSED] - setEncryptedText(findTestObject("Object Repository/Page_BCS Moodle Log in to the site/input_Password_password"), "p4y+y39Ir5PR9RXlOHjWlj+CAJiYdX4g"): Text ****** has been set on object 'Object Repository/Page_BCS Moodle Log in to the site/input_Password_password'

2022-01-12 17:38:51 - [MESSAGE][PASSED] - Text ****** has been set on object 'Object Repository/Page_BCS Moodle Log in to the site/input_Password_password'

2022-01-12 17:38:51 - [TEST_STEP][PASSED] - click(findTestObject("Object Repository/Page_BCS Moodle Log in to the site/button_Log in")): Object: 'Object Repository/Page_BCS Moodle Log in to the site/button_Log in' is clicked on

2022-01-12 17:38:53 - [MESSAGE][PASSED] - Object: 'Object Repository/Page_BCS Moodle Log in to the site/button_Log in' is clicked on

2022-01-12 17:38:53 - [TEST_STEP][PASSED] - click(findTestObject("Object Repository/Page_Dashboard/span_Calendar")): Object: 'Object Repository/Page_Dashboard/span_Calendar' is clicked on

2022-01-12 17:38:55 - [MESSAGE][PASSED] - Object: 'Object Repository/Page_Dashboard/span_Calendar' is clicked on

2022-01-12 17:38:55 - [TEST_STEP][PASSED] - click(findTestObject("Object Repository/Page_Moodle Calendar Detailed month view Ja_713ca6/button_New event")): Object: 'Object Repository/Page_Moodle Calendar Detailed month view Ja_713ca6/button_New event' is clicked on

2022-01-12 17:38:57 - [MESSAGE][PASSED] - Object: 'Object Repository/Page_Moodle Calendar Detailed month view Ja_713ca6/button_New event' is clicked on

2022-01-12 17:38:57 - [TEST_STEP][FAILED] - setText(findTestObject("Object Repository/Page_Moodle Calendar Detailed month view Ja_713ca6/input_Event title_name"), "Homework 1"): Unable to set text 'Homework 1' of object 'Object Repository/Page_Moodle Calendar Detailed month view Ja_713ca6/input_Event title_name' (Root cause: com.kms.katalon.core.exception.StepFailedException: Unable to set text 'Homework 1' of object 'Object Repository/Page_Moodle Calendar Detailed month view Ja_713ca6/input_Event title_name'
	at com.kms.katalon.core.webui.keyword.internal.WebUIKeywordMain.stepFailed(WebUIKeywordMain.groovy:64)
	at com.kms.katalon.core.webui.keyword.internal.WebUIKeywordMain.runKeyword(WebUIKeywordMain.groovy:26)
	at com.kms.katalon.core.webui.keyword.builtin.SetTextKeyword.setText(SetTextKeyword.groovy:66)
	at com.kms.katalon.core.webui.keyword.builtin.SetTextKeyword.execute(SetTextKeyword.groovy:37)
	at com.kms.katalon.core.keyword.internal.KeywordExecutor.executeKeywordForPlatform(KeywordExecutor.groovy:74)
	at com.kms.katalon.core.webui.keyword.WebUiBuiltInKeywords.setText(WebUiBuiltInKeywords.groovy:980)
	at com.kms.katalon.core.webui.keyword.WebUiBuiltInKeywords$setText$2.call(Unknown Source)
	at Student_Create Event Success.run(Student_Create Event Success:36)
	at com.kms.katalon.core.main.ScriptEngine.run(ScriptEngine.java:194)
	at com.kms.katalon.core.main.ScriptEngine.runScriptAsRawText(ScriptEngine.java:119)
	at com.kms.katalon.core.main.TestCaseExecutor.runScript(TestCaseExecutor.java:442)
	at com.kms.katalon.core.main.TestCaseExecutor.doExecute(TestCaseExecutor.java:433)
	at com.kms.katalon.core.main.TestCaseExecutor.processExecutionPhase(TestCaseExecutor.java:412)
	at com.kms.katalon.core.main.TestCaseExecutor.accessMainPhase(TestCaseExecutor.java:404)
	at com.kms.katalon.core.main.TestCaseExecutor.execute(TestCaseExecutor.java:281)
	at com.kms.katalon.core.main.TestCaseExecutor.execute(TestCaseExecutor.java:363)
	at com.kms.katalon.core.main.TestCaseExecutor.execute(TestCaseExecutor.java:363)
	at com.kms.katalon.core.main.TestCaseExecutor.execute(TestCaseExecutor.java:363)
	at com.kms.katalon.core.main.TestSuiteExecutor.accessTestCaseMainPhase(TestSuiteExecutor.java:202)
	at com.kms.katalon.core.main.TestSuiteExecutor.accessTestSuiteMainPhase(TestSuiteExecutor.java:164)
	at com.kms.katalon.core.main.TestSuiteExecutor.execute(TestSuiteExecutor.java:105)
	at com.kms.katalon.core.main.TestCaseMain.startTestSuite(TestCaseMain.java:181)
	at com.kms.katalon.core.main.TestCaseMain$startTestSuite$0.call(Unknown Source)
	at TempTestSuite1641983315460.run(TempTestSuite1641983315460.groovy:36)
Caused by: com.kms.katalon.core.webui.exception.WebElementNotFoundException: Web element with id: 'Object Repository/Page_Moodle Calendar Detailed month view Ja_713ca6/input_Event title_name' located by '//input[@id='id_name']' not found
	at com.kms.katalon.core.webui.common.WebUiCommonHelper.findWebElement(WebUiCommonHelper.java:1368)
	at com.kms.katalon.core.webui.keyword.internal.WebUIAbstractKeyword.findWebElement(WebUIAbstractKeyword.groovy:27)
	at com.kms.katalon.core.webui.keyword.internal.WebUIAbstractKeyword.findWebElement(WebUIAbstractKeyword.groovy:26)
	at com.kms.katalon.core.webui.keyword.builtin.SetTextKeyword$_setText_closure1.doCall(SetTextKeyword.groovy:51)
	at com.kms.katalon.core.webui.keyword.builtin.SetTextKeyword$_setText_closure1.call(SetTextKeyword.groovy)
	at com.kms.katalon.core.webui.keyword.internal.WebUIKeywordMain.runKeyword(WebUIKeywordMain.groovy:20)
	at com.kms.katalon.core.webui.keyword.builtin.SetTextKeyword.setText(SetTextKeyword.groovy:66)
	at com.kms.katalon.core.webui.keyword.builtin.SetTextKeyword.execute(SetTextKeyword.groovy:37)
	at com.kms.katalon.core.keyword.internal.KeywordExecutor.executeKeywordForPlatform(KeywordExecutor.groovy:74)
	at com.kms.katalon.core.webui.keyword.WebUiBuiltInKeywords.setText(WebUiBuiltInKeywords.groovy:980)
	at com.kms.katalon.core.webui.keyword.WebUiBuiltInKeywords$setText$2.call(Unknown Source)
	at Script1641380948533.run(Script1641380948533.groovy:36)
	... 16 more
)

2022-01-12 17:39:28 - [MESSAGE][INFO] - Unable to find the element located by 'By.xpath: //input[@id='id_name']'. Please recheck the objects properties to make sure the desired element is located. 

2022-01-12 17:39:28 - [MESSAGE][WARNING] - [SELF-HEALING] Failed to find element with id 'Object Repository/Page_Moodle Calendar Detailed month view Ja_713ca6/input_Event title_name'. Try using Self-healing.

2022-01-12 17:39:28 - [MESSAGE][INFO] - [SELF-HEALING] Failed Locator: '//input[@id='id_name']'.

2022-01-12 17:39:28 - [MESSAGE][INFO] - [SELF-HEALING] Failed Locator: '//div[@id='yui_3_17_2_1_1641380999339_1147']/input'.

2022-01-12 17:39:29 - [MESSAGE][INFO] - [SELF-HEALING] Failed Locator: '//div/div[2]/input'.

2022-01-12 17:39:29 - [MESSAGE][INFO] - [SELF-HEALING] Failed Locator: '//input[@id='id_name']'.

2022-01-12 17:39:29 - [MESSAGE][INFO] - [SELF-HEALING] Failed Locator: '//div[@id='yui_3_17_2_1_1641380999339_1147']/input'.

2022-01-12 17:39:30 - [MESSAGE][INFO] - [SELF-HEALING] Failed Locator: '//div/div[2]/input'.

2022-01-12 17:39:31 - [MESSAGE][INFO] - Unable to find the element located by 'By.xpath: //*[@type = 'text' and @name = 'name' and @id = 'id_name']'. Please recheck the objects properties to make sure the desired element is located. 

2022-01-12 17:39:32 - [MESSAGE][INFO] - Unable to find the element located by 'By.cssSelector: #id_name'. Please recheck the objects properties to make sure the desired element is located. 

2022-01-12 17:39:32 - [MESSAGE][FAILED] - Unable to set text 'Homework 1' of object 'Object Repository/Page_Moodle Calendar Detailed month view Ja_713ca6/input_Event title_name' (Root cause: com.kms.katalon.core.exception.StepFailedException: Unable to set text 'Homework 1' of object 'Object Repository/Page_Moodle Calendar Detailed month view Ja_713ca6/input_Event title_name'
	at com.kms.katalon.core.webui.keyword.internal.WebUIKeywordMain.stepFailed(WebUIKeywordMain.groovy:64)
	at com.kms.katalon.core.webui.keyword.internal.WebUIKeywordMain.runKeyword(WebUIKeywordMain.groovy:26)
	at com.kms.katalon.core.webui.keyword.builtin.SetTextKeyword.setText(SetTextKeyword.groovy:66)
	at com.kms.katalon.core.webui.keyword.builtin.SetTextKeyword.execute(SetTextKeyword.groovy:37)
	at com.kms.katalon.core.keyword.internal.KeywordExecutor.executeKeywordForPlatform(KeywordExecutor.groovy:74)
	at com.kms.katalon.core.webui.keyword.WebUiBuiltInKeywords.setText(WebUiBuiltInKeywords.groovy:980)
	at com.kms.katalon.core.webui.keyword.WebUiBuiltInKeywords$setText$2.call(Unknown Source)
	at Student_Create Event Success.run(Student_Create Event Success:36)
	at com.kms.katalon.core.main.ScriptEngine.run(ScriptEngine.java:194)
	at com.kms.katalon.core.main.ScriptEngine.runScriptAsRawText(ScriptEngine.java:119)
	at com.kms.katalon.core.main.TestCaseExecutor.runScript(TestCaseExecutor.java:442)
	at com.kms.katalon.core.main.TestCaseExecutor.doExecute(TestCaseExecutor.java:433)
	at com.kms.katalon.core.main.TestCaseExecutor.processExecutionPhase(TestCaseExecutor.java:412)
	at com.kms.katalon.core.main.TestCaseExecutor.accessMainPhase(TestCaseExecutor.java:404)
	at com.kms.katalon.core.main.TestCaseExecutor.execute(TestCaseExecutor.java:281)
	at com.kms.katalon.core.main.TestCaseExecutor.execute(TestCaseExecutor.java:363)
	at com.kms.katalon.core.main.TestCaseExecutor.execute(TestCaseExecutor.java:363)
	at com.kms.katalon.core.main.TestCaseExecutor.execute(TestCaseExecutor.java:363)
	at com.kms.katalon.core.main.TestSuiteExecutor.accessTestCaseMainPhase(TestSuiteExecutor.java:202)
	at com.kms.katalon.core.main.TestSuiteExecutor.accessTestSuiteMainPhase(TestSuiteExecutor.java:164)
	at com.kms.katalon.core.main.TestSuiteExecutor.execute(TestSuiteExecutor.java:105)
	at com.kms.katalon.core.main.TestCaseMain.startTestSuite(TestCaseMain.java:181)
	at com.kms.katalon.core.main.TestCaseMain$startTestSuite$0.call(Unknown Source)
	at TempTestSuite1641983315460.run(TempTestSuite1641983315460.groovy:36)
Caused by: com.kms.katalon.core.webui.exception.WebElementNotFoundException: Web element with id: 'Object Repository/Page_Moodle Calendar Detailed month view Ja_713ca6/input_Event title_name' located by '//input[@id='id_name']' not found
	at com.kms.katalon.core.webui.common.WebUiCommonHelper.findWebElement(WebUiCommonHelper.java:1368)
	at com.kms.katalon.core.webui.keyword.internal.WebUIAbstractKeyword.findWebElement(WebUIAbstractKeyword.groovy:27)
	at com.kms.katalon.core.webui.keyword.internal.WebUIAbstractKeyword.findWebElement(WebUIAbstractKeyword.groovy:26)
	at com.kms.katalon.core.webui.keyword.builtin.SetTextKeyword$_setText_closure1.doCall(SetTextKeyword.groovy:51)
	at com.kms.katalon.core.webui.keyword.builtin.SetTextKeyword$_setText_closure1.call(SetTextKeyword.groovy)
	at com.kms.katalon.core.webui.keyword.internal.WebUIKeywordMain.runKeyword(WebUIKeywordMain.groovy:20)
	at com.kms.katalon.core.webui.keyword.builtin.SetTextKeyword.setText(SetTextKeyword.groovy:66)
	at com.kms.katalon.core.webui.keyword.builtin.SetTextKeyword.execute(SetTextKeyword.groovy:37)
	at com.kms.katalon.core.keyword.internal.KeywordExecutor.executeKeywordForPlatform(KeywordExecutor.groovy:74)
	at com.kms.katalon.core.webui.keyword.WebUiBuiltInKeywords.setText(WebUiBuiltInKeywords.groovy:980)
	at com.kms.katalon.core.webui.keyword.WebUiBuiltInKeywords$setText$2.call(Unknown Source)
	at Script1641380948533.run(Script1641380948533.groovy:36)
	... 16 more
)
[[ATTACHMENT|C:\\Users\\Admin\\Desktop\\Katalon_TestProject\\TestAutomation_Katalon-Test-Project\\Reports\\20220112_172835\\Run all test cases\\20220112_172835\\1641983972326.png]]]]></system-out>
         <system-err><![CDATA[2022-01-12 17:38:46 - [TEST_CASE][FAILED] - Test Cases/Student/Student_Event/Student_Create Event Success: Test Cases/Student/Student_Event/Student_Create Event Success FAILED.
Reason:
com.kms.katalon.core.exception.StepFailedException: Unable to set text 'Homework 1' of object 'Object Repository/Page_Moodle Calendar Detailed month view Ja_713ca6/input_Event title_name'
	at com.kms.katalon.core.webui.keyword.internal.WebUIKeywordMain.stepFailed(WebUIKeywordMain.groovy:64)
	at com.kms.katalon.core.webui.keyword.internal.WebUIKeywordMain.runKeyword(WebUIKeywordMain.groovy:26)
	at com.kms.katalon.core.webui.keyword.builtin.SetTextKeyword.setText(SetTextKeyword.groovy:66)
	at com.kms.katalon.core.webui.keyword.builtin.SetTextKeyword.execute(SetTextKeyword.groovy:37)
	at com.kms.katalon.core.keyword.internal.KeywordExecutor.executeKeywordForPlatform(KeywordExecutor.groovy:74)
	at com.kms.katalon.core.webui.keyword.WebUiBuiltInKeywords.setText(WebUiBuiltInKeywords.groovy:980)
	at com.kms.katalon.core.webui.keyword.WebUiBuiltInKeywords$setText$2.call(Unknown Source)
	at Student_Create Event Success.run(Student_Create Event Success:36)
	at com.kms.katalon.core.main.ScriptEngine.run(ScriptEngine.java:194)
	at com.kms.katalon.core.main.ScriptEngine.runScriptAsRawText(ScriptEngine.java:119)
	at com.kms.katalon.core.main.TestCaseExecutor.runScript(TestCaseExecutor.java:442)
	at com.kms.katalon.core.main.TestCaseExecutor.doExecute(TestCaseExecutor.java:433)
	at com.kms.katalon.core.main.TestCaseExecutor.processExecutionPhase(TestCaseExecutor.java:412)
	at com.kms.katalon.core.main.TestCaseExecutor.accessMainPhase(TestCaseExecutor.java:404)
	at com.kms.katalon.core.main.TestCaseExecutor.execute(TestCaseExecutor.java:281)
	at com.kms.katalon.core.main.TestCaseExecutor.execute(TestCaseExecutor.java:363)
	at com.kms.katalon.core.main.TestCaseExecutor.execute(TestCaseExecutor.java:363)
	at com.kms.katalon.core.main.TestCaseExecutor.execute(TestCaseExecutor.java:363)
	at com.kms.katalon.core.main.TestSuiteExecutor.accessTestCaseMainPhase(TestSuiteExecutor.java:202)
	at com.kms.katalon.core.main.TestSuiteExecutor.accessTestSuiteMainPhase(TestSuiteExecutor.java:164)
	at com.kms.katalon.core.main.TestSuiteExecutor.execute(TestSuiteExecutor.java:105)
	at com.kms.katalon.core.main.TestCaseMain.startTestSuite(TestCaseMain.java:181)
	at com.kms.katalon.core.main.TestCaseMain$startTestSuite$0.call(Unknown Source)
	at TempTestSuite1641983315460.run(TempTestSuite1641983315460.groovy:36)
Caused by: com.kms.katalon.core.webui.exception.WebElementNotFoundException: Web element with id: 'Object Repository/Page_Moodle Calendar Detailed month view Ja_713ca6/input_Event title_name' located by '//input[@id='id_name']' not found
	at com.kms.katalon.core.webui.common.WebUiCommonHelper.findWebElement(WebUiCommonHelper.java:1368)
	at com.kms.katalon.core.webui.keyword.internal.WebUIAbstractKeyword.findWebElement(WebUIAbstractKeyword.groovy:27)
	at com.kms.katalon.core.webui.keyword.internal.WebUIAbstractKeyword.findWebElement(WebUIAbstractKeyword.groovy:26)
	at com.kms.katalon.core.webui.keyword.builtin.SetTextKeyword$_setText_closure1.doCall(SetTextKeyword.groovy:51)
	at com.kms.katalon.core.webui.keyword.builtin.SetTextKeyword$_setText_closure1.call(SetTextKeyword.groovy)
	at com.kms.katalon.core.webui.keyword.internal.WebUIKeywordMain.runKeyword(WebUIKeywordMain.groovy:20)
	... 22 more]]></system-err>
      </testcase>
      <testcase name="Test Cases/Student/Student_Event/Student_Create Event without name" time="46.637" classname="Test Cases/Student/Student_Event/Student_Create Event without name" status="FAILED">
         <failure type="FAILED" message="Test Cases/Student/Student_Event/Student_Create Event without name FAILED.
Reason:
com.kms.katalon.core.exception.StepFailedException: Unable to select option by value '5' of object 'Object Repository/Page_Moodle Calendar Detailed month view Ja_713ca6/select_January        February        March_78ea2e'  using regular expression
	at com.kms.katalon.core.webui.keyword.internal.WebUIKeywordMain.stepFailed(WebUIKeywordMain.groovy:64)
	at com.kms.katalon.core.webui.keyword.internal.WebUIKeywordMain.runKeyword(WebUIKeywordMain.groovy:26)
	at com.kms.katalon.core.webui.keyword.builtin.SelectOptionByValueKeyword.selectOptionByValue(SelectOptionByValueKeyword.groovy:99)
	at com.kms.katalon.core.webui.keyword.builtin.SelectOptionByValueKeyword.execute(SelectOptionByValueKeyword.groovy:71)
	at com.kms.katalon.core.keyword.internal.KeywordExecutor.executeKeywordForPlatform(KeywordExecutor.groovy:74)
	at com.kms.katalon.core.webui.keyword.WebUiBuiltInKeywords.selectOptionByValue(WebUiBuiltInKeywords.groovy:1168)
	at com.kms.katalon.core.webui.keyword.WebUiBuiltInKeywords$selectOptionByValue$9.call(Unknown Source)
	at Student_Create Event without name.run(Student_Create Event without name:40)
	at com.kms.katalon.core.main.ScriptEngine.run(ScriptEngine.java:194)
	at com.kms.katalon.core.main.ScriptEngine.runScriptAsRawText(ScriptEngine.java:119)
	at com.kms.katalon.core.main.TestCaseExecutor.runScript(TestCaseExecutor.java:442)
	at com.kms.katalon.core.main.TestCaseExecutor.doExecute(TestCaseExecutor.java:433)
	at com.kms.katalon.core.main.TestCaseExecutor.processExecutionPhase(TestCaseExecutor.java:412)
	at com.kms.katalon.core.main.TestCaseExecutor.accessMainPhase(TestCaseExecutor.java:404)
	at com.kms.katalon.core.main.TestCaseExecutor.execute(TestCaseExecutor.java:281)
	at com.kms.katalon.core.main.TestCaseExecutor.execute(TestCaseExecutor.java:363)
	at com.kms.katalon.core.main.TestCaseExecutor.execute(TestCaseExecutor.java:363)
	at com.kms.katalon.core.main.TestCaseExecutor.execute(TestCaseExecutor.java:363)
	at com.kms.katalon.core.main.TestSuiteExecutor.accessTestCaseMainPhase(TestSuiteExecutor.java:202)
	at com.kms.katalon.core.main.TestSuiteExecutor.accessTestSuiteMainPhase(TestSuiteExecutor.java:164)
	at com.kms.katalon.core.main.TestSuiteExecutor.execute(TestSuiteExecutor.java:105)
	at com.kms.katalon.core.main.TestCaseMain.startTestSuite(TestCaseMain.java:181)
	at com.kms.katalon.core.main.TestCaseMain$startTestSuite$0.call(Unknown Source)
	at TempTestSuite1641983315460.run(TempTestSuite1641983315460.groovy:36)
Caused by: com.kms.katalon.core.webui.exception.WebElementNotFoundException: Web element with id: 'Object Repository/Page_Moodle Calendar Detailed month view Ja_713ca6/select_January        February        March_78ea2e' located by '//select[@id='id_timestart_month']' not found
	at com.kms.katalon.core.webui.common.WebUiCommonHelper.findWebElement(WebUiCommonHelper.java:1368)
	at com.kms.katalon.core.webui.keyword.internal.WebUIAbstractKeyword.findWebElement(WebUIAbstractKeyword.groovy:27)
	at com.kms.katalon.core.webui.keyword.internal.WebUIAbstractKeyword.findWebElement(WebUIAbstractKeyword.groovy:26)
	at com.kms.katalon.core.webui.keyword.builtin.SelectOptionByValueKeyword$_selectOptionByValue_closure1.doCall(SelectOptionByValueKeyword.groovy:86)
	at com.kms.katalon.core.webui.keyword.builtin.SelectOptionByValueKeyword$_selectOptionByValue_closure1.call(SelectOptionByValueKeyword.groovy)
	at com.kms.katalon.core.webui.keyword.internal.WebUIKeywordMain.runKeyword(WebUIKeywordMain.groovy:20)
	... 22 more
"/>
         <system-out><![CDATA[2022-01-12 17:41:53 - [TEST_CASE][FAILED] - Test Cases/Student/Student_Event/Student_Create Event without name: Test Cases/Student/Student_Event/Student_Create Event without name FAILED.
Reason:
com.kms.katalon.core.exception.StepFailedException: Unable to select option by value '5' of object 'Object Repository/Page_Moodle Calendar Detailed month view Ja_713ca6/select_January        February        March_78ea2e'  using regular expression
	at com.kms.katalon.core.webui.keyword.internal.WebUIKeywordMain.stepFailed(WebUIKeywordMain.groovy:64)
	at com.kms.katalon.core.webui.keyword.internal.WebUIKeywordMain.runKeyword(WebUIKeywordMain.groovy:26)
	at com.kms.katalon.core.webui.keyword.builtin.SelectOptionByValueKeyword.selectOptionByValue(SelectOptionByValueKeyword.groovy:99)
	at com.kms.katalon.core.webui.keyword.builtin.SelectOptionByValueKeyword.execute(SelectOptionByValueKeyword.groovy:71)
	at com.kms.katalon.core.keyword.internal.KeywordExecutor.executeKeywordForPlatform(KeywordExecutor.groovy:74)
	at com.kms.katalon.core.webui.keyword.WebUiBuiltInKeywords.selectOptionByValue(WebUiBuiltInKeywords.groovy:1168)
	at com.kms.katalon.core.webui.keyword.WebUiBuiltInKeywords$selectOptionByValue$9.call(Unknown Source)
	at Student_Create Event without name.run(Student_Create Event without name:40)
	at com.kms.katalon.core.main.ScriptEngine.run(ScriptEngine.java:194)
	at com.kms.katalon.core.main.ScriptEngine.runScriptAsRawText(ScriptEngine.java:119)
	at com.kms.katalon.core.main.TestCaseExecutor.runScript(TestCaseExecutor.java:442)
	at com.kms.katalon.core.main.TestCaseExecutor.doExecute(TestCaseExecutor.java:433)
	at com.kms.katalon.core.main.TestCaseExecutor.processExecutionPhase(TestCaseExecutor.java:412)
	at com.kms.katalon.core.main.TestCaseExecutor.accessMainPhase(TestCaseExecutor.java:404)
	at com.kms.katalon.core.main.TestCaseExecutor.execute(TestCaseExecutor.java:281)
	at com.kms.katalon.core.main.TestCaseExecutor.execute(TestCaseExecutor.java:363)
	at com.kms.katalon.core.main.TestCaseExecutor.execute(TestCaseExecutor.java:363)
	at com.kms.katalon.core.main.TestCaseExecutor.execute(TestCaseExecutor.java:363)
	at com.kms.katalon.core.main.TestSuiteExecutor.accessTestCaseMainPhase(TestSuiteExecutor.java:202)
	at com.kms.katalon.core.main.TestSuiteExecutor.accessTestSuiteMainPhase(TestSuiteExecutor.java:164)
	at com.kms.katalon.core.main.TestSuiteExecutor.execute(TestSuiteExecutor.java:105)
	at com.kms.katalon.core.main.TestCaseMain.startTestSuite(TestCaseMain.java:181)
	at com.kms.katalon.core.main.TestCaseMain$startTestSuite$0.call(Unknown Source)
	at TempTestSuite1641983315460.run(TempTestSuite1641983315460.groovy:36)
Caused by: com.kms.katalon.core.webui.exception.WebElementNotFoundException: Web element with id: 'Object Repository/Page_Moodle Calendar Detailed month view Ja_713ca6/select_January        February        March_78ea2e' located by '//select[@id='id_timestart_month']' not found
	at com.kms.katalon.core.webui.common.WebUiCommonHelper.findWebElement(WebUiCommonHelper.java:1368)
	at com.kms.katalon.core.webui.keyword.internal.WebUIAbstractKeyword.findWebElement(WebUIAbstractKeyword.groovy:27)
	at com.kms.katalon.core.webui.keyword.internal.WebUIAbstractKeyword.findWebElement(WebUIAbstractKeyword.groovy:26)
	at com.kms.katalon.core.webui.keyword.builtin.SelectOptionByValueKeyword$_selectOptionByValue_closure1.doCall(SelectOptionByValueKeyword.groovy:86)
	at com.kms.katalon.core.webui.keyword.builtin.SelectOptionByValueKeyword$_selectOptionByValue_closure1.call(SelectOptionByValueKeyword.groovy)
	at com.kms.katalon.core.webui.keyword.internal.WebUIKeywordMain.runKeyword(WebUIKeywordMain.groovy:20)
	... 22 more


2022-01-12 17:41:53 - [TEST_STEP][PASSED] - openBrowser(""): Browser is opened with url: ''

2022-01-12 17:41:53 - [MESSAGE][WARNING] - A browser is already opened. Closing browser and opening a new one

2022-01-12 17:41:54 - [MESSAGE][INFO] - Starting 'Chrome' driver

2022-01-12 17:41:54 - [MESSAGE][INFO] - User set preference: ['args', '[window-size=1300,900]']

2022-01-12 17:41:54 - [MESSAGE][INFO] - Action delay is set to 0 milliseconds

2022-01-12 17:41:55 - [MESSAGE][PASSED] - Browser is opened with url: ''

2022-01-12 17:41:55 - [TEST_STEP][PASSED] - navigateToUrl("http://localhost:8080/moodle/"): Navigate to 'http://localhost:8080/moodle/' successfully

2022-01-12 17:41:56 - [MESSAGE][PASSED] - Navigate to 'http://localhost:8080/moodle/' successfully

2022-01-12 17:41:56 - [TEST_STEP][PASSED] - click(findTestObject("Object Repository/Page_BCS Moodle/a_Log in")): Object: 'Object Repository/Page_BCS Moodle/a_Log in' is clicked on

2022-01-12 17:41:57 - [MESSAGE][PASSED] - Object: 'Object Repository/Page_BCS Moodle/a_Log in' is clicked on

2022-01-12 17:41:57 - [TEST_STEP][PASSED] - click(findTestObject("Object Repository/Page_BCS Moodle Log in to the site/input_Username_username")): Object: 'Object Repository/Page_BCS Moodle Log in to the site/input_Username_username' is clicked on

2022-01-12 17:41:57 - [MESSAGE][PASSED] - Object: 'Object Repository/Page_BCS Moodle Log in to the site/input_Username_username' is clicked on

2022-01-12 17:41:57 - [TEST_STEP][PASSED] - doubleClick(findTestObject("Object Repository/Page_BCS Moodle Log in to the site/input_Username_username")): Object: 'Object Repository/Page_BCS Moodle Log in to the site/input_Username_username' is double clicked on

2022-01-12 17:41:58 - [MESSAGE][PASSED] - Object: 'Object Repository/Page_BCS Moodle Log in to the site/input_Username_username' is double clicked on

2022-01-12 17:41:58 - [TEST_STEP][PASSED] - setText(findTestObject("Object Repository/Page_BCS Moodle Log in to the site/input_Username_username"), "hoangvu"): Text 'hoangvu' is set on object 'Object Repository/Page_BCS Moodle Log in to the site/input_Username_username'

2022-01-12 17:41:59 - [MESSAGE][PASSED] - Text 'hoangvu' is set on object 'Object Repository/Page_BCS Moodle Log in to the site/input_Username_username'

2022-01-12 17:41:59 - [TEST_STEP][PASSED] - setEncryptedText(findTestObject("Object Repository/Page_BCS Moodle Log in to the site/input_Password_password"), "p4y+y39Ir5PR9RXlOHjWlj+CAJiYdX4g"): Text ****** has been set on object 'Object Repository/Page_BCS Moodle Log in to the site/input_Password_password'

2022-01-12 17:41:59 - [MESSAGE][PASSED] - Text ****** has been set on object 'Object Repository/Page_BCS Moodle Log in to the site/input_Password_password'

2022-01-12 17:41:59 - [TEST_STEP][PASSED] - click(findTestObject("Object Repository/Page_BCS Moodle Log in to the site/button_Log in")): Object: 'Object Repository/Page_BCS Moodle Log in to the site/button_Log in' is clicked on

2022-01-12 17:42:00 - [MESSAGE][PASSED] - Object: 'Object Repository/Page_BCS Moodle Log in to the site/button_Log in' is clicked on

2022-01-12 17:42:00 - [TEST_STEP][PASSED] - click(findTestObject("Object Repository/Page_Dashboard/span_Calendar")): Object: 'Object Repository/Page_Dashboard/span_Calendar' is clicked on

2022-01-12 17:42:03 - [MESSAGE][PASSED] - Object: 'Object Repository/Page_Dashboard/span_Calendar' is clicked on

2022-01-12 17:42:03 - [TEST_STEP][PASSED] - click(findTestObject("Object Repository/Page_Moodle Calendar Detailed month view Ja_713ca6/button_New event")): Object: 'Object Repository/Page_Moodle Calendar Detailed month view Ja_713ca6/button_New event' is clicked on

2022-01-12 17:42:04 - [MESSAGE][PASSED] - Object: 'Object Repository/Page_Moodle Calendar Detailed month view Ja_713ca6/button_New event' is clicked on

2022-01-12 17:42:04 - [TEST_STEP][FAILED] - selectOptionByValue(findTestObject("Object Repository/Page_Moodle Calendar Detailed month view Ja_713ca6/select_January        February        March_78ea2e"), "5", true): Unable to select option by value '5' of object 'Object Repository/Page_Moodle Calendar Detailed month view Ja_713ca6/select_January        February        March_78ea2e'  using regular expression (Root cause: com.kms.katalon.core.exception.StepFailedException: Unable to select option by value '5' of object 'Object Repository/Page_Moodle Calendar Detailed month view Ja_713ca6/select_January        February        March_78ea2e'  using regular expression
	at com.kms.katalon.core.webui.keyword.internal.WebUIKeywordMain.stepFailed(WebUIKeywordMain.groovy:64)
	at com.kms.katalon.core.webui.keyword.internal.WebUIKeywordMain.runKeyword(WebUIKeywordMain.groovy:26)
	at com.kms.katalon.core.webui.keyword.builtin.SelectOptionByValueKeyword.selectOptionByValue(SelectOptionByValueKeyword.groovy:99)
	at com.kms.katalon.core.webui.keyword.builtin.SelectOptionByValueKeyword.execute(SelectOptionByValueKeyword.groovy:71)
	at com.kms.katalon.core.keyword.internal.KeywordExecutor.executeKeywordForPlatform(KeywordExecutor.groovy:74)
	at com.kms.katalon.core.webui.keyword.WebUiBuiltInKeywords.selectOptionByValue(WebUiBuiltInKeywords.groovy:1168)
	at com.kms.katalon.core.webui.keyword.WebUiBuiltInKeywords$selectOptionByValue$9.call(Unknown Source)
	at Student_Create Event without name.run(Student_Create Event without name:40)
	at com.kms.katalon.core.main.ScriptEngine.run(ScriptEngine.java:194)
	at com.kms.katalon.core.main.ScriptEngine.runScriptAsRawText(ScriptEngine.java:119)
	at com.kms.katalon.core.main.TestCaseExecutor.runScript(TestCaseExecutor.java:442)
	at com.kms.katalon.core.main.TestCaseExecutor.doExecute(TestCaseExecutor.java:433)
	at com.kms.katalon.core.main.TestCaseExecutor.processExecutionPhase(TestCaseExecutor.java:412)
	at com.kms.katalon.core.main.TestCaseExecutor.accessMainPhase(TestCaseExecutor.java:404)
	at com.kms.katalon.core.main.TestCaseExecutor.execute(TestCaseExecutor.java:281)
	at com.kms.katalon.core.main.TestCaseExecutor.execute(TestCaseExecutor.java:363)
	at com.kms.katalon.core.main.TestCaseExecutor.execute(TestCaseExecutor.java:363)
	at com.kms.katalon.core.main.TestCaseExecutor.execute(TestCaseExecutor.java:363)
	at com.kms.katalon.core.main.TestSuiteExecutor.accessTestCaseMainPhase(TestSuiteExecutor.java:202)
	at com.kms.katalon.core.main.TestSuiteExecutor.accessTestSuiteMainPhase(TestSuiteExecutor.java:164)
	at com.kms.katalon.core.main.TestSuiteExecutor.execute(TestSuiteExecutor.java:105)
	at com.kms.katalon.core.main.TestCaseMain.startTestSuite(TestCaseMain.java:181)
	at com.kms.katalon.core.main.TestCaseMain$startTestSuite$0.call(Unknown Source)
	at TempTestSuite1641983315460.run(TempTestSuite1641983315460.groovy:36)
Caused by: com.kms.katalon.core.webui.exception.WebElementNotFoundException: Web element with id: 'Object Repository/Page_Moodle Calendar Detailed month view Ja_713ca6/select_January        February        March_78ea2e' located by '//select[@id='id_timestart_month']' not found
	at com.kms.katalon.core.webui.common.WebUiCommonHelper.findWebElement(WebUiCommonHelper.java:1368)
	at com.kms.katalon.core.webui.keyword.internal.WebUIAbstractKeyword.findWebElement(WebUIAbstractKeyword.groovy:27)
	at com.kms.katalon.core.webui.keyword.internal.WebUIAbstractKeyword.findWebElement(WebUIAbstractKeyword.groovy:26)
	at com.kms.katalon.core.webui.keyword.builtin.SelectOptionByValueKeyword$_selectOptionByValue_closure1.doCall(SelectOptionByValueKeyword.groovy:86)
	at com.kms.katalon.core.webui.keyword.builtin.SelectOptionByValueKeyword$_selectOptionByValue_closure1.call(SelectOptionByValueKeyword.groovy)
	at com.kms.katalon.core.webui.keyword.internal.WebUIKeywordMain.runKeyword(WebUIKeywordMain.groovy:20)
	at com.kms.katalon.core.webui.keyword.builtin.SelectOptionByValueKeyword.selectOptionByValue(SelectOptionByValueKeyword.groovy:99)
	at com.kms.katalon.core.webui.keyword.builtin.SelectOptionByValueKeyword.execute(SelectOptionByValueKeyword.groovy:71)
	at com.kms.katalon.core.keyword.internal.KeywordExecutor.executeKeywordForPlatform(KeywordExecutor.groovy:74)
	at com.kms.katalon.core.webui.keyword.WebUiBuiltInKeywords.selectOptionByValue(WebUiBuiltInKeywords.groovy:1168)
	at com.kms.katalon.core.webui.keyword.WebUiBuiltInKeywords$selectOptionByValue$9.call(Unknown Source)
	at Script1641381089189.run(Script1641381089189.groovy:40)
	... 16 more
)

2022-01-12 17:42:35 - [MESSAGE][INFO] - Unable to find the element located by 'By.xpath: //select[@id='id_timestart_month']'. Please recheck the objects properties to make sure the desired element is located. 

2022-01-12 17:42:35 - [MESSAGE][WARNING] - [SELF-HEALING] Failed to find element with id 'Object Repository/Page_Moodle Calendar Detailed month view Ja_713ca6/select_January        February        March_78ea2e'. Try using Self-healing.

2022-01-12 17:42:36 - [MESSAGE][INFO] - [SELF-HEALING] Failed Locator: '//select[@id='id_timestart_month']'.

2022-01-12 17:42:36 - [MESSAGE][INFO] - [SELF-HEALING] Failed Locator: '//span[@id='yui_3_17_2_1_1641381130447_1147']/select'.

2022-01-12 17:42:36 - [MESSAGE][INFO] - [SELF-HEALING] Failed Locator: '(.//*[normalize-space(text()) and normalize-space(.)='Month'])[3]/following::select[1]'.

2022-01-12 17:42:37 - [MESSAGE][INFO] - [SELF-HEALING] Failed Locator: '(.//*[normalize-space(text()) and normalize-space(.)='Day'])[2]/following::select[2]'.

2022-01-12 17:42:37 - [MESSAGE][INFO] - [SELF-HEALING] Failed Locator: '(.//*[normalize-space(text()) and normalize-space(.)='Year'])[1]/preceding::select[1]'.

2022-01-12 17:42:37 - [MESSAGE][INFO] - [SELF-HEALING] Failed Locator: '(.//*[normalize-space(text()) and normalize-space(.)='Hour'])[1]/preceding::select[2]'.

2022-01-12 17:42:37 - [MESSAGE][INFO] - [SELF-HEALING] Failed Locator: '//div[2]/span/select'.

2022-01-12 17:42:39 - [MESSAGE][INFO] - Unable to find the element located by 'By.xpath: //*[@name = 'timestart[month]' and @id = 'id_timestart_month' and (text() = '
        January
        February
        March
        April
        May
        June
        July
        August
        September
        October
        November
        December
    ' or . = '
        January
        February
        March
        April
        May
        June
        July
        August
        September
        October
        November
        December
    ')]'. Please recheck the objects properties to make sure the desired element is located. 

2022-01-12 17:42:40 - [MESSAGE][INFO] - Unable to find the element located by 'By.cssSelector: #id_timestart_month'. Please recheck the objects properties to make sure the desired element is located. 

2022-01-12 17:42:40 - [MESSAGE][FAILED] - Unable to select option by value '5' of object 'Object Repository/Page_Moodle Calendar Detailed month view Ja_713ca6/select_January        February        March_78ea2e'  using regular expression (Root cause: com.kms.katalon.core.exception.StepFailedException: Unable to select option by value '5' of object 'Object Repository/Page_Moodle Calendar Detailed month view Ja_713ca6/select_January        February        March_78ea2e'  using regular expression
	at com.kms.katalon.core.webui.keyword.internal.WebUIKeywordMain.stepFailed(WebUIKeywordMain.groovy:64)
	at com.kms.katalon.core.webui.keyword.internal.WebUIKeywordMain.runKeyword(WebUIKeywordMain.groovy:26)
	at com.kms.katalon.core.webui.keyword.builtin.SelectOptionByValueKeyword.selectOptionByValue(SelectOptionByValueKeyword.groovy:99)
	at com.kms.katalon.core.webui.keyword.builtin.SelectOptionByValueKeyword.execute(SelectOptionByValueKeyword.groovy:71)
	at com.kms.katalon.core.keyword.internal.KeywordExecutor.executeKeywordForPlatform(KeywordExecutor.groovy:74)
	at com.kms.katalon.core.webui.keyword.WebUiBuiltInKeywords.selectOptionByValue(WebUiBuiltInKeywords.groovy:1168)
	at com.kms.katalon.core.webui.keyword.WebUiBuiltInKeywords$selectOptionByValue$9.call(Unknown Source)
	at Student_Create Event without name.run(Student_Create Event without name:40)
	at com.kms.katalon.core.main.ScriptEngine.run(ScriptEngine.java:194)
	at com.kms.katalon.core.main.ScriptEngine.runScriptAsRawText(ScriptEngine.java:119)
	at com.kms.katalon.core.main.TestCaseExecutor.runScript(TestCaseExecutor.java:442)
	at com.kms.katalon.core.main.TestCaseExecutor.doExecute(TestCaseExecutor.java:433)
	at com.kms.katalon.core.main.TestCaseExecutor.processExecutionPhase(TestCaseExecutor.java:412)
	at com.kms.katalon.core.main.TestCaseExecutor.accessMainPhase(TestCaseExecutor.java:404)
	at com.kms.katalon.core.main.TestCaseExecutor.execute(TestCaseExecutor.java:281)
	at com.kms.katalon.core.main.TestCaseExecutor.execute(TestCaseExecutor.java:363)
	at com.kms.katalon.core.main.TestCaseExecutor.execute(TestCaseExecutor.java:363)
	at com.kms.katalon.core.main.TestCaseExecutor.execute(TestCaseExecutor.java:363)
	at com.kms.katalon.core.main.TestSuiteExecutor.accessTestCaseMainPhase(TestSuiteExecutor.java:202)
	at com.kms.katalon.core.main.TestSuiteExecutor.accessTestSuiteMainPhase(TestSuiteExecutor.java:164)
	at com.kms.katalon.core.main.TestSuiteExecutor.execute(TestSuiteExecutor.java:105)
	at com.kms.katalon.core.main.TestCaseMain.startTestSuite(TestCaseMain.java:181)
	at com.kms.katalon.core.main.TestCaseMain$startTestSuite$0.call(Unknown Source)
	at TempTestSuite1641983315460.run(TempTestSuite1641983315460.groovy:36)
Caused by: com.kms.katalon.core.webui.exception.WebElementNotFoundException: Web element with id: 'Object Repository/Page_Moodle Calendar Detailed month view Ja_713ca6/select_January        February        March_78ea2e' located by '//select[@id='id_timestart_month']' not found
	at com.kms.katalon.core.webui.common.WebUiCommonHelper.findWebElement(WebUiCommonHelper.java:1368)
	at com.kms.katalon.core.webui.keyword.internal.WebUIAbstractKeyword.findWebElement(WebUIAbstractKeyword.groovy:27)
	at com.kms.katalon.core.webui.keyword.internal.WebUIAbstractKeyword.findWebElement(WebUIAbstractKeyword.groovy:26)
	at com.kms.katalon.core.webui.keyword.builtin.SelectOptionByValueKeyword$_selectOptionByValue_closure1.doCall(SelectOptionByValueKeyword.groovy:86)
	at com.kms.katalon.core.webui.keyword.builtin.SelectOptionByValueKeyword$_selectOptionByValue_closure1.call(SelectOptionByValueKeyword.groovy)
	at com.kms.katalon.core.webui.keyword.internal.WebUIKeywordMain.runKeyword(WebUIKeywordMain.groovy:20)
	at com.kms.katalon.core.webui.keyword.builtin.SelectOptionByValueKeyword.selectOptionByValue(SelectOptionByValueKeyword.groovy:99)
	at com.kms.katalon.core.webui.keyword.builtin.SelectOptionByValueKeyword.execute(SelectOptionByValueKeyword.groovy:71)
	at com.kms.katalon.core.keyword.internal.KeywordExecutor.executeKeywordForPlatform(KeywordExecutor.groovy:74)
	at com.kms.katalon.core.webui.keyword.WebUiBuiltInKeywords.selectOptionByValue(WebUiBuiltInKeywords.groovy:1168)
	at com.kms.katalon.core.webui.keyword.WebUiBuiltInKeywords$selectOptionByValue$9.call(Unknown Source)
	at Script1641381089189.run(Script1641381089189.groovy:40)
	... 16 more
)
[[ATTACHMENT|C:\\Users\\Admin\\Desktop\\Katalon_TestProject\\TestAutomation_Katalon-Test-Project\\Reports\\20220112_172835\\Run all test cases\\20220112_172835\\1641984160221.png]]]]></system-out>
         <system-err><![CDATA[2022-01-12 17:41:53 - [TEST_CASE][FAILED] - Test Cases/Student/Student_Event/Student_Create Event without name: Test Cases/Student/Student_Event/Student_Create Event without name FAILED.
Reason:
com.kms.katalon.core.exception.StepFailedException: Unable to select option by value '5' of object 'Object Repository/Page_Moodle Calendar Detailed month view Ja_713ca6/select_January        February        March_78ea2e'  using regular expression
	at com.kms.katalon.core.webui.keyword.internal.WebUIKeywordMain.stepFailed(WebUIKeywordMain.groovy:64)
	at com.kms.katalon.core.webui.keyword.internal.WebUIKeywordMain.runKeyword(WebUIKeywordMain.groovy:26)
	at com.kms.katalon.core.webui.keyword.builtin.SelectOptionByValueKeyword.selectOptionByValue(SelectOptionByValueKeyword.groovy:99)
	at com.kms.katalon.core.webui.keyword.builtin.SelectOptionByValueKeyword.execute(SelectOptionByValueKeyword.groovy:71)
	at com.kms.katalon.core.keyword.internal.KeywordExecutor.executeKeywordForPlatform(KeywordExecutor.groovy:74)
	at com.kms.katalon.core.webui.keyword.WebUiBuiltInKeywords.selectOptionByValue(WebUiBuiltInKeywords.groovy:1168)
	at com.kms.katalon.core.webui.keyword.WebUiBuiltInKeywords$selectOptionByValue$9.call(Unknown Source)
	at Student_Create Event without name.run(Student_Create Event without name:40)
	at com.kms.katalon.core.main.ScriptEngine.run(ScriptEngine.java:194)
	at com.kms.katalon.core.main.ScriptEngine.runScriptAsRawText(ScriptEngine.java:119)
	at com.kms.katalon.core.main.TestCaseExecutor.runScript(TestCaseExecutor.java:442)
	at com.kms.katalon.core.main.TestCaseExecutor.doExecute(TestCaseExecutor.java:433)
	at com.kms.katalon.core.main.TestCaseExecutor.processExecutionPhase(TestCaseExecutor.java:412)
	at com.kms.katalon.core.main.TestCaseExecutor.accessMainPhase(TestCaseExecutor.java:404)
	at com.kms.katalon.core.main.TestCaseExecutor.execute(TestCaseExecutor.java:281)
	at com.kms.katalon.core.main.TestCaseExecutor.execute(TestCaseExecutor.java:363)
	at com.kms.katalon.core.main.TestCaseExecutor.execute(TestCaseExecutor.java:363)
	at com.kms.katalon.core.main.TestCaseExecutor.execute(TestCaseExecutor.java:363)
	at com.kms.katalon.core.main.TestSuiteExecutor.accessTestCaseMainPhase(TestSuiteExecutor.java:202)
	at com.kms.katalon.core.main.TestSuiteExecutor.accessTestSuiteMainPhase(TestSuiteExecutor.java:164)
	at com.kms.katalon.core.main.TestSuiteExecutor.execute(TestSuiteExecutor.java:105)
	at com.kms.katalon.core.main.TestCaseMain.startTestSuite(TestCaseMain.java:181)
	at com.kms.katalon.core.main.TestCaseMain$startTestSuite$0.call(Unknown Source)
	at TempTestSuite1641983315460.run(TempTestSuite1641983315460.groovy:36)
Caused by: com.kms.katalon.core.webui.exception.WebElementNotFoundException: Web element with id: 'Object Repository/Page_Moodle Calendar Detailed month view Ja_713ca6/select_January        February        March_78ea2e' located by '//select[@id='id_timestart_month']' not found
	at com.kms.katalon.core.webui.common.WebUiCommonHelper.findWebElement(WebUiCommonHelper.java:1368)
	at com.kms.katalon.core.webui.keyword.internal.WebUIAbstractKeyword.findWebElement(WebUIAbstractKeyword.groovy:27)
	at com.kms.katalon.core.webui.keyword.internal.WebUIAbstractKeyword.findWebElement(WebUIAbstractKeyword.groovy:26)
	at com.kms.katalon.core.webui.keyword.builtin.SelectOptionByValueKeyword$_selectOptionByValue_closure1.doCall(SelectOptionByValueKeyword.groovy:86)
	at com.kms.katalon.core.webui.keyword.builtin.SelectOptionByValueKeyword$_selectOptionByValue_closure1.call(SelectOptionByValueKeyword.groovy)
	at com.kms.katalon.core.webui.keyword.internal.WebUIKeywordMain.runKeyword(WebUIKeywordMain.groovy:20)
	... 22 more]]></system-err>
      </testcase>
      <testcase name="Test Cases/Teacher/Teacher_Quiz Result/Teacher_Review An Attempt" time="17.287" classname="Test Cases/Teacher/Teacher_Quiz Result/Teacher_Review An Attempt" status="PASSED">
         <system-out><![CDATA[2022-01-12 17:42:40 - [TEST_CASE][PASSED] - Test Cases/Teacher/Teacher_Quiz Result/Teacher_Review An Attempt: Test Cases/Teacher/Teacher_Quiz Result/Teacher_Review An Attempt

2022-01-12 17:42:40 - [TEST_STEP][PASSED] - openBrowser(""): Browser is opened with url: ''

2022-01-12 17:42:40 - [MESSAGE][WARNING] - A browser is already opened. Closing browser and opening a new one

2022-01-12 17:42:41 - [MESSAGE][INFO] - Starting 'Chrome' driver

2022-01-12 17:42:41 - [MESSAGE][INFO] - User set preference: ['args', '[window-size=1300,900]']

2022-01-12 17:42:41 - [MESSAGE][INFO] - Action delay is set to 0 milliseconds

2022-01-12 17:42:42 - [MESSAGE][PASSED] - Browser is opened with url: ''

2022-01-12 17:42:42 - [TEST_STEP][PASSED] - navigateToUrl("http://localhost:8080/moodle/"): Navigate to 'http://localhost:8080/moodle/' successfully

2022-01-12 17:42:43 - [MESSAGE][PASSED] - Navigate to 'http://localhost:8080/moodle/' successfully

2022-01-12 17:42:43 - [TEST_STEP][PASSED] - click(findTestObject("Object Repository/Page_BCS Moodle/a_Log in")): Object: 'Object Repository/Page_BCS Moodle/a_Log in' is clicked on

2022-01-12 17:42:43 - [MESSAGE][PASSED] - Object: 'Object Repository/Page_BCS Moodle/a_Log in' is clicked on

2022-01-12 17:42:43 - [TEST_STEP][PASSED] - setText(findTestObject("Object Repository/Page_BCS Moodle Log in to the site/input_Username_username"), "onix"): Text 'onix' is set on object 'Object Repository/Page_BCS Moodle Log in to the site/input_Username_username'

2022-01-12 17:42:44 - [MESSAGE][PASSED] - Text 'onix' is set on object 'Object Repository/Page_BCS Moodle Log in to the site/input_Username_username'

2022-01-12 17:42:44 - [TEST_STEP][PASSED] - setEncryptedText(findTestObject("Object Repository/Page_BCS Moodle Log in to the site/input_Password_password"), "uw4zQNl2RedGtkZxJt1B2nZNxIOg3YnT"): Text ****** has been set on object 'Object Repository/Page_BCS Moodle Log in to the site/input_Password_password'

2022-01-12 17:42:45 - [MESSAGE][PASSED] - Text ****** has been set on object 'Object Repository/Page_BCS Moodle Log in to the site/input_Password_password'

2022-01-12 17:42:45 - [TEST_STEP][PASSED] - click(findTestObject("Object Repository/Page_BCS Moodle Log in to the site/button_Log in")): Object: 'Object Repository/Page_BCS Moodle Log in to the site/button_Log in' is clicked on

2022-01-12 17:42:46 - [MESSAGE][PASSED] - Object: 'Object Repository/Page_BCS Moodle Log in to the site/button_Log in' is clicked on

2022-01-12 17:42:46 - [TEST_STEP][PASSED] - click(findTestObject("Object Repository/Page_Dashboard/div_Course image")): Object: 'Object Repository/Page_Dashboard/div_Course image' is clicked on

2022-01-12 17:42:49 - [MESSAGE][PASSED] - Object: 'Object Repository/Page_Dashboard/div_Course image' is clicked on

2022-01-12 17:42:49 - [TEST_STEP][PASSED] - click(findTestObject("Object Repository/Page_Course Ton t hp/span_Quiz Nhiu cu  nhiu la chn")): Object: 'Object Repository/Page_Course Ton t hp/span_Quiz Nhiu cu  nhiu la chn' is clicked on

2022-01-12 17:42:51 - [MESSAGE][PASSED] - Object: 'Object Repository/Page_Course Ton t hp/span_Quiz Nhiu cu  nhiu la chn' is clicked on

2022-01-12 17:42:51 - [TEST_STEP][PASSED] - click(findTestObject("Object Repository/Page_TTH Quiz Nhiu cu  nhiu la chn/a_Quiz Nhiu cu  nhiu la chn_action-menu-toggle-3")): Object: 'Object Repository/Page_TTH Quiz Nhiu cu  nhiu la chn/a_Quiz Nhiu cu  nhiu la chn_action-menu-toggle-3' is clicked on

2022-01-12 17:42:51 - [MESSAGE][PASSED] - Object: 'Object Repository/Page_TTH Quiz Nhiu cu  nhiu la chn/a_Quiz Nhiu cu  nhiu la chn_action-menu-toggle-3' is clicked on

2022-01-12 17:42:51 - [TEST_STEP][PASSED] - click(findTestObject("Object Repository/Page_TTH Quiz Nhiu cu  nhiu la chn/a_Responses")): Object: 'Object Repository/Page_TTH Quiz Nhiu cu  nhiu la chn/a_Responses' is clicked on

2022-01-12 17:42:53 - [MESSAGE][PASSED] - Object: 'Object Repository/Page_TTH Quiz Nhiu cu  nhiu la chn/a_Responses' is clicked on

2022-01-12 17:42:53 - [TEST_STEP][PASSED] - navigateToUrl("http://localhost:8080/moodle/mod/quiz/report.php?id=21&mode=responses"): Navigate to 'http://localhost:8080/moodle/mod/quiz/report.php?id=21&mode=responses' successfully

2022-01-12 17:42:53 - [MESSAGE][PASSED] - Navigate to 'http://localhost:8080/moodle/mod/quiz/report.php?id=21&mode=responses' successfully

2022-01-12 17:42:53 - [TEST_STEP][PASSED] - click(findTestObject("Object Repository/Page_Quiz Nhiu cu  nhiu la chn/a_Review attempt")): Object: 'Object Repository/Page_Quiz Nhiu cu  nhiu la chn/a_Review attempt' is clicked on

2022-01-12 17:42:55 - [MESSAGE][PASSED] - Object: 'Object Repository/Page_Quiz Nhiu cu  nhiu la chn/a_Review attempt' is clicked on

2022-01-12 17:42:55 - [TEST_STEP][PASSED] - click(findTestObject("Object Repository/Page_Quiz Nhiu cu  nhiu la chn Attempt review/a_Finish review")): Object: 'Object Repository/Page_Quiz Nhiu cu  nhiu la chn Attempt review/a_Finish review' is clicked on

2022-01-12 17:42:56 - [MESSAGE][PASSED] - Object: 'Object Repository/Page_Quiz Nhiu cu  nhiu la chn Attempt review/a_Finish review' is clicked on

2022-01-12 17:42:56 - [TEST_STEP][PASSED] - verifyElementText(findTestObject("Object Repository/Page_TTH Quiz Nhiu cu  nhiu la chn/h2_Quiz Nhiu cu  nhiu la chn"), "Quiz Nhiều câu + nhiều lựa chọn"): Actual text and expected text of test object 'Object Repository/Page_TTH Quiz Nhiu cu  nhiu la chn/h2_Quiz Nhiu cu  nhiu la chn' are matched.

2022-01-12 17:42:57 - [MESSAGE][PASSED] - Actual text and expected text of test object 'Object Repository/Page_TTH Quiz Nhiu cu  nhiu la chn/h2_Quiz Nhiu cu  nhiu la chn' are matched.

2022-01-12 17:42:57 - [TEST_STEP][PASSED] - closeBrowser(): Browser is closed

2022-01-12 17:42:57 - [MESSAGE][PASSED] - Browser is closed]]></system-out>
         <system-err><![CDATA[]]></system-err>
      </testcase>
      <testcase name="Test Cases/Teacher/Teacher_Quiz Result/Teacher_See The Statistics Of A Question" time="15.782" classname="Test Cases/Teacher/Teacher_Quiz Result/Teacher_See The Statistics Of A Question" status="PASSED">
         <system-out><![CDATA[2022-01-12 17:42:57 - [TEST_CASE][PASSED] - Test Cases/Teacher/Teacher_Quiz Result/Teacher_See The Statistics Of A Question: Test Cases/Teacher/Teacher_Quiz Result/Teacher_See The Statistics Of A Question

2022-01-12 17:42:57 - [TEST_STEP][PASSED] - openBrowser(""): Browser is opened with url: ''

2022-01-12 17:42:57 - [MESSAGE][INFO] - Starting 'Chrome' driver

2022-01-12 17:42:57 - [MESSAGE][INFO] - User set preference: ['args', '[window-size=1300,900]']

2022-01-12 17:42:57 - [MESSAGE][INFO] - Action delay is set to 0 milliseconds

2022-01-12 17:42:59 - [MESSAGE][PASSED] - Browser is opened with url: ''

2022-01-12 17:42:59 - [TEST_STEP][PASSED] - navigateToUrl("http://localhost:8080/moodle/"): Navigate to 'http://localhost:8080/moodle/' successfully

2022-01-12 17:42:59 - [MESSAGE][PASSED] - Navigate to 'http://localhost:8080/moodle/' successfully

2022-01-12 17:42:59 - [TEST_STEP][PASSED] - click(findTestObject("Object Repository/Page_BCS Moodle/a_Log in")): Object: 'Object Repository/Page_BCS Moodle/a_Log in' is clicked on

2022-01-12 17:43:00 - [MESSAGE][PASSED] - Object: 'Object Repository/Page_BCS Moodle/a_Log in' is clicked on

2022-01-12 17:43:00 - [TEST_STEP][PASSED] - setText(findTestObject("Object Repository/Page_BCS Moodle Log in to the site/input_Username_username"), "onix"): Text 'onix' is set on object 'Object Repository/Page_BCS Moodle Log in to the site/input_Username_username'

2022-01-12 17:43:01 - [MESSAGE][PASSED] - Text 'onix' is set on object 'Object Repository/Page_BCS Moodle Log in to the site/input_Username_username'

2022-01-12 17:43:01 - [TEST_STEP][PASSED] - setEncryptedText(findTestObject("Object Repository/Page_BCS Moodle Log in to the site/input_Password_password"), "uw4zQNl2RedGtkZxJt1B2nZNxIOg3YnT"): Text ****** has been set on object 'Object Repository/Page_BCS Moodle Log in to the site/input_Password_password'

2022-01-12 17:43:01 - [MESSAGE][PASSED] - Text ****** has been set on object 'Object Repository/Page_BCS Moodle Log in to the site/input_Password_password'

2022-01-12 17:43:01 - [TEST_STEP][PASSED] - click(findTestObject("Object Repository/Page_BCS Moodle Log in to the site/button_Log in")): Object: 'Object Repository/Page_BCS Moodle Log in to the site/button_Log in' is clicked on

2022-01-12 17:43:03 - [MESSAGE][PASSED] - Object: 'Object Repository/Page_BCS Moodle Log in to the site/button_Log in' is clicked on

2022-01-12 17:43:03 - [TEST_STEP][PASSED] - click(findTestObject("Object Repository/Page_Dashboard/div_Course image")): Object: 'Object Repository/Page_Dashboard/div_Course image' is clicked on

2022-01-12 17:43:05 - [MESSAGE][PASSED] - Object: 'Object Repository/Page_Dashboard/div_Course image' is clicked on

2022-01-12 17:43:05 - [TEST_STEP][PASSED] - click(findTestObject("Object Repository/Page_Course Ton t hp/span_Quiz Nhiu cu  nhiu la chn")): Object: 'Object Repository/Page_Course Ton t hp/span_Quiz Nhiu cu  nhiu la chn' is clicked on

2022-01-12 17:43:07 - [MESSAGE][PASSED] - Object: 'Object Repository/Page_Course Ton t hp/span_Quiz Nhiu cu  nhiu la chn' is clicked on

2022-01-12 17:43:07 - [TEST_STEP][PASSED] - click(findTestObject("Object Repository/Page_TTH Quiz Nhiu cu  nhiu la chn/a_Quiz Nhiu cu  nhiu la chn_action-menu-toggle-3")): Object: 'Object Repository/Page_TTH Quiz Nhiu cu  nhiu la chn/a_Quiz Nhiu cu  nhiu la chn_action-menu-toggle-3' is clicked on

2022-01-12 17:43:07 - [MESSAGE][PASSED] - Object: 'Object Repository/Page_TTH Quiz Nhiu cu  nhiu la chn/a_Quiz Nhiu cu  nhiu la chn_action-menu-toggle-3' is clicked on

2022-01-12 17:43:07 - [TEST_STEP][PASSED] - click(findTestObject("Object Repository/Page_TTH Quiz Nhiu cu  nhiu la chn/a_Statistics")): Object: 'Object Repository/Page_TTH Quiz Nhiu cu  nhiu la chn/a_Statistics' is clicked on

2022-01-12 17:43:09 - [MESSAGE][PASSED] - Object: 'Object Repository/Page_TTH Quiz Nhiu cu  nhiu la chn/a_Statistics' is clicked on

2022-01-12 17:43:09 - [TEST_STEP][PASSED] - navigateToUrl("http://localhost:8080/moodle/mod/quiz/report.php?id=21&mode=statistics"): Navigate to 'http://localhost:8080/moodle/mod/quiz/report.php?id=21&mode=statistics' successfully

2022-01-12 17:43:09 - [MESSAGE][PASSED] - Navigate to 'http://localhost:8080/moodle/mod/quiz/report.php?id=21&mode=statistics' successfully

2022-01-12 17:43:09 - [TEST_STEP][PASSED] - click(findTestObject("Object Repository/Page_Quiz Nhiu cu  nhiu la chn/a_Question 2")): Object: 'Object Repository/Page_Quiz Nhiu cu  nhiu la chn/a_Question 2' is clicked on

2022-01-12 17:43:10 - [MESSAGE][PASSED] - Object: 'Object Repository/Page_Quiz Nhiu cu  nhiu la chn/a_Question 2' is clicked on

2022-01-12 17:43:10 - [TEST_STEP][PASSED] - verifyElementText(findTestObject("Object Repository/Page_Quiz Nhiu cu  nhiu la chn/td_Question 2"), "Question 2 "): Actual text and expected text of test object 'Object Repository/Page_Quiz Nhiu cu  nhiu la chn/td_Question 2' are matched.

2022-01-12 17:43:11 - [MESSAGE][PASSED] - Actual text and expected text of test object 'Object Repository/Page_Quiz Nhiu cu  nhiu la chn/td_Question 2' are matched.

2022-01-12 17:43:11 - [TEST_STEP][PASSED] - verifyElementText(findTestObject("Object Repository/Page_Quiz Nhiu cu  nhiu la chn/h3_Question statistics"), "Question statistics"): Actual text and expected text of test object 'Object Repository/Page_Quiz Nhiu cu  nhiu la chn/h3_Question statistics' are matched.

2022-01-12 17:43:11 - [MESSAGE][PASSED] - Actual text and expected text of test object 'Object Repository/Page_Quiz Nhiu cu  nhiu la chn/h3_Question statistics' are matched.

2022-01-12 17:43:11 - [TEST_STEP][PASSED] - verifyElementText(findTestObject("Object Repository/Page_Quiz Nhiu cu  nhiu la chn/h3_Analysis of responses"), "Analysis of responses"): Actual text and expected text of test object 'Object Repository/Page_Quiz Nhiu cu  nhiu la chn/h3_Analysis of responses' are matched.

2022-01-12 17:43:11 - [MESSAGE][PASSED] - Actual text and expected text of test object 'Object Repository/Page_Quiz Nhiu cu  nhiu la chn/h3_Analysis of responses' are matched.

2022-01-12 17:43:11 - [TEST_STEP][PASSED] - click(findTestObject("Object Repository/Page_Quiz Nhiu cu  nhiu la chn/a_Back to main statistics report page")): Object: 'Object Repository/Page_Quiz Nhiu cu  nhiu la chn/a_Back to main statistics report page' is clicked on

2022-01-12 17:43:12 - [MESSAGE][PASSED] - Object: 'Object Repository/Page_Quiz Nhiu cu  nhiu la chn/a_Back to main statistics report page' is clicked on

2022-01-12 17:43:12 - [TEST_STEP][PASSED] - closeBrowser(): Browser is closed

2022-01-12 17:43:13 - [MESSAGE][PASSED] - Browser is closed]]></system-out>
         <system-err><![CDATA[]]></system-err>
      </testcase>
      <testcase name="Test Cases/Teacher/Teacher_Quiz Result/Teacher_See Unattempted Students In A Quiz" time="17.016" classname="Test Cases/Teacher/Teacher_Quiz Result/Teacher_See Unattempted Students In A Quiz" status="PASSED">
         <system-out><![CDATA[2022-01-12 17:43:13 - [TEST_CASE][PASSED] - Test Cases/Teacher/Teacher_Quiz Result/Teacher_See Unattempted Students In A Quiz: Test Cases/Teacher/Teacher_Quiz Result/Teacher_See Unattempted Students In A Quiz

2022-01-12 17:43:13 - [TEST_STEP][PASSED] - openBrowser(""): Browser is opened with url: ''

2022-01-12 17:43:13 - [MESSAGE][INFO] - Starting 'Chrome' driver

2022-01-12 17:43:13 - [MESSAGE][INFO] - User set preference: ['args', '[window-size=1300,900]']

2022-01-12 17:43:13 - [MESSAGE][INFO] - Action delay is set to 0 milliseconds

2022-01-12 17:43:14 - [MESSAGE][PASSED] - Browser is opened with url: ''

2022-01-12 17:43:14 - [TEST_STEP][PASSED] - navigateToUrl("http://localhost:8080/moodle/"): Navigate to 'http://localhost:8080/moodle/' successfully

2022-01-12 17:43:15 - [MESSAGE][PASSED] - Navigate to 'http://localhost:8080/moodle/' successfully

2022-01-12 17:43:15 - [TEST_STEP][PASSED] - click(findTestObject("Object Repository/Page_BCS Moodle/a_Log in")): Object: 'Object Repository/Page_BCS Moodle/a_Log in' is clicked on

2022-01-12 17:43:16 - [MESSAGE][PASSED] - Object: 'Object Repository/Page_BCS Moodle/a_Log in' is clicked on

2022-01-12 17:43:16 - [TEST_STEP][PASSED] - setText(findTestObject("Object Repository/Page_BCS Moodle Log in to the site/input_Username_username"), "onix"): Text 'onix' is set on object 'Object Repository/Page_BCS Moodle Log in to the site/input_Username_username'

2022-01-12 17:43:17 - [MESSAGE][PASSED] - Text 'onix' is set on object 'Object Repository/Page_BCS Moodle Log in to the site/input_Username_username'

2022-01-12 17:43:17 - [TEST_STEP][PASSED] - setEncryptedText(findTestObject("Object Repository/Page_BCS Moodle Log in to the site/input_Password_password"), "uw4zQNl2RedGtkZxJt1B2nZNxIOg3YnT"): Text ****** has been set on object 'Object Repository/Page_BCS Moodle Log in to the site/input_Password_password'

2022-01-12 17:43:17 - [MESSAGE][PASSED] - Text ****** has been set on object 'Object Repository/Page_BCS Moodle Log in to the site/input_Password_password'

2022-01-12 17:43:17 - [TEST_STEP][PASSED] - click(findTestObject("Object Repository/Page_BCS Moodle Log in to the site/button_Log in")): Object: 'Object Repository/Page_BCS Moodle Log in to the site/button_Log in' is clicked on

2022-01-12 17:43:19 - [MESSAGE][PASSED] - Object: 'Object Repository/Page_BCS Moodle Log in to the site/button_Log in' is clicked on

2022-01-12 17:43:19 - [TEST_STEP][PASSED] - click(findTestObject("Object Repository/Page_Dashboard/div_Course image")): Object: 'Object Repository/Page_Dashboard/div_Course image' is clicked on

2022-01-12 17:43:21 - [MESSAGE][PASSED] - Object: 'Object Repository/Page_Dashboard/div_Course image' is clicked on

2022-01-12 17:43:21 - [TEST_STEP][PASSED] - click(findTestObject("Object Repository/Page_Course Ton t hp/span_Quiz Nhiu cu  nhiu la chn")): Object: 'Object Repository/Page_Course Ton t hp/span_Quiz Nhiu cu  nhiu la chn' is clicked on

2022-01-12 17:43:23 - [MESSAGE][PASSED] - Object: 'Object Repository/Page_Course Ton t hp/span_Quiz Nhiu cu  nhiu la chn' is clicked on

2022-01-12 17:43:23 - [TEST_STEP][PASSED] - click(findTestObject("Object Repository/Page_TTH Quiz Nhiu cu  nhiu la chn/a_Quiz Nhiu cu  nhiu la chn_action-menu-toggle-3")): Object: 'Object Repository/Page_TTH Quiz Nhiu cu  nhiu la chn/a_Quiz Nhiu cu  nhiu la chn_action-menu-toggle-3' is clicked on

2022-01-12 17:43:23 - [MESSAGE][PASSED] - Object: 'Object Repository/Page_TTH Quiz Nhiu cu  nhiu la chn/a_Quiz Nhiu cu  nhiu la chn_action-menu-toggle-3' is clicked on

2022-01-12 17:43:23 - [TEST_STEP][PASSED] - click(findTestObject("Object Repository/Page_TTH Quiz Nhiu cu  nhiu la chn/a_Responses")): Object: 'Object Repository/Page_TTH Quiz Nhiu cu  nhiu la chn/a_Responses' is clicked on

2022-01-12 17:43:24 - [MESSAGE][PASSED] - Object: 'Object Repository/Page_TTH Quiz Nhiu cu  nhiu la chn/a_Responses' is clicked on

2022-01-12 17:43:24 - [TEST_STEP][PASSED] - navigateToUrl("http://localhost:8080/moodle/mod/quiz/report.php?id=21&mode=responses"): Navigate to 'http://localhost:8080/moodle/mod/quiz/report.php?id=21&mode=responses' successfully

2022-01-12 17:43:25 - [MESSAGE][PASSED] - Navigate to 'http://localhost:8080/moodle/mod/quiz/report.php?id=21&mode=responses' successfully

2022-01-12 17:43:25 - [TEST_STEP][PASSED] - selectOptionByValue(findTestObject("Object Repository/Page_Quiz Nhiu cu  nhiu la chn/select_enrolled users who have attempted th_e23a5c"), "enrolled_without", true): All options with value 'enrolled_without' are selected in object 'Object Repository/Page_Quiz Nhiu cu  nhiu la chn/select_enrolled users who have attempted th_e23a5c'  using regular expression

2022-01-12 17:43:26 - [MESSAGE][PASSED] - All options with value 'enrolled_without' are selected in object 'Object Repository/Page_Quiz Nhiu cu  nhiu la chn/select_enrolled users who have attempted th_e23a5c'  using regular expression

2022-01-12 17:43:26 - [TEST_STEP][PASSED] - click(findTestObject("Object Repository/Page_Quiz Nhiu cu  nhiu la chn/input_right answer_submitbutton")): Object: 'Object Repository/Page_Quiz Nhiu cu  nhiu la chn/input_right answer_submitbutton' is clicked on

2022-01-12 17:43:27 - [MESSAGE][PASSED] - Object: 'Object Repository/Page_Quiz Nhiu cu  nhiu la chn/input_right answer_submitbutton' is clicked on

2022-01-12 17:43:27 - [TEST_STEP][PASSED] - verifyElementText(findTestObject("Object Repository/Page_Quiz Nhiu cu  nhiu la chn/td_-_1"), "-"): Actual text and expected text of test object 'Object Repository/Page_Quiz Nhiu cu  nhiu la chn/td_-_1' are matched.

2022-01-12 17:43:28 - [MESSAGE][PASSED] - Actual text and expected text of test object 'Object Repository/Page_Quiz Nhiu cu  nhiu la chn/td_-_1' are matched.

2022-01-12 17:43:28 - [TEST_STEP][PASSED] - verifyElementText(findTestObject("Object Repository/Page_Quiz Nhiu cu  nhiu la chn/td_-_1_2"), "-"): Actual text and expected text of test object 'Object Repository/Page_Quiz Nhiu cu  nhiu la chn/td_-_1_2' are matched.

2022-01-12 17:43:28 - [MESSAGE][PASSED] - Actual text and expected text of test object 'Object Repository/Page_Quiz Nhiu cu  nhiu la chn/td_-_1_2' are matched.

2022-01-12 17:43:28 - [TEST_STEP][PASSED] - verifyElementText(findTestObject("Object Repository/Page_Quiz Nhiu cu  nhiu la chn/td_-"), "-"): Actual text and expected text of test object 'Object Repository/Page_Quiz Nhiu cu  nhiu la chn/td_-' are matched.

2022-01-12 17:43:29 - [MESSAGE][PASSED] - Actual text and expected text of test object 'Object Repository/Page_Quiz Nhiu cu  nhiu la chn/td_-' are matched.

2022-01-12 17:43:29 - [TEST_STEP][PASSED] - verifyElementText(findTestObject("Object Repository/Page_Quiz Nhiu cu  nhiu la chn/td_-_1_2_3"), "-"): Actual text and expected text of test object 'Object Repository/Page_Quiz Nhiu cu  nhiu la chn/td_-_1_2_3' are matched.

2022-01-12 17:43:29 - [MESSAGE][PASSED] - Actual text and expected text of test object 'Object Repository/Page_Quiz Nhiu cu  nhiu la chn/td_-_1_2_3' are matched.

2022-01-12 17:43:29 - [TEST_STEP][PASSED] - verifyElementText(findTestObject("Object Repository/Page_Quiz Nhiu cu  nhiu la chn/td_-_1_2_3_4"), "-"): Actual text and expected text of test object 'Object Repository/Page_Quiz Nhiu cu  nhiu la chn/td_-_1_2_3_4' are matched.

2022-01-12 17:43:29 - [MESSAGE][PASSED] - Actual text and expected text of test object 'Object Repository/Page_Quiz Nhiu cu  nhiu la chn/td_-_1_2_3_4' are matched.

2022-01-12 17:43:29 - [TEST_STEP][PASSED] - closeBrowser(): Browser is closed

2022-01-12 17:43:30 - [MESSAGE][PASSED] - Browser is closed]]></system-out>
         <system-err><![CDATA[]]></system-err>
      </testcase>
      <testcase name="Test Cases/Student/Student_Survey/Student_Input Text Survey" time="44.133" classname="Test Cases/Student/Student_Survey/Student_Input Text Survey" status="FAILED">
         <failure type="FAILED" message="Test Cases/Student/Student_Survey/Student_Input Text Survey FAILED.
Reason:
com.kms.katalon.core.exception.StepFailedException: Unable to set text 'A' of object 'Object Repository/Page_Survey Critical Incidents/textarea_At what moment in class were you m_f5425c'
	at com.kms.katalon.core.webui.keyword.internal.WebUIKeywordMain.stepFailed(WebUIKeywordMain.groovy:64)
	at com.kms.katalon.core.webui.keyword.internal.WebUIKeywordMain.runKeyword(WebUIKeywordMain.groovy:26)
	at com.kms.katalon.core.webui.keyword.builtin.SetTextKeyword.setText(SetTextKeyword.groovy:66)
	at com.kms.katalon.core.webui.keyword.builtin.SetTextKeyword.execute(SetTextKeyword.groovy:37)
	at com.kms.katalon.core.keyword.internal.KeywordExecutor.executeKeywordForPlatform(KeywordExecutor.groovy:74)
	at com.kms.katalon.core.webui.keyword.WebUiBuiltInKeywords.setText(WebUiBuiltInKeywords.groovy:980)
	at com.kms.katalon.core.webui.keyword.WebUiBuiltInKeywords$setText$2.call(Unknown Source)
	at Student_Input Text Survey.run(Student_Input Text Survey:36)
	at com.kms.katalon.core.main.ScriptEngine.run(ScriptEngine.java:194)
	at com.kms.katalon.core.main.ScriptEngine.runScriptAsRawText(ScriptEngine.java:119)
	at com.kms.katalon.core.main.TestCaseExecutor.runScript(TestCaseExecutor.java:442)
	at com.kms.katalon.core.main.TestCaseExecutor.doExecute(TestCaseExecutor.java:433)
	at com.kms.katalon.core.main.TestCaseExecutor.processExecutionPhase(TestCaseExecutor.java:412)
	at com.kms.katalon.core.main.TestCaseExecutor.accessMainPhase(TestCaseExecutor.java:404)
	at com.kms.katalon.core.main.TestCaseExecutor.execute(TestCaseExecutor.java:281)
	at com.kms.katalon.core.main.TestCaseExecutor.execute(TestCaseExecutor.java:363)
	at com.kms.katalon.core.main.TestCaseExecutor.execute(TestCaseExecutor.java:363)
	at com.kms.katalon.core.main.TestCaseExecutor.execute(TestCaseExecutor.java:363)
	at com.kms.katalon.core.main.TestSuiteExecutor.accessTestCaseMainPhase(TestSuiteExecutor.java:202)
	at com.kms.katalon.core.main.TestSuiteExecutor.accessTestSuiteMainPhase(TestSuiteExecutor.java:164)
	at com.kms.katalon.core.main.TestSuiteExecutor.execute(TestSuiteExecutor.java:105)
	at com.kms.katalon.core.main.TestCaseMain.startTestSuite(TestCaseMain.java:181)
	at com.kms.katalon.core.main.TestCaseMain$startTestSuite$0.call(Unknown Source)
	at TempTestSuite1641983315460.run(TempTestSuite1641983315460.groovy:36)
Caused by: com.kms.katalon.core.webui.exception.WebElementNotFoundException: Web element with id: 'Object Repository/Page_Survey Critical Incidents/textarea_At what moment in class were you m_f5425c' located by '//textarea[@id='q69']' not found
	at com.kms.katalon.core.webui.common.WebUiCommonHelper.findWebElement(WebUiCommonHelper.java:1368)
	at com.kms.katalon.core.webui.keyword.internal.WebUIAbstractKeyword.findWebElement(WebUIAbstractKeyword.groovy:27)
	at com.kms.katalon.core.webui.keyword.internal.WebUIAbstractKeyword.findWebElement(WebUIAbstractKeyword.groovy:26)
	at com.kms.katalon.core.webui.keyword.builtin.SetTextKeyword$_setText_closure1.doCall(SetTextKeyword.groovy:51)
	at com.kms.katalon.core.webui.keyword.builtin.SetTextKeyword$_setText_closure1.call(SetTextKeyword.groovy)
	at com.kms.katalon.core.webui.keyword.internal.WebUIKeywordMain.runKeyword(WebUIKeywordMain.groovy:20)
	... 22 more
"/>
         <system-out><![CDATA[2022-01-12 17:45:14 - [TEST_CASE][FAILED] - Test Cases/Student/Student_Survey/Student_Input Text Survey: Test Cases/Student/Student_Survey/Student_Input Text Survey FAILED.
Reason:
com.kms.katalon.core.exception.StepFailedException: Unable to set text 'A' of object 'Object Repository/Page_Survey Critical Incidents/textarea_At what moment in class were you m_f5425c'
	at com.kms.katalon.core.webui.keyword.internal.WebUIKeywordMain.stepFailed(WebUIKeywordMain.groovy:64)
	at com.kms.katalon.core.webui.keyword.internal.WebUIKeywordMain.runKeyword(WebUIKeywordMain.groovy:26)
	at com.kms.katalon.core.webui.keyword.builtin.SetTextKeyword.setText(SetTextKeyword.groovy:66)
	at com.kms.katalon.core.webui.keyword.builtin.SetTextKeyword.execute(SetTextKeyword.groovy:37)
	at com.kms.katalon.core.keyword.internal.KeywordExecutor.executeKeywordForPlatform(KeywordExecutor.groovy:74)
	at com.kms.katalon.core.webui.keyword.WebUiBuiltInKeywords.setText(WebUiBuiltInKeywords.groovy:980)
	at com.kms.katalon.core.webui.keyword.WebUiBuiltInKeywords$setText$2.call(Unknown Source)
	at Student_Input Text Survey.run(Student_Input Text Survey:36)
	at com.kms.katalon.core.main.ScriptEngine.run(ScriptEngine.java:194)
	at com.kms.katalon.core.main.ScriptEngine.runScriptAsRawText(ScriptEngine.java:119)
	at com.kms.katalon.core.main.TestCaseExecutor.runScript(TestCaseExecutor.java:442)
	at com.kms.katalon.core.main.TestCaseExecutor.doExecute(TestCaseExecutor.java:433)
	at com.kms.katalon.core.main.TestCaseExecutor.processExecutionPhase(TestCaseExecutor.java:412)
	at com.kms.katalon.core.main.TestCaseExecutor.accessMainPhase(TestCaseExecutor.java:404)
	at com.kms.katalon.core.main.TestCaseExecutor.execute(TestCaseExecutor.java:281)
	at com.kms.katalon.core.main.TestCaseExecutor.execute(TestCaseExecutor.java:363)
	at com.kms.katalon.core.main.TestCaseExecutor.execute(TestCaseExecutor.java:363)
	at com.kms.katalon.core.main.TestCaseExecutor.execute(TestCaseExecutor.java:363)
	at com.kms.katalon.core.main.TestSuiteExecutor.accessTestCaseMainPhase(TestSuiteExecutor.java:202)
	at com.kms.katalon.core.main.TestSuiteExecutor.accessTestSuiteMainPhase(TestSuiteExecutor.java:164)
	at com.kms.katalon.core.main.TestSuiteExecutor.execute(TestSuiteExecutor.java:105)
	at com.kms.katalon.core.main.TestCaseMain.startTestSuite(TestCaseMain.java:181)
	at com.kms.katalon.core.main.TestCaseMain$startTestSuite$0.call(Unknown Source)
	at TempTestSuite1641983315460.run(TempTestSuite1641983315460.groovy:36)
Caused by: com.kms.katalon.core.webui.exception.WebElementNotFoundException: Web element with id: 'Object Repository/Page_Survey Critical Incidents/textarea_At what moment in class were you m_f5425c' located by '//textarea[@id='q69']' not found
	at com.kms.katalon.core.webui.common.WebUiCommonHelper.findWebElement(WebUiCommonHelper.java:1368)
	at com.kms.katalon.core.webui.keyword.internal.WebUIAbstractKeyword.findWebElement(WebUIAbstractKeyword.groovy:27)
	at com.kms.katalon.core.webui.keyword.internal.WebUIAbstractKeyword.findWebElement(WebUIAbstractKeyword.groovy:26)
	at com.kms.katalon.core.webui.keyword.builtin.SetTextKeyword$_setText_closure1.doCall(SetTextKeyword.groovy:51)
	at com.kms.katalon.core.webui.keyword.builtin.SetTextKeyword$_setText_closure1.call(SetTextKeyword.groovy)
	at com.kms.katalon.core.webui.keyword.internal.WebUIKeywordMain.runKeyword(WebUIKeywordMain.groovy:20)
	... 22 more


2022-01-12 17:45:14 - [TEST_STEP][PASSED] - openBrowser(""): Browser is opened with url: ''

2022-01-12 17:45:14 - [MESSAGE][WARNING] - A browser is already opened. Closing browser and opening a new one

2022-01-12 17:45:15 - [MESSAGE][INFO] - Starting 'Chrome' driver

2022-01-12 17:45:15 - [MESSAGE][INFO] - User set preference: ['args', '[window-size=1300,900]']

2022-01-12 17:45:15 - [MESSAGE][INFO] - Action delay is set to 0 milliseconds

2022-01-12 17:45:16 - [MESSAGE][PASSED] - Browser is opened with url: ''

2022-01-12 17:45:16 - [TEST_STEP][PASSED] - navigateToUrl("http://localhost:8080/moodle/"): Navigate to 'http://localhost:8080/moodle/' successfully

2022-01-12 17:45:16 - [MESSAGE][PASSED] - Navigate to 'http://localhost:8080/moodle/' successfully

2022-01-12 17:45:16 - [TEST_STEP][PASSED] - click(findTestObject("Object Repository/Page_BCS Moodle/a_Log in")): Object: 'Object Repository/Page_BCS Moodle/a_Log in' is clicked on

2022-01-12 17:45:17 - [MESSAGE][PASSED] - Object: 'Object Repository/Page_BCS Moodle/a_Log in' is clicked on

2022-01-12 17:45:17 - [TEST_STEP][PASSED] - setText(findTestObject("Object Repository/Page_BCS Moodle Log in to the site/input_Username_username"), "hoangvu"): Text 'hoangvu' is set on object 'Object Repository/Page_BCS Moodle Log in to the site/input_Username_username'

2022-01-12 17:45:18 - [MESSAGE][PASSED] - Text 'hoangvu' is set on object 'Object Repository/Page_BCS Moodle Log in to the site/input_Username_username'

2022-01-12 17:45:18 - [TEST_STEP][PASSED] - setEncryptedText(findTestObject("Object Repository/Page_BCS Moodle Log in to the site/input_Password_password"), "p4y+y39Ir5PR9RXlOHjWlj+CAJiYdX4g"): Text ****** has been set on object 'Object Repository/Page_BCS Moodle Log in to the site/input_Password_password'

2022-01-12 17:45:19 - [MESSAGE][PASSED] - Text ****** has been set on object 'Object Repository/Page_BCS Moodle Log in to the site/input_Password_password'

2022-01-12 17:45:19 - [TEST_STEP][PASSED] - click(findTestObject("Object Repository/Page_BCS Moodle Log in to the site/button_Log in")): Object: 'Object Repository/Page_BCS Moodle Log in to the site/button_Log in' is clicked on

2022-01-12 17:45:20 - [MESSAGE][PASSED] - Object: 'Object Repository/Page_BCS Moodle Log in to the site/button_Log in' is clicked on

2022-01-12 17:45:20 - [TEST_STEP][PASSED] - click(findTestObject("Object Repository/Page_Dashboard/span_TTH")): Object: 'Object Repository/Page_Dashboard/span_TTH' is clicked on

2022-01-12 17:45:23 - [MESSAGE][PASSED] - Object: 'Object Repository/Page_Dashboard/span_TTH' is clicked on

2022-01-12 17:45:23 - [TEST_STEP][PASSED] - click(findTestObject("Object Repository/Page_Course Ton t hp/span_Survey Critical Incidents")): Object: 'Object Repository/Page_Course Ton t hp/span_Survey Critical Incidents' is clicked on

2022-01-12 17:45:24 - [MESSAGE][PASSED] - Object: 'Object Repository/Page_Course Ton t hp/span_Survey Critical Incidents' is clicked on

2022-01-12 17:45:24 - [TEST_STEP][FAILED] - setText(findTestObject("Object Repository/Page_Survey Critical Incidents/textarea_At what moment in class were you m_f5425c"), "A"): Unable to set text 'A' of object 'Object Repository/Page_Survey Critical Incidents/textarea_At what moment in class were you m_f5425c' (Root cause: com.kms.katalon.core.exception.StepFailedException: Unable to set text 'A' of object 'Object Repository/Page_Survey Critical Incidents/textarea_At what moment in class were you m_f5425c'
	at com.kms.katalon.core.webui.keyword.internal.WebUIKeywordMain.stepFailed(WebUIKeywordMain.groovy:64)
	at com.kms.katalon.core.webui.keyword.internal.WebUIKeywordMain.runKeyword(WebUIKeywordMain.groovy:26)
	at com.kms.katalon.core.webui.keyword.builtin.SetTextKeyword.setText(SetTextKeyword.groovy:66)
	at com.kms.katalon.core.webui.keyword.builtin.SetTextKeyword.execute(SetTextKeyword.groovy:37)
	at com.kms.katalon.core.keyword.internal.KeywordExecutor.executeKeywordForPlatform(KeywordExecutor.groovy:74)
	at com.kms.katalon.core.webui.keyword.WebUiBuiltInKeywords.setText(WebUiBuiltInKeywords.groovy:980)
	at com.kms.katalon.core.webui.keyword.WebUiBuiltInKeywords$setText$2.call(Unknown Source)
	at Student_Input Text Survey.run(Student_Input Text Survey:36)
	at com.kms.katalon.core.main.ScriptEngine.run(ScriptEngine.java:194)
	at com.kms.katalon.core.main.ScriptEngine.runScriptAsRawText(ScriptEngine.java:119)
	at com.kms.katalon.core.main.TestCaseExecutor.runScript(TestCaseExecutor.java:442)
	at com.kms.katalon.core.main.TestCaseExecutor.doExecute(TestCaseExecutor.java:433)
	at com.kms.katalon.core.main.TestCaseExecutor.processExecutionPhase(TestCaseExecutor.java:412)
	at com.kms.katalon.core.main.TestCaseExecutor.accessMainPhase(TestCaseExecutor.java:404)
	at com.kms.katalon.core.main.TestCaseExecutor.execute(TestCaseExecutor.java:281)
	at com.kms.katalon.core.main.TestCaseExecutor.execute(TestCaseExecutor.java:363)
	at com.kms.katalon.core.main.TestCaseExecutor.execute(TestCaseExecutor.java:363)
	at com.kms.katalon.core.main.TestCaseExecutor.execute(TestCaseExecutor.java:363)
	at com.kms.katalon.core.main.TestSuiteExecutor.accessTestCaseMainPhase(TestSuiteExecutor.java:202)
	at com.kms.katalon.core.main.TestSuiteExecutor.accessTestSuiteMainPhase(TestSuiteExecutor.java:164)
	at com.kms.katalon.core.main.TestSuiteExecutor.execute(TestSuiteExecutor.java:105)
	at com.kms.katalon.core.main.TestCaseMain.startTestSuite(TestCaseMain.java:181)
	at com.kms.katalon.core.main.TestCaseMain$startTestSuite$0.call(Unknown Source)
	at TempTestSuite1641983315460.run(TempTestSuite1641983315460.groovy:36)
Caused by: com.kms.katalon.core.webui.exception.WebElementNotFoundException: Web element with id: 'Object Repository/Page_Survey Critical Incidents/textarea_At what moment in class were you m_f5425c' located by '//textarea[@id='q69']' not found
	at com.kms.katalon.core.webui.common.WebUiCommonHelper.findWebElement(WebUiCommonHelper.java:1368)
	at com.kms.katalon.core.webui.keyword.internal.WebUIAbstractKeyword.findWebElement(WebUIAbstractKeyword.groovy:27)
	at com.kms.katalon.core.webui.keyword.internal.WebUIAbstractKeyword.findWebElement(WebUIAbstractKeyword.groovy:26)
	at com.kms.katalon.core.webui.keyword.builtin.SetTextKeyword$_setText_closure1.doCall(SetTextKeyword.groovy:51)
	at com.kms.katalon.core.webui.keyword.builtin.SetTextKeyword$_setText_closure1.call(SetTextKeyword.groovy)
	at com.kms.katalon.core.webui.keyword.internal.WebUIKeywordMain.runKeyword(WebUIKeywordMain.groovy:20)
	at com.kms.katalon.core.webui.keyword.builtin.SetTextKeyword.setText(SetTextKeyword.groovy:66)
	at com.kms.katalon.core.webui.keyword.builtin.SetTextKeyword.execute(SetTextKeyword.groovy:37)
	at com.kms.katalon.core.keyword.internal.KeywordExecutor.executeKeywordForPlatform(KeywordExecutor.groovy:74)
	at com.kms.katalon.core.webui.keyword.WebUiBuiltInKeywords.setText(WebUiBuiltInKeywords.groovy:980)
	at com.kms.katalon.core.webui.keyword.WebUiBuiltInKeywords$setText$2.call(Unknown Source)
	at Script1641645940721.run(Script1641645940721.groovy:36)
	... 16 more
)

2022-01-12 17:45:55 - [MESSAGE][INFO] - Unable to find the element located by 'By.xpath: //textarea[@id='q69']'. Please recheck the objects properties to make sure the desired element is located. 

2022-01-12 17:45:55 - [MESSAGE][WARNING] - [SELF-HEALING] Failed to find element with id 'Object Repository/Page_Survey Critical Incidents/textarea_At what moment in class were you m_f5425c'. Try using Self-healing.

2022-01-12 17:45:55 - [MESSAGE][INFO] - [SELF-HEALING] Failed Locator: '//textarea[@id='q69']'.

2022-01-12 17:45:56 - [MESSAGE][INFO] - [SELF-HEALING] Failed Locator: '//td[@id='yui_3_17_2_1_1641646247861_29']/textarea'.

2022-01-12 17:45:56 - [MESSAGE][INFO] - [SELF-HEALING] Working Locator: '//textarea'.

2022-01-12 17:45:56 - [MESSAGE][ERROR] - [SELF-HEALING] Cannot save screenshot to: C:\Users\Admin\Desktop\Katalon_TestProject\TestAutomation_Katalon-Test-Project\Reports\Self-healing, reason: unknown error: unhandled inspector error: {"code":-32000,"message":"Cannot take screenshot with 0 width."}
  (Session info: chrome=95.0.4638.54)
Build info: version: '3.141.59', revision: 'e82be7d358', time: '2018-11-14T08:25:53'
System info: host: 'MSI', ip: '192.168.150.1', os.name: 'Windows 10', os.arch: 'amd64', os.version: '10.0', java.version: '1.8.0_282'
Driver info: com.kms.katalon.selenium.driver.CChromeDriver
Capabilities {acceptInsecureCerts: false, browserName: chrome, browserVersion: 95.0.4638.54, chrome: {chromedriverVersion: 95.0.4638.17 (a9d0719444d4b..., userDataDir: C:\Users\Admin\AppData\Loca...}, goog:chromeOptions: {debuggerAddress: localhost:49360}, javascriptEnabled: true, networkConnectionEnabled: false, pageLoadStrategy: normal, platform: WINDOWS, platformName: WINDOWS, proxy: Proxy(), setWindowRect: true, strictFileInteractability: false, timeouts: {implicit: 0, pageLoad: 300000, script: 30000}, unhandledPromptBehavior: dismiss and notify, webauthn:extension:credBlob: true, webauthn:extension:largeBlob: true, webauthn:virtualAuthenticators: true}
Session ID: a001263c2b15e86d7ad802b3610d1b4f.

2022-01-12 17:45:56 - [MESSAGE][ERROR] - [SELF-HEALING] Cannot save screenshot to: C:\Users\Admin\Desktop\Katalon_TestProject\TestAutomation_Katalon-Test-Project\Reports\Self-healing, reason: unknown error: unhandled inspector error: {"code":-32000,"message":"Cannot take screenshot with 0 width."}
  (Session info: chrome=95.0.4638.54)
Build info: version: '3.141.59', revision: 'e82be7d358', time: '2018-11-14T08:25:53'
System info: host: 'MSI', ip: '192.168.150.1', os.name: 'Windows 10', os.arch: 'amd64', os.version: '10.0', java.version: '1.8.0_282'
Driver info: com.kms.katalon.selenium.driver.CChromeDriver
Capabilities {acceptInsecureCerts: false, browserName: chrome, browserVersion: 95.0.4638.54, chrome: {chromedriverVersion: 95.0.4638.17 (a9d0719444d4b..., userDataDir: C:\Users\Admin\AppData\Loca...}, goog:chromeOptions: {debuggerAddress: localhost:49360}, javascriptEnabled: true, networkConnectionEnabled: false, pageLoadStrategy: normal, platform: WINDOWS, platformName: WINDOWS, proxy: Proxy(), setWindowRect: true, strictFileInteractability: false, timeouts: {implicit: 0, pageLoad: 300000, script: 30000}, unhandledPromptBehavior: dismiss and notify, webauthn:extension:credBlob: true, webauthn:extension:largeBlob: true, webauthn:virtualAuthenticators: true}
Session ID: a001263c2b15e86d7ad802b3610d1b4f.

2022-01-12 17:45:56 - [MESSAGE][WARNING] - [SELF-HEALING] 'other' is different type of Path

2022-01-12 17:45:57 - [MESSAGE][INFO] - Unable to find the element located by 'By.xpath: //*[@name = 'q69' and @id = 'q69']'. Please recheck the objects properties to make sure the desired element is located. 

2022-01-12 17:45:58 - [MESSAGE][INFO] - Unable to find the element located by 'By.cssSelector: #q69'. Please recheck the objects properties to make sure the desired element is located. 

2022-01-12 17:45:58 - [MESSAGE][FAILED] - Unable to set text 'A' of object 'Object Repository/Page_Survey Critical Incidents/textarea_At what moment in class were you m_f5425c' (Root cause: com.kms.katalon.core.exception.StepFailedException: Unable to set text 'A' of object 'Object Repository/Page_Survey Critical Incidents/textarea_At what moment in class were you m_f5425c'
	at com.kms.katalon.core.webui.keyword.internal.WebUIKeywordMain.stepFailed(WebUIKeywordMain.groovy:64)
	at com.kms.katalon.core.webui.keyword.internal.WebUIKeywordMain.runKeyword(WebUIKeywordMain.groovy:26)
	at com.kms.katalon.core.webui.keyword.builtin.SetTextKeyword.setText(SetTextKeyword.groovy:66)
	at com.kms.katalon.core.webui.keyword.builtin.SetTextKeyword.execute(SetTextKeyword.groovy:37)
	at com.kms.katalon.core.keyword.internal.KeywordExecutor.executeKeywordForPlatform(KeywordExecutor.groovy:74)
	at com.kms.katalon.core.webui.keyword.WebUiBuiltInKeywords.setText(WebUiBuiltInKeywords.groovy:980)
	at com.kms.katalon.core.webui.keyword.WebUiBuiltInKeywords$setText$2.call(Unknown Source)
	at Student_Input Text Survey.run(Student_Input Text Survey:36)
	at com.kms.katalon.core.main.ScriptEngine.run(ScriptEngine.java:194)
	at com.kms.katalon.core.main.ScriptEngine.runScriptAsRawText(ScriptEngine.java:119)
	at com.kms.katalon.core.main.TestCaseExecutor.runScript(TestCaseExecutor.java:442)
	at com.kms.katalon.core.main.TestCaseExecutor.doExecute(TestCaseExecutor.java:433)
	at com.kms.katalon.core.main.TestCaseExecutor.processExecutionPhase(TestCaseExecutor.java:412)
	at com.kms.katalon.core.main.TestCaseExecutor.accessMainPhase(TestCaseExecutor.java:404)
	at com.kms.katalon.core.main.TestCaseExecutor.execute(TestCaseExecutor.java:281)
	at com.kms.katalon.core.main.TestCaseExecutor.execute(TestCaseExecutor.java:363)
	at com.kms.katalon.core.main.TestCaseExecutor.execute(TestCaseExecutor.java:363)
	at com.kms.katalon.core.main.TestCaseExecutor.execute(TestCaseExecutor.java:363)
	at com.kms.katalon.core.main.TestSuiteExecutor.accessTestCaseMainPhase(TestSuiteExecutor.java:202)
	at com.kms.katalon.core.main.TestSuiteExecutor.accessTestSuiteMainPhase(TestSuiteExecutor.java:164)
	at com.kms.katalon.core.main.TestSuiteExecutor.execute(TestSuiteExecutor.java:105)
	at com.kms.katalon.core.main.TestCaseMain.startTestSuite(TestCaseMain.java:181)
	at com.kms.katalon.core.main.TestCaseMain$startTestSuite$0.call(Unknown Source)
	at TempTestSuite1641983315460.run(TempTestSuite1641983315460.groovy:36)
Caused by: com.kms.katalon.core.webui.exception.WebElementNotFoundException: Web element with id: 'Object Repository/Page_Survey Critical Incidents/textarea_At what moment in class were you m_f5425c' located by '//textarea[@id='q69']' not found
	at com.kms.katalon.core.webui.common.WebUiCommonHelper.findWebElement(WebUiCommonHelper.java:1368)
	at com.kms.katalon.core.webui.keyword.internal.WebUIAbstractKeyword.findWebElement(WebUIAbstractKeyword.groovy:27)
	at com.kms.katalon.core.webui.keyword.internal.WebUIAbstractKeyword.findWebElement(WebUIAbstractKeyword.groovy:26)
	at com.kms.katalon.core.webui.keyword.builtin.SetTextKeyword$_setText_closure1.doCall(SetTextKeyword.groovy:51)
	at com.kms.katalon.core.webui.keyword.builtin.SetTextKeyword$_setText_closure1.call(SetTextKeyword.groovy)
	at com.kms.katalon.core.webui.keyword.internal.WebUIKeywordMain.runKeyword(WebUIKeywordMain.groovy:20)
	at com.kms.katalon.core.webui.keyword.builtin.SetTextKeyword.setText(SetTextKeyword.groovy:66)
	at com.kms.katalon.core.webui.keyword.builtin.SetTextKeyword.execute(SetTextKeyword.groovy:37)
	at com.kms.katalon.core.keyword.internal.KeywordExecutor.executeKeywordForPlatform(KeywordExecutor.groovy:74)
	at com.kms.katalon.core.webui.keyword.WebUiBuiltInKeywords.setText(WebUiBuiltInKeywords.groovy:980)
	at com.kms.katalon.core.webui.keyword.WebUiBuiltInKeywords$setText$2.call(Unknown Source)
	at Script1641645940721.run(Script1641645940721.groovy:36)
	... 16 more
)
[[ATTACHMENT|C:\\Users\\Admin\\Desktop\\Katalon_TestProject\\TestAutomation_Katalon-Test-Project\\Reports\\20220112_172835\\Run all test cases\\20220112_172835\\1641984358598.png]]]]></system-out>
         <system-err><![CDATA[2022-01-12 17:45:14 - [TEST_CASE][FAILED] - Test Cases/Student/Student_Survey/Student_Input Text Survey: Test Cases/Student/Student_Survey/Student_Input Text Survey FAILED.
Reason:
com.kms.katalon.core.exception.StepFailedException: Unable to set text 'A' of object 'Object Repository/Page_Survey Critical Incidents/textarea_At what moment in class were you m_f5425c'
	at com.kms.katalon.core.webui.keyword.internal.WebUIKeywordMain.stepFailed(WebUIKeywordMain.groovy:64)
	at com.kms.katalon.core.webui.keyword.internal.WebUIKeywordMain.runKeyword(WebUIKeywordMain.groovy:26)
	at com.kms.katalon.core.webui.keyword.builtin.SetTextKeyword.setText(SetTextKeyword.groovy:66)
	at com.kms.katalon.core.webui.keyword.builtin.SetTextKeyword.execute(SetTextKeyword.groovy:37)
	at com.kms.katalon.core.keyword.internal.KeywordExecutor.executeKeywordForPlatform(KeywordExecutor.groovy:74)
	at com.kms.katalon.core.webui.keyword.WebUiBuiltInKeywords.setText(WebUiBuiltInKeywords.groovy:980)
	at com.kms.katalon.core.webui.keyword.WebUiBuiltInKeywords$setText$2.call(Unknown Source)
	at Student_Input Text Survey.run(Student_Input Text Survey:36)
	at com.kms.katalon.core.main.ScriptEngine.run(ScriptEngine.java:194)
	at com.kms.katalon.core.main.ScriptEngine.runScriptAsRawText(ScriptEngine.java:119)
	at com.kms.katalon.core.main.TestCaseExecutor.runScript(TestCaseExecutor.java:442)
	at com.kms.katalon.core.main.TestCaseExecutor.doExecute(TestCaseExecutor.java:433)
	at com.kms.katalon.core.main.TestCaseExecutor.processExecutionPhase(TestCaseExecutor.java:412)
	at com.kms.katalon.core.main.TestCaseExecutor.accessMainPhase(TestCaseExecutor.java:404)
	at com.kms.katalon.core.main.TestCaseExecutor.execute(TestCaseExecutor.java:281)
	at com.kms.katalon.core.main.TestCaseExecutor.execute(TestCaseExecutor.java:363)
	at com.kms.katalon.core.main.TestCaseExecutor.execute(TestCaseExecutor.java:363)
	at com.kms.katalon.core.main.TestCaseExecutor.execute(TestCaseExecutor.java:363)
	at com.kms.katalon.core.main.TestSuiteExecutor.accessTestCaseMainPhase(TestSuiteExecutor.java:202)
	at com.kms.katalon.core.main.TestSuiteExecutor.accessTestSuiteMainPhase(TestSuiteExecutor.java:164)
	at com.kms.katalon.core.main.TestSuiteExecutor.execute(TestSuiteExecutor.java:105)
	at com.kms.katalon.core.main.TestCaseMain.startTestSuite(TestCaseMain.java:181)
	at com.kms.katalon.core.main.TestCaseMain$startTestSuite$0.call(Unknown Source)
	at TempTestSuite1641983315460.run(TempTestSuite1641983315460.groovy:36)
Caused by: com.kms.katalon.core.webui.exception.WebElementNotFoundException: Web element with id: 'Object Repository/Page_Survey Critical Incidents/textarea_At what moment in class were you m_f5425c' located by '//textarea[@id='q69']' not found
	at com.kms.katalon.core.webui.common.WebUiCommonHelper.findWebElement(WebUiCommonHelper.java:1368)
	at com.kms.katalon.core.webui.keyword.internal.WebUIAbstractKeyword.findWebElement(WebUIAbstractKeyword.groovy:27)
	at com.kms.katalon.core.webui.keyword.internal.WebUIAbstractKeyword.findWebElement(WebUIAbstractKeyword.groovy:26)
	at com.kms.katalon.core.webui.keyword.builtin.SetTextKeyword$_setText_closure1.doCall(SetTextKeyword.groovy:51)
	at com.kms.katalon.core.webui.keyword.builtin.SetTextKeyword$_setText_closure1.call(SetTextKeyword.groovy)
	at com.kms.katalon.core.webui.keyword.internal.WebUIKeywordMain.runKeyword(WebUIKeywordMain.groovy:20)
	... 22 more]]></system-err>
      </testcase>
      <testcase name="Test Cases/Student/Student_Survey/Student_Multiple Choice Survey" time="45.321" classname="Test Cases/Student/Student_Survey/Student_Multiple Choice Survey" status="FAILED">
         <failure type="FAILED" message="Test Cases/Student/Student_Survey/Student_Multiple Choice Survey FAILED.
Reason:
com.kms.katalon.core.exception.StepFailedException: Unable to click on object 'Object Repository/Page_Survey ALLTS/input_Not yet answered_q45'
	at com.kms.katalon.core.webui.keyword.internal.WebUIKeywordMain.stepFailed(WebUIKeywordMain.groovy:64)
	at com.kms.katalon.core.webui.keyword.internal.WebUIKeywordMain.runKeyword(WebUIKeywordMain.groovy:26)
	at com.kms.katalon.core.webui.keyword.builtin.ClickKeyword.click(ClickKeyword.groovy:74)
	at com.kms.katalon.core.webui.keyword.builtin.ClickKeyword.execute(ClickKeyword.groovy:40)
	at com.kms.katalon.core.keyword.internal.KeywordExecutor.executeKeywordForPlatform(KeywordExecutor.groovy:74)
	at com.kms.katalon.core.webui.keyword.WebUiBuiltInKeywords.click(WebUiBuiltInKeywords.groovy:620)
	at com.kms.katalon.core.webui.keyword.WebUiBuiltInKeywords$click$1.call(Unknown Source)
	at Student_Multiple Choice Survey.run(Student_Multiple Choice Survey:36)
	at com.kms.katalon.core.main.ScriptEngine.run(ScriptEngine.java:194)
	at com.kms.katalon.core.main.ScriptEngine.runScriptAsRawText(ScriptEngine.java:119)
	at com.kms.katalon.core.main.TestCaseExecutor.runScript(TestCaseExecutor.java:442)
	at com.kms.katalon.core.main.TestCaseExecutor.doExecute(TestCaseExecutor.java:433)
	at com.kms.katalon.core.main.TestCaseExecutor.processExecutionPhase(TestCaseExecutor.java:412)
	at com.kms.katalon.core.main.TestCaseExecutor.accessMainPhase(TestCaseExecutor.java:404)
	at com.kms.katalon.core.main.TestCaseExecutor.execute(TestCaseExecutor.java:281)
	at com.kms.katalon.core.main.TestCaseExecutor.execute(TestCaseExecutor.java:363)
	at com.kms.katalon.core.main.TestCaseExecutor.execute(TestCaseExecutor.java:363)
	at com.kms.katalon.core.main.TestCaseExecutor.execute(TestCaseExecutor.java:363)
	at com.kms.katalon.core.main.TestSuiteExecutor.accessTestCaseMainPhase(TestSuiteExecutor.java:202)
	at com.kms.katalon.core.main.TestSuiteExecutor.accessTestSuiteMainPhase(TestSuiteExecutor.java:164)
	at com.kms.katalon.core.main.TestSuiteExecutor.execute(TestSuiteExecutor.java:105)
	at com.kms.katalon.core.main.TestCaseMain.startTestSuite(TestCaseMain.java:181)
	at com.kms.katalon.core.main.TestCaseMain$startTestSuite$0.call(Unknown Source)
	at TempTestSuite1641983315460.run(TempTestSuite1641983315460.groovy:36)
Caused by: com.kms.katalon.core.webui.exception.WebElementNotFoundException: Web element with id: 'Object Repository/Page_Survey ALLTS/input_Not yet answered_q45' located by '//input[@id='q45_1']' not found
	at com.kms.katalon.core.webui.common.WebUiCommonHelper.findWebElement(WebUiCommonHelper.java:1368)
	at com.kms.katalon.core.webui.keyword.internal.WebUIAbstractKeyword.findWebElement(WebUIAbstractKeyword.groovy:27)
	at com.kms.katalon.core.webui.keyword.builtin.ClickKeyword$_click_closure1.doCall(ClickKeyword.groovy:65)
	at com.kms.katalon.core.webui.keyword.builtin.ClickKeyword$_click_closure1.call(ClickKeyword.groovy)
	at com.kms.katalon.core.webui.keyword.internal.WebUIKeywordMain.runKeyword(WebUIKeywordMain.groovy:20)
	... 22 more
"/>
         <system-out><![CDATA[2022-01-12 17:47:53 - [TEST_CASE][FAILED] - Test Cases/Student/Student_Survey/Student_Multiple Choice Survey: Test Cases/Student/Student_Survey/Student_Multiple Choice Survey FAILED.
Reason:
com.kms.katalon.core.exception.StepFailedException: Unable to click on object 'Object Repository/Page_Survey ALLTS/input_Not yet answered_q45'
	at com.kms.katalon.core.webui.keyword.internal.WebUIKeywordMain.stepFailed(WebUIKeywordMain.groovy:64)
	at com.kms.katalon.core.webui.keyword.internal.WebUIKeywordMain.runKeyword(WebUIKeywordMain.groovy:26)
	at com.kms.katalon.core.webui.keyword.builtin.ClickKeyword.click(ClickKeyword.groovy:74)
	at com.kms.katalon.core.webui.keyword.builtin.ClickKeyword.execute(ClickKeyword.groovy:40)
	at com.kms.katalon.core.keyword.internal.KeywordExecutor.executeKeywordForPlatform(KeywordExecutor.groovy:74)
	at com.kms.katalon.core.webui.keyword.WebUiBuiltInKeywords.click(WebUiBuiltInKeywords.groovy:620)
	at com.kms.katalon.core.webui.keyword.WebUiBuiltInKeywords$click$1.call(Unknown Source)
	at Student_Multiple Choice Survey.run(Student_Multiple Choice Survey:36)
	at com.kms.katalon.core.main.ScriptEngine.run(ScriptEngine.java:194)
	at com.kms.katalon.core.main.ScriptEngine.runScriptAsRawText(ScriptEngine.java:119)
	at com.kms.katalon.core.main.TestCaseExecutor.runScript(TestCaseExecutor.java:442)
	at com.kms.katalon.core.main.TestCaseExecutor.doExecute(TestCaseExecutor.java:433)
	at com.kms.katalon.core.main.TestCaseExecutor.processExecutionPhase(TestCaseExecutor.java:412)
	at com.kms.katalon.core.main.TestCaseExecutor.accessMainPhase(TestCaseExecutor.java:404)
	at com.kms.katalon.core.main.TestCaseExecutor.execute(TestCaseExecutor.java:281)
	at com.kms.katalon.core.main.TestCaseExecutor.execute(TestCaseExecutor.java:363)
	at com.kms.katalon.core.main.TestCaseExecutor.execute(TestCaseExecutor.java:363)
	at com.kms.katalon.core.main.TestCaseExecutor.execute(TestCaseExecutor.java:363)
	at com.kms.katalon.core.main.TestSuiteExecutor.accessTestCaseMainPhase(TestSuiteExecutor.java:202)
	at com.kms.katalon.core.main.TestSuiteExecutor.accessTestSuiteMainPhase(TestSuiteExecutor.java:164)
	at com.kms.katalon.core.main.TestSuiteExecutor.execute(TestSuiteExecutor.java:105)
	at com.kms.katalon.core.main.TestCaseMain.startTestSuite(TestCaseMain.java:181)
	at com.kms.katalon.core.main.TestCaseMain$startTestSuite$0.call(Unknown Source)
	at TempTestSuite1641983315460.run(TempTestSuite1641983315460.groovy:36)
Caused by: com.kms.katalon.core.webui.exception.WebElementNotFoundException: Web element with id: 'Object Repository/Page_Survey ALLTS/input_Not yet answered_q45' located by '//input[@id='q45_1']' not found
	at com.kms.katalon.core.webui.common.WebUiCommonHelper.findWebElement(WebUiCommonHelper.java:1368)
	at com.kms.katalon.core.webui.keyword.internal.WebUIAbstractKeyword.findWebElement(WebUIAbstractKeyword.groovy:27)
	at com.kms.katalon.core.webui.keyword.builtin.ClickKeyword$_click_closure1.doCall(ClickKeyword.groovy:65)
	at com.kms.katalon.core.webui.keyword.builtin.ClickKeyword$_click_closure1.call(ClickKeyword.groovy)
	at com.kms.katalon.core.webui.keyword.internal.WebUIKeywordMain.runKeyword(WebUIKeywordMain.groovy:20)
	... 22 more


2022-01-12 17:47:53 - [TEST_STEP][PASSED] - openBrowser(""): Browser is opened with url: ''

2022-01-12 17:47:53 - [MESSAGE][WARNING] - A browser is already opened. Closing browser and opening a new one

2022-01-12 17:47:54 - [MESSAGE][INFO] - Starting 'Chrome' driver

2022-01-12 17:47:54 - [MESSAGE][INFO] - User set preference: ['args', '[window-size=1300,900]']

2022-01-12 17:47:54 - [MESSAGE][INFO] - Action delay is set to 0 milliseconds

2022-01-12 17:47:55 - [MESSAGE][PASSED] - Browser is opened with url: ''

2022-01-12 17:47:55 - [TEST_STEP][PASSED] - navigateToUrl("http://localhost:8080/moodle/"): Navigate to 'http://localhost:8080/moodle/' successfully

2022-01-12 17:47:56 - [MESSAGE][PASSED] - Navigate to 'http://localhost:8080/moodle/' successfully

2022-01-12 17:47:56 - [TEST_STEP][PASSED] - click(findTestObject("Object Repository/Page_BCS Moodle/a_Log in")): Object: 'Object Repository/Page_BCS Moodle/a_Log in' is clicked on

2022-01-12 17:47:57 - [MESSAGE][PASSED] - Object: 'Object Repository/Page_BCS Moodle/a_Log in' is clicked on

2022-01-12 17:47:57 - [TEST_STEP][PASSED] - setText(findTestObject("Object Repository/Page_BCS Moodle Log in to the site/input_Username_username"), "hoangvu"): Text 'hoangvu' is set on object 'Object Repository/Page_BCS Moodle Log in to the site/input_Username_username'

2022-01-12 17:47:57 - [MESSAGE][PASSED] - Text 'hoangvu' is set on object 'Object Repository/Page_BCS Moodle Log in to the site/input_Username_username'

2022-01-12 17:47:57 - [TEST_STEP][PASSED] - setEncryptedText(findTestObject("Object Repository/Page_BCS Moodle Log in to the site/input_Password_password"), "p4y+y39Ir5PR9RXlOHjWlj+CAJiYdX4g"): Text ****** has been set on object 'Object Repository/Page_BCS Moodle Log in to the site/input_Password_password'

2022-01-12 17:47:58 - [MESSAGE][PASSED] - Text ****** has been set on object 'Object Repository/Page_BCS Moodle Log in to the site/input_Password_password'

2022-01-12 17:47:58 - [TEST_STEP][PASSED] - click(findTestObject("Object Repository/Page_BCS Moodle Log in to the site/button_Log in")): Object: 'Object Repository/Page_BCS Moodle Log in to the site/button_Log in' is clicked on

2022-01-12 17:47:59 - [MESSAGE][PASSED] - Object: 'Object Repository/Page_BCS Moodle Log in to the site/button_Log in' is clicked on

2022-01-12 17:47:59 - [TEST_STEP][PASSED] - click(findTestObject("Object Repository/Page_Dashboard/span_TTH")): Object: 'Object Repository/Page_Dashboard/span_TTH' is clicked on

2022-01-12 17:48:02 - [MESSAGE][PASSED] - Object: 'Object Repository/Page_Dashboard/span_TTH' is clicked on

2022-01-12 17:48:02 - [TEST_STEP][PASSED] - click(findTestObject("Object Repository/Page_Course Ton t hp/span_Survey ALLTS")): Object: 'Object Repository/Page_Course Ton t hp/span_Survey ALLTS' is clicked on

2022-01-12 17:48:03 - [MESSAGE][PASSED] - Object: 'Object Repository/Page_Course Ton t hp/span_Survey ALLTS' is clicked on

2022-01-12 17:48:03 - [TEST_STEP][FAILED] - click(findTestObject("Object Repository/Page_Survey ALLTS/input_Not yet answered_q45")): Unable to click on object 'Object Repository/Page_Survey ALLTS/input_Not yet answered_q45' (Root cause: com.kms.katalon.core.exception.StepFailedException: Unable to click on object 'Object Repository/Page_Survey ALLTS/input_Not yet answered_q45'
	at com.kms.katalon.core.webui.keyword.internal.WebUIKeywordMain.stepFailed(WebUIKeywordMain.groovy:64)
	at com.kms.katalon.core.webui.keyword.internal.WebUIKeywordMain.runKeyword(WebUIKeywordMain.groovy:26)
	at com.kms.katalon.core.webui.keyword.builtin.ClickKeyword.click(ClickKeyword.groovy:74)
	at com.kms.katalon.core.webui.keyword.builtin.ClickKeyword.execute(ClickKeyword.groovy:40)
	at com.kms.katalon.core.keyword.internal.KeywordExecutor.executeKeywordForPlatform(KeywordExecutor.groovy:74)
	at com.kms.katalon.core.webui.keyword.WebUiBuiltInKeywords.click(WebUiBuiltInKeywords.groovy:620)
	at com.kms.katalon.core.webui.keyword.WebUiBuiltInKeywords$click$1.call(Unknown Source)
	at Student_Multiple Choice Survey.run(Student_Multiple Choice Survey:36)
	at com.kms.katalon.core.main.ScriptEngine.run(ScriptEngine.java:194)
	at com.kms.katalon.core.main.ScriptEngine.runScriptAsRawText(ScriptEngine.java:119)
	at com.kms.katalon.core.main.TestCaseExecutor.runScript(TestCaseExecutor.java:442)
	at com.kms.katalon.core.main.TestCaseExecutor.doExecute(TestCaseExecutor.java:433)
	at com.kms.katalon.core.main.TestCaseExecutor.processExecutionPhase(TestCaseExecutor.java:412)
	at com.kms.katalon.core.main.TestCaseExecutor.accessMainPhase(TestCaseExecutor.java:404)
	at com.kms.katalon.core.main.TestCaseExecutor.execute(TestCaseExecutor.java:281)
	at com.kms.katalon.core.main.TestCaseExecutor.execute(TestCaseExecutor.java:363)
	at com.kms.katalon.core.main.TestCaseExecutor.execute(TestCaseExecutor.java:363)
	at com.kms.katalon.core.main.TestCaseExecutor.execute(TestCaseExecutor.java:363)
	at com.kms.katalon.core.main.TestSuiteExecutor.accessTestCaseMainPhase(TestSuiteExecutor.java:202)
	at com.kms.katalon.core.main.TestSuiteExecutor.accessTestSuiteMainPhase(TestSuiteExecutor.java:164)
	at com.kms.katalon.core.main.TestSuiteExecutor.execute(TestSuiteExecutor.java:105)
	at com.kms.katalon.core.main.TestCaseMain.startTestSuite(TestCaseMain.java:181)
	at com.kms.katalon.core.main.TestCaseMain$startTestSuite$0.call(Unknown Source)
	at TempTestSuite1641983315460.run(TempTestSuite1641983315460.groovy:36)
Caused by: com.kms.katalon.core.webui.exception.WebElementNotFoundException: Web element with id: 'Object Repository/Page_Survey ALLTS/input_Not yet answered_q45' located by '//input[@id='q45_1']' not found
	at com.kms.katalon.core.webui.common.WebUiCommonHelper.findWebElement(WebUiCommonHelper.java:1368)
	at com.kms.katalon.core.webui.keyword.internal.WebUIAbstractKeyword.findWebElement(WebUIAbstractKeyword.groovy:27)
	at com.kms.katalon.core.webui.keyword.builtin.ClickKeyword$_click_closure1.doCall(ClickKeyword.groovy:65)
	at com.kms.katalon.core.webui.keyword.builtin.ClickKeyword$_click_closure1.call(ClickKeyword.groovy)
	at com.kms.katalon.core.webui.keyword.internal.WebUIKeywordMain.runKeyword(WebUIKeywordMain.groovy:20)
	at com.kms.katalon.core.webui.keyword.builtin.ClickKeyword.click(ClickKeyword.groovy:74)
	at com.kms.katalon.core.webui.keyword.builtin.ClickKeyword.execute(ClickKeyword.groovy:40)
	at com.kms.katalon.core.keyword.internal.KeywordExecutor.executeKeywordForPlatform(KeywordExecutor.groovy:74)
	at com.kms.katalon.core.webui.keyword.WebUiBuiltInKeywords.click(WebUiBuiltInKeywords.groovy:620)
	at com.kms.katalon.core.webui.keyword.WebUiBuiltInKeywords$click$1.call(Unknown Source)
	at Script1641652064619.run(Script1641652064619.groovy:36)
	... 16 more
)

2022-01-12 17:48:35 - [MESSAGE][INFO] - Unable to find the element located by 'By.xpath: //input[@id='q45_1']'. Please recheck the objects properties to make sure the desired element is located. 

2022-01-12 17:48:35 - [MESSAGE][WARNING] - [SELF-HEALING] Failed to find element with id 'Object Repository/Page_Survey ALLTS/input_Not yet answered_q45'. Try using Self-healing.

2022-01-12 17:48:35 - [MESSAGE][INFO] - [SELF-HEALING] Failed Locator: '//input[@id='q45_1']'.

2022-01-12 17:48:35 - [MESSAGE][INFO] - [SELF-HEALING] Failed Locator: '//form[@id='surveyform']/div/table/tbody/tr[3]/td[2]/label/input'.

2022-01-12 17:48:35 - [MESSAGE][INFO] - [SELF-HEALING] Failed Locator: '//td[2]/label/input'.

2022-01-12 17:48:36 - [MESSAGE][INFO] - [SELF-HEALING] Failed Locator: '//input[@id='q45_1']'.

2022-01-12 17:48:36 - [MESSAGE][INFO] - [SELF-HEALING] Failed Locator: '//form[@id='surveyform']/div/table/tbody/tr[3]/td[2]/label/input'.

2022-01-12 17:48:36 - [MESSAGE][INFO] - [SELF-HEALING] Failed Locator: '//td[2]/label/input'.

2022-01-12 17:48:37 - [MESSAGE][INFO] - Unable to find the element located by 'By.xpath: //*[@type = 'radio' and @name = 'q45' and @id = 'q45_1']'. Please recheck the objects properties to make sure the desired element is located. 

2022-01-12 17:48:39 - [MESSAGE][INFO] - Unable to find the element located by 'By.cssSelector: #q45_1'. Please recheck the objects properties to make sure the desired element is located. 

2022-01-12 17:48:39 - [MESSAGE][FAILED] - Unable to click on object 'Object Repository/Page_Survey ALLTS/input_Not yet answered_q45' (Root cause: com.kms.katalon.core.exception.StepFailedException: Unable to click on object 'Object Repository/Page_Survey ALLTS/input_Not yet answered_q45'
	at com.kms.katalon.core.webui.keyword.internal.WebUIKeywordMain.stepFailed(WebUIKeywordMain.groovy:64)
	at com.kms.katalon.core.webui.keyword.internal.WebUIKeywordMain.runKeyword(WebUIKeywordMain.groovy:26)
	at com.kms.katalon.core.webui.keyword.builtin.ClickKeyword.click(ClickKeyword.groovy:74)
	at com.kms.katalon.core.webui.keyword.builtin.ClickKeyword.execute(ClickKeyword.groovy:40)
	at com.kms.katalon.core.keyword.internal.KeywordExecutor.executeKeywordForPlatform(KeywordExecutor.groovy:74)
	at com.kms.katalon.core.webui.keyword.WebUiBuiltInKeywords.click(WebUiBuiltInKeywords.groovy:620)
	at com.kms.katalon.core.webui.keyword.WebUiBuiltInKeywords$click$1.call(Unknown Source)
	at Student_Multiple Choice Survey.run(Student_Multiple Choice Survey:36)
	at com.kms.katalon.core.main.ScriptEngine.run(ScriptEngine.java:194)
	at com.kms.katalon.core.main.ScriptEngine.runScriptAsRawText(ScriptEngine.java:119)
	at com.kms.katalon.core.main.TestCaseExecutor.runScript(TestCaseExecutor.java:442)
	at com.kms.katalon.core.main.TestCaseExecutor.doExecute(TestCaseExecutor.java:433)
	at com.kms.katalon.core.main.TestCaseExecutor.processExecutionPhase(TestCaseExecutor.java:412)
	at com.kms.katalon.core.main.TestCaseExecutor.accessMainPhase(TestCaseExecutor.java:404)
	at com.kms.katalon.core.main.TestCaseExecutor.execute(TestCaseExecutor.java:281)
	at com.kms.katalon.core.main.TestCaseExecutor.execute(TestCaseExecutor.java:363)
	at com.kms.katalon.core.main.TestCaseExecutor.execute(TestCaseExecutor.java:363)
	at com.kms.katalon.core.main.TestCaseExecutor.execute(TestCaseExecutor.java:363)
	at com.kms.katalon.core.main.TestSuiteExecutor.accessTestCaseMainPhase(TestSuiteExecutor.java:202)
	at com.kms.katalon.core.main.TestSuiteExecutor.accessTestSuiteMainPhase(TestSuiteExecutor.java:164)
	at com.kms.katalon.core.main.TestSuiteExecutor.execute(TestSuiteExecutor.java:105)
	at com.kms.katalon.core.main.TestCaseMain.startTestSuite(TestCaseMain.java:181)
	at com.kms.katalon.core.main.TestCaseMain$startTestSuite$0.call(Unknown Source)
	at TempTestSuite1641983315460.run(TempTestSuite1641983315460.groovy:36)
Caused by: com.kms.katalon.core.webui.exception.WebElementNotFoundException: Web element with id: 'Object Repository/Page_Survey ALLTS/input_Not yet answered_q45' located by '//input[@id='q45_1']' not found
	at com.kms.katalon.core.webui.common.WebUiCommonHelper.findWebElement(WebUiCommonHelper.java:1368)
	at com.kms.katalon.core.webui.keyword.internal.WebUIAbstractKeyword.findWebElement(WebUIAbstractKeyword.groovy:27)
	at com.kms.katalon.core.webui.keyword.builtin.ClickKeyword$_click_closure1.doCall(ClickKeyword.groovy:65)
	at com.kms.katalon.core.webui.keyword.builtin.ClickKeyword$_click_closure1.call(ClickKeyword.groovy)
	at com.kms.katalon.core.webui.keyword.internal.WebUIKeywordMain.runKeyword(WebUIKeywordMain.groovy:20)
	at com.kms.katalon.core.webui.keyword.builtin.ClickKeyword.click(ClickKeyword.groovy:74)
	at com.kms.katalon.core.webui.keyword.builtin.ClickKeyword.execute(ClickKeyword.groovy:40)
	at com.kms.katalon.core.keyword.internal.KeywordExecutor.executeKeywordForPlatform(KeywordExecutor.groovy:74)
	at com.kms.katalon.core.webui.keyword.WebUiBuiltInKeywords.click(WebUiBuiltInKeywords.groovy:620)
	at com.kms.katalon.core.webui.keyword.WebUiBuiltInKeywords$click$1.call(Unknown Source)
	at Script1641652064619.run(Script1641652064619.groovy:36)
	... 16 more
)
[[ATTACHMENT|C:\\Users\\Admin\\Desktop\\Katalon_TestProject\\TestAutomation_Katalon-Test-Project\\Reports\\20220112_172835\\Run all test cases\\20220112_172835\\1641984519062.png]]]]></system-out>
         <system-err><![CDATA[2022-01-12 17:47:53 - [TEST_CASE][FAILED] - Test Cases/Student/Student_Survey/Student_Multiple Choice Survey: Test Cases/Student/Student_Survey/Student_Multiple Choice Survey FAILED.
Reason:
com.kms.katalon.core.exception.StepFailedException: Unable to click on object 'Object Repository/Page_Survey ALLTS/input_Not yet answered_q45'
	at com.kms.katalon.core.webui.keyword.internal.WebUIKeywordMain.stepFailed(WebUIKeywordMain.groovy:64)
	at com.kms.katalon.core.webui.keyword.internal.WebUIKeywordMain.runKeyword(WebUIKeywordMain.groovy:26)
	at com.kms.katalon.core.webui.keyword.builtin.ClickKeyword.click(ClickKeyword.groovy:74)
	at com.kms.katalon.core.webui.keyword.builtin.ClickKeyword.execute(ClickKeyword.groovy:40)
	at com.kms.katalon.core.keyword.internal.KeywordExecutor.executeKeywordForPlatform(KeywordExecutor.groovy:74)
	at com.kms.katalon.core.webui.keyword.WebUiBuiltInKeywords.click(WebUiBuiltInKeywords.groovy:620)
	at com.kms.katalon.core.webui.keyword.WebUiBuiltInKeywords$click$1.call(Unknown Source)
	at Student_Multiple Choice Survey.run(Student_Multiple Choice Survey:36)
	at com.kms.katalon.core.main.ScriptEngine.run(ScriptEngine.java:194)
	at com.kms.katalon.core.main.ScriptEngine.runScriptAsRawText(ScriptEngine.java:119)
	at com.kms.katalon.core.main.TestCaseExecutor.runScript(TestCaseExecutor.java:442)
	at com.kms.katalon.core.main.TestCaseExecutor.doExecute(TestCaseExecutor.java:433)
	at com.kms.katalon.core.main.TestCaseExecutor.processExecutionPhase(TestCaseExecutor.java:412)
	at com.kms.katalon.core.main.TestCaseExecutor.accessMainPhase(TestCaseExecutor.java:404)
	at com.kms.katalon.core.main.TestCaseExecutor.execute(TestCaseExecutor.java:281)
	at com.kms.katalon.core.main.TestCaseExecutor.execute(TestCaseExecutor.java:363)
	at com.kms.katalon.core.main.TestCaseExecutor.execute(TestCaseExecutor.java:363)
	at com.kms.katalon.core.main.TestCaseExecutor.execute(TestCaseExecutor.java:363)
	at com.kms.katalon.core.main.TestSuiteExecutor.accessTestCaseMainPhase(TestSuiteExecutor.java:202)
	at com.kms.katalon.core.main.TestSuiteExecutor.accessTestSuiteMainPhase(TestSuiteExecutor.java:164)
	at com.kms.katalon.core.main.TestSuiteExecutor.execute(TestSuiteExecutor.java:105)
	at com.kms.katalon.core.main.TestCaseMain.startTestSuite(TestCaseMain.java:181)
	at com.kms.katalon.core.main.TestCaseMain$startTestSuite$0.call(Unknown Source)
	at TempTestSuite1641983315460.run(TempTestSuite1641983315460.groovy:36)
Caused by: com.kms.katalon.core.webui.exception.WebElementNotFoundException: Web element with id: 'Object Repository/Page_Survey ALLTS/input_Not yet answered_q45' located by '//input[@id='q45_1']' not found
	at com.kms.katalon.core.webui.common.WebUiCommonHelper.findWebElement(WebUiCommonHelper.java:1368)
	at com.kms.katalon.core.webui.keyword.internal.WebUIAbstractKeyword.findWebElement(WebUIAbstractKeyword.groovy:27)
	at com.kms.katalon.core.webui.keyword.builtin.ClickKeyword$_click_closure1.doCall(ClickKeyword.groovy:65)
	at com.kms.katalon.core.webui.keyword.builtin.ClickKeyword$_click_closure1.call(ClickKeyword.groovy)
	at com.kms.katalon.core.webui.keyword.internal.WebUIKeywordMain.runKeyword(WebUIKeywordMain.groovy:20)
	... 22 more]]></system-err>
      </testcase>
      <testcase name="Test Cases/Student/Student_Quiz/Student_Quiz_Multiple Choices With Multiple Questions" time="23.728" classname="Test Cases/Student/Student_Quiz/Student_Quiz_Multiple Choices With Multiple Questions" status="PASSED">
         <system-out><![CDATA[2022-01-12 17:48:39 - [TEST_CASE][PASSED] - Test Cases/Student/Student_Quiz/Student_Quiz_Multiple Choices With Multiple Questions: Test Cases/Student/Student_Quiz/Student_Quiz_Multiple Choices With Multiple Questions

2022-01-12 17:48:39 - [TEST_STEP][PASSED] - openBrowser(""): Browser is opened with url: ''

2022-01-12 17:48:39 - [MESSAGE][WARNING] - A browser is already opened. Closing browser and opening a new one

2022-01-12 17:48:40 - [MESSAGE][INFO] - Starting 'Chrome' driver

2022-01-12 17:48:40 - [MESSAGE][INFO] - User set preference: ['args', '[window-size=1300,900]']

2022-01-12 17:48:40 - [MESSAGE][INFO] - Action delay is set to 0 milliseconds

2022-01-12 17:48:41 - [MESSAGE][PASSED] - Browser is opened with url: ''

2022-01-12 17:48:41 - [TEST_STEP][PASSED] - navigateToUrl("http://localhost:8080/moodle/"): Navigate to 'http://localhost:8080/moodle/' successfully

2022-01-12 17:48:41 - [MESSAGE][PASSED] - Navigate to 'http://localhost:8080/moodle/' successfully

2022-01-12 17:48:41 - [TEST_STEP][PASSED] - click(findTestObject("Object Repository/Page_BCS Moodle/a_Log in")): Object: 'Object Repository/Page_BCS Moodle/a_Log in' is clicked on

2022-01-12 17:48:42 - [MESSAGE][PASSED] - Object: 'Object Repository/Page_BCS Moodle/a_Log in' is clicked on

2022-01-12 17:48:42 - [TEST_STEP][PASSED] - setText(findTestObject("Object Repository/Page_BCS Moodle Log in to the site/input_Username_username"), "hoangvu"): Text 'hoangvu' is set on object 'Object Repository/Page_BCS Moodle Log in to the site/input_Username_username'

2022-01-12 17:48:43 - [MESSAGE][PASSED] - Text 'hoangvu' is set on object 'Object Repository/Page_BCS Moodle Log in to the site/input_Username_username'

2022-01-12 17:48:43 - [TEST_STEP][PASSED] - setEncryptedText(findTestObject("Object Repository/Page_BCS Moodle Log in to the site/input_Password_password"), "p4y+y39Ir5PR9RXlOHjWlj+CAJiYdX4g"): Text ****** has been set on object 'Object Repository/Page_BCS Moodle Log in to the site/input_Password_password'

2022-01-12 17:48:44 - [MESSAGE][PASSED] - Text ****** has been set on object 'Object Repository/Page_BCS Moodle Log in to the site/input_Password_password'

2022-01-12 17:48:44 - [TEST_STEP][PASSED] - click(findTestObject("Object Repository/Page_BCS Moodle Log in to the site/button_Log in")): Object: 'Object Repository/Page_BCS Moodle Log in to the site/button_Log in' is clicked on

2022-01-12 17:48:45 - [MESSAGE][PASSED] - Object: 'Object Repository/Page_BCS Moodle Log in to the site/button_Log in' is clicked on

2022-01-12 17:48:45 - [TEST_STEP][PASSED] - navigateToUrl("http://localhost:8080/moodle/course/view.php?id=4"): Navigate to 'http://localhost:8080/moodle/course/view.php?id=4' successfully

2022-01-12 17:48:46 - [MESSAGE][PASSED] - Navigate to 'http://localhost:8080/moodle/course/view.php?id=4' successfully

2022-01-12 17:48:46 - [TEST_STEP][PASSED] - click(findTestObject("Object Repository/Page_Course Ton t hp/span_Quiz Nhiu cu  nhiu la chn")): Object: 'Object Repository/Page_Course Ton t hp/span_Quiz Nhiu cu  nhiu la chn' is clicked on

2022-01-12 17:48:47 - [MESSAGE][PASSED] - Object: 'Object Repository/Page_Course Ton t hp/span_Quiz Nhiu cu  nhiu la chn' is clicked on

2022-01-12 17:48:47 - [TEST_STEP][PASSED] - navigateToUrl("http://localhost:8080/moodle/mod/quiz/view.php?id=21"): Navigate to 'http://localhost:8080/moodle/mod/quiz/view.php?id=21' successfully

2022-01-12 17:48:48 - [MESSAGE][PASSED] - Navigate to 'http://localhost:8080/moodle/mod/quiz/view.php?id=21' successfully

2022-01-12 17:48:48 - [TEST_STEP][PASSED] - click(findTestObject("Object Repository/Page_TTH Quiz Nhiu cu  nhiu la chn/button_Attempt quiz now")): Object: 'Object Repository/Page_TTH Quiz Nhiu cu  nhiu la chn/button_Attempt quiz now' is clicked on

2022-01-12 17:48:50 - [MESSAGE][PASSED] - Object: 'Object Repository/Page_TTH Quiz Nhiu cu  nhiu la chn/button_Attempt quiz now' is clicked on

2022-01-12 17:48:50 - [TEST_STEP][PASSED] - click(findTestObject("Object Repository/Page_Quiz Nhiu cu  nhiu la chn (page 1 of 2)/div_b. 6")): Object: 'Object Repository/Page_Quiz Nhiu cu  nhiu la chn (page 1 of 2)/div_b. 6' is clicked on

2022-01-12 17:48:50 - [MESSAGE][PASSED] - Object: 'Object Repository/Page_Quiz Nhiu cu  nhiu la chn (page 1 of 2)/div_b. 6' is clicked on

2022-01-12 17:48:50 - [TEST_STEP][PASSED] - click(findTestObject("Object Repository/Page_Quiz Nhiu cu  nhiu la chn (page 1 of 2)/input_a_q201_choice1")): Object: 'Object Repository/Page_Quiz Nhiu cu  nhiu la chn (page 1 of 2)/input_a_q201_choice1' is clicked on

2022-01-12 17:48:51 - [MESSAGE][PASSED] - Object: 'Object Repository/Page_Quiz Nhiu cu  nhiu la chn (page 1 of 2)/input_a_q201_choice1' is clicked on

2022-01-12 17:48:51 - [TEST_STEP][PASSED] - click(findTestObject("Object Repository/Page_Quiz Nhiu cu  nhiu la chn (page 1 of 2)/input_b_q201_choice2")): Object: 'Object Repository/Page_Quiz Nhiu cu  nhiu la chn (page 1 of 2)/input_b_q201_choice2' is clicked on

2022-01-12 17:48:51 - [MESSAGE][PASSED] - Object: 'Object Repository/Page_Quiz Nhiu cu  nhiu la chn (page 1 of 2)/input_b_q201_choice2' is clicked on

2022-01-12 17:48:51 - [TEST_STEP][PASSED] - click(findTestObject("Object Repository/Page_Quiz Nhiu cu  nhiu la chn (page 1 of 2)/input_c_q201_choice3")): Object: 'Object Repository/Page_Quiz Nhiu cu  nhiu la chn (page 1 of 2)/input_c_q201_choice3' is clicked on

2022-01-12 17:48:52 - [MESSAGE][PASSED] - Object: 'Object Repository/Page_Quiz Nhiu cu  nhiu la chn (page 1 of 2)/input_c_q201_choice3' is clicked on

2022-01-12 17:48:52 - [TEST_STEP][PASSED] - click(findTestObject("Object Repository/Page_Quiz Nhiu cu  nhiu la chn (page 1 of 2)/input_b_q202_choice2")): Object: 'Object Repository/Page_Quiz Nhiu cu  nhiu la chn (page 1 of 2)/input_b_q202_choice2' is clicked on

2022-01-12 17:48:52 - [MESSAGE][PASSED] - Object: 'Object Repository/Page_Quiz Nhiu cu  nhiu la chn (page 1 of 2)/input_b_q202_choice2' is clicked on

2022-01-12 17:48:52 - [TEST_STEP][PASSED] - click(findTestObject("Object Repository/Page_Quiz Nhiu cu  nhiu la chn (page 1 of 2)/input_a_q202_choice1")): Object: 'Object Repository/Page_Quiz Nhiu cu  nhiu la chn (page 1 of 2)/input_a_q202_choice1' is clicked on

2022-01-12 17:48:53 - [MESSAGE][PASSED] - Object: 'Object Repository/Page_Quiz Nhiu cu  nhiu la chn (page 1 of 2)/input_a_q202_choice1' is clicked on

2022-01-12 17:48:53 - [TEST_STEP][PASSED] - click(findTestObject("Object Repository/Page_Quiz Nhiu cu  nhiu la chn (page 1 of 2)/input_c_q202_choice3")): Object: 'Object Repository/Page_Quiz Nhiu cu  nhiu la chn (page 1 of 2)/input_c_q202_choice3' is clicked on

2022-01-12 17:48:53 - [MESSAGE][PASSED] - Object: 'Object Repository/Page_Quiz Nhiu cu  nhiu la chn (page 1 of 2)/input_c_q202_choice3' is clicked on

2022-01-12 17:48:53 - [TEST_STEP][PASSED] - click(findTestObject("Object Repository/Page_Quiz Nhiu cu  nhiu la chn (page 1 of 2)/input_Question text_q202_choice0")): Object: 'Object Repository/Page_Quiz Nhiu cu  nhiu la chn (page 1 of 2)/input_Question text_q202_choice0' is clicked on

2022-01-12 17:48:54 - [MESSAGE][PASSED] - Object: 'Object Repository/Page_Quiz Nhiu cu  nhiu la chn (page 1 of 2)/input_Question text_q202_choice0' is clicked on

2022-01-12 17:48:54 - [TEST_STEP][PASSED] - click(findTestObject("Object Repository/Page_Quiz Nhiu cu  nhiu la chn (page 1 of 2)/input_d_next")): Object: 'Object Repository/Page_Quiz Nhiu cu  nhiu la chn (page 1 of 2)/input_d_next' is clicked on

2022-01-12 17:48:55 - [MESSAGE][PASSED] - Object: 'Object Repository/Page_Quiz Nhiu cu  nhiu la chn (page 1 of 2)/input_d_next' is clicked on

2022-01-12 17:48:55 - [TEST_STEP][PASSED] - click(findTestObject("Object Repository/Page_Quiz Nhiu cu  nhiu la chn (page 2 of 2)/input_c_q203_choice3")): Object: 'Object Repository/Page_Quiz Nhiu cu  nhiu la chn (page 2 of 2)/input_c_q203_choice3' is clicked on

2022-01-12 17:48:56 - [MESSAGE][PASSED] - Object: 'Object Repository/Page_Quiz Nhiu cu  nhiu la chn (page 2 of 2)/input_c_q203_choice3' is clicked on

2022-01-12 17:48:56 - [TEST_STEP][PASSED] - click(findTestObject("Object Repository/Page_Quiz Nhiu cu  nhiu la chn (page 2 of 2)/div_c. 32")): Object: 'Object Repository/Page_Quiz Nhiu cu  nhiu la chn (page 2 of 2)/div_c. 32' is clicked on

2022-01-12 17:48:56 - [MESSAGE][PASSED] - Object: 'Object Repository/Page_Quiz Nhiu cu  nhiu la chn (page 2 of 2)/div_c. 32' is clicked on

2022-01-12 17:48:56 - [TEST_STEP][PASSED] - click(findTestObject("Object Repository/Page_Quiz Nhiu cu  nhiu la chn (page 2 of 2)/input_b_q203_choice2")): Object: 'Object Repository/Page_Quiz Nhiu cu  nhiu la chn (page 2 of 2)/input_b_q203_choice2' is clicked on

2022-01-12 17:48:57 - [MESSAGE][PASSED] - Object: 'Object Repository/Page_Quiz Nhiu cu  nhiu la chn (page 2 of 2)/input_b_q203_choice2' is clicked on

2022-01-12 17:48:57 - [TEST_STEP][PASSED] - click(findTestObject("Object Repository/Page_Quiz Nhiu cu  nhiu la chn (page 2 of 2)/input_d_next")): Object: 'Object Repository/Page_Quiz Nhiu cu  nhiu la chn (page 2 of 2)/input_d_next' is clicked on

2022-01-12 17:48:58 - [MESSAGE][PASSED] - Object: 'Object Repository/Page_Quiz Nhiu cu  nhiu la chn (page 2 of 2)/input_d_next' is clicked on

2022-01-12 17:48:58 - [TEST_STEP][PASSED] - verifyElementText(findTestObject("Object Repository/Page_Quiz Nhiu cu  nhiu la chn Attempt summary/td_Answer saved"), "Answer saved"): Actual text and expected text of test object 'Object Repository/Page_Quiz Nhiu cu  nhiu la chn Attempt summary/td_Answer saved' are matched.

2022-01-12 17:48:58 - [MESSAGE][PASSED] - Actual text and expected text of test object 'Object Repository/Page_Quiz Nhiu cu  nhiu la chn Attempt summary/td_Answer saved' are matched.

2022-01-12 17:48:58 - [TEST_STEP][PASSED] - click(findTestObject("Object Repository/Page_Quiz Nhiu cu  nhiu la chn Attempt summary/button_Submit all and finish_1")): Object: 'Object Repository/Page_Quiz Nhiu cu  nhiu la chn Attempt summary/button_Submit all and finish_1' is clicked on

2022-01-12 17:48:59 - [MESSAGE][PASSED] - Object: 'Object Repository/Page_Quiz Nhiu cu  nhiu la chn Attempt summary/button_Submit all and finish_1' is clicked on

2022-01-12 17:48:59 - [TEST_STEP][PASSED] - click(findTestObject("Object Repository/Page_Quiz Nhiu cu  nhiu la chn Attempt summary/input_Once you submit, you will no longer b_741fcb")): Object: 'Object Repository/Page_Quiz Nhiu cu  nhiu la chn Attempt summary/input_Once you submit, you will no longer b_741fcb' is clicked on

2022-01-12 17:49:00 - [MESSAGE][PASSED] - Object: 'Object Repository/Page_Quiz Nhiu cu  nhiu la chn Attempt summary/input_Once you submit, you will no longer b_741fcb' is clicked on

2022-01-12 17:49:00 - [TEST_STEP][PASSED] - verifyElementText(findTestObject("Object Repository/Page_Quiz Nhiu cu  nhiu la chn Attempt review/td_Finished"), "Finished"): Actual text and expected text of test object 'Object Repository/Page_Quiz Nhiu cu  nhiu la chn Attempt review/td_Finished' are matched.

2022-01-12 17:49:01 - [MESSAGE][PASSED] - Actual text and expected text of test object 'Object Repository/Page_Quiz Nhiu cu  nhiu la chn Attempt review/td_Finished' are matched.

2022-01-12 17:49:01 - [TEST_STEP][PASSED] - click(findTestObject("Object Repository/Page_Quiz Nhiu cu  nhiu la chn Attempt review/a_Finish review")): Object: 'Object Repository/Page_Quiz Nhiu cu  nhiu la chn Attempt review/a_Finish review' is clicked on

2022-01-12 17:49:02 - [MESSAGE][PASSED] - Object: 'Object Repository/Page_Quiz Nhiu cu  nhiu la chn Attempt review/a_Finish review' is clicked on

2022-01-12 17:49:02 - [TEST_STEP][PASSED] - closeBrowser(): Browser is closed

2022-01-12 17:49:02 - [MESSAGE][PASSED] - Browser is closed]]></system-out>
         <system-err><![CDATA[]]></system-err>
      </testcase>
      <testcase name="Test Cases/Student/Student_Quiz/Student_Quiz_Multiple Choices With One Question" time="16.667" classname="Test Cases/Student/Student_Quiz/Student_Quiz_Multiple Choices With One Question" status="PASSED">
         <system-out><![CDATA[2022-01-12 17:49:02 - [TEST_CASE][PASSED] - Test Cases/Student/Student_Quiz/Student_Quiz_Multiple Choices With One Question: Test Cases/Student/Student_Quiz/Student_Quiz_Multiple Choices With One Question

2022-01-12 17:49:03 - [TEST_STEP][PASSED] - openBrowser(""): Browser is opened with url: ''

2022-01-12 17:49:03 - [MESSAGE][INFO] - Starting 'Chrome' driver

2022-01-12 17:49:03 - [MESSAGE][INFO] - User set preference: ['args', '[window-size=1300,900]']

2022-01-12 17:49:03 - [MESSAGE][INFO] - Action delay is set to 0 milliseconds

2022-01-12 17:49:04 - [MESSAGE][PASSED] - Browser is opened with url: ''

2022-01-12 17:49:04 - [TEST_STEP][PASSED] - navigateToUrl("http://localhost:8080/moodle/"): Navigate to 'http://localhost:8080/moodle/' successfully

2022-01-12 17:49:05 - [MESSAGE][PASSED] - Navigate to 'http://localhost:8080/moodle/' successfully

2022-01-12 17:49:05 - [TEST_STEP][PASSED] - click(findTestObject("Object Repository/Page_BCS Moodle/a_Log in")): Object: 'Object Repository/Page_BCS Moodle/a_Log in' is clicked on

2022-01-12 17:49:05 - [MESSAGE][PASSED] - Object: 'Object Repository/Page_BCS Moodle/a_Log in' is clicked on

2022-01-12 17:49:05 - [TEST_STEP][PASSED] - setText(findTestObject("Object Repository/Page_BCS Moodle Log in to the site/input_Username_username"), "hoangvu"): Text 'hoangvu' is set on object 'Object Repository/Page_BCS Moodle Log in to the site/input_Username_username'

2022-01-12 17:49:06 - [MESSAGE][PASSED] - Text 'hoangvu' is set on object 'Object Repository/Page_BCS Moodle Log in to the site/input_Username_username'

2022-01-12 17:49:06 - [TEST_STEP][PASSED] - setEncryptedText(findTestObject("Object Repository/Page_BCS Moodle Log in to the site/input_Password_password"), "p4y+y39Ir5PR9RXlOHjWlj+CAJiYdX4g"): Text ****** has been set on object 'Object Repository/Page_BCS Moodle Log in to the site/input_Password_password'

2022-01-12 17:49:07 - [MESSAGE][PASSED] - Text ****** has been set on object 'Object Repository/Page_BCS Moodle Log in to the site/input_Password_password'

2022-01-12 17:49:07 - [TEST_STEP][PASSED] - click(findTestObject("Object Repository/Page_BCS Moodle Log in to the site/button_Log in")): Object: 'Object Repository/Page_BCS Moodle Log in to the site/button_Log in' is clicked on

2022-01-12 17:49:08 - [MESSAGE][PASSED] - Object: 'Object Repository/Page_BCS Moodle Log in to the site/button_Log in' is clicked on

2022-01-12 17:49:08 - [TEST_STEP][PASSED] - navigateToUrl("http://localhost:8080/moodle/course/view.php?id=4"): Navigate to 'http://localhost:8080/moodle/course/view.php?id=4' successfully

2022-01-12 17:49:09 - [MESSAGE][PASSED] - Navigate to 'http://localhost:8080/moodle/course/view.php?id=4' successfully

2022-01-12 17:49:09 - [TEST_STEP][PASSED] - click(findTestObject("Object Repository/Page_Course Ton t hp/span_Quiz Nhiu la chn  Mt cu")): Object: 'Object Repository/Page_Course Ton t hp/span_Quiz Nhiu la chn  Mt cu' is clicked on

2022-01-12 17:49:11 - [MESSAGE][PASSED] - Object: 'Object Repository/Page_Course Ton t hp/span_Quiz Nhiu la chn  Mt cu' is clicked on

2022-01-12 17:49:11 - [TEST_STEP][PASSED] - navigateToUrl("http://localhost:8080/moodle/mod/quiz/view.php?id=20"): Navigate to 'http://localhost:8080/moodle/mod/quiz/view.php?id=20' successfully

2022-01-12 17:49:11 - [MESSAGE][PASSED] - Navigate to 'http://localhost:8080/moodle/mod/quiz/view.php?id=20' successfully

2022-01-12 17:49:11 - [TEST_STEP][PASSED] - click(findTestObject("Object Repository/Page_TTH Quiz Nhiu la chn  Mt cu/button_Re-attempt quiz")): Object: 'Object Repository/Page_TTH Quiz Nhiu la chn  Mt cu/button_Re-attempt quiz' is clicked on

2022-01-12 17:49:12 - [MESSAGE][PASSED] - Object: 'Object Repository/Page_TTH Quiz Nhiu la chn  Mt cu/button_Re-attempt quiz' is clicked on

2022-01-12 17:49:12 - [TEST_STEP][PASSED] - click(findTestObject("Object Repository/Page_Quiz Nhiu la chn  Mt cu/input_Question text_q261_choice0")): Object: 'Object Repository/Page_Quiz Nhiu la chn  Mt cu/input_Question text_q261_choice0' is clicked on

2022-01-12 17:49:13 - [MESSAGE][PASSED] - Object: 'Object Repository/Page_Quiz Nhiu la chn  Mt cu/input_Question text_q261_choice0' is clicked on

2022-01-12 17:49:13 - [TEST_STEP][PASSED] - click(findTestObject("Object Repository/Page_Quiz Nhiu la chn  Mt cu/input_a_q261_choice1")): Object: 'Object Repository/Page_Quiz Nhiu la chn  Mt cu/input_a_q261_choice1' is clicked on

2022-01-12 17:49:14 - [MESSAGE][PASSED] - Object: 'Object Repository/Page_Quiz Nhiu la chn  Mt cu/input_a_q261_choice1' is clicked on

2022-01-12 17:49:14 - [TEST_STEP][PASSED] - click(findTestObject("Object Repository/Page_Quiz Nhiu la chn  Mt cu/input_d_next")): Object: 'Object Repository/Page_Quiz Nhiu la chn  Mt cu/input_d_next' is clicked on

2022-01-12 17:49:15 - [MESSAGE][PASSED] - Object: 'Object Repository/Page_Quiz Nhiu la chn  Mt cu/input_d_next' is clicked on

2022-01-12 17:49:15 - [TEST_STEP][PASSED] - verifyElementText(findTestObject("Object Repository/Page_Quiz Nhiu cu  nhiu la chn Attempt summary/td_Answer saved"), "Answer saved"): Actual text and expected text of test object 'Object Repository/Page_Quiz Nhiu cu  nhiu la chn Attempt summary/td_Answer saved' are matched.

2022-01-12 17:49:15 - [MESSAGE][PASSED] - Actual text and expected text of test object 'Object Repository/Page_Quiz Nhiu cu  nhiu la chn Attempt summary/td_Answer saved' are matched.

2022-01-12 17:49:15 - [TEST_STEP][PASSED] - click(findTestObject("Object Repository/Page_Quiz Nhiu la chn  Mt cu Attempt summary/button_Submit all and finish")): Object: 'Object Repository/Page_Quiz Nhiu la chn  Mt cu Attempt summary/button_Submit all and finish' is clicked on

2022-01-12 17:49:16 - [MESSAGE][PASSED] - Object: 'Object Repository/Page_Quiz Nhiu la chn  Mt cu Attempt summary/button_Submit all and finish' is clicked on

2022-01-12 17:49:16 - [TEST_STEP][PASSED] - click(findTestObject("Object Repository/Page_Quiz Nhiu la chn  Mt cu Attempt summary/input_Once you submit, you will no longer b_983128")): Object: 'Object Repository/Page_Quiz Nhiu la chn  Mt cu Attempt summary/input_Once you submit, you will no longer b_983128' is clicked on

2022-01-12 17:49:17 - [MESSAGE][PASSED] - Object: 'Object Repository/Page_Quiz Nhiu la chn  Mt cu Attempt summary/input_Once you submit, you will no longer b_983128' is clicked on

2022-01-12 17:49:17 - [TEST_STEP][PASSED] - verifyElementText(findTestObject("Object Repository/Page_Quiz Nhiu cu  nhiu la chn Attempt review/td_Finished"), "Finished"): Actual text and expected text of test object 'Object Repository/Page_Quiz Nhiu cu  nhiu la chn Attempt review/td_Finished' are matched.

2022-01-12 17:49:18 - [MESSAGE][PASSED] - Actual text and expected text of test object 'Object Repository/Page_Quiz Nhiu cu  nhiu la chn Attempt review/td_Finished' are matched.

2022-01-12 17:49:18 - [TEST_STEP][PASSED] - click(findTestObject("Object Repository/Page_Quiz Nhiu la chn  Mt cu Attempt review/a_Finish review")): Object: 'Object Repository/Page_Quiz Nhiu la chn  Mt cu Attempt review/a_Finish review' is clicked on

2022-01-12 17:49:19 - [MESSAGE][PASSED] - Object: 'Object Repository/Page_Quiz Nhiu la chn  Mt cu Attempt review/a_Finish review' is clicked on

2022-01-12 17:49:19 - [TEST_STEP][PASSED] - closeBrowser(): Browser is closed

2022-01-12 17:49:19 - [MESSAGE][PASSED] - Browser is closed]]></system-out>
         <system-err><![CDATA[]]></system-err>
      </testcase>
      <testcase name="Test Cases/Student/Student_Quiz/Student_Quiz_Single Choice With Multiple Questions" time="19.585" classname="Test Cases/Student/Student_Quiz/Student_Quiz_Single Choice With Multiple Questions" status="PASSED">
         <system-out><![CDATA[2022-01-12 17:49:19 - [TEST_CASE][PASSED] - Test Cases/Student/Student_Quiz/Student_Quiz_Single Choice With Multiple Questions: Test Cases/Student/Student_Quiz/Student_Quiz_Single Choice With Multiple Questions

2022-01-12 17:49:19 - [TEST_STEP][PASSED] - openBrowser(""): Browser is opened with url: ''

2022-01-12 17:49:19 - [MESSAGE][INFO] - Starting 'Chrome' driver

2022-01-12 17:49:19 - [MESSAGE][INFO] - User set preference: ['args', '[window-size=1300,900]']

2022-01-12 17:49:19 - [MESSAGE][INFO] - Action delay is set to 0 milliseconds

2022-01-12 17:49:21 - [MESSAGE][PASSED] - Browser is opened with url: ''

2022-01-12 17:49:21 - [TEST_STEP][PASSED] - navigateToUrl("http://localhost:8080/moodle/"): Navigate to 'http://localhost:8080/moodle/' successfully

2022-01-12 17:49:21 - [MESSAGE][PASSED] - Navigate to 'http://localhost:8080/moodle/' successfully

2022-01-12 17:49:21 - [TEST_STEP][PASSED] - click(findTestObject("Object Repository/Page_BCS Moodle/a_Log in")): Object: 'Object Repository/Page_BCS Moodle/a_Log in' is clicked on

2022-01-12 17:49:22 - [MESSAGE][PASSED] - Object: 'Object Repository/Page_BCS Moodle/a_Log in' is clicked on

2022-01-12 17:49:22 - [TEST_STEP][PASSED] - setText(findTestObject("Object Repository/Page_BCS Moodle Log in to the site/input_Username_username"), "hoangvu"): Text 'hoangvu' is set on object 'Object Repository/Page_BCS Moodle Log in to the site/input_Username_username'

2022-01-12 17:49:23 - [MESSAGE][PASSED] - Text 'hoangvu' is set on object 'Object Repository/Page_BCS Moodle Log in to the site/input_Username_username'

2022-01-12 17:49:23 - [TEST_STEP][PASSED] - setEncryptedText(findTestObject("Object Repository/Page_BCS Moodle Log in to the site/input_Password_password"), "p4y+y39Ir5PR9RXlOHjWlj+CAJiYdX4g"): Text ****** has been set on object 'Object Repository/Page_BCS Moodle Log in to the site/input_Password_password'

2022-01-12 17:49:24 - [MESSAGE][PASSED] - Text ****** has been set on object 'Object Repository/Page_BCS Moodle Log in to the site/input_Password_password'

2022-01-12 17:49:24 - [TEST_STEP][PASSED] - click(findTestObject("Object Repository/Page_BCS Moodle Log in to the site/button_Log in")): Object: 'Object Repository/Page_BCS Moodle Log in to the site/button_Log in' is clicked on

2022-01-12 17:49:25 - [MESSAGE][PASSED] - Object: 'Object Repository/Page_BCS Moodle Log in to the site/button_Log in' is clicked on

2022-01-12 17:49:25 - [TEST_STEP][PASSED] - navigateToUrl("http://localhost:8080/moodle/course/view.php?id=4"): Navigate to 'http://localhost:8080/moodle/course/view.php?id=4' successfully

2022-01-12 17:49:26 - [MESSAGE][PASSED] - Navigate to 'http://localhost:8080/moodle/course/view.php?id=4' successfully

2022-01-12 17:49:26 - [TEST_STEP][PASSED] - click(findTestObject("Object Repository/Page_Course Ton t hp/span_Quiz Nhiu cu  1 la chn")): Object: 'Object Repository/Page_Course Ton t hp/span_Quiz Nhiu cu  1 la chn' is clicked on

2022-01-12 17:49:27 - [MESSAGE][PASSED] - Object: 'Object Repository/Page_Course Ton t hp/span_Quiz Nhiu cu  1 la chn' is clicked on

2022-01-12 17:49:27 - [TEST_STEP][PASSED] - navigateToUrl("http://localhost:8080/moodle/mod/quiz/view.php?id=22"): Navigate to 'http://localhost:8080/moodle/mod/quiz/view.php?id=22' successfully

2022-01-12 17:49:28 - [MESSAGE][PASSED] - Navigate to 'http://localhost:8080/moodle/mod/quiz/view.php?id=22' successfully

2022-01-12 17:49:28 - [TEST_STEP][PASSED] - click(findTestObject("Object Repository/Page_TTH Quiz Nhiu cu  1 la chn/button_Attempt quiz now")): Object: 'Object Repository/Page_TTH Quiz Nhiu cu  1 la chn/button_Attempt quiz now' is clicked on

2022-01-12 17:49:29 - [MESSAGE][PASSED] - Object: 'Object Repository/Page_TTH Quiz Nhiu cu  1 la chn/button_Attempt quiz now' is clicked on

2022-01-12 17:49:29 - [TEST_STEP][PASSED] - click(findTestObject("Object Repository/Page_Quiz Nhiu cu  1 la chn (page 1 of 2)/input_Question text_q221_answer")): Object: 'Object Repository/Page_Quiz Nhiu cu  1 la chn (page 1 of 2)/input_Question text_q221_answer' is clicked on

2022-01-12 17:49:30 - [MESSAGE][PASSED] - Object: 'Object Repository/Page_Quiz Nhiu cu  1 la chn (page 1 of 2)/input_Question text_q221_answer' is clicked on

2022-01-12 17:49:30 - [TEST_STEP][PASSED] - click(findTestObject("Object Repository/Page_Quiz Nhiu cu  1 la chn (page 1 of 2)/div_c. 16")): Object: 'Object Repository/Page_Quiz Nhiu cu  1 la chn (page 1 of 2)/div_c. 16' is clicked on

2022-01-12 17:49:30 - [MESSAGE][PASSED] - Object: 'Object Repository/Page_Quiz Nhiu cu  1 la chn (page 1 of 2)/div_c. 16' is clicked on

2022-01-12 17:49:30 - [TEST_STEP][PASSED] - click(findTestObject("Object Repository/Page_Quiz Nhiu cu  1 la chn (page 1 of 2)/input_b_q221_answer")): Object: 'Object Repository/Page_Quiz Nhiu cu  1 la chn (page 1 of 2)/input_b_q221_answer' is clicked on

2022-01-12 17:49:31 - [MESSAGE][PASSED] - Object: 'Object Repository/Page_Quiz Nhiu cu  1 la chn (page 1 of 2)/input_b_q221_answer' is clicked on

2022-01-12 17:49:31 - [TEST_STEP][PASSED] - click(findTestObject("Object Repository/Page_Quiz Nhiu cu  1 la chn (page 1 of 2)/input_c_q222_answer")): Object: 'Object Repository/Page_Quiz Nhiu cu  1 la chn (page 1 of 2)/input_c_q222_answer' is clicked on

2022-01-12 17:49:31 - [MESSAGE][PASSED] - Object: 'Object Repository/Page_Quiz Nhiu cu  1 la chn (page 1 of 2)/input_c_q222_answer' is clicked on

2022-01-12 17:49:31 - [TEST_STEP][PASSED] - click(findTestObject("Object Repository/Page_Quiz Nhiu cu  1 la chn (page 1 of 2)/input_d_next")): Object: 'Object Repository/Page_Quiz Nhiu cu  1 la chn (page 1 of 2)/input_d_next' is clicked on

2022-01-12 17:49:33 - [MESSAGE][PASSED] - Object: 'Object Repository/Page_Quiz Nhiu cu  1 la chn (page 1 of 2)/input_d_next' is clicked on

2022-01-12 17:49:33 - [TEST_STEP][PASSED] - click(findTestObject("Object Repository/Page_Quiz Nhiu cu  1 la chn (page 2 of 2)/input_b_q223_answer")): Object: 'Object Repository/Page_Quiz Nhiu cu  1 la chn (page 2 of 2)/input_b_q223_answer' is clicked on

2022-01-12 17:49:33 - [MESSAGE][PASSED] - Object: 'Object Repository/Page_Quiz Nhiu cu  1 la chn (page 2 of 2)/input_b_q223_answer' is clicked on

2022-01-12 17:49:33 - [TEST_STEP][PASSED] - click(findTestObject("Object Repository/Page_Quiz Nhiu cu  1 la chn (page 2 of 2)/input_d_next")): Object: 'Object Repository/Page_Quiz Nhiu cu  1 la chn (page 2 of 2)/input_d_next' is clicked on

2022-01-12 17:49:34 - [MESSAGE][PASSED] - Object: 'Object Repository/Page_Quiz Nhiu cu  1 la chn (page 2 of 2)/input_d_next' is clicked on

2022-01-12 17:49:34 - [TEST_STEP][PASSED] - verifyElementText(findTestObject("Object Repository/Page_Quiz Nhiu cu  nhiu la chn Attempt summary/td_Answer saved"), "Answer saved"): Actual text and expected text of test object 'Object Repository/Page_Quiz Nhiu cu  nhiu la chn Attempt summary/td_Answer saved' are matched.

2022-01-12 17:49:35 - [MESSAGE][PASSED] - Actual text and expected text of test object 'Object Repository/Page_Quiz Nhiu cu  nhiu la chn Attempt summary/td_Answer saved' are matched.

2022-01-12 17:49:35 - [TEST_STEP][PASSED] - click(findTestObject("Object Repository/Page_Quiz Nhiu cu  1 la chn Attempt summary/button_Submit all and finish")): Object: 'Object Repository/Page_Quiz Nhiu cu  1 la chn Attempt summary/button_Submit all and finish' is clicked on

2022-01-12 17:49:35 - [MESSAGE][PASSED] - Object: 'Object Repository/Page_Quiz Nhiu cu  1 la chn Attempt summary/button_Submit all and finish' is clicked on

2022-01-12 17:49:35 - [TEST_STEP][PASSED] - click(findTestObject("Object Repository/Page_Quiz Nhiu cu  1 la chn Attempt summary/input_Once you submit, you will no longer b_29f5c2")): Object: 'Object Repository/Page_Quiz Nhiu cu  1 la chn Attempt summary/input_Once you submit, you will no longer b_29f5c2' is clicked on

2022-01-12 17:49:37 - [MESSAGE][PASSED] - Object: 'Object Repository/Page_Quiz Nhiu cu  1 la chn Attempt summary/input_Once you submit, you will no longer b_29f5c2' is clicked on

2022-01-12 17:49:37 - [TEST_STEP][PASSED] - verifyElementText(findTestObject("Object Repository/Page_Quiz Nhiu cu  nhiu la chn Attempt review/td_Finished"), "Finished"): Actual text and expected text of test object 'Object Repository/Page_Quiz Nhiu cu  nhiu la chn Attempt review/td_Finished' are matched.

2022-01-12 17:49:37 - [MESSAGE][PASSED] - Actual text and expected text of test object 'Object Repository/Page_Quiz Nhiu cu  nhiu la chn Attempt review/td_Finished' are matched.

2022-01-12 17:49:37 - [TEST_STEP][PASSED] - click(findTestObject("Object Repository/Page_Quiz Nhiu cu  1 la chn Attempt review/a_Finish review")): Object: 'Object Repository/Page_Quiz Nhiu cu  1 la chn Attempt review/a_Finish review' is clicked on

2022-01-12 17:49:38 - [MESSAGE][PASSED] - Object: 'Object Repository/Page_Quiz Nhiu cu  1 la chn Attempt review/a_Finish review' is clicked on

2022-01-12 17:49:38 - [TEST_STEP][PASSED] - closeBrowser(): Browser is closed

2022-01-12 17:49:39 - [MESSAGE][PASSED] - Browser is closed]]></system-out>
         <system-err><![CDATA[]]></system-err>
      </testcase>
      <testcase name="Test Cases/Student/Student_Quiz/Student_Quiz_Single Choice With One Question" time="15.73" classname="Test Cases/Student/Student_Quiz/Student_Quiz_Single Choice With One Question" status="PASSED">
         <system-out><![CDATA[2022-01-12 17:49:39 - [TEST_CASE][PASSED] - Test Cases/Student/Student_Quiz/Student_Quiz_Single Choice With One Question: Test Cases/Student/Student_Quiz/Student_Quiz_Single Choice With One Question

2022-01-12 17:49:39 - [TEST_STEP][PASSED] - openBrowser(""): Browser is opened with url: ''

2022-01-12 17:49:39 - [MESSAGE][INFO] - Starting 'Chrome' driver

2022-01-12 17:49:39 - [MESSAGE][INFO] - User set preference: ['args', '[window-size=1300,900]']

2022-01-12 17:49:39 - [MESSAGE][INFO] - Action delay is set to 0 milliseconds

2022-01-12 17:49:40 - [MESSAGE][PASSED] - Browser is opened with url: ''

2022-01-12 17:49:40 - [TEST_STEP][PASSED] - navigateToUrl("http://localhost:8080/moodle/"): Navigate to 'http://localhost:8080/moodle/' successfully

2022-01-12 17:49:41 - [MESSAGE][PASSED] - Navigate to 'http://localhost:8080/moodle/' successfully

2022-01-12 17:49:41 - [TEST_STEP][PASSED] - click(findTestObject("Object Repository/Page_BCS Moodle/a_Log in")): Object: 'Object Repository/Page_BCS Moodle/a_Log in' is clicked on

2022-01-12 17:49:42 - [MESSAGE][PASSED] - Object: 'Object Repository/Page_BCS Moodle/a_Log in' is clicked on

2022-01-12 17:49:42 - [TEST_STEP][PASSED] - setText(findTestObject("Object Repository/Page_BCS Moodle Log in to the site/input_Username_username"), "hoangvu"): Text 'hoangvu' is set on object 'Object Repository/Page_BCS Moodle Log in to the site/input_Username_username'

2022-01-12 17:49:43 - [MESSAGE][PASSED] - Text 'hoangvu' is set on object 'Object Repository/Page_BCS Moodle Log in to the site/input_Username_username'

2022-01-12 17:49:43 - [TEST_STEP][PASSED] - setEncryptedText(findTestObject("Object Repository/Page_BCS Moodle Log in to the site/input_Password_password"), "p4y+y39Ir5PR9RXlOHjWlj+CAJiYdX4g"): Text ****** has been set on object 'Object Repository/Page_BCS Moodle Log in to the site/input_Password_password'

2022-01-12 17:49:43 - [MESSAGE][PASSED] - Text ****** has been set on object 'Object Repository/Page_BCS Moodle Log in to the site/input_Password_password'

2022-01-12 17:49:43 - [TEST_STEP][PASSED] - click(findTestObject("Object Repository/Page_BCS Moodle Log in to the site/button_Log in")): Object: 'Object Repository/Page_BCS Moodle Log in to the site/button_Log in' is clicked on

2022-01-12 17:49:44 - [MESSAGE][PASSED] - Object: 'Object Repository/Page_BCS Moodle Log in to the site/button_Log in' is clicked on

2022-01-12 17:49:44 - [TEST_STEP][PASSED] - navigateToUrl("http://localhost:8080/moodle/course/view.php?id=4"): Navigate to 'http://localhost:8080/moodle/course/view.php?id=4' successfully

2022-01-12 17:49:45 - [MESSAGE][PASSED] - Navigate to 'http://localhost:8080/moodle/course/view.php?id=4' successfully

2022-01-12 17:49:45 - [TEST_STEP][PASSED] - click(findTestObject("Object Repository/Page_Course Ton t hp/span_Sample Quiz")): Object: 'Object Repository/Page_Course Ton t hp/span_Sample Quiz' is clicked on

2022-01-12 17:49:47 - [MESSAGE][PASSED] - Object: 'Object Repository/Page_Course Ton t hp/span_Sample Quiz' is clicked on

2022-01-12 17:49:47 - [TEST_STEP][PASSED] - click(findTestObject("Object Repository/Page_TTH Sample Quiz/button_Re-attempt quiz")): Object: 'Object Repository/Page_TTH Sample Quiz/button_Re-attempt quiz' is clicked on

2022-01-12 17:49:48 - [MESSAGE][PASSED] - Object: 'Object Repository/Page_TTH Sample Quiz/button_Re-attempt quiz' is clicked on

2022-01-12 17:49:48 - [TEST_STEP][PASSED] - click(findTestObject("Object Repository/Page_Sample Quiz/input_c_q161_answer")): Object: 'Object Repository/Page_Sample Quiz/input_c_q161_answer' is clicked on

2022-01-12 17:49:49 - [MESSAGE][PASSED] - Object: 'Object Repository/Page_Sample Quiz/input_c_q161_answer' is clicked on

2022-01-12 17:49:49 - [TEST_STEP][PASSED] - click(findTestObject("Object Repository/Page_Sample Quiz/input_d_next")): Object: 'Object Repository/Page_Sample Quiz/input_d_next' is clicked on

2022-01-12 17:49:50 - [MESSAGE][PASSED] - Object: 'Object Repository/Page_Sample Quiz/input_d_next' is clicked on

2022-01-12 17:49:50 - [TEST_STEP][PASSED] - verifyElementText(findTestObject("Object Repository/Page_Quiz Nhiu cu  nhiu la chn Attempt summary/td_Answer saved"), "Answer saved"): Actual text and expected text of test object 'Object Repository/Page_Quiz Nhiu cu  nhiu la chn Attempt summary/td_Answer saved' are matched.

2022-01-12 17:49:51 - [MESSAGE][PASSED] - Actual text and expected text of test object 'Object Repository/Page_Quiz Nhiu cu  nhiu la chn Attempt summary/td_Answer saved' are matched.

2022-01-12 17:49:51 - [TEST_STEP][PASSED] - click(findTestObject("Object Repository/Page_Sample Quiz Attempt summary/button_Submit all and finish")): Object: 'Object Repository/Page_Sample Quiz Attempt summary/button_Submit all and finish' is clicked on

2022-01-12 17:49:51 - [MESSAGE][PASSED] - Object: 'Object Repository/Page_Sample Quiz Attempt summary/button_Submit all and finish' is clicked on

2022-01-12 17:49:51 - [TEST_STEP][PASSED] - click(findTestObject("Object Repository/Page_Sample Quiz Attempt summary/input_Once you submit, you will no longer b_7b472f")): Object: 'Object Repository/Page_Sample Quiz Attempt summary/input_Once you submit, you will no longer b_7b472f' is clicked on

2022-01-12 17:49:52 - [MESSAGE][PASSED] - Object: 'Object Repository/Page_Sample Quiz Attempt summary/input_Once you submit, you will no longer b_7b472f' is clicked on

2022-01-12 17:49:52 - [TEST_STEP][PASSED] - verifyElementText(findTestObject("Object Repository/Page_Quiz Nhiu cu  nhiu la chn Attempt review/td_Finished"), "Finished"): Actual text and expected text of test object 'Object Repository/Page_Quiz Nhiu cu  nhiu la chn Attempt review/td_Finished' are matched.

2022-01-12 17:49:53 - [MESSAGE][PASSED] - Actual text and expected text of test object 'Object Repository/Page_Quiz Nhiu cu  nhiu la chn Attempt review/td_Finished' are matched.

2022-01-12 17:49:53 - [TEST_STEP][PASSED] - click(findTestObject("Object Repository/Page_Sample Quiz Attempt review/a_Finish review")): Object: 'Object Repository/Page_Sample Quiz Attempt review/a_Finish review' is clicked on

2022-01-12 17:49:54 - [MESSAGE][PASSED] - Object: 'Object Repository/Page_Sample Quiz Attempt review/a_Finish review' is clicked on

2022-01-12 17:49:54 - [TEST_STEP][PASSED] - closeBrowser(): Browser is closed

2022-01-12 17:49:54 - [MESSAGE][PASSED] - Browser is closed]]></system-out>
         <system-err><![CDATA[]]></system-err>
      </testcase>
      <testcase name="Test Cases/Admin/Admin Assign Role/Admin_Assign Role Student" time="30.267" classname="Test Cases/Admin/Admin Assign Role/Admin_Assign Role Student" status="PASSED">
         <system-out><![CDATA[2022-01-12 17:49:55 - [TEST_CASE][PASSED] - Test Cases/Admin/Admin Assign Role/Admin_Assign Role Student: Test Cases/Admin/Admin Assign Role/Admin_Assign Role Student

2022-01-12 17:49:55 - [TEST_STEP][PASSED] - callTestCase(findTestCase("Admin/Admin_Login"), [:], STOP_ON_FAILURE): Call Test Case 'Test Cases/Admin/Admin_Login' successfully

2022-01-12 17:49:55 - [TEST_CASE][PASSED] - Test Cases/Admin/Admin_Login: Test Cases/Admin/Admin_Login

2022-01-12 17:49:55 - [TEST_STEP][PASSED] - openBrowser(""): Browser is opened with url: ''

2022-01-12 17:49:55 - [MESSAGE][INFO] - Starting 'Chrome' driver

2022-01-12 17:49:55 - [MESSAGE][INFO] - User set preference: ['args', '[window-size=1300,900]']

2022-01-12 17:49:55 - [MESSAGE][INFO] - Action delay is set to 0 milliseconds

2022-01-12 17:49:56 - [MESSAGE][PASSED] - Browser is opened with url: ''

2022-01-12 17:49:56 - [TEST_STEP][PASSED] - navigateToUrl("http://localhost:8080/moodle/login/index.php"): Navigate to 'http://localhost:8080/moodle/login/index.php' successfully

2022-01-12 17:49:57 - [MESSAGE][PASSED] - Navigate to 'http://localhost:8080/moodle/login/index.php' successfully

2022-01-12 17:49:57 - [TEST_STEP][PASSED] - setText(findTestObject("Object Repository/Page_BCS Moodle Log in to the site/input_Username_username"), "admin"): Text 'admin' is set on object 'Object Repository/Page_BCS Moodle Log in to the site/input_Username_username'

2022-01-12 17:49:58 - [MESSAGE][PASSED] - Text 'admin' is set on object 'Object Repository/Page_BCS Moodle Log in to the site/input_Username_username'

2022-01-12 17:49:58 - [TEST_STEP][PASSED] - setEncryptedText(findTestObject("Object Repository/Page_BCS Moodle Log in to the site/input_Password_password"), "p4y+y39Ir5PR9RXlOHjWlj+CAJiYdX4g"): Text ****** has been set on object 'Object Repository/Page_BCS Moodle Log in to the site/input_Password_password'

2022-01-12 17:49:58 - [MESSAGE][PASSED] - Text ****** has been set on object 'Object Repository/Page_BCS Moodle Log in to the site/input_Password_password'

2022-01-12 17:49:58 - [TEST_STEP][PASSED] - click(findTestObject("Object Repository/Page_BCS Moodle Log in to the site/button_Log in")): Object: 'Object Repository/Page_BCS Moodle Log in to the site/button_Log in' is clicked on

2022-01-12 17:50:00 - [MESSAGE][PASSED] - Object: 'Object Repository/Page_BCS Moodle Log in to the site/button_Log in' is clicked on

2022-01-12 17:50:00 - [MESSAGE][PASSED] - Call Test Case 'Test Cases/Admin/Admin_Login' successfully

2022-01-12 17:50:00 - [TEST_STEP][PASSED] - click(findTestObject("Object Repository/Page_Dashboard/a_Site home")): Object: 'Object Repository/Page_Dashboard/a_Site home' is clicked on

2022-01-12 17:50:02 - [MESSAGE][PASSED] - Object: 'Object Repository/Page_Dashboard/a_Site home' is clicked on

2022-01-12 17:50:02 - [TEST_STEP][PASSED] - navigateToUrl("http://localhost:8080/moodle/?redirect=0"): Navigate to 'http://localhost:8080/moodle/?redirect=0' successfully

2022-01-12 17:50:03 - [MESSAGE][PASSED] - Navigate to 'http://localhost:8080/moodle/?redirect=0' successfully

2022-01-12 17:50:03 - [TEST_STEP][PASSED] - click(findTestObject("Object Repository/Page_BCS Moodle/a_Lp trnh hng i tng 19CTT3")): Object: 'Object Repository/Page_BCS Moodle/a_Lp trnh hng i tng 19CTT3' is clicked on

2022-01-12 17:50:04 - [MESSAGE][PASSED] - Object: 'Object Repository/Page_BCS Moodle/a_Lp trnh hng i tng 19CTT3' is clicked on

2022-01-12 17:50:04 - [TEST_STEP][PASSED] - click(findTestObject("Object Repository/Page_Course Lp trnh hng i tng 19CTT3/a_Participants")): Object: 'Object Repository/Page_Course Lp trnh hng i tng 19CTT3/a_Participants' is clicked on

2022-01-12 17:50:06 - [MESSAGE][PASSED] - Object: 'Object Repository/Page_Course Lp trnh hng i tng 19CTT3/a_Participants' is clicked on

2022-01-12 17:50:06 - [TEST_STEP][PASSED] - click(findTestObject("Object Repository/Page_OOP Participants/input_Participants_btn btn-secondary my-1")): Object: 'Object Repository/Page_OOP Participants/input_Participants_btn btn-secondary my-1' is clicked on

2022-01-12 17:50:06 - [MESSAGE][PASSED] - Object: 'Object Repository/Page_OOP Participants/input_Participants_btn btn-secondary my-1' is clicked on

2022-01-12 17:50:06 - [TEST_STEP][PASSED] - setText(findTestObject("Object Repository/Page_OOP Participants/input_No selection_form_autocomplete_input-_a46864"), "ypro"): Text 'ypro' is set on object 'Object Repository/Page_OOP Participants/input_No selection_form_autocomplete_input-_a46864'

2022-01-12 17:50:09 - [MESSAGE][PASSED] - Text 'ypro' is set on object 'Object Repository/Page_OOP Participants/input_No selection_form_autocomplete_input-_a46864'

2022-01-12 17:50:09 - [TEST_STEP][PASSED] - click(findTestObject("Object Repository/Page_OOP Participants/li_Xuan Y Dam Thi    yprotk21gmail.com")): Object: 'Object Repository/Page_OOP Participants/li_Xuan Y Dam Thi    yprotk21gmail.com' is clicked on

2022-01-12 17:50:10 - [MESSAGE][PASSED] - Object: 'Object Repository/Page_OOP Participants/li_Xuan Y Dam Thi    yprotk21gmail.com' is clicked on

2022-01-12 17:50:10 - [TEST_STEP][PASSED] - selectOptionByValue(findTestObject("Object Repository/Page_OOP Participants/select_Xuan Y Dam Thi    yprotk21gmail.com _a35d9e"), "5", true): All options with value '5' are selected in object 'Object Repository/Page_OOP Participants/select_Xuan Y Dam Thi    yprotk21gmail.com _a35d9e'  using regular expression

2022-01-12 17:50:11 - [MESSAGE][PASSED] - All options with value '5' are selected in object 'Object Repository/Page_OOP Participants/select_Xuan Y Dam Thi    yprotk21gmail.com _a35d9e'  using regular expression

2022-01-12 17:50:11 - [TEST_STEP][PASSED] - click(findTestObject("Object Repository/Page_OOP Participants/div_Select users")): Object: 'Object Repository/Page_OOP Participants/div_Select users' is clicked on

2022-01-12 17:50:12 - [MESSAGE][PASSED] - Object: 'Object Repository/Page_OOP Participants/div_Select users' is clicked on

2022-01-12 17:50:12 - [TEST_STEP][PASSED] - click(findTestObject("Object Repository/Page_OOP Participants/button_Enrol users")): Object: 'Object Repository/Page_OOP Participants/button_Enrol users' is clicked on

2022-01-12 17:50:12 - [MESSAGE][PASSED] - Object: 'Object Repository/Page_OOP Participants/button_Enrol users' is clicked on

2022-01-12 17:50:12 - [TEST_STEP][PASSED] - click(findTestObject("Object Repository/Page_OOP Participants/a_Admin User")): Object: 'Object Repository/Page_OOP Participants/a_Admin User' is clicked on

2022-01-12 17:50:14 - [MESSAGE][PASSED] - Object: 'Object Repository/Page_OOP Participants/a_Admin User' is clicked on

2022-01-12 17:50:14 - [TEST_STEP][PASSED] - click(findTestObject("Object Repository/Page_OOP Participants/a_Log out")): Object: 'Object Repository/Page_OOP Participants/a_Log out' is clicked on

2022-01-12 17:50:15 - [MESSAGE][PASSED] - Object: 'Object Repository/Page_OOP Participants/a_Log out' is clicked on

2022-01-12 17:50:15 - [TEST_STEP][PASSED] - navigateToUrl("http://localhost:8080/moodle/"): Navigate to 'http://localhost:8080/moodle/' successfully

2022-01-12 17:50:15 - [MESSAGE][PASSED] - Navigate to 'http://localhost:8080/moodle/' successfully

2022-01-12 17:50:15 - [TEST_STEP][PASSED] - click(findTestObject("Object Repository/Page_BCS Moodle/a_Log in")): Object: 'Object Repository/Page_BCS Moodle/a_Log in' is clicked on

2022-01-12 17:50:16 - [MESSAGE][PASSED] - Object: 'Object Repository/Page_BCS Moodle/a_Log in' is clicked on

2022-01-12 17:50:16 - [TEST_STEP][PASSED] - setText(findTestObject("Object Repository/Page_BCS Moodle Log in to the site/input_Username_username"), "xuany"): Text 'xuany' is set on object 'Object Repository/Page_BCS Moodle Log in to the site/input_Username_username'

2022-01-12 17:50:17 - [MESSAGE][PASSED] - Text 'xuany' is set on object 'Object Repository/Page_BCS Moodle Log in to the site/input_Username_username'

2022-01-12 17:50:17 - [TEST_STEP][PASSED] - setEncryptedText(findTestObject("Object Repository/Page_BCS Moodle Log in to the site/input_Password_password"), "p4y+y39Ir5PR9RXlOHjWlj+CAJiYdX4g"): Text ****** has been set on object 'Object Repository/Page_BCS Moodle Log in to the site/input_Password_password'

2022-01-12 17:50:17 - [MESSAGE][PASSED] - Text ****** has been set on object 'Object Repository/Page_BCS Moodle Log in to the site/input_Password_password'

2022-01-12 17:50:17 - [TEST_STEP][PASSED] - click(findTestObject("Object Repository/Page_BCS Moodle Log in to the site/button_Log in")): Object: 'Object Repository/Page_BCS Moodle Log in to the site/button_Log in' is clicked on

2022-01-12 17:50:19 - [MESSAGE][PASSED] - Object: 'Object Repository/Page_BCS Moodle Log in to the site/button_Log in' is clicked on

2022-01-12 17:50:19 - [TEST_STEP][PASSED] - click(findTestObject("Object Repository/Page_Dashboard/span_Site home")): Object: 'Object Repository/Page_Dashboard/span_Site home' is clicked on

2022-01-12 17:50:21 - [MESSAGE][PASSED] - Object: 'Object Repository/Page_Dashboard/span_Site home' is clicked on

2022-01-12 17:50:21 - [TEST_STEP][PASSED] - click(findTestObject("Object Repository/Page_BCS Moodle/a_Lp trnh hng i tng 19CTT3")): Object: 'Object Repository/Page_BCS Moodle/a_Lp trnh hng i tng 19CTT3' is clicked on

2022-01-12 17:50:22 - [MESSAGE][PASSED] - Object: 'Object Repository/Page_BCS Moodle/a_Lp trnh hng i tng 19CTT3' is clicked on

2022-01-12 17:50:22 - [TEST_STEP][PASSED] - click(findTestObject("Object Repository/Page_Course Lp trnh hng i tng 19CTT3/a_Participants")): Object: 'Object Repository/Page_Course Lp trnh hng i tng 19CTT3/a_Participants' is clicked on

2022-01-12 17:50:23 - [MESSAGE][PASSED] - Object: 'Object Repository/Page_Course Lp trnh hng i tng 19CTT3/a_Participants' is clicked on

2022-01-12 17:50:23 - [TEST_STEP][PASSED] - verifyElementPresent(findTestObject("Object Repository/Page_OOP Participants/th_Xuan Y Dam Thi"), 0): Object 'Object Repository/Page_OOP Participants/th_Xuan Y Dam Thi' is present

2022-01-12 17:50:23 - [MESSAGE][WARNING] - Timeout '0' is invalid. Using default page load timeout: '30'

2022-01-12 17:50:24 - [MESSAGE][PASSED] - Object 'Object Repository/Page_OOP Participants/th_Xuan Y Dam Thi' is present

2022-01-12 17:50:24 - [TEST_STEP][PASSED] - verifyElementPresent(findTestObject("Object Repository/Page_OOP Participants/td_Student"), 0): Object 'Object Repository/Page_OOP Participants/td_Student' is present

2022-01-12 17:50:24 - [MESSAGE][WARNING] - Timeout '0' is invalid. Using default page load timeout: '30'

2022-01-12 17:50:24 - [MESSAGE][PASSED] - Object 'Object Repository/Page_OOP Participants/td_Student' is present

2022-01-12 17:50:24 - [TEST_STEP][PASSED] - closeBrowser(): Browser is closed

2022-01-12 17:50:25 - [MESSAGE][PASSED] - Browser is closed]]></system-out>
         <system-err><![CDATA[]]></system-err>
      </testcase>
      <testcase name="Test Cases/Admin/Admin Assign Role/Admin_Assign Role Teacher" time="28.698" classname="Test Cases/Admin/Admin Assign Role/Admin_Assign Role Teacher" status="PASSED">
         <system-out><![CDATA[2022-01-12 17:50:25 - [TEST_CASE][PASSED] - Test Cases/Admin/Admin Assign Role/Admin_Assign Role Teacher: Test Cases/Admin/Admin Assign Role/Admin_Assign Role Teacher

2022-01-12 17:50:25 - [TEST_STEP][PASSED] - callTestCase(findTestCase("Admin/Admin_Login"), [:], STOP_ON_FAILURE): Call Test Case 'Test Cases/Admin/Admin_Login' successfully

2022-01-12 17:50:25 - [TEST_CASE][PASSED] - Test Cases/Admin/Admin_Login: Test Cases/Admin/Admin_Login

2022-01-12 17:50:25 - [TEST_STEP][PASSED] - openBrowser(""): Browser is opened with url: ''

2022-01-12 17:50:25 - [MESSAGE][INFO] - Starting 'Chrome' driver

2022-01-12 17:50:25 - [MESSAGE][INFO] - User set preference: ['args', '[window-size=1300,900]']

2022-01-12 17:50:25 - [MESSAGE][INFO] - Action delay is set to 0 milliseconds

2022-01-12 17:50:26 - [MESSAGE][PASSED] - Browser is opened with url: ''

2022-01-12 17:50:26 - [TEST_STEP][PASSED] - navigateToUrl("http://localhost:8080/moodle/login/index.php"): Navigate to 'http://localhost:8080/moodle/login/index.php' successfully

2022-01-12 17:50:27 - [MESSAGE][PASSED] - Navigate to 'http://localhost:8080/moodle/login/index.php' successfully

2022-01-12 17:50:27 - [TEST_STEP][PASSED] - setText(findTestObject("Object Repository/Page_BCS Moodle Log in to the site/input_Username_username"), "admin"): Text 'admin' is set on object 'Object Repository/Page_BCS Moodle Log in to the site/input_Username_username'

2022-01-12 17:50:28 - [MESSAGE][PASSED] - Text 'admin' is set on object 'Object Repository/Page_BCS Moodle Log in to the site/input_Username_username'

2022-01-12 17:50:28 - [TEST_STEP][PASSED] - setEncryptedText(findTestObject("Object Repository/Page_BCS Moodle Log in to the site/input_Password_password"), "p4y+y39Ir5PR9RXlOHjWlj+CAJiYdX4g"): Text ****** has been set on object 'Object Repository/Page_BCS Moodle Log in to the site/input_Password_password'

2022-01-12 17:50:28 - [MESSAGE][PASSED] - Text ****** has been set on object 'Object Repository/Page_BCS Moodle Log in to the site/input_Password_password'

2022-01-12 17:50:28 - [TEST_STEP][PASSED] - click(findTestObject("Object Repository/Page_BCS Moodle Log in to the site/button_Log in")): Object: 'Object Repository/Page_BCS Moodle Log in to the site/button_Log in' is clicked on

2022-01-12 17:50:30 - [MESSAGE][PASSED] - Object: 'Object Repository/Page_BCS Moodle Log in to the site/button_Log in' is clicked on

2022-01-12 17:50:30 - [MESSAGE][PASSED] - Call Test Case 'Test Cases/Admin/Admin_Login' successfully

2022-01-12 17:50:30 - [TEST_STEP][PASSED] - click(findTestObject("Object Repository/Page_Dashboard/a_Site home")): Object: 'Object Repository/Page_Dashboard/a_Site home' is clicked on

2022-01-12 17:50:32 - [MESSAGE][PASSED] - Object: 'Object Repository/Page_Dashboard/a_Site home' is clicked on

2022-01-12 17:50:32 - [TEST_STEP][PASSED] - navigateToUrl("http://localhost:8080/moodle/?redirect=0"): Navigate to 'http://localhost:8080/moodle/?redirect=0' successfully

2022-01-12 17:50:33 - [MESSAGE][PASSED] - Navigate to 'http://localhost:8080/moodle/?redirect=0' successfully

2022-01-12 17:50:33 - [TEST_STEP][PASSED] - click(findTestObject("Object Repository/Page_BCS Moodle/a_L i Cng 1")): Object: 'Object Repository/Page_BCS Moodle/a_L i Cng 1' is clicked on

2022-01-12 17:50:34 - [MESSAGE][PASSED] - Object: 'Object Repository/Page_BCS Moodle/a_L i Cng 1' is clicked on

2022-01-12 17:50:34 - [TEST_STEP][PASSED] - navigateToUrl("http://localhost:8080/moodle/course/view.php?id=5"): Navigate to 'http://localhost:8080/moodle/course/view.php?id=5' successfully

2022-01-12 17:50:34 - [MESSAGE][PASSED] - Navigate to 'http://localhost:8080/moodle/course/view.php?id=5' successfully

2022-01-12 17:50:34 - [TEST_STEP][PASSED] - click(findTestObject("Object Repository/Page_Course L i Cng 1/a_Participants")): Object: 'Object Repository/Page_Course L i Cng 1/a_Participants' is clicked on

2022-01-12 17:50:35 - [MESSAGE][PASSED] - Object: 'Object Repository/Page_Course L i Cng 1/a_Participants' is clicked on

2022-01-12 17:50:35 - [TEST_STEP][PASSED] - click(findTestObject("Object Repository/Page_LDC1 Participants/input_Participants_btn btn-secondary my-1")): Object: 'Object Repository/Page_LDC1 Participants/input_Participants_btn btn-secondary my-1' is clicked on

2022-01-12 17:50:36 - [MESSAGE][PASSED] - Object: 'Object Repository/Page_LDC1 Participants/input_Participants_btn btn-secondary my-1' is clicked on

2022-01-12 17:50:36 - [TEST_STEP][PASSED] - click(findTestObject("Object Repository/Page_LDC1 Participants/span_")): Object: 'Object Repository/Page_LDC1 Participants/span_' is clicked on

2022-01-12 17:50:38 - [MESSAGE][PASSED] - Object: 'Object Repository/Page_LDC1 Participants/span_' is clicked on

2022-01-12 17:50:38 - [TEST_STEP][PASSED] - click(findTestObject("Object Repository/Page_LDC1 Participants/li_Chi Hao Ha    haoprotk21gmail.com")): Object: 'Object Repository/Page_LDC1 Participants/li_Chi Hao Ha    haoprotk21gmail.com' is clicked on

2022-01-12 17:50:39 - [MESSAGE][PASSED] - Object: 'Object Repository/Page_LDC1 Participants/li_Chi Hao Ha    haoprotk21gmail.com' is clicked on

2022-01-12 17:50:39 - [TEST_STEP][PASSED] - click(findTestObject("Object Repository/Page_LDC1 Participants/div_Select users                           _1b8f1d")): Object: 'Object Repository/Page_LDC1 Participants/div_Select users                           _1b8f1d' is clicked on

2022-01-12 17:50:40 - [MESSAGE][PASSED] - Object: 'Object Repository/Page_LDC1 Participants/div_Select users                           _1b8f1d' is clicked on

2022-01-12 17:50:40 - [TEST_STEP][PASSED] - selectOptionByValue(findTestObject("Object Repository/Page_LDC1 Participants/select_Manager            Teacher          _ffc00f"), "3", true): All options with value '3' are selected in object 'Object Repository/Page_LDC1 Participants/select_Manager            Teacher          _ffc00f'  using regular expression

2022-01-12 17:50:41 - [MESSAGE][PASSED] - All options with value '3' are selected in object 'Object Repository/Page_LDC1 Participants/select_Manager            Teacher          _ffc00f'  using regular expression

2022-01-12 17:50:41 - [TEST_STEP][PASSED] - click(findTestObject("Object Repository/Page_LDC1 Participants/button_Enrol users")): Object: 'Object Repository/Page_LDC1 Participants/button_Enrol users' is clicked on

2022-01-12 17:50:41 - [MESSAGE][PASSED] - Object: 'Object Repository/Page_LDC1 Participants/button_Enrol users' is clicked on

2022-01-12 17:50:41 - [TEST_STEP][PASSED] - click(findTestObject("Object Repository/Page_Moodle Administration Users Accounts/a_Admin User")): Object: 'Object Repository/Page_Moodle Administration Users Accounts/a_Admin User' is clicked on

2022-01-12 17:50:42 - [MESSAGE][PASSED] - Object: 'Object Repository/Page_Moodle Administration Users Accounts/a_Admin User' is clicked on

2022-01-12 17:50:42 - [TEST_STEP][PASSED] - click(findTestObject("Object Repository/Page_LDC1 Participants/a_Log out")): Object: 'Object Repository/Page_LDC1 Participants/a_Log out' is clicked on

2022-01-12 17:50:43 - [MESSAGE][PASSED] - Object: 'Object Repository/Page_LDC1 Participants/a_Log out' is clicked on

2022-01-12 17:50:43 - [TEST_STEP][PASSED] - click(findTestObject("Object Repository/Page_BCS Moodle/a_Log in")): Object: 'Object Repository/Page_BCS Moodle/a_Log in' is clicked on

2022-01-12 17:50:44 - [MESSAGE][PASSED] - Object: 'Object Repository/Page_BCS Moodle/a_Log in' is clicked on

2022-01-12 17:50:44 - [TEST_STEP][PASSED] - setText(findTestObject("Object Repository/Page_BCS Moodle Log in to the site/input_Username_username"), "chihao"): Text 'chihao' is set on object 'Object Repository/Page_BCS Moodle Log in to the site/input_Username_username'

2022-01-12 17:50:45 - [MESSAGE][PASSED] - Text 'chihao' is set on object 'Object Repository/Page_BCS Moodle Log in to the site/input_Username_username'

2022-01-12 17:50:45 - [TEST_STEP][PASSED] - setEncryptedText(findTestObject("Object Repository/Page_BCS Moodle Log in to the site/input_Password_password"), "p4y+y39Ir5PR9RXlOHjWlj+CAJiYdX4g"): Text ****** has been set on object 'Object Repository/Page_BCS Moodle Log in to the site/input_Password_password'

2022-01-12 17:50:46 - [MESSAGE][PASSED] - Text ****** has been set on object 'Object Repository/Page_BCS Moodle Log in to the site/input_Password_password'

2022-01-12 17:50:46 - [TEST_STEP][PASSED] - click(findTestObject("Object Repository/Page_BCS Moodle Log in to the site/button_Log in")): Object: 'Object Repository/Page_BCS Moodle Log in to the site/button_Log in' is clicked on

2022-01-12 17:50:47 - [MESSAGE][PASSED] - Object: 'Object Repository/Page_BCS Moodle Log in to the site/button_Log in' is clicked on

2022-01-12 17:50:47 - [TEST_STEP][PASSED] - click(findTestObject("Object Repository/Page_Dashboard/span_Site home")): Object: 'Object Repository/Page_Dashboard/span_Site home' is clicked on

2022-01-12 17:50:50 - [MESSAGE][PASSED] - Object: 'Object Repository/Page_Dashboard/span_Site home' is clicked on

2022-01-12 17:50:50 - [TEST_STEP][PASSED] - navigateToUrl("http://localhost:8080/moodle/?redirect=0"): Navigate to 'http://localhost:8080/moodle/?redirect=0' successfully

2022-01-12 17:50:50 - [MESSAGE][PASSED] - Navigate to 'http://localhost:8080/moodle/?redirect=0' successfully

2022-01-12 17:50:50 - [TEST_STEP][PASSED] - click(findTestObject("Object Repository/Page_BCS Moodle/a_L i Cng 1")): Object: 'Object Repository/Page_BCS Moodle/a_L i Cng 1' is clicked on

2022-01-12 17:50:51 - [MESSAGE][PASSED] - Object: 'Object Repository/Page_BCS Moodle/a_L i Cng 1' is clicked on

2022-01-12 17:50:51 - [TEST_STEP][PASSED] - click(findTestObject("Object Repository/Page_Course L i Cng 1/a_Participants")): Object: 'Object Repository/Page_Course L i Cng 1/a_Participants' is clicked on

2022-01-12 17:50:52 - [MESSAGE][PASSED] - Object: 'Object Repository/Page_Course L i Cng 1/a_Participants' is clicked on

2022-01-12 17:50:52 - [TEST_STEP][PASSED] - verifyElementPresent(findTestObject("Object Repository/Page_LDC1 Participants/th_Chi Hao Ha"), 0): Object 'Object Repository/Page_LDC1 Participants/th_Chi Hao Ha' is present

2022-01-12 17:50:52 - [MESSAGE][WARNING] - Timeout '0' is invalid. Using default page load timeout: '30'

2022-01-12 17:50:52 - [MESSAGE][PASSED] - Object 'Object Repository/Page_LDC1 Participants/th_Chi Hao Ha' is present

2022-01-12 17:50:52 - [TEST_STEP][PASSED] - verifyElementPresent(findTestObject("Object Repository/Page_LDC1 Participants/td_Teacher"), 0): Object 'Object Repository/Page_LDC1 Participants/td_Teacher' is present

2022-01-12 17:50:53 - [MESSAGE][WARNING] - Timeout '0' is invalid. Using default page load timeout: '30'

2022-01-12 17:50:53 - [MESSAGE][PASSED] - Object 'Object Repository/Page_LDC1 Participants/td_Teacher' is present

2022-01-12 17:50:53 - [TEST_STEP][PASSED] - closeBrowser(): Browser is closed

2022-01-12 17:50:53 - [MESSAGE][PASSED] - Browser is closed]]></system-out>
         <system-err><![CDATA[]]></system-err>
      </testcase>
      <testcase name="Test Cases/Teacher/Teacher_Add Assignment/Teacher_Add Assignment With Due Date Before Allow Submission From" time="23.822" classname="Test Cases/Teacher/Teacher_Add Assignment/Teacher_Add Assignment With Due Date Before Allow Submission From" status="PASSED">
         <system-out><![CDATA[2022-01-12 17:50:54 - [TEST_CASE][PASSED] - Test Cases/Teacher/Teacher_Add Assignment/Teacher_Add Assignment With Due Date Before Allow Submission From: Test Cases/Teacher/Teacher_Add Assignment/Teacher_Add Assignment With Due Date Before Allow Submission From

2022-01-12 17:50:54 - [TEST_STEP][PASSED] - openBrowser(""): Browser is opened with url: ''

2022-01-12 17:50:54 - [MESSAGE][INFO] - Starting 'Chrome' driver

2022-01-12 17:50:54 - [MESSAGE][INFO] - User set preference: ['args', '[window-size=1300,900]']

2022-01-12 17:50:54 - [MESSAGE][INFO] - Action delay is set to 0 milliseconds

2022-01-12 17:50:55 - [MESSAGE][PASSED] - Browser is opened with url: ''

2022-01-12 17:50:55 - [TEST_STEP][PASSED] - navigateToUrl("http://localhost:8080/moodle/"): Navigate to 'http://localhost:8080/moodle/' successfully

2022-01-12 17:50:56 - [MESSAGE][PASSED] - Navigate to 'http://localhost:8080/moodle/' successfully

2022-01-12 17:50:56 - [TEST_STEP][PASSED] - click(findTestObject("Object Repository/Page_BCS Moodle/a_Log in")): Object: 'Object Repository/Page_BCS Moodle/a_Log in' is clicked on

2022-01-12 17:50:57 - [MESSAGE][PASSED] - Object: 'Object Repository/Page_BCS Moodle/a_Log in' is clicked on

2022-01-12 17:50:57 - [TEST_STEP][PASSED] - setText(findTestObject("Object Repository/Page_BCS Moodle Log in to the site/input_Username_username"), "onix"): Text 'onix' is set on object 'Object Repository/Page_BCS Moodle Log in to the site/input_Username_username'

2022-01-12 17:50:57 - [MESSAGE][PASSED] - Text 'onix' is set on object 'Object Repository/Page_BCS Moodle Log in to the site/input_Username_username'

2022-01-12 17:50:57 - [TEST_STEP][PASSED] - setEncryptedText(findTestObject("Object Repository/Page_BCS Moodle Log in to the site/input_Password_password"), "uw4zQNl2RedGtkZxJt1B2nZNxIOg3YnT"): Text ****** has been set on object 'Object Repository/Page_BCS Moodle Log in to the site/input_Password_password'

2022-01-12 17:50:58 - [MESSAGE][PASSED] - Text ****** has been set on object 'Object Repository/Page_BCS Moodle Log in to the site/input_Password_password'

2022-01-12 17:50:58 - [TEST_STEP][PASSED] - click(findTestObject("Object Repository/Page_BCS Moodle Log in to the site/button_Log in")): Object: 'Object Repository/Page_BCS Moodle Log in to the site/button_Log in' is clicked on

2022-01-12 17:50:59 - [MESSAGE][PASSED] - Object: 'Object Repository/Page_BCS Moodle Log in to the site/button_Log in' is clicked on

2022-01-12 17:50:59 - [TEST_STEP][PASSED] - click(findTestObject("Object Repository/Page_Dashboard/div_Course image")): Object: 'Object Repository/Page_Dashboard/div_Course image' is clicked on

2022-01-12 17:51:01 - [MESSAGE][PASSED] - Object: 'Object Repository/Page_Dashboard/div_Course image' is clicked on

2022-01-12 17:51:01 - [TEST_STEP][PASSED] - click(findTestObject("Object Repository/Page_Course Ton t hp/button_Turn editing on")): Object: 'Object Repository/Page_Course Ton t hp/button_Turn editing on' is clicked on

2022-01-12 17:51:03 - [MESSAGE][PASSED] - Object: 'Object Repository/Page_Course Ton t hp/button_Turn editing on' is clicked on

2022-01-12 17:51:03 - [TEST_STEP][PASSED] - click(findTestObject("Page_Course Ton t hp/span_Add an activity or resource (1)")): Object: 'Object Repository/Page_Course Ton t hp/span_Add an activity or resource (1)' is clicked on

2022-01-12 17:51:04 - [MESSAGE][PASSED] - Object: 'Object Repository/Page_Course Ton t hp/span_Add an activity or resource (1)' is clicked on

2022-01-12 17:51:04 - [TEST_STEP][PASSED] - click(findTestObject("Object Repository/Page_Course Ton t hp/img_Recommended_icon icon")): Object: 'Object Repository/Page_Course Ton t hp/img_Recommended_icon icon' is clicked on

2022-01-12 17:51:11 - [MESSAGE][PASSED] - Object: 'Object Repository/Page_Course Ton t hp/img_Recommended_icon icon' is clicked on

2022-01-12 17:51:11 - [TEST_STEP][PASSED] - setText(findTestObject("Object Repository/Page_Editing Assignment/input_Assignment name_name"), "Assigment With Due Date Before Allow Submission From"): Text 'Assigment With Due Date Before Allow Submission From' is set on object 'Object Repository/Page_Editing Assignment/input_Assignment name_name'

2022-01-12 17:51:12 - [MESSAGE][PASSED] - Text 'Assigment With Due Date Before Allow Submission From' is set on object 'Object Repository/Page_Editing Assignment/input_Assignment name_name'

2022-01-12 17:51:12 - [TEST_STEP][PASSED] - selectOptionByValue(findTestObject("Object Repository/Page_Editing Assignment/select_1        2        3        4        _45ea30"), "3", true): All options with value '3' are selected in object 'Object Repository/Page_Editing Assignment/select_1        2        3        4        _45ea30'  using regular expression

2022-01-12 17:51:13 - [MESSAGE][PASSED] - All options with value '3' are selected in object 'Object Repository/Page_Editing Assignment/select_1        2        3        4        _45ea30'  using regular expression

2022-01-12 17:51:13 - [TEST_STEP][PASSED] - click(findTestObject("Object Repository/Page_Editing Assignment/input_Upon activity completion_submitbutton")): Object: 'Object Repository/Page_Editing Assignment/input_Upon activity completion_submitbutton' is clicked on

2022-01-12 17:51:15 - [MESSAGE][PASSED] - Object: 'Object Repository/Page_Editing Assignment/input_Upon activity completion_submitbutton' is clicked on

2022-01-12 17:51:15 - [TEST_STEP][PASSED] - click(findTestObject("Object Repository/Page_Editing Assignment/div_Due date cannot be earlier than the all_eaad69")): Object: 'Object Repository/Page_Editing Assignment/div_Due date cannot be earlier than the all_eaad69' is clicked on

2022-01-12 17:51:16 - [MESSAGE][PASSED] - Object: 'Object Repository/Page_Editing Assignment/div_Due date cannot be earlier than the all_eaad69' is clicked on

2022-01-12 17:51:16 - [TEST_STEP][PASSED] - verifyElementText(findTestObject("Object Repository/Page_Editing Assignment/div_Due date cannot be earlier than the all_eaad69"), "Due date cannot be earlier than the allow submissions from date."): Actual text and expected text of test object 'Object Repository/Page_Editing Assignment/div_Due date cannot be earlier than the all_eaad69' are matched.

2022-01-12 17:51:17 - [MESSAGE][PASSED] - Actual text and expected text of test object 'Object Repository/Page_Editing Assignment/div_Due date cannot be earlier than the all_eaad69' are matched.

2022-01-12 17:51:17 - [TEST_STEP][PASSED] - closeBrowser(): Browser is closed

2022-01-12 17:51:17 - [MESSAGE][PASSED] - Browser is closed]]></system-out>
         <system-err><![CDATA[]]></system-err>
      </testcase>
      <testcase name="Test Cases/Admin/Admin Add User/Admin_Add User Force Password Change -- Fail" time="34.318" classname="Test Cases/Admin/Admin Add User/Admin_Add User Force Password Change -- Fail" status="PASSED">
         <system-out><![CDATA[2022-01-12 17:51:17 - [TEST_CASE][PASSED] - Test Cases/Admin/Admin Add User/Admin_Add User Force Password Change -- Fail: Test Cases/Admin/Admin Add User/Admin_Add User Force Password Change -- Fail

2022-01-12 17:51:18 - [TEST_STEP][PASSED] - callTestCase(findTestCase("Admin/Admin_Login"), [:], STOP_ON_FAILURE): Call Test Case 'Test Cases/Admin/Admin_Login' successfully

2022-01-12 17:51:18 - [TEST_CASE][PASSED] - Test Cases/Admin/Admin_Login: Test Cases/Admin/Admin_Login

2022-01-12 17:51:18 - [TEST_STEP][PASSED] - openBrowser(""): Browser is opened with url: ''

2022-01-12 17:51:18 - [MESSAGE][INFO] - Starting 'Chrome' driver

2022-01-12 17:51:18 - [MESSAGE][INFO] - User set preference: ['args', '[window-size=1300,900]']

2022-01-12 17:51:18 - [MESSAGE][INFO] - Action delay is set to 0 milliseconds

2022-01-12 17:51:19 - [MESSAGE][PASSED] - Browser is opened with url: ''

2022-01-12 17:51:19 - [TEST_STEP][PASSED] - navigateToUrl("http://localhost:8080/moodle/login/index.php"): Navigate to 'http://localhost:8080/moodle/login/index.php' successfully

2022-01-12 17:51:20 - [MESSAGE][PASSED] - Navigate to 'http://localhost:8080/moodle/login/index.php' successfully

2022-01-12 17:51:20 - [TEST_STEP][PASSED] - setText(findTestObject("Object Repository/Page_BCS Moodle Log in to the site/input_Username_username"), "admin"): Text 'admin' is set on object 'Object Repository/Page_BCS Moodle Log in to the site/input_Username_username'

2022-01-12 17:51:21 - [MESSAGE][PASSED] - Text 'admin' is set on object 'Object Repository/Page_BCS Moodle Log in to the site/input_Username_username'

2022-01-12 17:51:21 - [TEST_STEP][PASSED] - setEncryptedText(findTestObject("Object Repository/Page_BCS Moodle Log in to the site/input_Password_password"), "p4y+y39Ir5PR9RXlOHjWlj+CAJiYdX4g"): Text ****** has been set on object 'Object Repository/Page_BCS Moodle Log in to the site/input_Password_password'

2022-01-12 17:51:21 - [MESSAGE][PASSED] - Text ****** has been set on object 'Object Repository/Page_BCS Moodle Log in to the site/input_Password_password'

2022-01-12 17:51:21 - [TEST_STEP][PASSED] - click(findTestObject("Object Repository/Page_BCS Moodle Log in to the site/button_Log in")): Object: 'Object Repository/Page_BCS Moodle Log in to the site/button_Log in' is clicked on

2022-01-12 17:51:23 - [MESSAGE][PASSED] - Object: 'Object Repository/Page_BCS Moodle Log in to the site/button_Log in' is clicked on

2022-01-12 17:51:23 - [MESSAGE][PASSED] - Call Test Case 'Test Cases/Admin/Admin_Login' successfully

2022-01-12 17:51:23 - [TEST_STEP][PASSED] - click(findTestObject("Object Repository/Page_Dashboard/a_Site administration")): Object: 'Object Repository/Page_Dashboard/a_Site administration' is clicked on

2022-01-12 17:51:27 - [MESSAGE][PASSED] - Object: 'Object Repository/Page_Dashboard/a_Site administration' is clicked on

2022-01-12 17:51:27 - [TEST_STEP][PASSED] - navigateToUrl("http://localhost:8080/moodle/admin/search.php"): Navigate to 'http://localhost:8080/moodle/admin/search.php' successfully

2022-01-12 17:51:28 - [MESSAGE][PASSED] - Navigate to 'http://localhost:8080/moodle/admin/search.php' successfully

2022-01-12 17:51:28 - [TEST_STEP][PASSED] - click(findTestObject("Object Repository/Page_Moodle Administration Search/a_Users")): Object: 'Object Repository/Page_Moodle Administration Search/a_Users' is clicked on

2022-01-12 17:51:29 - [MESSAGE][PASSED] - Object: 'Object Repository/Page_Moodle Administration Search/a_Users' is clicked on

2022-01-12 17:51:29 - [TEST_STEP][PASSED] - click(findTestObject("Object Repository/Page_Moodle Administration Search/a_Add a new user")): Object: 'Object Repository/Page_Moodle Administration Search/a_Add a new user' is clicked on

2022-01-12 17:51:31 - [MESSAGE][PASSED] - Object: 'Object Repository/Page_Moodle Administration Search/a_Add a new user' is clicked on

2022-01-12 17:51:31 - [TEST_STEP][PASSED] - setText(findTestObject("Object Repository/Page_Moodle Administration Users Accounts/input_Username_username"), "ycutefail"): Text 'ycutefail' is set on object 'Object Repository/Page_Moodle Administration Users Accounts/input_Username_username'

2022-01-12 17:51:32 - [MESSAGE][PASSED] - Text 'ycutefail' is set on object 'Object Repository/Page_Moodle Administration Users Accounts/input_Username_username'

2022-01-12 17:51:32 - [TEST_STEP][PASSED] - click(findTestObject("Object Repository/Page_Moodle Administration Users Accounts/em_Click to enter text")): Object: 'Object Repository/Page_Moodle Administration Users Accounts/em_Click to enter text' is clicked on

2022-01-12 17:51:33 - [MESSAGE][PASSED] - Object: 'Object Repository/Page_Moodle Administration Users Accounts/em_Click to enter text' is clicked on

2022-01-12 17:51:33 - [TEST_STEP][PASSED] - click(findTestObject("Object Repository/Page_Moodle Administration Users Accounts/i_Click to enter text_icon fa fa-eye fa-fw")): Object: 'Object Repository/Page_Moodle Administration Users Accounts/i_Click to enter text_icon fa fa-eye fa-fw' is clicked on

2022-01-12 17:51:33 - [MESSAGE][PASSED] - Object: 'Object Repository/Page_Moodle Administration Users Accounts/i_Click to enter text_icon fa fa-eye fa-fw' is clicked on

2022-01-12 17:51:33 - [TEST_STEP][PASSED] - setText(findTestObject("Object Repository/Page_Moodle Administration Users Accounts/input_New password_newpassword"), "yTest123@"): Text 'yTest123@' is set on object 'Object Repository/Page_Moodle Administration Users Accounts/input_New password_newpassword'

2022-01-12 17:51:34 - [MESSAGE][PASSED] - Text 'yTest123@' is set on object 'Object Repository/Page_Moodle Administration Users Accounts/input_New password_newpassword'

2022-01-12 17:51:34 - [TEST_STEP][PASSED] - click(findTestObject("Object Repository/Page_Moodle Administration Users Accounts/input_Press enter to save changes_preferenc_a80a7a")): Object: 'Object Repository/Page_Moodle Administration Users Accounts/input_Press enter to save changes_preferenc_a80a7a' is clicked on

2022-01-12 17:51:35 - [MESSAGE][PASSED] - Object: 'Object Repository/Page_Moodle Administration Users Accounts/input_Press enter to save changes_preferenc_a80a7a' is clicked on

2022-01-12 17:51:35 - [TEST_STEP][PASSED] - setText(findTestObject("Object Repository/Page_Moodle Administration Users Accounts/input_First name_firstname"), "Ý"): Text 'Ý' is set on object 'Object Repository/Page_Moodle Administration Users Accounts/input_First name_firstname'

2022-01-12 17:51:35 - [MESSAGE][PASSED] - Text 'Ý' is set on object 'Object Repository/Page_Moodle Administration Users Accounts/input_First name_firstname'

2022-01-12 17:51:35 - [TEST_STEP][PASSED] - setText(findTestObject("Object Repository/Page_Moodle Administration Users Accounts/input_Surname_lastname"), "cute"): Text 'cute' is set on object 'Object Repository/Page_Moodle Administration Users Accounts/input_Surname_lastname'

2022-01-12 17:51:36 - [MESSAGE][PASSED] - Text 'cute' is set on object 'Object Repository/Page_Moodle Administration Users Accounts/input_Surname_lastname'

2022-01-12 17:51:36 - [TEST_STEP][PASSED] - setText(findTestObject("Object Repository/Page_Moodle Administration Users Accounts/input_Email address_email"), "ycutefail@gmail.com"): Text 'ycutefail@gmail.com' is set on object 'Object Repository/Page_Moodle Administration Users Accounts/input_Email address_email'

2022-01-12 17:51:37 - [MESSAGE][PASSED] - Text 'ycutefail@gmail.com' is set on object 'Object Repository/Page_Moodle Administration Users Accounts/input_Email address_email'

2022-01-12 17:51:37 - [TEST_STEP][PASSED] - click(findTestObject("Object Repository/Page_Moodle Administration Users Accounts/input_Address_submitbutton")): Object: 'Object Repository/Page_Moodle Administration Users Accounts/input_Address_submitbutton' is clicked on

2022-01-12 17:51:40 - [MESSAGE][PASSED] - Object: 'Object Repository/Page_Moodle Administration Users Accounts/input_Address_submitbutton' is clicked on

2022-01-12 17:51:40 - [TEST_STEP][PASSED] - navigateToUrl("http://localhost:8080/moodle/admin/user.php"): Navigate to 'http://localhost:8080/moodle/admin/user.php' successfully

2022-01-12 17:51:41 - [MESSAGE][PASSED] - Navigate to 'http://localhost:8080/moodle/admin/user.php' successfully

2022-01-12 17:51:41 - [TEST_STEP][PASSED] - click(findTestObject("Object Repository/Page_Moodle Administration Users Accounts/a_Admin User")): Object: 'Object Repository/Page_Moodle Administration Users Accounts/a_Admin User' is clicked on

2022-01-12 17:51:41 - [MESSAGE][PASSED] - Object: 'Object Repository/Page_Moodle Administration Users Accounts/a_Admin User' is clicked on

2022-01-12 17:51:41 - [TEST_STEP][PASSED] - click(findTestObject("Object Repository/Page_Moodle Administration Users Accounts/span_Log out")): Object: 'Object Repository/Page_Moodle Administration Users Accounts/span_Log out' is clicked on

2022-01-12 17:51:42 - [MESSAGE][PASSED] - Object: 'Object Repository/Page_Moodle Administration Users Accounts/span_Log out' is clicked on

2022-01-12 17:51:42 - [TEST_STEP][PASSED] - click(findTestObject("Object Repository/Page_BCS Moodle/a_Log in")): Object: 'Object Repository/Page_BCS Moodle/a_Log in' is clicked on

2022-01-12 17:51:43 - [MESSAGE][PASSED] - Object: 'Object Repository/Page_BCS Moodle/a_Log in' is clicked on

2022-01-12 17:51:43 - [TEST_STEP][PASSED] - setText(findTestObject("Object Repository/Page_BCS Moodle Log in to the site/input_Username_username"), "ycutefail"): Text 'ycutefail' is set on object 'Object Repository/Page_BCS Moodle Log in to the site/input_Username_username'

2022-01-12 17:51:44 - [MESSAGE][PASSED] - Text 'ycutefail' is set on object 'Object Repository/Page_BCS Moodle Log in to the site/input_Username_username'

2022-01-12 17:51:44 - [TEST_STEP][PASSED] - setEncryptedText(findTestObject("Object Repository/Page_BCS Moodle Log in to the site/input_Password_password"), "2710ZA2DREKCf9mxfuEeww=="): Text ****** has been set on object 'Object Repository/Page_BCS Moodle Log in to the site/input_Password_password'

2022-01-12 17:51:45 - [MESSAGE][PASSED] - Text ****** has been set on object 'Object Repository/Page_BCS Moodle Log in to the site/input_Password_password'

2022-01-12 17:51:45 - [TEST_STEP][PASSED] - click(findTestObject("Object Repository/Page_BCS Moodle Log in to the site/button_Log in")): Object: 'Object Repository/Page_BCS Moodle Log in to the site/button_Log in' is clicked on

2022-01-12 17:51:46 - [MESSAGE][PASSED] - Object: 'Object Repository/Page_BCS Moodle Log in to the site/button_Log in' is clicked on

2022-01-12 17:51:46 - [TEST_STEP][PASSED] - verifyElementPresent(findTestObject("Page_Change password/div_You must change your password to proceed"), 0): Object 'Object Repository/Page_Change password/div_You must change your password to proceed' is present

2022-01-12 17:51:46 - [MESSAGE][WARNING] - Timeout '0' is invalid. Using default page load timeout: '30'

2022-01-12 17:51:47 - [MESSAGE][PASSED] - Object 'Object Repository/Page_Change password/div_You must change your password to proceed' is present

2022-01-12 17:51:47 - [TEST_STEP][PASSED] - setEncryptedText(findTestObject("Page_Change password/input_Current password_password"), "2710ZA2DREKCf9mxfuEeww=="): Text ****** has been set on object 'Object Repository/Page_Change password/input_Current password_password'

2022-01-12 17:51:47 - [MESSAGE][PASSED] - Text ****** has been set on object 'Object Repository/Page_Change password/input_Current password_password'

2022-01-12 17:51:47 - [TEST_STEP][PASSED] - setText(findTestObject("Page_Change password/input_New password_newpassword1"), "yyyTest123@"): Text 'yyyTest123@' is set on object 'Object Repository/Page_Change password/input_New password_newpassword1'

2022-01-12 17:51:48 - [MESSAGE][PASSED] - Text 'yyyTest123@' is set on object 'Object Repository/Page_Change password/input_New password_newpassword1'

2022-01-12 17:51:48 - [TEST_STEP][PASSED] - setText(findTestObject("Page_Change password/input_New password (again)_newpassword2"), "yTest123@"): Text 'yTest123@' is set on object 'Object Repository/Page_Change password/input_New password (again)_newpassword2'

2022-01-12 17:51:49 - [MESSAGE][PASSED] - Text 'yTest123@' is set on object 'Object Repository/Page_Change password/input_New password (again)_newpassword2'

2022-01-12 17:51:49 - [TEST_STEP][PASSED] - click(findTestObject("Page_Change password/input_New password (again)_submitbutton")): Object: 'Object Repository/Page_Change password/input_New password (again)_submitbutton' is clicked on

2022-01-12 17:51:50 - [MESSAGE][PASSED] - Object: 'Object Repository/Page_Change password/input_New password (again)_submitbutton' is clicked on

2022-01-12 17:51:50 - [TEST_STEP][PASSED] - click(findTestObject("Page_Change password/div_These passwords do not match")): Object: 'Object Repository/Page_Change password/div_These passwords do not match' is clicked on

2022-01-12 17:51:50 - [MESSAGE][PASSED] - Object: 'Object Repository/Page_Change password/div_These passwords do not match' is clicked on

2022-01-12 17:51:50 - [TEST_STEP][PASSED] - click(findTestObject("Page_Change password/div_These passwords do not match_1")): Object: 'Object Repository/Page_Change password/div_These passwords do not match_1' is clicked on

2022-01-12 17:51:51 - [MESSAGE][PASSED] - Object: 'Object Repository/Page_Change password/div_These passwords do not match_1' is clicked on

2022-01-12 17:51:51 - [TEST_STEP][PASSED] - closeBrowser(): Browser is closed

2022-01-12 17:51:52 - [MESSAGE][PASSED] - Browser is closed]]></system-out>
         <system-err><![CDATA[]]></system-err>
      </testcase>
      <testcase name="Test Cases/Admin/Admin Add User/Admin_Add User Force Password Change -- Success" time="32.802" classname="Test Cases/Admin/Admin Add User/Admin_Add User Force Password Change -- Success" status="PASSED">
         <system-out><![CDATA[2022-01-12 17:51:52 - [TEST_CASE][PASSED] - Test Cases/Admin/Admin Add User/Admin_Add User Force Password Change -- Success: Test Cases/Admin/Admin Add User/Admin_Add User Force Password Change -- Success

2022-01-12 17:51:52 - [TEST_STEP][PASSED] - callTestCase(findTestCase("Admin/Admin_Login"), [:], STOP_ON_FAILURE): Call Test Case 'Test Cases/Admin/Admin_Login' successfully

2022-01-12 17:51:52 - [TEST_CASE][PASSED] - Test Cases/Admin/Admin_Login: Test Cases/Admin/Admin_Login

2022-01-12 17:51:52 - [TEST_STEP][PASSED] - openBrowser(""): Browser is opened with url: ''

2022-01-12 17:51:52 - [MESSAGE][INFO] - Starting 'Chrome' driver

2022-01-12 17:51:52 - [MESSAGE][INFO] - User set preference: ['args', '[window-size=1300,900]']

2022-01-12 17:51:52 - [MESSAGE][INFO] - Action delay is set to 0 milliseconds

2022-01-12 17:51:53 - [MESSAGE][PASSED] - Browser is opened with url: ''

2022-01-12 17:51:53 - [TEST_STEP][PASSED] - navigateToUrl("http://localhost:8080/moodle/login/index.php"): Navigate to 'http://localhost:8080/moodle/login/index.php' successfully

2022-01-12 17:51:54 - [MESSAGE][PASSED] - Navigate to 'http://localhost:8080/moodle/login/index.php' successfully

2022-01-12 17:51:54 - [TEST_STEP][PASSED] - setText(findTestObject("Object Repository/Page_BCS Moodle Log in to the site/input_Username_username"), "admin"): Text 'admin' is set on object 'Object Repository/Page_BCS Moodle Log in to the site/input_Username_username'

2022-01-12 17:51:55 - [MESSAGE][PASSED] - Text 'admin' is set on object 'Object Repository/Page_BCS Moodle Log in to the site/input_Username_username'

2022-01-12 17:51:55 - [TEST_STEP][PASSED] - setEncryptedText(findTestObject("Object Repository/Page_BCS Moodle Log in to the site/input_Password_password"), "p4y+y39Ir5PR9RXlOHjWlj+CAJiYdX4g"): Text ****** has been set on object 'Object Repository/Page_BCS Moodle Log in to the site/input_Password_password'

2022-01-12 17:51:55 - [MESSAGE][PASSED] - Text ****** has been set on object 'Object Repository/Page_BCS Moodle Log in to the site/input_Password_password'

2022-01-12 17:51:55 - [TEST_STEP][PASSED] - click(findTestObject("Object Repository/Page_BCS Moodle Log in to the site/button_Log in")): Object: 'Object Repository/Page_BCS Moodle Log in to the site/button_Log in' is clicked on

2022-01-12 17:51:57 - [MESSAGE][PASSED] - Object: 'Object Repository/Page_BCS Moodle Log in to the site/button_Log in' is clicked on

2022-01-12 17:51:57 - [MESSAGE][PASSED] - Call Test Case 'Test Cases/Admin/Admin_Login' successfully

2022-01-12 17:51:57 - [TEST_STEP][PASSED] - click(findTestObject("Object Repository/Page_Dashboard/a_Site administration")): Object: 'Object Repository/Page_Dashboard/a_Site administration' is clicked on

2022-01-12 17:52:00 - [MESSAGE][PASSED] - Object: 'Object Repository/Page_Dashboard/a_Site administration' is clicked on

2022-01-12 17:52:00 - [TEST_STEP][PASSED] - navigateToUrl("http://localhost:8080/moodle/admin/search.php"): Navigate to 'http://localhost:8080/moodle/admin/search.php' successfully

2022-01-12 17:52:01 - [MESSAGE][PASSED] - Navigate to 'http://localhost:8080/moodle/admin/search.php' successfully

2022-01-12 17:52:01 - [TEST_STEP][PASSED] - click(findTestObject("Object Repository/Page_Moodle Administration Search/a_Users")): Object: 'Object Repository/Page_Moodle Administration Search/a_Users' is clicked on

2022-01-12 17:52:01 - [MESSAGE][PASSED] - Object: 'Object Repository/Page_Moodle Administration Search/a_Users' is clicked on

2022-01-12 17:52:01 - [TEST_STEP][PASSED] - click(findTestObject("Object Repository/Page_Moodle Administration Search/a_Add a new user")): Object: 'Object Repository/Page_Moodle Administration Search/a_Add a new user' is clicked on

2022-01-12 17:52:03 - [MESSAGE][PASSED] - Object: 'Object Repository/Page_Moodle Administration Search/a_Add a new user' is clicked on

2022-01-12 17:52:03 - [TEST_STEP][PASSED] - setText(findTestObject("Page_Moodle Administration Users Accounts/input_Username_username"), "ycute"): Text 'ycute' is set on object 'Object Repository/Page_Moodle Administration Users Accounts/input_Username_username'

2022-01-12 17:52:04 - [MESSAGE][PASSED] - Text 'ycute' is set on object 'Object Repository/Page_Moodle Administration Users Accounts/input_Username_username'

2022-01-12 17:52:04 - [TEST_STEP][PASSED] - click(findTestObject("Page_Moodle Administration Users Accounts/em_Click to enter text")): Object: 'Object Repository/Page_Moodle Administration Users Accounts/em_Click to enter text' is clicked on

2022-01-12 17:52:05 - [MESSAGE][PASSED] - Object: 'Object Repository/Page_Moodle Administration Users Accounts/em_Click to enter text' is clicked on

2022-01-12 17:52:05 - [TEST_STEP][PASSED] - click(findTestObject("Page_Moodle Administration Users Accounts/i_Click to enter text_icon fa fa-eye fa-fw")): Object: 'Object Repository/Page_Moodle Administration Users Accounts/i_Click to enter text_icon fa fa-eye fa-fw' is clicked on

2022-01-12 17:52:05 - [MESSAGE][PASSED] - Object: 'Object Repository/Page_Moodle Administration Users Accounts/i_Click to enter text_icon fa fa-eye fa-fw' is clicked on

2022-01-12 17:52:05 - [TEST_STEP][PASSED] - setText(findTestObject("Page_Moodle Administration Users Accounts/input_New password_newpassword"), "yTest123@"): Text 'yTest123@' is set on object 'Object Repository/Page_Moodle Administration Users Accounts/input_New password_newpassword'

2022-01-12 17:52:06 - [MESSAGE][PASSED] - Text 'yTest123@' is set on object 'Object Repository/Page_Moodle Administration Users Accounts/input_New password_newpassword'

2022-01-12 17:52:06 - [TEST_STEP][PASSED] - click(findTestObject("Page_Moodle Administration Users Accounts/input_Press enter to save changes_preferenc_a80a7a")): Object: 'Object Repository/Page_Moodle Administration Users Accounts/input_Press enter to save changes_preferenc_a80a7a' is clicked on

2022-01-12 17:52:06 - [MESSAGE][PASSED] - Object: 'Object Repository/Page_Moodle Administration Users Accounts/input_Press enter to save changes_preferenc_a80a7a' is clicked on

2022-01-12 17:52:06 - [TEST_STEP][PASSED] - setText(findTestObject("Page_Moodle Administration Users Accounts/input_First name_firstname"), "Ý"): Text 'Ý' is set on object 'Object Repository/Page_Moodle Administration Users Accounts/input_First name_firstname'

2022-01-12 17:52:07 - [MESSAGE][PASSED] - Text 'Ý' is set on object 'Object Repository/Page_Moodle Administration Users Accounts/input_First name_firstname'

2022-01-12 17:52:07 - [TEST_STEP][PASSED] - setText(findTestObject("Page_Moodle Administration Users Accounts/input_Surname_lastname"), "cute"): Text 'cute' is set on object 'Object Repository/Page_Moodle Administration Users Accounts/input_Surname_lastname'

2022-01-12 17:52:08 - [MESSAGE][PASSED] - Text 'cute' is set on object 'Object Repository/Page_Moodle Administration Users Accounts/input_Surname_lastname'

2022-01-12 17:52:08 - [TEST_STEP][PASSED] - setText(findTestObject("Page_Moodle Administration Users Accounts/input_Email address_email"), "ycute@gmail.com"): Text 'ycute@gmail.com' is set on object 'Object Repository/Page_Moodle Administration Users Accounts/input_Email address_email'

2022-01-12 17:52:09 - [MESSAGE][PASSED] - Text 'ycute@gmail.com' is set on object 'Object Repository/Page_Moodle Administration Users Accounts/input_Email address_email'

2022-01-12 17:52:09 - [TEST_STEP][PASSED] - click(findTestObject("Page_Moodle Administration Users Accounts/input_Address_submitbutton")): Object: 'Object Repository/Page_Moodle Administration Users Accounts/input_Address_submitbutton' is clicked on

2022-01-12 17:52:11 - [MESSAGE][PASSED] - Object: 'Object Repository/Page_Moodle Administration Users Accounts/input_Address_submitbutton' is clicked on

2022-01-12 17:52:11 - [TEST_STEP][PASSED] - navigateToUrl("http://localhost:8080/moodle/admin/user.php"): Navigate to 'http://localhost:8080/moodle/admin/user.php' successfully

2022-01-12 17:52:12 - [MESSAGE][PASSED] - Navigate to 'http://localhost:8080/moodle/admin/user.php' successfully

2022-01-12 17:52:12 - [TEST_STEP][PASSED] - click(findTestObject("Page_Moodle Administration Users Accounts/a_Admin User")): Object: 'Object Repository/Page_Moodle Administration Users Accounts/a_Admin User' is clicked on

2022-01-12 17:52:12 - [MESSAGE][PASSED] - Object: 'Object Repository/Page_Moodle Administration Users Accounts/a_Admin User' is clicked on

2022-01-12 17:52:12 - [TEST_STEP][PASSED] - click(findTestObject("Page_Moodle Administration Users Accounts/span_Log out")): Object: 'Object Repository/Page_Moodle Administration Users Accounts/span_Log out' is clicked on

2022-01-12 17:52:13 - [MESSAGE][PASSED] - Object: 'Object Repository/Page_Moodle Administration Users Accounts/span_Log out' is clicked on

2022-01-12 17:52:13 - [TEST_STEP][PASSED] - click(findTestObject("Object Repository/Page_BCS Moodle/a_Log in")): Object: 'Object Repository/Page_BCS Moodle/a_Log in' is clicked on

2022-01-12 17:52:14 - [MESSAGE][PASSED] - Object: 'Object Repository/Page_BCS Moodle/a_Log in' is clicked on

2022-01-12 17:52:14 - [TEST_STEP][PASSED] - setText(findTestObject("Object Repository/Page_BCS Moodle Log in to the site/input_Username_username"), "ycute"): Text 'ycute' is set on object 'Object Repository/Page_BCS Moodle Log in to the site/input_Username_username'

2022-01-12 17:52:15 - [MESSAGE][PASSED] - Text 'ycute' is set on object 'Object Repository/Page_BCS Moodle Log in to the site/input_Username_username'

2022-01-12 17:52:15 - [TEST_STEP][PASSED] - setEncryptedText(findTestObject("Object Repository/Page_BCS Moodle Log in to the site/input_Password_password"), "2710ZA2DREKCf9mxfuEeww=="): Text ****** has been set on object 'Object Repository/Page_BCS Moodle Log in to the site/input_Password_password'

2022-01-12 17:52:15 - [MESSAGE][PASSED] - Text ****** has been set on object 'Object Repository/Page_BCS Moodle Log in to the site/input_Password_password'

2022-01-12 17:52:15 - [TEST_STEP][PASSED] - click(findTestObject("Object Repository/Page_BCS Moodle Log in to the site/button_Log in")): Object: 'Object Repository/Page_BCS Moodle Log in to the site/button_Log in' is clicked on

2022-01-12 17:52:16 - [MESSAGE][PASSED] - Object: 'Object Repository/Page_BCS Moodle Log in to the site/button_Log in' is clicked on

2022-01-12 17:52:16 - [TEST_STEP][PASSED] - verifyElementPresent(findTestObject("Object Repository/Page_Change password/div_You must change your password to proceed"), 0): Object 'Object Repository/Page_Change password/div_You must change your password to proceed' is present

2022-01-12 17:52:16 - [MESSAGE][WARNING] - Timeout '0' is invalid. Using default page load timeout: '30'

2022-01-12 17:52:17 - [MESSAGE][PASSED] - Object 'Object Repository/Page_Change password/div_You must change your password to proceed' is present

2022-01-12 17:52:17 - [TEST_STEP][PASSED] - setEncryptedText(findTestObject("Object Repository/Page_Change password/input_Current password_password"), "2710ZA2DREKCf9mxfuEeww=="): Text ****** has been set on object 'Object Repository/Page_Change password/input_Current password_password'

2022-01-12 17:52:18 - [MESSAGE][PASSED] - Text ****** has been set on object 'Object Repository/Page_Change password/input_Current password_password'

2022-01-12 17:52:18 - [TEST_STEP][PASSED] - setEncryptedText(findTestObject("Object Repository/Page_Change password/input_New password_newpassword1"), "nSzDANEUx/lhr7OBbRdQuw=="): Text ****** has been set on object 'Object Repository/Page_Change password/input_New password_newpassword1'

2022-01-12 17:52:18 - [MESSAGE][PASSED] - Text ****** has been set on object 'Object Repository/Page_Change password/input_New password_newpassword1'

2022-01-12 17:52:18 - [TEST_STEP][PASSED] - setEncryptedText(findTestObject("Object Repository/Page_Change password/input_New password (again)_newpassword2"), "nSzDANEUx/lhr7OBbRdQuw=="): Text ****** has been set on object 'Object Repository/Page_Change password/input_New password (again)_newpassword2'

2022-01-12 17:52:19 - [MESSAGE][PASSED] - Text ****** has been set on object 'Object Repository/Page_Change password/input_New password (again)_newpassword2'

2022-01-12 17:52:19 - [TEST_STEP][PASSED] - click(findTestObject("Object Repository/Page_Change password/input_New password (again)_submitbutton")): Object: 'Object Repository/Page_Change password/input_New password (again)_submitbutton' is clicked on

2022-01-12 17:52:20 - [MESSAGE][PASSED] - Object: 'Object Repository/Page_Change password/input_New password (again)_submitbutton' is clicked on

2022-01-12 17:52:20 - [TEST_STEP][PASSED] - verifyElementPresent(findTestObject("Object Repository/Page_Password has been changed/div_Password has been changed"), 0): Object 'Object Repository/Page_Password has been changed/div_Password has been changed' is present

2022-01-12 17:52:20 - [MESSAGE][WARNING] - Timeout '0' is invalid. Using default page load timeout: '30'

2022-01-12 17:52:20 - [MESSAGE][PASSED] - Object 'Object Repository/Page_Password has been changed/div_Password has been changed' is present

2022-01-12 17:52:20 - [TEST_STEP][PASSED] - click(findTestObject("Object Repository/Page_Password has been changed/button_Continue")): Object: 'Object Repository/Page_Password has been changed/button_Continue' is clicked on

2022-01-12 17:52:22 - [MESSAGE][PASSED] - Object: 'Object Repository/Page_Password has been changed/button_Continue' is clicked on

2022-01-12 17:52:22 - [TEST_STEP][PASSED] - delay(2): Delayed 2 second(s)

2022-01-12 17:52:24 - [MESSAGE][PASSED] - Delayed 2 second(s)

2022-01-12 17:52:24 - [TEST_STEP][PASSED] - closeBrowser(): Browser is closed

2022-01-12 17:52:24 - [MESSAGE][PASSED] - Browser is closed]]></system-out>
         <system-err><![CDATA[]]></system-err>
      </testcase>
      <testcase name="Test Cases/Admin/Admin Add User/Admin_Add User Invalid Password" time="19.947" classname="Test Cases/Admin/Admin Add User/Admin_Add User Invalid Password" status="PASSED">
         <system-out><![CDATA[2022-01-12 17:52:24 - [TEST_CASE][PASSED] - Test Cases/Admin/Admin Add User/Admin_Add User Invalid Password: Test Cases/Admin/Admin Add User/Admin_Add User Invalid Password

2022-01-12 17:52:25 - [TEST_STEP][PASSED] - callTestCase(findTestCase("Admin/Admin_Login"), [:], STOP_ON_FAILURE): Call Test Case 'Test Cases/Admin/Admin_Login' successfully

2022-01-12 17:52:25 - [TEST_CASE][PASSED] - Test Cases/Admin/Admin_Login: Test Cases/Admin/Admin_Login

2022-01-12 17:52:25 - [TEST_STEP][PASSED] - openBrowser(""): Browser is opened with url: ''

2022-01-12 17:52:25 - [MESSAGE][INFO] - Starting 'Chrome' driver

2022-01-12 17:52:25 - [MESSAGE][INFO] - User set preference: ['args', '[window-size=1300,900]']

2022-01-12 17:52:25 - [MESSAGE][INFO] - Action delay is set to 0 milliseconds

2022-01-12 17:52:26 - [MESSAGE][PASSED] - Browser is opened with url: ''

2022-01-12 17:52:26 - [TEST_STEP][PASSED] - navigateToUrl("http://localhost:8080/moodle/login/index.php"): Navigate to 'http://localhost:8080/moodle/login/index.php' successfully

2022-01-12 17:52:27 - [MESSAGE][PASSED] - Navigate to 'http://localhost:8080/moodle/login/index.php' successfully

2022-01-12 17:52:27 - [TEST_STEP][PASSED] - setText(findTestObject("Object Repository/Page_BCS Moodle Log in to the site/input_Username_username"), "admin"): Text 'admin' is set on object 'Object Repository/Page_BCS Moodle Log in to the site/input_Username_username'

2022-01-12 17:52:28 - [MESSAGE][PASSED] - Text 'admin' is set on object 'Object Repository/Page_BCS Moodle Log in to the site/input_Username_username'

2022-01-12 17:52:28 - [TEST_STEP][PASSED] - setEncryptedText(findTestObject("Object Repository/Page_BCS Moodle Log in to the site/input_Password_password"), "p4y+y39Ir5PR9RXlOHjWlj+CAJiYdX4g"): Text ****** has been set on object 'Object Repository/Page_BCS Moodle Log in to the site/input_Password_password'

2022-01-12 17:52:28 - [MESSAGE][PASSED] - Text ****** has been set on object 'Object Repository/Page_BCS Moodle Log in to the site/input_Password_password'

2022-01-12 17:52:28 - [TEST_STEP][PASSED] - click(findTestObject("Object Repository/Page_BCS Moodle Log in to the site/button_Log in")): Object: 'Object Repository/Page_BCS Moodle Log in to the site/button_Log in' is clicked on

2022-01-12 17:52:30 - [MESSAGE][PASSED] - Object: 'Object Repository/Page_BCS Moodle Log in to the site/button_Log in' is clicked on

2022-01-12 17:52:30 - [MESSAGE][PASSED] - Call Test Case 'Test Cases/Admin/Admin_Login' successfully

2022-01-12 17:52:30 - [TEST_STEP][PASSED] - click(findTestObject("Object Repository/Page_Dashboard/a_Site administration")): Object: 'Object Repository/Page_Dashboard/a_Site administration' is clicked on

2022-01-12 17:52:32 - [MESSAGE][PASSED] - Object: 'Object Repository/Page_Dashboard/a_Site administration' is clicked on

2022-01-12 17:52:32 - [TEST_STEP][PASSED] - click(findTestObject("Object Repository/Page_Moodle Administration Search/a_Users")): Object: 'Object Repository/Page_Moodle Administration Search/a_Users' is clicked on

2022-01-12 17:52:32 - [MESSAGE][PASSED] - Object: 'Object Repository/Page_Moodle Administration Search/a_Users' is clicked on

2022-01-12 17:52:32 - [TEST_STEP][PASSED] - click(findTestObject("Object Repository/Page_Moodle Administration Search/a_Add a new user")): Object: 'Object Repository/Page_Moodle Administration Search/a_Add a new user' is clicked on

2022-01-12 17:52:34 - [MESSAGE][PASSED] - Object: 'Object Repository/Page_Moodle Administration Search/a_Add a new user' is clicked on

2022-01-12 17:52:34 - [TEST_STEP][PASSED] - click(findTestObject("Object Repository/Page_Moodle Administration Users Accounts/input_Username_username")): Object: 'Object Repository/Page_Moodle Administration Users Accounts/input_Username_username' is clicked on

2022-01-12 17:52:35 - [MESSAGE][PASSED] - Object: 'Object Repository/Page_Moodle Administration Users Accounts/input_Username_username' is clicked on

2022-01-12 17:52:35 - [TEST_STEP][PASSED] - setText(findTestObject("Object Repository/Page_Moodle Administration Users Accounts/input_Username_username"), "yk15"): Text 'yk15' is set on object 'Object Repository/Page_Moodle Administration Users Accounts/input_Username_username'

2022-01-12 17:52:36 - [MESSAGE][PASSED] - Text 'yk15' is set on object 'Object Repository/Page_Moodle Administration Users Accounts/input_Username_username'

2022-01-12 17:52:36 - [TEST_STEP][PASSED] - click(findTestObject("Object Repository/Page_Moodle Administration Users Accounts/em_Click to enter text")): Object: 'Object Repository/Page_Moodle Administration Users Accounts/em_Click to enter text' is clicked on

2022-01-12 17:52:36 - [MESSAGE][PASSED] - Object: 'Object Repository/Page_Moodle Administration Users Accounts/em_Click to enter text' is clicked on

2022-01-12 17:52:36 - [TEST_STEP][PASSED] - click(findTestObject("Object Repository/Page_Moodle Administration Users Accounts/i_Click to enter text_icon fa fa-eye fa-fw"), STOP_ON_FAILURE): Object: 'Object Repository/Page_Moodle Administration Users Accounts/i_Click to enter text_icon fa fa-eye fa-fw' is clicked on

2022-01-12 17:52:37 - [MESSAGE][PASSED] - Object: 'Object Repository/Page_Moodle Administration Users Accounts/i_Click to enter text_icon fa fa-eye fa-fw' is clicked on

2022-01-12 17:52:37 - [TEST_STEP][PASSED] - setText(findTestObject("Object Repository/Page_Moodle Administration Users Accounts/input_New password_newpassword"), "y"): Text 'y' is set on object 'Object Repository/Page_Moodle Administration Users Accounts/input_New password_newpassword'

2022-01-12 17:52:38 - [MESSAGE][PASSED] - Text 'y' is set on object 'Object Repository/Page_Moodle Administration Users Accounts/input_New password_newpassword'

2022-01-12 17:52:38 - [TEST_STEP][PASSED] - setText(findTestObject("Object Repository/Page_Moodle Administration Users Accounts/input_First name_firstname"), "Ý"): Text 'Ý' is set on object 'Object Repository/Page_Moodle Administration Users Accounts/input_First name_firstname'

2022-01-12 17:52:38 - [MESSAGE][PASSED] - Text 'Ý' is set on object 'Object Repository/Page_Moodle Administration Users Accounts/input_First name_firstname'

2022-01-12 17:52:38 - [TEST_STEP][PASSED] - setText(findTestObject("Object Repository/Page_Moodle Administration Users Accounts/input_Surname_lastname"), "Đàm"): Text 'Đàm' is set on object 'Object Repository/Page_Moodle Administration Users Accounts/input_Surname_lastname'

2022-01-12 17:52:39 - [MESSAGE][PASSED] - Text 'Đàm' is set on object 'Object Repository/Page_Moodle Administration Users Accounts/input_Surname_lastname'

2022-01-12 17:52:39 - [TEST_STEP][PASSED] - setText(findTestObject("Object Repository/Page_Moodle Administration Users Accounts/input_Email address_email"), "ydamk15@gmail.com"): Text 'ydamk15@gmail.com' is set on object 'Object Repository/Page_Moodle Administration Users Accounts/input_Email address_email'

2022-01-12 17:52:40 - [MESSAGE][PASSED] - Text 'ydamk15@gmail.com' is set on object 'Object Repository/Page_Moodle Administration Users Accounts/input_Email address_email'

2022-01-12 17:52:40 - [TEST_STEP][PASSED] - click(findTestObject("Object Repository/Page_Moodle Administration Users Accounts/input_Address_submitbutton")): Object: 'Object Repository/Page_Moodle Administration Users Accounts/input_Address_submitbutton' is clicked on

2022-01-12 17:52:42 - [MESSAGE][PASSED] - Object: 'Object Repository/Page_Moodle Administration Users Accounts/input_Address_submitbutton' is clicked on

2022-01-12 17:52:42 - [TEST_STEP][PASSED] - verifyElementPresent(findTestObject("Object Repository/Page_Moodle Administration Users Accounts A_0fbd97/div_Passwords must be at least 8 characters long"), 0): Object 'Object Repository/Page_Moodle Administration Users Accounts A_0fbd97/div_Passwords must be at least 8 characters long' is present

2022-01-12 17:52:42 - [MESSAGE][WARNING] - Timeout '0' is invalid. Using default page load timeout: '30'

2022-01-12 17:52:43 - [MESSAGE][PASSED] - Object 'Object Repository/Page_Moodle Administration Users Accounts A_0fbd97/div_Passwords must be at least 8 characters long' is present

2022-01-12 17:52:43 - [TEST_STEP][PASSED] - verifyElementPresent(findTestObject("Object Repository/Page_Moodle Administration Users Accounts A_0fbd97/div_Passwords must have at least 1 digit(s)"), 0): Object 'Object Repository/Page_Moodle Administration Users Accounts A_0fbd97/div_Passwords must have at least 1 digit(s)' is present

2022-01-12 17:52:43 - [MESSAGE][WARNING] - Timeout '0' is invalid. Using default page load timeout: '30'

2022-01-12 17:52:43 - [MESSAGE][PASSED] - Object 'Object Repository/Page_Moodle Administration Users Accounts A_0fbd97/div_Passwords must have at least 1 digit(s)' is present

2022-01-12 17:52:43 - [TEST_STEP][PASSED] - verifyElementPresent(findTestObject("Object Repository/Page_Moodle Administration Users Accounts A_0fbd97/div_Passwords must have at least 1 upper ca_8e926f"), 0): Object 'Object Repository/Page_Moodle Administration Users Accounts A_0fbd97/div_Passwords must have at least 1 upper ca_8e926f' is present

2022-01-12 17:52:43 - [MESSAGE][WARNING] - Timeout '0' is invalid. Using default page load timeout: '30'

2022-01-12 17:52:43 - [MESSAGE][PASSED] - Object 'Object Repository/Page_Moodle Administration Users Accounts A_0fbd97/div_Passwords must have at least 1 upper ca_8e926f' is present

2022-01-12 17:52:43 - [TEST_STEP][PASSED] - verifyElementPresent(findTestObject("Object Repository/Page_Moodle Administration Users Accounts A_0fbd97/div_The password must have at least 1 speci_80717b"), 0): Object 'Object Repository/Page_Moodle Administration Users Accounts A_0fbd97/div_The password must have at least 1 speci_80717b' is present

2022-01-12 17:52:43 - [MESSAGE][WARNING] - Timeout '0' is invalid. Using default page load timeout: '30'

2022-01-12 17:52:44 - [MESSAGE][PASSED] - Object 'Object Repository/Page_Moodle Administration Users Accounts A_0fbd97/div_The password must have at least 1 speci_80717b' is present

2022-01-12 17:52:44 - [TEST_STEP][PASSED] - closeBrowser(): Browser is closed

2022-01-12 17:52:44 - [MESSAGE][PASSED] - Browser is closed]]></system-out>
         <system-err><![CDATA[]]></system-err>
      </testcase>
      <testcase name="Test Cases/Admin/Admin Add User/Admin_Add User Registered Email" time="19.669" classname="Test Cases/Admin/Admin Add User/Admin_Add User Registered Email" status="PASSED">
         <system-out><![CDATA[2022-01-12 17:52:44 - [TEST_CASE][PASSED] - Test Cases/Admin/Admin Add User/Admin_Add User Registered Email: Test Cases/Admin/Admin Add User/Admin_Add User Registered Email

2022-01-12 17:52:45 - [TEST_STEP][PASSED] - callTestCase(findTestCase("Admin/Admin_Login"), [:], STOP_ON_FAILURE): Call Test Case 'Test Cases/Admin/Admin_Login' successfully

2022-01-12 17:52:45 - [TEST_CASE][PASSED] - Test Cases/Admin/Admin_Login: Test Cases/Admin/Admin_Login

2022-01-12 17:52:45 - [TEST_STEP][PASSED] - openBrowser(""): Browser is opened with url: ''

2022-01-12 17:52:45 - [MESSAGE][INFO] - Starting 'Chrome' driver

2022-01-12 17:52:45 - [MESSAGE][INFO] - User set preference: ['args', '[window-size=1300,900]']

2022-01-12 17:52:45 - [MESSAGE][INFO] - Action delay is set to 0 milliseconds

2022-01-12 17:52:46 - [MESSAGE][PASSED] - Browser is opened with url: ''

2022-01-12 17:52:46 - [TEST_STEP][PASSED] - navigateToUrl("http://localhost:8080/moodle/login/index.php"): Navigate to 'http://localhost:8080/moodle/login/index.php' successfully

2022-01-12 17:52:47 - [MESSAGE][PASSED] - Navigate to 'http://localhost:8080/moodle/login/index.php' successfully

2022-01-12 17:52:47 - [TEST_STEP][PASSED] - setText(findTestObject("Object Repository/Page_BCS Moodle Log in to the site/input_Username_username"), "admin"): Text 'admin' is set on object 'Object Repository/Page_BCS Moodle Log in to the site/input_Username_username'

2022-01-12 17:52:48 - [MESSAGE][PASSED] - Text 'admin' is set on object 'Object Repository/Page_BCS Moodle Log in to the site/input_Username_username'

2022-01-12 17:52:48 - [TEST_STEP][PASSED] - setEncryptedText(findTestObject("Object Repository/Page_BCS Moodle Log in to the site/input_Password_password"), "p4y+y39Ir5PR9RXlOHjWlj+CAJiYdX4g"): Text ****** has been set on object 'Object Repository/Page_BCS Moodle Log in to the site/input_Password_password'

2022-01-12 17:52:48 - [MESSAGE][PASSED] - Text ****** has been set on object 'Object Repository/Page_BCS Moodle Log in to the site/input_Password_password'

2022-01-12 17:52:48 - [TEST_STEP][PASSED] - click(findTestObject("Object Repository/Page_BCS Moodle Log in to the site/button_Log in")): Object: 'Object Repository/Page_BCS Moodle Log in to the site/button_Log in' is clicked on

2022-01-12 17:52:50 - [MESSAGE][PASSED] - Object: 'Object Repository/Page_BCS Moodle Log in to the site/button_Log in' is clicked on

2022-01-12 17:52:50 - [MESSAGE][PASSED] - Call Test Case 'Test Cases/Admin/Admin_Login' successfully

2022-01-12 17:52:50 - [TEST_STEP][PASSED] - click(findTestObject("Object Repository/Page_Dashboard/a_Site administration")): Object: 'Object Repository/Page_Dashboard/a_Site administration' is clicked on

2022-01-12 17:52:53 - [MESSAGE][PASSED] - Object: 'Object Repository/Page_Dashboard/a_Site administration' is clicked on

2022-01-12 17:52:53 - [TEST_STEP][PASSED] - click(findTestObject("Object Repository/Page_Moodle Administration Search/a_Users")): Object: 'Object Repository/Page_Moodle Administration Search/a_Users' is clicked on

2022-01-12 17:52:53 - [MESSAGE][PASSED] - Object: 'Object Repository/Page_Moodle Administration Search/a_Users' is clicked on

2022-01-12 17:52:53 - [TEST_STEP][PASSED] - click(findTestObject("Object Repository/Page_Moodle Administration Search/a_Add a new user")): Object: 'Object Repository/Page_Moodle Administration Search/a_Add a new user' is clicked on

2022-01-12 17:52:55 - [MESSAGE][PASSED] - Object: 'Object Repository/Page_Moodle Administration Search/a_Add a new user' is clicked on

2022-01-12 17:52:55 - [TEST_STEP][PASSED] - click(findTestObject("Page_Moodle Administration Users Accounts/input_Username_username")): Object: 'Object Repository/Page_Moodle Administration Users Accounts/input_Username_username' is clicked on

2022-01-12 17:52:56 - [MESSAGE][PASSED] - Object: 'Object Repository/Page_Moodle Administration Users Accounts/input_Username_username' is clicked on

2022-01-12 17:52:56 - [TEST_STEP][PASSED] - setText(findTestObject("Page_Moodle Administration Users Accounts/input_Username_username"), "ycute"): Text 'ycute' is set on object 'Object Repository/Page_Moodle Administration Users Accounts/input_Username_username'

2022-01-12 17:52:57 - [MESSAGE][PASSED] - Text 'ycute' is set on object 'Object Repository/Page_Moodle Administration Users Accounts/input_Username_username'

2022-01-12 17:52:57 - [TEST_STEP][PASSED] - click(findTestObject("Page_Moodle Administration Users Accounts/em_Click to enter text")): Object: 'Object Repository/Page_Moodle Administration Users Accounts/em_Click to enter text' is clicked on

2022-01-12 17:52:57 - [MESSAGE][PASSED] - Object: 'Object Repository/Page_Moodle Administration Users Accounts/em_Click to enter text' is clicked on

2022-01-12 17:52:57 - [TEST_STEP][PASSED] - click(findTestObject("Page_Moodle Administration Users Accounts/i_Click to enter text_icon fa fa-eye fa-fw"), STOP_ON_FAILURE): Object: 'Object Repository/Page_Moodle Administration Users Accounts/i_Click to enter text_icon fa fa-eye fa-fw' is clicked on

2022-01-12 17:52:58 - [MESSAGE][PASSED] - Object: 'Object Repository/Page_Moodle Administration Users Accounts/i_Click to enter text_icon fa fa-eye fa-fw' is clicked on

2022-01-12 17:52:58 - [TEST_STEP][PASSED] - setText(findTestObject("Page_Moodle Administration Users Accounts/input_New password_newpassword"), "yTest123@"): Text 'yTest123@' is set on object 'Object Repository/Page_Moodle Administration Users Accounts/input_New password_newpassword'

2022-01-12 17:52:58 - [MESSAGE][PASSED] - Text 'yTest123@' is set on object 'Object Repository/Page_Moodle Administration Users Accounts/input_New password_newpassword'

2022-01-12 17:52:58 - [TEST_STEP][PASSED] - setText(findTestObject("Page_Moodle Administration Users Accounts/input_First name_firstname"), "Ý"): Text 'Ý' is set on object 'Object Repository/Page_Moodle Administration Users Accounts/input_First name_firstname'

2022-01-12 17:52:59 - [MESSAGE][PASSED] - Text 'Ý' is set on object 'Object Repository/Page_Moodle Administration Users Accounts/input_First name_firstname'

2022-01-12 17:52:59 - [TEST_STEP][PASSED] - setText(findTestObject("Page_Moodle Administration Users Accounts/input_Surname_lastname"), "Đàm"): Text 'Đàm' is set on object 'Object Repository/Page_Moodle Administration Users Accounts/input_Surname_lastname'

2022-01-12 17:53:00 - [MESSAGE][PASSED] - Text 'Đàm' is set on object 'Object Repository/Page_Moodle Administration Users Accounts/input_Surname_lastname'

2022-01-12 17:53:00 - [TEST_STEP][PASSED] - setText(findTestObject("Page_Moodle Administration Users Accounts/input_Email address_email"), "yprotk21@gmail.com"): Text 'yprotk21@gmail.com' is set on object 'Object Repository/Page_Moodle Administration Users Accounts/input_Email address_email'

2022-01-12 17:53:01 - [MESSAGE][PASSED] - Text 'yprotk21@gmail.com' is set on object 'Object Repository/Page_Moodle Administration Users Accounts/input_Email address_email'

2022-01-12 17:53:01 - [TEST_STEP][PASSED] - click(findTestObject("Page_Moodle Administration Users Accounts/input_Address_submitbutton")): Object: 'Object Repository/Page_Moodle Administration Users Accounts/input_Address_submitbutton' is clicked on

2022-01-12 17:53:02 - [MESSAGE][PASSED] - Object: 'Object Repository/Page_Moodle Administration Users Accounts/input_Address_submitbutton' is clicked on

2022-01-12 17:53:02 - [TEST_STEP][PASSED] - verifyElementPresent(findTestObject("Page_Moodle Administration Users Accounts/div_This email address is already registered"), 0): Object 'Object Repository/Page_Moodle Administration Users Accounts/div_This email address is already registered' is present

2022-01-12 17:53:02 - [MESSAGE][WARNING] - Timeout '0' is invalid. Using default page load timeout: '30'

2022-01-12 17:53:03 - [MESSAGE][PASSED] - Object 'Object Repository/Page_Moodle Administration Users Accounts/div_This email address is already registered' is present

2022-01-12 17:53:03 - [TEST_STEP][PASSED] - closeBrowser(): Browser is closed

2022-01-12 17:53:04 - [MESSAGE][PASSED] - Browser is closed]]></system-out>
         <system-err><![CDATA[]]></system-err>
      </testcase>
      <testcase name="Test Cases/Admin/Admin Create Course/Admin_Create Course Short Name Already Used" time="17.814" classname="Test Cases/Admin/Admin Create Course/Admin_Create Course Short Name Already Used" status="PASSED">
         <system-out><![CDATA[2022-01-12 17:53:04 - [TEST_CASE][PASSED] - Test Cases/Admin/Admin Create Course/Admin_Create Course Short Name Already Used: Test Cases/Admin/Admin Create Course/Admin_Create Course Short Name Already Used

2022-01-12 17:53:04 - [TEST_STEP][PASSED] - callTestCase(findTestCase("Admin/Admin_Login"), [:], STOP_ON_FAILURE): Call Test Case 'Test Cases/Admin/Admin_Login' successfully

2022-01-12 17:53:04 - [TEST_CASE][PASSED] - Test Cases/Admin/Admin_Login: Test Cases/Admin/Admin_Login

2022-01-12 17:53:04 - [TEST_STEP][PASSED] - openBrowser(""): Browser is opened with url: ''

2022-01-12 17:53:05 - [MESSAGE][INFO] - Starting 'Chrome' driver

2022-01-12 17:53:05 - [MESSAGE][INFO] - User set preference: ['args', '[window-size=1300,900]']

2022-01-12 17:53:05 - [MESSAGE][INFO] - Action delay is set to 0 milliseconds

2022-01-12 17:53:06 - [MESSAGE][PASSED] - Browser is opened with url: ''

2022-01-12 17:53:06 - [TEST_STEP][PASSED] - navigateToUrl("http://localhost:8080/moodle/login/index.php"): Navigate to 'http://localhost:8080/moodle/login/index.php' successfully

2022-01-12 17:53:06 - [MESSAGE][PASSED] - Navigate to 'http://localhost:8080/moodle/login/index.php' successfully

2022-01-12 17:53:06 - [TEST_STEP][PASSED] - setText(findTestObject("Object Repository/Page_BCS Moodle Log in to the site/input_Username_username"), "admin"): Text 'admin' is set on object 'Object Repository/Page_BCS Moodle Log in to the site/input_Username_username'

2022-01-12 17:53:07 - [MESSAGE][PASSED] - Text 'admin' is set on object 'Object Repository/Page_BCS Moodle Log in to the site/input_Username_username'

2022-01-12 17:53:07 - [TEST_STEP][PASSED] - setEncryptedText(findTestObject("Object Repository/Page_BCS Moodle Log in to the site/input_Password_password"), "p4y+y39Ir5PR9RXlOHjWlj+CAJiYdX4g"): Text ****** has been set on object 'Object Repository/Page_BCS Moodle Log in to the site/input_Password_password'

2022-01-12 17:53:08 - [MESSAGE][PASSED] - Text ****** has been set on object 'Object Repository/Page_BCS Moodle Log in to the site/input_Password_password'

2022-01-12 17:53:08 - [TEST_STEP][PASSED] - click(findTestObject("Object Repository/Page_BCS Moodle Log in to the site/button_Log in")): Object: 'Object Repository/Page_BCS Moodle Log in to the site/button_Log in' is clicked on

2022-01-12 17:53:09 - [MESSAGE][PASSED] - Object: 'Object Repository/Page_BCS Moodle Log in to the site/button_Log in' is clicked on

2022-01-12 17:53:09 - [MESSAGE][PASSED] - Call Test Case 'Test Cases/Admin/Admin_Login' successfully

2022-01-12 17:53:09 - [TEST_STEP][PASSED] - click(findTestObject("Object Repository/Page_Dashboard/a_Site administration")): Object: 'Object Repository/Page_Dashboard/a_Site administration' is clicked on

2022-01-12 17:53:12 - [MESSAGE][PASSED] - Object: 'Object Repository/Page_Dashboard/a_Site administration' is clicked on

2022-01-12 17:53:12 - [TEST_STEP][PASSED] - navigateToUrl("http://localhost:8080/moodle/admin/search.php"): Navigate to 'http://localhost:8080/moodle/admin/search.php' successfully

2022-01-12 17:53:13 - [MESSAGE][PASSED] - Navigate to 'http://localhost:8080/moodle/admin/search.php' successfully

2022-01-12 17:53:13 - [TEST_STEP][PASSED] - click(findTestObject("Object Repository/Page_Moodle Administration Search/a_Courses")): Object: 'Object Repository/Page_Moodle Administration Search/a_Courses' is clicked on

2022-01-12 17:53:13 - [MESSAGE][PASSED] - Object: 'Object Repository/Page_Moodle Administration Search/a_Courses' is clicked on

2022-01-12 17:53:13 - [TEST_STEP][PASSED] - click(findTestObject("Object Repository/Page_Moodle Administration Search/a_Add a new course")): Object: 'Object Repository/Page_Moodle Administration Search/a_Add a new course' is clicked on

2022-01-12 17:53:15 - [MESSAGE][PASSED] - Object: 'Object Repository/Page_Moodle Administration Search/a_Add a new course' is clicked on

2022-01-12 17:53:15 - [TEST_STEP][PASSED] - navigateToUrl("http://localhost:8080/moodle/course/edit.php?category=0"): Navigate to 'http://localhost:8080/moodle/course/edit.php?category=0' successfully

2022-01-12 17:53:16 - [MESSAGE][PASSED] - Navigate to 'http://localhost:8080/moodle/course/edit.php?category=0' successfully

2022-01-12 17:53:16 - [TEST_STEP][PASSED] - setText(findTestObject("Object Repository/Page_Moodle Add a new course/input_Course full name_fullname"), "Toan To Hop"): Text 'Toan To Hop' is set on object 'Object Repository/Page_Moodle Add a new course/input_Course full name_fullname'

2022-01-12 17:53:18 - [MESSAGE][PASSED] - Text 'Toan To Hop' is set on object 'Object Repository/Page_Moodle Add a new course/input_Course full name_fullname'

2022-01-12 17:53:18 - [TEST_STEP][PASSED] - setText(findTestObject("Object Repository/Page_Moodle Add a new course/input_Course short name_shortname"), "TTH"): Text 'TTH' is set on object 'Object Repository/Page_Moodle Add a new course/input_Course short name_shortname'

2022-01-12 17:53:18 - [MESSAGE][PASSED] - Text 'TTH' is set on object 'Object Repository/Page_Moodle Add a new course/input_Course short name_shortname'

2022-01-12 17:53:18 - [TEST_STEP][PASSED] - click(findTestObject("Object Repository/Page_Moodle Add a new course/input__saveanddisplay")): Object: 'Object Repository/Page_Moodle Add a new course/input__saveanddisplay' is clicked on

2022-01-12 17:53:20 - [MESSAGE][PASSED] - Object: 'Object Repository/Page_Moodle Add a new course/input__saveanddisplay' is clicked on

2022-01-12 17:53:20 - [TEST_STEP][PASSED] - verifyElementPresent(findTestObject("Object Repository/Page_Moodle Add a new course/div_Short name is already used for another _2a3f8e"), 0): Object 'Object Repository/Page_Moodle Add a new course/div_Short name is already used for another _2a3f8e' is present

2022-01-12 17:53:20 - [MESSAGE][WARNING] - Timeout '0' is invalid. Using default page load timeout: '30'

2022-01-12 17:53:21 - [MESSAGE][PASSED] - Object 'Object Repository/Page_Moodle Add a new course/div_Short name is already used for another _2a3f8e' is present

2022-01-12 17:53:21 - [TEST_STEP][PASSED] - closeBrowser(): Browser is closed

2022-01-12 17:53:22 - [MESSAGE][PASSED] - Browser is closed]]></system-out>
         <system-err><![CDATA[]]></system-err>
      </testcase>
      <testcase name="Test Cases/Teacher/Teacher_Add Announcement/Teacher_Add Annoucement Basic Valid All Required Field" time="16.11" classname="Test Cases/Teacher/Teacher_Add Announcement/Teacher_Add Annoucement Basic Valid All Required Field" status="PASSED">
         <system-out><![CDATA[2022-01-12 17:53:22 - [TEST_CASE][PASSED] - Test Cases/Teacher/Teacher_Add Announcement/Teacher_Add Annoucement Basic Valid All Required Field: Test Cases/Teacher/Teacher_Add Announcement/Teacher_Add Annoucement Basic Valid All Required Field

2022-01-12 17:53:22 - [TEST_STEP][PASSED] - openBrowser(""): Browser is opened with url: ''

2022-01-12 17:53:22 - [MESSAGE][INFO] - Starting 'Chrome' driver

2022-01-12 17:53:22 - [MESSAGE][INFO] - User set preference: ['args', '[window-size=1300,900]']

2022-01-12 17:53:22 - [MESSAGE][INFO] - Action delay is set to 0 milliseconds

2022-01-12 17:53:23 - [MESSAGE][PASSED] - Browser is opened with url: ''

2022-01-12 17:53:23 - [TEST_STEP][PASSED] - navigateToUrl("http://localhost:8080/moodle/"): Navigate to 'http://localhost:8080/moodle/' successfully

2022-01-12 17:53:24 - [MESSAGE][PASSED] - Navigate to 'http://localhost:8080/moodle/' successfully

2022-01-12 17:53:24 - [TEST_STEP][PASSED] - click(findTestObject("Object Repository/Page_BCS Moodle/a_Log in")): Object: 'Object Repository/Page_BCS Moodle/a_Log in' is clicked on

2022-01-12 17:53:25 - [MESSAGE][PASSED] - Object: 'Object Repository/Page_BCS Moodle/a_Log in' is clicked on

2022-01-12 17:53:25 - [TEST_STEP][PASSED] - setText(findTestObject("Object Repository/Page_BCS Moodle Log in to the site/input_Username_username"), "onix"): Text 'onix' is set on object 'Object Repository/Page_BCS Moodle Log in to the site/input_Username_username'

2022-01-12 17:53:26 - [MESSAGE][PASSED] - Text 'onix' is set on object 'Object Repository/Page_BCS Moodle Log in to the site/input_Username_username'

2022-01-12 17:53:26 - [TEST_STEP][PASSED] - setEncryptedText(findTestObject("Object Repository/Page_BCS Moodle Log in to the site/input_Password_password"), "uw4zQNl2RedGtkZxJt1B2nZNxIOg3YnT"): Text ****** has been set on object 'Object Repository/Page_BCS Moodle Log in to the site/input_Password_password'

2022-01-12 17:53:26 - [MESSAGE][PASSED] - Text ****** has been set on object 'Object Repository/Page_BCS Moodle Log in to the site/input_Password_password'

2022-01-12 17:53:26 - [TEST_STEP][PASSED] - click(findTestObject("Object Repository/Page_BCS Moodle Log in to the site/button_Log in")): Object: 'Object Repository/Page_BCS Moodle Log in to the site/button_Log in' is clicked on

2022-01-12 17:53:28 - [MESSAGE][PASSED] - Object: 'Object Repository/Page_BCS Moodle Log in to the site/button_Log in' is clicked on

2022-01-12 17:53:28 - [TEST_STEP][PASSED] - click(findTestObject("Object Repository/Page_Dashboard/div_Course image")): Object: 'Object Repository/Page_Dashboard/div_Course image' is clicked on

2022-01-12 17:53:30 - [MESSAGE][PASSED] - Object: 'Object Repository/Page_Dashboard/div_Course image' is clicked on

2022-01-12 17:53:30 - [TEST_STEP][PASSED] - click(findTestObject("Object Repository/Page_Course Ton t hp/span_Announcements Forum")): Object: 'Object Repository/Page_Course Ton t hp/span_Announcements Forum' is clicked on

2022-01-12 17:53:33 - [MESSAGE][PASSED] - Object: 'Object Repository/Page_Course Ton t hp/span_Announcements Forum' is clicked on

2022-01-12 17:53:33 - [TEST_STEP][PASSED] - click(findTestObject("Object Repository/Page_Announcements/a_Add a new topic")): Object: 'Object Repository/Page_Announcements/a_Add a new topic' is clicked on

2022-01-12 17:53:34 - [MESSAGE][PASSED] - Object: 'Object Repository/Page_Announcements/a_Add a new topic' is clicked on

2022-01-12 17:53:34 - [TEST_STEP][PASSED] - setText(findTestObject("Object Repository/Page_Announcements/input_Subject_subject"), "Basic Topic"): Text 'Basic Topic' is set on object 'Object Repository/Page_Announcements/input_Subject_subject'

2022-01-12 17:53:35 - [MESSAGE][PASSED] - Text 'Basic Topic' is set on object 'Object Repository/Page_Announcements/input_Subject_subject'

2022-01-12 17:53:35 - [TEST_STEP][PASSED] - setText(findTestObject("Object Repository/Page_Announcements/div_This is a basic topic with all required field"), "This is a basic topic with all required field"): Text 'This is a basic topic with all required field' is set on object 'Object Repository/Page_Announcements/div_This is a basic topic with all required field'

2022-01-12 17:53:36 - [MESSAGE][PASSED] - Text 'This is a basic topic with all required field' is set on object 'Object Repository/Page_Announcements/div_This is a basic topic with all required field'

2022-01-12 17:53:36 - [TEST_STEP][PASSED] - click(findTestObject("Object Repository/Page_Announcements/input_Message_submitbutton")): Object: 'Object Repository/Page_Announcements/input_Message_submitbutton' is clicked on

2022-01-12 17:53:37 - [MESSAGE][PASSED] - Object: 'Object Repository/Page_Announcements/input_Message_submitbutton' is clicked on

2022-01-12 17:53:37 - [TEST_STEP][PASSED] - closeBrowser(): Browser is closed

2022-01-12 17:53:38 - [MESSAGE][PASSED] - Browser is closed]]></system-out>
         <system-err><![CDATA[]]></system-err>
      </testcase>
      <testcase name="Test Cases/Teacher/Teacher_Add Announcement/Teacher_Add Announcement Submit Without Input" time="12.726" classname="Test Cases/Teacher/Teacher_Add Announcement/Teacher_Add Announcement Submit Without Input" status="PASSED">
         <system-out><![CDATA[2022-01-12 17:53:38 - [TEST_CASE][PASSED] - Test Cases/Teacher/Teacher_Add Announcement/Teacher_Add Announcement Submit Without Input: Test Cases/Teacher/Teacher_Add Announcement/Teacher_Add Announcement Submit Without Input

2022-01-12 17:53:38 - [TEST_STEP][PASSED] - openBrowser(""): Browser is opened with url: ''

2022-01-12 17:53:38 - [MESSAGE][INFO] - Starting 'Chrome' driver

2022-01-12 17:53:38 - [MESSAGE][INFO] - User set preference: ['args', '[window-size=1300,900]']

2022-01-12 17:53:38 - [MESSAGE][INFO] - Action delay is set to 0 milliseconds

2022-01-12 17:53:40 - [MESSAGE][PASSED] - Browser is opened with url: ''

2022-01-12 17:53:40 - [TEST_STEP][PASSED] - navigateToUrl("http://localhost:8080/moodle/"): Navigate to 'http://localhost:8080/moodle/' successfully

2022-01-12 17:53:40 - [MESSAGE][PASSED] - Navigate to 'http://localhost:8080/moodle/' successfully

2022-01-12 17:53:40 - [TEST_STEP][PASSED] - click(findTestObject("Object Repository/Page_BCS Moodle/a_Log in")): Object: 'Object Repository/Page_BCS Moodle/a_Log in' is clicked on

2022-01-12 17:53:41 - [MESSAGE][PASSED] - Object: 'Object Repository/Page_BCS Moodle/a_Log in' is clicked on

2022-01-12 17:53:41 - [TEST_STEP][PASSED] - setText(findTestObject("Object Repository/Page_BCS Moodle Log in to the site/input_Username_username"), "onix"): Text 'onix' is set on object 'Object Repository/Page_BCS Moodle Log in to the site/input_Username_username'

2022-01-12 17:53:42 - [MESSAGE][PASSED] - Text 'onix' is set on object 'Object Repository/Page_BCS Moodle Log in to the site/input_Username_username'

2022-01-12 17:53:42 - [TEST_STEP][PASSED] - setEncryptedText(findTestObject("Object Repository/Page_BCS Moodle Log in to the site/input_Password_password"), "uw4zQNl2RedGtkZxJt1B2nZNxIOg3YnT"): Text ****** has been set on object 'Object Repository/Page_BCS Moodle Log in to the site/input_Password_password'

2022-01-12 17:53:43 - [MESSAGE][PASSED] - Text ****** has been set on object 'Object Repository/Page_BCS Moodle Log in to the site/input_Password_password'

2022-01-12 17:53:43 - [TEST_STEP][PASSED] - click(findTestObject("Object Repository/Page_BCS Moodle Log in to the site/button_Log in")): Object: 'Object Repository/Page_BCS Moodle Log in to the site/button_Log in' is clicked on

2022-01-12 17:53:44 - [MESSAGE][PASSED] - Object: 'Object Repository/Page_BCS Moodle Log in to the site/button_Log in' is clicked on

2022-01-12 17:53:44 - [TEST_STEP][PASSED] - click(findTestObject("Object Repository/Page_Dashboard/div_Course image")): Object: 'Object Repository/Page_Dashboard/div_Course image' is clicked on

2022-01-12 17:53:46 - [MESSAGE][PASSED] - Object: 'Object Repository/Page_Dashboard/div_Course image' is clicked on

2022-01-12 17:53:46 - [TEST_STEP][PASSED] - click(findTestObject("Object Repository/Page_Course Ton t hp/span_Announcements Forum")): Object: 'Object Repository/Page_Course Ton t hp/span_Announcements Forum' is clicked on

2022-01-12 17:53:48 - [MESSAGE][PASSED] - Object: 'Object Repository/Page_Course Ton t hp/span_Announcements Forum' is clicked on

2022-01-12 17:53:48 - [TEST_STEP][PASSED] - click(findTestObject("Object Repository/Page_Announcements/a_Add a new topic")): Object: 'Object Repository/Page_Announcements/a_Add a new topic' is clicked on

2022-01-12 17:53:49 - [MESSAGE][PASSED] - Object: 'Object Repository/Page_Announcements/a_Add a new topic' is clicked on

2022-01-12 17:53:49 - [TEST_STEP][PASSED] - click(findTestObject("Object Repository/Page_Announcements/input_Message_submitbutton")): Object: 'Object Repository/Page_Announcements/input_Message_submitbutton' is clicked on

2022-01-12 17:53:50 - [MESSAGE][PASSED] - Object: 'Object Repository/Page_Announcements/input_Message_submitbutton' is clicked on

2022-01-12 17:53:50 - [TEST_STEP][PASSED] - verifyElementText(findTestObject("Object Repository/Page_Announcements/div_- Required"), "- Required"): Actual text and expected text of test object 'Object Repository/Page_Announcements/div_- Required' are matched.

2022-01-12 17:53:50 - [MESSAGE][PASSED] - Actual text and expected text of test object 'Object Repository/Page_Announcements/div_- Required' are matched.

2022-01-12 17:53:50 - [TEST_STEP][PASSED] - closeBrowser(): Browser is closed

2022-01-12 17:53:51 - [MESSAGE][PASSED] - Browser is closed]]></system-out>
         <system-err><![CDATA[]]></system-err>
      </testcase>
      <system-out><![CDATA[2022-01-12 17:29:10 - [TEST_SUITE][FAILED] - Run all test cases: Test Cases/Student/Student_Choice/Student_Multitple Choice FAILED.
Reason:
com.kms.katalon.core.exception.StepFailedException: Verify element text of test object 'Object Repository/Page_Chn ngy thi/div_Your selection 211 241' FAILED.
	at com.kms.katalon.core.webui.keyword.internal.WebUIKeywordMain.stepFailed(WebUIKeywordMain.groovy:64)
	at com.kms.katalon.core.webui.keyword.internal.WebUIKeywordMain.runKeyword(WebUIKeywordMain.groovy:26)
	at com.kms.katalon.core.webui.keyword.builtin.VerifyElementTextKeyword.verifyElementText(VerifyElementTextKeyword.groovy:72)
	at com.kms.katalon.core.webui.keyword.builtin.VerifyElementTextKeyword.execute(VerifyElementTextKeyword.groovy:40)
	at com.kms.katalon.core.keyword.internal.KeywordExecutor.executeKeywordForPlatform(KeywordExecutor.groovy:74)
	at com.kms.katalon.core.webui.keyword.WebUiBuiltInKeywords.verifyElementText(WebUiBuiltInKeywords.groovy:4749)
	at com.kms.katalon.core.webui.keyword.WebUiBuiltInKeywords$verifyElementText$8.call(Unknown Source)
	at Student_Multitple Choice.run(Student_Multitple Choice:42)
	at com.kms.katalon.core.main.ScriptEngine.run(ScriptEngine.java:194)
	at com.kms.katalon.core.main.ScriptEngine.runScriptAsRawText(ScriptEngine.java:119)
	at com.kms.katalon.core.main.TestCaseExecutor.runScript(TestCaseExecutor.java:442)
	at com.kms.katalon.core.main.TestCaseExecutor.doExecute(TestCaseExecutor.java:433)
	at com.kms.katalon.core.main.TestCaseExecutor.processExecutionPhase(TestCaseExecutor.java:412)
	at com.kms.katalon.core.main.TestCaseExecutor.accessMainPhase(TestCaseExecutor.java:404)
	at com.kms.katalon.core.main.TestCaseExecutor.execute(TestCaseExecutor.java:281)
	at com.kms.katalon.core.main.TestSuiteExecutor.accessTestCaseMainPhase(TestSuiteExecutor.java:202)
	at com.kms.katalon.core.main.TestSuiteExecutor.accessTestSuiteMainPhase(TestSuiteExecutor.java:164)
	at com.kms.katalon.core.main.TestSuiteExecutor.execute(TestSuiteExecutor.java:105)
	at com.kms.katalon.core.main.TestCaseMain.startTestSuite(TestCaseMain.java:181)
	at com.kms.katalon.core.main.TestCaseMain$startTestSuite$0.call(Unknown Source)
	at TempTestSuite1641983315460.run(TempTestSuite1641983315460.groovy:36)
Caused by: com.kms.katalon.core.exception.StepFailedException: Actual text 'Your choice: 21/1; 24/1' and expected text 'Your selection: 21/1; 24/1' of test object 'Object Repository/Page_Chn ngy thi/div_Your selection 211 241' are NOT matched.
	at com.kms.katalon.core.webui.keyword.internal.WebUIKeywordMain.stepFailed(WebUIKeywordMain.groovy:64)
	at com.kms.katalon.core.webui.keyword.builtin.VerifyElementTextKeyword$_verifyElementText_closure1.doCall(VerifyElementTextKeyword.groovy:57)
	at com.kms.katalon.core.webui.keyword.builtin.VerifyElementTextKeyword$_verifyElementText_closure1.call(VerifyElementTextKeyword.groovy)
	at com.kms.katalon.core.webui.keyword.internal.WebUIKeywordMain.runKeyword(WebUIKeywordMain.groovy:20)
	... 19 more]]></system-out>
      <system-err><![CDATA[2022-01-12 17:29:10 - [TEST_SUITE][FAILED] - Run all test cases: Test Cases/Student/Student_Choice/Student_Multitple Choice FAILED.
Reason:
com.kms.katalon.core.exception.StepFailedException: Verify element text of test object 'Object Repository/Page_Chn ngy thi/div_Your selection 211 241' FAILED.
	at com.kms.katalon.core.webui.keyword.internal.WebUIKeywordMain.stepFailed(WebUIKeywordMain.groovy:64)
	at com.kms.katalon.core.webui.keyword.internal.WebUIKeywordMain.runKeyword(WebUIKeywordMain.groovy:26)
	at com.kms.katalon.core.webui.keyword.builtin.VerifyElementTextKeyword.verifyElementText(VerifyElementTextKeyword.groovy:72)
	at com.kms.katalon.core.webui.keyword.builtin.VerifyElementTextKeyword.execute(VerifyElementTextKeyword.groovy:40)
	at com.kms.katalon.core.keyword.internal.KeywordExecutor.executeKeywordForPlatform(KeywordExecutor.groovy:74)
	at com.kms.katalon.core.webui.keyword.WebUiBuiltInKeywords.verifyElementText(WebUiBuiltInKeywords.groovy:4749)
	at com.kms.katalon.core.webui.keyword.WebUiBuiltInKeywords$verifyElementText$8.call(Unknown Source)
	at Student_Multitple Choice.run(Student_Multitple Choice:42)
	at com.kms.katalon.core.main.ScriptEngine.run(ScriptEngine.java:194)
	at com.kms.katalon.core.main.ScriptEngine.runScriptAsRawText(ScriptEngine.java:119)
	at com.kms.katalon.core.main.TestCaseExecutor.runScript(TestCaseExecutor.java:442)
	at com.kms.katalon.core.main.TestCaseExecutor.doExecute(TestCaseExecutor.java:433)
	at com.kms.katalon.core.main.TestCaseExecutor.processExecutionPhase(TestCaseExecutor.java:412)
	at com.kms.katalon.core.main.TestCaseExecutor.accessMainPhase(TestCaseExecutor.java:404)
	at com.kms.katalon.core.main.TestCaseExecutor.execute(TestCaseExecutor.java:281)
	at com.kms.katalon.core.main.TestSuiteExecutor.accessTestCaseMainPhase(TestSuiteExecutor.java:202)
	at com.kms.katalon.core.main.TestSuiteExecutor.accessTestSuiteMainPhase(TestSuiteExecutor.java:164)
	at com.kms.katalon.core.main.TestSuiteExecutor.execute(TestSuiteExecutor.java:105)
	at com.kms.katalon.core.main.TestCaseMain.startTestSuite(TestCaseMain.java:181)
	at com.kms.katalon.core.main.TestCaseMain$startTestSuite$0.call(Unknown Source)
	at TempTestSuite1641983315460.run(TempTestSuite1641983315460.groovy:36)
Caused by: com.kms.katalon.core.exception.StepFailedException: Actual text 'Your choice: 21/1; 24/1' and expected text 'Your selection: 21/1; 24/1' of test object 'Object Repository/Page_Chn ngy thi/div_Your selection 211 241' are NOT matched.
	at com.kms.katalon.core.webui.keyword.internal.WebUIKeywordMain.stepFailed(WebUIKeywordMain.groovy:64)
	at com.kms.katalon.core.webui.keyword.builtin.VerifyElementTextKeyword$_verifyElementText_closure1.doCall(VerifyElementTextKeyword.groovy:57)
	at com.kms.katalon.core.webui.keyword.builtin.VerifyElementTextKeyword$_verifyElementText_closure1.call(VerifyElementTextKeyword.groovy)
	at com.kms.katalon.core.webui.keyword.internal.WebUIKeywordMain.runKeyword(WebUIKeywordMain.groovy:20)
	... 19 more]]></system-err>
   </testsuite>
</testsuites>
