<?xml version="1.0" encoding="UTF-8"?>
<testsuites name="Run All Test Cases" time="1105.894" tests="50" failures="14" errors="0">
   <testsuite name="Run All Test Cases" tests="50" failures="14" errors="0" time="1105.894" skipped="0" timestamp="2022-01-11 22:26:58" hostname="MDH - MSI" id="Test Suites/Run All Test Cases">
      <properties>
         <property name="deviceName" value=""/>
         <property name="devicePlatform" value=""/>
         <property name="logFolder" value="D:\\Nam_3\\SE\\Quiz\\Bonus\\TestAutomation_NMCNPM\\Reports\\20220111_222638\\Run All Test Cases\\20220111_222638"/>
         <property name="logFiles" value="D:\\Nam_3\\SE\\Quiz\\Bonus\\TestAutomation_NMCNPM\\Reports\\20220111_222638\\Run All Test Cases\\20220111_222638\\execution0.log"/>
         <property name="attachments" value="D:\\Nam_3\\SE\\Quiz\\Bonus\\TestAutomation_NMCNPM\\Reports\\20220111_222638\\Run All Test Cases\\20220111_222638\\1641915070084.png, D:\\Nam_3\\SE\\Quiz\\Bonus\\TestAutomation_NMCNPM\\Reports\\20220111_222638\\Run All Test Cases\\20220111_222638\\1641915082079.png, D:\\Nam_3\\SE\\Quiz\\Bonus\\TestAutomation_NMCNPM\\Reports\\20220111_222638\\Run All Test Cases\\20220111_222638\\1641915117568.png, D:\\Nam_3\\SE\\Quiz\\Bonus\\TestAutomation_NMCNPM\\Reports\\20220111_222638\\Run All Test Cases\\20220111_222638\\1641915175448.png, D:\\Nam_3\\SE\\Quiz\\Bonus\\TestAutomation_NMCNPM\\Reports\\20220111_222638\\Run All Test Cases\\20220111_222638\\1641915187451.png, D:\\Nam_3\\SE\\Quiz\\Bonus\\TestAutomation_NMCNPM\\Reports\\20220111_222638\\Run All Test Cases\\20220111_222638\\1641915199283.png, D:\\Nam_3\\SE\\Quiz\\Bonus\\TestAutomation_NMCNPM\\Reports\\20220111_222638\\Run All Test Cases\\20220111_222638\\1641915233884.png, D:\\Nam_3\\SE\\Quiz\\Bonus\\TestAutomation_NMCNPM\\Reports\\20220111_222638\\Run All Test Cases\\20220111_222638\\1641915345488.png, D:\\Nam_3\\SE\\Quiz\\Bonus\\TestAutomation_NMCNPM\\Reports\\20220111_222638\\Run All Test Cases\\20220111_222638\\1641915564000.png, D:\\Nam_3\\SE\\Quiz\\Bonus\\TestAutomation_NMCNPM\\Reports\\20220111_222638\\Run All Test Cases\\20220111_222638\\1641915564147.png, D:\\Nam_3\\SE\\Quiz\\Bonus\\TestAutomation_NMCNPM\\Reports\\20220111_222638\\Run All Test Cases\\20220111_222638\\1641915627359.png, D:\\Nam_3\\SE\\Quiz\\Bonus\\TestAutomation_NMCNPM\\Reports\\20220111_222638\\Run All Test Cases\\20220111_222638\\1641915671501.png, D:\\Nam_3\\SE\\Quiz\\Bonus\\TestAutomation_NMCNPM\\Reports\\20220111_222638\\Run All Test Cases\\20220111_222638\\1641915714687.png, D:\\Nam_3\\SE\\Quiz\\Bonus\\TestAutomation_NMCNPM\\Reports\\20220111_222638\\Run All Test Cases\\20220111_222638\\1641915714844.png, D:\\Nam_3\\SE\\Quiz\\Bonus\\TestAutomation_NMCNPM\\Reports\\20220111_222638\\Run All Test Cases\\20220111_222638\\1641915911893.png, D:\\Nam_3\\SE\\Quiz\\Bonus\\TestAutomation_NMCNPM\\Reports\\20220111_222638\\Run All Test Cases\\20220111_222638\\1641915924199.png"/>
         <property name="hostName" value="MDH - MSI"/>
         <property name="os" value="Windows 10 64bit"/>
         <property name="katalonVersion" value="8.2.0.208"/>
         <property name="browser" value="Chrome 96.0.4664.110"/>
         <property name="hostAddress" value="192.168.213.1"/>
         <property name="sessionId" value="3ecb7db62f12fc6f33dae9fba97983be"/>
         <property name="seleniumVersion" value="3.141.59"/>
         <property name="proxyInformation" value="ProxyInformation { proxyOption=NO_PROXY, proxyServerType=HTTP, username=, password=********, proxyServerAddress=, proxyServerPort=0, executionList=&quot;&quot;, isApplyToDesiredCapabilities=true }"/>
         <property name="platform" value="Windows 10"/>
      </properties>
      <testcase name="Test Cases/Admin/Admin Add User/Admin_Add User Force Password Change -- Fail" time="32.276" classname="Test Cases/Admin/Admin Add User/Admin_Add User Force Password Change -- Fail" status="PASSED">
         <system-out><![CDATA[2022-01-11 22:26:58 - [TEST_CASE][PASSED] - Test Cases/Admin/Admin Add User/Admin_Add User Force Password Change -- Fail: Test Cases/Admin/Admin Add User/Admin_Add User Force Password Change -- Fail

2022-01-11 22:26:58 - [TEST_STEP][PASSED] - callTestCase(findTestCase("Admin/Admin_Login"), [:], STOP_ON_FAILURE): Call Test Case 'Test Cases/Admin/Admin_Login' successfully

2022-01-11 22:26:59 - [TEST_CASE][PASSED] - Test Cases/Admin/Admin_Login: Test Cases/Admin/Admin_Login

2022-01-11 22:26:59 - [TEST_STEP][PASSED] - openBrowser(""): Browser is opened with url: ''

2022-01-11 22:26:59 - [MESSAGE][INFO] - Starting 'Chrome' driver

2022-01-11 22:26:59 - [MESSAGE][INFO] - User set preference: ['args', '[window-size=1300,900]']

2022-01-11 22:26:59 - [MESSAGE][INFO] - Action delay is set to 0 milliseconds

2022-01-11 22:27:01 - [MESSAGE][PASSED] - Browser is opened with url: ''

2022-01-11 22:27:01 - [TEST_STEP][PASSED] - navigateToUrl("http://localhost:8080/moodle/login/index.php"): Navigate to 'http://localhost:8080/moodle/login/index.php' successfully

2022-01-11 22:27:01 - [MESSAGE][PASSED] - Navigate to 'http://localhost:8080/moodle/login/index.php' successfully

2022-01-11 22:27:01 - [TEST_STEP][PASSED] - setText(findTestObject("Object Repository/Page_BCS Moodle Log in to the site/input_Username_username"), "admin"): Text 'admin' is set on object 'Object Repository/Page_BCS Moodle Log in to the site/input_Username_username'

2022-01-11 22:27:02 - [MESSAGE][PASSED] - Text 'admin' is set on object 'Object Repository/Page_BCS Moodle Log in to the site/input_Username_username'

2022-01-11 22:27:02 - [TEST_STEP][PASSED] - setEncryptedText(findTestObject("Object Repository/Page_BCS Moodle Log in to the site/input_Password_password"), "p4y+y39Ir5PR9RXlOHjWlj+CAJiYdX4g"): Text ****** has been set on object 'Object Repository/Page_BCS Moodle Log in to the site/input_Password_password'

2022-01-11 22:27:03 - [MESSAGE][PASSED] - Text ****** has been set on object 'Object Repository/Page_BCS Moodle Log in to the site/input_Password_password'

2022-01-11 22:27:03 - [TEST_STEP][PASSED] - click(findTestObject("Object Repository/Page_BCS Moodle Log in to the site/button_Log in")): Object: 'Object Repository/Page_BCS Moodle Log in to the site/button_Log in' is clicked on

2022-01-11 22:27:04 - [MESSAGE][PASSED] - Object: 'Object Repository/Page_BCS Moodle Log in to the site/button_Log in' is clicked on

2022-01-11 22:27:04 - [MESSAGE][PASSED] - Call Test Case 'Test Cases/Admin/Admin_Login' successfully

2022-01-11 22:27:04 - [TEST_STEP][PASSED] - click(findTestObject("Object Repository/Page_Dashboard/a_Site administration")): Object: 'Object Repository/Page_Dashboard/a_Site administration' is clicked on

2022-01-11 22:27:07 - [MESSAGE][PASSED] - Object: 'Object Repository/Page_Dashboard/a_Site administration' is clicked on

2022-01-11 22:27:07 - [TEST_STEP][PASSED] - navigateToUrl("http://localhost:8080/moodle/admin/search.php"): Navigate to 'http://localhost:8080/moodle/admin/search.php' successfully

2022-01-11 22:27:08 - [MESSAGE][PASSED] - Navigate to 'http://localhost:8080/moodle/admin/search.php' successfully

2022-01-11 22:27:08 - [TEST_STEP][PASSED] - click(findTestObject("Object Repository/Page_Moodle Administration Search/a_Users")): Object: 'Object Repository/Page_Moodle Administration Search/a_Users' is clicked on

2022-01-11 22:27:09 - [MESSAGE][PASSED] - Object: 'Object Repository/Page_Moodle Administration Search/a_Users' is clicked on

2022-01-11 22:27:09 - [TEST_STEP][PASSED] - click(findTestObject("Object Repository/Page_Moodle Administration Search/a_Add a new user")): Object: 'Object Repository/Page_Moodle Administration Search/a_Add a new user' is clicked on

2022-01-11 22:27:10 - [MESSAGE][PASSED] - Object: 'Object Repository/Page_Moodle Administration Search/a_Add a new user' is clicked on

2022-01-11 22:27:10 - [TEST_STEP][PASSED] - setText(findTestObject("Object Repository/Page_Moodle Administration Users Accounts/input_Username_username"), "ycutefail"): Text 'ycutefail' is set on object 'Object Repository/Page_Moodle Administration Users Accounts/input_Username_username'

2022-01-11 22:27:12 - [MESSAGE][PASSED] - Text 'ycutefail' is set on object 'Object Repository/Page_Moodle Administration Users Accounts/input_Username_username'

2022-01-11 22:27:12 - [TEST_STEP][PASSED] - click(findTestObject("Object Repository/Page_Moodle Administration Users Accounts/em_Click to enter text")): Object: 'Object Repository/Page_Moodle Administration Users Accounts/em_Click to enter text' is clicked on

2022-01-11 22:27:12 - [MESSAGE][PASSED] - Object: 'Object Repository/Page_Moodle Administration Users Accounts/em_Click to enter text' is clicked on

2022-01-11 22:27:12 - [TEST_STEP][PASSED] - click(findTestObject("Object Repository/Page_Moodle Administration Users Accounts/i_Click to enter text_icon fa fa-eye fa-fw")): Object: 'Object Repository/Page_Moodle Administration Users Accounts/i_Click to enter text_icon fa fa-eye fa-fw' is clicked on

2022-01-11 22:27:13 - [MESSAGE][PASSED] - Object: 'Object Repository/Page_Moodle Administration Users Accounts/i_Click to enter text_icon fa fa-eye fa-fw' is clicked on

2022-01-11 22:27:13 - [TEST_STEP][PASSED] - setText(findTestObject("Object Repository/Page_Moodle Administration Users Accounts/input_New password_newpassword"), "yTest123@"): Text 'yTest123@' is set on object 'Object Repository/Page_Moodle Administration Users Accounts/input_New password_newpassword'

2022-01-11 22:27:14 - [MESSAGE][PASSED] - Text 'yTest123@' is set on object 'Object Repository/Page_Moodle Administration Users Accounts/input_New password_newpassword'

2022-01-11 22:27:14 - [TEST_STEP][PASSED] - click(findTestObject("Object Repository/Page_Moodle Administration Users Accounts/input_Press enter to save changes_preferenc_a80a7a")): Object: 'Object Repository/Page_Moodle Administration Users Accounts/input_Press enter to save changes_preferenc_a80a7a' is clicked on

2022-01-11 22:27:14 - [MESSAGE][PASSED] - Object: 'Object Repository/Page_Moodle Administration Users Accounts/input_Press enter to save changes_preferenc_a80a7a' is clicked on

2022-01-11 22:27:14 - [TEST_STEP][PASSED] - setText(findTestObject("Object Repository/Page_Moodle Administration Users Accounts/input_First name_firstname"), "Ý"): Text 'Ý' is set on object 'Object Repository/Page_Moodle Administration Users Accounts/input_First name_firstname'

2022-01-11 22:27:15 - [MESSAGE][PASSED] - Text 'Ý' is set on object 'Object Repository/Page_Moodle Administration Users Accounts/input_First name_firstname'

2022-01-11 22:27:15 - [TEST_STEP][PASSED] - setText(findTestObject("Object Repository/Page_Moodle Administration Users Accounts/input_Surname_lastname"), "cute"): Text 'cute' is set on object 'Object Repository/Page_Moodle Administration Users Accounts/input_Surname_lastname'

2022-01-11 22:27:16 - [MESSAGE][PASSED] - Text 'cute' is set on object 'Object Repository/Page_Moodle Administration Users Accounts/input_Surname_lastname'

2022-01-11 22:27:16 - [TEST_STEP][PASSED] - setText(findTestObject("Object Repository/Page_Moodle Administration Users Accounts/input_Email address_email"), "ycutefail@gmail.com"): Text 'ycutefail@gmail.com' is set on object 'Object Repository/Page_Moodle Administration Users Accounts/input_Email address_email'

2022-01-11 22:27:17 - [MESSAGE][PASSED] - Text 'ycutefail@gmail.com' is set on object 'Object Repository/Page_Moodle Administration Users Accounts/input_Email address_email'

2022-01-11 22:27:17 - [TEST_STEP][PASSED] - click(findTestObject("Object Repository/Page_Moodle Administration Users Accounts/input_Address_submitbutton")): Object: 'Object Repository/Page_Moodle Administration Users Accounts/input_Address_submitbutton' is clicked on

2022-01-11 22:27:19 - [MESSAGE][PASSED] - Object: 'Object Repository/Page_Moodle Administration Users Accounts/input_Address_submitbutton' is clicked on

2022-01-11 22:27:19 - [TEST_STEP][PASSED] - navigateToUrl("http://localhost:8080/moodle/admin/user.php"): Navigate to 'http://localhost:8080/moodle/admin/user.php' successfully

2022-01-11 22:27:20 - [MESSAGE][PASSED] - Navigate to 'http://localhost:8080/moodle/admin/user.php' successfully

2022-01-11 22:27:20 - [TEST_STEP][PASSED] - click(findTestObject("Object Repository/Page_Moodle Administration Users Accounts/a_Admin User")): Object: 'Object Repository/Page_Moodle Administration Users Accounts/a_Admin User' is clicked on

2022-01-11 22:27:21 - [MESSAGE][PASSED] - Object: 'Object Repository/Page_Moodle Administration Users Accounts/a_Admin User' is clicked on

2022-01-11 22:27:21 - [TEST_STEP][PASSED] - click(findTestObject("Object Repository/Page_Moodle Administration Users Accounts/span_Log out")): Object: 'Object Repository/Page_Moodle Administration Users Accounts/span_Log out' is clicked on

2022-01-11 22:27:22 - [MESSAGE][PASSED] - Object: 'Object Repository/Page_Moodle Administration Users Accounts/span_Log out' is clicked on

2022-01-11 22:27:22 - [TEST_STEP][PASSED] - click(findTestObject("Object Repository/Page_BCS Moodle/a_Log in")): Object: 'Object Repository/Page_BCS Moodle/a_Log in' is clicked on

2022-01-11 22:27:22 - [MESSAGE][PASSED] - Object: 'Object Repository/Page_BCS Moodle/a_Log in' is clicked on

2022-01-11 22:27:22 - [TEST_STEP][PASSED] - setText(findTestObject("Object Repository/Page_BCS Moodle Log in to the site/input_Username_username"), "ycutefail"): Text 'ycutefail' is set on object 'Object Repository/Page_BCS Moodle Log in to the site/input_Username_username'

2022-01-11 22:27:23 - [MESSAGE][PASSED] - Text 'ycutefail' is set on object 'Object Repository/Page_BCS Moodle Log in to the site/input_Username_username'

2022-01-11 22:27:23 - [TEST_STEP][PASSED] - setEncryptedText(findTestObject("Object Repository/Page_BCS Moodle Log in to the site/input_Password_password"), "2710ZA2DREKCf9mxfuEeww=="): Text ****** has been set on object 'Object Repository/Page_BCS Moodle Log in to the site/input_Password_password'

2022-01-11 22:27:24 - [MESSAGE][PASSED] - Text ****** has been set on object 'Object Repository/Page_BCS Moodle Log in to the site/input_Password_password'

2022-01-11 22:27:24 - [TEST_STEP][PASSED] - click(findTestObject("Object Repository/Page_BCS Moodle Log in to the site/button_Log in")): Object: 'Object Repository/Page_BCS Moodle Log in to the site/button_Log in' is clicked on

2022-01-11 22:27:25 - [MESSAGE][PASSED] - Object: 'Object Repository/Page_BCS Moodle Log in to the site/button_Log in' is clicked on

2022-01-11 22:27:25 - [TEST_STEP][PASSED] - verifyElementPresent(findTestObject("Page_Change password/div_You must change your password to proceed"), 0): Object 'Object Repository/Page_Change password/div_You must change your password to proceed' is present

2022-01-11 22:27:25 - [MESSAGE][WARNING] - Timeout '0' is invalid. Using default page load timeout: '30'

2022-01-11 22:27:26 - [MESSAGE][PASSED] - Object 'Object Repository/Page_Change password/div_You must change your password to proceed' is present

2022-01-11 22:27:26 - [TEST_STEP][PASSED] - setEncryptedText(findTestObject("Page_Change password/input_Current password_password"), "2710ZA2DREKCf9mxfuEeww=="): Text ****** has been set on object 'Object Repository/Page_Change password/input_Current password_password'

2022-01-11 22:27:26 - [MESSAGE][PASSED] - Text ****** has been set on object 'Object Repository/Page_Change password/input_Current password_password'

2022-01-11 22:27:26 - [TEST_STEP][PASSED] - setText(findTestObject("Page_Change password/input_New password_newpassword1"), "yyyTest123@"): Text 'yyyTest123@' is set on object 'Object Repository/Page_Change password/input_New password_newpassword1'

2022-01-11 22:27:27 - [MESSAGE][PASSED] - Text 'yyyTest123@' is set on object 'Object Repository/Page_Change password/input_New password_newpassword1'

2022-01-11 22:27:27 - [TEST_STEP][PASSED] - setText(findTestObject("Page_Change password/input_New password (again)_newpassword2"), "yTest123@"): Text 'yTest123@' is set on object 'Object Repository/Page_Change password/input_New password (again)_newpassword2'

2022-01-11 22:27:28 - [MESSAGE][PASSED] - Text 'yTest123@' is set on object 'Object Repository/Page_Change password/input_New password (again)_newpassword2'

2022-01-11 22:27:28 - [TEST_STEP][PASSED] - click(findTestObject("Page_Change password/input_New password (again)_submitbutton")): Object: 'Object Repository/Page_Change password/input_New password (again)_submitbutton' is clicked on

2022-01-11 22:27:29 - [MESSAGE][PASSED] - Object: 'Object Repository/Page_Change password/input_New password (again)_submitbutton' is clicked on

2022-01-11 22:27:29 - [TEST_STEP][PASSED] - click(findTestObject("Page_Change password/div_These passwords do not match")): Object: 'Object Repository/Page_Change password/div_These passwords do not match' is clicked on

2022-01-11 22:27:29 - [MESSAGE][PASSED] - Object: 'Object Repository/Page_Change password/div_These passwords do not match' is clicked on

2022-01-11 22:27:29 - [TEST_STEP][PASSED] - click(findTestObject("Page_Change password/div_These passwords do not match_1")): Object: 'Object Repository/Page_Change password/div_These passwords do not match_1' is clicked on

2022-01-11 22:27:30 - [MESSAGE][PASSED] - Object: 'Object Repository/Page_Change password/div_These passwords do not match_1' is clicked on

2022-01-11 22:27:30 - [TEST_STEP][PASSED] - closeBrowser(): Browser is closed

2022-01-11 22:27:30 - [MESSAGE][PASSED] - Browser is closed]]></system-out>
         <system-err><![CDATA[]]></system-err>
      </testcase>
      <testcase name="Test Cases/Admin/Admin Add User/Admin_Add User Force Password Change -- Success" time="32.219" classname="Test Cases/Admin/Admin Add User/Admin_Add User Force Password Change -- Success" status="PASSED">
         <system-out><![CDATA[2022-01-11 22:27:30 - [TEST_CASE][PASSED] - Test Cases/Admin/Admin Add User/Admin_Add User Force Password Change -- Success: Test Cases/Admin/Admin Add User/Admin_Add User Force Password Change -- Success

2022-01-11 22:27:31 - [TEST_STEP][PASSED] - callTestCase(findTestCase("Admin/Admin_Login"), [:], STOP_ON_FAILURE): Call Test Case 'Test Cases/Admin/Admin_Login' successfully

2022-01-11 22:27:31 - [TEST_CASE][PASSED] - Test Cases/Admin/Admin_Login: Test Cases/Admin/Admin_Login

2022-01-11 22:27:31 - [TEST_STEP][PASSED] - openBrowser(""): Browser is opened with url: ''

2022-01-11 22:27:31 - [MESSAGE][INFO] - Starting 'Chrome' driver

2022-01-11 22:27:31 - [MESSAGE][INFO] - User set preference: ['args', '[window-size=1300,900]']

2022-01-11 22:27:31 - [MESSAGE][INFO] - Action delay is set to 0 milliseconds

2022-01-11 22:27:32 - [MESSAGE][PASSED] - Browser is opened with url: ''

2022-01-11 22:27:32 - [TEST_STEP][PASSED] - navigateToUrl("http://localhost:8080/moodle/login/index.php"): Navigate to 'http://localhost:8080/moodle/login/index.php' successfully

2022-01-11 22:27:33 - [MESSAGE][PASSED] - Navigate to 'http://localhost:8080/moodle/login/index.php' successfully

2022-01-11 22:27:33 - [TEST_STEP][PASSED] - setText(findTestObject("Object Repository/Page_BCS Moodle Log in to the site/input_Username_username"), "admin"): Text 'admin' is set on object 'Object Repository/Page_BCS Moodle Log in to the site/input_Username_username'

2022-01-11 22:27:34 - [MESSAGE][PASSED] - Text 'admin' is set on object 'Object Repository/Page_BCS Moodle Log in to the site/input_Username_username'

2022-01-11 22:27:34 - [TEST_STEP][PASSED] - setEncryptedText(findTestObject("Object Repository/Page_BCS Moodle Log in to the site/input_Password_password"), "p4y+y39Ir5PR9RXlOHjWlj+CAJiYdX4g"): Text ****** has been set on object 'Object Repository/Page_BCS Moodle Log in to the site/input_Password_password'

2022-01-11 22:27:34 - [MESSAGE][PASSED] - Text ****** has been set on object 'Object Repository/Page_BCS Moodle Log in to the site/input_Password_password'

2022-01-11 22:27:34 - [TEST_STEP][PASSED] - click(findTestObject("Object Repository/Page_BCS Moodle Log in to the site/button_Log in")): Object: 'Object Repository/Page_BCS Moodle Log in to the site/button_Log in' is clicked on

2022-01-11 22:27:35 - [MESSAGE][PASSED] - Object: 'Object Repository/Page_BCS Moodle Log in to the site/button_Log in' is clicked on

2022-01-11 22:27:35 - [MESSAGE][PASSED] - Call Test Case 'Test Cases/Admin/Admin_Login' successfully

2022-01-11 22:27:35 - [TEST_STEP][PASSED] - click(findTestObject("Object Repository/Page_Dashboard/a_Site administration")): Object: 'Object Repository/Page_Dashboard/a_Site administration' is clicked on

2022-01-11 22:27:38 - [MESSAGE][PASSED] - Object: 'Object Repository/Page_Dashboard/a_Site administration' is clicked on

2022-01-11 22:27:38 - [TEST_STEP][PASSED] - navigateToUrl("http://localhost:8080/moodle/admin/search.php"): Navigate to 'http://localhost:8080/moodle/admin/search.php' successfully

2022-01-11 22:27:39 - [MESSAGE][PASSED] - Navigate to 'http://localhost:8080/moodle/admin/search.php' successfully

2022-01-11 22:27:39 - [TEST_STEP][PASSED] - click(findTestObject("Object Repository/Page_Moodle Administration Search/a_Users")): Object: 'Object Repository/Page_Moodle Administration Search/a_Users' is clicked on

2022-01-11 22:27:40 - [MESSAGE][PASSED] - Object: 'Object Repository/Page_Moodle Administration Search/a_Users' is clicked on

2022-01-11 22:27:40 - [TEST_STEP][PASSED] - click(findTestObject("Object Repository/Page_Moodle Administration Search/a_Add a new user")): Object: 'Object Repository/Page_Moodle Administration Search/a_Add a new user' is clicked on

2022-01-11 22:27:41 - [MESSAGE][PASSED] - Object: 'Object Repository/Page_Moodle Administration Search/a_Add a new user' is clicked on

2022-01-11 22:27:41 - [TEST_STEP][PASSED] - setText(findTestObject("Page_Moodle Administration Users Accounts/input_Username_username"), "ycute"): Text 'ycute' is set on object 'Object Repository/Page_Moodle Administration Users Accounts/input_Username_username'

2022-01-11 22:27:43 - [MESSAGE][PASSED] - Text 'ycute' is set on object 'Object Repository/Page_Moodle Administration Users Accounts/input_Username_username'

2022-01-11 22:27:43 - [TEST_STEP][PASSED] - click(findTestObject("Page_Moodle Administration Users Accounts/em_Click to enter text")): Object: 'Object Repository/Page_Moodle Administration Users Accounts/em_Click to enter text' is clicked on

2022-01-11 22:27:43 - [MESSAGE][PASSED] - Object: 'Object Repository/Page_Moodle Administration Users Accounts/em_Click to enter text' is clicked on

2022-01-11 22:27:43 - [TEST_STEP][PASSED] - click(findTestObject("Page_Moodle Administration Users Accounts/i_Click to enter text_icon fa fa-eye fa-fw")): Object: 'Object Repository/Page_Moodle Administration Users Accounts/i_Click to enter text_icon fa fa-eye fa-fw' is clicked on

2022-01-11 22:27:43 - [MESSAGE][PASSED] - Object: 'Object Repository/Page_Moodle Administration Users Accounts/i_Click to enter text_icon fa fa-eye fa-fw' is clicked on

2022-01-11 22:27:43 - [TEST_STEP][PASSED] - setText(findTestObject("Page_Moodle Administration Users Accounts/input_New password_newpassword"), "yTest123@"): Text 'yTest123@' is set on object 'Object Repository/Page_Moodle Administration Users Accounts/input_New password_newpassword'

2022-01-11 22:27:44 - [MESSAGE][PASSED] - Text 'yTest123@' is set on object 'Object Repository/Page_Moodle Administration Users Accounts/input_New password_newpassword'

2022-01-11 22:27:44 - [TEST_STEP][PASSED] - click(findTestObject("Page_Moodle Administration Users Accounts/input_Press enter to save changes_preferenc_a80a7a")): Object: 'Object Repository/Page_Moodle Administration Users Accounts/input_Press enter to save changes_preferenc_a80a7a' is clicked on

2022-01-11 22:27:45 - [MESSAGE][PASSED] - Object: 'Object Repository/Page_Moodle Administration Users Accounts/input_Press enter to save changes_preferenc_a80a7a' is clicked on

2022-01-11 22:27:45 - [TEST_STEP][PASSED] - setText(findTestObject("Page_Moodle Administration Users Accounts/input_First name_firstname"), "Ý"): Text 'Ý' is set on object 'Object Repository/Page_Moodle Administration Users Accounts/input_First name_firstname'

2022-01-11 22:27:46 - [MESSAGE][PASSED] - Text 'Ý' is set on object 'Object Repository/Page_Moodle Administration Users Accounts/input_First name_firstname'

2022-01-11 22:27:46 - [TEST_STEP][PASSED] - setText(findTestObject("Page_Moodle Administration Users Accounts/input_Surname_lastname"), "cute"): Text 'cute' is set on object 'Object Repository/Page_Moodle Administration Users Accounts/input_Surname_lastname'

2022-01-11 22:27:46 - [MESSAGE][PASSED] - Text 'cute' is set on object 'Object Repository/Page_Moodle Administration Users Accounts/input_Surname_lastname'

2022-01-11 22:27:46 - [TEST_STEP][PASSED] - setText(findTestObject("Page_Moodle Administration Users Accounts/input_Email address_email"), "ycute@gmail.com"): Text 'ycute@gmail.com' is set on object 'Object Repository/Page_Moodle Administration Users Accounts/input_Email address_email'

2022-01-11 22:27:47 - [MESSAGE][PASSED] - Text 'ycute@gmail.com' is set on object 'Object Repository/Page_Moodle Administration Users Accounts/input_Email address_email'

2022-01-11 22:27:47 - [TEST_STEP][PASSED] - click(findTestObject("Page_Moodle Administration Users Accounts/input_Address_submitbutton")): Object: 'Object Repository/Page_Moodle Administration Users Accounts/input_Address_submitbutton' is clicked on

2022-01-11 22:27:49 - [MESSAGE][PASSED] - Object: 'Object Repository/Page_Moodle Administration Users Accounts/input_Address_submitbutton' is clicked on

2022-01-11 22:27:49 - [TEST_STEP][PASSED] - navigateToUrl("http://localhost:8080/moodle/admin/user.php"): Navigate to 'http://localhost:8080/moodle/admin/user.php' successfully

2022-01-11 22:27:50 - [MESSAGE][PASSED] - Navigate to 'http://localhost:8080/moodle/admin/user.php' successfully

2022-01-11 22:27:50 - [TEST_STEP][PASSED] - click(findTestObject("Page_Moodle Administration Users Accounts/a_Admin User")): Object: 'Object Repository/Page_Moodle Administration Users Accounts/a_Admin User' is clicked on

2022-01-11 22:27:51 - [MESSAGE][PASSED] - Object: 'Object Repository/Page_Moodle Administration Users Accounts/a_Admin User' is clicked on

2022-01-11 22:27:51 - [TEST_STEP][PASSED] - click(findTestObject("Page_Moodle Administration Users Accounts/span_Log out")): Object: 'Object Repository/Page_Moodle Administration Users Accounts/span_Log out' is clicked on

2022-01-11 22:27:52 - [MESSAGE][PASSED] - Object: 'Object Repository/Page_Moodle Administration Users Accounts/span_Log out' is clicked on

2022-01-11 22:27:52 - [TEST_STEP][PASSED] - click(findTestObject("Object Repository/Page_BCS Moodle/a_Log in")): Object: 'Object Repository/Page_BCS Moodle/a_Log in' is clicked on

2022-01-11 22:27:53 - [MESSAGE][PASSED] - Object: 'Object Repository/Page_BCS Moodle/a_Log in' is clicked on

2022-01-11 22:27:53 - [TEST_STEP][PASSED] - setText(findTestObject("Object Repository/Page_BCS Moodle Log in to the site/input_Username_username"), "ycute"): Text 'ycute' is set on object 'Object Repository/Page_BCS Moodle Log in to the site/input_Username_username'

2022-01-11 22:27:53 - [MESSAGE][PASSED] - Text 'ycute' is set on object 'Object Repository/Page_BCS Moodle Log in to the site/input_Username_username'

2022-01-11 22:27:53 - [TEST_STEP][PASSED] - setEncryptedText(findTestObject("Object Repository/Page_BCS Moodle Log in to the site/input_Password_password"), "2710ZA2DREKCf9mxfuEeww=="): Text ****** has been set on object 'Object Repository/Page_BCS Moodle Log in to the site/input_Password_password'

2022-01-11 22:27:54 - [MESSAGE][PASSED] - Text ****** has been set on object 'Object Repository/Page_BCS Moodle Log in to the site/input_Password_password'

2022-01-11 22:27:54 - [TEST_STEP][PASSED] - click(findTestObject("Object Repository/Page_BCS Moodle Log in to the site/button_Log in")): Object: 'Object Repository/Page_BCS Moodle Log in to the site/button_Log in' is clicked on

2022-01-11 22:27:55 - [MESSAGE][PASSED] - Object: 'Object Repository/Page_BCS Moodle Log in to the site/button_Log in' is clicked on

2022-01-11 22:27:55 - [TEST_STEP][PASSED] - verifyElementPresent(findTestObject("Object Repository/Page_Change password/div_You must change your password to proceed"), 0): Object 'Object Repository/Page_Change password/div_You must change your password to proceed' is present

2022-01-11 22:27:55 - [MESSAGE][WARNING] - Timeout '0' is invalid. Using default page load timeout: '30'

2022-01-11 22:27:55 - [MESSAGE][PASSED] - Object 'Object Repository/Page_Change password/div_You must change your password to proceed' is present

2022-01-11 22:27:55 - [TEST_STEP][PASSED] - setEncryptedText(findTestObject("Object Repository/Page_Change password/input_Current password_password"), "2710ZA2DREKCf9mxfuEeww=="): Text ****** has been set on object 'Object Repository/Page_Change password/input_Current password_password'

2022-01-11 22:27:56 - [MESSAGE][PASSED] - Text ****** has been set on object 'Object Repository/Page_Change password/input_Current password_password'

2022-01-11 22:27:56 - [TEST_STEP][PASSED] - setEncryptedText(findTestObject("Object Repository/Page_Change password/input_New password_newpassword1"), "nSzDANEUx/lhr7OBbRdQuw=="): Text ****** has been set on object 'Object Repository/Page_Change password/input_New password_newpassword1'

2022-01-11 22:27:56 - [MESSAGE][PASSED] - Text ****** has been set on object 'Object Repository/Page_Change password/input_New password_newpassword1'

2022-01-11 22:27:56 - [TEST_STEP][PASSED] - setEncryptedText(findTestObject("Object Repository/Page_Change password/input_New password (again)_newpassword2"), "nSzDANEUx/lhr7OBbRdQuw=="): Text ****** has been set on object 'Object Repository/Page_Change password/input_New password (again)_newpassword2'

2022-01-11 22:27:57 - [MESSAGE][PASSED] - Text ****** has been set on object 'Object Repository/Page_Change password/input_New password (again)_newpassword2'

2022-01-11 22:27:57 - [TEST_STEP][PASSED] - click(findTestObject("Object Repository/Page_Change password/input_New password (again)_submitbutton")): Object: 'Object Repository/Page_Change password/input_New password (again)_submitbutton' is clicked on

2022-01-11 22:27:58 - [MESSAGE][PASSED] - Object: 'Object Repository/Page_Change password/input_New password (again)_submitbutton' is clicked on

2022-01-11 22:27:58 - [TEST_STEP][PASSED] - verifyElementPresent(findTestObject("Object Repository/Page_Password has been changed/div_Password has been changed"), 0): Object 'Object Repository/Page_Password has been changed/div_Password has been changed' is present

2022-01-11 22:27:58 - [MESSAGE][WARNING] - Timeout '0' is invalid. Using default page load timeout: '30'

2022-01-11 22:27:59 - [MESSAGE][PASSED] - Object 'Object Repository/Page_Password has been changed/div_Password has been changed' is present

2022-01-11 22:27:59 - [TEST_STEP][PASSED] - click(findTestObject("Object Repository/Page_Password has been changed/button_Continue")): Object: 'Object Repository/Page_Password has been changed/button_Continue' is clicked on

2022-01-11 22:28:00 - [MESSAGE][PASSED] - Object: 'Object Repository/Page_Password has been changed/button_Continue' is clicked on

2022-01-11 22:28:00 - [TEST_STEP][PASSED] - delay(2): Delayed 2 second(s)

2022-01-11 22:28:02 - [MESSAGE][PASSED] - Delayed 2 second(s)

2022-01-11 22:28:02 - [TEST_STEP][PASSED] - closeBrowser(): Browser is closed

2022-01-11 22:28:03 - [MESSAGE][PASSED] - Browser is closed]]></system-out>
         <system-err><![CDATA[]]></system-err>
      </testcase>
      <testcase name="Test Cases/Admin/Admin Add User/Admin_Add User Invalid Password" time="22.108" classname="Test Cases/Admin/Admin Add User/Admin_Add User Invalid Password" status="PASSED">
         <system-out><![CDATA[2022-01-11 22:28:03 - [TEST_CASE][PASSED] - Test Cases/Admin/Admin Add User/Admin_Add User Invalid Password: Test Cases/Admin/Admin Add User/Admin_Add User Invalid Password

2022-01-11 22:28:03 - [TEST_STEP][PASSED] - callTestCase(findTestCase("Admin/Admin_Login"), [:], STOP_ON_FAILURE): Call Test Case 'Test Cases/Admin/Admin_Login' successfully

2022-01-11 22:28:03 - [TEST_CASE][PASSED] - Test Cases/Admin/Admin_Login: Test Cases/Admin/Admin_Login

2022-01-11 22:28:03 - [TEST_STEP][PASSED] - openBrowser(""): Browser is opened with url: ''

2022-01-11 22:28:03 - [MESSAGE][INFO] - Starting 'Chrome' driver

2022-01-11 22:28:03 - [MESSAGE][INFO] - User set preference: ['args', '[window-size=1300,900]']

2022-01-11 22:28:03 - [MESSAGE][INFO] - Action delay is set to 0 milliseconds

2022-01-11 22:28:04 - [MESSAGE][PASSED] - Browser is opened with url: ''

2022-01-11 22:28:04 - [TEST_STEP][PASSED] - navigateToUrl("http://localhost:8080/moodle/login/index.php"): Navigate to 'http://localhost:8080/moodle/login/index.php' successfully

2022-01-11 22:28:05 - [MESSAGE][PASSED] - Navigate to 'http://localhost:8080/moodle/login/index.php' successfully

2022-01-11 22:28:05 - [TEST_STEP][PASSED] - setText(findTestObject("Object Repository/Page_BCS Moodle Log in to the site/input_Username_username"), "admin"): Text 'admin' is set on object 'Object Repository/Page_BCS Moodle Log in to the site/input_Username_username'

2022-01-11 22:28:06 - [MESSAGE][PASSED] - Text 'admin' is set on object 'Object Repository/Page_BCS Moodle Log in to the site/input_Username_username'

2022-01-11 22:28:06 - [TEST_STEP][PASSED] - setEncryptedText(findTestObject("Object Repository/Page_BCS Moodle Log in to the site/input_Password_password"), "p4y+y39Ir5PR9RXlOHjWlj+CAJiYdX4g"): Text ****** has been set on object 'Object Repository/Page_BCS Moodle Log in to the site/input_Password_password'

2022-01-11 22:28:06 - [MESSAGE][PASSED] - Text ****** has been set on object 'Object Repository/Page_BCS Moodle Log in to the site/input_Password_password'

2022-01-11 22:28:06 - [TEST_STEP][PASSED] - click(findTestObject("Object Repository/Page_BCS Moodle Log in to the site/button_Log in")): Object: 'Object Repository/Page_BCS Moodle Log in to the site/button_Log in' is clicked on

2022-01-11 22:28:07 - [MESSAGE][PASSED] - Object: 'Object Repository/Page_BCS Moodle Log in to the site/button_Log in' is clicked on

2022-01-11 22:28:07 - [MESSAGE][PASSED] - Call Test Case 'Test Cases/Admin/Admin_Login' successfully

2022-01-11 22:28:07 - [TEST_STEP][PASSED] - click(findTestObject("Object Repository/Page_Dashboard/a_Site administration")): Object: 'Object Repository/Page_Dashboard/a_Site administration' is clicked on

2022-01-11 22:28:10 - [MESSAGE][PASSED] - Object: 'Object Repository/Page_Dashboard/a_Site administration' is clicked on

2022-01-11 22:28:10 - [TEST_STEP][PASSED] - click(findTestObject("Object Repository/Page_Moodle Administration Search/a_Users")): Object: 'Object Repository/Page_Moodle Administration Search/a_Users' is clicked on

2022-01-11 22:28:11 - [MESSAGE][PASSED] - Object: 'Object Repository/Page_Moodle Administration Search/a_Users' is clicked on

2022-01-11 22:28:11 - [TEST_STEP][PASSED] - click(findTestObject("Object Repository/Page_Moodle Administration Search/a_Add a new user")): Object: 'Object Repository/Page_Moodle Administration Search/a_Add a new user' is clicked on

2022-01-11 22:28:12 - [MESSAGE][PASSED] - Object: 'Object Repository/Page_Moodle Administration Search/a_Add a new user' is clicked on

2022-01-11 22:28:12 - [TEST_STEP][PASSED] - click(findTestObject("Object Repository/Page_Moodle Administration Users Accounts/input_Username_username")): Object: 'Object Repository/Page_Moodle Administration Users Accounts/input_Username_username' is clicked on

2022-01-11 22:28:14 - [MESSAGE][PASSED] - Object: 'Object Repository/Page_Moodle Administration Users Accounts/input_Username_username' is clicked on

2022-01-11 22:28:14 - [TEST_STEP][PASSED] - setText(findTestObject("Object Repository/Page_Moodle Administration Users Accounts/input_Username_username"), "yk15"): Text 'yk15' is set on object 'Object Repository/Page_Moodle Administration Users Accounts/input_Username_username'

2022-01-11 22:28:14 - [MESSAGE][PASSED] - Text 'yk15' is set on object 'Object Repository/Page_Moodle Administration Users Accounts/input_Username_username'

2022-01-11 22:28:14 - [TEST_STEP][PASSED] - click(findTestObject("Object Repository/Page_Moodle Administration Users Accounts/em_Click to enter text")): Object: 'Object Repository/Page_Moodle Administration Users Accounts/em_Click to enter text' is clicked on

2022-01-11 22:28:15 - [MESSAGE][PASSED] - Object: 'Object Repository/Page_Moodle Administration Users Accounts/em_Click to enter text' is clicked on

2022-01-11 22:28:15 - [TEST_STEP][PASSED] - click(findTestObject("Object Repository/Page_Moodle Administration Users Accounts/i_Click to enter text_icon fa fa-eye fa-fw"), STOP_ON_FAILURE): Object: 'Object Repository/Page_Moodle Administration Users Accounts/i_Click to enter text_icon fa fa-eye fa-fw' is clicked on

2022-01-11 22:28:15 - [MESSAGE][PASSED] - Object: 'Object Repository/Page_Moodle Administration Users Accounts/i_Click to enter text_icon fa fa-eye fa-fw' is clicked on

2022-01-11 22:28:15 - [TEST_STEP][PASSED] - setText(findTestObject("Object Repository/Page_Moodle Administration Users Accounts/input_New password_newpassword"), "y"): Text 'y' is set on object 'Object Repository/Page_Moodle Administration Users Accounts/input_New password_newpassword'

2022-01-11 22:28:16 - [MESSAGE][PASSED] - Text 'y' is set on object 'Object Repository/Page_Moodle Administration Users Accounts/input_New password_newpassword'

2022-01-11 22:28:16 - [TEST_STEP][PASSED] - setText(findTestObject("Object Repository/Page_Moodle Administration Users Accounts/input_First name_firstname"), "Ý"): Text 'Ý' is set on object 'Object Repository/Page_Moodle Administration Users Accounts/input_First name_firstname'

2022-01-11 22:28:17 - [MESSAGE][PASSED] - Text 'Ý' is set on object 'Object Repository/Page_Moodle Administration Users Accounts/input_First name_firstname'

2022-01-11 22:28:17 - [TEST_STEP][PASSED] - setText(findTestObject("Object Repository/Page_Moodle Administration Users Accounts/input_Surname_lastname"), "Đàm"): Text 'Đàm' is set on object 'Object Repository/Page_Moodle Administration Users Accounts/input_Surname_lastname'

2022-01-11 22:28:18 - [MESSAGE][PASSED] - Text 'Đàm' is set on object 'Object Repository/Page_Moodle Administration Users Accounts/input_Surname_lastname'

2022-01-11 22:28:18 - [TEST_STEP][PASSED] - setText(findTestObject("Object Repository/Page_Moodle Administration Users Accounts/input_Email address_email"), "ydamk15@gmail.com"): Text 'ydamk15@gmail.com' is set on object 'Object Repository/Page_Moodle Administration Users Accounts/input_Email address_email'

2022-01-11 22:28:19 - [MESSAGE][PASSED] - Text 'ydamk15@gmail.com' is set on object 'Object Repository/Page_Moodle Administration Users Accounts/input_Email address_email'

2022-01-11 22:28:19 - [TEST_STEP][PASSED] - click(findTestObject("Object Repository/Page_Moodle Administration Users Accounts/input_Address_submitbutton")): Object: 'Object Repository/Page_Moodle Administration Users Accounts/input_Address_submitbutton' is clicked on

2022-01-11 22:28:20 - [MESSAGE][PASSED] - Object: 'Object Repository/Page_Moodle Administration Users Accounts/input_Address_submitbutton' is clicked on

2022-01-11 22:28:20 - [TEST_STEP][PASSED] - verifyElementPresent(findTestObject("Object Repository/Page_Moodle Administration Users Accounts A_0fbd97/div_Passwords must be at least 8 characters long"), 0): Object 'Object Repository/Page_Moodle Administration Users Accounts A_0fbd97/div_Passwords must be at least 8 characters long' is present

2022-01-11 22:28:20 - [MESSAGE][WARNING] - Timeout '0' is invalid. Using default page load timeout: '30'

2022-01-11 22:28:21 - [MESSAGE][PASSED] - Object 'Object Repository/Page_Moodle Administration Users Accounts A_0fbd97/div_Passwords must be at least 8 characters long' is present

2022-01-11 22:28:21 - [TEST_STEP][PASSED] - verifyElementPresent(findTestObject("Object Repository/Page_Moodle Administration Users Accounts A_0fbd97/div_Passwords must have at least 1 digit(s)"), 0): Object 'Object Repository/Page_Moodle Administration Users Accounts A_0fbd97/div_Passwords must have at least 1 digit(s)' is present

2022-01-11 22:28:21 - [MESSAGE][WARNING] - Timeout '0' is invalid. Using default page load timeout: '30'

2022-01-11 22:28:21 - [MESSAGE][PASSED] - Object 'Object Repository/Page_Moodle Administration Users Accounts A_0fbd97/div_Passwords must have at least 1 digit(s)' is present

2022-01-11 22:28:21 - [TEST_STEP][PASSED] - verifyElementPresent(findTestObject("Object Repository/Page_Moodle Administration Users Accounts A_0fbd97/div_Passwords must have at least 1 upper ca_8e926f"), 0): Object 'Object Repository/Page_Moodle Administration Users Accounts A_0fbd97/div_Passwords must have at least 1 upper ca_8e926f' is present

2022-01-11 22:28:21 - [MESSAGE][WARNING] - Timeout '0' is invalid. Using default page load timeout: '30'

2022-01-11 22:28:22 - [MESSAGE][PASSED] - Object 'Object Repository/Page_Moodle Administration Users Accounts A_0fbd97/div_Passwords must have at least 1 upper ca_8e926f' is present

2022-01-11 22:28:22 - [TEST_STEP][PASSED] - verifyElementPresent(findTestObject("Object Repository/Page_Moodle Administration Users Accounts A_0fbd97/div_The password must have at least 1 speci_80717b"), 0): Object 'Object Repository/Page_Moodle Administration Users Accounts A_0fbd97/div_The password must have at least 1 speci_80717b' is present

2022-01-11 22:28:22 - [MESSAGE][WARNING] - Timeout '0' is invalid. Using default page load timeout: '30'

2022-01-11 22:28:22 - [MESSAGE][PASSED] - Object 'Object Repository/Page_Moodle Administration Users Accounts A_0fbd97/div_The password must have at least 1 speci_80717b' is present

2022-01-11 22:28:22 - [TEST_STEP][PASSED] - delay(2): Delayed 2 second(s)

2022-01-11 22:28:24 - [MESSAGE][PASSED] - Delayed 2 second(s)

2022-01-11 22:28:24 - [TEST_STEP][PASSED] - closeBrowser(): Browser is closed

2022-01-11 22:28:25 - [MESSAGE][PASSED] - Browser is closed]]></system-out>
         <system-err><![CDATA[]]></system-err>
      </testcase>
      <testcase name="Test Cases/Admin/Admin Add User/Admin_Add User Registered Email" time="20.571" classname="Test Cases/Admin/Admin Add User/Admin_Add User Registered Email" status="PASSED">
         <system-out><![CDATA[2022-01-11 22:28:25 - [TEST_CASE][PASSED] - Test Cases/Admin/Admin Add User/Admin_Add User Registered Email: Test Cases/Admin/Admin Add User/Admin_Add User Registered Email

2022-01-11 22:28:25 - [TEST_STEP][PASSED] - callTestCase(findTestCase("Admin/Admin_Login"), [:], STOP_ON_FAILURE): Call Test Case 'Test Cases/Admin/Admin_Login' successfully

2022-01-11 22:28:25 - [TEST_CASE][PASSED] - Test Cases/Admin/Admin_Login: Test Cases/Admin/Admin_Login

2022-01-11 22:28:25 - [TEST_STEP][PASSED] - openBrowser(""): Browser is opened with url: ''

2022-01-11 22:28:25 - [MESSAGE][INFO] - Starting 'Chrome' driver

2022-01-11 22:28:25 - [MESSAGE][INFO] - User set preference: ['args', '[window-size=1300,900]']

2022-01-11 22:28:25 - [MESSAGE][INFO] - Action delay is set to 0 milliseconds

2022-01-11 22:28:26 - [MESSAGE][PASSED] - Browser is opened with url: ''

2022-01-11 22:28:26 - [TEST_STEP][PASSED] - navigateToUrl("http://localhost:8080/moodle/login/index.php"): Navigate to 'http://localhost:8080/moodle/login/index.php' successfully

2022-01-11 22:28:27 - [MESSAGE][PASSED] - Navigate to 'http://localhost:8080/moodle/login/index.php' successfully

2022-01-11 22:28:27 - [TEST_STEP][PASSED] - setText(findTestObject("Object Repository/Page_BCS Moodle Log in to the site/input_Username_username"), "admin"): Text 'admin' is set on object 'Object Repository/Page_BCS Moodle Log in to the site/input_Username_username'

2022-01-11 22:28:28 - [MESSAGE][PASSED] - Text 'admin' is set on object 'Object Repository/Page_BCS Moodle Log in to the site/input_Username_username'

2022-01-11 22:28:28 - [TEST_STEP][PASSED] - setEncryptedText(findTestObject("Object Repository/Page_BCS Moodle Log in to the site/input_Password_password"), "p4y+y39Ir5PR9RXlOHjWlj+CAJiYdX4g"): Text ****** has been set on object 'Object Repository/Page_BCS Moodle Log in to the site/input_Password_password'

2022-01-11 22:28:28 - [MESSAGE][PASSED] - Text ****** has been set on object 'Object Repository/Page_BCS Moodle Log in to the site/input_Password_password'

2022-01-11 22:28:28 - [TEST_STEP][PASSED] - click(findTestObject("Object Repository/Page_BCS Moodle Log in to the site/button_Log in")): Object: 'Object Repository/Page_BCS Moodle Log in to the site/button_Log in' is clicked on

2022-01-11 22:28:30 - [MESSAGE][PASSED] - Object: 'Object Repository/Page_BCS Moodle Log in to the site/button_Log in' is clicked on

2022-01-11 22:28:30 - [MESSAGE][PASSED] - Call Test Case 'Test Cases/Admin/Admin_Login' successfully

2022-01-11 22:28:30 - [TEST_STEP][PASSED] - click(findTestObject("Object Repository/Page_Dashboard/a_Site administration")): Object: 'Object Repository/Page_Dashboard/a_Site administration' is clicked on

2022-01-11 22:28:32 - [MESSAGE][PASSED] - Object: 'Object Repository/Page_Dashboard/a_Site administration' is clicked on

2022-01-11 22:28:32 - [TEST_STEP][PASSED] - click(findTestObject("Object Repository/Page_Moodle Administration Search/a_Users")): Object: 'Object Repository/Page_Moodle Administration Search/a_Users' is clicked on

2022-01-11 22:28:32 - [MESSAGE][PASSED] - Object: 'Object Repository/Page_Moodle Administration Search/a_Users' is clicked on

2022-01-11 22:28:32 - [TEST_STEP][PASSED] - click(findTestObject("Object Repository/Page_Moodle Administration Search/a_Add a new user")): Object: 'Object Repository/Page_Moodle Administration Search/a_Add a new user' is clicked on

2022-01-11 22:28:34 - [MESSAGE][PASSED] - Object: 'Object Repository/Page_Moodle Administration Search/a_Add a new user' is clicked on

2022-01-11 22:28:34 - [TEST_STEP][PASSED] - click(findTestObject("Page_Moodle Administration Users Accounts/input_Username_username")): Object: 'Object Repository/Page_Moodle Administration Users Accounts/input_Username_username' is clicked on

2022-01-11 22:28:35 - [MESSAGE][PASSED] - Object: 'Object Repository/Page_Moodle Administration Users Accounts/input_Username_username' is clicked on

2022-01-11 22:28:35 - [TEST_STEP][PASSED] - setText(findTestObject("Page_Moodle Administration Users Accounts/input_Username_username"), "ycute"): Text 'ycute' is set on object 'Object Repository/Page_Moodle Administration Users Accounts/input_Username_username'

2022-01-11 22:28:36 - [MESSAGE][PASSED] - Text 'ycute' is set on object 'Object Repository/Page_Moodle Administration Users Accounts/input_Username_username'

2022-01-11 22:28:36 - [TEST_STEP][PASSED] - click(findTestObject("Page_Moodle Administration Users Accounts/em_Click to enter text")): Object: 'Object Repository/Page_Moodle Administration Users Accounts/em_Click to enter text' is clicked on

2022-01-11 22:28:36 - [MESSAGE][PASSED] - Object: 'Object Repository/Page_Moodle Administration Users Accounts/em_Click to enter text' is clicked on

2022-01-11 22:28:36 - [TEST_STEP][PASSED] - click(findTestObject("Page_Moodle Administration Users Accounts/i_Click to enter text_icon fa fa-eye fa-fw"), STOP_ON_FAILURE): Object: 'Object Repository/Page_Moodle Administration Users Accounts/i_Click to enter text_icon fa fa-eye fa-fw' is clicked on

2022-01-11 22:28:37 - [MESSAGE][PASSED] - Object: 'Object Repository/Page_Moodle Administration Users Accounts/i_Click to enter text_icon fa fa-eye fa-fw' is clicked on

2022-01-11 22:28:37 - [TEST_STEP][PASSED] - setText(findTestObject("Page_Moodle Administration Users Accounts/input_New password_newpassword"), "yTest123@"): Text 'yTest123@' is set on object 'Object Repository/Page_Moodle Administration Users Accounts/input_New password_newpassword'

2022-01-11 22:28:38 - [MESSAGE][PASSED] - Text 'yTest123@' is set on object 'Object Repository/Page_Moodle Administration Users Accounts/input_New password_newpassword'

2022-01-11 22:28:38 - [TEST_STEP][PASSED] - setText(findTestObject("Page_Moodle Administration Users Accounts/input_First name_firstname"), "Ý"): Text 'Ý' is set on object 'Object Repository/Page_Moodle Administration Users Accounts/input_First name_firstname'

2022-01-11 22:28:38 - [MESSAGE][PASSED] - Text 'Ý' is set on object 'Object Repository/Page_Moodle Administration Users Accounts/input_First name_firstname'

2022-01-11 22:28:38 - [TEST_STEP][PASSED] - setText(findTestObject("Page_Moodle Administration Users Accounts/input_Surname_lastname"), "Đàm"): Text 'Đàm' is set on object 'Object Repository/Page_Moodle Administration Users Accounts/input_Surname_lastname'

2022-01-11 22:28:39 - [MESSAGE][PASSED] - Text 'Đàm' is set on object 'Object Repository/Page_Moodle Administration Users Accounts/input_Surname_lastname'

2022-01-11 22:28:39 - [TEST_STEP][PASSED] - setText(findTestObject("Page_Moodle Administration Users Accounts/input_Email address_email"), "yprotk21@gmail.com"): Text 'yprotk21@gmail.com' is set on object 'Object Repository/Page_Moodle Administration Users Accounts/input_Email address_email'

2022-01-11 22:28:40 - [MESSAGE][PASSED] - Text 'yprotk21@gmail.com' is set on object 'Object Repository/Page_Moodle Administration Users Accounts/input_Email address_email'

2022-01-11 22:28:40 - [TEST_STEP][PASSED] - click(findTestObject("Page_Moodle Administration Users Accounts/input_Address_submitbutton")): Object: 'Object Repository/Page_Moodle Administration Users Accounts/input_Address_submitbutton' is clicked on

2022-01-11 22:28:42 - [MESSAGE][PASSED] - Object: 'Object Repository/Page_Moodle Administration Users Accounts/input_Address_submitbutton' is clicked on

2022-01-11 22:28:42 - [TEST_STEP][PASSED] - verifyElementPresent(findTestObject("Page_Moodle Administration Users Accounts/div_This email address is already registered"), 0): Object 'Object Repository/Page_Moodle Administration Users Accounts/div_This email address is already registered' is present

2022-01-11 22:28:42 - [MESSAGE][WARNING] - Timeout '0' is invalid. Using default page load timeout: '30'

2022-01-11 22:28:43 - [MESSAGE][PASSED] - Object 'Object Repository/Page_Moodle Administration Users Accounts/div_This email address is already registered' is present

2022-01-11 22:28:43 - [TEST_STEP][PASSED] - delay(2): Delayed 2 second(s)

2022-01-11 22:28:45 - [MESSAGE][PASSED] - Delayed 2 second(s)

2022-01-11 22:28:45 - [TEST_STEP][PASSED] - closeBrowser(): Browser is closed

2022-01-11 22:28:45 - [MESSAGE][PASSED] - Browser is closed]]></system-out>
         <system-err><![CDATA[]]></system-err>
      </testcase>
      <testcase name="Test Cases/Admin/Admin Create Course/Admin_Create Course Short Name Already Used" time="18.501" classname="Test Cases/Admin/Admin Create Course/Admin_Create Course Short Name Already Used" status="PASSED">
         <system-out><![CDATA[2022-01-11 22:28:45 - [TEST_CASE][PASSED] - Test Cases/Admin/Admin Create Course/Admin_Create Course Short Name Already Used: Test Cases/Admin/Admin Create Course/Admin_Create Course Short Name Already Used

2022-01-11 22:28:46 - [TEST_STEP][PASSED] - callTestCase(findTestCase("Admin/Admin_Login"), [:], STOP_ON_FAILURE): Call Test Case 'Test Cases/Admin/Admin_Login' successfully

2022-01-11 22:28:46 - [TEST_CASE][PASSED] - Test Cases/Admin/Admin_Login: Test Cases/Admin/Admin_Login

2022-01-11 22:28:46 - [TEST_STEP][PASSED] - openBrowser(""): Browser is opened with url: ''

2022-01-11 22:28:46 - [MESSAGE][INFO] - Starting 'Chrome' driver

2022-01-11 22:28:46 - [MESSAGE][INFO] - User set preference: ['args', '[window-size=1300,900]']

2022-01-11 22:28:46 - [MESSAGE][INFO] - Action delay is set to 0 milliseconds

2022-01-11 22:28:47 - [MESSAGE][PASSED] - Browser is opened with url: ''

2022-01-11 22:28:47 - [TEST_STEP][PASSED] - navigateToUrl("http://localhost:8080/moodle/login/index.php"): Navigate to 'http://localhost:8080/moodle/login/index.php' successfully

2022-01-11 22:28:47 - [MESSAGE][PASSED] - Navigate to 'http://localhost:8080/moodle/login/index.php' successfully

2022-01-11 22:28:47 - [TEST_STEP][PASSED] - setText(findTestObject("Object Repository/Page_BCS Moodle Log in to the site/input_Username_username"), "admin"): Text 'admin' is set on object 'Object Repository/Page_BCS Moodle Log in to the site/input_Username_username'

2022-01-11 22:28:48 - [MESSAGE][PASSED] - Text 'admin' is set on object 'Object Repository/Page_BCS Moodle Log in to the site/input_Username_username'

2022-01-11 22:28:48 - [TEST_STEP][PASSED] - setEncryptedText(findTestObject("Object Repository/Page_BCS Moodle Log in to the site/input_Password_password"), "p4y+y39Ir5PR9RXlOHjWlj+CAJiYdX4g"): Text ****** has been set on object 'Object Repository/Page_BCS Moodle Log in to the site/input_Password_password'

2022-01-11 22:28:49 - [MESSAGE][PASSED] - Text ****** has been set on object 'Object Repository/Page_BCS Moodle Log in to the site/input_Password_password'

2022-01-11 22:28:49 - [TEST_STEP][PASSED] - click(findTestObject("Object Repository/Page_BCS Moodle Log in to the site/button_Log in")): Object: 'Object Repository/Page_BCS Moodle Log in to the site/button_Log in' is clicked on

2022-01-11 22:28:50 - [MESSAGE][PASSED] - Object: 'Object Repository/Page_BCS Moodle Log in to the site/button_Log in' is clicked on

2022-01-11 22:28:50 - [MESSAGE][PASSED] - Call Test Case 'Test Cases/Admin/Admin_Login' successfully

2022-01-11 22:28:50 - [TEST_STEP][PASSED] - click(findTestObject("Object Repository/Page_Dashboard/a_Site administration")): Object: 'Object Repository/Page_Dashboard/a_Site administration' is clicked on

2022-01-11 22:28:52 - [MESSAGE][PASSED] - Object: 'Object Repository/Page_Dashboard/a_Site administration' is clicked on

2022-01-11 22:28:52 - [TEST_STEP][PASSED] - navigateToUrl("http://localhost:8080/moodle/admin/search.php"): Navigate to 'http://localhost:8080/moodle/admin/search.php' successfully

2022-01-11 22:28:53 - [MESSAGE][PASSED] - Navigate to 'http://localhost:8080/moodle/admin/search.php' successfully

2022-01-11 22:28:53 - [TEST_STEP][PASSED] - click(findTestObject("Object Repository/Page_Moodle Administration Search/a_Courses")): Object: 'Object Repository/Page_Moodle Administration Search/a_Courses' is clicked on

2022-01-11 22:28:54 - [MESSAGE][PASSED] - Object: 'Object Repository/Page_Moodle Administration Search/a_Courses' is clicked on

2022-01-11 22:28:54 - [TEST_STEP][PASSED] - click(findTestObject("Object Repository/Page_Moodle Administration Search/a_Add a new course")): Object: 'Object Repository/Page_Moodle Administration Search/a_Add a new course' is clicked on

2022-01-11 22:28:55 - [MESSAGE][PASSED] - Object: 'Object Repository/Page_Moodle Administration Search/a_Add a new course' is clicked on

2022-01-11 22:28:55 - [TEST_STEP][PASSED] - navigateToUrl("http://localhost:8080/moodle/course/edit.php?category=0"): Navigate to 'http://localhost:8080/moodle/course/edit.php?category=0' successfully

2022-01-11 22:28:56 - [MESSAGE][PASSED] - Navigate to 'http://localhost:8080/moodle/course/edit.php?category=0' successfully

2022-01-11 22:28:56 - [TEST_STEP][PASSED] - setText(findTestObject("Object Repository/Page_Moodle Add a new course/input_Course full name_fullname"), "Toan To Hop"): Text 'Toan To Hop' is set on object 'Object Repository/Page_Moodle Add a new course/input_Course full name_fullname'

2022-01-11 22:28:58 - [MESSAGE][PASSED] - Text 'Toan To Hop' is set on object 'Object Repository/Page_Moodle Add a new course/input_Course full name_fullname'

2022-01-11 22:28:58 - [TEST_STEP][PASSED] - setText(findTestObject("Object Repository/Page_Moodle Add a new course/input_Course short name_shortname"), "TTH"): Text 'TTH' is set on object 'Object Repository/Page_Moodle Add a new course/input_Course short name_shortname'

2022-01-11 22:28:58 - [MESSAGE][PASSED] - Text 'TTH' is set on object 'Object Repository/Page_Moodle Add a new course/input_Course short name_shortname'

2022-01-11 22:28:58 - [TEST_STEP][PASSED] - click(findTestObject("Object Repository/Page_Moodle Add a new course/input__saveanddisplay")): Object: 'Object Repository/Page_Moodle Add a new course/input__saveanddisplay' is clicked on

2022-01-11 22:29:00 - [MESSAGE][PASSED] - Object: 'Object Repository/Page_Moodle Add a new course/input__saveanddisplay' is clicked on

2022-01-11 22:29:00 - [TEST_STEP][PASSED] - verifyElementPresent(findTestObject("Object Repository/Page_Moodle Add a new course/div_Short name is already used for another _2a3f8e"), 0): Object 'Object Repository/Page_Moodle Add a new course/div_Short name is already used for another _2a3f8e' is present

2022-01-11 22:29:00 - [MESSAGE][WARNING] - Timeout '0' is invalid. Using default page load timeout: '30'

2022-01-11 22:29:01 - [MESSAGE][PASSED] - Object 'Object Repository/Page_Moodle Add a new course/div_Short name is already used for another _2a3f8e' is present

2022-01-11 22:29:01 - [TEST_STEP][PASSED] - delay(2): Delayed 2 second(s)

2022-01-11 22:29:03 - [MESSAGE][PASSED] - Delayed 2 second(s)

2022-01-11 22:29:03 - [TEST_STEP][PASSED] - closeBrowser(): Browser is closed

2022-01-11 22:29:04 - [MESSAGE][PASSED] - Browser is closed]]></system-out>
         <system-err><![CDATA[]]></system-err>
      </testcase>
      <testcase name="Test Cases/Student/Student_Calendar/Student_Click on Day_Monthly View" time="14.098" classname="Test Cases/Student/Student_Calendar/Student_Click on Day_Monthly View" status="PASSED">
         <system-out><![CDATA[2022-01-11 22:29:04 - [TEST_CASE][PASSED] - Test Cases/Student/Student_Calendar/Student_Click on Day_Monthly View: Test Cases/Student/Student_Calendar/Student_Click on Day_Monthly View

2022-01-11 22:29:04 - [TEST_STEP][PASSED] - openBrowser(""): Browser is opened with url: ''

2022-01-11 22:29:04 - [MESSAGE][INFO] - Starting 'Chrome' driver

2022-01-11 22:29:04 - [MESSAGE][INFO] - User set preference: ['args', '[window-size=1300,900]']

2022-01-11 22:29:04 - [MESSAGE][INFO] - Action delay is set to 0 milliseconds

2022-01-11 22:29:05 - [MESSAGE][PASSED] - Browser is opened with url: ''

2022-01-11 22:29:05 - [TEST_STEP][PASSED] - navigateToUrl("http://localhost:8080/moodle/"): Navigate to 'http://localhost:8080/moodle/' successfully

2022-01-11 22:29:06 - [MESSAGE][PASSED] - Navigate to 'http://localhost:8080/moodle/' successfully

2022-01-11 22:29:06 - [TEST_STEP][PASSED] - click(findTestObject("Object Repository/Page_BCS Moodle/a_Log in")): Object: 'Object Repository/Page_BCS Moodle/a_Log in' is clicked on

2022-01-11 22:29:07 - [MESSAGE][PASSED] - Object: 'Object Repository/Page_BCS Moodle/a_Log in' is clicked on

2022-01-11 22:29:07 - [TEST_STEP][PASSED] - setText(findTestObject("Object Repository/Page_BCS Moodle Log in to the site/input_Username_username"), "hoangvu"): Text 'hoangvu' is set on object 'Object Repository/Page_BCS Moodle Log in to the site/input_Username_username'

2022-01-11 22:29:08 - [MESSAGE][PASSED] - Text 'hoangvu' is set on object 'Object Repository/Page_BCS Moodle Log in to the site/input_Username_username'

2022-01-11 22:29:08 - [TEST_STEP][PASSED] - setEncryptedText(findTestObject("Object Repository/Page_BCS Moodle Log in to the site/input_Password_password"), "p4y+y39Ir5PR9RXlOHjWlj+CAJiYdX4g"): Text ****** has been set on object 'Object Repository/Page_BCS Moodle Log in to the site/input_Password_password'

2022-01-11 22:29:08 - [MESSAGE][PASSED] - Text ****** has been set on object 'Object Repository/Page_BCS Moodle Log in to the site/input_Password_password'

2022-01-11 22:29:08 - [TEST_STEP][PASSED] - click(findTestObject("Object Repository/Page_BCS Moodle Log in to the site/button_Log in")): Object: 'Object Repository/Page_BCS Moodle Log in to the site/button_Log in' is clicked on

2022-01-11 22:29:10 - [MESSAGE][PASSED] - Object: 'Object Repository/Page_BCS Moodle Log in to the site/button_Log in' is clicked on

2022-01-11 22:29:10 - [TEST_STEP][PASSED] - click(findTestObject("Object Repository/Page_Dashboard/span_Calendar")): Object: 'Object Repository/Page_Dashboard/span_Calendar' is clicked on

2022-01-11 22:29:12 - [MESSAGE][PASSED] - Object: 'Object Repository/Page_Dashboard/span_Calendar' is clicked on

2022-01-11 22:29:12 - [TEST_STEP][PASSED] - click(findTestObject("Object Repository/Page_Moodle Calendar Detailed month view Ja_713ca6/a_4 (1)")): Object: 'Object Repository/Page_Moodle Calendar Detailed month view Ja_713ca6/a_4 (1)' is clicked on

2022-01-11 22:29:14 - [MESSAGE][PASSED] - Object: 'Object Repository/Page_Moodle Calendar Detailed month view Ja_713ca6/a_4 (1)' is clicked on

2022-01-11 22:29:14 - [TEST_STEP][PASSED] - click(findTestObject("Object Repository/Page_Moodle Calendar Detailed month view Ja_713ca6/a_Add submission (2)")): Object: 'Object Repository/Page_Moodle Calendar Detailed month view Ja_713ca6/a_Add submission (2)' is clicked on

2022-01-11 22:29:15 - [MESSAGE][PASSED] - Object: 'Object Repository/Page_Moodle Calendar Detailed month view Ja_713ca6/a_Add submission (2)' is clicked on

2022-01-11 22:29:15 - [TEST_STEP][PASSED] - rightClick(findTestObject("Object Repository/Page_OOP Bi tp 2 - Edit submission/h2_Bi tp 2 (2)")): Object: 'Object Repository/Page_OOP Bi tp 2 - Edit submission/h2_Bi tp 2 (2)' is right clicked on

2022-01-11 22:29:16 - [MESSAGE][PASSED] - Object: 'Object Repository/Page_OOP Bi tp 2 - Edit submission/h2_Bi tp 2 (2)' is right clicked on

2022-01-11 22:29:16 - [TEST_STEP][PASSED] - click(findTestObject("Object Repository/Page_OOP Bi tp 2 - Edit submission/h2_Bi tp 2 (2)")): Object: 'Object Repository/Page_OOP Bi tp 2 - Edit submission/h2_Bi tp 2 (2)' is clicked on

2022-01-11 22:29:17 - [MESSAGE][PASSED] - Object: 'Object Repository/Page_OOP Bi tp 2 - Edit submission/h2_Bi tp 2 (2)' is clicked on

2022-01-11 22:29:17 - [TEST_STEP][PASSED] - verifyElementText(findTestObject("Page_OOP Bi tp 2 - Edit submission/h2_Bi tp 2 (2)"), "Bài tập 2"): Actual text and expected text of test object 'Object Repository/Page_OOP Bi tp 2 - Edit submission/h2_Bi tp 2 (2)' are matched.

2022-01-11 22:29:17 - [MESSAGE][PASSED] - Actual text and expected text of test object 'Object Repository/Page_OOP Bi tp 2 - Edit submission/h2_Bi tp 2 (2)' are matched.

2022-01-11 22:29:17 - [TEST_STEP][PASSED] - closeBrowser(): Browser is closed

2022-01-11 22:29:18 - [MESSAGE][PASSED] - Browser is closed]]></system-out>
         <system-err><![CDATA[]]></system-err>
      </testcase>
      <testcase name="Test Cases/Student/Student_Calendar/Student_Click to Event" time="13.11" classname="Test Cases/Student/Student_Calendar/Student_Click to Event" status="PASSED">
         <system-out><![CDATA[2022-01-11 22:29:18 - [TEST_CASE][PASSED] - Test Cases/Student/Student_Calendar/Student_Click to Event: Test Cases/Student/Student_Calendar/Student_Click to Event

2022-01-11 22:29:18 - [TEST_STEP][PASSED] - openBrowser(""): Browser is opened with url: ''

2022-01-11 22:29:18 - [MESSAGE][INFO] - Starting 'Chrome' driver

2022-01-11 22:29:18 - [MESSAGE][INFO] - User set preference: ['args', '[window-size=1300,900]']

2022-01-11 22:29:18 - [MESSAGE][INFO] - Action delay is set to 0 milliseconds

2022-01-11 22:29:19 - [MESSAGE][PASSED] - Browser is opened with url: ''

2022-01-11 22:29:19 - [TEST_STEP][PASSED] - navigateToUrl("http://localhost:8080/moodle/"): Navigate to 'http://localhost:8080/moodle/' successfully

2022-01-11 22:29:20 - [MESSAGE][PASSED] - Navigate to 'http://localhost:8080/moodle/' successfully

2022-01-11 22:29:20 - [TEST_STEP][PASSED] - click(findTestObject("Object Repository/Page_BCS Moodle/a_Log in")): Object: 'Object Repository/Page_BCS Moodle/a_Log in' is clicked on

2022-01-11 22:29:21 - [MESSAGE][PASSED] - Object: 'Object Repository/Page_BCS Moodle/a_Log in' is clicked on

2022-01-11 22:29:21 - [TEST_STEP][PASSED] - setText(findTestObject("Object Repository/Page_BCS Moodle Log in to the site/input_Username_username"), "hoangvu"): Text 'hoangvu' is set on object 'Object Repository/Page_BCS Moodle Log in to the site/input_Username_username'

2022-01-11 22:29:22 - [MESSAGE][PASSED] - Text 'hoangvu' is set on object 'Object Repository/Page_BCS Moodle Log in to the site/input_Username_username'

2022-01-11 22:29:22 - [TEST_STEP][PASSED] - setEncryptedText(findTestObject("Object Repository/Page_BCS Moodle Log in to the site/input_Password_password"), "p4y+y39Ir5PR9RXlOHjWlj+CAJiYdX4g"): Text ****** has been set on object 'Object Repository/Page_BCS Moodle Log in to the site/input_Password_password'

2022-01-11 22:29:22 - [MESSAGE][PASSED] - Text ****** has been set on object 'Object Repository/Page_BCS Moodle Log in to the site/input_Password_password'

2022-01-11 22:29:22 - [TEST_STEP][PASSED] - click(findTestObject("Object Repository/Page_BCS Moodle Log in to the site/button_Log in")): Object: 'Object Repository/Page_BCS Moodle Log in to the site/button_Log in' is clicked on

2022-01-11 22:29:23 - [MESSAGE][PASSED] - Object: 'Object Repository/Page_BCS Moodle Log in to the site/button_Log in' is clicked on

2022-01-11 22:29:23 - [TEST_STEP][PASSED] - click(findTestObject("Object Repository/Page_Dashboard/span_Calendar")): Object: 'Object Repository/Page_Dashboard/span_Calendar' is clicked on

2022-01-11 22:29:26 - [MESSAGE][PASSED] - Object: 'Object Repository/Page_Dashboard/span_Calendar' is clicked on

2022-01-11 22:29:26 - [TEST_STEP][PASSED] - click(findTestObject("Object Repository/Page_Moodle Calendar Detailed month view Ja_713ca6/span_Bi tp 2 is due (1)")): Object: 'Object Repository/Page_Moodle Calendar Detailed month view Ja_713ca6/span_Bi tp 2 is due (1)' is clicked on

2022-01-11 22:29:28 - [MESSAGE][PASSED] - Object: 'Object Repository/Page_Moodle Calendar Detailed month view Ja_713ca6/span_Bi tp 2 is due (1)' is clicked on

2022-01-11 22:29:28 - [TEST_STEP][PASSED] - click(findTestObject("Object Repository/Page_Moodle Calendar Detailed month view Ja_713ca6/a_Add submission (1)")): Object: 'Object Repository/Page_Moodle Calendar Detailed month view Ja_713ca6/a_Add submission (1)' is clicked on

2022-01-11 22:29:30 - [MESSAGE][PASSED] - Object: 'Object Repository/Page_Moodle Calendar Detailed month view Ja_713ca6/a_Add submission (1)' is clicked on

2022-01-11 22:29:30 - [TEST_STEP][PASSED] - verifyElementText(findTestObject("Object Repository/Page_OOP Bi tp 2 - Edit submission/h2_Bi tp 2 (1)"), "Bài tập 2"): Actual text and expected text of test object 'Object Repository/Page_OOP Bi tp 2 - Edit submission/h2_Bi tp 2 (1)' are matched.

2022-01-11 22:29:30 - [MESSAGE][PASSED] - Actual text and expected text of test object 'Object Repository/Page_OOP Bi tp 2 - Edit submission/h2_Bi tp 2 (1)' are matched.

2022-01-11 22:29:30 - [TEST_STEP][PASSED] - closeBrowser(): Browser is closed

2022-01-11 22:29:31 - [MESSAGE][PASSED] - Browser is closed]]></system-out>
         <system-err><![CDATA[]]></system-err>
      </testcase>
      <testcase name="Test Cases/Student/Student_Calendar/Student_Export Calendar URL" time="15.773" classname="Test Cases/Student/Student_Calendar/Student_Export Calendar URL" status="PASSED">
         <system-out><![CDATA[2022-01-11 22:29:31 - [TEST_CASE][PASSED] - Test Cases/Student/Student_Calendar/Student_Export Calendar URL: Test Cases/Student/Student_Calendar/Student_Export Calendar URL

2022-01-11 22:29:31 - [TEST_STEP][PASSED] - openBrowser(""): Browser is opened with url: ''

2022-01-11 22:29:31 - [MESSAGE][INFO] - Starting 'Chrome' driver

2022-01-11 22:29:31 - [MESSAGE][INFO] - User set preference: ['args', '[window-size=1300,900]']

2022-01-11 22:29:31 - [MESSAGE][INFO] - Action delay is set to 0 milliseconds

2022-01-11 22:29:32 - [MESSAGE][PASSED] - Browser is opened with url: ''

2022-01-11 22:29:32 - [TEST_STEP][PASSED] - navigateToUrl("http://localhost:8080/moodle/"): Navigate to 'http://localhost:8080/moodle/' successfully

2022-01-11 22:29:33 - [MESSAGE][PASSED] - Navigate to 'http://localhost:8080/moodle/' successfully

2022-01-11 22:29:33 - [TEST_STEP][PASSED] - click(findTestObject("Object Repository/Page_BCS Moodle/a_Log in")): Object: 'Object Repository/Page_BCS Moodle/a_Log in' is clicked on

2022-01-11 22:29:34 - [MESSAGE][PASSED] - Object: 'Object Repository/Page_BCS Moodle/a_Log in' is clicked on

2022-01-11 22:29:34 - [TEST_STEP][PASSED] - setText(findTestObject("Object Repository/Page_BCS Moodle Log in to the site/input_Username_username"), "hoangvu"): Text 'hoangvu' is set on object 'Object Repository/Page_BCS Moodle Log in to the site/input_Username_username'

2022-01-11 22:29:35 - [MESSAGE][PASSED] - Text 'hoangvu' is set on object 'Object Repository/Page_BCS Moodle Log in to the site/input_Username_username'

2022-01-11 22:29:35 - [TEST_STEP][PASSED] - setEncryptedText(findTestObject("Object Repository/Page_BCS Moodle Log in to the site/input_Password_password"), "p4y+y39Ir5PR9RXlOHjWlj+CAJiYdX4g"): Text ****** has been set on object 'Object Repository/Page_BCS Moodle Log in to the site/input_Password_password'

2022-01-11 22:29:35 - [MESSAGE][PASSED] - Text ****** has been set on object 'Object Repository/Page_BCS Moodle Log in to the site/input_Password_password'

2022-01-11 22:29:35 - [TEST_STEP][PASSED] - click(findTestObject("Object Repository/Page_BCS Moodle Log in to the site/button_Log in")): Object: 'Object Repository/Page_BCS Moodle Log in to the site/button_Log in' is clicked on

2022-01-11 22:29:37 - [MESSAGE][PASSED] - Object: 'Object Repository/Page_BCS Moodle Log in to the site/button_Log in' is clicked on

2022-01-11 22:29:37 - [TEST_STEP][PASSED] - click(findTestObject("Object Repository/Page_Dashboard/a_Calendar")): Object: 'Object Repository/Page_Dashboard/a_Calendar' is clicked on

2022-01-11 22:29:39 - [MESSAGE][PASSED] - Object: 'Object Repository/Page_Dashboard/a_Calendar' is clicked on

2022-01-11 22:29:39 - [TEST_STEP][PASSED] - click(findTestObject("Object Repository/Page_Moodle Calendar Detailed month view Ja_713ca6/button_Export calendar")): Object: 'Object Repository/Page_Moodle Calendar Detailed month view Ja_713ca6/button_Export calendar' is clicked on

2022-01-11 22:29:41 - [MESSAGE][PASSED] - Object: 'Object Repository/Page_Moodle Calendar Detailed month view Ja_713ca6/button_Export calendar' is clicked on

2022-01-11 22:29:41 - [TEST_STEP][PASSED] - click(findTestObject("Object Repository/Page_Moodle Calendar Export/input_Events related to courses_eventsexportevents")): Object: 'Object Repository/Page_Moodle Calendar Export/input_Events related to courses_eventsexportevents' is clicked on

2022-01-11 22:29:43 - [MESSAGE][PASSED] - Object: 'Object Repository/Page_Moodle Calendar Export/input_Events related to courses_eventsexportevents' is clicked on

2022-01-11 22:29:43 - [TEST_STEP][PASSED] - click(findTestObject("Object Repository/Page_Moodle Calendar Export/input_This month_periodtimeperiod")): Object: 'Object Repository/Page_Moodle Calendar Export/input_This month_periodtimeperiod' is clicked on

2022-01-11 22:29:43 - [MESSAGE][PASSED] - Object: 'Object Repository/Page_Moodle Calendar Export/input_This month_periodtimeperiod' is clicked on

2022-01-11 22:29:43 - [TEST_STEP][PASSED] - click(findTestObject("Object Repository/Page_Moodle Calendar Export/input_Custom range (30122 - 80123)_generateurl")): Object: 'Object Repository/Page_Moodle Calendar Export/input_Custom range (30122 - 80123)_generateurl' is clicked on

2022-01-11 22:29:44 - [MESSAGE][PASSED] - Object: 'Object Repository/Page_Moodle Calendar Export/input_Custom range (30122 - 80123)_generateurl' is clicked on

2022-01-11 22:29:44 - [TEST_STEP][PASSED] - click(findTestObject("Object Repository/Page_Moodle Calendar Export/div_Calendar URL httplocalhost8080moodlecal_fcc980")): Object: 'Object Repository/Page_Moodle Calendar Export/div_Calendar URL httplocalhost8080moodlecal_fcc980' is clicked on

2022-01-11 22:29:46 - [MESSAGE][PASSED] - Object: 'Object Repository/Page_Moodle Calendar Export/div_Calendar URL httplocalhost8080moodlecal_fcc980' is clicked on

2022-01-11 22:29:46 - [TEST_STEP][PASSED] - verifyElementPresent(findTestObject("Page_Moodle Calendar Export/div_Calendar URL httplocalhost8080moodlecal_fcc980"), 0): Object 'Object Repository/Page_Moodle Calendar Export/div_Calendar URL httplocalhost8080moodlecal_fcc980' is present

2022-01-11 22:29:46 - [MESSAGE][WARNING] - Timeout '0' is invalid. Using default page load timeout: '30'

2022-01-11 22:29:46 - [MESSAGE][PASSED] - Object 'Object Repository/Page_Moodle Calendar Export/div_Calendar URL httplocalhost8080moodlecal_fcc980' is present

2022-01-11 22:29:46 - [TEST_STEP][PASSED] - closeBrowser(): Browser is closed

2022-01-11 22:29:47 - [MESSAGE][PASSED] - Browser is closed]]></system-out>
         <system-err><![CDATA[]]></system-err>
      </testcase>
      <testcase name="Test Cases/Student/Student_Choice/Student_Multitple Choice" time="13.405" classname="Test Cases/Student/Student_Choice/Student_Multitple Choice" status="PASSED">
         <system-out><![CDATA[2022-01-11 22:29:47 - [TEST_CASE][PASSED] - Test Cases/Student/Student_Choice/Student_Multitple Choice: Test Cases/Student/Student_Choice/Student_Multitple Choice

2022-01-11 22:29:47 - [TEST_STEP][PASSED] - openBrowser(""): Browser is opened with url: ''

2022-01-11 22:29:47 - [MESSAGE][INFO] - Starting 'Chrome' driver

2022-01-11 22:29:47 - [MESSAGE][INFO] - User set preference: ['args', '[window-size=1300,900]']

2022-01-11 22:29:47 - [MESSAGE][INFO] - Action delay is set to 0 milliseconds

2022-01-11 22:29:48 - [MESSAGE][PASSED] - Browser is opened with url: ''

2022-01-11 22:29:48 - [TEST_STEP][PASSED] - navigateToUrl("http://localhost:8080/moodle/"): Navigate to 'http://localhost:8080/moodle/' successfully

2022-01-11 22:29:49 - [MESSAGE][PASSED] - Navigate to 'http://localhost:8080/moodle/' successfully

2022-01-11 22:29:49 - [TEST_STEP][PASSED] - click(findTestObject("Object Repository/Page_BCS Moodle/a_Log in")): Object: 'Object Repository/Page_BCS Moodle/a_Log in' is clicked on

2022-01-11 22:29:50 - [MESSAGE][PASSED] - Object: 'Object Repository/Page_BCS Moodle/a_Log in' is clicked on

2022-01-11 22:29:50 - [TEST_STEP][PASSED] - setText(findTestObject("Object Repository/Page_BCS Moodle Log in to the site/input_Username_username"), "hoangvu"): Text 'hoangvu' is set on object 'Object Repository/Page_BCS Moodle Log in to the site/input_Username_username'

2022-01-11 22:29:51 - [MESSAGE][PASSED] - Text 'hoangvu' is set on object 'Object Repository/Page_BCS Moodle Log in to the site/input_Username_username'

2022-01-11 22:29:51 - [TEST_STEP][PASSED] - setEncryptedText(findTestObject("Object Repository/Page_BCS Moodle Log in to the site/input_Password_password"), "p4y+y39Ir5PR9RXlOHjWlj+CAJiYdX4g"): Text ****** has been set on object 'Object Repository/Page_BCS Moodle Log in to the site/input_Password_password'

2022-01-11 22:29:51 - [MESSAGE][PASSED] - Text ****** has been set on object 'Object Repository/Page_BCS Moodle Log in to the site/input_Password_password'

2022-01-11 22:29:51 - [TEST_STEP][PASSED] - click(findTestObject("Object Repository/Page_BCS Moodle Log in to the site/button_Log in")): Object: 'Object Repository/Page_BCS Moodle Log in to the site/button_Log in' is clicked on

2022-01-11 22:29:52 - [MESSAGE][PASSED] - Object: 'Object Repository/Page_BCS Moodle Log in to the site/button_Log in' is clicked on

2022-01-11 22:29:52 - [TEST_STEP][PASSED] - click(findTestObject("Object Repository/Page_Dashboard/span_OOP")): Object: 'Object Repository/Page_Dashboard/span_OOP' is clicked on

2022-01-11 22:29:55 - [MESSAGE][PASSED] - Object: 'Object Repository/Page_Dashboard/span_OOP' is clicked on

2022-01-11 22:29:55 - [TEST_STEP][PASSED] - click(findTestObject("Object Repository/Page_Course Lp trnh hng i tng 19CTT3/span_Chn ngy thi Choice")): Object: 'Object Repository/Page_Course Lp trnh hng i tng 19CTT3/span_Chn ngy thi Choice' is clicked on

2022-01-11 22:29:56 - [MESSAGE][PASSED] - Object: 'Object Repository/Page_Course Lp trnh hng i tng 19CTT3/span_Chn ngy thi Choice' is clicked on

2022-01-11 22:29:56 - [TEST_STEP][PASSED] - click(findTestObject("Object Repository/Page_Chn ngy thi/input__answer")): Object: 'Object Repository/Page_Chn ngy thi/input__answer' is clicked on

2022-01-11 22:29:57 - [MESSAGE][PASSED] - Object: 'Object Repository/Page_Chn ngy thi/input__answer' is clicked on

2022-01-11 22:29:57 - [TEST_STEP][PASSED] - click(findTestObject("Object Repository/Page_Chn ngy thi/input__answer_1")): Object: 'Object Repository/Page_Chn ngy thi/input__answer_1' is clicked on

2022-01-11 22:29:58 - [MESSAGE][PASSED] - Object: 'Object Repository/Page_Chn ngy thi/input__answer_1' is clicked on

2022-01-11 22:29:58 - [TEST_STEP][PASSED] - click(findTestObject("Object Repository/Page_Chn ngy thi/input__btn btn-primary")): Object: 'Object Repository/Page_Chn ngy thi/input__btn btn-primary' is clicked on

2022-01-11 22:29:59 - [MESSAGE][PASSED] - Object: 'Object Repository/Page_Chn ngy thi/input__btn btn-primary' is clicked on

2022-01-11 22:29:59 - [TEST_STEP][PASSED] - verifyElementText(findTestObject("Object Repository/Page_Chn ngy thi/div_Your selection 211 241"), "Your selection: 21/1; 24/1"): Actual text and expected text of test object 'Object Repository/Page_Chn ngy thi/div_Your selection 211 241' are matched.

2022-01-11 22:30:00 - [MESSAGE][PASSED] - Actual text and expected text of test object 'Object Repository/Page_Chn ngy thi/div_Your selection 211 241' are matched.

2022-01-11 22:30:00 - [TEST_STEP][PASSED] - closeBrowser(): Browser is closed

2022-01-11 22:30:00 - [MESSAGE][PASSED] - Browser is closed]]></system-out>
         <system-err><![CDATA[]]></system-err>
      </testcase>
      <testcase name="Test Cases/Student/Student_Choice/Student_Single Choice" time="13.377" classname="Test Cases/Student/Student_Choice/Student_Single Choice" status="PASSED">
         <system-out><![CDATA[2022-01-11 22:30:00 - [TEST_CASE][PASSED] - Test Cases/Student/Student_Choice/Student_Single Choice: Test Cases/Student/Student_Choice/Student_Single Choice

2022-01-11 22:30:00 - [TEST_STEP][PASSED] - openBrowser(""): Browser is opened with url: ''

2022-01-11 22:30:00 - [MESSAGE][INFO] - Starting 'Chrome' driver

2022-01-11 22:30:00 - [MESSAGE][INFO] - User set preference: ['args', '[window-size=1300,900]']

2022-01-11 22:30:00 - [MESSAGE][INFO] - Action delay is set to 0 milliseconds

2022-01-11 22:30:02 - [MESSAGE][PASSED] - Browser is opened with url: ''

2022-01-11 22:30:02 - [TEST_STEP][PASSED] - navigateToUrl("http://localhost:8080/moodle/"): Navigate to 'http://localhost:8080/moodle/' successfully

2022-01-11 22:30:02 - [MESSAGE][PASSED] - Navigate to 'http://localhost:8080/moodle/' successfully

2022-01-11 22:30:02 - [TEST_STEP][PASSED] - click(findTestObject("Object Repository/Page_BCS Moodle/a_Log in")): Object: 'Object Repository/Page_BCS Moodle/a_Log in' is clicked on

2022-01-11 22:30:03 - [MESSAGE][PASSED] - Object: 'Object Repository/Page_BCS Moodle/a_Log in' is clicked on

2022-01-11 22:30:03 - [TEST_STEP][PASSED] - click(findTestObject("Object Repository/Page_BCS Moodle Log in to the site/form_document.getElementById(anchor).value _70e5d4")): Object: 'Object Repository/Page_BCS Moodle Log in to the site/form_document.getElementById(anchor).value _70e5d4' is clicked on

2022-01-11 22:30:04 - [MESSAGE][PASSED] - Object: 'Object Repository/Page_BCS Moodle Log in to the site/form_document.getElementById(anchor).value _70e5d4' is clicked on

2022-01-11 22:30:04 - [TEST_STEP][PASSED] - setText(findTestObject("Object Repository/Page_BCS Moodle Log in to the site/input_Username_username"), "hoangvu"): Text 'hoangvu' is set on object 'Object Repository/Page_BCS Moodle Log in to the site/input_Username_username'

2022-01-11 22:30:05 - [MESSAGE][PASSED] - Text 'hoangvu' is set on object 'Object Repository/Page_BCS Moodle Log in to the site/input_Username_username'

2022-01-11 22:30:05 - [TEST_STEP][PASSED] - setEncryptedText(findTestObject("Object Repository/Page_BCS Moodle Log in to the site/input_Password_password"), "p4y+y39Ir5PR9RXlOHjWlj+CAJiYdX4g"): Text ****** has been set on object 'Object Repository/Page_BCS Moodle Log in to the site/input_Password_password'

2022-01-11 22:30:05 - [MESSAGE][PASSED] - Text ****** has been set on object 'Object Repository/Page_BCS Moodle Log in to the site/input_Password_password'

2022-01-11 22:30:05 - [TEST_STEP][PASSED] - click(findTestObject("Object Repository/Page_BCS Moodle Log in to the site/button_Log in")): Object: 'Object Repository/Page_BCS Moodle Log in to the site/button_Log in' is clicked on

2022-01-11 22:30:07 - [MESSAGE][PASSED] - Object: 'Object Repository/Page_BCS Moodle Log in to the site/button_Log in' is clicked on

2022-01-11 22:30:07 - [TEST_STEP][PASSED] - click(findTestObject("Object Repository/Page_Dashboard/span_OOP")): Object: 'Object Repository/Page_Dashboard/span_OOP' is clicked on

2022-01-11 22:30:09 - [MESSAGE][PASSED] - Object: 'Object Repository/Page_Dashboard/span_OOP' is clicked on

2022-01-11 22:30:09 - [TEST_STEP][PASSED] - click(findTestObject("Object Repository/Page_Course Lp trnh hng i tng 19CTT3/span_Chn 1 bui hc b Choice")): Object: 'Object Repository/Page_Course Lp trnh hng i tng 19CTT3/span_Chn 1 bui hc b Choice' is clicked on

2022-01-11 22:30:10 - [MESSAGE][PASSED] - Object: 'Object Repository/Page_Course Lp trnh hng i tng 19CTT3/span_Chn 1 bui hc b Choice' is clicked on

2022-01-11 22:30:10 - [TEST_STEP][PASSED] - click(findTestObject("Object Repository/Page_Chn 1 bui hc b/input__answer (1)")): Object: 'Object Repository/Page_Chn 1 bui hc b/input__answer (1)' is clicked on

2022-01-11 22:30:11 - [MESSAGE][PASSED] - Object: 'Object Repository/Page_Chn 1 bui hc b/input__answer (1)' is clicked on

2022-01-11 22:30:11 - [TEST_STEP][PASSED] - click(findTestObject("Object Repository/Page_Chn 1 bui hc b/input__btn btn-primary (1)")): Object: 'Object Repository/Page_Chn 1 bui hc b/input__btn btn-primary (1)' is clicked on

2022-01-11 22:30:12 - [MESSAGE][PASSED] - Object: 'Object Repository/Page_Chn 1 bui hc b/input__btn btn-primary (1)' is clicked on

2022-01-11 22:30:12 - [TEST_STEP][PASSED] - verifyElementText(findTestObject("Object Repository/Page_Chn 1 bui hc b/div_Your selection 141"), "Your selection: 14/1"): Actual text and expected text of test object 'Object Repository/Page_Chn 1 bui hc b/div_Your selection 141' are matched.

2022-01-11 22:30:13 - [MESSAGE][PASSED] - Actual text and expected text of test object 'Object Repository/Page_Chn 1 bui hc b/div_Your selection 141' are matched.

2022-01-11 22:30:13 - [TEST_STEP][PASSED] - closeBrowser(): Browser is closed

2022-01-11 22:30:14 - [MESSAGE][PASSED] - Browser is closed]]></system-out>
         <system-err><![CDATA[]]></system-err>
      </testcase>
      <testcase name="Test Cases/Student/Student_Click Url/Student_ Click link url raw" time="15.857" classname="Test Cases/Student/Student_Click Url/Student_ Click link url raw" status="PASSED">
         <system-out><![CDATA[2022-01-11 22:30:14 - [TEST_CASE][PASSED] - Test Cases/Student/Student_Click Url/Student_ Click link url raw: Test Cases/Student/Student_Click Url/Student_ Click link url raw

2022-01-11 22:30:14 - [TEST_STEP][PASSED] - openBrowser(""): Browser is opened with url: ''

2022-01-11 22:30:14 - [MESSAGE][INFO] - Starting 'Chrome' driver

2022-01-11 22:30:14 - [MESSAGE][INFO] - User set preference: ['args', '[window-size=1300,900]']

2022-01-11 22:30:14 - [MESSAGE][INFO] - Action delay is set to 0 milliseconds

2022-01-11 22:30:15 - [MESSAGE][PASSED] - Browser is opened with url: ''

2022-01-11 22:30:15 - [TEST_STEP][PASSED] - navigateToUrl("http://localhost:8080/moodle/"): Navigate to 'http://localhost:8080/moodle/' successfully

2022-01-11 22:30:16 - [MESSAGE][PASSED] - Navigate to 'http://localhost:8080/moodle/' successfully

2022-01-11 22:30:16 - [TEST_STEP][PASSED] - click(findTestObject("Object Repository/Page_BCS Moodle/a_Log in")): Object: 'Object Repository/Page_BCS Moodle/a_Log in' is clicked on

2022-01-11 22:30:17 - [MESSAGE][PASSED] - Object: 'Object Repository/Page_BCS Moodle/a_Log in' is clicked on

2022-01-11 22:30:17 - [TEST_STEP][PASSED] - click(findTestObject("Object Repository/Page_BCS Moodle Log in to the site/form_document.getElementById(anchor).value _70e5d4")): Object: 'Object Repository/Page_BCS Moodle Log in to the site/form_document.getElementById(anchor).value _70e5d4' is clicked on

2022-01-11 22:30:17 - [MESSAGE][PASSED] - Object: 'Object Repository/Page_BCS Moodle Log in to the site/form_document.getElementById(anchor).value _70e5d4' is clicked on

2022-01-11 22:30:17 - [TEST_STEP][PASSED] - setText(findTestObject("Object Repository/Page_BCS Moodle Log in to the site/input_Username_username"), "hoangvu"): Text 'hoangvu' is set on object 'Object Repository/Page_BCS Moodle Log in to the site/input_Username_username'

2022-01-11 22:30:18 - [MESSAGE][PASSED] - Text 'hoangvu' is set on object 'Object Repository/Page_BCS Moodle Log in to the site/input_Username_username'

2022-01-11 22:30:18 - [TEST_STEP][PASSED] - setEncryptedText(findTestObject("Object Repository/Page_BCS Moodle Log in to the site/input_Password_password"), "p4y+y39Ir5PR9RXlOHjWlj+CAJiYdX4g"): Text ****** has been set on object 'Object Repository/Page_BCS Moodle Log in to the site/input_Password_password'

2022-01-11 22:30:18 - [MESSAGE][PASSED] - Text ****** has been set on object 'Object Repository/Page_BCS Moodle Log in to the site/input_Password_password'

2022-01-11 22:30:18 - [TEST_STEP][PASSED] - click(findTestObject("Object Repository/Page_BCS Moodle Log in to the site/button_Log in")): Object: 'Object Repository/Page_BCS Moodle Log in to the site/button_Log in' is clicked on

2022-01-11 22:30:20 - [MESSAGE][PASSED] - Object: 'Object Repository/Page_BCS Moodle Log in to the site/button_Log in' is clicked on

2022-01-11 22:30:20 - [TEST_STEP][PASSED] - click(findTestObject("Object Repository/Page_Dashboard/span_OOP")): Object: 'Object Repository/Page_Dashboard/span_OOP' is clicked on

2022-01-11 22:30:22 - [MESSAGE][PASSED] - Object: 'Object Repository/Page_Dashboard/span_OOP' is clicked on

2022-01-11 22:30:22 - [TEST_STEP][PASSED] - click(findTestObject("Object Repository/Page_Course Lp trnh hng i tng 19CTT3/span_Link Zoom mn hc URL")): Object: 'Object Repository/Page_Course Lp trnh hng i tng 19CTT3/span_Link Zoom mn hc URL' is clicked on

2022-01-11 22:30:24 - [MESSAGE][PASSED] - Object: 'Object Repository/Page_Course Lp trnh hng i tng 19CTT3/span_Link Zoom mn hc URL' is clicked on

2022-01-11 22:30:24 - [TEST_STEP][PASSED] - navigateToUrl("http://localhost:8080/moodle/mod/url/view.php?id=14"): Navigate to 'http://localhost:8080/moodle/mod/url/view.php?id=14' successfully

2022-01-11 22:30:24 - [MESSAGE][PASSED] - Navigate to 'http://localhost:8080/moodle/mod/url/view.php?id=14' successfully

2022-01-11 22:30:24 - [TEST_STEP][PASSED] - click(findTestObject("Object Repository/Page_OOP Link Zoom mn hc/a_httpsfithcmus.zoom.usj97609347249pwdb3NsN_96082d")): Object: 'Object Repository/Page_OOP Link Zoom mn hc/a_httpsfithcmus.zoom.usj97609347249pwdb3NsN_96082d' is clicked on

2022-01-11 22:30:29 - [MESSAGE][PASSED] - Object: 'Object Repository/Page_OOP Link Zoom mn hc/a_httpsfithcmus.zoom.usj97609347249pwdb3NsN_96082d' is clicked on

2022-01-11 22:30:29 - [TEST_STEP][PASSED] - closeBrowser(): Browser is closed

2022-01-11 22:30:29 - [MESSAGE][PASSED] - Browser is closed]]></system-out>
         <system-err><![CDATA[]]></system-err>
      </testcase>
      <testcase name="Test Cases/Student/Student_Event/Student_Create Event Success" time="14.129" classname="Test Cases/Student/Student_Event/Student_Create Event Success" status="PASSED">
         <system-out><![CDATA[2022-01-11 22:30:29 - [TEST_CASE][PASSED] - Test Cases/Student/Student_Event/Student_Create Event Success: Test Cases/Student/Student_Event/Student_Create Event Success

2022-01-11 22:30:30 - [TEST_STEP][PASSED] - openBrowser(""): Browser is opened with url: ''

2022-01-11 22:30:30 - [MESSAGE][INFO] - Starting 'Chrome' driver

2022-01-11 22:30:30 - [MESSAGE][INFO] - User set preference: ['args', '[window-size=1300,900]']

2022-01-11 22:30:30 - [MESSAGE][INFO] - Action delay is set to 0 milliseconds

2022-01-11 22:30:31 - [MESSAGE][PASSED] - Browser is opened with url: ''

2022-01-11 22:30:31 - [TEST_STEP][PASSED] - navigateToUrl("http://localhost:8080/moodle/"): Navigate to 'http://localhost:8080/moodle/' successfully

2022-01-11 22:30:31 - [MESSAGE][PASSED] - Navigate to 'http://localhost:8080/moodle/' successfully

2022-01-11 22:30:31 - [TEST_STEP][PASSED] - click(findTestObject("Object Repository/Page_BCS Moodle/a_Log in")): Object: 'Object Repository/Page_BCS Moodle/a_Log in' is clicked on

2022-01-11 22:30:32 - [MESSAGE][PASSED] - Object: 'Object Repository/Page_BCS Moodle/a_Log in' is clicked on

2022-01-11 22:30:32 - [TEST_STEP][PASSED] - setText(findTestObject("Object Repository/Page_BCS Moodle Log in to the site/input_Username_username"), "hoangvu"): Text 'hoangvu' is set on object 'Object Repository/Page_BCS Moodle Log in to the site/input_Username_username'

2022-01-11 22:30:33 - [MESSAGE][PASSED] - Text 'hoangvu' is set on object 'Object Repository/Page_BCS Moodle Log in to the site/input_Username_username'

2022-01-11 22:30:33 - [TEST_STEP][PASSED] - setEncryptedText(findTestObject("Object Repository/Page_BCS Moodle Log in to the site/input_Password_password"), "p4y+y39Ir5PR9RXlOHjWlj+CAJiYdX4g"): Text ****** has been set on object 'Object Repository/Page_BCS Moodle Log in to the site/input_Password_password'

2022-01-11 22:30:34 - [MESSAGE][PASSED] - Text ****** has been set on object 'Object Repository/Page_BCS Moodle Log in to the site/input_Password_password'

2022-01-11 22:30:34 - [TEST_STEP][PASSED] - click(findTestObject("Object Repository/Page_BCS Moodle Log in to the site/button_Log in")): Object: 'Object Repository/Page_BCS Moodle Log in to the site/button_Log in' is clicked on

2022-01-11 22:30:35 - [MESSAGE][PASSED] - Object: 'Object Repository/Page_BCS Moodle Log in to the site/button_Log in' is clicked on

2022-01-11 22:30:35 - [TEST_STEP][PASSED] - click(findTestObject("Object Repository/Page_Dashboard/span_Calendar")): Object: 'Object Repository/Page_Dashboard/span_Calendar' is clicked on

2022-01-11 22:30:38 - [MESSAGE][PASSED] - Object: 'Object Repository/Page_Dashboard/span_Calendar' is clicked on

2022-01-11 22:30:38 - [TEST_STEP][PASSED] - click(findTestObject("Object Repository/Page_Moodle Calendar Detailed month view Ja_713ca6/button_New event")): Object: 'Object Repository/Page_Moodle Calendar Detailed month view Ja_713ca6/button_New event' is clicked on

2022-01-11 22:30:39 - [MESSAGE][PASSED] - Object: 'Object Repository/Page_Moodle Calendar Detailed month view Ja_713ca6/button_New event' is clicked on

2022-01-11 22:30:39 - [TEST_STEP][PASSED] - setText(findTestObject("Object Repository/Page_Moodle Calendar Detailed month view Ja_713ca6/input_Event title_name"), "Homework 1"): Text 'Homework 1' is set on object 'Object Repository/Page_Moodle Calendar Detailed month view Ja_713ca6/input_Event title_name'

2022-01-11 22:30:41 - [MESSAGE][PASSED] - Text 'Homework 1' is set on object 'Object Repository/Page_Moodle Calendar Detailed month view Ja_713ca6/input_Event title_name'

2022-01-11 22:30:41 - [TEST_STEP][PASSED] - selectOptionByValue(findTestObject("Object Repository/Page_Moodle Calendar Detailed month view Ja_713ca6/select_1        2        3        4        _45ea30"), "9", true): All options with value '9' are selected in object 'Object Repository/Page_Moodle Calendar Detailed month view Ja_713ca6/select_1        2        3        4        _45ea30'  using regular expression

2022-01-11 22:30:43 - [MESSAGE][PASSED] - All options with value '9' are selected in object 'Object Repository/Page_Moodle Calendar Detailed month view Ja_713ca6/select_1        2        3        4        _45ea30'  using regular expression

2022-01-11 22:30:43 - [TEST_STEP][PASSED] - click(findTestObject("Object Repository/Page_Moodle Calendar Detailed month view Ja_713ca6/button_Save")): Object: 'Object Repository/Page_Moodle Calendar Detailed month view Ja_713ca6/button_Save' is clicked on

2022-01-11 22:30:43 - [MESSAGE][PASSED] - Object: 'Object Repository/Page_Moodle Calendar Detailed month view Ja_713ca6/button_Save' is clicked on

2022-01-11 22:30:43 - [TEST_STEP][PASSED] - closeBrowser(): Browser is closed

2022-01-11 22:30:44 - [MESSAGE][PASSED] - Browser is closed]]></system-out>
         <system-err><![CDATA[]]></system-err>
      </testcase>
      <testcase name="Test Cases/Student/Student_Event/Student_Create Event without name" time="14.52" classname="Test Cases/Student/Student_Event/Student_Create Event without name" status="PASSED">
         <system-out><![CDATA[2022-01-11 22:30:44 - [TEST_CASE][PASSED] - Test Cases/Student/Student_Event/Student_Create Event without name: Test Cases/Student/Student_Event/Student_Create Event without name

2022-01-11 22:30:44 - [TEST_STEP][PASSED] - openBrowser(""): Browser is opened with url: ''

2022-01-11 22:30:44 - [MESSAGE][INFO] - Starting 'Chrome' driver

2022-01-11 22:30:44 - [MESSAGE][INFO] - User set preference: ['args', '[window-size=1300,900]']

2022-01-11 22:30:44 - [MESSAGE][INFO] - Action delay is set to 0 milliseconds

2022-01-11 22:30:45 - [MESSAGE][PASSED] - Browser is opened with url: ''

2022-01-11 22:30:45 - [TEST_STEP][PASSED] - navigateToUrl("http://localhost:8080/moodle/"): Navigate to 'http://localhost:8080/moodle/' successfully

2022-01-11 22:30:46 - [MESSAGE][PASSED] - Navigate to 'http://localhost:8080/moodle/' successfully

2022-01-11 22:30:46 - [TEST_STEP][PASSED] - click(findTestObject("Object Repository/Page_BCS Moodle/a_Log in")): Object: 'Object Repository/Page_BCS Moodle/a_Log in' is clicked on

2022-01-11 22:30:47 - [MESSAGE][PASSED] - Object: 'Object Repository/Page_BCS Moodle/a_Log in' is clicked on

2022-01-11 22:30:47 - [TEST_STEP][PASSED] - click(findTestObject("Object Repository/Page_BCS Moodle Log in to the site/input_Username_username")): Object: 'Object Repository/Page_BCS Moodle Log in to the site/input_Username_username' is clicked on

2022-01-11 22:30:47 - [MESSAGE][PASSED] - Object: 'Object Repository/Page_BCS Moodle Log in to the site/input_Username_username' is clicked on

2022-01-11 22:30:47 - [TEST_STEP][PASSED] - doubleClick(findTestObject("Object Repository/Page_BCS Moodle Log in to the site/input_Username_username")): Object: 'Object Repository/Page_BCS Moodle Log in to the site/input_Username_username' is double clicked on

2022-01-11 22:30:48 - [MESSAGE][PASSED] - Object: 'Object Repository/Page_BCS Moodle Log in to the site/input_Username_username' is double clicked on

2022-01-11 22:30:48 - [TEST_STEP][PASSED] - setText(findTestObject("Object Repository/Page_BCS Moodle Log in to the site/input_Username_username"), "hoangvu"): Text 'hoangvu' is set on object 'Object Repository/Page_BCS Moodle Log in to the site/input_Username_username'

2022-01-11 22:30:48 - [MESSAGE][PASSED] - Text 'hoangvu' is set on object 'Object Repository/Page_BCS Moodle Log in to the site/input_Username_username'

2022-01-11 22:30:48 - [TEST_STEP][PASSED] - setEncryptedText(findTestObject("Object Repository/Page_BCS Moodle Log in to the site/input_Password_password"), "p4y+y39Ir5PR9RXlOHjWlj+CAJiYdX4g"): Text ****** has been set on object 'Object Repository/Page_BCS Moodle Log in to the site/input_Password_password'

2022-01-11 22:30:49 - [MESSAGE][PASSED] - Text ****** has been set on object 'Object Repository/Page_BCS Moodle Log in to the site/input_Password_password'

2022-01-11 22:30:49 - [TEST_STEP][PASSED] - click(findTestObject("Object Repository/Page_BCS Moodle Log in to the site/button_Log in")): Object: 'Object Repository/Page_BCS Moodle Log in to the site/button_Log in' is clicked on

2022-01-11 22:30:50 - [MESSAGE][PASSED] - Object: 'Object Repository/Page_BCS Moodle Log in to the site/button_Log in' is clicked on

2022-01-11 22:30:50 - [TEST_STEP][PASSED] - click(findTestObject("Object Repository/Page_Dashboard/span_Calendar")): Object: 'Object Repository/Page_Dashboard/span_Calendar' is clicked on

2022-01-11 22:30:53 - [MESSAGE][PASSED] - Object: 'Object Repository/Page_Dashboard/span_Calendar' is clicked on

2022-01-11 22:30:53 - [TEST_STEP][PASSED] - click(findTestObject("Object Repository/Page_Moodle Calendar Detailed month view Ja_713ca6/button_New event")): Object: 'Object Repository/Page_Moodle Calendar Detailed month view Ja_713ca6/button_New event' is clicked on

2022-01-11 22:30:54 - [MESSAGE][PASSED] - Object: 'Object Repository/Page_Moodle Calendar Detailed month view Ja_713ca6/button_New event' is clicked on

2022-01-11 22:30:54 - [TEST_STEP][PASSED] - selectOptionByValue(findTestObject("Object Repository/Page_Moodle Calendar Detailed month view Ja_713ca6/select_January        February        March_78ea2e"), "5", true): All options with value '5' are selected in object 'Object Repository/Page_Moodle Calendar Detailed month view Ja_713ca6/select_January        February        March_78ea2e'  using regular expression

2022-01-11 22:30:57 - [MESSAGE][PASSED] - All options with value '5' are selected in object 'Object Repository/Page_Moodle Calendar Detailed month view Ja_713ca6/select_January        February        March_78ea2e'  using regular expression

2022-01-11 22:30:57 - [TEST_STEP][PASSED] - click(findTestObject("Object Repository/Page_Moodle Calendar Detailed month view Ja_713ca6/button_Save")): Object: 'Object Repository/Page_Moodle Calendar Detailed month view Ja_713ca6/button_Save' is clicked on

2022-01-11 22:30:57 - [MESSAGE][PASSED] - Object: 'Object Repository/Page_Moodle Calendar Detailed month view Ja_713ca6/button_Save' is clicked on

2022-01-11 22:30:57 - [TEST_STEP][PASSED] - verifyElementText(findTestObject("Object Repository/Page_Moodle Calendar Detailed month view Ja_713ca6/div_- Required"), "- Required"): Actual text and expected text of test object 'Object Repository/Page_Moodle Calendar Detailed month view Ja_713ca6/div_- Required' are matched.

2022-01-11 22:30:57 - [MESSAGE][PASSED] - Actual text and expected text of test object 'Object Repository/Page_Moodle Calendar Detailed month view Ja_713ca6/div_- Required' are matched.

2022-01-11 22:30:57 - [TEST_STEP][PASSED] - closeBrowser(): Browser is closed

2022-01-11 22:30:58 - [MESSAGE][PASSED] - Browser is closed]]></system-out>
         <system-err><![CDATA[]]></system-err>
      </testcase>
      <testcase name="Test Cases/Teacher/Teacher_Add Announcement/Teacher_Add Annoucement Basic Valid All Required Field" time="11.579" classname="Test Cases/Teacher/Teacher_Add Announcement/Teacher_Add Annoucement Basic Valid All Required Field" status="FAILED">
         <failure type="FAILED" message="Test Cases/Teacher/Teacher_Add Announcement/Teacher_Add Annoucement Basic Valid All Required Field FAILED.
Reason:
com.kms.katalon.core.exception.StepFailedException: Unable to set text 'Basic Topic' of object 'Object Repository/Page_Announcements/input_Subject_subject'
	at com.kms.katalon.core.webui.keyword.internal.WebUIKeywordMain.stepFailed(WebUIKeywordMain.groovy:64)
	at com.kms.katalon.core.webui.keyword.internal.WebUIKeywordMain.runKeyword(WebUIKeywordMain.groovy:26)
	at com.kms.katalon.core.webui.keyword.builtin.SetTextKeyword.setText(SetTextKeyword.groovy:66)
	at com.kms.katalon.core.webui.keyword.builtin.SetTextKeyword.execute(SetTextKeyword.groovy:37)
	at com.kms.katalon.core.keyword.internal.KeywordExecutor.executeKeywordForPlatform(KeywordExecutor.groovy:74)
	at com.kms.katalon.core.webui.keyword.WebUiBuiltInKeywords.setText(WebUiBuiltInKeywords.groovy:980)
	at com.kms.katalon.core.webui.keyword.WebUiBuiltInKeywords$setText$1.call(Unknown Source)
	at Teacher_Add Annoucement Basic Valid All Required Field.run(Teacher_Add Annoucement Basic Valid All Required Field:38)
	at com.kms.katalon.core.main.ScriptEngine.run(ScriptEngine.java:194)
	at com.kms.katalon.core.main.ScriptEngine.runScriptAsRawText(ScriptEngine.java:119)
	at com.kms.katalon.core.main.TestCaseExecutor.runScript(TestCaseExecutor.java:442)
	at com.kms.katalon.core.main.TestCaseExecutor.doExecute(TestCaseExecutor.java:433)
	at com.kms.katalon.core.main.TestCaseExecutor.processExecutionPhase(TestCaseExecutor.java:412)
	at com.kms.katalon.core.main.TestCaseExecutor.accessMainPhase(TestCaseExecutor.java:404)
	at com.kms.katalon.core.main.TestCaseExecutor.execute(TestCaseExecutor.java:281)
	at com.kms.katalon.core.main.TestSuiteExecutor.accessTestCaseMainPhase(TestSuiteExecutor.java:202)
	at com.kms.katalon.core.main.TestSuiteExecutor.accessTestSuiteMainPhase(TestSuiteExecutor.java:164)
	at com.kms.katalon.core.main.TestSuiteExecutor.execute(TestSuiteExecutor.java:105)
	at com.kms.katalon.core.main.TestCaseMain.startTestSuite(TestCaseMain.java:181)
	at com.kms.katalon.core.main.TestCaseMain$startTestSuite$0.call(Unknown Source)
	at TempTestSuite1641914798393.run(TempTestSuite1641914798393.groovy:36)
Caused by: org.openqa.selenium.ElementNotInteractableException: element not interactable
  (Session info: chrome=96.0.4664.110)
Build info: version: '3.141.59', revision: 'e82be7d358', time: '2018-11-14T08:25:53'
System info: host: 'MSI', ip: '192.168.213.1', os.name: 'Windows 10', os.arch: 'amd64', os.version: '10.0', java.version: '1.8.0_282'
Driver info: com.kms.katalon.selenium.driver.CChromeDriver
Capabilities {acceptInsecureCerts: false, browserName: chrome, browserVersion: 96.0.4664.110, chrome: {chromedriverVersion: 95.0.4638.17 (a9d0719444d4b..., userDataDir: C:\Users\MDH\AppData\Local\...}, goog:chromeOptions: {debuggerAddress: localhost:51305}, javascriptEnabled: true, networkConnectionEnabled: false, pageLoadStrategy: normal, platform: WINDOWS, platformName: WINDOWS, proxy: Proxy(), setWindowRect: true, strictFileInteractability: false, timeouts: {implicit: 0, pageLoad: 300000, script: 30000}, unhandledPromptBehavior: dismiss and notify, webauthn:extension:credBlob: true, webauthn:extension:largeBlob: true, webauthn:virtualAuthenticators: true}
Session ID: 5c756a1de1c7551212872955d937b26e
	at org.openqa.selenium.remote.http.W3CHttpResponseCodec.createException(W3CHttpResponseCodec.java:187)
	at org.openqa.selenium.remote.http.W3CHttpResponseCodec.decode(W3CHttpResponseCodec.java:122)
	at org.openqa.selenium.remote.http.W3CHttpResponseCodec.decode(W3CHttpResponseCodec.java:49)
	at org.openqa.selenium.remote.HttpCommandExecutor.execute(HttpCommandExecutor.java:158)
	at org.openqa.selenium.remote.service.DriverCommandExecutor.execute(DriverCommandExecutor.java:83)
	at org.openqa.selenium.remote.RemoteWebDriver.execute(RemoteWebDriver.java:552)
	at com.kms.katalon.selenium.driver.CChromeDriver.execute(CChromeDriver.java:19)
	at org.openqa.selenium.remote.RemoteWebElement.execute(RemoteWebElement.java:285)
	at org.openqa.selenium.remote.RemoteWebElement.clear(RemoteWebElement.java:124)
	at org.openqa.selenium.support.events.EventFiringWebDriver$EventFiringWebElement.lambda$new$0(EventFiringWebDriver.java:404)
	at com.sun.proxy.$Proxy11.clear(Unknown Source)
	at org.openqa.selenium.support.events.EventFiringWebDriver$EventFiringWebElement.clear(EventFiringWebDriver.java:436)
	at com.kms.katalon.core.webui.keyword.builtin.SetTextKeyword$_setText_closure1.doCall(SetTextKeyword.groovy:53)
	at com.kms.katalon.core.webui.keyword.builtin.SetTextKeyword$_setText_closure1.call(SetTextKeyword.groovy)
	at com.kms.katalon.core.webui.keyword.internal.WebUIKeywordMain.runKeyword(WebUIKeywordMain.groovy:20)
	... 19 more
"/>
         <system-out><![CDATA[2022-01-11 22:30:58 - [TEST_CASE][FAILED] - Test Cases/Teacher/Teacher_Add Announcement/Teacher_Add Annoucement Basic Valid All Required Field: Test Cases/Teacher/Teacher_Add Announcement/Teacher_Add Annoucement Basic Valid All Required Field FAILED.
Reason:
com.kms.katalon.core.exception.StepFailedException: Unable to set text 'Basic Topic' of object 'Object Repository/Page_Announcements/input_Subject_subject'
	at com.kms.katalon.core.webui.keyword.internal.WebUIKeywordMain.stepFailed(WebUIKeywordMain.groovy:64)
	at com.kms.katalon.core.webui.keyword.internal.WebUIKeywordMain.runKeyword(WebUIKeywordMain.groovy:26)
	at com.kms.katalon.core.webui.keyword.builtin.SetTextKeyword.setText(SetTextKeyword.groovy:66)
	at com.kms.katalon.core.webui.keyword.builtin.SetTextKeyword.execute(SetTextKeyword.groovy:37)
	at com.kms.katalon.core.keyword.internal.KeywordExecutor.executeKeywordForPlatform(KeywordExecutor.groovy:74)
	at com.kms.katalon.core.webui.keyword.WebUiBuiltInKeywords.setText(WebUiBuiltInKeywords.groovy:980)
	at com.kms.katalon.core.webui.keyword.WebUiBuiltInKeywords$setText$1.call(Unknown Source)
	at Teacher_Add Annoucement Basic Valid All Required Field.run(Teacher_Add Annoucement Basic Valid All Required Field:38)
	at com.kms.katalon.core.main.ScriptEngine.run(ScriptEngine.java:194)
	at com.kms.katalon.core.main.ScriptEngine.runScriptAsRawText(ScriptEngine.java:119)
	at com.kms.katalon.core.main.TestCaseExecutor.runScript(TestCaseExecutor.java:442)
	at com.kms.katalon.core.main.TestCaseExecutor.doExecute(TestCaseExecutor.java:433)
	at com.kms.katalon.core.main.TestCaseExecutor.processExecutionPhase(TestCaseExecutor.java:412)
	at com.kms.katalon.core.main.TestCaseExecutor.accessMainPhase(TestCaseExecutor.java:404)
	at com.kms.katalon.core.main.TestCaseExecutor.execute(TestCaseExecutor.java:281)
	at com.kms.katalon.core.main.TestSuiteExecutor.accessTestCaseMainPhase(TestSuiteExecutor.java:202)
	at com.kms.katalon.core.main.TestSuiteExecutor.accessTestSuiteMainPhase(TestSuiteExecutor.java:164)
	at com.kms.katalon.core.main.TestSuiteExecutor.execute(TestSuiteExecutor.java:105)
	at com.kms.katalon.core.main.TestCaseMain.startTestSuite(TestCaseMain.java:181)
	at com.kms.katalon.core.main.TestCaseMain$startTestSuite$0.call(Unknown Source)
	at TempTestSuite1641914798393.run(TempTestSuite1641914798393.groovy:36)
Caused by: org.openqa.selenium.ElementNotInteractableException: element not interactable
  (Session info: chrome=96.0.4664.110)
Build info: version: '3.141.59', revision: 'e82be7d358', time: '2018-11-14T08:25:53'
System info: host: 'MSI', ip: '192.168.213.1', os.name: 'Windows 10', os.arch: 'amd64', os.version: '10.0', java.version: '1.8.0_282'
Driver info: com.kms.katalon.selenium.driver.CChromeDriver
Capabilities {acceptInsecureCerts: false, browserName: chrome, browserVersion: 96.0.4664.110, chrome: {chromedriverVersion: 95.0.4638.17 (a9d0719444d4b..., userDataDir: C:\Users\MDH\AppData\Local\...}, goog:chromeOptions: {debuggerAddress: localhost:51305}, javascriptEnabled: true, networkConnectionEnabled: false, pageLoadStrategy: normal, platform: WINDOWS, platformName: WINDOWS, proxy: Proxy(), setWindowRect: true, strictFileInteractability: false, timeouts: {implicit: 0, pageLoad: 300000, script: 30000}, unhandledPromptBehavior: dismiss and notify, webauthn:extension:credBlob: true, webauthn:extension:largeBlob: true, webauthn:virtualAuthenticators: true}
Session ID: 5c756a1de1c7551212872955d937b26e
	at org.openqa.selenium.remote.http.W3CHttpResponseCodec.createException(W3CHttpResponseCodec.java:187)
	at org.openqa.selenium.remote.http.W3CHttpResponseCodec.decode(W3CHttpResponseCodec.java:122)
	at org.openqa.selenium.remote.http.W3CHttpResponseCodec.decode(W3CHttpResponseCodec.java:49)
	at org.openqa.selenium.remote.HttpCommandExecutor.execute(HttpCommandExecutor.java:158)
	at org.openqa.selenium.remote.service.DriverCommandExecutor.execute(DriverCommandExecutor.java:83)
	at org.openqa.selenium.remote.RemoteWebDriver.execute(RemoteWebDriver.java:552)
	at com.kms.katalon.selenium.driver.CChromeDriver.execute(CChromeDriver.java:19)
	at org.openqa.selenium.remote.RemoteWebElement.execute(RemoteWebElement.java:285)
	at org.openqa.selenium.remote.RemoteWebElement.clear(RemoteWebElement.java:124)
	at org.openqa.selenium.support.events.EventFiringWebDriver$EventFiringWebElement.lambda$new$0(EventFiringWebDriver.java:404)
	at com.sun.proxy.$Proxy11.clear(Unknown Source)
	at org.openqa.selenium.support.events.EventFiringWebDriver$EventFiringWebElement.clear(EventFiringWebDriver.java:436)
	at com.kms.katalon.core.webui.keyword.builtin.SetTextKeyword$_setText_closure1.doCall(SetTextKeyword.groovy:53)
	at com.kms.katalon.core.webui.keyword.builtin.SetTextKeyword$_setText_closure1.call(SetTextKeyword.groovy)
	at com.kms.katalon.core.webui.keyword.internal.WebUIKeywordMain.runKeyword(WebUIKeywordMain.groovy:20)
	... 19 more


2022-01-11 22:30:58 - [TEST_STEP][PASSED] - openBrowser(""): Browser is opened with url: ''

2022-01-11 22:30:58 - [MESSAGE][INFO] - Starting 'Chrome' driver

2022-01-11 22:30:58 - [MESSAGE][INFO] - User set preference: ['args', '[window-size=1300,900]']

2022-01-11 22:30:58 - [MESSAGE][INFO] - Action delay is set to 0 milliseconds

2022-01-11 22:31:00 - [MESSAGE][PASSED] - Browser is opened with url: ''

2022-01-11 22:31:00 - [TEST_STEP][PASSED] - navigateToUrl("http://localhost:8080/moodle/"): Navigate to 'http://localhost:8080/moodle/' successfully

2022-01-11 22:31:00 - [MESSAGE][PASSED] - Navigate to 'http://localhost:8080/moodle/' successfully

2022-01-11 22:31:00 - [TEST_STEP][PASSED] - click(findTestObject("Object Repository/Page_BCS Moodle/a_Log in")): Object: 'Object Repository/Page_BCS Moodle/a_Log in' is clicked on

2022-01-11 22:31:01 - [MESSAGE][PASSED] - Object: 'Object Repository/Page_BCS Moodle/a_Log in' is clicked on

2022-01-11 22:31:01 - [TEST_STEP][PASSED] - setText(findTestObject("Object Repository/Page_BCS Moodle Log in to the site/input_Username_username"), "onix"): Text 'onix' is set on object 'Object Repository/Page_BCS Moodle Log in to the site/input_Username_username'

2022-01-11 22:31:02 - [MESSAGE][PASSED] - Text 'onix' is set on object 'Object Repository/Page_BCS Moodle Log in to the site/input_Username_username'

2022-01-11 22:31:02 - [TEST_STEP][PASSED] - setEncryptedText(findTestObject("Object Repository/Page_BCS Moodle Log in to the site/input_Password_password"), "uw4zQNl2RedGtkZxJt1B2nZNxIOg3YnT"): Text ****** has been set on object 'Object Repository/Page_BCS Moodle Log in to the site/input_Password_password'

2022-01-11 22:31:02 - [MESSAGE][PASSED] - Text ****** has been set on object 'Object Repository/Page_BCS Moodle Log in to the site/input_Password_password'

2022-01-11 22:31:02 - [TEST_STEP][PASSED] - click(findTestObject("Object Repository/Page_BCS Moodle Log in to the site/button_Log in")): Object: 'Object Repository/Page_BCS Moodle Log in to the site/button_Log in' is clicked on

2022-01-11 22:31:04 - [MESSAGE][PASSED] - Object: 'Object Repository/Page_BCS Moodle Log in to the site/button_Log in' is clicked on

2022-01-11 22:31:04 - [TEST_STEP][PASSED] - click(findTestObject("Object Repository/Page_Dashboard/div_Course image")): Object: 'Object Repository/Page_Dashboard/div_Course image' is clicked on

2022-01-11 22:31:06 - [MESSAGE][PASSED] - Object: 'Object Repository/Page_Dashboard/div_Course image' is clicked on

2022-01-11 22:31:06 - [TEST_STEP][PASSED] - click(findTestObject("Object Repository/Page_Course Ton t hp/span_Announcements Forum")): Object: 'Object Repository/Page_Course Ton t hp/span_Announcements Forum' is clicked on

2022-01-11 22:31:08 - [MESSAGE][PASSED] - Object: 'Object Repository/Page_Course Ton t hp/span_Announcements Forum' is clicked on

2022-01-11 22:31:08 - [TEST_STEP][PASSED] - click(findTestObject("Object Repository/Page_Announcements/a_Add a new topic")): Object: 'Object Repository/Page_Announcements/a_Add a new topic' is clicked on

2022-01-11 22:31:09 - [MESSAGE][PASSED] - Object: 'Object Repository/Page_Announcements/a_Add a new topic' is clicked on

2022-01-11 22:31:09 - [TEST_STEP][FAILED] - setText(findTestObject("Object Repository/Page_Announcements/input_Subject_subject"), "Basic Topic"): Unable to set text 'Basic Topic' of object 'Object Repository/Page_Announcements/input_Subject_subject' (Root cause: com.kms.katalon.core.exception.StepFailedException: Unable to set text 'Basic Topic' of object 'Object Repository/Page_Announcements/input_Subject_subject'
	at com.kms.katalon.core.webui.keyword.internal.WebUIKeywordMain.stepFailed(WebUIKeywordMain.groovy:64)
	at com.kms.katalon.core.webui.keyword.internal.WebUIKeywordMain.runKeyword(WebUIKeywordMain.groovy:26)
	at com.kms.katalon.core.webui.keyword.builtin.SetTextKeyword.setText(SetTextKeyword.groovy:66)
	at com.kms.katalon.core.webui.keyword.builtin.SetTextKeyword.execute(SetTextKeyword.groovy:37)
	at com.kms.katalon.core.keyword.internal.KeywordExecutor.executeKeywordForPlatform(KeywordExecutor.groovy:74)
	at com.kms.katalon.core.webui.keyword.WebUiBuiltInKeywords.setText(WebUiBuiltInKeywords.groovy:980)
	at com.kms.katalon.core.webui.keyword.WebUiBuiltInKeywords$setText$1.call(Unknown Source)
	at Teacher_Add Annoucement Basic Valid All Required Field.run(Teacher_Add Annoucement Basic Valid All Required Field:38)
	at com.kms.katalon.core.main.ScriptEngine.run(ScriptEngine.java:194)
	at com.kms.katalon.core.main.ScriptEngine.runScriptAsRawText(ScriptEngine.java:119)
	at com.kms.katalon.core.main.TestCaseExecutor.runScript(TestCaseExecutor.java:442)
	at com.kms.katalon.core.main.TestCaseExecutor.doExecute(TestCaseExecutor.java:433)
	at com.kms.katalon.core.main.TestCaseExecutor.processExecutionPhase(TestCaseExecutor.java:412)
	at com.kms.katalon.core.main.TestCaseExecutor.accessMainPhase(TestCaseExecutor.java:404)
	at com.kms.katalon.core.main.TestCaseExecutor.execute(TestCaseExecutor.java:281)
	at com.kms.katalon.core.main.TestSuiteExecutor.accessTestCaseMainPhase(TestSuiteExecutor.java:202)
	at com.kms.katalon.core.main.TestSuiteExecutor.accessTestSuiteMainPhase(TestSuiteExecutor.java:164)
	at com.kms.katalon.core.main.TestSuiteExecutor.execute(TestSuiteExecutor.java:105)
	at com.kms.katalon.core.main.TestCaseMain.startTestSuite(TestCaseMain.java:181)
	at com.kms.katalon.core.main.TestCaseMain$startTestSuite$0.call(Unknown Source)
	at TempTestSuite1641914798393.run(TempTestSuite1641914798393.groovy:36)
Caused by: org.openqa.selenium.ElementNotInteractableException: element not interactable
  (Session info: chrome=96.0.4664.110)
Build info: version: '3.141.59', revision: 'e82be7d358', time: '2018-11-14T08:25:53'
System info: host: 'MSI', ip: '192.168.213.1', os.name: 'Windows 10', os.arch: 'amd64', os.version: '10.0', java.version: '1.8.0_282'
Driver info: com.kms.katalon.selenium.driver.CChromeDriver
Capabilities {acceptInsecureCerts: false, browserName: chrome, browserVersion: 96.0.4664.110, chrome: {chromedriverVersion: 95.0.4638.17 (a9d0719444d4b..., userDataDir: C:\Users\MDH\AppData\Local\...}, goog:chromeOptions: {debuggerAddress: localhost:51305}, javascriptEnabled: true, networkConnectionEnabled: false, pageLoadStrategy: normal, platform: WINDOWS, platformName: WINDOWS, proxy: Proxy(), setWindowRect: true, strictFileInteractability: false, timeouts: {implicit: 0, pageLoad: 300000, script: 30000}, unhandledPromptBehavior: dismiss and notify, webauthn:extension:credBlob: true, webauthn:extension:largeBlob: true, webauthn:virtualAuthenticators: true}
Session ID: 5c756a1de1c7551212872955d937b26e
	at org.openqa.selenium.remote.http.W3CHttpResponseCodec.createException(W3CHttpResponseCodec.java:187)
	at org.openqa.selenium.remote.http.W3CHttpResponseCodec.decode(W3CHttpResponseCodec.java:122)
	at org.openqa.selenium.remote.http.W3CHttpResponseCodec.decode(W3CHttpResponseCodec.java:49)
	at org.openqa.selenium.remote.HttpCommandExecutor.execute(HttpCommandExecutor.java:158)
	at org.openqa.selenium.remote.service.DriverCommandExecutor.execute(DriverCommandExecutor.java:83)
	at org.openqa.selenium.remote.RemoteWebDriver.execute(RemoteWebDriver.java:552)
	at com.kms.katalon.selenium.driver.CChromeDriver.execute(CChromeDriver.java:19)
	at org.openqa.selenium.remote.RemoteWebElement.execute(RemoteWebElement.java:285)
	at org.openqa.selenium.remote.RemoteWebElement.clear(RemoteWebElement.java:124)
	at org.openqa.selenium.support.events.EventFiringWebDriver$EventFiringWebElement.lambda$new$0(EventFiringWebDriver.java:404)
	at com.sun.proxy.$Proxy11.clear(Unknown Source)
	at org.openqa.selenium.support.events.EventFiringWebDriver$EventFiringWebElement.clear(EventFiringWebDriver.java:436)
	at com.kms.katalon.core.webui.keyword.builtin.SetTextKeyword$_setText_closure1.doCall(SetTextKeyword.groovy:53)
	at com.kms.katalon.core.webui.keyword.builtin.SetTextKeyword$_setText_closure1.call(SetTextKeyword.groovy)
	at com.kms.katalon.core.webui.keyword.internal.WebUIKeywordMain.runKeyword(WebUIKeywordMain.groovy:20)
	at com.kms.katalon.core.webui.keyword.builtin.SetTextKeyword.setText(SetTextKeyword.groovy:66)
	at com.kms.katalon.core.webui.keyword.builtin.SetTextKeyword.execute(SetTextKeyword.groovy:37)
	at com.kms.katalon.core.keyword.internal.KeywordExecutor.executeKeywordForPlatform(KeywordExecutor.groovy:74)
	at com.kms.katalon.core.webui.keyword.WebUiBuiltInKeywords.setText(WebUiBuiltInKeywords.groovy:980)
	at com.kms.katalon.core.webui.keyword.WebUiBuiltInKeywords$setText$1.call(Unknown Source)
	at Script1641389082370.run(Script1641389082370.groovy:38)
	... 13 more
)

2022-01-11 22:31:10 - [MESSAGE][FAILED] - Unable to set text 'Basic Topic' of object 'Object Repository/Page_Announcements/input_Subject_subject' (Root cause: com.kms.katalon.core.exception.StepFailedException: Unable to set text 'Basic Topic' of object 'Object Repository/Page_Announcements/input_Subject_subject'
	at com.kms.katalon.core.webui.keyword.internal.WebUIKeywordMain.stepFailed(WebUIKeywordMain.groovy:64)
	at com.kms.katalon.core.webui.keyword.internal.WebUIKeywordMain.runKeyword(WebUIKeywordMain.groovy:26)
	at com.kms.katalon.core.webui.keyword.builtin.SetTextKeyword.setText(SetTextKeyword.groovy:66)
	at com.kms.katalon.core.webui.keyword.builtin.SetTextKeyword.execute(SetTextKeyword.groovy:37)
	at com.kms.katalon.core.keyword.internal.KeywordExecutor.executeKeywordForPlatform(KeywordExecutor.groovy:74)
	at com.kms.katalon.core.webui.keyword.WebUiBuiltInKeywords.setText(WebUiBuiltInKeywords.groovy:980)
	at com.kms.katalon.core.webui.keyword.WebUiBuiltInKeywords$setText$1.call(Unknown Source)
	at Teacher_Add Annoucement Basic Valid All Required Field.run(Teacher_Add Annoucement Basic Valid All Required Field:38)
	at com.kms.katalon.core.main.ScriptEngine.run(ScriptEngine.java:194)
	at com.kms.katalon.core.main.ScriptEngine.runScriptAsRawText(ScriptEngine.java:119)
	at com.kms.katalon.core.main.TestCaseExecutor.runScript(TestCaseExecutor.java:442)
	at com.kms.katalon.core.main.TestCaseExecutor.doExecute(TestCaseExecutor.java:433)
	at com.kms.katalon.core.main.TestCaseExecutor.processExecutionPhase(TestCaseExecutor.java:412)
	at com.kms.katalon.core.main.TestCaseExecutor.accessMainPhase(TestCaseExecutor.java:404)
	at com.kms.katalon.core.main.TestCaseExecutor.execute(TestCaseExecutor.java:281)
	at com.kms.katalon.core.main.TestSuiteExecutor.accessTestCaseMainPhase(TestSuiteExecutor.java:202)
	at com.kms.katalon.core.main.TestSuiteExecutor.accessTestSuiteMainPhase(TestSuiteExecutor.java:164)
	at com.kms.katalon.core.main.TestSuiteExecutor.execute(TestSuiteExecutor.java:105)
	at com.kms.katalon.core.main.TestCaseMain.startTestSuite(TestCaseMain.java:181)
	at com.kms.katalon.core.main.TestCaseMain$startTestSuite$0.call(Unknown Source)
	at TempTestSuite1641914798393.run(TempTestSuite1641914798393.groovy:36)
Caused by: org.openqa.selenium.ElementNotInteractableException: element not interactable
  (Session info: chrome=96.0.4664.110)
Build info: version: '3.141.59', revision: 'e82be7d358', time: '2018-11-14T08:25:53'
System info: host: 'MSI', ip: '192.168.213.1', os.name: 'Windows 10', os.arch: 'amd64', os.version: '10.0', java.version: '1.8.0_282'
Driver info: com.kms.katalon.selenium.driver.CChromeDriver
Capabilities {acceptInsecureCerts: false, browserName: chrome, browserVersion: 96.0.4664.110, chrome: {chromedriverVersion: 95.0.4638.17 (a9d0719444d4b..., userDataDir: C:\Users\MDH\AppData\Local\...}, goog:chromeOptions: {debuggerAddress: localhost:51305}, javascriptEnabled: true, networkConnectionEnabled: false, pageLoadStrategy: normal, platform: WINDOWS, platformName: WINDOWS, proxy: Proxy(), setWindowRect: true, strictFileInteractability: false, timeouts: {implicit: 0, pageLoad: 300000, script: 30000}, unhandledPromptBehavior: dismiss and notify, webauthn:extension:credBlob: true, webauthn:extension:largeBlob: true, webauthn:virtualAuthenticators: true}
Session ID: 5c756a1de1c7551212872955d937b26e
	at org.openqa.selenium.remote.http.W3CHttpResponseCodec.createException(W3CHttpResponseCodec.java:187)
	at org.openqa.selenium.remote.http.W3CHttpResponseCodec.decode(W3CHttpResponseCodec.java:122)
	at org.openqa.selenium.remote.http.W3CHttpResponseCodec.decode(W3CHttpResponseCodec.java:49)
	at org.openqa.selenium.remote.HttpCommandExecutor.execute(HttpCommandExecutor.java:158)
	at org.openqa.selenium.remote.service.DriverCommandExecutor.execute(DriverCommandExecutor.java:83)
	at org.openqa.selenium.remote.RemoteWebDriver.execute(RemoteWebDriver.java:552)
	at com.kms.katalon.selenium.driver.CChromeDriver.execute(CChromeDriver.java:19)
	at org.openqa.selenium.remote.RemoteWebElement.execute(RemoteWebElement.java:285)
	at org.openqa.selenium.remote.RemoteWebElement.clear(RemoteWebElement.java:124)
	at org.openqa.selenium.support.events.EventFiringWebDriver$EventFiringWebElement.lambda$new$0(EventFiringWebDriver.java:404)
	at com.sun.proxy.$Proxy11.clear(Unknown Source)
	at org.openqa.selenium.support.events.EventFiringWebDriver$EventFiringWebElement.clear(EventFiringWebDriver.java:436)
	at com.kms.katalon.core.webui.keyword.builtin.SetTextKeyword$_setText_closure1.doCall(SetTextKeyword.groovy:53)
	at com.kms.katalon.core.webui.keyword.builtin.SetTextKeyword$_setText_closure1.call(SetTextKeyword.groovy)
	at com.kms.katalon.core.webui.keyword.internal.WebUIKeywordMain.runKeyword(WebUIKeywordMain.groovy:20)
	at com.kms.katalon.core.webui.keyword.builtin.SetTextKeyword.setText(SetTextKeyword.groovy:66)
	at com.kms.katalon.core.webui.keyword.builtin.SetTextKeyword.execute(SetTextKeyword.groovy:37)
	at com.kms.katalon.core.keyword.internal.KeywordExecutor.executeKeywordForPlatform(KeywordExecutor.groovy:74)
	at com.kms.katalon.core.webui.keyword.WebUiBuiltInKeywords.setText(WebUiBuiltInKeywords.groovy:980)
	at com.kms.katalon.core.webui.keyword.WebUiBuiltInKeywords$setText$1.call(Unknown Source)
	at Script1641389082370.run(Script1641389082370.groovy:38)
	... 13 more
)
[[ATTACHMENT|D:\\Nam_3\\SE\\Quiz\\Bonus\\TestAutomation_NMCNPM\\Reports\\20220111_222638\\Run All Test Cases\\20220111_222638\\1641915070084.png]]]]></system-out>
         <system-err><![CDATA[2022-01-11 22:30:58 - [TEST_CASE][FAILED] - Test Cases/Teacher/Teacher_Add Announcement/Teacher_Add Annoucement Basic Valid All Required Field: Test Cases/Teacher/Teacher_Add Announcement/Teacher_Add Annoucement Basic Valid All Required Field FAILED.
Reason:
com.kms.katalon.core.exception.StepFailedException: Unable to set text 'Basic Topic' of object 'Object Repository/Page_Announcements/input_Subject_subject'
	at com.kms.katalon.core.webui.keyword.internal.WebUIKeywordMain.stepFailed(WebUIKeywordMain.groovy:64)
	at com.kms.katalon.core.webui.keyword.internal.WebUIKeywordMain.runKeyword(WebUIKeywordMain.groovy:26)
	at com.kms.katalon.core.webui.keyword.builtin.SetTextKeyword.setText(SetTextKeyword.groovy:66)
	at com.kms.katalon.core.webui.keyword.builtin.SetTextKeyword.execute(SetTextKeyword.groovy:37)
	at com.kms.katalon.core.keyword.internal.KeywordExecutor.executeKeywordForPlatform(KeywordExecutor.groovy:74)
	at com.kms.katalon.core.webui.keyword.WebUiBuiltInKeywords.setText(WebUiBuiltInKeywords.groovy:980)
	at com.kms.katalon.core.webui.keyword.WebUiBuiltInKeywords$setText$1.call(Unknown Source)
	at Teacher_Add Annoucement Basic Valid All Required Field.run(Teacher_Add Annoucement Basic Valid All Required Field:38)
	at com.kms.katalon.core.main.ScriptEngine.run(ScriptEngine.java:194)
	at com.kms.katalon.core.main.ScriptEngine.runScriptAsRawText(ScriptEngine.java:119)
	at com.kms.katalon.core.main.TestCaseExecutor.runScript(TestCaseExecutor.java:442)
	at com.kms.katalon.core.main.TestCaseExecutor.doExecute(TestCaseExecutor.java:433)
	at com.kms.katalon.core.main.TestCaseExecutor.processExecutionPhase(TestCaseExecutor.java:412)
	at com.kms.katalon.core.main.TestCaseExecutor.accessMainPhase(TestCaseExecutor.java:404)
	at com.kms.katalon.core.main.TestCaseExecutor.execute(TestCaseExecutor.java:281)
	at com.kms.katalon.core.main.TestSuiteExecutor.accessTestCaseMainPhase(TestSuiteExecutor.java:202)
	at com.kms.katalon.core.main.TestSuiteExecutor.accessTestSuiteMainPhase(TestSuiteExecutor.java:164)
	at com.kms.katalon.core.main.TestSuiteExecutor.execute(TestSuiteExecutor.java:105)
	at com.kms.katalon.core.main.TestCaseMain.startTestSuite(TestCaseMain.java:181)
	at com.kms.katalon.core.main.TestCaseMain$startTestSuite$0.call(Unknown Source)
	at TempTestSuite1641914798393.run(TempTestSuite1641914798393.groovy:36)
Caused by: org.openqa.selenium.ElementNotInteractableException: element not interactable
  (Session info: chrome=96.0.4664.110)
Build info: version: '3.141.59', revision: 'e82be7d358', time: '2018-11-14T08:25:53'
System info: host: 'MSI', ip: '192.168.213.1', os.name: 'Windows 10', os.arch: 'amd64', os.version: '10.0', java.version: '1.8.0_282'
Driver info: com.kms.katalon.selenium.driver.CChromeDriver
Capabilities {acceptInsecureCerts: false, browserName: chrome, browserVersion: 96.0.4664.110, chrome: {chromedriverVersion: 95.0.4638.17 (a9d0719444d4b..., userDataDir: C:\Users\MDH\AppData\Local\...}, goog:chromeOptions: {debuggerAddress: localhost:51305}, javascriptEnabled: true, networkConnectionEnabled: false, pageLoadStrategy: normal, platform: WINDOWS, platformName: WINDOWS, proxy: Proxy(), setWindowRect: true, strictFileInteractability: false, timeouts: {implicit: 0, pageLoad: 300000, script: 30000}, unhandledPromptBehavior: dismiss and notify, webauthn:extension:credBlob: true, webauthn:extension:largeBlob: true, webauthn:virtualAuthenticators: true}
Session ID: 5c756a1de1c7551212872955d937b26e
	at org.openqa.selenium.remote.http.W3CHttpResponseCodec.createException(W3CHttpResponseCodec.java:187)
	at org.openqa.selenium.remote.http.W3CHttpResponseCodec.decode(W3CHttpResponseCodec.java:122)
	at org.openqa.selenium.remote.http.W3CHttpResponseCodec.decode(W3CHttpResponseCodec.java:49)
	at org.openqa.selenium.remote.HttpCommandExecutor.execute(HttpCommandExecutor.java:158)
	at org.openqa.selenium.remote.service.DriverCommandExecutor.execute(DriverCommandExecutor.java:83)
	at org.openqa.selenium.remote.RemoteWebDriver.execute(RemoteWebDriver.java:552)
	at com.kms.katalon.selenium.driver.CChromeDriver.execute(CChromeDriver.java:19)
	at org.openqa.selenium.remote.RemoteWebElement.execute(RemoteWebElement.java:285)
	at org.openqa.selenium.remote.RemoteWebElement.clear(RemoteWebElement.java:124)
	at org.openqa.selenium.support.events.EventFiringWebDriver$EventFiringWebElement.lambda$new$0(EventFiringWebDriver.java:404)
	at com.sun.proxy.$Proxy11.clear(Unknown Source)
	at org.openqa.selenium.support.events.EventFiringWebDriver$EventFiringWebElement.clear(EventFiringWebDriver.java:436)
	at com.kms.katalon.core.webui.keyword.builtin.SetTextKeyword$_setText_closure1.doCall(SetTextKeyword.groovy:53)
	at com.kms.katalon.core.webui.keyword.builtin.SetTextKeyword$_setText_closure1.call(SetTextKeyword.groovy)
	at com.kms.katalon.core.webui.keyword.internal.WebUIKeywordMain.runKeyword(WebUIKeywordMain.groovy:20)
	... 19 more]]></system-err>
      </testcase>
      <testcase name="Test Cases/Teacher/Teacher_Add Announcement/Teacher_Add Announcement Submit Without Input" time="12.05" classname="Test Cases/Teacher/Teacher_Add Announcement/Teacher_Add Announcement Submit Without Input" status="FAILED">
         <failure type="FAILED" message="Test Cases/Teacher/Teacher_Add Announcement/Teacher_Add Announcement Submit Without Input FAILED.
Reason:
com.kms.katalon.core.exception.StepFailedException: Unable to click on object 'Object Repository/Page_Announcements/input_Message_submitbutton'
	at com.kms.katalon.core.webui.keyword.internal.WebUIKeywordMain.stepFailed(WebUIKeywordMain.groovy:64)
	at com.kms.katalon.core.webui.keyword.internal.WebUIKeywordMain.runKeyword(WebUIKeywordMain.groovy:26)
	at com.kms.katalon.core.webui.keyword.builtin.ClickKeyword.click(ClickKeyword.groovy:74)
	at com.kms.katalon.core.webui.keyword.builtin.ClickKeyword.execute(ClickKeyword.groovy:40)
	at com.kms.katalon.core.keyword.internal.KeywordExecutor.executeKeywordForPlatform(KeywordExecutor.groovy:74)
	at com.kms.katalon.core.webui.keyword.WebUiBuiltInKeywords.click(WebUiBuiltInKeywords.groovy:620)
	at com.kms.katalon.core.webui.keyword.WebUiBuiltInKeywords$click$3.call(Unknown Source)
	at Teacher_Add Announcement Submit Without Input.run(Teacher_Add Announcement Submit Without Input:38)
	at com.kms.katalon.core.main.ScriptEngine.run(ScriptEngine.java:194)
	at com.kms.katalon.core.main.ScriptEngine.runScriptAsRawText(ScriptEngine.java:119)
	at com.kms.katalon.core.main.TestCaseExecutor.runScript(TestCaseExecutor.java:442)
	at com.kms.katalon.core.main.TestCaseExecutor.doExecute(TestCaseExecutor.java:433)
	at com.kms.katalon.core.main.TestCaseExecutor.processExecutionPhase(TestCaseExecutor.java:412)
	at com.kms.katalon.core.main.TestCaseExecutor.accessMainPhase(TestCaseExecutor.java:404)
	at com.kms.katalon.core.main.TestCaseExecutor.execute(TestCaseExecutor.java:281)
	at com.kms.katalon.core.main.TestSuiteExecutor.accessTestCaseMainPhase(TestSuiteExecutor.java:202)
	at com.kms.katalon.core.main.TestSuiteExecutor.accessTestSuiteMainPhase(TestSuiteExecutor.java:164)
	at com.kms.katalon.core.main.TestSuiteExecutor.execute(TestSuiteExecutor.java:105)
	at com.kms.katalon.core.main.TestCaseMain.startTestSuite(TestCaseMain.java:181)
	at com.kms.katalon.core.main.TestCaseMain$startTestSuite$0.call(Unknown Source)
	at TempTestSuite1641914798393.run(TempTestSuite1641914798393.groovy:36)
Caused by: org.openqa.selenium.ElementNotInteractableException: element not interactable
  (Session info: chrome=96.0.4664.110)
Build info: version: '3.141.59', revision: 'e82be7d358', time: '2018-11-14T08:25:53'
System info: host: 'MSI', ip: '192.168.213.1', os.name: 'Windows 10', os.arch: 'amd64', os.version: '10.0', java.version: '1.8.0_282'
Driver info: com.kms.katalon.selenium.driver.CChromeDriver
Capabilities {acceptInsecureCerts: false, browserName: chrome, browserVersion: 96.0.4664.110, chrome: {chromedriverVersion: 95.0.4638.17 (a9d0719444d4b..., userDataDir: C:\Users\MDH\AppData\Local\...}, goog:chromeOptions: {debuggerAddress: localhost:51430}, javascriptEnabled: true, networkConnectionEnabled: false, pageLoadStrategy: normal, platform: WINDOWS, platformName: WINDOWS, proxy: Proxy(), setWindowRect: true, strictFileInteractability: false, timeouts: {implicit: 0, pageLoad: 300000, script: 30000}, unhandledPromptBehavior: dismiss and notify, webauthn:extension:credBlob: true, webauthn:extension:largeBlob: true, webauthn:virtualAuthenticators: true}
Session ID: df25740ba11931100442b04400c7b597
	at org.openqa.selenium.remote.http.W3CHttpResponseCodec.createException(W3CHttpResponseCodec.java:187)
	at org.openqa.selenium.remote.http.W3CHttpResponseCodec.decode(W3CHttpResponseCodec.java:122)
	at org.openqa.selenium.remote.http.W3CHttpResponseCodec.decode(W3CHttpResponseCodec.java:49)
	at org.openqa.selenium.remote.HttpCommandExecutor.execute(HttpCommandExecutor.java:158)
	at org.openqa.selenium.remote.service.DriverCommandExecutor.execute(DriverCommandExecutor.java:83)
	at org.openqa.selenium.remote.RemoteWebDriver.execute(RemoteWebDriver.java:552)
	at com.kms.katalon.selenium.driver.CChromeDriver.execute(CChromeDriver.java:19)
	at org.openqa.selenium.remote.RemoteWebElement.execute(RemoteWebElement.java:285)
	at org.openqa.selenium.remote.RemoteWebElement.click(RemoteWebElement.java:84)
	at org.openqa.selenium.support.events.EventFiringWebDriver$EventFiringWebElement.lambda$new$0(EventFiringWebDriver.java:404)
	at com.sun.proxy.$Proxy11.click(Unknown Source)
	at org.openqa.selenium.support.events.EventFiringWebDriver$EventFiringWebElement.click(EventFiringWebDriver.java:417)
	at org.openqa.selenium.WebElement$click.call(Unknown Source)
	at com.kms.katalon.core.webui.keyword.builtin.ClickKeyword.clickUntilSuccessWithTimeout(ClickKeyword.groovy:81)
	at com.kms.katalon.core.webui.keyword.builtin.ClickKeyword.clickUntilSuccessWithTimeout(ClickKeyword.groovy)
	at com.kms.katalon.core.webui.keyword.builtin.ClickKeyword$_click_closure1.doCall(ClickKeyword.groovy:67)
	at com.kms.katalon.core.webui.keyword.builtin.ClickKeyword$_click_closure1.call(ClickKeyword.groovy)
	at com.kms.katalon.core.webui.keyword.internal.WebUIKeywordMain.runKeyword(WebUIKeywordMain.groovy:20)
	... 19 more
"/>
         <system-out><![CDATA[2022-01-11 22:31:10 - [TEST_CASE][FAILED] - Test Cases/Teacher/Teacher_Add Announcement/Teacher_Add Announcement Submit Without Input: Test Cases/Teacher/Teacher_Add Announcement/Teacher_Add Announcement Submit Without Input FAILED.
Reason:
com.kms.katalon.core.exception.StepFailedException: Unable to click on object 'Object Repository/Page_Announcements/input_Message_submitbutton'
	at com.kms.katalon.core.webui.keyword.internal.WebUIKeywordMain.stepFailed(WebUIKeywordMain.groovy:64)
	at com.kms.katalon.core.webui.keyword.internal.WebUIKeywordMain.runKeyword(WebUIKeywordMain.groovy:26)
	at com.kms.katalon.core.webui.keyword.builtin.ClickKeyword.click(ClickKeyword.groovy:74)
	at com.kms.katalon.core.webui.keyword.builtin.ClickKeyword.execute(ClickKeyword.groovy:40)
	at com.kms.katalon.core.keyword.internal.KeywordExecutor.executeKeywordForPlatform(KeywordExecutor.groovy:74)
	at com.kms.katalon.core.webui.keyword.WebUiBuiltInKeywords.click(WebUiBuiltInKeywords.groovy:620)
	at com.kms.katalon.core.webui.keyword.WebUiBuiltInKeywords$click$3.call(Unknown Source)
	at Teacher_Add Announcement Submit Without Input.run(Teacher_Add Announcement Submit Without Input:38)
	at com.kms.katalon.core.main.ScriptEngine.run(ScriptEngine.java:194)
	at com.kms.katalon.core.main.ScriptEngine.runScriptAsRawText(ScriptEngine.java:119)
	at com.kms.katalon.core.main.TestCaseExecutor.runScript(TestCaseExecutor.java:442)
	at com.kms.katalon.core.main.TestCaseExecutor.doExecute(TestCaseExecutor.java:433)
	at com.kms.katalon.core.main.TestCaseExecutor.processExecutionPhase(TestCaseExecutor.java:412)
	at com.kms.katalon.core.main.TestCaseExecutor.accessMainPhase(TestCaseExecutor.java:404)
	at com.kms.katalon.core.main.TestCaseExecutor.execute(TestCaseExecutor.java:281)
	at com.kms.katalon.core.main.TestSuiteExecutor.accessTestCaseMainPhase(TestSuiteExecutor.java:202)
	at com.kms.katalon.core.main.TestSuiteExecutor.accessTestSuiteMainPhase(TestSuiteExecutor.java:164)
	at com.kms.katalon.core.main.TestSuiteExecutor.execute(TestSuiteExecutor.java:105)
	at com.kms.katalon.core.main.TestCaseMain.startTestSuite(TestCaseMain.java:181)
	at com.kms.katalon.core.main.TestCaseMain$startTestSuite$0.call(Unknown Source)
	at TempTestSuite1641914798393.run(TempTestSuite1641914798393.groovy:36)
Caused by: org.openqa.selenium.ElementNotInteractableException: element not interactable
  (Session info: chrome=96.0.4664.110)
Build info: version: '3.141.59', revision: 'e82be7d358', time: '2018-11-14T08:25:53'
System info: host: 'MSI', ip: '192.168.213.1', os.name: 'Windows 10', os.arch: 'amd64', os.version: '10.0', java.version: '1.8.0_282'
Driver info: com.kms.katalon.selenium.driver.CChromeDriver
Capabilities {acceptInsecureCerts: false, browserName: chrome, browserVersion: 96.0.4664.110, chrome: {chromedriverVersion: 95.0.4638.17 (a9d0719444d4b..., userDataDir: C:\Users\MDH\AppData\Local\...}, goog:chromeOptions: {debuggerAddress: localhost:51430}, javascriptEnabled: true, networkConnectionEnabled: false, pageLoadStrategy: normal, platform: WINDOWS, platformName: WINDOWS, proxy: Proxy(), setWindowRect: true, strictFileInteractability: false, timeouts: {implicit: 0, pageLoad: 300000, script: 30000}, unhandledPromptBehavior: dismiss and notify, webauthn:extension:credBlob: true, webauthn:extension:largeBlob: true, webauthn:virtualAuthenticators: true}
Session ID: df25740ba11931100442b04400c7b597
	at org.openqa.selenium.remote.http.W3CHttpResponseCodec.createException(W3CHttpResponseCodec.java:187)
	at org.openqa.selenium.remote.http.W3CHttpResponseCodec.decode(W3CHttpResponseCodec.java:122)
	at org.openqa.selenium.remote.http.W3CHttpResponseCodec.decode(W3CHttpResponseCodec.java:49)
	at org.openqa.selenium.remote.HttpCommandExecutor.execute(HttpCommandExecutor.java:158)
	at org.openqa.selenium.remote.service.DriverCommandExecutor.execute(DriverCommandExecutor.java:83)
	at org.openqa.selenium.remote.RemoteWebDriver.execute(RemoteWebDriver.java:552)
	at com.kms.katalon.selenium.driver.CChromeDriver.execute(CChromeDriver.java:19)
	at org.openqa.selenium.remote.RemoteWebElement.execute(RemoteWebElement.java:285)
	at org.openqa.selenium.remote.RemoteWebElement.click(RemoteWebElement.java:84)
	at org.openqa.selenium.support.events.EventFiringWebDriver$EventFiringWebElement.lambda$new$0(EventFiringWebDriver.java:404)
	at com.sun.proxy.$Proxy11.click(Unknown Source)
	at org.openqa.selenium.support.events.EventFiringWebDriver$EventFiringWebElement.click(EventFiringWebDriver.java:417)
	at org.openqa.selenium.WebElement$click.call(Unknown Source)
	at com.kms.katalon.core.webui.keyword.builtin.ClickKeyword.clickUntilSuccessWithTimeout(ClickKeyword.groovy:81)
	at com.kms.katalon.core.webui.keyword.builtin.ClickKeyword.clickUntilSuccessWithTimeout(ClickKeyword.groovy)
	at com.kms.katalon.core.webui.keyword.builtin.ClickKeyword$_click_closure1.doCall(ClickKeyword.groovy:67)
	at com.kms.katalon.core.webui.keyword.builtin.ClickKeyword$_click_closure1.call(ClickKeyword.groovy)
	at com.kms.katalon.core.webui.keyword.internal.WebUIKeywordMain.runKeyword(WebUIKeywordMain.groovy:20)
	... 19 more


2022-01-11 22:31:10 - [TEST_STEP][PASSED] - openBrowser(""): Browser is opened with url: ''

2022-01-11 22:31:10 - [MESSAGE][WARNING] - A browser is already opened. Closing browser and opening a new one

2022-01-11 22:31:11 - [MESSAGE][INFO] - Starting 'Chrome' driver

2022-01-11 22:31:11 - [MESSAGE][INFO] - User set preference: ['args', '[window-size=1300,900]']

2022-01-11 22:31:11 - [MESSAGE][INFO] - Action delay is set to 0 milliseconds

2022-01-11 22:31:12 - [MESSAGE][PASSED] - Browser is opened with url: ''

2022-01-11 22:31:12 - [TEST_STEP][PASSED] - navigateToUrl("http://localhost:8080/moodle/"): Navigate to 'http://localhost:8080/moodle/' successfully

2022-01-11 22:31:12 - [MESSAGE][PASSED] - Navigate to 'http://localhost:8080/moodle/' successfully

2022-01-11 22:31:12 - [TEST_STEP][PASSED] - click(findTestObject("Object Repository/Page_BCS Moodle/a_Log in")): Object: 'Object Repository/Page_BCS Moodle/a_Log in' is clicked on

2022-01-11 22:31:13 - [MESSAGE][PASSED] - Object: 'Object Repository/Page_BCS Moodle/a_Log in' is clicked on

2022-01-11 22:31:13 - [TEST_STEP][PASSED] - setText(findTestObject("Object Repository/Page_BCS Moodle Log in to the site/input_Username_username"), "onix"): Text 'onix' is set on object 'Object Repository/Page_BCS Moodle Log in to the site/input_Username_username'

2022-01-11 22:31:14 - [MESSAGE][PASSED] - Text 'onix' is set on object 'Object Repository/Page_BCS Moodle Log in to the site/input_Username_username'

2022-01-11 22:31:14 - [TEST_STEP][PASSED] - setEncryptedText(findTestObject("Object Repository/Page_BCS Moodle Log in to the site/input_Password_password"), "uw4zQNl2RedGtkZxJt1B2nZNxIOg3YnT"): Text ****** has been set on object 'Object Repository/Page_BCS Moodle Log in to the site/input_Password_password'

2022-01-11 22:31:15 - [MESSAGE][PASSED] - Text ****** has been set on object 'Object Repository/Page_BCS Moodle Log in to the site/input_Password_password'

2022-01-11 22:31:15 - [TEST_STEP][PASSED] - click(findTestObject("Object Repository/Page_BCS Moodle Log in to the site/button_Log in")): Object: 'Object Repository/Page_BCS Moodle Log in to the site/button_Log in' is clicked on

2022-01-11 22:31:16 - [MESSAGE][PASSED] - Object: 'Object Repository/Page_BCS Moodle Log in to the site/button_Log in' is clicked on

2022-01-11 22:31:16 - [TEST_STEP][PASSED] - click(findTestObject("Object Repository/Page_Dashboard/div_Course image")): Object: 'Object Repository/Page_Dashboard/div_Course image' is clicked on

2022-01-11 22:31:18 - [MESSAGE][PASSED] - Object: 'Object Repository/Page_Dashboard/div_Course image' is clicked on

2022-01-11 22:31:18 - [TEST_STEP][PASSED] - click(findTestObject("Object Repository/Page_Course Ton t hp/span_Announcements Forum")): Object: 'Object Repository/Page_Course Ton t hp/span_Announcements Forum' is clicked on

2022-01-11 22:31:20 - [MESSAGE][PASSED] - Object: 'Object Repository/Page_Course Ton t hp/span_Announcements Forum' is clicked on

2022-01-11 22:31:20 - [TEST_STEP][PASSED] - click(findTestObject("Object Repository/Page_Announcements/a_Add a new topic")): Object: 'Object Repository/Page_Announcements/a_Add a new topic' is clicked on

2022-01-11 22:31:21 - [MESSAGE][PASSED] - Object: 'Object Repository/Page_Announcements/a_Add a new topic' is clicked on

2022-01-11 22:31:21 - [TEST_STEP][FAILED] - click(findTestObject("Object Repository/Page_Announcements/input_Message_submitbutton")): Unable to click on object 'Object Repository/Page_Announcements/input_Message_submitbutton' (Root cause: com.kms.katalon.core.exception.StepFailedException: Unable to click on object 'Object Repository/Page_Announcements/input_Message_submitbutton'
	at com.kms.katalon.core.webui.keyword.internal.WebUIKeywordMain.stepFailed(WebUIKeywordMain.groovy:64)
	at com.kms.katalon.core.webui.keyword.internal.WebUIKeywordMain.runKeyword(WebUIKeywordMain.groovy:26)
	at com.kms.katalon.core.webui.keyword.builtin.ClickKeyword.click(ClickKeyword.groovy:74)
	at com.kms.katalon.core.webui.keyword.builtin.ClickKeyword.execute(ClickKeyword.groovy:40)
	at com.kms.katalon.core.keyword.internal.KeywordExecutor.executeKeywordForPlatform(KeywordExecutor.groovy:74)
	at com.kms.katalon.core.webui.keyword.WebUiBuiltInKeywords.click(WebUiBuiltInKeywords.groovy:620)
	at com.kms.katalon.core.webui.keyword.WebUiBuiltInKeywords$click$3.call(Unknown Source)
	at Teacher_Add Announcement Submit Without Input.run(Teacher_Add Announcement Submit Without Input:38)
	at com.kms.katalon.core.main.ScriptEngine.run(ScriptEngine.java:194)
	at com.kms.katalon.core.main.ScriptEngine.runScriptAsRawText(ScriptEngine.java:119)
	at com.kms.katalon.core.main.TestCaseExecutor.runScript(TestCaseExecutor.java:442)
	at com.kms.katalon.core.main.TestCaseExecutor.doExecute(TestCaseExecutor.java:433)
	at com.kms.katalon.core.main.TestCaseExecutor.processExecutionPhase(TestCaseExecutor.java:412)
	at com.kms.katalon.core.main.TestCaseExecutor.accessMainPhase(TestCaseExecutor.java:404)
	at com.kms.katalon.core.main.TestCaseExecutor.execute(TestCaseExecutor.java:281)
	at com.kms.katalon.core.main.TestSuiteExecutor.accessTestCaseMainPhase(TestSuiteExecutor.java:202)
	at com.kms.katalon.core.main.TestSuiteExecutor.accessTestSuiteMainPhase(TestSuiteExecutor.java:164)
	at com.kms.katalon.core.main.TestSuiteExecutor.execute(TestSuiteExecutor.java:105)
	at com.kms.katalon.core.main.TestCaseMain.startTestSuite(TestCaseMain.java:181)
	at com.kms.katalon.core.main.TestCaseMain$startTestSuite$0.call(Unknown Source)
	at TempTestSuite1641914798393.run(TempTestSuite1641914798393.groovy:36)
Caused by: org.openqa.selenium.ElementNotInteractableException: element not interactable
  (Session info: chrome=96.0.4664.110)
Build info: version: '3.141.59', revision: 'e82be7d358', time: '2018-11-14T08:25:53'
System info: host: 'MSI', ip: '192.168.213.1', os.name: 'Windows 10', os.arch: 'amd64', os.version: '10.0', java.version: '1.8.0_282'
Driver info: com.kms.katalon.selenium.driver.CChromeDriver
Capabilities {acceptInsecureCerts: false, browserName: chrome, browserVersion: 96.0.4664.110, chrome: {chromedriverVersion: 95.0.4638.17 (a9d0719444d4b..., userDataDir: C:\Users\MDH\AppData\Local\...}, goog:chromeOptions: {debuggerAddress: localhost:51430}, javascriptEnabled: true, networkConnectionEnabled: false, pageLoadStrategy: normal, platform: WINDOWS, platformName: WINDOWS, proxy: Proxy(), setWindowRect: true, strictFileInteractability: false, timeouts: {implicit: 0, pageLoad: 300000, script: 30000}, unhandledPromptBehavior: dismiss and notify, webauthn:extension:credBlob: true, webauthn:extension:largeBlob: true, webauthn:virtualAuthenticators: true}
Session ID: df25740ba11931100442b04400c7b597
	at org.openqa.selenium.remote.http.W3CHttpResponseCodec.createException(W3CHttpResponseCodec.java:187)
	at org.openqa.selenium.remote.http.W3CHttpResponseCodec.decode(W3CHttpResponseCodec.java:122)
	at org.openqa.selenium.remote.http.W3CHttpResponseCodec.decode(W3CHttpResponseCodec.java:49)
	at org.openqa.selenium.remote.HttpCommandExecutor.execute(HttpCommandExecutor.java:158)
	at org.openqa.selenium.remote.service.DriverCommandExecutor.execute(DriverCommandExecutor.java:83)
	at org.openqa.selenium.remote.RemoteWebDriver.execute(RemoteWebDriver.java:552)
	at com.kms.katalon.selenium.driver.CChromeDriver.execute(CChromeDriver.java:19)
	at org.openqa.selenium.remote.RemoteWebElement.execute(RemoteWebElement.java:285)
	at org.openqa.selenium.remote.RemoteWebElement.click(RemoteWebElement.java:84)
	at org.openqa.selenium.support.events.EventFiringWebDriver$EventFiringWebElement.lambda$new$0(EventFiringWebDriver.java:404)
	at com.sun.proxy.$Proxy11.click(Unknown Source)
	at org.openqa.selenium.support.events.EventFiringWebDriver$EventFiringWebElement.click(EventFiringWebDriver.java:417)
	at org.openqa.selenium.WebElement$click.call(Unknown Source)
	at com.kms.katalon.core.webui.keyword.builtin.ClickKeyword.clickUntilSuccessWithTimeout(ClickKeyword.groovy:81)
	at com.kms.katalon.core.webui.keyword.builtin.ClickKeyword.clickUntilSuccessWithTimeout(ClickKeyword.groovy)
	at com.kms.katalon.core.webui.keyword.builtin.ClickKeyword$_click_closure1.doCall(ClickKeyword.groovy:67)
	at com.kms.katalon.core.webui.keyword.builtin.ClickKeyword$_click_closure1.call(ClickKeyword.groovy)
	at com.kms.katalon.core.webui.keyword.internal.WebUIKeywordMain.runKeyword(WebUIKeywordMain.groovy:20)
	at com.kms.katalon.core.webui.keyword.builtin.ClickKeyword.click(ClickKeyword.groovy:74)
	at com.kms.katalon.core.webui.keyword.builtin.ClickKeyword.execute(ClickKeyword.groovy:40)
	at com.kms.katalon.core.keyword.internal.KeywordExecutor.executeKeywordForPlatform(KeywordExecutor.groovy:74)
	at com.kms.katalon.core.webui.keyword.WebUiBuiltInKeywords.click(WebUiBuiltInKeywords.groovy:620)
	at com.kms.katalon.core.webui.keyword.WebUiBuiltInKeywords$click$3.call(Unknown Source)
	at Script1641389054824.run(Script1641389054824.groovy:38)
	... 13 more
)

2022-01-11 22:31:22 - [MESSAGE][FAILED] - Unable to click on object 'Object Repository/Page_Announcements/input_Message_submitbutton' (Root cause: com.kms.katalon.core.exception.StepFailedException: Unable to click on object 'Object Repository/Page_Announcements/input_Message_submitbutton'
	at com.kms.katalon.core.webui.keyword.internal.WebUIKeywordMain.stepFailed(WebUIKeywordMain.groovy:64)
	at com.kms.katalon.core.webui.keyword.internal.WebUIKeywordMain.runKeyword(WebUIKeywordMain.groovy:26)
	at com.kms.katalon.core.webui.keyword.builtin.ClickKeyword.click(ClickKeyword.groovy:74)
	at com.kms.katalon.core.webui.keyword.builtin.ClickKeyword.execute(ClickKeyword.groovy:40)
	at com.kms.katalon.core.keyword.internal.KeywordExecutor.executeKeywordForPlatform(KeywordExecutor.groovy:74)
	at com.kms.katalon.core.webui.keyword.WebUiBuiltInKeywords.click(WebUiBuiltInKeywords.groovy:620)
	at com.kms.katalon.core.webui.keyword.WebUiBuiltInKeywords$click$3.call(Unknown Source)
	at Teacher_Add Announcement Submit Without Input.run(Teacher_Add Announcement Submit Without Input:38)
	at com.kms.katalon.core.main.ScriptEngine.run(ScriptEngine.java:194)
	at com.kms.katalon.core.main.ScriptEngine.runScriptAsRawText(ScriptEngine.java:119)
	at com.kms.katalon.core.main.TestCaseExecutor.runScript(TestCaseExecutor.java:442)
	at com.kms.katalon.core.main.TestCaseExecutor.doExecute(TestCaseExecutor.java:433)
	at com.kms.katalon.core.main.TestCaseExecutor.processExecutionPhase(TestCaseExecutor.java:412)
	at com.kms.katalon.core.main.TestCaseExecutor.accessMainPhase(TestCaseExecutor.java:404)
	at com.kms.katalon.core.main.TestCaseExecutor.execute(TestCaseExecutor.java:281)
	at com.kms.katalon.core.main.TestSuiteExecutor.accessTestCaseMainPhase(TestSuiteExecutor.java:202)
	at com.kms.katalon.core.main.TestSuiteExecutor.accessTestSuiteMainPhase(TestSuiteExecutor.java:164)
	at com.kms.katalon.core.main.TestSuiteExecutor.execute(TestSuiteExecutor.java:105)
	at com.kms.katalon.core.main.TestCaseMain.startTestSuite(TestCaseMain.java:181)
	at com.kms.katalon.core.main.TestCaseMain$startTestSuite$0.call(Unknown Source)
	at TempTestSuite1641914798393.run(TempTestSuite1641914798393.groovy:36)
Caused by: org.openqa.selenium.ElementNotInteractableException: element not interactable
  (Session info: chrome=96.0.4664.110)
Build info: version: '3.141.59', revision: 'e82be7d358', time: '2018-11-14T08:25:53'
System info: host: 'MSI', ip: '192.168.213.1', os.name: 'Windows 10', os.arch: 'amd64', os.version: '10.0', java.version: '1.8.0_282'
Driver info: com.kms.katalon.selenium.driver.CChromeDriver
Capabilities {acceptInsecureCerts: false, browserName: chrome, browserVersion: 96.0.4664.110, chrome: {chromedriverVersion: 95.0.4638.17 (a9d0719444d4b..., userDataDir: C:\Users\MDH\AppData\Local\...}, goog:chromeOptions: {debuggerAddress: localhost:51430}, javascriptEnabled: true, networkConnectionEnabled: false, pageLoadStrategy: normal, platform: WINDOWS, platformName: WINDOWS, proxy: Proxy(), setWindowRect: true, strictFileInteractability: false, timeouts: {implicit: 0, pageLoad: 300000, script: 30000}, unhandledPromptBehavior: dismiss and notify, webauthn:extension:credBlob: true, webauthn:extension:largeBlob: true, webauthn:virtualAuthenticators: true}
Session ID: df25740ba11931100442b04400c7b597
	at org.openqa.selenium.remote.http.W3CHttpResponseCodec.createException(W3CHttpResponseCodec.java:187)
	at org.openqa.selenium.remote.http.W3CHttpResponseCodec.decode(W3CHttpResponseCodec.java:122)
	at org.openqa.selenium.remote.http.W3CHttpResponseCodec.decode(W3CHttpResponseCodec.java:49)
	at org.openqa.selenium.remote.HttpCommandExecutor.execute(HttpCommandExecutor.java:158)
	at org.openqa.selenium.remote.service.DriverCommandExecutor.execute(DriverCommandExecutor.java:83)
	at org.openqa.selenium.remote.RemoteWebDriver.execute(RemoteWebDriver.java:552)
	at com.kms.katalon.selenium.driver.CChromeDriver.execute(CChromeDriver.java:19)
	at org.openqa.selenium.remote.RemoteWebElement.execute(RemoteWebElement.java:285)
	at org.openqa.selenium.remote.RemoteWebElement.click(RemoteWebElement.java:84)
	at org.openqa.selenium.support.events.EventFiringWebDriver$EventFiringWebElement.lambda$new$0(EventFiringWebDriver.java:404)
	at com.sun.proxy.$Proxy11.click(Unknown Source)
	at org.openqa.selenium.support.events.EventFiringWebDriver$EventFiringWebElement.click(EventFiringWebDriver.java:417)
	at org.openqa.selenium.WebElement$click.call(Unknown Source)
	at com.kms.katalon.core.webui.keyword.builtin.ClickKeyword.clickUntilSuccessWithTimeout(ClickKeyword.groovy:81)
	at com.kms.katalon.core.webui.keyword.builtin.ClickKeyword.clickUntilSuccessWithTimeout(ClickKeyword.groovy)
	at com.kms.katalon.core.webui.keyword.builtin.ClickKeyword$_click_closure1.doCall(ClickKeyword.groovy:67)
	at com.kms.katalon.core.webui.keyword.builtin.ClickKeyword$_click_closure1.call(ClickKeyword.groovy)
	at com.kms.katalon.core.webui.keyword.internal.WebUIKeywordMain.runKeyword(WebUIKeywordMain.groovy:20)
	at com.kms.katalon.core.webui.keyword.builtin.ClickKeyword.click(ClickKeyword.groovy:74)
	at com.kms.katalon.core.webui.keyword.builtin.ClickKeyword.execute(ClickKeyword.groovy:40)
	at com.kms.katalon.core.keyword.internal.KeywordExecutor.executeKeywordForPlatform(KeywordExecutor.groovy:74)
	at com.kms.katalon.core.webui.keyword.WebUiBuiltInKeywords.click(WebUiBuiltInKeywords.groovy:620)
	at com.kms.katalon.core.webui.keyword.WebUiBuiltInKeywords$click$3.call(Unknown Source)
	at Script1641389054824.run(Script1641389054824.groovy:38)
	... 13 more
)
[[ATTACHMENT|D:\\Nam_3\\SE\\Quiz\\Bonus\\TestAutomation_NMCNPM\\Reports\\20220111_222638\\Run All Test Cases\\20220111_222638\\1641915082079.png]]]]></system-out>
         <system-err><![CDATA[2022-01-11 22:31:10 - [TEST_CASE][FAILED] - Test Cases/Teacher/Teacher_Add Announcement/Teacher_Add Announcement Submit Without Input: Test Cases/Teacher/Teacher_Add Announcement/Teacher_Add Announcement Submit Without Input FAILED.
Reason:
com.kms.katalon.core.exception.StepFailedException: Unable to click on object 'Object Repository/Page_Announcements/input_Message_submitbutton'
	at com.kms.katalon.core.webui.keyword.internal.WebUIKeywordMain.stepFailed(WebUIKeywordMain.groovy:64)
	at com.kms.katalon.core.webui.keyword.internal.WebUIKeywordMain.runKeyword(WebUIKeywordMain.groovy:26)
	at com.kms.katalon.core.webui.keyword.builtin.ClickKeyword.click(ClickKeyword.groovy:74)
	at com.kms.katalon.core.webui.keyword.builtin.ClickKeyword.execute(ClickKeyword.groovy:40)
	at com.kms.katalon.core.keyword.internal.KeywordExecutor.executeKeywordForPlatform(KeywordExecutor.groovy:74)
	at com.kms.katalon.core.webui.keyword.WebUiBuiltInKeywords.click(WebUiBuiltInKeywords.groovy:620)
	at com.kms.katalon.core.webui.keyword.WebUiBuiltInKeywords$click$3.call(Unknown Source)
	at Teacher_Add Announcement Submit Without Input.run(Teacher_Add Announcement Submit Without Input:38)
	at com.kms.katalon.core.main.ScriptEngine.run(ScriptEngine.java:194)
	at com.kms.katalon.core.main.ScriptEngine.runScriptAsRawText(ScriptEngine.java:119)
	at com.kms.katalon.core.main.TestCaseExecutor.runScript(TestCaseExecutor.java:442)
	at com.kms.katalon.core.main.TestCaseExecutor.doExecute(TestCaseExecutor.java:433)
	at com.kms.katalon.core.main.TestCaseExecutor.processExecutionPhase(TestCaseExecutor.java:412)
	at com.kms.katalon.core.main.TestCaseExecutor.accessMainPhase(TestCaseExecutor.java:404)
	at com.kms.katalon.core.main.TestCaseExecutor.execute(TestCaseExecutor.java:281)
	at com.kms.katalon.core.main.TestSuiteExecutor.accessTestCaseMainPhase(TestSuiteExecutor.java:202)
	at com.kms.katalon.core.main.TestSuiteExecutor.accessTestSuiteMainPhase(TestSuiteExecutor.java:164)
	at com.kms.katalon.core.main.TestSuiteExecutor.execute(TestSuiteExecutor.java:105)
	at com.kms.katalon.core.main.TestCaseMain.startTestSuite(TestCaseMain.java:181)
	at com.kms.katalon.core.main.TestCaseMain$startTestSuite$0.call(Unknown Source)
	at TempTestSuite1641914798393.run(TempTestSuite1641914798393.groovy:36)
Caused by: org.openqa.selenium.ElementNotInteractableException: element not interactable
  (Session info: chrome=96.0.4664.110)
Build info: version: '3.141.59', revision: 'e82be7d358', time: '2018-11-14T08:25:53'
System info: host: 'MSI', ip: '192.168.213.1', os.name: 'Windows 10', os.arch: 'amd64', os.version: '10.0', java.version: '1.8.0_282'
Driver info: com.kms.katalon.selenium.driver.CChromeDriver
Capabilities {acceptInsecureCerts: false, browserName: chrome, browserVersion: 96.0.4664.110, chrome: {chromedriverVersion: 95.0.4638.17 (a9d0719444d4b..., userDataDir: C:\Users\MDH\AppData\Local\...}, goog:chromeOptions: {debuggerAddress: localhost:51430}, javascriptEnabled: true, networkConnectionEnabled: false, pageLoadStrategy: normal, platform: WINDOWS, platformName: WINDOWS, proxy: Proxy(), setWindowRect: true, strictFileInteractability: false, timeouts: {implicit: 0, pageLoad: 300000, script: 30000}, unhandledPromptBehavior: dismiss and notify, webauthn:extension:credBlob: true, webauthn:extension:largeBlob: true, webauthn:virtualAuthenticators: true}
Session ID: df25740ba11931100442b04400c7b597
	at org.openqa.selenium.remote.http.W3CHttpResponseCodec.createException(W3CHttpResponseCodec.java:187)
	at org.openqa.selenium.remote.http.W3CHttpResponseCodec.decode(W3CHttpResponseCodec.java:122)
	at org.openqa.selenium.remote.http.W3CHttpResponseCodec.decode(W3CHttpResponseCodec.java:49)
	at org.openqa.selenium.remote.HttpCommandExecutor.execute(HttpCommandExecutor.java:158)
	at org.openqa.selenium.remote.service.DriverCommandExecutor.execute(DriverCommandExecutor.java:83)
	at org.openqa.selenium.remote.RemoteWebDriver.execute(RemoteWebDriver.java:552)
	at com.kms.katalon.selenium.driver.CChromeDriver.execute(CChromeDriver.java:19)
	at org.openqa.selenium.remote.RemoteWebElement.execute(RemoteWebElement.java:285)
	at org.openqa.selenium.remote.RemoteWebElement.click(RemoteWebElement.java:84)
	at org.openqa.selenium.support.events.EventFiringWebDriver$EventFiringWebElement.lambda$new$0(EventFiringWebDriver.java:404)
	at com.sun.proxy.$Proxy11.click(Unknown Source)
	at org.openqa.selenium.support.events.EventFiringWebDriver$EventFiringWebElement.click(EventFiringWebDriver.java:417)
	at org.openqa.selenium.WebElement$click.call(Unknown Source)
	at com.kms.katalon.core.webui.keyword.builtin.ClickKeyword.clickUntilSuccessWithTimeout(ClickKeyword.groovy:81)
	at com.kms.katalon.core.webui.keyword.builtin.ClickKeyword.clickUntilSuccessWithTimeout(ClickKeyword.groovy)
	at com.kms.katalon.core.webui.keyword.builtin.ClickKeyword$_click_closure1.doCall(ClickKeyword.groovy:67)
	at com.kms.katalon.core.webui.keyword.builtin.ClickKeyword$_click_closure1.call(ClickKeyword.groovy)
	at com.kms.katalon.core.webui.keyword.internal.WebUIKeywordMain.runKeyword(WebUIKeywordMain.groovy:20)
	... 19 more]]></system-err>
      </testcase>
      <testcase name="Test Cases/Teacher/Teacher_Add Assignment/Teacher_Add Assignment Valid All Required Field" time="17.512" classname="Test Cases/Teacher/Teacher_Add Assignment/Teacher_Add Assignment Valid All Required Field" status="PASSED">
         <system-out><![CDATA[2022-01-11 22:31:22 - [TEST_CASE][PASSED] - Test Cases/Teacher/Teacher_Add Assignment/Teacher_Add Assignment Valid All Required Field: Test Cases/Teacher/Teacher_Add Assignment/Teacher_Add Assignment Valid All Required Field

2022-01-11 22:31:22 - [TEST_STEP][PASSED] - openBrowser(""): Browser is opened with url: ''

2022-01-11 22:31:22 - [MESSAGE][WARNING] - A browser is already opened. Closing browser and opening a new one

2022-01-11 22:31:23 - [MESSAGE][INFO] - Starting 'Chrome' driver

2022-01-11 22:31:23 - [MESSAGE][INFO] - User set preference: ['args', '[window-size=1300,900]']

2022-01-11 22:31:23 - [MESSAGE][INFO] - Action delay is set to 0 milliseconds

2022-01-11 22:31:24 - [MESSAGE][PASSED] - Browser is opened with url: ''

2022-01-11 22:31:24 - [TEST_STEP][PASSED] - navigateToUrl("http://localhost:8080/moodle/"): Navigate to 'http://localhost:8080/moodle/' successfully

2022-01-11 22:31:25 - [MESSAGE][PASSED] - Navigate to 'http://localhost:8080/moodle/' successfully

2022-01-11 22:31:25 - [TEST_STEP][PASSED] - click(findTestObject("Object Repository/Page_BCS Moodle/a_Log in")): Object: 'Object Repository/Page_BCS Moodle/a_Log in' is clicked on

2022-01-11 22:31:25 - [MESSAGE][PASSED] - Object: 'Object Repository/Page_BCS Moodle/a_Log in' is clicked on

2022-01-11 22:31:25 - [TEST_STEP][PASSED] - click(findTestObject("Object Repository/Page_BCS Moodle Log in to the site/div_document.getElementById(anchor).value  _bffe56")): Object: 'Object Repository/Page_BCS Moodle Log in to the site/div_document.getElementById(anchor).value  _bffe56' is clicked on

2022-01-11 22:31:26 - [MESSAGE][PASSED] - Object: 'Object Repository/Page_BCS Moodle Log in to the site/div_document.getElementById(anchor).value  _bffe56' is clicked on

2022-01-11 22:31:26 - [TEST_STEP][PASSED] - setText(findTestObject("Object Repository/Page_BCS Moodle Log in to the site/input_Username_username"), "onix"): Text 'onix' is set on object 'Object Repository/Page_BCS Moodle Log in to the site/input_Username_username'

2022-01-11 22:31:27 - [MESSAGE][PASSED] - Text 'onix' is set on object 'Object Repository/Page_BCS Moodle Log in to the site/input_Username_username'

2022-01-11 22:31:27 - [TEST_STEP][PASSED] - setEncryptedText(findTestObject("Object Repository/Page_BCS Moodle Log in to the site/input_Password_password"), "uw4zQNl2RedGtkZxJt1B2nZNxIOg3YnT"): Text ****** has been set on object 'Object Repository/Page_BCS Moodle Log in to the site/input_Password_password'

2022-01-11 22:31:27 - [MESSAGE][PASSED] - Text ****** has been set on object 'Object Repository/Page_BCS Moodle Log in to the site/input_Password_password'

2022-01-11 22:31:27 - [TEST_STEP][PASSED] - click(findTestObject("Object Repository/Page_BCS Moodle Log in to the site/button_Log in")): Object: 'Object Repository/Page_BCS Moodle Log in to the site/button_Log in' is clicked on

2022-01-11 22:31:29 - [MESSAGE][PASSED] - Object: 'Object Repository/Page_BCS Moodle Log in to the site/button_Log in' is clicked on

2022-01-11 22:31:29 - [TEST_STEP][PASSED] - click(findTestObject("Object Repository/Page_Dashboard/div_Course image")): Object: 'Object Repository/Page_Dashboard/div_Course image' is clicked on

2022-01-11 22:31:31 - [MESSAGE][PASSED] - Object: 'Object Repository/Page_Dashboard/div_Course image' is clicked on

2022-01-11 22:31:31 - [TEST_STEP][PASSED] - click(findTestObject("Object Repository/Page_Course Ton t hp/button_Turn editing on")): Object: 'Object Repository/Page_Course Ton t hp/button_Turn editing on' is clicked on

2022-01-11 22:31:33 - [MESSAGE][PASSED] - Object: 'Object Repository/Page_Course Ton t hp/button_Turn editing on' is clicked on

2022-01-11 22:31:33 - [TEST_STEP][PASSED] - click(findTestObject("Page_Course Ton t hp/span_Add an activity or resource (1)")): Object: 'Object Repository/Page_Course Ton t hp/span_Add an activity or resource (1)' is clicked on

2022-01-11 22:31:33 - [MESSAGE][PASSED] - Object: 'Object Repository/Page_Course Ton t hp/span_Add an activity or resource (1)' is clicked on

2022-01-11 22:31:33 - [TEST_STEP][PASSED] - click(findTestObject("Object Repository/Page_Course Ton t hp/img_Recommended_icon icon")): Object: 'Object Repository/Page_Course Ton t hp/img_Recommended_icon icon' is clicked on

2022-01-11 22:31:35 - [MESSAGE][PASSED] - Object: 'Object Repository/Page_Course Ton t hp/img_Recommended_icon icon' is clicked on

2022-01-11 22:31:35 - [TEST_STEP][PASSED] - setText(findTestObject("Object Repository/Page_Editing Assignment/input_Assignment name_name"), "Basic Assignment"): Text 'Basic Assignment' is set on object 'Object Repository/Page_Editing Assignment/input_Assignment name_name'

2022-01-11 22:31:37 - [MESSAGE][PASSED] - Text 'Basic Assignment' is set on object 'Object Repository/Page_Editing Assignment/input_Assignment name_name'

2022-01-11 22:31:37 - [TEST_STEP][PASSED] - click(findTestObject("Object Repository/Page_Editing Assignment/input_Upon activity completion_submitbutton2")): Object: 'Object Repository/Page_Editing Assignment/input_Upon activity completion_submitbutton2' is clicked on

2022-01-11 22:31:39 - [MESSAGE][PASSED] - Object: 'Object Repository/Page_Editing Assignment/input_Upon activity completion_submitbutton2' is clicked on

2022-01-11 22:31:39 - [TEST_STEP][PASSED] - closeBrowser(): Browser is closed

2022-01-11 22:31:39 - [MESSAGE][PASSED] - Browser is closed]]></system-out>
         <system-err><![CDATA[]]></system-err>
      </testcase>
      <testcase name="Test Cases/Teacher/Teacher_Add Forum/Teacher_Add Forum With Topic Valid All Required" time="17.892" classname="Test Cases/Teacher/Teacher_Add Forum/Teacher_Add Forum With Topic Valid All Required" status="FAILED">
         <failure type="FAILED" message="Test Cases/Teacher/Teacher_Add Forum/Teacher_Add Forum With Topic Valid All Required FAILED.
Reason:
com.kms.katalon.core.exception.StepFailedException: Unable to set text 'My First Topic' of object 'Object Repository/Page_New Forum With Topic/input_Subject_subject'
	at com.kms.katalon.core.webui.keyword.internal.WebUIKeywordMain.stepFailed(WebUIKeywordMain.groovy:64)
	at com.kms.katalon.core.webui.keyword.internal.WebUIKeywordMain.runKeyword(WebUIKeywordMain.groovy:26)
	at com.kms.katalon.core.webui.keyword.builtin.SetTextKeyword.setText(SetTextKeyword.groovy:66)
	at com.kms.katalon.core.webui.keyword.builtin.SetTextKeyword.execute(SetTextKeyword.groovy:37)
	at com.kms.katalon.core.keyword.internal.KeywordExecutor.executeKeywordForPlatform(KeywordExecutor.groovy:74)
	at com.kms.katalon.core.webui.keyword.WebUiBuiltInKeywords.setText(WebUiBuiltInKeywords.groovy:980)
	at com.kms.katalon.core.webui.keyword.WebUiBuiltInKeywords$setText$1.call(Unknown Source)
	at Teacher_Add Forum With Topic Valid All Required.run(Teacher_Add Forum With Topic Valid All Required:46)
	at com.kms.katalon.core.main.ScriptEngine.run(ScriptEngine.java:194)
	at com.kms.katalon.core.main.ScriptEngine.runScriptAsRawText(ScriptEngine.java:119)
	at com.kms.katalon.core.main.TestCaseExecutor.runScript(TestCaseExecutor.java:442)
	at com.kms.katalon.core.main.TestCaseExecutor.doExecute(TestCaseExecutor.java:433)
	at com.kms.katalon.core.main.TestCaseExecutor.processExecutionPhase(TestCaseExecutor.java:412)
	at com.kms.katalon.core.main.TestCaseExecutor.accessMainPhase(TestCaseExecutor.java:404)
	at com.kms.katalon.core.main.TestCaseExecutor.execute(TestCaseExecutor.java:281)
	at com.kms.katalon.core.main.TestSuiteExecutor.accessTestCaseMainPhase(TestSuiteExecutor.java:202)
	at com.kms.katalon.core.main.TestSuiteExecutor.accessTestSuiteMainPhase(TestSuiteExecutor.java:164)
	at com.kms.katalon.core.main.TestSuiteExecutor.execute(TestSuiteExecutor.java:105)
	at com.kms.katalon.core.main.TestCaseMain.startTestSuite(TestCaseMain.java:181)
	at com.kms.katalon.core.main.TestCaseMain$startTestSuite$0.call(Unknown Source)
	at TempTestSuite1641914798393.run(TempTestSuite1641914798393.groovy:36)
Caused by: org.openqa.selenium.ElementNotInteractableException: element not interactable
  (Session info: chrome=96.0.4664.110)
Build info: version: '3.141.59', revision: 'e82be7d358', time: '2018-11-14T08:25:53'
System info: host: 'MSI', ip: '192.168.213.1', os.name: 'Windows 10', os.arch: 'amd64', os.version: '10.0', java.version: '1.8.0_282'
Driver info: com.kms.katalon.selenium.driver.CChromeDriver
Capabilities {acceptInsecureCerts: false, browserName: chrome, browserVersion: 96.0.4664.110, chrome: {chromedriverVersion: 95.0.4638.17 (a9d0719444d4b..., userDataDir: C:\Users\MDH\AppData\Local\...}, goog:chromeOptions: {debuggerAddress: localhost:51745}, javascriptEnabled: true, networkConnectionEnabled: false, pageLoadStrategy: normal, platform: WINDOWS, platformName: WINDOWS, proxy: Proxy(), setWindowRect: true, strictFileInteractability: false, timeouts: {implicit: 0, pageLoad: 300000, script: 30000}, unhandledPromptBehavior: dismiss and notify, webauthn:extension:credBlob: true, webauthn:extension:largeBlob: true, webauthn:virtualAuthenticators: true}
Session ID: b117cc90ed9776505c1a3cb6dcc1148f
	at org.openqa.selenium.remote.http.W3CHttpResponseCodec.createException(W3CHttpResponseCodec.java:187)
	at org.openqa.selenium.remote.http.W3CHttpResponseCodec.decode(W3CHttpResponseCodec.java:122)
	at org.openqa.selenium.remote.http.W3CHttpResponseCodec.decode(W3CHttpResponseCodec.java:49)
	at org.openqa.selenium.remote.HttpCommandExecutor.execute(HttpCommandExecutor.java:158)
	at org.openqa.selenium.remote.service.DriverCommandExecutor.execute(DriverCommandExecutor.java:83)
	at org.openqa.selenium.remote.RemoteWebDriver.execute(RemoteWebDriver.java:552)
	at com.kms.katalon.selenium.driver.CChromeDriver.execute(CChromeDriver.java:19)
	at org.openqa.selenium.remote.RemoteWebElement.execute(RemoteWebElement.java:285)
	at org.openqa.selenium.remote.RemoteWebElement.clear(RemoteWebElement.java:124)
	at org.openqa.selenium.support.events.EventFiringWebDriver$EventFiringWebElement.lambda$new$0(EventFiringWebDriver.java:404)
	at com.sun.proxy.$Proxy11.clear(Unknown Source)
	at org.openqa.selenium.support.events.EventFiringWebDriver$EventFiringWebElement.clear(EventFiringWebDriver.java:436)
	at com.kms.katalon.core.webui.keyword.builtin.SetTextKeyword$_setText_closure1.doCall(SetTextKeyword.groovy:53)
	at com.kms.katalon.core.webui.keyword.builtin.SetTextKeyword$_setText_closure1.call(SetTextKeyword.groovy)
	at com.kms.katalon.core.webui.keyword.internal.WebUIKeywordMain.runKeyword(WebUIKeywordMain.groovy:20)
	... 19 more
"/>
         <system-out><![CDATA[2022-01-11 22:31:39 - [TEST_CASE][FAILED] - Test Cases/Teacher/Teacher_Add Forum/Teacher_Add Forum With Topic Valid All Required: Test Cases/Teacher/Teacher_Add Forum/Teacher_Add Forum With Topic Valid All Required FAILED.
Reason:
com.kms.katalon.core.exception.StepFailedException: Unable to set text 'My First Topic' of object 'Object Repository/Page_New Forum With Topic/input_Subject_subject'
	at com.kms.katalon.core.webui.keyword.internal.WebUIKeywordMain.stepFailed(WebUIKeywordMain.groovy:64)
	at com.kms.katalon.core.webui.keyword.internal.WebUIKeywordMain.runKeyword(WebUIKeywordMain.groovy:26)
	at com.kms.katalon.core.webui.keyword.builtin.SetTextKeyword.setText(SetTextKeyword.groovy:66)
	at com.kms.katalon.core.webui.keyword.builtin.SetTextKeyword.execute(SetTextKeyword.groovy:37)
	at com.kms.katalon.core.keyword.internal.KeywordExecutor.executeKeywordForPlatform(KeywordExecutor.groovy:74)
	at com.kms.katalon.core.webui.keyword.WebUiBuiltInKeywords.setText(WebUiBuiltInKeywords.groovy:980)
	at com.kms.katalon.core.webui.keyword.WebUiBuiltInKeywords$setText$1.call(Unknown Source)
	at Teacher_Add Forum With Topic Valid All Required.run(Teacher_Add Forum With Topic Valid All Required:46)
	at com.kms.katalon.core.main.ScriptEngine.run(ScriptEngine.java:194)
	at com.kms.katalon.core.main.ScriptEngine.runScriptAsRawText(ScriptEngine.java:119)
	at com.kms.katalon.core.main.TestCaseExecutor.runScript(TestCaseExecutor.java:442)
	at com.kms.katalon.core.main.TestCaseExecutor.doExecute(TestCaseExecutor.java:433)
	at com.kms.katalon.core.main.TestCaseExecutor.processExecutionPhase(TestCaseExecutor.java:412)
	at com.kms.katalon.core.main.TestCaseExecutor.accessMainPhase(TestCaseExecutor.java:404)
	at com.kms.katalon.core.main.TestCaseExecutor.execute(TestCaseExecutor.java:281)
	at com.kms.katalon.core.main.TestSuiteExecutor.accessTestCaseMainPhase(TestSuiteExecutor.java:202)
	at com.kms.katalon.core.main.TestSuiteExecutor.accessTestSuiteMainPhase(TestSuiteExecutor.java:164)
	at com.kms.katalon.core.main.TestSuiteExecutor.execute(TestSuiteExecutor.java:105)
	at com.kms.katalon.core.main.TestCaseMain.startTestSuite(TestCaseMain.java:181)
	at com.kms.katalon.core.main.TestCaseMain$startTestSuite$0.call(Unknown Source)
	at TempTestSuite1641914798393.run(TempTestSuite1641914798393.groovy:36)
Caused by: org.openqa.selenium.ElementNotInteractableException: element not interactable
  (Session info: chrome=96.0.4664.110)
Build info: version: '3.141.59', revision: 'e82be7d358', time: '2018-11-14T08:25:53'
System info: host: 'MSI', ip: '192.168.213.1', os.name: 'Windows 10', os.arch: 'amd64', os.version: '10.0', java.version: '1.8.0_282'
Driver info: com.kms.katalon.selenium.driver.CChromeDriver
Capabilities {acceptInsecureCerts: false, browserName: chrome, browserVersion: 96.0.4664.110, chrome: {chromedriverVersion: 95.0.4638.17 (a9d0719444d4b..., userDataDir: C:\Users\MDH\AppData\Local\...}, goog:chromeOptions: {debuggerAddress: localhost:51745}, javascriptEnabled: true, networkConnectionEnabled: false, pageLoadStrategy: normal, platform: WINDOWS, platformName: WINDOWS, proxy: Proxy(), setWindowRect: true, strictFileInteractability: false, timeouts: {implicit: 0, pageLoad: 300000, script: 30000}, unhandledPromptBehavior: dismiss and notify, webauthn:extension:credBlob: true, webauthn:extension:largeBlob: true, webauthn:virtualAuthenticators: true}
Session ID: b117cc90ed9776505c1a3cb6dcc1148f
	at org.openqa.selenium.remote.http.W3CHttpResponseCodec.createException(W3CHttpResponseCodec.java:187)
	at org.openqa.selenium.remote.http.W3CHttpResponseCodec.decode(W3CHttpResponseCodec.java:122)
	at org.openqa.selenium.remote.http.W3CHttpResponseCodec.decode(W3CHttpResponseCodec.java:49)
	at org.openqa.selenium.remote.HttpCommandExecutor.execute(HttpCommandExecutor.java:158)
	at org.openqa.selenium.remote.service.DriverCommandExecutor.execute(DriverCommandExecutor.java:83)
	at org.openqa.selenium.remote.RemoteWebDriver.execute(RemoteWebDriver.java:552)
	at com.kms.katalon.selenium.driver.CChromeDriver.execute(CChromeDriver.java:19)
	at org.openqa.selenium.remote.RemoteWebElement.execute(RemoteWebElement.java:285)
	at org.openqa.selenium.remote.RemoteWebElement.clear(RemoteWebElement.java:124)
	at org.openqa.selenium.support.events.EventFiringWebDriver$EventFiringWebElement.lambda$new$0(EventFiringWebDriver.java:404)
	at com.sun.proxy.$Proxy11.clear(Unknown Source)
	at org.openqa.selenium.support.events.EventFiringWebDriver$EventFiringWebElement.clear(EventFiringWebDriver.java:436)
	at com.kms.katalon.core.webui.keyword.builtin.SetTextKeyword$_setText_closure1.doCall(SetTextKeyword.groovy:53)
	at com.kms.katalon.core.webui.keyword.builtin.SetTextKeyword$_setText_closure1.call(SetTextKeyword.groovy)
	at com.kms.katalon.core.webui.keyword.internal.WebUIKeywordMain.runKeyword(WebUIKeywordMain.groovy:20)
	... 19 more


2022-01-11 22:31:39 - [TEST_STEP][PASSED] - openBrowser(""): Browser is opened with url: ''

2022-01-11 22:31:39 - [MESSAGE][INFO] - Starting 'Chrome' driver

2022-01-11 22:31:39 - [MESSAGE][INFO] - User set preference: ['args', '[window-size=1300,900]']

2022-01-11 22:31:39 - [MESSAGE][INFO] - Action delay is set to 0 milliseconds

2022-01-11 22:31:41 - [MESSAGE][PASSED] - Browser is opened with url: ''

2022-01-11 22:31:41 - [TEST_STEP][PASSED] - navigateToUrl("http://localhost:8080/moodle/"): Navigate to 'http://localhost:8080/moodle/' successfully

2022-01-11 22:31:41 - [MESSAGE][PASSED] - Navigate to 'http://localhost:8080/moodle/' successfully

2022-01-11 22:31:41 - [TEST_STEP][PASSED] - click(findTestObject("Object Repository/Page_BCS Moodle/a_Log in")): Object: 'Object Repository/Page_BCS Moodle/a_Log in' is clicked on

2022-01-11 22:31:42 - [MESSAGE][PASSED] - Object: 'Object Repository/Page_BCS Moodle/a_Log in' is clicked on

2022-01-11 22:31:42 - [TEST_STEP][PASSED] - setText(findTestObject("Object Repository/Page_BCS Moodle Log in to the site/input_Username_username"), "onix"): Text 'onix' is set on object 'Object Repository/Page_BCS Moodle Log in to the site/input_Username_username'

2022-01-11 22:31:43 - [MESSAGE][PASSED] - Text 'onix' is set on object 'Object Repository/Page_BCS Moodle Log in to the site/input_Username_username'

2022-01-11 22:31:43 - [TEST_STEP][PASSED] - setEncryptedText(findTestObject("Object Repository/Page_BCS Moodle Log in to the site/input_Password_password"), "uw4zQNl2RedGtkZxJt1B2nZNxIOg3YnT"): Text ****** has been set on object 'Object Repository/Page_BCS Moodle Log in to the site/input_Password_password'

2022-01-11 22:31:43 - [MESSAGE][PASSED] - Text ****** has been set on object 'Object Repository/Page_BCS Moodle Log in to the site/input_Password_password'

2022-01-11 22:31:43 - [TEST_STEP][PASSED] - click(findTestObject("Object Repository/Page_BCS Moodle Log in to the site/button_Log in")): Object: 'Object Repository/Page_BCS Moodle Log in to the site/button_Log in' is clicked on

2022-01-11 22:31:45 - [MESSAGE][PASSED] - Object: 'Object Repository/Page_BCS Moodle Log in to the site/button_Log in' is clicked on

2022-01-11 22:31:45 - [TEST_STEP][PASSED] - click(findTestObject("Object Repository/Page_Dashboard/div_Course image")): Object: 'Object Repository/Page_Dashboard/div_Course image' is clicked on

2022-01-11 22:31:47 - [MESSAGE][PASSED] - Object: 'Object Repository/Page_Dashboard/div_Course image' is clicked on

2022-01-11 22:31:47 - [TEST_STEP][PASSED] - click(findTestObject("Object Repository/Page_Course Ton t hp/button_Turn editing on")): Object: 'Object Repository/Page_Course Ton t hp/button_Turn editing on' is clicked on

2022-01-11 22:31:49 - [MESSAGE][PASSED] - Object: 'Object Repository/Page_Course Ton t hp/button_Turn editing on' is clicked on

2022-01-11 22:31:49 - [TEST_STEP][PASSED] - click(findTestObject("Object Repository/Page_Course Ton t hp/span_Add an activity or resource (2)")): Object: 'Object Repository/Page_Course Ton t hp/span_Add an activity or resource (2)' is clicked on

2022-01-11 22:31:50 - [MESSAGE][PASSED] - Object: 'Object Repository/Page_Course Ton t hp/span_Add an activity or resource (2)' is clicked on

2022-01-11 22:31:50 - [TEST_STEP][PASSED] - click(findTestObject("Object Repository/Page_Course Ton t hp/img_Information about the Folder activity_i_e12f9c")): Object: 'Object Repository/Page_Course Ton t hp/img_Information about the Folder activity_i_e12f9c' is clicked on

2022-01-11 22:31:52 - [MESSAGE][PASSED] - Object: 'Object Repository/Page_Course Ton t hp/img_Information about the Folder activity_i_e12f9c' is clicked on

2022-01-11 22:31:52 - [TEST_STEP][PASSED] - setText(findTestObject("Object Repository/Page_Editing Forum/input_Forum name_name"), "New Forum With Topic"): Text 'New Forum With Topic' is set on object 'Object Repository/Page_Editing Forum/input_Forum name_name'

2022-01-11 22:31:53 - [MESSAGE][PASSED] - Text 'New Forum With Topic' is set on object 'Object Repository/Page_Editing Forum/input_Forum name_name'

2022-01-11 22:31:53 - [TEST_STEP][PASSED] - click(findTestObject("Object Repository/Page_Editing Forum/input_Upon activity completion_submitbutton")): Object: 'Object Repository/Page_Editing Forum/input_Upon activity completion_submitbutton' is clicked on

2022-01-11 22:31:55 - [MESSAGE][PASSED] - Object: 'Object Repository/Page_Editing Forum/input_Upon activity completion_submitbutton' is clicked on

2022-01-11 22:31:55 - [TEST_STEP][PASSED] - click(findTestObject("Object Repository/Page_New Forum With Topic/a_Add a new discussion topic")): Object: 'Object Repository/Page_New Forum With Topic/a_Add a new discussion topic' is clicked on

2022-01-11 22:31:57 - [MESSAGE][PASSED] - Object: 'Object Repository/Page_New Forum With Topic/a_Add a new discussion topic' is clicked on

2022-01-11 22:31:57 - [TEST_STEP][FAILED] - setText(findTestObject("Object Repository/Page_New Forum With Topic/input_Subject_subject"), "My First Topic"): Unable to set text 'My First Topic' of object 'Object Repository/Page_New Forum With Topic/input_Subject_subject' (Root cause: com.kms.katalon.core.exception.StepFailedException: Unable to set text 'My First Topic' of object 'Object Repository/Page_New Forum With Topic/input_Subject_subject'
	at com.kms.katalon.core.webui.keyword.internal.WebUIKeywordMain.stepFailed(WebUIKeywordMain.groovy:64)
	at com.kms.katalon.core.webui.keyword.internal.WebUIKeywordMain.runKeyword(WebUIKeywordMain.groovy:26)
	at com.kms.katalon.core.webui.keyword.builtin.SetTextKeyword.setText(SetTextKeyword.groovy:66)
	at com.kms.katalon.core.webui.keyword.builtin.SetTextKeyword.execute(SetTextKeyword.groovy:37)
	at com.kms.katalon.core.keyword.internal.KeywordExecutor.executeKeywordForPlatform(KeywordExecutor.groovy:74)
	at com.kms.katalon.core.webui.keyword.WebUiBuiltInKeywords.setText(WebUiBuiltInKeywords.groovy:980)
	at com.kms.katalon.core.webui.keyword.WebUiBuiltInKeywords$setText$1.call(Unknown Source)
	at Teacher_Add Forum With Topic Valid All Required.run(Teacher_Add Forum With Topic Valid All Required:46)
	at com.kms.katalon.core.main.ScriptEngine.run(ScriptEngine.java:194)
	at com.kms.katalon.core.main.ScriptEngine.runScriptAsRawText(ScriptEngine.java:119)
	at com.kms.katalon.core.main.TestCaseExecutor.runScript(TestCaseExecutor.java:442)
	at com.kms.katalon.core.main.TestCaseExecutor.doExecute(TestCaseExecutor.java:433)
	at com.kms.katalon.core.main.TestCaseExecutor.processExecutionPhase(TestCaseExecutor.java:412)
	at com.kms.katalon.core.main.TestCaseExecutor.accessMainPhase(TestCaseExecutor.java:404)
	at com.kms.katalon.core.main.TestCaseExecutor.execute(TestCaseExecutor.java:281)
	at com.kms.katalon.core.main.TestSuiteExecutor.accessTestCaseMainPhase(TestSuiteExecutor.java:202)
	at com.kms.katalon.core.main.TestSuiteExecutor.accessTestSuiteMainPhase(TestSuiteExecutor.java:164)
	at com.kms.katalon.core.main.TestSuiteExecutor.execute(TestSuiteExecutor.java:105)
	at com.kms.katalon.core.main.TestCaseMain.startTestSuite(TestCaseMain.java:181)
	at com.kms.katalon.core.main.TestCaseMain$startTestSuite$0.call(Unknown Source)
	at TempTestSuite1641914798393.run(TempTestSuite1641914798393.groovy:36)
Caused by: org.openqa.selenium.ElementNotInteractableException: element not interactable
  (Session info: chrome=96.0.4664.110)
Build info: version: '3.141.59', revision: 'e82be7d358', time: '2018-11-14T08:25:53'
System info: host: 'MSI', ip: '192.168.213.1', os.name: 'Windows 10', os.arch: 'amd64', os.version: '10.0', java.version: '1.8.0_282'
Driver info: com.kms.katalon.selenium.driver.CChromeDriver
Capabilities {acceptInsecureCerts: false, browserName: chrome, browserVersion: 96.0.4664.110, chrome: {chromedriverVersion: 95.0.4638.17 (a9d0719444d4b..., userDataDir: C:\Users\MDH\AppData\Local\...}, goog:chromeOptions: {debuggerAddress: localhost:51745}, javascriptEnabled: true, networkConnectionEnabled: false, pageLoadStrategy: normal, platform: WINDOWS, platformName: WINDOWS, proxy: Proxy(), setWindowRect: true, strictFileInteractability: false, timeouts: {implicit: 0, pageLoad: 300000, script: 30000}, unhandledPromptBehavior: dismiss and notify, webauthn:extension:credBlob: true, webauthn:extension:largeBlob: true, webauthn:virtualAuthenticators: true}
Session ID: b117cc90ed9776505c1a3cb6dcc1148f
	at org.openqa.selenium.remote.http.W3CHttpResponseCodec.createException(W3CHttpResponseCodec.java:187)
	at org.openqa.selenium.remote.http.W3CHttpResponseCodec.decode(W3CHttpResponseCodec.java:122)
	at org.openqa.selenium.remote.http.W3CHttpResponseCodec.decode(W3CHttpResponseCodec.java:49)
	at org.openqa.selenium.remote.HttpCommandExecutor.execute(HttpCommandExecutor.java:158)
	at org.openqa.selenium.remote.service.DriverCommandExecutor.execute(DriverCommandExecutor.java:83)
	at org.openqa.selenium.remote.RemoteWebDriver.execute(RemoteWebDriver.java:552)
	at com.kms.katalon.selenium.driver.CChromeDriver.execute(CChromeDriver.java:19)
	at org.openqa.selenium.remote.RemoteWebElement.execute(RemoteWebElement.java:285)
	at org.openqa.selenium.remote.RemoteWebElement.clear(RemoteWebElement.java:124)
	at org.openqa.selenium.support.events.EventFiringWebDriver$EventFiringWebElement.lambda$new$0(EventFiringWebDriver.java:404)
	at com.sun.proxy.$Proxy11.clear(Unknown Source)
	at org.openqa.selenium.support.events.EventFiringWebDriver$EventFiringWebElement.clear(EventFiringWebDriver.java:436)
	at com.kms.katalon.core.webui.keyword.builtin.SetTextKeyword$_setText_closure1.doCall(SetTextKeyword.groovy:53)
	at com.kms.katalon.core.webui.keyword.builtin.SetTextKeyword$_setText_closure1.call(SetTextKeyword.groovy)
	at com.kms.katalon.core.webui.keyword.internal.WebUIKeywordMain.runKeyword(WebUIKeywordMain.groovy:20)
	at com.kms.katalon.core.webui.keyword.builtin.SetTextKeyword.setText(SetTextKeyword.groovy:66)
	at com.kms.katalon.core.webui.keyword.builtin.SetTextKeyword.execute(SetTextKeyword.groovy:37)
	at com.kms.katalon.core.keyword.internal.KeywordExecutor.executeKeywordForPlatform(KeywordExecutor.groovy:74)
	at com.kms.katalon.core.webui.keyword.WebUiBuiltInKeywords.setText(WebUiBuiltInKeywords.groovy:980)
	at com.kms.katalon.core.webui.keyword.WebUiBuiltInKeywords$setText$1.call(Unknown Source)
	at Script1641397605199.run(Script1641397605199.groovy:46)
	... 13 more
)

2022-01-11 22:31:57 - [MESSAGE][FAILED] - Unable to set text 'My First Topic' of object 'Object Repository/Page_New Forum With Topic/input_Subject_subject' (Root cause: com.kms.katalon.core.exception.StepFailedException: Unable to set text 'My First Topic' of object 'Object Repository/Page_New Forum With Topic/input_Subject_subject'
	at com.kms.katalon.core.webui.keyword.internal.WebUIKeywordMain.stepFailed(WebUIKeywordMain.groovy:64)
	at com.kms.katalon.core.webui.keyword.internal.WebUIKeywordMain.runKeyword(WebUIKeywordMain.groovy:26)
	at com.kms.katalon.core.webui.keyword.builtin.SetTextKeyword.setText(SetTextKeyword.groovy:66)
	at com.kms.katalon.core.webui.keyword.builtin.SetTextKeyword.execute(SetTextKeyword.groovy:37)
	at com.kms.katalon.core.keyword.internal.KeywordExecutor.executeKeywordForPlatform(KeywordExecutor.groovy:74)
	at com.kms.katalon.core.webui.keyword.WebUiBuiltInKeywords.setText(WebUiBuiltInKeywords.groovy:980)
	at com.kms.katalon.core.webui.keyword.WebUiBuiltInKeywords$setText$1.call(Unknown Source)
	at Teacher_Add Forum With Topic Valid All Required.run(Teacher_Add Forum With Topic Valid All Required:46)
	at com.kms.katalon.core.main.ScriptEngine.run(ScriptEngine.java:194)
	at com.kms.katalon.core.main.ScriptEngine.runScriptAsRawText(ScriptEngine.java:119)
	at com.kms.katalon.core.main.TestCaseExecutor.runScript(TestCaseExecutor.java:442)
	at com.kms.katalon.core.main.TestCaseExecutor.doExecute(TestCaseExecutor.java:433)
	at com.kms.katalon.core.main.TestCaseExecutor.processExecutionPhase(TestCaseExecutor.java:412)
	at com.kms.katalon.core.main.TestCaseExecutor.accessMainPhase(TestCaseExecutor.java:404)
	at com.kms.katalon.core.main.TestCaseExecutor.execute(TestCaseExecutor.java:281)
	at com.kms.katalon.core.main.TestSuiteExecutor.accessTestCaseMainPhase(TestSuiteExecutor.java:202)
	at com.kms.katalon.core.main.TestSuiteExecutor.accessTestSuiteMainPhase(TestSuiteExecutor.java:164)
	at com.kms.katalon.core.main.TestSuiteExecutor.execute(TestSuiteExecutor.java:105)
	at com.kms.katalon.core.main.TestCaseMain.startTestSuite(TestCaseMain.java:181)
	at com.kms.katalon.core.main.TestCaseMain$startTestSuite$0.call(Unknown Source)
	at TempTestSuite1641914798393.run(TempTestSuite1641914798393.groovy:36)
Caused by: org.openqa.selenium.ElementNotInteractableException: element not interactable
  (Session info: chrome=96.0.4664.110)
Build info: version: '3.141.59', revision: 'e82be7d358', time: '2018-11-14T08:25:53'
System info: host: 'MSI', ip: '192.168.213.1', os.name: 'Windows 10', os.arch: 'amd64', os.version: '10.0', java.version: '1.8.0_282'
Driver info: com.kms.katalon.selenium.driver.CChromeDriver
Capabilities {acceptInsecureCerts: false, browserName: chrome, browserVersion: 96.0.4664.110, chrome: {chromedriverVersion: 95.0.4638.17 (a9d0719444d4b..., userDataDir: C:\Users\MDH\AppData\Local\...}, goog:chromeOptions: {debuggerAddress: localhost:51745}, javascriptEnabled: true, networkConnectionEnabled: false, pageLoadStrategy: normal, platform: WINDOWS, platformName: WINDOWS, proxy: Proxy(), setWindowRect: true, strictFileInteractability: false, timeouts: {implicit: 0, pageLoad: 300000, script: 30000}, unhandledPromptBehavior: dismiss and notify, webauthn:extension:credBlob: true, webauthn:extension:largeBlob: true, webauthn:virtualAuthenticators: true}
Session ID: b117cc90ed9776505c1a3cb6dcc1148f
	at org.openqa.selenium.remote.http.W3CHttpResponseCodec.createException(W3CHttpResponseCodec.java:187)
	at org.openqa.selenium.remote.http.W3CHttpResponseCodec.decode(W3CHttpResponseCodec.java:122)
	at org.openqa.selenium.remote.http.W3CHttpResponseCodec.decode(W3CHttpResponseCodec.java:49)
	at org.openqa.selenium.remote.HttpCommandExecutor.execute(HttpCommandExecutor.java:158)
	at org.openqa.selenium.remote.service.DriverCommandExecutor.execute(DriverCommandExecutor.java:83)
	at org.openqa.selenium.remote.RemoteWebDriver.execute(RemoteWebDriver.java:552)
	at com.kms.katalon.selenium.driver.CChromeDriver.execute(CChromeDriver.java:19)
	at org.openqa.selenium.remote.RemoteWebElement.execute(RemoteWebElement.java:285)
	at org.openqa.selenium.remote.RemoteWebElement.clear(RemoteWebElement.java:124)
	at org.openqa.selenium.support.events.EventFiringWebDriver$EventFiringWebElement.lambda$new$0(EventFiringWebDriver.java:404)
	at com.sun.proxy.$Proxy11.clear(Unknown Source)
	at org.openqa.selenium.support.events.EventFiringWebDriver$EventFiringWebElement.clear(EventFiringWebDriver.java:436)
	at com.kms.katalon.core.webui.keyword.builtin.SetTextKeyword$_setText_closure1.doCall(SetTextKeyword.groovy:53)
	at com.kms.katalon.core.webui.keyword.builtin.SetTextKeyword$_setText_closure1.call(SetTextKeyword.groovy)
	at com.kms.katalon.core.webui.keyword.internal.WebUIKeywordMain.runKeyword(WebUIKeywordMain.groovy:20)
	at com.kms.katalon.core.webui.keyword.builtin.SetTextKeyword.setText(SetTextKeyword.groovy:66)
	at com.kms.katalon.core.webui.keyword.builtin.SetTextKeyword.execute(SetTextKeyword.groovy:37)
	at com.kms.katalon.core.keyword.internal.KeywordExecutor.executeKeywordForPlatform(KeywordExecutor.groovy:74)
	at com.kms.katalon.core.webui.keyword.WebUiBuiltInKeywords.setText(WebUiBuiltInKeywords.groovy:980)
	at com.kms.katalon.core.webui.keyword.WebUiBuiltInKeywords$setText$1.call(Unknown Source)
	at Script1641397605199.run(Script1641397605199.groovy:46)
	... 13 more
)
[[ATTACHMENT|D:\\Nam_3\\SE\\Quiz\\Bonus\\TestAutomation_NMCNPM\\Reports\\20220111_222638\\Run All Test Cases\\20220111_222638\\1641915117568.png]]]]></system-out>
         <system-err><![CDATA[2022-01-11 22:31:39 - [TEST_CASE][FAILED] - Test Cases/Teacher/Teacher_Add Forum/Teacher_Add Forum With Topic Valid All Required: Test Cases/Teacher/Teacher_Add Forum/Teacher_Add Forum With Topic Valid All Required FAILED.
Reason:
com.kms.katalon.core.exception.StepFailedException: Unable to set text 'My First Topic' of object 'Object Repository/Page_New Forum With Topic/input_Subject_subject'
	at com.kms.katalon.core.webui.keyword.internal.WebUIKeywordMain.stepFailed(WebUIKeywordMain.groovy:64)
	at com.kms.katalon.core.webui.keyword.internal.WebUIKeywordMain.runKeyword(WebUIKeywordMain.groovy:26)
	at com.kms.katalon.core.webui.keyword.builtin.SetTextKeyword.setText(SetTextKeyword.groovy:66)
	at com.kms.katalon.core.webui.keyword.builtin.SetTextKeyword.execute(SetTextKeyword.groovy:37)
	at com.kms.katalon.core.keyword.internal.KeywordExecutor.executeKeywordForPlatform(KeywordExecutor.groovy:74)
	at com.kms.katalon.core.webui.keyword.WebUiBuiltInKeywords.setText(WebUiBuiltInKeywords.groovy:980)
	at com.kms.katalon.core.webui.keyword.WebUiBuiltInKeywords$setText$1.call(Unknown Source)
	at Teacher_Add Forum With Topic Valid All Required.run(Teacher_Add Forum With Topic Valid All Required:46)
	at com.kms.katalon.core.main.ScriptEngine.run(ScriptEngine.java:194)
	at com.kms.katalon.core.main.ScriptEngine.runScriptAsRawText(ScriptEngine.java:119)
	at com.kms.katalon.core.main.TestCaseExecutor.runScript(TestCaseExecutor.java:442)
	at com.kms.katalon.core.main.TestCaseExecutor.doExecute(TestCaseExecutor.java:433)
	at com.kms.katalon.core.main.TestCaseExecutor.processExecutionPhase(TestCaseExecutor.java:412)
	at com.kms.katalon.core.main.TestCaseExecutor.accessMainPhase(TestCaseExecutor.java:404)
	at com.kms.katalon.core.main.TestCaseExecutor.execute(TestCaseExecutor.java:281)
	at com.kms.katalon.core.main.TestSuiteExecutor.accessTestCaseMainPhase(TestSuiteExecutor.java:202)
	at com.kms.katalon.core.main.TestSuiteExecutor.accessTestSuiteMainPhase(TestSuiteExecutor.java:164)
	at com.kms.katalon.core.main.TestSuiteExecutor.execute(TestSuiteExecutor.java:105)
	at com.kms.katalon.core.main.TestCaseMain.startTestSuite(TestCaseMain.java:181)
	at com.kms.katalon.core.main.TestCaseMain$startTestSuite$0.call(Unknown Source)
	at TempTestSuite1641914798393.run(TempTestSuite1641914798393.groovy:36)
Caused by: org.openqa.selenium.ElementNotInteractableException: element not interactable
  (Session info: chrome=96.0.4664.110)
Build info: version: '3.141.59', revision: 'e82be7d358', time: '2018-11-14T08:25:53'
System info: host: 'MSI', ip: '192.168.213.1', os.name: 'Windows 10', os.arch: 'amd64', os.version: '10.0', java.version: '1.8.0_282'
Driver info: com.kms.katalon.selenium.driver.CChromeDriver
Capabilities {acceptInsecureCerts: false, browserName: chrome, browserVersion: 96.0.4664.110, chrome: {chromedriverVersion: 95.0.4638.17 (a9d0719444d4b..., userDataDir: C:\Users\MDH\AppData\Local\...}, goog:chromeOptions: {debuggerAddress: localhost:51745}, javascriptEnabled: true, networkConnectionEnabled: false, pageLoadStrategy: normal, platform: WINDOWS, platformName: WINDOWS, proxy: Proxy(), setWindowRect: true, strictFileInteractability: false, timeouts: {implicit: 0, pageLoad: 300000, script: 30000}, unhandledPromptBehavior: dismiss and notify, webauthn:extension:credBlob: true, webauthn:extension:largeBlob: true, webauthn:virtualAuthenticators: true}
Session ID: b117cc90ed9776505c1a3cb6dcc1148f
	at org.openqa.selenium.remote.http.W3CHttpResponseCodec.createException(W3CHttpResponseCodec.java:187)
	at org.openqa.selenium.remote.http.W3CHttpResponseCodec.decode(W3CHttpResponseCodec.java:122)
	at org.openqa.selenium.remote.http.W3CHttpResponseCodec.decode(W3CHttpResponseCodec.java:49)
	at org.openqa.selenium.remote.HttpCommandExecutor.execute(HttpCommandExecutor.java:158)
	at org.openqa.selenium.remote.service.DriverCommandExecutor.execute(DriverCommandExecutor.java:83)
	at org.openqa.selenium.remote.RemoteWebDriver.execute(RemoteWebDriver.java:552)
	at com.kms.katalon.selenium.driver.CChromeDriver.execute(CChromeDriver.java:19)
	at org.openqa.selenium.remote.RemoteWebElement.execute(RemoteWebElement.java:285)
	at org.openqa.selenium.remote.RemoteWebElement.clear(RemoteWebElement.java:124)
	at org.openqa.selenium.support.events.EventFiringWebDriver$EventFiringWebElement.lambda$new$0(EventFiringWebDriver.java:404)
	at com.sun.proxy.$Proxy11.clear(Unknown Source)
	at org.openqa.selenium.support.events.EventFiringWebDriver$EventFiringWebElement.clear(EventFiringWebDriver.java:436)
	at com.kms.katalon.core.webui.keyword.builtin.SetTextKeyword$_setText_closure1.doCall(SetTextKeyword.groovy:53)
	at com.kms.katalon.core.webui.keyword.builtin.SetTextKeyword$_setText_closure1.call(SetTextKeyword.groovy)
	at com.kms.katalon.core.webui.keyword.internal.WebUIKeywordMain.runKeyword(WebUIKeywordMain.groovy:20)
	... 19 more]]></system-err>
      </testcase>
      <testcase name="Test Cases/Teacher/Teacher_Add Quiz/Teacher_Add Quiz Basic With Missing Name" time="16.27" classname="Test Cases/Teacher/Teacher_Add Quiz/Teacher_Add Quiz Basic With Missing Name" status="PASSED">
         <system-out><![CDATA[2022-01-11 22:31:57 - [TEST_CASE][PASSED] - Test Cases/Teacher/Teacher_Add Quiz/Teacher_Add Quiz Basic With Missing Name: Test Cases/Teacher/Teacher_Add Quiz/Teacher_Add Quiz Basic With Missing Name

2022-01-11 22:31:57 - [TEST_STEP][PASSED] - openBrowser(""): Browser is opened with url: ''

2022-01-11 22:31:57 - [MESSAGE][WARNING] - A browser is already opened. Closing browser and opening a new one

2022-01-11 22:31:58 - [MESSAGE][INFO] - Starting 'Chrome' driver

2022-01-11 22:31:58 - [MESSAGE][INFO] - User set preference: ['args', '[window-size=1300,900]']

2022-01-11 22:31:58 - [MESSAGE][INFO] - Action delay is set to 0 milliseconds

2022-01-11 22:31:59 - [MESSAGE][PASSED] - Browser is opened with url: ''

2022-01-11 22:31:59 - [TEST_STEP][PASSED] - navigateToUrl("http://localhost:8080/moodle/"): Navigate to 'http://localhost:8080/moodle/' successfully

2022-01-11 22:32:00 - [MESSAGE][PASSED] - Navigate to 'http://localhost:8080/moodle/' successfully

2022-01-11 22:32:00 - [TEST_STEP][PASSED] - click(findTestObject("Object Repository/Page_BCS Moodle/a_Log in")): Object: 'Object Repository/Page_BCS Moodle/a_Log in' is clicked on

2022-01-11 22:32:01 - [MESSAGE][PASSED] - Object: 'Object Repository/Page_BCS Moodle/a_Log in' is clicked on

2022-01-11 22:32:01 - [TEST_STEP][PASSED] - setText(findTestObject("Object Repository/Page_BCS Moodle Log in to the site/input_Username_username"), "onix"): Text 'onix' is set on object 'Object Repository/Page_BCS Moodle Log in to the site/input_Username_username'

2022-01-11 22:32:02 - [MESSAGE][PASSED] - Text 'onix' is set on object 'Object Repository/Page_BCS Moodle Log in to the site/input_Username_username'

2022-01-11 22:32:02 - [TEST_STEP][PASSED] - setEncryptedText(findTestObject("Object Repository/Page_BCS Moodle Log in to the site/input_Password_password"), "uw4zQNl2RedGtkZxJt1B2nZNxIOg3YnT"): Text ****** has been set on object 'Object Repository/Page_BCS Moodle Log in to the site/input_Password_password'

2022-01-11 22:32:02 - [MESSAGE][PASSED] - Text ****** has been set on object 'Object Repository/Page_BCS Moodle Log in to the site/input_Password_password'

2022-01-11 22:32:02 - [TEST_STEP][PASSED] - click(findTestObject("Object Repository/Page_BCS Moodle Log in to the site/button_Log in")): Object: 'Object Repository/Page_BCS Moodle Log in to the site/button_Log in' is clicked on

2022-01-11 22:32:04 - [MESSAGE][PASSED] - Object: 'Object Repository/Page_BCS Moodle Log in to the site/button_Log in' is clicked on

2022-01-11 22:32:04 - [TEST_STEP][PASSED] - click(findTestObject("Object Repository/Page_Dashboard/div_Course image")): Object: 'Object Repository/Page_Dashboard/div_Course image' is clicked on

2022-01-11 22:32:06 - [MESSAGE][PASSED] - Object: 'Object Repository/Page_Dashboard/div_Course image' is clicked on

2022-01-11 22:32:06 - [TEST_STEP][PASSED] - click(findTestObject("Object Repository/Page_Course Ton t hp/button_Turn editing on")): Object: 'Object Repository/Page_Course Ton t hp/button_Turn editing on' is clicked on

2022-01-11 22:32:08 - [MESSAGE][PASSED] - Object: 'Object Repository/Page_Course Ton t hp/button_Turn editing on' is clicked on

2022-01-11 22:32:08 - [TEST_STEP][PASSED] - click(findTestObject("Object Repository/Page_Course Ton t hp/span_Add an activity or resource (4)")): Object: 'Object Repository/Page_Course Ton t hp/span_Add an activity or resource (4)' is clicked on

2022-01-11 22:32:08 - [MESSAGE][PASSED] - Object: 'Object Repository/Page_Course Ton t hp/span_Add an activity or resource (4)' is clicked on

2022-01-11 22:32:08 - [TEST_STEP][PASSED] - click(findTestObject("Object Repository/Page_Course Ton t hp/a_Quiz_1")): Object: 'Object Repository/Page_Course Ton t hp/a_Quiz_1' is clicked on

2022-01-11 22:32:11 - [MESSAGE][PASSED] - Object: 'Object Repository/Page_Course Ton t hp/a_Quiz_1' is clicked on

2022-01-11 22:32:11 - [TEST_STEP][PASSED] - click(findTestObject("Object Repository/Page_Editing Quiz/input_Upon activity completion_submitbutton")): Object: 'Object Repository/Page_Editing Quiz/input_Upon activity completion_submitbutton' is clicked on

2022-01-11 22:32:12 - [MESSAGE][PASSED] - Object: 'Object Repository/Page_Editing Quiz/input_Upon activity completion_submitbutton' is clicked on

2022-01-11 22:32:12 - [TEST_STEP][PASSED] - verifyElementText(findTestObject("Object Repository/Page_Editing Quiz/div_- You must supply a value here"), "- You must supply a value here."): Actual text and expected text of test object 'Object Repository/Page_Editing Quiz/div_- You must supply a value here' are matched.

2022-01-11 22:32:13 - [MESSAGE][PASSED] - Actual text and expected text of test object 'Object Repository/Page_Editing Quiz/div_- You must supply a value here' are matched.

2022-01-11 22:32:13 - [TEST_STEP][PASSED] - closeBrowser(): Browser is closed

2022-01-11 22:32:13 - [MESSAGE][PASSED] - Browser is closed]]></system-out>
         <system-err><![CDATA[]]></system-err>
      </testcase>
      <testcase name="Test Cases/Teacher/Teacher_Add Quiz/Teacher_Quiz Add A Multiple Choices Question Successfully" time="30.954" classname="Test Cases/Teacher/Teacher_Add Quiz/Teacher_Quiz Add A Multiple Choices Question Successfully" status="PASSED">
         <system-out><![CDATA[2022-01-11 22:32:13 - [TEST_CASE][PASSED] - Test Cases/Teacher/Teacher_Add Quiz/Teacher_Quiz Add A Multiple Choices Question Successfully: Test Cases/Teacher/Teacher_Add Quiz/Teacher_Quiz Add A Multiple Choices Question Successfully

2022-01-11 22:32:14 - [TEST_STEP][PASSED] - openBrowser(""): Browser is opened with url: ''

2022-01-11 22:32:14 - [MESSAGE][INFO] - Starting 'Chrome' driver

2022-01-11 22:32:14 - [MESSAGE][INFO] - User set preference: ['args', '[window-size=1300,900]']

2022-01-11 22:32:14 - [MESSAGE][INFO] - Action delay is set to 0 milliseconds

2022-01-11 22:32:15 - [MESSAGE][PASSED] - Browser is opened with url: ''

2022-01-11 22:32:15 - [TEST_STEP][PASSED] - navigateToUrl("http://localhost:8080/moodle/"): Navigate to 'http://localhost:8080/moodle/' successfully

2022-01-11 22:32:15 - [MESSAGE][PASSED] - Navigate to 'http://localhost:8080/moodle/' successfully

2022-01-11 22:32:15 - [TEST_STEP][PASSED] - click(findTestObject("Object Repository/Page_BCS Moodle/a_Log in")): Object: 'Object Repository/Page_BCS Moodle/a_Log in' is clicked on

2022-01-11 22:32:16 - [MESSAGE][PASSED] - Object: 'Object Repository/Page_BCS Moodle/a_Log in' is clicked on

2022-01-11 22:32:16 - [TEST_STEP][PASSED] - setText(findTestObject("Object Repository/Page_BCS Moodle Log in to the site/input_Username_username"), "onix"): Text 'onix' is set on object 'Object Repository/Page_BCS Moodle Log in to the site/input_Username_username'

2022-01-11 22:32:17 - [MESSAGE][PASSED] - Text 'onix' is set on object 'Object Repository/Page_BCS Moodle Log in to the site/input_Username_username'

2022-01-11 22:32:17 - [TEST_STEP][PASSED] - setEncryptedText(findTestObject("Object Repository/Page_BCS Moodle Log in to the site/input_Password_password"), "uw4zQNl2RedGtkZxJt1B2nZNxIOg3YnT"): Text ****** has been set on object 'Object Repository/Page_BCS Moodle Log in to the site/input_Password_password'

2022-01-11 22:32:18 - [MESSAGE][PASSED] - Text ****** has been set on object 'Object Repository/Page_BCS Moodle Log in to the site/input_Password_password'

2022-01-11 22:32:18 - [TEST_STEP][PASSED] - click(findTestObject("Object Repository/Page_BCS Moodle Log in to the site/button_Log in")): Object: 'Object Repository/Page_BCS Moodle Log in to the site/button_Log in' is clicked on

2022-01-11 22:32:19 - [MESSAGE][PASSED] - Object: 'Object Repository/Page_BCS Moodle Log in to the site/button_Log in' is clicked on

2022-01-11 22:32:19 - [TEST_STEP][PASSED] - click(findTestObject("Object Repository/Page_Dashboard/div_Course image")): Object: 'Object Repository/Page_Dashboard/div_Course image' is clicked on

2022-01-11 22:32:21 - [MESSAGE][PASSED] - Object: 'Object Repository/Page_Dashboard/div_Course image' is clicked on

2022-01-11 22:32:21 - [TEST_STEP][PASSED] - click(findTestObject("Object Repository/Page_Course Ton t hp/button_Turn editing on")): Object: 'Object Repository/Page_Course Ton t hp/button_Turn editing on' is clicked on

2022-01-11 22:32:23 - [MESSAGE][PASSED] - Object: 'Object Repository/Page_Course Ton t hp/button_Turn editing on' is clicked on

2022-01-11 22:32:23 - [TEST_STEP][PASSED] - click(findTestObject("Object Repository/Page_Course Ton t hp/span_Add an activity or resource (4)")): Object: 'Object Repository/Page_Course Ton t hp/span_Add an activity or resource (4)' is clicked on

2022-01-11 22:32:24 - [MESSAGE][PASSED] - Object: 'Object Repository/Page_Course Ton t hp/span_Add an activity or resource (4)' is clicked on

2022-01-11 22:32:24 - [TEST_STEP][PASSED] - click(findTestObject("Object Repository/Page_Course Ton t hp/a_Quiz_1")): Object: 'Object Repository/Page_Course Ton t hp/a_Quiz_1' is clicked on

2022-01-11 22:32:26 - [MESSAGE][PASSED] - Object: 'Object Repository/Page_Course Ton t hp/a_Quiz_1' is clicked on

2022-01-11 22:32:26 - [TEST_STEP][PASSED] - setText(findTestObject("Object Repository/Page_Editing Quiz/input_Name_name"), "This is a quiz with a multiple choices question"): Text 'This is a quiz with a multiple choices question' is set on object 'Object Repository/Page_Editing Quiz/input_Name_name'

2022-01-11 22:32:27 - [MESSAGE][PASSED] - Text 'This is a quiz with a multiple choices question' is set on object 'Object Repository/Page_Editing Quiz/input_Name_name'

2022-01-11 22:32:27 - [TEST_STEP][PASSED] - click(findTestObject("Object Repository/Page_Editing Quiz/input_Upon activity completion_submitbutton")): Object: 'Object Repository/Page_Editing Quiz/input_Upon activity completion_submitbutton' is clicked on

2022-01-11 22:32:29 - [MESSAGE][PASSED] - Object: 'Object Repository/Page_Editing Quiz/input_Upon activity completion_submitbutton' is clicked on

2022-01-11 22:32:29 - [TEST_STEP][PASSED] - click(findTestObject("Object Repository/Page_TTH This is a quiz with a question tha_2529fa/button_Edit quiz")): Object: 'Object Repository/Page_TTH This is a quiz with a question tha_2529fa/button_Edit quiz' is clicked on

2022-01-11 22:32:30 - [MESSAGE][PASSED] - Object: 'Object Repository/Page_TTH This is a quiz with a question tha_2529fa/button_Edit quiz' is clicked on

2022-01-11 22:32:30 - [TEST_STEP][PASSED] - click(findTestObject("Object Repository/Page_Editing quiz A multiple choices questi_f96158/span_Add")): Object: 'Object Repository/Page_Editing quiz A multiple choices questi_f96158/span_Add' is clicked on

2022-01-11 22:32:31 - [MESSAGE][PASSED] - Object: 'Object Repository/Page_Editing quiz A multiple choices questi_f96158/span_Add' is clicked on

2022-01-11 22:32:31 - [TEST_STEP][PASSED] - click(findTestObject("Object Repository/Page_Editing quiz A multiple choices questi_f96158/span_a new question")): Object: 'Object Repository/Page_Editing quiz A multiple choices questi_f96158/span_a new question' is clicked on

2022-01-11 22:32:32 - [MESSAGE][PASSED] - Object: 'Object Repository/Page_Editing quiz A multiple choices questi_f96158/span_a new question' is clicked on

2022-01-11 22:32:32 - [TEST_STEP][PASSED] - click(findTestObject("Object Repository/Page_Editing quiz A multiple choices questi_f96158/span_Multiple choice")): Object: 'Object Repository/Page_Editing quiz A multiple choices questi_f96158/span_Multiple choice' is clicked on

2022-01-11 22:32:32 - [MESSAGE][PASSED] - Object: 'Object Repository/Page_Editing quiz A multiple choices questi_f96158/span_Multiple choice' is clicked on

2022-01-11 22:32:32 - [TEST_STEP][PASSED] - click(findTestObject("Object Repository/Page_Editing quiz A multiple choices questi_f96158/input_Description_submitbutton")): Object: 'Object Repository/Page_Editing quiz A multiple choices questi_f96158/input_Description_submitbutton' is clicked on

2022-01-11 22:32:34 - [MESSAGE][PASSED] - Object: 'Object Repository/Page_Editing quiz A multiple choices questi_f96158/input_Description_submitbutton' is clicked on

2022-01-11 22:32:34 - [TEST_STEP][PASSED] - setText(findTestObject("Object Repository/Page_Editing a Multiple choice question/input_Question name_name"), "A multiple choices question"): Text 'A multiple choices question' is set on object 'Object Repository/Page_Editing a Multiple choice question/input_Question name_name'

2022-01-11 22:32:36 - [MESSAGE][PASSED] - Text 'A multiple choices question' is set on object 'Object Repository/Page_Editing a Multiple choice question/input_Question name_name'

2022-01-11 22:32:36 - [TEST_STEP][PASSED] - setText(findTestObject("Object Repository/Page_Editing a Multiple choice question/div_ques text"), "Question text"): Text 'Question text' is set on object 'Object Repository/Page_Editing a Multiple choice question/div_ques text'

2022-01-11 22:32:37 - [MESSAGE][PASSED] - Text 'Question text' is set on object 'Object Repository/Page_Editing a Multiple choice question/div_ques text'

2022-01-11 22:32:37 - [TEST_STEP][PASSED] - setText(findTestObject("Object Repository/Page_Editing a Multiple choice question/div_Choice 1"), "The first answer"): Text 'The first answer' is set on object 'Object Repository/Page_Editing a Multiple choice question/div_Choice 1'

2022-01-11 22:32:38 - [MESSAGE][PASSED] - Text 'The first answer' is set on object 'Object Repository/Page_Editing a Multiple choice question/div_Choice 1'

2022-01-11 22:32:38 - [TEST_STEP][PASSED] - selectOptionByValue(findTestObject("Object Repository/Page_Editing a Multiple choice question/select_None            100            90   _353130"), "1.0", true): All options with value '1.0' are selected in object 'Object Repository/Page_Editing a Multiple choice question/select_None            100            90   _353130'  using regular expression

2022-01-11 22:32:39 - [MESSAGE][PASSED] - All options with value '1.0' are selected in object 'Object Repository/Page_Editing a Multiple choice question/select_None            100            90   _353130'  using regular expression

2022-01-11 22:32:39 - [TEST_STEP][PASSED] - click(findTestObject("Object Repository/Page_Editing a Multiple choice question/p")): Object: 'Object Repository/Page_Editing a Multiple choice question/p' is clicked on

2022-01-11 22:32:40 - [MESSAGE][PASSED] - Object: 'Object Repository/Page_Editing a Multiple choice question/p' is clicked on

2022-01-11 22:32:40 - [TEST_STEP][PASSED] - setText(findTestObject("Object Repository/Page_Editing a Multiple choice question/div_The second answer"), "The second answer"): Text 'The second answer' is set on object 'Object Repository/Page_Editing a Multiple choice question/div_The second answer'

2022-01-11 22:32:41 - [MESSAGE][PASSED] - Text 'The second answer' is set on object 'Object Repository/Page_Editing a Multiple choice question/div_The second answer'

2022-01-11 22:32:41 - [TEST_STEP][PASSED] - click(findTestObject("Object Repository/Page_Editing a Multiple choice question/input__submitbutton")): Object: 'Object Repository/Page_Editing a Multiple choice question/input__submitbutton' is clicked on

2022-01-11 22:32:43 - [MESSAGE][PASSED] - Object: 'Object Repository/Page_Editing a Multiple choice question/input__submitbutton' is clicked on

2022-01-11 22:32:43 - [TEST_STEP][PASSED] - verifyElementText(findTestObject("Page_Editing quiz This is a quiz with a mul_934bc9/span_A multiple choices question"), "A multiple choices question"): Actual text and expected text of test object 'Object Repository/Page_Editing quiz This is a quiz with a mul_934bc9/span_A multiple choices question' are matched.

2022-01-11 22:32:44 - [MESSAGE][PASSED] - Actual text and expected text of test object 'Object Repository/Page_Editing quiz This is a quiz with a mul_934bc9/span_A multiple choices question' are matched.

2022-01-11 22:32:44 - [TEST_STEP][PASSED] - closeBrowser(): Browser is closed

2022-01-11 22:32:44 - [MESSAGE][PASSED] - Browser is closed]]></system-out>
         <system-err><![CDATA[]]></system-err>
      </testcase>
      <testcase name="Test Cases/Teacher/Teacher_Quiz Result/Teacher_See The Statistics Of A Question" time="10.669" classname="Test Cases/Teacher/Teacher_Quiz Result/Teacher_See The Statistics Of A Question" status="FAILED">
         <failure type="FAILED" message="Test Cases/Teacher/Teacher_Quiz Result/Teacher_See The Statistics Of A Question FAILED.
Reason:
com.kms.katalon.core.exception.StepFailedException: Unable to click on object 'Object Repository/Page_TTH Quiz Nhiu cu  nhiu la chn/a_Statistics'
	at com.kms.katalon.core.webui.keyword.internal.WebUIKeywordMain.stepFailed(WebUIKeywordMain.groovy:64)
	at com.kms.katalon.core.webui.keyword.internal.WebUIKeywordMain.runKeyword(WebUIKeywordMain.groovy:26)
	at com.kms.katalon.core.webui.keyword.builtin.ClickKeyword.click(ClickKeyword.groovy:74)
	at com.kms.katalon.core.webui.keyword.builtin.ClickKeyword.execute(ClickKeyword.groovy:40)
	at com.kms.katalon.core.keyword.internal.KeywordExecutor.executeKeywordForPlatform(KeywordExecutor.groovy:74)
	at com.kms.katalon.core.webui.keyword.WebUiBuiltInKeywords.click(WebUiBuiltInKeywords.groovy:620)
	at com.kms.katalon.core.webui.keyword.WebUiBuiltInKeywords$click$3.call(Unknown Source)
	at Teacher_See The Statistics Of A Question.run(Teacher_See The Statistics Of A Question:38)
	at com.kms.katalon.core.main.ScriptEngine.run(ScriptEngine.java:194)
	at com.kms.katalon.core.main.ScriptEngine.runScriptAsRawText(ScriptEngine.java:119)
	at com.kms.katalon.core.main.TestCaseExecutor.runScript(TestCaseExecutor.java:442)
	at com.kms.katalon.core.main.TestCaseExecutor.doExecute(TestCaseExecutor.java:433)
	at com.kms.katalon.core.main.TestCaseExecutor.processExecutionPhase(TestCaseExecutor.java:412)
	at com.kms.katalon.core.main.TestCaseExecutor.accessMainPhase(TestCaseExecutor.java:404)
	at com.kms.katalon.core.main.TestCaseExecutor.execute(TestCaseExecutor.java:281)
	at com.kms.katalon.core.main.TestSuiteExecutor.accessTestCaseMainPhase(TestSuiteExecutor.java:202)
	at com.kms.katalon.core.main.TestSuiteExecutor.accessTestSuiteMainPhase(TestSuiteExecutor.java:164)
	at com.kms.katalon.core.main.TestSuiteExecutor.execute(TestSuiteExecutor.java:105)
	at com.kms.katalon.core.main.TestCaseMain.startTestSuite(TestCaseMain.java:181)
	at com.kms.katalon.core.main.TestCaseMain$startTestSuite$0.call(Unknown Source)
	at TempTestSuite1641914798393.run(TempTestSuite1641914798393.groovy:36)
Caused by: org.openqa.selenium.ElementNotInteractableException: element not interactable
  (Session info: chrome=96.0.4664.110)
Build info: version: '3.141.59', revision: 'e82be7d358', time: '2018-11-14T08:25:53'
System info: host: 'MSI', ip: '192.168.213.1', os.name: 'Windows 10', os.arch: 'amd64', os.version: '10.0', java.version: '1.8.0_282'
Driver info: com.kms.katalon.selenium.driver.CChromeDriver
Capabilities {acceptInsecureCerts: false, browserName: chrome, browserVersion: 96.0.4664.110, chrome: {chromedriverVersion: 95.0.4638.17 (a9d0719444d4b..., userDataDir: C:\Users\MDH\AppData\Local\...}, goog:chromeOptions: {debuggerAddress: localhost:52419}, javascriptEnabled: true, networkConnectionEnabled: false, pageLoadStrategy: normal, platform: WINDOWS, platformName: WINDOWS, proxy: Proxy(), setWindowRect: true, strictFileInteractability: false, timeouts: {implicit: 0, pageLoad: 300000, script: 30000}, unhandledPromptBehavior: dismiss and notify, webauthn:extension:credBlob: true, webauthn:extension:largeBlob: true, webauthn:virtualAuthenticators: true}
Session ID: a6f05c1dd0607d05cc21d4ba76ac4b79
	at org.openqa.selenium.remote.http.W3CHttpResponseCodec.createException(W3CHttpResponseCodec.java:187)
	at org.openqa.selenium.remote.http.W3CHttpResponseCodec.decode(W3CHttpResponseCodec.java:122)
	at org.openqa.selenium.remote.http.W3CHttpResponseCodec.decode(W3CHttpResponseCodec.java:49)
	at org.openqa.selenium.remote.HttpCommandExecutor.execute(HttpCommandExecutor.java:158)
	at org.openqa.selenium.remote.service.DriverCommandExecutor.execute(DriverCommandExecutor.java:83)
	at org.openqa.selenium.remote.RemoteWebDriver.execute(RemoteWebDriver.java:552)
	at com.kms.katalon.selenium.driver.CChromeDriver.execute(CChromeDriver.java:19)
	at org.openqa.selenium.remote.RemoteWebElement.execute(RemoteWebElement.java:285)
	at org.openqa.selenium.remote.RemoteWebElement.click(RemoteWebElement.java:84)
	at org.openqa.selenium.support.events.EventFiringWebDriver$EventFiringWebElement.lambda$new$0(EventFiringWebDriver.java:404)
	at com.sun.proxy.$Proxy11.click(Unknown Source)
	at org.openqa.selenium.support.events.EventFiringWebDriver$EventFiringWebElement.click(EventFiringWebDriver.java:417)
	at org.openqa.selenium.WebElement$click.call(Unknown Source)
	at com.kms.katalon.core.webui.keyword.builtin.ClickKeyword.clickUntilSuccessWithTimeout(ClickKeyword.groovy:81)
	at com.kms.katalon.core.webui.keyword.builtin.ClickKeyword.clickUntilSuccessWithTimeout(ClickKeyword.groovy)
	at com.kms.katalon.core.webui.keyword.builtin.ClickKeyword$_click_closure1.doCall(ClickKeyword.groovy:67)
	at com.kms.katalon.core.webui.keyword.builtin.ClickKeyword$_click_closure1.call(ClickKeyword.groovy)
	at com.kms.katalon.core.webui.keyword.internal.WebUIKeywordMain.runKeyword(WebUIKeywordMain.groovy:20)
	... 19 more
"/>
         <system-out><![CDATA[2022-01-11 22:32:44 - [TEST_CASE][FAILED] - Test Cases/Teacher/Teacher_Quiz Result/Teacher_See The Statistics Of A Question: Test Cases/Teacher/Teacher_Quiz Result/Teacher_See The Statistics Of A Question FAILED.
Reason:
com.kms.katalon.core.exception.StepFailedException: Unable to click on object 'Object Repository/Page_TTH Quiz Nhiu cu  nhiu la chn/a_Statistics'
	at com.kms.katalon.core.webui.keyword.internal.WebUIKeywordMain.stepFailed(WebUIKeywordMain.groovy:64)
	at com.kms.katalon.core.webui.keyword.internal.WebUIKeywordMain.runKeyword(WebUIKeywordMain.groovy:26)
	at com.kms.katalon.core.webui.keyword.builtin.ClickKeyword.click(ClickKeyword.groovy:74)
	at com.kms.katalon.core.webui.keyword.builtin.ClickKeyword.execute(ClickKeyword.groovy:40)
	at com.kms.katalon.core.keyword.internal.KeywordExecutor.executeKeywordForPlatform(KeywordExecutor.groovy:74)
	at com.kms.katalon.core.webui.keyword.WebUiBuiltInKeywords.click(WebUiBuiltInKeywords.groovy:620)
	at com.kms.katalon.core.webui.keyword.WebUiBuiltInKeywords$click$3.call(Unknown Source)
	at Teacher_See The Statistics Of A Question.run(Teacher_See The Statistics Of A Question:38)
	at com.kms.katalon.core.main.ScriptEngine.run(ScriptEngine.java:194)
	at com.kms.katalon.core.main.ScriptEngine.runScriptAsRawText(ScriptEngine.java:119)
	at com.kms.katalon.core.main.TestCaseExecutor.runScript(TestCaseExecutor.java:442)
	at com.kms.katalon.core.main.TestCaseExecutor.doExecute(TestCaseExecutor.java:433)
	at com.kms.katalon.core.main.TestCaseExecutor.processExecutionPhase(TestCaseExecutor.java:412)
	at com.kms.katalon.core.main.TestCaseExecutor.accessMainPhase(TestCaseExecutor.java:404)
	at com.kms.katalon.core.main.TestCaseExecutor.execute(TestCaseExecutor.java:281)
	at com.kms.katalon.core.main.TestSuiteExecutor.accessTestCaseMainPhase(TestSuiteExecutor.java:202)
	at com.kms.katalon.core.main.TestSuiteExecutor.accessTestSuiteMainPhase(TestSuiteExecutor.java:164)
	at com.kms.katalon.core.main.TestSuiteExecutor.execute(TestSuiteExecutor.java:105)
	at com.kms.katalon.core.main.TestCaseMain.startTestSuite(TestCaseMain.java:181)
	at com.kms.katalon.core.main.TestCaseMain$startTestSuite$0.call(Unknown Source)
	at TempTestSuite1641914798393.run(TempTestSuite1641914798393.groovy:36)
Caused by: org.openqa.selenium.ElementNotInteractableException: element not interactable
  (Session info: chrome=96.0.4664.110)
Build info: version: '3.141.59', revision: 'e82be7d358', time: '2018-11-14T08:25:53'
System info: host: 'MSI', ip: '192.168.213.1', os.name: 'Windows 10', os.arch: 'amd64', os.version: '10.0', java.version: '1.8.0_282'
Driver info: com.kms.katalon.selenium.driver.CChromeDriver
Capabilities {acceptInsecureCerts: false, browserName: chrome, browserVersion: 96.0.4664.110, chrome: {chromedriverVersion: 95.0.4638.17 (a9d0719444d4b..., userDataDir: C:\Users\MDH\AppData\Local\...}, goog:chromeOptions: {debuggerAddress: localhost:52419}, javascriptEnabled: true, networkConnectionEnabled: false, pageLoadStrategy: normal, platform: WINDOWS, platformName: WINDOWS, proxy: Proxy(), setWindowRect: true, strictFileInteractability: false, timeouts: {implicit: 0, pageLoad: 300000, script: 30000}, unhandledPromptBehavior: dismiss and notify, webauthn:extension:credBlob: true, webauthn:extension:largeBlob: true, webauthn:virtualAuthenticators: true}
Session ID: a6f05c1dd0607d05cc21d4ba76ac4b79
	at org.openqa.selenium.remote.http.W3CHttpResponseCodec.createException(W3CHttpResponseCodec.java:187)
	at org.openqa.selenium.remote.http.W3CHttpResponseCodec.decode(W3CHttpResponseCodec.java:122)
	at org.openqa.selenium.remote.http.W3CHttpResponseCodec.decode(W3CHttpResponseCodec.java:49)
	at org.openqa.selenium.remote.HttpCommandExecutor.execute(HttpCommandExecutor.java:158)
	at org.openqa.selenium.remote.service.DriverCommandExecutor.execute(DriverCommandExecutor.java:83)
	at org.openqa.selenium.remote.RemoteWebDriver.execute(RemoteWebDriver.java:552)
	at com.kms.katalon.selenium.driver.CChromeDriver.execute(CChromeDriver.java:19)
	at org.openqa.selenium.remote.RemoteWebElement.execute(RemoteWebElement.java:285)
	at org.openqa.selenium.remote.RemoteWebElement.click(RemoteWebElement.java:84)
	at org.openqa.selenium.support.events.EventFiringWebDriver$EventFiringWebElement.lambda$new$0(EventFiringWebDriver.java:404)
	at com.sun.proxy.$Proxy11.click(Unknown Source)
	at org.openqa.selenium.support.events.EventFiringWebDriver$EventFiringWebElement.click(EventFiringWebDriver.java:417)
	at org.openqa.selenium.WebElement$click.call(Unknown Source)
	at com.kms.katalon.core.webui.keyword.builtin.ClickKeyword.clickUntilSuccessWithTimeout(ClickKeyword.groovy:81)
	at com.kms.katalon.core.webui.keyword.builtin.ClickKeyword.clickUntilSuccessWithTimeout(ClickKeyword.groovy)
	at com.kms.katalon.core.webui.keyword.builtin.ClickKeyword$_click_closure1.doCall(ClickKeyword.groovy:67)
	at com.kms.katalon.core.webui.keyword.builtin.ClickKeyword$_click_closure1.call(ClickKeyword.groovy)
	at com.kms.katalon.core.webui.keyword.internal.WebUIKeywordMain.runKeyword(WebUIKeywordMain.groovy:20)
	... 19 more


2022-01-11 22:32:45 - [TEST_STEP][PASSED] - openBrowser(""): Browser is opened with url: ''

2022-01-11 22:32:45 - [MESSAGE][INFO] - Starting 'Chrome' driver

2022-01-11 22:32:45 - [MESSAGE][INFO] - User set preference: ['args', '[window-size=1300,900]']

2022-01-11 22:32:45 - [MESSAGE][INFO] - Action delay is set to 0 milliseconds

2022-01-11 22:32:46 - [MESSAGE][PASSED] - Browser is opened with url: ''

2022-01-11 22:32:46 - [TEST_STEP][PASSED] - navigateToUrl("http://localhost:8080/moodle/"): Navigate to 'http://localhost:8080/moodle/' successfully

2022-01-11 22:32:46 - [MESSAGE][PASSED] - Navigate to 'http://localhost:8080/moodle/' successfully

2022-01-11 22:32:46 - [TEST_STEP][PASSED] - click(findTestObject("Object Repository/Page_BCS Moodle/a_Log in")): Object: 'Object Repository/Page_BCS Moodle/a_Log in' is clicked on

2022-01-11 22:32:47 - [MESSAGE][PASSED] - Object: 'Object Repository/Page_BCS Moodle/a_Log in' is clicked on

2022-01-11 22:32:47 - [TEST_STEP][PASSED] - setText(findTestObject("Object Repository/Page_BCS Moodle Log in to the site/input_Username_username"), "onix"): Text 'onix' is set on object 'Object Repository/Page_BCS Moodle Log in to the site/input_Username_username'

2022-01-11 22:32:48 - [MESSAGE][PASSED] - Text 'onix' is set on object 'Object Repository/Page_BCS Moodle Log in to the site/input_Username_username'

2022-01-11 22:32:48 - [TEST_STEP][PASSED] - setEncryptedText(findTestObject("Object Repository/Page_BCS Moodle Log in to the site/input_Password_password"), "uw4zQNl2RedGtkZxJt1B2nZNxIOg3YnT"): Text ****** has been set on object 'Object Repository/Page_BCS Moodle Log in to the site/input_Password_password'

2022-01-11 22:32:49 - [MESSAGE][PASSED] - Text ****** has been set on object 'Object Repository/Page_BCS Moodle Log in to the site/input_Password_password'

2022-01-11 22:32:49 - [TEST_STEP][PASSED] - click(findTestObject("Object Repository/Page_BCS Moodle Log in to the site/button_Log in")): Object: 'Object Repository/Page_BCS Moodle Log in to the site/button_Log in' is clicked on

2022-01-11 22:32:50 - [MESSAGE][PASSED] - Object: 'Object Repository/Page_BCS Moodle Log in to the site/button_Log in' is clicked on

2022-01-11 22:32:50 - [TEST_STEP][PASSED] - click(findTestObject("Object Repository/Page_Dashboard/div_Course image")): Object: 'Object Repository/Page_Dashboard/div_Course image' is clicked on

2022-01-11 22:32:52 - [MESSAGE][PASSED] - Object: 'Object Repository/Page_Dashboard/div_Course image' is clicked on

2022-01-11 22:32:52 - [TEST_STEP][PASSED] - click(findTestObject("Object Repository/Page_Course Ton t hp/span_Quiz Nhiu cu  nhiu la chn")): Object: 'Object Repository/Page_Course Ton t hp/span_Quiz Nhiu cu  nhiu la chn' is clicked on

2022-01-11 22:32:53 - [MESSAGE][PASSED] - Object: 'Object Repository/Page_Course Ton t hp/span_Quiz Nhiu cu  nhiu la chn' is clicked on

2022-01-11 22:32:53 - [TEST_STEP][PASSED] - click(findTestObject("Object Repository/Page_TTH Quiz Nhiu cu  nhiu la chn/a_Quiz Nhiu cu  nhiu la chn_action-menu-toggle-3")): Object: 'Object Repository/Page_TTH Quiz Nhiu cu  nhiu la chn/a_Quiz Nhiu cu  nhiu la chn_action-menu-toggle-3' is clicked on

2022-01-11 22:32:54 - [MESSAGE][PASSED] - Object: 'Object Repository/Page_TTH Quiz Nhiu cu  nhiu la chn/a_Quiz Nhiu cu  nhiu la chn_action-menu-toggle-3' is clicked on

2022-01-11 22:32:54 - [TEST_STEP][FAILED] - click(findTestObject("Object Repository/Page_TTH Quiz Nhiu cu  nhiu la chn/a_Statistics")): Unable to click on object 'Object Repository/Page_TTH Quiz Nhiu cu  nhiu la chn/a_Statistics' (Root cause: com.kms.katalon.core.exception.StepFailedException: Unable to click on object 'Object Repository/Page_TTH Quiz Nhiu cu  nhiu la chn/a_Statistics'
	at com.kms.katalon.core.webui.keyword.internal.WebUIKeywordMain.stepFailed(WebUIKeywordMain.groovy:64)
	at com.kms.katalon.core.webui.keyword.internal.WebUIKeywordMain.runKeyword(WebUIKeywordMain.groovy:26)
	at com.kms.katalon.core.webui.keyword.builtin.ClickKeyword.click(ClickKeyword.groovy:74)
	at com.kms.katalon.core.webui.keyword.builtin.ClickKeyword.execute(ClickKeyword.groovy:40)
	at com.kms.katalon.core.keyword.internal.KeywordExecutor.executeKeywordForPlatform(KeywordExecutor.groovy:74)
	at com.kms.katalon.core.webui.keyword.WebUiBuiltInKeywords.click(WebUiBuiltInKeywords.groovy:620)
	at com.kms.katalon.core.webui.keyword.WebUiBuiltInKeywords$click$3.call(Unknown Source)
	at Teacher_See The Statistics Of A Question.run(Teacher_See The Statistics Of A Question:38)
	at com.kms.katalon.core.main.ScriptEngine.run(ScriptEngine.java:194)
	at com.kms.katalon.core.main.ScriptEngine.runScriptAsRawText(ScriptEngine.java:119)
	at com.kms.katalon.core.main.TestCaseExecutor.runScript(TestCaseExecutor.java:442)
	at com.kms.katalon.core.main.TestCaseExecutor.doExecute(TestCaseExecutor.java:433)
	at com.kms.katalon.core.main.TestCaseExecutor.processExecutionPhase(TestCaseExecutor.java:412)
	at com.kms.katalon.core.main.TestCaseExecutor.accessMainPhase(TestCaseExecutor.java:404)
	at com.kms.katalon.core.main.TestCaseExecutor.execute(TestCaseExecutor.java:281)
	at com.kms.katalon.core.main.TestSuiteExecutor.accessTestCaseMainPhase(TestSuiteExecutor.java:202)
	at com.kms.katalon.core.main.TestSuiteExecutor.accessTestSuiteMainPhase(TestSuiteExecutor.java:164)
	at com.kms.katalon.core.main.TestSuiteExecutor.execute(TestSuiteExecutor.java:105)
	at com.kms.katalon.core.main.TestCaseMain.startTestSuite(TestCaseMain.java:181)
	at com.kms.katalon.core.main.TestCaseMain$startTestSuite$0.call(Unknown Source)
	at TempTestSuite1641914798393.run(TempTestSuite1641914798393.groovy:36)
Caused by: org.openqa.selenium.ElementNotInteractableException: element not interactable
  (Session info: chrome=96.0.4664.110)
Build info: version: '3.141.59', revision: 'e82be7d358', time: '2018-11-14T08:25:53'
System info: host: 'MSI', ip: '192.168.213.1', os.name: 'Windows 10', os.arch: 'amd64', os.version: '10.0', java.version: '1.8.0_282'
Driver info: com.kms.katalon.selenium.driver.CChromeDriver
Capabilities {acceptInsecureCerts: false, browserName: chrome, browserVersion: 96.0.4664.110, chrome: {chromedriverVersion: 95.0.4638.17 (a9d0719444d4b..., userDataDir: C:\Users\MDH\AppData\Local\...}, goog:chromeOptions: {debuggerAddress: localhost:52419}, javascriptEnabled: true, networkConnectionEnabled: false, pageLoadStrategy: normal, platform: WINDOWS, platformName: WINDOWS, proxy: Proxy(), setWindowRect: true, strictFileInteractability: false, timeouts: {implicit: 0, pageLoad: 300000, script: 30000}, unhandledPromptBehavior: dismiss and notify, webauthn:extension:credBlob: true, webauthn:extension:largeBlob: true, webauthn:virtualAuthenticators: true}
Session ID: a6f05c1dd0607d05cc21d4ba76ac4b79
	at org.openqa.selenium.remote.http.W3CHttpResponseCodec.createException(W3CHttpResponseCodec.java:187)
	at org.openqa.selenium.remote.http.W3CHttpResponseCodec.decode(W3CHttpResponseCodec.java:122)
	at org.openqa.selenium.remote.http.W3CHttpResponseCodec.decode(W3CHttpResponseCodec.java:49)
	at org.openqa.selenium.remote.HttpCommandExecutor.execute(HttpCommandExecutor.java:158)
	at org.openqa.selenium.remote.service.DriverCommandExecutor.execute(DriverCommandExecutor.java:83)
	at org.openqa.selenium.remote.RemoteWebDriver.execute(RemoteWebDriver.java:552)
	at com.kms.katalon.selenium.driver.CChromeDriver.execute(CChromeDriver.java:19)
	at org.openqa.selenium.remote.RemoteWebElement.execute(RemoteWebElement.java:285)
	at org.openqa.selenium.remote.RemoteWebElement.click(RemoteWebElement.java:84)
	at org.openqa.selenium.support.events.EventFiringWebDriver$EventFiringWebElement.lambda$new$0(EventFiringWebDriver.java:404)
	at com.sun.proxy.$Proxy11.click(Unknown Source)
	at org.openqa.selenium.support.events.EventFiringWebDriver$EventFiringWebElement.click(EventFiringWebDriver.java:417)
	at org.openqa.selenium.WebElement$click.call(Unknown Source)
	at com.kms.katalon.core.webui.keyword.builtin.ClickKeyword.clickUntilSuccessWithTimeout(ClickKeyword.groovy:81)
	at com.kms.katalon.core.webui.keyword.builtin.ClickKeyword.clickUntilSuccessWithTimeout(ClickKeyword.groovy)
	at com.kms.katalon.core.webui.keyword.builtin.ClickKeyword$_click_closure1.doCall(ClickKeyword.groovy:67)
	at com.kms.katalon.core.webui.keyword.builtin.ClickKeyword$_click_closure1.call(ClickKeyword.groovy)
	at com.kms.katalon.core.webui.keyword.internal.WebUIKeywordMain.runKeyword(WebUIKeywordMain.groovy:20)
	at com.kms.katalon.core.webui.keyword.builtin.ClickKeyword.click(ClickKeyword.groovy:74)
	at com.kms.katalon.core.webui.keyword.builtin.ClickKeyword.execute(ClickKeyword.groovy:40)
	at com.kms.katalon.core.keyword.internal.KeywordExecutor.executeKeywordForPlatform(KeywordExecutor.groovy:74)
	at com.kms.katalon.core.webui.keyword.WebUiBuiltInKeywords.click(WebUiBuiltInKeywords.groovy:620)
	at com.kms.katalon.core.webui.keyword.WebUiBuiltInKeywords$click$3.call(Unknown Source)
	at Script1641478405462.run(Script1641478405462.groovy:38)
	... 13 more
)

2022-01-11 22:32:55 - [MESSAGE][FAILED] - Unable to click on object 'Object Repository/Page_TTH Quiz Nhiu cu  nhiu la chn/a_Statistics' (Root cause: com.kms.katalon.core.exception.StepFailedException: Unable to click on object 'Object Repository/Page_TTH Quiz Nhiu cu  nhiu la chn/a_Statistics'
	at com.kms.katalon.core.webui.keyword.internal.WebUIKeywordMain.stepFailed(WebUIKeywordMain.groovy:64)
	at com.kms.katalon.core.webui.keyword.internal.WebUIKeywordMain.runKeyword(WebUIKeywordMain.groovy:26)
	at com.kms.katalon.core.webui.keyword.builtin.ClickKeyword.click(ClickKeyword.groovy:74)
	at com.kms.katalon.core.webui.keyword.builtin.ClickKeyword.execute(ClickKeyword.groovy:40)
	at com.kms.katalon.core.keyword.internal.KeywordExecutor.executeKeywordForPlatform(KeywordExecutor.groovy:74)
	at com.kms.katalon.core.webui.keyword.WebUiBuiltInKeywords.click(WebUiBuiltInKeywords.groovy:620)
	at com.kms.katalon.core.webui.keyword.WebUiBuiltInKeywords$click$3.call(Unknown Source)
	at Teacher_See The Statistics Of A Question.run(Teacher_See The Statistics Of A Question:38)
	at com.kms.katalon.core.main.ScriptEngine.run(ScriptEngine.java:194)
	at com.kms.katalon.core.main.ScriptEngine.runScriptAsRawText(ScriptEngine.java:119)
	at com.kms.katalon.core.main.TestCaseExecutor.runScript(TestCaseExecutor.java:442)
	at com.kms.katalon.core.main.TestCaseExecutor.doExecute(TestCaseExecutor.java:433)
	at com.kms.katalon.core.main.TestCaseExecutor.processExecutionPhase(TestCaseExecutor.java:412)
	at com.kms.katalon.core.main.TestCaseExecutor.accessMainPhase(TestCaseExecutor.java:404)
	at com.kms.katalon.core.main.TestCaseExecutor.execute(TestCaseExecutor.java:281)
	at com.kms.katalon.core.main.TestSuiteExecutor.accessTestCaseMainPhase(TestSuiteExecutor.java:202)
	at com.kms.katalon.core.main.TestSuiteExecutor.accessTestSuiteMainPhase(TestSuiteExecutor.java:164)
	at com.kms.katalon.core.main.TestSuiteExecutor.execute(TestSuiteExecutor.java:105)
	at com.kms.katalon.core.main.TestCaseMain.startTestSuite(TestCaseMain.java:181)
	at com.kms.katalon.core.main.TestCaseMain$startTestSuite$0.call(Unknown Source)
	at TempTestSuite1641914798393.run(TempTestSuite1641914798393.groovy:36)
Caused by: org.openqa.selenium.ElementNotInteractableException: element not interactable
  (Session info: chrome=96.0.4664.110)
Build info: version: '3.141.59', revision: 'e82be7d358', time: '2018-11-14T08:25:53'
System info: host: 'MSI', ip: '192.168.213.1', os.name: 'Windows 10', os.arch: 'amd64', os.version: '10.0', java.version: '1.8.0_282'
Driver info: com.kms.katalon.selenium.driver.CChromeDriver
Capabilities {acceptInsecureCerts: false, browserName: chrome, browserVersion: 96.0.4664.110, chrome: {chromedriverVersion: 95.0.4638.17 (a9d0719444d4b..., userDataDir: C:\Users\MDH\AppData\Local\...}, goog:chromeOptions: {debuggerAddress: localhost:52419}, javascriptEnabled: true, networkConnectionEnabled: false, pageLoadStrategy: normal, platform: WINDOWS, platformName: WINDOWS, proxy: Proxy(), setWindowRect: true, strictFileInteractability: false, timeouts: {implicit: 0, pageLoad: 300000, script: 30000}, unhandledPromptBehavior: dismiss and notify, webauthn:extension:credBlob: true, webauthn:extension:largeBlob: true, webauthn:virtualAuthenticators: true}
Session ID: a6f05c1dd0607d05cc21d4ba76ac4b79
	at org.openqa.selenium.remote.http.W3CHttpResponseCodec.createException(W3CHttpResponseCodec.java:187)
	at org.openqa.selenium.remote.http.W3CHttpResponseCodec.decode(W3CHttpResponseCodec.java:122)
	at org.openqa.selenium.remote.http.W3CHttpResponseCodec.decode(W3CHttpResponseCodec.java:49)
	at org.openqa.selenium.remote.HttpCommandExecutor.execute(HttpCommandExecutor.java:158)
	at org.openqa.selenium.remote.service.DriverCommandExecutor.execute(DriverCommandExecutor.java:83)
	at org.openqa.selenium.remote.RemoteWebDriver.execute(RemoteWebDriver.java:552)
	at com.kms.katalon.selenium.driver.CChromeDriver.execute(CChromeDriver.java:19)
	at org.openqa.selenium.remote.RemoteWebElement.execute(RemoteWebElement.java:285)
	at org.openqa.selenium.remote.RemoteWebElement.click(RemoteWebElement.java:84)
	at org.openqa.selenium.support.events.EventFiringWebDriver$EventFiringWebElement.lambda$new$0(EventFiringWebDriver.java:404)
	at com.sun.proxy.$Proxy11.click(Unknown Source)
	at org.openqa.selenium.support.events.EventFiringWebDriver$EventFiringWebElement.click(EventFiringWebDriver.java:417)
	at org.openqa.selenium.WebElement$click.call(Unknown Source)
	at com.kms.katalon.core.webui.keyword.builtin.ClickKeyword.clickUntilSuccessWithTimeout(ClickKeyword.groovy:81)
	at com.kms.katalon.core.webui.keyword.builtin.ClickKeyword.clickUntilSuccessWithTimeout(ClickKeyword.groovy)
	at com.kms.katalon.core.webui.keyword.builtin.ClickKeyword$_click_closure1.doCall(ClickKeyword.groovy:67)
	at com.kms.katalon.core.webui.keyword.builtin.ClickKeyword$_click_closure1.call(ClickKeyword.groovy)
	at com.kms.katalon.core.webui.keyword.internal.WebUIKeywordMain.runKeyword(WebUIKeywordMain.groovy:20)
	at com.kms.katalon.core.webui.keyword.builtin.ClickKeyword.click(ClickKeyword.groovy:74)
	at com.kms.katalon.core.webui.keyword.builtin.ClickKeyword.execute(ClickKeyword.groovy:40)
	at com.kms.katalon.core.keyword.internal.KeywordExecutor.executeKeywordForPlatform(KeywordExecutor.groovy:74)
	at com.kms.katalon.core.webui.keyword.WebUiBuiltInKeywords.click(WebUiBuiltInKeywords.groovy:620)
	at com.kms.katalon.core.webui.keyword.WebUiBuiltInKeywords$click$3.call(Unknown Source)
	at Script1641478405462.run(Script1641478405462.groovy:38)
	... 13 more
)
[[ATTACHMENT|D:\\Nam_3\\SE\\Quiz\\Bonus\\TestAutomation_NMCNPM\\Reports\\20220111_222638\\Run All Test Cases\\20220111_222638\\1641915175448.png]]]]></system-out>
         <system-err><![CDATA[2022-01-11 22:32:44 - [TEST_CASE][FAILED] - Test Cases/Teacher/Teacher_Quiz Result/Teacher_See The Statistics Of A Question: Test Cases/Teacher/Teacher_Quiz Result/Teacher_See The Statistics Of A Question FAILED.
Reason:
com.kms.katalon.core.exception.StepFailedException: Unable to click on object 'Object Repository/Page_TTH Quiz Nhiu cu  nhiu la chn/a_Statistics'
	at com.kms.katalon.core.webui.keyword.internal.WebUIKeywordMain.stepFailed(WebUIKeywordMain.groovy:64)
	at com.kms.katalon.core.webui.keyword.internal.WebUIKeywordMain.runKeyword(WebUIKeywordMain.groovy:26)
	at com.kms.katalon.core.webui.keyword.builtin.ClickKeyword.click(ClickKeyword.groovy:74)
	at com.kms.katalon.core.webui.keyword.builtin.ClickKeyword.execute(ClickKeyword.groovy:40)
	at com.kms.katalon.core.keyword.internal.KeywordExecutor.executeKeywordForPlatform(KeywordExecutor.groovy:74)
	at com.kms.katalon.core.webui.keyword.WebUiBuiltInKeywords.click(WebUiBuiltInKeywords.groovy:620)
	at com.kms.katalon.core.webui.keyword.WebUiBuiltInKeywords$click$3.call(Unknown Source)
	at Teacher_See The Statistics Of A Question.run(Teacher_See The Statistics Of A Question:38)
	at com.kms.katalon.core.main.ScriptEngine.run(ScriptEngine.java:194)
	at com.kms.katalon.core.main.ScriptEngine.runScriptAsRawText(ScriptEngine.java:119)
	at com.kms.katalon.core.main.TestCaseExecutor.runScript(TestCaseExecutor.java:442)
	at com.kms.katalon.core.main.TestCaseExecutor.doExecute(TestCaseExecutor.java:433)
	at com.kms.katalon.core.main.TestCaseExecutor.processExecutionPhase(TestCaseExecutor.java:412)
	at com.kms.katalon.core.main.TestCaseExecutor.accessMainPhase(TestCaseExecutor.java:404)
	at com.kms.katalon.core.main.TestCaseExecutor.execute(TestCaseExecutor.java:281)
	at com.kms.katalon.core.main.TestSuiteExecutor.accessTestCaseMainPhase(TestSuiteExecutor.java:202)
	at com.kms.katalon.core.main.TestSuiteExecutor.accessTestSuiteMainPhase(TestSuiteExecutor.java:164)
	at com.kms.katalon.core.main.TestSuiteExecutor.execute(TestSuiteExecutor.java:105)
	at com.kms.katalon.core.main.TestCaseMain.startTestSuite(TestCaseMain.java:181)
	at com.kms.katalon.core.main.TestCaseMain$startTestSuite$0.call(Unknown Source)
	at TempTestSuite1641914798393.run(TempTestSuite1641914798393.groovy:36)
Caused by: org.openqa.selenium.ElementNotInteractableException: element not interactable
  (Session info: chrome=96.0.4664.110)
Build info: version: '3.141.59', revision: 'e82be7d358', time: '2018-11-14T08:25:53'
System info: host: 'MSI', ip: '192.168.213.1', os.name: 'Windows 10', os.arch: 'amd64', os.version: '10.0', java.version: '1.8.0_282'
Driver info: com.kms.katalon.selenium.driver.CChromeDriver
Capabilities {acceptInsecureCerts: false, browserName: chrome, browserVersion: 96.0.4664.110, chrome: {chromedriverVersion: 95.0.4638.17 (a9d0719444d4b..., userDataDir: C:\Users\MDH\AppData\Local\...}, goog:chromeOptions: {debuggerAddress: localhost:52419}, javascriptEnabled: true, networkConnectionEnabled: false, pageLoadStrategy: normal, platform: WINDOWS, platformName: WINDOWS, proxy: Proxy(), setWindowRect: true, strictFileInteractability: false, timeouts: {implicit: 0, pageLoad: 300000, script: 30000}, unhandledPromptBehavior: dismiss and notify, webauthn:extension:credBlob: true, webauthn:extension:largeBlob: true, webauthn:virtualAuthenticators: true}
Session ID: a6f05c1dd0607d05cc21d4ba76ac4b79
	at org.openqa.selenium.remote.http.W3CHttpResponseCodec.createException(W3CHttpResponseCodec.java:187)
	at org.openqa.selenium.remote.http.W3CHttpResponseCodec.decode(W3CHttpResponseCodec.java:122)
	at org.openqa.selenium.remote.http.W3CHttpResponseCodec.decode(W3CHttpResponseCodec.java:49)
	at org.openqa.selenium.remote.HttpCommandExecutor.execute(HttpCommandExecutor.java:158)
	at org.openqa.selenium.remote.service.DriverCommandExecutor.execute(DriverCommandExecutor.java:83)
	at org.openqa.selenium.remote.RemoteWebDriver.execute(RemoteWebDriver.java:552)
	at com.kms.katalon.selenium.driver.CChromeDriver.execute(CChromeDriver.java:19)
	at org.openqa.selenium.remote.RemoteWebElement.execute(RemoteWebElement.java:285)
	at org.openqa.selenium.remote.RemoteWebElement.click(RemoteWebElement.java:84)
	at org.openqa.selenium.support.events.EventFiringWebDriver$EventFiringWebElement.lambda$new$0(EventFiringWebDriver.java:404)
	at com.sun.proxy.$Proxy11.click(Unknown Source)
	at org.openqa.selenium.support.events.EventFiringWebDriver$EventFiringWebElement.click(EventFiringWebDriver.java:417)
	at org.openqa.selenium.WebElement$click.call(Unknown Source)
	at com.kms.katalon.core.webui.keyword.builtin.ClickKeyword.clickUntilSuccessWithTimeout(ClickKeyword.groovy:81)
	at com.kms.katalon.core.webui.keyword.builtin.ClickKeyword.clickUntilSuccessWithTimeout(ClickKeyword.groovy)
	at com.kms.katalon.core.webui.keyword.builtin.ClickKeyword$_click_closure1.doCall(ClickKeyword.groovy:67)
	at com.kms.katalon.core.webui.keyword.builtin.ClickKeyword$_click_closure1.call(ClickKeyword.groovy)
	at com.kms.katalon.core.webui.keyword.internal.WebUIKeywordMain.runKeyword(WebUIKeywordMain.groovy:20)
	... 19 more]]></system-err>
      </testcase>
      <testcase name="Test Cases/Teacher/Teacher_Add Announcement/Teacher_Add Annoucement Advanced With Tags" time="11.978" classname="Test Cases/Teacher/Teacher_Add Announcement/Teacher_Add Annoucement Advanced With Tags" status="FAILED">
         <failure type="FAILED" message="Test Cases/Teacher/Teacher_Add Announcement/Teacher_Add Annoucement Advanced With Tags FAILED.
Reason:
com.kms.katalon.core.exception.StepFailedException: Unable to set text 'Topic With Tags' of object 'Object Repository/Page_Announcements/input_Subject_subject'
	at com.kms.katalon.core.webui.keyword.internal.WebUIKeywordMain.stepFailed(WebUIKeywordMain.groovy:64)
	at com.kms.katalon.core.webui.keyword.internal.WebUIKeywordMain.runKeyword(WebUIKeywordMain.groovy:26)
	at com.kms.katalon.core.webui.keyword.builtin.SetTextKeyword.setText(SetTextKeyword.groovy:66)
	at com.kms.katalon.core.webui.keyword.builtin.SetTextKeyword.execute(SetTextKeyword.groovy:37)
	at com.kms.katalon.core.keyword.internal.KeywordExecutor.executeKeywordForPlatform(KeywordExecutor.groovy:74)
	at com.kms.katalon.core.webui.keyword.WebUiBuiltInKeywords.setText(WebUiBuiltInKeywords.groovy:980)
	at com.kms.katalon.core.webui.keyword.WebUiBuiltInKeywords$setText$1.call(Unknown Source)
	at Teacher_Add Annoucement Advanced With Tags.run(Teacher_Add Annoucement Advanced With Tags:38)
	at com.kms.katalon.core.main.ScriptEngine.run(ScriptEngine.java:194)
	at com.kms.katalon.core.main.ScriptEngine.runScriptAsRawText(ScriptEngine.java:119)
	at com.kms.katalon.core.main.TestCaseExecutor.runScript(TestCaseExecutor.java:442)
	at com.kms.katalon.core.main.TestCaseExecutor.doExecute(TestCaseExecutor.java:433)
	at com.kms.katalon.core.main.TestCaseExecutor.processExecutionPhase(TestCaseExecutor.java:412)
	at com.kms.katalon.core.main.TestCaseExecutor.accessMainPhase(TestCaseExecutor.java:404)
	at com.kms.katalon.core.main.TestCaseExecutor.execute(TestCaseExecutor.java:281)
	at com.kms.katalon.core.main.TestSuiteExecutor.accessTestCaseMainPhase(TestSuiteExecutor.java:202)
	at com.kms.katalon.core.main.TestSuiteExecutor.accessTestSuiteMainPhase(TestSuiteExecutor.java:164)
	at com.kms.katalon.core.main.TestSuiteExecutor.execute(TestSuiteExecutor.java:105)
	at com.kms.katalon.core.main.TestCaseMain.startTestSuite(TestCaseMain.java:181)
	at com.kms.katalon.core.main.TestCaseMain$startTestSuite$0.call(Unknown Source)
	at TempTestSuite1641914798393.run(TempTestSuite1641914798393.groovy:36)
Caused by: org.openqa.selenium.ElementNotInteractableException: element not interactable
  (Session info: chrome=96.0.4664.110)
Build info: version: '3.141.59', revision: 'e82be7d358', time: '2018-11-14T08:25:53'
System info: host: 'MSI', ip: '192.168.213.1', os.name: 'Windows 10', os.arch: 'amd64', os.version: '10.0', java.version: '1.8.0_282'
Driver info: com.kms.katalon.selenium.driver.CChromeDriver
Capabilities {acceptInsecureCerts: false, browserName: chrome, browserVersion: 96.0.4664.110, chrome: {chromedriverVersion: 95.0.4638.17 (a9d0719444d4b..., userDataDir: C:\Users\MDH\AppData\Local\...}, goog:chromeOptions: {debuggerAddress: localhost:52568}, javascriptEnabled: true, networkConnectionEnabled: false, pageLoadStrategy: normal, platform: WINDOWS, platformName: WINDOWS, proxy: Proxy(), setWindowRect: true, strictFileInteractability: false, timeouts: {implicit: 0, pageLoad: 300000, script: 30000}, unhandledPromptBehavior: dismiss and notify, webauthn:extension:credBlob: true, webauthn:extension:largeBlob: true, webauthn:virtualAuthenticators: true}
Session ID: 746d1b32b240028b55afc6588703def2
	at org.openqa.selenium.remote.http.W3CHttpResponseCodec.createException(W3CHttpResponseCodec.java:187)
	at org.openqa.selenium.remote.http.W3CHttpResponseCodec.decode(W3CHttpResponseCodec.java:122)
	at org.openqa.selenium.remote.http.W3CHttpResponseCodec.decode(W3CHttpResponseCodec.java:49)
	at org.openqa.selenium.remote.HttpCommandExecutor.execute(HttpCommandExecutor.java:158)
	at org.openqa.selenium.remote.service.DriverCommandExecutor.execute(DriverCommandExecutor.java:83)
	at org.openqa.selenium.remote.RemoteWebDriver.execute(RemoteWebDriver.java:552)
	at com.kms.katalon.selenium.driver.CChromeDriver.execute(CChromeDriver.java:19)
	at org.openqa.selenium.remote.RemoteWebElement.execute(RemoteWebElement.java:285)
	at org.openqa.selenium.remote.RemoteWebElement.clear(RemoteWebElement.java:124)
	at org.openqa.selenium.support.events.EventFiringWebDriver$EventFiringWebElement.lambda$new$0(EventFiringWebDriver.java:404)
	at com.sun.proxy.$Proxy11.clear(Unknown Source)
	at org.openqa.selenium.support.events.EventFiringWebDriver$EventFiringWebElement.clear(EventFiringWebDriver.java:436)
	at com.kms.katalon.core.webui.keyword.builtin.SetTextKeyword$_setText_closure1.doCall(SetTextKeyword.groovy:53)
	at com.kms.katalon.core.webui.keyword.builtin.SetTextKeyword$_setText_closure1.call(SetTextKeyword.groovy)
	at com.kms.katalon.core.webui.keyword.internal.WebUIKeywordMain.runKeyword(WebUIKeywordMain.groovy:20)
	... 19 more
"/>
         <system-out><![CDATA[2022-01-11 22:32:55 - [TEST_CASE][FAILED] - Test Cases/Teacher/Teacher_Add Announcement/Teacher_Add Annoucement Advanced With Tags: Test Cases/Teacher/Teacher_Add Announcement/Teacher_Add Annoucement Advanced With Tags FAILED.
Reason:
com.kms.katalon.core.exception.StepFailedException: Unable to set text 'Topic With Tags' of object 'Object Repository/Page_Announcements/input_Subject_subject'
	at com.kms.katalon.core.webui.keyword.internal.WebUIKeywordMain.stepFailed(WebUIKeywordMain.groovy:64)
	at com.kms.katalon.core.webui.keyword.internal.WebUIKeywordMain.runKeyword(WebUIKeywordMain.groovy:26)
	at com.kms.katalon.core.webui.keyword.builtin.SetTextKeyword.setText(SetTextKeyword.groovy:66)
	at com.kms.katalon.core.webui.keyword.builtin.SetTextKeyword.execute(SetTextKeyword.groovy:37)
	at com.kms.katalon.core.keyword.internal.KeywordExecutor.executeKeywordForPlatform(KeywordExecutor.groovy:74)
	at com.kms.katalon.core.webui.keyword.WebUiBuiltInKeywords.setText(WebUiBuiltInKeywords.groovy:980)
	at com.kms.katalon.core.webui.keyword.WebUiBuiltInKeywords$setText$1.call(Unknown Source)
	at Teacher_Add Annoucement Advanced With Tags.run(Teacher_Add Annoucement Advanced With Tags:38)
	at com.kms.katalon.core.main.ScriptEngine.run(ScriptEngine.java:194)
	at com.kms.katalon.core.main.ScriptEngine.runScriptAsRawText(ScriptEngine.java:119)
	at com.kms.katalon.core.main.TestCaseExecutor.runScript(TestCaseExecutor.java:442)
	at com.kms.katalon.core.main.TestCaseExecutor.doExecute(TestCaseExecutor.java:433)
	at com.kms.katalon.core.main.TestCaseExecutor.processExecutionPhase(TestCaseExecutor.java:412)
	at com.kms.katalon.core.main.TestCaseExecutor.accessMainPhase(TestCaseExecutor.java:404)
	at com.kms.katalon.core.main.TestCaseExecutor.execute(TestCaseExecutor.java:281)
	at com.kms.katalon.core.main.TestSuiteExecutor.accessTestCaseMainPhase(TestSuiteExecutor.java:202)
	at com.kms.katalon.core.main.TestSuiteExecutor.accessTestSuiteMainPhase(TestSuiteExecutor.java:164)
	at com.kms.katalon.core.main.TestSuiteExecutor.execute(TestSuiteExecutor.java:105)
	at com.kms.katalon.core.main.TestCaseMain.startTestSuite(TestCaseMain.java:181)
	at com.kms.katalon.core.main.TestCaseMain$startTestSuite$0.call(Unknown Source)
	at TempTestSuite1641914798393.run(TempTestSuite1641914798393.groovy:36)
Caused by: org.openqa.selenium.ElementNotInteractableException: element not interactable
  (Session info: chrome=96.0.4664.110)
Build info: version: '3.141.59', revision: 'e82be7d358', time: '2018-11-14T08:25:53'
System info: host: 'MSI', ip: '192.168.213.1', os.name: 'Windows 10', os.arch: 'amd64', os.version: '10.0', java.version: '1.8.0_282'
Driver info: com.kms.katalon.selenium.driver.CChromeDriver
Capabilities {acceptInsecureCerts: false, browserName: chrome, browserVersion: 96.0.4664.110, chrome: {chromedriverVersion: 95.0.4638.17 (a9d0719444d4b..., userDataDir: C:\Users\MDH\AppData\Local\...}, goog:chromeOptions: {debuggerAddress: localhost:52568}, javascriptEnabled: true, networkConnectionEnabled: false, pageLoadStrategy: normal, platform: WINDOWS, platformName: WINDOWS, proxy: Proxy(), setWindowRect: true, strictFileInteractability: false, timeouts: {implicit: 0, pageLoad: 300000, script: 30000}, unhandledPromptBehavior: dismiss and notify, webauthn:extension:credBlob: true, webauthn:extension:largeBlob: true, webauthn:virtualAuthenticators: true}
Session ID: 746d1b32b240028b55afc6588703def2
	at org.openqa.selenium.remote.http.W3CHttpResponseCodec.createException(W3CHttpResponseCodec.java:187)
	at org.openqa.selenium.remote.http.W3CHttpResponseCodec.decode(W3CHttpResponseCodec.java:122)
	at org.openqa.selenium.remote.http.W3CHttpResponseCodec.decode(W3CHttpResponseCodec.java:49)
	at org.openqa.selenium.remote.HttpCommandExecutor.execute(HttpCommandExecutor.java:158)
	at org.openqa.selenium.remote.service.DriverCommandExecutor.execute(DriverCommandExecutor.java:83)
	at org.openqa.selenium.remote.RemoteWebDriver.execute(RemoteWebDriver.java:552)
	at com.kms.katalon.selenium.driver.CChromeDriver.execute(CChromeDriver.java:19)
	at org.openqa.selenium.remote.RemoteWebElement.execute(RemoteWebElement.java:285)
	at org.openqa.selenium.remote.RemoteWebElement.clear(RemoteWebElement.java:124)
	at org.openqa.selenium.support.events.EventFiringWebDriver$EventFiringWebElement.lambda$new$0(EventFiringWebDriver.java:404)
	at com.sun.proxy.$Proxy11.clear(Unknown Source)
	at org.openqa.selenium.support.events.EventFiringWebDriver$EventFiringWebElement.clear(EventFiringWebDriver.java:436)
	at com.kms.katalon.core.webui.keyword.builtin.SetTextKeyword$_setText_closure1.doCall(SetTextKeyword.groovy:53)
	at com.kms.katalon.core.webui.keyword.builtin.SetTextKeyword$_setText_closure1.call(SetTextKeyword.groovy)
	at com.kms.katalon.core.webui.keyword.internal.WebUIKeywordMain.runKeyword(WebUIKeywordMain.groovy:20)
	... 19 more


2022-01-11 22:32:55 - [TEST_STEP][PASSED] - openBrowser(""): Browser is opened with url: ''

2022-01-11 22:32:55 - [MESSAGE][WARNING] - A browser is already opened. Closing browser and opening a new one

2022-01-11 22:32:56 - [MESSAGE][INFO] - Starting 'Chrome' driver

2022-01-11 22:32:56 - [MESSAGE][INFO] - User set preference: ['args', '[window-size=1300,900]']

2022-01-11 22:32:56 - [MESSAGE][INFO] - Action delay is set to 0 milliseconds

2022-01-11 22:32:57 - [MESSAGE][PASSED] - Browser is opened with url: ''

2022-01-11 22:32:57 - [TEST_STEP][PASSED] - navigateToUrl("http://localhost:8080/moodle/"): Navigate to 'http://localhost:8080/moodle/' successfully

2022-01-11 22:32:58 - [MESSAGE][PASSED] - Navigate to 'http://localhost:8080/moodle/' successfully

2022-01-11 22:32:58 - [TEST_STEP][PASSED] - click(findTestObject("Object Repository/Page_BCS Moodle/a_Log in")): Object: 'Object Repository/Page_BCS Moodle/a_Log in' is clicked on

2022-01-11 22:32:59 - [MESSAGE][PASSED] - Object: 'Object Repository/Page_BCS Moodle/a_Log in' is clicked on

2022-01-11 22:32:59 - [TEST_STEP][PASSED] - setText(findTestObject("Object Repository/Page_BCS Moodle Log in to the site/input_Username_username"), "onix"): Text 'onix' is set on object 'Object Repository/Page_BCS Moodle Log in to the site/input_Username_username'

2022-01-11 22:33:00 - [MESSAGE][PASSED] - Text 'onix' is set on object 'Object Repository/Page_BCS Moodle Log in to the site/input_Username_username'

2022-01-11 22:33:00 - [TEST_STEP][PASSED] - setEncryptedText(findTestObject("Object Repository/Page_BCS Moodle Log in to the site/input_Password_password"), "uw4zQNl2RedGtkZxJt1B2nZNxIOg3YnT"): Text ****** has been set on object 'Object Repository/Page_BCS Moodle Log in to the site/input_Password_password'

2022-01-11 22:33:00 - [MESSAGE][PASSED] - Text ****** has been set on object 'Object Repository/Page_BCS Moodle Log in to the site/input_Password_password'

2022-01-11 22:33:00 - [TEST_STEP][PASSED] - click(findTestObject("Object Repository/Page_BCS Moodle Log in to the site/button_Log in")): Object: 'Object Repository/Page_BCS Moodle Log in to the site/button_Log in' is clicked on

2022-01-11 22:33:02 - [MESSAGE][PASSED] - Object: 'Object Repository/Page_BCS Moodle Log in to the site/button_Log in' is clicked on

2022-01-11 22:33:02 - [TEST_STEP][PASSED] - click(findTestObject("Object Repository/Page_Dashboard/div_Course image")): Object: 'Object Repository/Page_Dashboard/div_Course image' is clicked on

2022-01-11 22:33:04 - [MESSAGE][PASSED] - Object: 'Object Repository/Page_Dashboard/div_Course image' is clicked on

2022-01-11 22:33:04 - [TEST_STEP][PASSED] - click(findTestObject("Object Repository/Page_Course Ton t hp/span_Announcements Forum")): Object: 'Object Repository/Page_Course Ton t hp/span_Announcements Forum' is clicked on

2022-01-11 22:33:05 - [MESSAGE][PASSED] - Object: 'Object Repository/Page_Course Ton t hp/span_Announcements Forum' is clicked on

2022-01-11 22:33:05 - [TEST_STEP][PASSED] - click(findTestObject("Page_Announcements/a_Add a new topic")): Object: 'Object Repository/Page_Announcements/a_Add a new topic' is clicked on

2022-01-11 22:33:06 - [MESSAGE][PASSED] - Object: 'Object Repository/Page_Announcements/a_Add a new topic' is clicked on

2022-01-11 22:33:06 - [TEST_STEP][FAILED] - setText(findTestObject("Object Repository/Page_Announcements/input_Subject_subject"), "Topic With Tags"): Unable to set text 'Topic With Tags' of object 'Object Repository/Page_Announcements/input_Subject_subject' (Root cause: com.kms.katalon.core.exception.StepFailedException: Unable to set text 'Topic With Tags' of object 'Object Repository/Page_Announcements/input_Subject_subject'
	at com.kms.katalon.core.webui.keyword.internal.WebUIKeywordMain.stepFailed(WebUIKeywordMain.groovy:64)
	at com.kms.katalon.core.webui.keyword.internal.WebUIKeywordMain.runKeyword(WebUIKeywordMain.groovy:26)
	at com.kms.katalon.core.webui.keyword.builtin.SetTextKeyword.setText(SetTextKeyword.groovy:66)
	at com.kms.katalon.core.webui.keyword.builtin.SetTextKeyword.execute(SetTextKeyword.groovy:37)
	at com.kms.katalon.core.keyword.internal.KeywordExecutor.executeKeywordForPlatform(KeywordExecutor.groovy:74)
	at com.kms.katalon.core.webui.keyword.WebUiBuiltInKeywords.setText(WebUiBuiltInKeywords.groovy:980)
	at com.kms.katalon.core.webui.keyword.WebUiBuiltInKeywords$setText$1.call(Unknown Source)
	at Teacher_Add Annoucement Advanced With Tags.run(Teacher_Add Annoucement Advanced With Tags:38)
	at com.kms.katalon.core.main.ScriptEngine.run(ScriptEngine.java:194)
	at com.kms.katalon.core.main.ScriptEngine.runScriptAsRawText(ScriptEngine.java:119)
	at com.kms.katalon.core.main.TestCaseExecutor.runScript(TestCaseExecutor.java:442)
	at com.kms.katalon.core.main.TestCaseExecutor.doExecute(TestCaseExecutor.java:433)
	at com.kms.katalon.core.main.TestCaseExecutor.processExecutionPhase(TestCaseExecutor.java:412)
	at com.kms.katalon.core.main.TestCaseExecutor.accessMainPhase(TestCaseExecutor.java:404)
	at com.kms.katalon.core.main.TestCaseExecutor.execute(TestCaseExecutor.java:281)
	at com.kms.katalon.core.main.TestSuiteExecutor.accessTestCaseMainPhase(TestSuiteExecutor.java:202)
	at com.kms.katalon.core.main.TestSuiteExecutor.accessTestSuiteMainPhase(TestSuiteExecutor.java:164)
	at com.kms.katalon.core.main.TestSuiteExecutor.execute(TestSuiteExecutor.java:105)
	at com.kms.katalon.core.main.TestCaseMain.startTestSuite(TestCaseMain.java:181)
	at com.kms.katalon.core.main.TestCaseMain$startTestSuite$0.call(Unknown Source)
	at TempTestSuite1641914798393.run(TempTestSuite1641914798393.groovy:36)
Caused by: org.openqa.selenium.ElementNotInteractableException: element not interactable
  (Session info: chrome=96.0.4664.110)
Build info: version: '3.141.59', revision: 'e82be7d358', time: '2018-11-14T08:25:53'
System info: host: 'MSI', ip: '192.168.213.1', os.name: 'Windows 10', os.arch: 'amd64', os.version: '10.0', java.version: '1.8.0_282'
Driver info: com.kms.katalon.selenium.driver.CChromeDriver
Capabilities {acceptInsecureCerts: false, browserName: chrome, browserVersion: 96.0.4664.110, chrome: {chromedriverVersion: 95.0.4638.17 (a9d0719444d4b..., userDataDir: C:\Users\MDH\AppData\Local\...}, goog:chromeOptions: {debuggerAddress: localhost:52568}, javascriptEnabled: true, networkConnectionEnabled: false, pageLoadStrategy: normal, platform: WINDOWS, platformName: WINDOWS, proxy: Proxy(), setWindowRect: true, strictFileInteractability: false, timeouts: {implicit: 0, pageLoad: 300000, script: 30000}, unhandledPromptBehavior: dismiss and notify, webauthn:extension:credBlob: true, webauthn:extension:largeBlob: true, webauthn:virtualAuthenticators: true}
Session ID: 746d1b32b240028b55afc6588703def2
	at org.openqa.selenium.remote.http.W3CHttpResponseCodec.createException(W3CHttpResponseCodec.java:187)
	at org.openqa.selenium.remote.http.W3CHttpResponseCodec.decode(W3CHttpResponseCodec.java:122)
	at org.openqa.selenium.remote.http.W3CHttpResponseCodec.decode(W3CHttpResponseCodec.java:49)
	at org.openqa.selenium.remote.HttpCommandExecutor.execute(HttpCommandExecutor.java:158)
	at org.openqa.selenium.remote.service.DriverCommandExecutor.execute(DriverCommandExecutor.java:83)
	at org.openqa.selenium.remote.RemoteWebDriver.execute(RemoteWebDriver.java:552)
	at com.kms.katalon.selenium.driver.CChromeDriver.execute(CChromeDriver.java:19)
	at org.openqa.selenium.remote.RemoteWebElement.execute(RemoteWebElement.java:285)
	at org.openqa.selenium.remote.RemoteWebElement.clear(RemoteWebElement.java:124)
	at org.openqa.selenium.support.events.EventFiringWebDriver$EventFiringWebElement.lambda$new$0(EventFiringWebDriver.java:404)
	at com.sun.proxy.$Proxy11.clear(Unknown Source)
	at org.openqa.selenium.support.events.EventFiringWebDriver$EventFiringWebElement.clear(EventFiringWebDriver.java:436)
	at com.kms.katalon.core.webui.keyword.builtin.SetTextKeyword$_setText_closure1.doCall(SetTextKeyword.groovy:53)
	at com.kms.katalon.core.webui.keyword.builtin.SetTextKeyword$_setText_closure1.call(SetTextKeyword.groovy)
	at com.kms.katalon.core.webui.keyword.internal.WebUIKeywordMain.runKeyword(WebUIKeywordMain.groovy:20)
	at com.kms.katalon.core.webui.keyword.builtin.SetTextKeyword.setText(SetTextKeyword.groovy:66)
	at com.kms.katalon.core.webui.keyword.builtin.SetTextKeyword.execute(SetTextKeyword.groovy:37)
	at com.kms.katalon.core.keyword.internal.KeywordExecutor.executeKeywordForPlatform(KeywordExecutor.groovy:74)
	at com.kms.katalon.core.webui.keyword.WebUiBuiltInKeywords.setText(WebUiBuiltInKeywords.groovy:980)
	at com.kms.katalon.core.webui.keyword.WebUiBuiltInKeywords$setText$1.call(Unknown Source)
	at Script1641389072611.run(Script1641389072611.groovy:38)
	... 13 more
)

2022-01-11 22:33:07 - [MESSAGE][FAILED] - Unable to set text 'Topic With Tags' of object 'Object Repository/Page_Announcements/input_Subject_subject' (Root cause: com.kms.katalon.core.exception.StepFailedException: Unable to set text 'Topic With Tags' of object 'Object Repository/Page_Announcements/input_Subject_subject'
	at com.kms.katalon.core.webui.keyword.internal.WebUIKeywordMain.stepFailed(WebUIKeywordMain.groovy:64)
	at com.kms.katalon.core.webui.keyword.internal.WebUIKeywordMain.runKeyword(WebUIKeywordMain.groovy:26)
	at com.kms.katalon.core.webui.keyword.builtin.SetTextKeyword.setText(SetTextKeyword.groovy:66)
	at com.kms.katalon.core.webui.keyword.builtin.SetTextKeyword.execute(SetTextKeyword.groovy:37)
	at com.kms.katalon.core.keyword.internal.KeywordExecutor.executeKeywordForPlatform(KeywordExecutor.groovy:74)
	at com.kms.katalon.core.webui.keyword.WebUiBuiltInKeywords.setText(WebUiBuiltInKeywords.groovy:980)
	at com.kms.katalon.core.webui.keyword.WebUiBuiltInKeywords$setText$1.call(Unknown Source)
	at Teacher_Add Annoucement Advanced With Tags.run(Teacher_Add Annoucement Advanced With Tags:38)
	at com.kms.katalon.core.main.ScriptEngine.run(ScriptEngine.java:194)
	at com.kms.katalon.core.main.ScriptEngine.runScriptAsRawText(ScriptEngine.java:119)
	at com.kms.katalon.core.main.TestCaseExecutor.runScript(TestCaseExecutor.java:442)
	at com.kms.katalon.core.main.TestCaseExecutor.doExecute(TestCaseExecutor.java:433)
	at com.kms.katalon.core.main.TestCaseExecutor.processExecutionPhase(TestCaseExecutor.java:412)
	at com.kms.katalon.core.main.TestCaseExecutor.accessMainPhase(TestCaseExecutor.java:404)
	at com.kms.katalon.core.main.TestCaseExecutor.execute(TestCaseExecutor.java:281)
	at com.kms.katalon.core.main.TestSuiteExecutor.accessTestCaseMainPhase(TestSuiteExecutor.java:202)
	at com.kms.katalon.core.main.TestSuiteExecutor.accessTestSuiteMainPhase(TestSuiteExecutor.java:164)
	at com.kms.katalon.core.main.TestSuiteExecutor.execute(TestSuiteExecutor.java:105)
	at com.kms.katalon.core.main.TestCaseMain.startTestSuite(TestCaseMain.java:181)
	at com.kms.katalon.core.main.TestCaseMain$startTestSuite$0.call(Unknown Source)
	at TempTestSuite1641914798393.run(TempTestSuite1641914798393.groovy:36)
Caused by: org.openqa.selenium.ElementNotInteractableException: element not interactable
  (Session info: chrome=96.0.4664.110)
Build info: version: '3.141.59', revision: 'e82be7d358', time: '2018-11-14T08:25:53'
System info: host: 'MSI', ip: '192.168.213.1', os.name: 'Windows 10', os.arch: 'amd64', os.version: '10.0', java.version: '1.8.0_282'
Driver info: com.kms.katalon.selenium.driver.CChromeDriver
Capabilities {acceptInsecureCerts: false, browserName: chrome, browserVersion: 96.0.4664.110, chrome: {chromedriverVersion: 95.0.4638.17 (a9d0719444d4b..., userDataDir: C:\Users\MDH\AppData\Local\...}, goog:chromeOptions: {debuggerAddress: localhost:52568}, javascriptEnabled: true, networkConnectionEnabled: false, pageLoadStrategy: normal, platform: WINDOWS, platformName: WINDOWS, proxy: Proxy(), setWindowRect: true, strictFileInteractability: false, timeouts: {implicit: 0, pageLoad: 300000, script: 30000}, unhandledPromptBehavior: dismiss and notify, webauthn:extension:credBlob: true, webauthn:extension:largeBlob: true, webauthn:virtualAuthenticators: true}
Session ID: 746d1b32b240028b55afc6588703def2
	at org.openqa.selenium.remote.http.W3CHttpResponseCodec.createException(W3CHttpResponseCodec.java:187)
	at org.openqa.selenium.remote.http.W3CHttpResponseCodec.decode(W3CHttpResponseCodec.java:122)
	at org.openqa.selenium.remote.http.W3CHttpResponseCodec.decode(W3CHttpResponseCodec.java:49)
	at org.openqa.selenium.remote.HttpCommandExecutor.execute(HttpCommandExecutor.java:158)
	at org.openqa.selenium.remote.service.DriverCommandExecutor.execute(DriverCommandExecutor.java:83)
	at org.openqa.selenium.remote.RemoteWebDriver.execute(RemoteWebDriver.java:552)
	at com.kms.katalon.selenium.driver.CChromeDriver.execute(CChromeDriver.java:19)
	at org.openqa.selenium.remote.RemoteWebElement.execute(RemoteWebElement.java:285)
	at org.openqa.selenium.remote.RemoteWebElement.clear(RemoteWebElement.java:124)
	at org.openqa.selenium.support.events.EventFiringWebDriver$EventFiringWebElement.lambda$new$0(EventFiringWebDriver.java:404)
	at com.sun.proxy.$Proxy11.clear(Unknown Source)
	at org.openqa.selenium.support.events.EventFiringWebDriver$EventFiringWebElement.clear(EventFiringWebDriver.java:436)
	at com.kms.katalon.core.webui.keyword.builtin.SetTextKeyword$_setText_closure1.doCall(SetTextKeyword.groovy:53)
	at com.kms.katalon.core.webui.keyword.builtin.SetTextKeyword$_setText_closure1.call(SetTextKeyword.groovy)
	at com.kms.katalon.core.webui.keyword.internal.WebUIKeywordMain.runKeyword(WebUIKeywordMain.groovy:20)
	at com.kms.katalon.core.webui.keyword.builtin.SetTextKeyword.setText(SetTextKeyword.groovy:66)
	at com.kms.katalon.core.webui.keyword.builtin.SetTextKeyword.execute(SetTextKeyword.groovy:37)
	at com.kms.katalon.core.keyword.internal.KeywordExecutor.executeKeywordForPlatform(KeywordExecutor.groovy:74)
	at com.kms.katalon.core.webui.keyword.WebUiBuiltInKeywords.setText(WebUiBuiltInKeywords.groovy:980)
	at com.kms.katalon.core.webui.keyword.WebUiBuiltInKeywords$setText$1.call(Unknown Source)
	at Script1641389072611.run(Script1641389072611.groovy:38)
	... 13 more
)
[[ATTACHMENT|D:\\Nam_3\\SE\\Quiz\\Bonus\\TestAutomation_NMCNPM\\Reports\\20220111_222638\\Run All Test Cases\\20220111_222638\\1641915187451.png]]]]></system-out>
         <system-err><![CDATA[2022-01-11 22:32:55 - [TEST_CASE][FAILED] - Test Cases/Teacher/Teacher_Add Announcement/Teacher_Add Annoucement Advanced With Tags: Test Cases/Teacher/Teacher_Add Announcement/Teacher_Add Annoucement Advanced With Tags FAILED.
Reason:
com.kms.katalon.core.exception.StepFailedException: Unable to set text 'Topic With Tags' of object 'Object Repository/Page_Announcements/input_Subject_subject'
	at com.kms.katalon.core.webui.keyword.internal.WebUIKeywordMain.stepFailed(WebUIKeywordMain.groovy:64)
	at com.kms.katalon.core.webui.keyword.internal.WebUIKeywordMain.runKeyword(WebUIKeywordMain.groovy:26)
	at com.kms.katalon.core.webui.keyword.builtin.SetTextKeyword.setText(SetTextKeyword.groovy:66)
	at com.kms.katalon.core.webui.keyword.builtin.SetTextKeyword.execute(SetTextKeyword.groovy:37)
	at com.kms.katalon.core.keyword.internal.KeywordExecutor.executeKeywordForPlatform(KeywordExecutor.groovy:74)
	at com.kms.katalon.core.webui.keyword.WebUiBuiltInKeywords.setText(WebUiBuiltInKeywords.groovy:980)
	at com.kms.katalon.core.webui.keyword.WebUiBuiltInKeywords$setText$1.call(Unknown Source)
	at Teacher_Add Annoucement Advanced With Tags.run(Teacher_Add Annoucement Advanced With Tags:38)
	at com.kms.katalon.core.main.ScriptEngine.run(ScriptEngine.java:194)
	at com.kms.katalon.core.main.ScriptEngine.runScriptAsRawText(ScriptEngine.java:119)
	at com.kms.katalon.core.main.TestCaseExecutor.runScript(TestCaseExecutor.java:442)
	at com.kms.katalon.core.main.TestCaseExecutor.doExecute(TestCaseExecutor.java:433)
	at com.kms.katalon.core.main.TestCaseExecutor.processExecutionPhase(TestCaseExecutor.java:412)
	at com.kms.katalon.core.main.TestCaseExecutor.accessMainPhase(TestCaseExecutor.java:404)
	at com.kms.katalon.core.main.TestCaseExecutor.execute(TestCaseExecutor.java:281)
	at com.kms.katalon.core.main.TestSuiteExecutor.accessTestCaseMainPhase(TestSuiteExecutor.java:202)
	at com.kms.katalon.core.main.TestSuiteExecutor.accessTestSuiteMainPhase(TestSuiteExecutor.java:164)
	at com.kms.katalon.core.main.TestSuiteExecutor.execute(TestSuiteExecutor.java:105)
	at com.kms.katalon.core.main.TestCaseMain.startTestSuite(TestCaseMain.java:181)
	at com.kms.katalon.core.main.TestCaseMain$startTestSuite$0.call(Unknown Source)
	at TempTestSuite1641914798393.run(TempTestSuite1641914798393.groovy:36)
Caused by: org.openqa.selenium.ElementNotInteractableException: element not interactable
  (Session info: chrome=96.0.4664.110)
Build info: version: '3.141.59', revision: 'e82be7d358', time: '2018-11-14T08:25:53'
System info: host: 'MSI', ip: '192.168.213.1', os.name: 'Windows 10', os.arch: 'amd64', os.version: '10.0', java.version: '1.8.0_282'
Driver info: com.kms.katalon.selenium.driver.CChromeDriver
Capabilities {acceptInsecureCerts: false, browserName: chrome, browserVersion: 96.0.4664.110, chrome: {chromedriverVersion: 95.0.4638.17 (a9d0719444d4b..., userDataDir: C:\Users\MDH\AppData\Local\...}, goog:chromeOptions: {debuggerAddress: localhost:52568}, javascriptEnabled: true, networkConnectionEnabled: false, pageLoadStrategy: normal, platform: WINDOWS, platformName: WINDOWS, proxy: Proxy(), setWindowRect: true, strictFileInteractability: false, timeouts: {implicit: 0, pageLoad: 300000, script: 30000}, unhandledPromptBehavior: dismiss and notify, webauthn:extension:credBlob: true, webauthn:extension:largeBlob: true, webauthn:virtualAuthenticators: true}
Session ID: 746d1b32b240028b55afc6588703def2
	at org.openqa.selenium.remote.http.W3CHttpResponseCodec.createException(W3CHttpResponseCodec.java:187)
	at org.openqa.selenium.remote.http.W3CHttpResponseCodec.decode(W3CHttpResponseCodec.java:122)
	at org.openqa.selenium.remote.http.W3CHttpResponseCodec.decode(W3CHttpResponseCodec.java:49)
	at org.openqa.selenium.remote.HttpCommandExecutor.execute(HttpCommandExecutor.java:158)
	at org.openqa.selenium.remote.service.DriverCommandExecutor.execute(DriverCommandExecutor.java:83)
	at org.openqa.selenium.remote.RemoteWebDriver.execute(RemoteWebDriver.java:552)
	at com.kms.katalon.selenium.driver.CChromeDriver.execute(CChromeDriver.java:19)
	at org.openqa.selenium.remote.RemoteWebElement.execute(RemoteWebElement.java:285)
	at org.openqa.selenium.remote.RemoteWebElement.clear(RemoteWebElement.java:124)
	at org.openqa.selenium.support.events.EventFiringWebDriver$EventFiringWebElement.lambda$new$0(EventFiringWebDriver.java:404)
	at com.sun.proxy.$Proxy11.clear(Unknown Source)
	at org.openqa.selenium.support.events.EventFiringWebDriver$EventFiringWebElement.clear(EventFiringWebDriver.java:436)
	at com.kms.katalon.core.webui.keyword.builtin.SetTextKeyword$_setText_closure1.doCall(SetTextKeyword.groovy:53)
	at com.kms.katalon.core.webui.keyword.builtin.SetTextKeyword$_setText_closure1.call(SetTextKeyword.groovy)
	at com.kms.katalon.core.webui.keyword.internal.WebUIKeywordMain.runKeyword(WebUIKeywordMain.groovy:20)
	... 19 more]]></system-err>
      </testcase>
      <testcase name="Test Cases/Teacher/Teacher_Add Announcement/Teacher_Add Announcement Advanced With Display Period" time="11.861" classname="Test Cases/Teacher/Teacher_Add Announcement/Teacher_Add Announcement Advanced With Display Period" status="FAILED">
         <failure type="FAILED" message="Test Cases/Teacher/Teacher_Add Announcement/Teacher_Add Announcement Advanced With Display Period FAILED.
Reason:
com.kms.katalon.core.exception.StepFailedException: Unable to set text 'Topic Advance Display Period' of object 'Object Repository/Page_Announcements/input_Subject_subject'
	at com.kms.katalon.core.webui.keyword.internal.WebUIKeywordMain.stepFailed(WebUIKeywordMain.groovy:64)
	at com.kms.katalon.core.webui.keyword.internal.WebUIKeywordMain.runKeyword(WebUIKeywordMain.groovy:26)
	at com.kms.katalon.core.webui.keyword.builtin.SetTextKeyword.setText(SetTextKeyword.groovy:66)
	at com.kms.katalon.core.webui.keyword.builtin.SetTextKeyword.execute(SetTextKeyword.groovy:37)
	at com.kms.katalon.core.keyword.internal.KeywordExecutor.executeKeywordForPlatform(KeywordExecutor.groovy:74)
	at com.kms.katalon.core.webui.keyword.WebUiBuiltInKeywords.setText(WebUiBuiltInKeywords.groovy:980)
	at com.kms.katalon.core.webui.keyword.WebUiBuiltInKeywords$setText$1.call(Unknown Source)
	at Teacher_Add Announcement Advanced With Display Period.run(Teacher_Add Announcement Advanced With Display Period:38)
	at com.kms.katalon.core.main.ScriptEngine.run(ScriptEngine.java:194)
	at com.kms.katalon.core.main.ScriptEngine.runScriptAsRawText(ScriptEngine.java:119)
	at com.kms.katalon.core.main.TestCaseExecutor.runScript(TestCaseExecutor.java:442)
	at com.kms.katalon.core.main.TestCaseExecutor.doExecute(TestCaseExecutor.java:433)
	at com.kms.katalon.core.main.TestCaseExecutor.processExecutionPhase(TestCaseExecutor.java:412)
	at com.kms.katalon.core.main.TestCaseExecutor.accessMainPhase(TestCaseExecutor.java:404)
	at com.kms.katalon.core.main.TestCaseExecutor.execute(TestCaseExecutor.java:281)
	at com.kms.katalon.core.main.TestSuiteExecutor.accessTestCaseMainPhase(TestSuiteExecutor.java:202)
	at com.kms.katalon.core.main.TestSuiteExecutor.accessTestSuiteMainPhase(TestSuiteExecutor.java:164)
	at com.kms.katalon.core.main.TestSuiteExecutor.execute(TestSuiteExecutor.java:105)
	at com.kms.katalon.core.main.TestCaseMain.startTestSuite(TestCaseMain.java:181)
	at com.kms.katalon.core.main.TestCaseMain$startTestSuite$0.call(Unknown Source)
	at TempTestSuite1641914798393.run(TempTestSuite1641914798393.groovy:36)
Caused by: org.openqa.selenium.ElementNotInteractableException: element not interactable
  (Session info: chrome=96.0.4664.110)
Build info: version: '3.141.59', revision: 'e82be7d358', time: '2018-11-14T08:25:53'
System info: host: 'MSI', ip: '192.168.213.1', os.name: 'Windows 10', os.arch: 'amd64', os.version: '10.0', java.version: '1.8.0_282'
Driver info: com.kms.katalon.selenium.driver.CChromeDriver
Capabilities {acceptInsecureCerts: false, browserName: chrome, browserVersion: 96.0.4664.110, chrome: {chromedriverVersion: 95.0.4638.17 (a9d0719444d4b..., userDataDir: C:\Users\MDH\AppData\Local\...}, goog:chromeOptions: {debuggerAddress: localhost:52694}, javascriptEnabled: true, networkConnectionEnabled: false, pageLoadStrategy: normal, platform: WINDOWS, platformName: WINDOWS, proxy: Proxy(), setWindowRect: true, strictFileInteractability: false, timeouts: {implicit: 0, pageLoad: 300000, script: 30000}, unhandledPromptBehavior: dismiss and notify, webauthn:extension:credBlob: true, webauthn:extension:largeBlob: true, webauthn:virtualAuthenticators: true}
Session ID: 130c6f9eb2f75dd2f94864118b05772b
	at org.openqa.selenium.remote.http.W3CHttpResponseCodec.createException(W3CHttpResponseCodec.java:187)
	at org.openqa.selenium.remote.http.W3CHttpResponseCodec.decode(W3CHttpResponseCodec.java:122)
	at org.openqa.selenium.remote.http.W3CHttpResponseCodec.decode(W3CHttpResponseCodec.java:49)
	at org.openqa.selenium.remote.HttpCommandExecutor.execute(HttpCommandExecutor.java:158)
	at org.openqa.selenium.remote.service.DriverCommandExecutor.execute(DriverCommandExecutor.java:83)
	at org.openqa.selenium.remote.RemoteWebDriver.execute(RemoteWebDriver.java:552)
	at com.kms.katalon.selenium.driver.CChromeDriver.execute(CChromeDriver.java:19)
	at org.openqa.selenium.remote.RemoteWebElement.execute(RemoteWebElement.java:285)
	at org.openqa.selenium.remote.RemoteWebElement.clear(RemoteWebElement.java:124)
	at org.openqa.selenium.support.events.EventFiringWebDriver$EventFiringWebElement.lambda$new$0(EventFiringWebDriver.java:404)
	at com.sun.proxy.$Proxy11.clear(Unknown Source)
	at org.openqa.selenium.support.events.EventFiringWebDriver$EventFiringWebElement.clear(EventFiringWebDriver.java:436)
	at com.kms.katalon.core.webui.keyword.builtin.SetTextKeyword$_setText_closure1.doCall(SetTextKeyword.groovy:53)
	at com.kms.katalon.core.webui.keyword.builtin.SetTextKeyword$_setText_closure1.call(SetTextKeyword.groovy)
	at com.kms.katalon.core.webui.keyword.internal.WebUIKeywordMain.runKeyword(WebUIKeywordMain.groovy:20)
	... 19 more
"/>
         <system-out><![CDATA[2022-01-11 22:33:07 - [TEST_CASE][FAILED] - Test Cases/Teacher/Teacher_Add Announcement/Teacher_Add Announcement Advanced With Display Period: Test Cases/Teacher/Teacher_Add Announcement/Teacher_Add Announcement Advanced With Display Period FAILED.
Reason:
com.kms.katalon.core.exception.StepFailedException: Unable to set text 'Topic Advance Display Period' of object 'Object Repository/Page_Announcements/input_Subject_subject'
	at com.kms.katalon.core.webui.keyword.internal.WebUIKeywordMain.stepFailed(WebUIKeywordMain.groovy:64)
	at com.kms.katalon.core.webui.keyword.internal.WebUIKeywordMain.runKeyword(WebUIKeywordMain.groovy:26)
	at com.kms.katalon.core.webui.keyword.builtin.SetTextKeyword.setText(SetTextKeyword.groovy:66)
	at com.kms.katalon.core.webui.keyword.builtin.SetTextKeyword.execute(SetTextKeyword.groovy:37)
	at com.kms.katalon.core.keyword.internal.KeywordExecutor.executeKeywordForPlatform(KeywordExecutor.groovy:74)
	at com.kms.katalon.core.webui.keyword.WebUiBuiltInKeywords.setText(WebUiBuiltInKeywords.groovy:980)
	at com.kms.katalon.core.webui.keyword.WebUiBuiltInKeywords$setText$1.call(Unknown Source)
	at Teacher_Add Announcement Advanced With Display Period.run(Teacher_Add Announcement Advanced With Display Period:38)
	at com.kms.katalon.core.main.ScriptEngine.run(ScriptEngine.java:194)
	at com.kms.katalon.core.main.ScriptEngine.runScriptAsRawText(ScriptEngine.java:119)
	at com.kms.katalon.core.main.TestCaseExecutor.runScript(TestCaseExecutor.java:442)
	at com.kms.katalon.core.main.TestCaseExecutor.doExecute(TestCaseExecutor.java:433)
	at com.kms.katalon.core.main.TestCaseExecutor.processExecutionPhase(TestCaseExecutor.java:412)
	at com.kms.katalon.core.main.TestCaseExecutor.accessMainPhase(TestCaseExecutor.java:404)
	at com.kms.katalon.core.main.TestCaseExecutor.execute(TestCaseExecutor.java:281)
	at com.kms.katalon.core.main.TestSuiteExecutor.accessTestCaseMainPhase(TestSuiteExecutor.java:202)
	at com.kms.katalon.core.main.TestSuiteExecutor.accessTestSuiteMainPhase(TestSuiteExecutor.java:164)
	at com.kms.katalon.core.main.TestSuiteExecutor.execute(TestSuiteExecutor.java:105)
	at com.kms.katalon.core.main.TestCaseMain.startTestSuite(TestCaseMain.java:181)
	at com.kms.katalon.core.main.TestCaseMain$startTestSuite$0.call(Unknown Source)
	at TempTestSuite1641914798393.run(TempTestSuite1641914798393.groovy:36)
Caused by: org.openqa.selenium.ElementNotInteractableException: element not interactable
  (Session info: chrome=96.0.4664.110)
Build info: version: '3.141.59', revision: 'e82be7d358', time: '2018-11-14T08:25:53'
System info: host: 'MSI', ip: '192.168.213.1', os.name: 'Windows 10', os.arch: 'amd64', os.version: '10.0', java.version: '1.8.0_282'
Driver info: com.kms.katalon.selenium.driver.CChromeDriver
Capabilities {acceptInsecureCerts: false, browserName: chrome, browserVersion: 96.0.4664.110, chrome: {chromedriverVersion: 95.0.4638.17 (a9d0719444d4b..., userDataDir: C:\Users\MDH\AppData\Local\...}, goog:chromeOptions: {debuggerAddress: localhost:52694}, javascriptEnabled: true, networkConnectionEnabled: false, pageLoadStrategy: normal, platform: WINDOWS, platformName: WINDOWS, proxy: Proxy(), setWindowRect: true, strictFileInteractability: false, timeouts: {implicit: 0, pageLoad: 300000, script: 30000}, unhandledPromptBehavior: dismiss and notify, webauthn:extension:credBlob: true, webauthn:extension:largeBlob: true, webauthn:virtualAuthenticators: true}
Session ID: 130c6f9eb2f75dd2f94864118b05772b
	at org.openqa.selenium.remote.http.W3CHttpResponseCodec.createException(W3CHttpResponseCodec.java:187)
	at org.openqa.selenium.remote.http.W3CHttpResponseCodec.decode(W3CHttpResponseCodec.java:122)
	at org.openqa.selenium.remote.http.W3CHttpResponseCodec.decode(W3CHttpResponseCodec.java:49)
	at org.openqa.selenium.remote.HttpCommandExecutor.execute(HttpCommandExecutor.java:158)
	at org.openqa.selenium.remote.service.DriverCommandExecutor.execute(DriverCommandExecutor.java:83)
	at org.openqa.selenium.remote.RemoteWebDriver.execute(RemoteWebDriver.java:552)
	at com.kms.katalon.selenium.driver.CChromeDriver.execute(CChromeDriver.java:19)
	at org.openqa.selenium.remote.RemoteWebElement.execute(RemoteWebElement.java:285)
	at org.openqa.selenium.remote.RemoteWebElement.clear(RemoteWebElement.java:124)
	at org.openqa.selenium.support.events.EventFiringWebDriver$EventFiringWebElement.lambda$new$0(EventFiringWebDriver.java:404)
	at com.sun.proxy.$Proxy11.clear(Unknown Source)
	at org.openqa.selenium.support.events.EventFiringWebDriver$EventFiringWebElement.clear(EventFiringWebDriver.java:436)
	at com.kms.katalon.core.webui.keyword.builtin.SetTextKeyword$_setText_closure1.doCall(SetTextKeyword.groovy:53)
	at com.kms.katalon.core.webui.keyword.builtin.SetTextKeyword$_setText_closure1.call(SetTextKeyword.groovy)
	at com.kms.katalon.core.webui.keyword.internal.WebUIKeywordMain.runKeyword(WebUIKeywordMain.groovy:20)
	... 19 more


2022-01-11 22:33:07 - [TEST_STEP][PASSED] - openBrowser(""): Browser is opened with url: ''

2022-01-11 22:33:07 - [MESSAGE][WARNING] - A browser is already opened. Closing browser and opening a new one

2022-01-11 22:33:08 - [MESSAGE][INFO] - Starting 'Chrome' driver

2022-01-11 22:33:08 - [MESSAGE][INFO] - User set preference: ['args', '[window-size=1300,900]']

2022-01-11 22:33:08 - [MESSAGE][INFO] - Action delay is set to 0 milliseconds

2022-01-11 22:33:09 - [MESSAGE][PASSED] - Browser is opened with url: ''

2022-01-11 22:33:09 - [TEST_STEP][PASSED] - navigateToUrl("http://localhost:8080/moodle/"): Navigate to 'http://localhost:8080/moodle/' successfully

2022-01-11 22:33:10 - [MESSAGE][PASSED] - Navigate to 'http://localhost:8080/moodle/' successfully

2022-01-11 22:33:10 - [TEST_STEP][PASSED] - click(findTestObject("Object Repository/Page_BCS Moodle/a_Log in")): Object: 'Object Repository/Page_BCS Moodle/a_Log in' is clicked on

2022-01-11 22:33:11 - [MESSAGE][PASSED] - Object: 'Object Repository/Page_BCS Moodle/a_Log in' is clicked on

2022-01-11 22:33:11 - [TEST_STEP][PASSED] - setText(findTestObject("Object Repository/Page_BCS Moodle Log in to the site/input_Username_username"), "onix"): Text 'onix' is set on object 'Object Repository/Page_BCS Moodle Log in to the site/input_Username_username'

2022-01-11 22:33:12 - [MESSAGE][PASSED] - Text 'onix' is set on object 'Object Repository/Page_BCS Moodle Log in to the site/input_Username_username'

2022-01-11 22:33:12 - [TEST_STEP][PASSED] - setEncryptedText(findTestObject("Object Repository/Page_BCS Moodle Log in to the site/input_Password_password"), "uw4zQNl2RedGtkZxJt1B2nZNxIOg3YnT"): Text ****** has been set on object 'Object Repository/Page_BCS Moodle Log in to the site/input_Password_password'

2022-01-11 22:33:12 - [MESSAGE][PASSED] - Text ****** has been set on object 'Object Repository/Page_BCS Moodle Log in to the site/input_Password_password'

2022-01-11 22:33:12 - [TEST_STEP][PASSED] - click(findTestObject("Object Repository/Page_BCS Moodle Log in to the site/button_Log in")): Object: 'Object Repository/Page_BCS Moodle Log in to the site/button_Log in' is clicked on

2022-01-11 22:33:13 - [MESSAGE][PASSED] - Object: 'Object Repository/Page_BCS Moodle Log in to the site/button_Log in' is clicked on

2022-01-11 22:33:13 - [TEST_STEP][PASSED] - click(findTestObject("Object Repository/Page_Dashboard/div_Course image")): Object: 'Object Repository/Page_Dashboard/div_Course image' is clicked on

2022-01-11 22:33:16 - [MESSAGE][PASSED] - Object: 'Object Repository/Page_Dashboard/div_Course image' is clicked on

2022-01-11 22:33:16 - [TEST_STEP][PASSED] - click(findTestObject("Object Repository/Page_Course Ton t hp/span_Announcements Forum")): Object: 'Object Repository/Page_Course Ton t hp/span_Announcements Forum' is clicked on

2022-01-11 22:33:17 - [MESSAGE][PASSED] - Object: 'Object Repository/Page_Course Ton t hp/span_Announcements Forum' is clicked on

2022-01-11 22:33:17 - [TEST_STEP][PASSED] - click(findTestObject("Object Repository/Page_Announcements/a_Add a new topic_1")): Object: 'Object Repository/Page_Announcements/a_Add a new topic_1' is clicked on

2022-01-11 22:33:18 - [MESSAGE][PASSED] - Object: 'Object Repository/Page_Announcements/a_Add a new topic_1' is clicked on

2022-01-11 22:33:18 - [TEST_STEP][FAILED] - setText(findTestObject("Object Repository/Page_Announcements/input_Subject_subject"), "Topic Advance Display Period"): Unable to set text 'Topic Advance Display Period' of object 'Object Repository/Page_Announcements/input_Subject_subject' (Root cause: com.kms.katalon.core.exception.StepFailedException: Unable to set text 'Topic Advance Display Period' of object 'Object Repository/Page_Announcements/input_Subject_subject'
	at com.kms.katalon.core.webui.keyword.internal.WebUIKeywordMain.stepFailed(WebUIKeywordMain.groovy:64)
	at com.kms.katalon.core.webui.keyword.internal.WebUIKeywordMain.runKeyword(WebUIKeywordMain.groovy:26)
	at com.kms.katalon.core.webui.keyword.builtin.SetTextKeyword.setText(SetTextKeyword.groovy:66)
	at com.kms.katalon.core.webui.keyword.builtin.SetTextKeyword.execute(SetTextKeyword.groovy:37)
	at com.kms.katalon.core.keyword.internal.KeywordExecutor.executeKeywordForPlatform(KeywordExecutor.groovy:74)
	at com.kms.katalon.core.webui.keyword.WebUiBuiltInKeywords.setText(WebUiBuiltInKeywords.groovy:980)
	at com.kms.katalon.core.webui.keyword.WebUiBuiltInKeywords$setText$1.call(Unknown Source)
	at Teacher_Add Announcement Advanced With Display Period.run(Teacher_Add Announcement Advanced With Display Period:38)
	at com.kms.katalon.core.main.ScriptEngine.run(ScriptEngine.java:194)
	at com.kms.katalon.core.main.ScriptEngine.runScriptAsRawText(ScriptEngine.java:119)
	at com.kms.katalon.core.main.TestCaseExecutor.runScript(TestCaseExecutor.java:442)
	at com.kms.katalon.core.main.TestCaseExecutor.doExecute(TestCaseExecutor.java:433)
	at com.kms.katalon.core.main.TestCaseExecutor.processExecutionPhase(TestCaseExecutor.java:412)
	at com.kms.katalon.core.main.TestCaseExecutor.accessMainPhase(TestCaseExecutor.java:404)
	at com.kms.katalon.core.main.TestCaseExecutor.execute(TestCaseExecutor.java:281)
	at com.kms.katalon.core.main.TestSuiteExecutor.accessTestCaseMainPhase(TestSuiteExecutor.java:202)
	at com.kms.katalon.core.main.TestSuiteExecutor.accessTestSuiteMainPhase(TestSuiteExecutor.java:164)
	at com.kms.katalon.core.main.TestSuiteExecutor.execute(TestSuiteExecutor.java:105)
	at com.kms.katalon.core.main.TestCaseMain.startTestSuite(TestCaseMain.java:181)
	at com.kms.katalon.core.main.TestCaseMain$startTestSuite$0.call(Unknown Source)
	at TempTestSuite1641914798393.run(TempTestSuite1641914798393.groovy:36)
Caused by: org.openqa.selenium.ElementNotInteractableException: element not interactable
  (Session info: chrome=96.0.4664.110)
Build info: version: '3.141.59', revision: 'e82be7d358', time: '2018-11-14T08:25:53'
System info: host: 'MSI', ip: '192.168.213.1', os.name: 'Windows 10', os.arch: 'amd64', os.version: '10.0', java.version: '1.8.0_282'
Driver info: com.kms.katalon.selenium.driver.CChromeDriver
Capabilities {acceptInsecureCerts: false, browserName: chrome, browserVersion: 96.0.4664.110, chrome: {chromedriverVersion: 95.0.4638.17 (a9d0719444d4b..., userDataDir: C:\Users\MDH\AppData\Local\...}, goog:chromeOptions: {debuggerAddress: localhost:52694}, javascriptEnabled: true, networkConnectionEnabled: false, pageLoadStrategy: normal, platform: WINDOWS, platformName: WINDOWS, proxy: Proxy(), setWindowRect: true, strictFileInteractability: false, timeouts: {implicit: 0, pageLoad: 300000, script: 30000}, unhandledPromptBehavior: dismiss and notify, webauthn:extension:credBlob: true, webauthn:extension:largeBlob: true, webauthn:virtualAuthenticators: true}
Session ID: 130c6f9eb2f75dd2f94864118b05772b
	at org.openqa.selenium.remote.http.W3CHttpResponseCodec.createException(W3CHttpResponseCodec.java:187)
	at org.openqa.selenium.remote.http.W3CHttpResponseCodec.decode(W3CHttpResponseCodec.java:122)
	at org.openqa.selenium.remote.http.W3CHttpResponseCodec.decode(W3CHttpResponseCodec.java:49)
	at org.openqa.selenium.remote.HttpCommandExecutor.execute(HttpCommandExecutor.java:158)
	at org.openqa.selenium.remote.service.DriverCommandExecutor.execute(DriverCommandExecutor.java:83)
	at org.openqa.selenium.remote.RemoteWebDriver.execute(RemoteWebDriver.java:552)
	at com.kms.katalon.selenium.driver.CChromeDriver.execute(CChromeDriver.java:19)
	at org.openqa.selenium.remote.RemoteWebElement.execute(RemoteWebElement.java:285)
	at org.openqa.selenium.remote.RemoteWebElement.clear(RemoteWebElement.java:124)
	at org.openqa.selenium.support.events.EventFiringWebDriver$EventFiringWebElement.lambda$new$0(EventFiringWebDriver.java:404)
	at com.sun.proxy.$Proxy11.clear(Unknown Source)
	at org.openqa.selenium.support.events.EventFiringWebDriver$EventFiringWebElement.clear(EventFiringWebDriver.java:436)
	at com.kms.katalon.core.webui.keyword.builtin.SetTextKeyword$_setText_closure1.doCall(SetTextKeyword.groovy:53)
	at com.kms.katalon.core.webui.keyword.builtin.SetTextKeyword$_setText_closure1.call(SetTextKeyword.groovy)
	at com.kms.katalon.core.webui.keyword.internal.WebUIKeywordMain.runKeyword(WebUIKeywordMain.groovy:20)
	at com.kms.katalon.core.webui.keyword.builtin.SetTextKeyword.setText(SetTextKeyword.groovy:66)
	at com.kms.katalon.core.webui.keyword.builtin.SetTextKeyword.execute(SetTextKeyword.groovy:37)
	at com.kms.katalon.core.keyword.internal.KeywordExecutor.executeKeywordForPlatform(KeywordExecutor.groovy:74)
	at com.kms.katalon.core.webui.keyword.WebUiBuiltInKeywords.setText(WebUiBuiltInKeywords.groovy:980)
	at com.kms.katalon.core.webui.keyword.WebUiBuiltInKeywords$setText$1.call(Unknown Source)
	at Script1641389063965.run(Script1641389063965.groovy:38)
	... 13 more
)

2022-01-11 22:33:19 - [MESSAGE][FAILED] - Unable to set text 'Topic Advance Display Period' of object 'Object Repository/Page_Announcements/input_Subject_subject' (Root cause: com.kms.katalon.core.exception.StepFailedException: Unable to set text 'Topic Advance Display Period' of object 'Object Repository/Page_Announcements/input_Subject_subject'
	at com.kms.katalon.core.webui.keyword.internal.WebUIKeywordMain.stepFailed(WebUIKeywordMain.groovy:64)
	at com.kms.katalon.core.webui.keyword.internal.WebUIKeywordMain.runKeyword(WebUIKeywordMain.groovy:26)
	at com.kms.katalon.core.webui.keyword.builtin.SetTextKeyword.setText(SetTextKeyword.groovy:66)
	at com.kms.katalon.core.webui.keyword.builtin.SetTextKeyword.execute(SetTextKeyword.groovy:37)
	at com.kms.katalon.core.keyword.internal.KeywordExecutor.executeKeywordForPlatform(KeywordExecutor.groovy:74)
	at com.kms.katalon.core.webui.keyword.WebUiBuiltInKeywords.setText(WebUiBuiltInKeywords.groovy:980)
	at com.kms.katalon.core.webui.keyword.WebUiBuiltInKeywords$setText$1.call(Unknown Source)
	at Teacher_Add Announcement Advanced With Display Period.run(Teacher_Add Announcement Advanced With Display Period:38)
	at com.kms.katalon.core.main.ScriptEngine.run(ScriptEngine.java:194)
	at com.kms.katalon.core.main.ScriptEngine.runScriptAsRawText(ScriptEngine.java:119)
	at com.kms.katalon.core.main.TestCaseExecutor.runScript(TestCaseExecutor.java:442)
	at com.kms.katalon.core.main.TestCaseExecutor.doExecute(TestCaseExecutor.java:433)
	at com.kms.katalon.core.main.TestCaseExecutor.processExecutionPhase(TestCaseExecutor.java:412)
	at com.kms.katalon.core.main.TestCaseExecutor.accessMainPhase(TestCaseExecutor.java:404)
	at com.kms.katalon.core.main.TestCaseExecutor.execute(TestCaseExecutor.java:281)
	at com.kms.katalon.core.main.TestSuiteExecutor.accessTestCaseMainPhase(TestSuiteExecutor.java:202)
	at com.kms.katalon.core.main.TestSuiteExecutor.accessTestSuiteMainPhase(TestSuiteExecutor.java:164)
	at com.kms.katalon.core.main.TestSuiteExecutor.execute(TestSuiteExecutor.java:105)
	at com.kms.katalon.core.main.TestCaseMain.startTestSuite(TestCaseMain.java:181)
	at com.kms.katalon.core.main.TestCaseMain$startTestSuite$0.call(Unknown Source)
	at TempTestSuite1641914798393.run(TempTestSuite1641914798393.groovy:36)
Caused by: org.openqa.selenium.ElementNotInteractableException: element not interactable
  (Session info: chrome=96.0.4664.110)
Build info: version: '3.141.59', revision: 'e82be7d358', time: '2018-11-14T08:25:53'
System info: host: 'MSI', ip: '192.168.213.1', os.name: 'Windows 10', os.arch: 'amd64', os.version: '10.0', java.version: '1.8.0_282'
Driver info: com.kms.katalon.selenium.driver.CChromeDriver
Capabilities {acceptInsecureCerts: false, browserName: chrome, browserVersion: 96.0.4664.110, chrome: {chromedriverVersion: 95.0.4638.17 (a9d0719444d4b..., userDataDir: C:\Users\MDH\AppData\Local\...}, goog:chromeOptions: {debuggerAddress: localhost:52694}, javascriptEnabled: true, networkConnectionEnabled: false, pageLoadStrategy: normal, platform: WINDOWS, platformName: WINDOWS, proxy: Proxy(), setWindowRect: true, strictFileInteractability: false, timeouts: {implicit: 0, pageLoad: 300000, script: 30000}, unhandledPromptBehavior: dismiss and notify, webauthn:extension:credBlob: true, webauthn:extension:largeBlob: true, webauthn:virtualAuthenticators: true}
Session ID: 130c6f9eb2f75dd2f94864118b05772b
	at org.openqa.selenium.remote.http.W3CHttpResponseCodec.createException(W3CHttpResponseCodec.java:187)
	at org.openqa.selenium.remote.http.W3CHttpResponseCodec.decode(W3CHttpResponseCodec.java:122)
	at org.openqa.selenium.remote.http.W3CHttpResponseCodec.decode(W3CHttpResponseCodec.java:49)
	at org.openqa.selenium.remote.HttpCommandExecutor.execute(HttpCommandExecutor.java:158)
	at org.openqa.selenium.remote.service.DriverCommandExecutor.execute(DriverCommandExecutor.java:83)
	at org.openqa.selenium.remote.RemoteWebDriver.execute(RemoteWebDriver.java:552)
	at com.kms.katalon.selenium.driver.CChromeDriver.execute(CChromeDriver.java:19)
	at org.openqa.selenium.remote.RemoteWebElement.execute(RemoteWebElement.java:285)
	at org.openqa.selenium.remote.RemoteWebElement.clear(RemoteWebElement.java:124)
	at org.openqa.selenium.support.events.EventFiringWebDriver$EventFiringWebElement.lambda$new$0(EventFiringWebDriver.java:404)
	at com.sun.proxy.$Proxy11.clear(Unknown Source)
	at org.openqa.selenium.support.events.EventFiringWebDriver$EventFiringWebElement.clear(EventFiringWebDriver.java:436)
	at com.kms.katalon.core.webui.keyword.builtin.SetTextKeyword$_setText_closure1.doCall(SetTextKeyword.groovy:53)
	at com.kms.katalon.core.webui.keyword.builtin.SetTextKeyword$_setText_closure1.call(SetTextKeyword.groovy)
	at com.kms.katalon.core.webui.keyword.internal.WebUIKeywordMain.runKeyword(WebUIKeywordMain.groovy:20)
	at com.kms.katalon.core.webui.keyword.builtin.SetTextKeyword.setText(SetTextKeyword.groovy:66)
	at com.kms.katalon.core.webui.keyword.builtin.SetTextKeyword.execute(SetTextKeyword.groovy:37)
	at com.kms.katalon.core.keyword.internal.KeywordExecutor.executeKeywordForPlatform(KeywordExecutor.groovy:74)
	at com.kms.katalon.core.webui.keyword.WebUiBuiltInKeywords.setText(WebUiBuiltInKeywords.groovy:980)
	at com.kms.katalon.core.webui.keyword.WebUiBuiltInKeywords$setText$1.call(Unknown Source)
	at Script1641389063965.run(Script1641389063965.groovy:38)
	... 13 more
)
[[ATTACHMENT|D:\\Nam_3\\SE\\Quiz\\Bonus\\TestAutomation_NMCNPM\\Reports\\20220111_222638\\Run All Test Cases\\20220111_222638\\1641915199283.png]]]]></system-out>
         <system-err><![CDATA[2022-01-11 22:33:07 - [TEST_CASE][FAILED] - Test Cases/Teacher/Teacher_Add Announcement/Teacher_Add Announcement Advanced With Display Period: Test Cases/Teacher/Teacher_Add Announcement/Teacher_Add Announcement Advanced With Display Period FAILED.
Reason:
com.kms.katalon.core.exception.StepFailedException: Unable to set text 'Topic Advance Display Period' of object 'Object Repository/Page_Announcements/input_Subject_subject'
	at com.kms.katalon.core.webui.keyword.internal.WebUIKeywordMain.stepFailed(WebUIKeywordMain.groovy:64)
	at com.kms.katalon.core.webui.keyword.internal.WebUIKeywordMain.runKeyword(WebUIKeywordMain.groovy:26)
	at com.kms.katalon.core.webui.keyword.builtin.SetTextKeyword.setText(SetTextKeyword.groovy:66)
	at com.kms.katalon.core.webui.keyword.builtin.SetTextKeyword.execute(SetTextKeyword.groovy:37)
	at com.kms.katalon.core.keyword.internal.KeywordExecutor.executeKeywordForPlatform(KeywordExecutor.groovy:74)
	at com.kms.katalon.core.webui.keyword.WebUiBuiltInKeywords.setText(WebUiBuiltInKeywords.groovy:980)
	at com.kms.katalon.core.webui.keyword.WebUiBuiltInKeywords$setText$1.call(Unknown Source)
	at Teacher_Add Announcement Advanced With Display Period.run(Teacher_Add Announcement Advanced With Display Period:38)
	at com.kms.katalon.core.main.ScriptEngine.run(ScriptEngine.java:194)
	at com.kms.katalon.core.main.ScriptEngine.runScriptAsRawText(ScriptEngine.java:119)
	at com.kms.katalon.core.main.TestCaseExecutor.runScript(TestCaseExecutor.java:442)
	at com.kms.katalon.core.main.TestCaseExecutor.doExecute(TestCaseExecutor.java:433)
	at com.kms.katalon.core.main.TestCaseExecutor.processExecutionPhase(TestCaseExecutor.java:412)
	at com.kms.katalon.core.main.TestCaseExecutor.accessMainPhase(TestCaseExecutor.java:404)
	at com.kms.katalon.core.main.TestCaseExecutor.execute(TestCaseExecutor.java:281)
	at com.kms.katalon.core.main.TestSuiteExecutor.accessTestCaseMainPhase(TestSuiteExecutor.java:202)
	at com.kms.katalon.core.main.TestSuiteExecutor.accessTestSuiteMainPhase(TestSuiteExecutor.java:164)
	at com.kms.katalon.core.main.TestSuiteExecutor.execute(TestSuiteExecutor.java:105)
	at com.kms.katalon.core.main.TestCaseMain.startTestSuite(TestCaseMain.java:181)
	at com.kms.katalon.core.main.TestCaseMain$startTestSuite$0.call(Unknown Source)
	at TempTestSuite1641914798393.run(TempTestSuite1641914798393.groovy:36)
Caused by: org.openqa.selenium.ElementNotInteractableException: element not interactable
  (Session info: chrome=96.0.4664.110)
Build info: version: '3.141.59', revision: 'e82be7d358', time: '2018-11-14T08:25:53'
System info: host: 'MSI', ip: '192.168.213.1', os.name: 'Windows 10', os.arch: 'amd64', os.version: '10.0', java.version: '1.8.0_282'
Driver info: com.kms.katalon.selenium.driver.CChromeDriver
Capabilities {acceptInsecureCerts: false, browserName: chrome, browserVersion: 96.0.4664.110, chrome: {chromedriverVersion: 95.0.4638.17 (a9d0719444d4b..., userDataDir: C:\Users\MDH\AppData\Local\...}, goog:chromeOptions: {debuggerAddress: localhost:52694}, javascriptEnabled: true, networkConnectionEnabled: false, pageLoadStrategy: normal, platform: WINDOWS, platformName: WINDOWS, proxy: Proxy(), setWindowRect: true, strictFileInteractability: false, timeouts: {implicit: 0, pageLoad: 300000, script: 30000}, unhandledPromptBehavior: dismiss and notify, webauthn:extension:credBlob: true, webauthn:extension:largeBlob: true, webauthn:virtualAuthenticators: true}
Session ID: 130c6f9eb2f75dd2f94864118b05772b
	at org.openqa.selenium.remote.http.W3CHttpResponseCodec.createException(W3CHttpResponseCodec.java:187)
	at org.openqa.selenium.remote.http.W3CHttpResponseCodec.decode(W3CHttpResponseCodec.java:122)
	at org.openqa.selenium.remote.http.W3CHttpResponseCodec.decode(W3CHttpResponseCodec.java:49)
	at org.openqa.selenium.remote.HttpCommandExecutor.execute(HttpCommandExecutor.java:158)
	at org.openqa.selenium.remote.service.DriverCommandExecutor.execute(DriverCommandExecutor.java:83)
	at org.openqa.selenium.remote.RemoteWebDriver.execute(RemoteWebDriver.java:552)
	at com.kms.katalon.selenium.driver.CChromeDriver.execute(CChromeDriver.java:19)
	at org.openqa.selenium.remote.RemoteWebElement.execute(RemoteWebElement.java:285)
	at org.openqa.selenium.remote.RemoteWebElement.clear(RemoteWebElement.java:124)
	at org.openqa.selenium.support.events.EventFiringWebDriver$EventFiringWebElement.lambda$new$0(EventFiringWebDriver.java:404)
	at com.sun.proxy.$Proxy11.clear(Unknown Source)
	at org.openqa.selenium.support.events.EventFiringWebDriver$EventFiringWebElement.clear(EventFiringWebDriver.java:436)
	at com.kms.katalon.core.webui.keyword.builtin.SetTextKeyword$_setText_closure1.doCall(SetTextKeyword.groovy:53)
	at com.kms.katalon.core.webui.keyword.builtin.SetTextKeyword$_setText_closure1.call(SetTextKeyword.groovy)
	at com.kms.katalon.core.webui.keyword.internal.WebUIKeywordMain.runKeyword(WebUIKeywordMain.groovy:20)
	... 19 more]]></system-err>
      </testcase>
      <testcase name="Test Cases/Teacher/Teacher_Add Forum/Teacher_Add Forum Submit Without Input in Forum" time="16.487" classname="Test Cases/Teacher/Teacher_Add Forum/Teacher_Add Forum Submit Without Input in Forum" status="PASSED">
         <system-out><![CDATA[2022-01-11 22:33:19 - [TEST_CASE][PASSED] - Test Cases/Teacher/Teacher_Add Forum/Teacher_Add Forum Submit Without Input in Forum: Test Cases/Teacher/Teacher_Add Forum/Teacher_Add Forum Submit Without Input in Forum

2022-01-11 22:33:19 - [TEST_STEP][PASSED] - openBrowser(""): Browser is opened with url: ''

2022-01-11 22:33:19 - [MESSAGE][WARNING] - A browser is already opened. Closing browser and opening a new one

2022-01-11 22:33:20 - [MESSAGE][INFO] - Starting 'Chrome' driver

2022-01-11 22:33:20 - [MESSAGE][INFO] - User set preference: ['args', '[window-size=1300,900]']

2022-01-11 22:33:20 - [MESSAGE][INFO] - Action delay is set to 0 milliseconds

2022-01-11 22:33:21 - [MESSAGE][PASSED] - Browser is opened with url: ''

2022-01-11 22:33:21 - [TEST_STEP][PASSED] - navigateToUrl("http://localhost:8080/moodle/"): Navigate to 'http://localhost:8080/moodle/' successfully

2022-01-11 22:33:22 - [MESSAGE][PASSED] - Navigate to 'http://localhost:8080/moodle/' successfully

2022-01-11 22:33:22 - [TEST_STEP][PASSED] - click(findTestObject("Page_BCS Moodle/a_Log in")): Object: 'Object Repository/Page_BCS Moodle/a_Log in' is clicked on

2022-01-11 22:33:23 - [MESSAGE][PASSED] - Object: 'Object Repository/Page_BCS Moodle/a_Log in' is clicked on

2022-01-11 22:33:23 - [TEST_STEP][PASSED] - setText(findTestObject("Page_BCS Moodle Log in to the site/input_Username_username"), "onix"): Text 'onix' is set on object 'Object Repository/Page_BCS Moodle Log in to the site/input_Username_username'

2022-01-11 22:33:23 - [MESSAGE][PASSED] - Text 'onix' is set on object 'Object Repository/Page_BCS Moodle Log in to the site/input_Username_username'

2022-01-11 22:33:23 - [TEST_STEP][PASSED] - setEncryptedText(findTestObject("Page_BCS Moodle Log in to the site/input_Password_password"), "uw4zQNl2RedGtkZxJt1B2nZNxIOg3YnT"): Text ****** has been set on object 'Object Repository/Page_BCS Moodle Log in to the site/input_Password_password'

2022-01-11 22:33:24 - [MESSAGE][PASSED] - Text ****** has been set on object 'Object Repository/Page_BCS Moodle Log in to the site/input_Password_password'

2022-01-11 22:33:24 - [TEST_STEP][PASSED] - click(findTestObject("Page_BCS Moodle Log in to the site/button_Log in")): Object: 'Object Repository/Page_BCS Moodle Log in to the site/button_Log in' is clicked on

2022-01-11 22:33:25 - [MESSAGE][PASSED] - Object: 'Object Repository/Page_BCS Moodle Log in to the site/button_Log in' is clicked on

2022-01-11 22:33:25 - [TEST_STEP][PASSED] - click(findTestObject("Page_Dashboard/div_Course image")): Object: 'Object Repository/Page_Dashboard/div_Course image' is clicked on

2022-01-11 22:33:28 - [MESSAGE][PASSED] - Object: 'Object Repository/Page_Dashboard/div_Course image' is clicked on

2022-01-11 22:33:28 - [TEST_STEP][PASSED] - click(findTestObject("Object Repository/Page_Course Ton t hp/button_Turn editing on")): Object: 'Object Repository/Page_Course Ton t hp/button_Turn editing on' is clicked on

2022-01-11 22:33:29 - [MESSAGE][PASSED] - Object: 'Object Repository/Page_Course Ton t hp/button_Turn editing on' is clicked on

2022-01-11 22:33:29 - [TEST_STEP][PASSED] - click(findTestObject("Object Repository/Page_Course Ton t hp/span_Add an activity or resource (2)")): Object: 'Object Repository/Page_Course Ton t hp/span_Add an activity or resource (2)' is clicked on

2022-01-11 22:33:30 - [MESSAGE][PASSED] - Object: 'Object Repository/Page_Course Ton t hp/span_Add an activity or resource (2)' is clicked on

2022-01-11 22:33:30 - [TEST_STEP][PASSED] - click(findTestObject("Object Repository/Page_Course Ton t hp/img_Information about the Folder activity_i_e12f9c")): Object: 'Object Repository/Page_Course Ton t hp/img_Information about the Folder activity_i_e12f9c' is clicked on

2022-01-11 22:33:33 - [MESSAGE][PASSED] - Object: 'Object Repository/Page_Course Ton t hp/img_Information about the Folder activity_i_e12f9c' is clicked on

2022-01-11 22:33:33 - [TEST_STEP][PASSED] - click(findTestObject("Page_Editing Forum/input_Upon activity completion_submitbutton")): Object: 'Object Repository/Page_Editing Forum/input_Upon activity completion_submitbutton' is clicked on

2022-01-11 22:33:34 - [MESSAGE][PASSED] - Object: 'Object Repository/Page_Editing Forum/input_Upon activity completion_submitbutton' is clicked on

2022-01-11 22:33:34 - [TEST_STEP][PASSED] - click(findTestObject("Page_Editing Forum/div_- You must supply a value here")): Object: 'Object Repository/Page_Editing Forum/div_- You must supply a value here' is clicked on

2022-01-11 22:33:34 - [MESSAGE][PASSED] - Object: 'Object Repository/Page_Editing Forum/div_- You must supply a value here' is clicked on

2022-01-11 22:33:34 - [TEST_STEP][PASSED] - verifyElementText(findTestObject("Page_Editing Forum/div_- You must supply a value here"), "- You must supply a value here."): Actual text and expected text of test object 'Object Repository/Page_Editing Forum/div_- You must supply a value here' are matched.

2022-01-11 22:33:35 - [MESSAGE][PASSED] - Actual text and expected text of test object 'Object Repository/Page_Editing Forum/div_- You must supply a value here' are matched.

2022-01-11 22:33:35 - [TEST_STEP][PASSED] - closeBrowser(): Browser is closed

2022-01-11 22:33:35 - [MESSAGE][PASSED] - Browser is closed]]></system-out>
         <system-err><![CDATA[]]></system-err>
      </testcase>
      <testcase name="Test Cases/Teacher/Teacher_Add Forum/Teacher_Add Forum Submit Without Input in Topic" time="18.104" classname="Test Cases/Teacher/Teacher_Add Forum/Teacher_Add Forum Submit Without Input in Topic" status="FAILED">
         <failure type="FAILED" message="Test Cases/Teacher/Teacher_Add Forum/Teacher_Add Forum Submit Without Input in Topic FAILED.
Reason:
com.kms.katalon.core.exception.StepFailedException: Unable to click on object 'Object Repository/Page_My New Forum/div_Cancel'
	at com.kms.katalon.core.webui.keyword.internal.WebUIKeywordMain.stepFailed(WebUIKeywordMain.groovy:64)
	at com.kms.katalon.core.webui.keyword.internal.WebUIKeywordMain.runKeyword(WebUIKeywordMain.groovy:26)
	at com.kms.katalon.core.webui.keyword.builtin.ClickKeyword.click(ClickKeyword.groovy:74)
	at com.kms.katalon.core.webui.keyword.builtin.ClickKeyword.execute(ClickKeyword.groovy:40)
	at com.kms.katalon.core.keyword.internal.KeywordExecutor.executeKeywordForPlatform(KeywordExecutor.groovy:74)
	at com.kms.katalon.core.webui.keyword.WebUiBuiltInKeywords.click(WebUiBuiltInKeywords.groovy:620)
	at com.kms.katalon.core.webui.keyword.WebUiBuiltInKeywords$click$3.call(Unknown Source)
	at Teacher_Add Forum Submit Without Input in Topic.run(Teacher_Add Forum Submit Without Input in Topic:46)
	at com.kms.katalon.core.main.ScriptEngine.run(ScriptEngine.java:194)
	at com.kms.katalon.core.main.ScriptEngine.runScriptAsRawText(ScriptEngine.java:119)
	at com.kms.katalon.core.main.TestCaseExecutor.runScript(TestCaseExecutor.java:442)
	at com.kms.katalon.core.main.TestCaseExecutor.doExecute(TestCaseExecutor.java:433)
	at com.kms.katalon.core.main.TestCaseExecutor.processExecutionPhase(TestCaseExecutor.java:412)
	at com.kms.katalon.core.main.TestCaseExecutor.accessMainPhase(TestCaseExecutor.java:404)
	at com.kms.katalon.core.main.TestCaseExecutor.execute(TestCaseExecutor.java:281)
	at com.kms.katalon.core.main.TestSuiteExecutor.accessTestCaseMainPhase(TestSuiteExecutor.java:202)
	at com.kms.katalon.core.main.TestSuiteExecutor.accessTestSuiteMainPhase(TestSuiteExecutor.java:164)
	at com.kms.katalon.core.main.TestSuiteExecutor.execute(TestSuiteExecutor.java:105)
	at com.kms.katalon.core.main.TestCaseMain.startTestSuite(TestCaseMain.java:181)
	at com.kms.katalon.core.main.TestCaseMain$startTestSuite$0.call(Unknown Source)
	at TempTestSuite1641914798393.run(TempTestSuite1641914798393.groovy:36)
Caused by: org.openqa.selenium.ElementNotInteractableException: element not interactable
  (Session info: chrome=96.0.4664.110)
Build info: version: '3.141.59', revision: 'e82be7d358', time: '2018-11-14T08:25:53'
System info: host: 'MSI', ip: '192.168.213.1', os.name: 'Windows 10', os.arch: 'amd64', os.version: '10.0', java.version: '1.8.0_282'
Driver info: com.kms.katalon.selenium.driver.CChromeDriver
Capabilities {acceptInsecureCerts: false, browserName: chrome, browserVersion: 96.0.4664.110, chrome: {chromedriverVersion: 95.0.4638.17 (a9d0719444d4b..., userDataDir: C:\Users\MDH\AppData\Local\...}, goog:chromeOptions: {debuggerAddress: localhost:52976}, javascriptEnabled: true, networkConnectionEnabled: false, pageLoadStrategy: normal, platform: WINDOWS, platformName: WINDOWS, proxy: Proxy(), setWindowRect: true, strictFileInteractability: false, timeouts: {implicit: 0, pageLoad: 300000, script: 30000}, unhandledPromptBehavior: dismiss and notify, webauthn:extension:credBlob: true, webauthn:extension:largeBlob: true, webauthn:virtualAuthenticators: true}
Session ID: 5a15333a0c5b0956c1afef5f72de636e
	at org.openqa.selenium.remote.http.W3CHttpResponseCodec.createException(W3CHttpResponseCodec.java:187)
	at org.openqa.selenium.remote.http.W3CHttpResponseCodec.decode(W3CHttpResponseCodec.java:122)
	at org.openqa.selenium.remote.http.W3CHttpResponseCodec.decode(W3CHttpResponseCodec.java:49)
	at org.openqa.selenium.remote.HttpCommandExecutor.execute(HttpCommandExecutor.java:158)
	at org.openqa.selenium.remote.service.DriverCommandExecutor.execute(DriverCommandExecutor.java:83)
	at org.openqa.selenium.remote.RemoteWebDriver.execute(RemoteWebDriver.java:552)
	at com.kms.katalon.selenium.driver.CChromeDriver.execute(CChromeDriver.java:19)
	at org.openqa.selenium.remote.RemoteWebElement.execute(RemoteWebElement.java:285)
	at org.openqa.selenium.remote.RemoteWebElement.click(RemoteWebElement.java:84)
	at org.openqa.selenium.support.events.EventFiringWebDriver$EventFiringWebElement.lambda$new$0(EventFiringWebDriver.java:404)
	at com.sun.proxy.$Proxy11.click(Unknown Source)
	at org.openqa.selenium.support.events.EventFiringWebDriver$EventFiringWebElement.click(EventFiringWebDriver.java:417)
	at org.openqa.selenium.WebElement$click.call(Unknown Source)
	at com.kms.katalon.core.webui.keyword.builtin.ClickKeyword.clickUntilSuccessWithTimeout(ClickKeyword.groovy:81)
	at com.kms.katalon.core.webui.keyword.builtin.ClickKeyword.clickUntilSuccessWithTimeout(ClickKeyword.groovy)
	at com.kms.katalon.core.webui.keyword.builtin.ClickKeyword$_click_closure1.doCall(ClickKeyword.groovy:67)
	at com.kms.katalon.core.webui.keyword.builtin.ClickKeyword$_click_closure1.call(ClickKeyword.groovy)
	at com.kms.katalon.core.webui.keyword.internal.WebUIKeywordMain.runKeyword(WebUIKeywordMain.groovy:20)
	... 19 more
"/>
         <system-out><![CDATA[2022-01-11 22:33:35 - [TEST_CASE][FAILED] - Test Cases/Teacher/Teacher_Add Forum/Teacher_Add Forum Submit Without Input in Topic: Test Cases/Teacher/Teacher_Add Forum/Teacher_Add Forum Submit Without Input in Topic FAILED.
Reason:
com.kms.katalon.core.exception.StepFailedException: Unable to click on object 'Object Repository/Page_My New Forum/div_Cancel'
	at com.kms.katalon.core.webui.keyword.internal.WebUIKeywordMain.stepFailed(WebUIKeywordMain.groovy:64)
	at com.kms.katalon.core.webui.keyword.internal.WebUIKeywordMain.runKeyword(WebUIKeywordMain.groovy:26)
	at com.kms.katalon.core.webui.keyword.builtin.ClickKeyword.click(ClickKeyword.groovy:74)
	at com.kms.katalon.core.webui.keyword.builtin.ClickKeyword.execute(ClickKeyword.groovy:40)
	at com.kms.katalon.core.keyword.internal.KeywordExecutor.executeKeywordForPlatform(KeywordExecutor.groovy:74)
	at com.kms.katalon.core.webui.keyword.WebUiBuiltInKeywords.click(WebUiBuiltInKeywords.groovy:620)
	at com.kms.katalon.core.webui.keyword.WebUiBuiltInKeywords$click$3.call(Unknown Source)
	at Teacher_Add Forum Submit Without Input in Topic.run(Teacher_Add Forum Submit Without Input in Topic:46)
	at com.kms.katalon.core.main.ScriptEngine.run(ScriptEngine.java:194)
	at com.kms.katalon.core.main.ScriptEngine.runScriptAsRawText(ScriptEngine.java:119)
	at com.kms.katalon.core.main.TestCaseExecutor.runScript(TestCaseExecutor.java:442)
	at com.kms.katalon.core.main.TestCaseExecutor.doExecute(TestCaseExecutor.java:433)
	at com.kms.katalon.core.main.TestCaseExecutor.processExecutionPhase(TestCaseExecutor.java:412)
	at com.kms.katalon.core.main.TestCaseExecutor.accessMainPhase(TestCaseExecutor.java:404)
	at com.kms.katalon.core.main.TestCaseExecutor.execute(TestCaseExecutor.java:281)
	at com.kms.katalon.core.main.TestSuiteExecutor.accessTestCaseMainPhase(TestSuiteExecutor.java:202)
	at com.kms.katalon.core.main.TestSuiteExecutor.accessTestSuiteMainPhase(TestSuiteExecutor.java:164)
	at com.kms.katalon.core.main.TestSuiteExecutor.execute(TestSuiteExecutor.java:105)
	at com.kms.katalon.core.main.TestCaseMain.startTestSuite(TestCaseMain.java:181)
	at com.kms.katalon.core.main.TestCaseMain$startTestSuite$0.call(Unknown Source)
	at TempTestSuite1641914798393.run(TempTestSuite1641914798393.groovy:36)
Caused by: org.openqa.selenium.ElementNotInteractableException: element not interactable
  (Session info: chrome=96.0.4664.110)
Build info: version: '3.141.59', revision: 'e82be7d358', time: '2018-11-14T08:25:53'
System info: host: 'MSI', ip: '192.168.213.1', os.name: 'Windows 10', os.arch: 'amd64', os.version: '10.0', java.version: '1.8.0_282'
Driver info: com.kms.katalon.selenium.driver.CChromeDriver
Capabilities {acceptInsecureCerts: false, browserName: chrome, browserVersion: 96.0.4664.110, chrome: {chromedriverVersion: 95.0.4638.17 (a9d0719444d4b..., userDataDir: C:\Users\MDH\AppData\Local\...}, goog:chromeOptions: {debuggerAddress: localhost:52976}, javascriptEnabled: true, networkConnectionEnabled: false, pageLoadStrategy: normal, platform: WINDOWS, platformName: WINDOWS, proxy: Proxy(), setWindowRect: true, strictFileInteractability: false, timeouts: {implicit: 0, pageLoad: 300000, script: 30000}, unhandledPromptBehavior: dismiss and notify, webauthn:extension:credBlob: true, webauthn:extension:largeBlob: true, webauthn:virtualAuthenticators: true}
Session ID: 5a15333a0c5b0956c1afef5f72de636e
	at org.openqa.selenium.remote.http.W3CHttpResponseCodec.createException(W3CHttpResponseCodec.java:187)
	at org.openqa.selenium.remote.http.W3CHttpResponseCodec.decode(W3CHttpResponseCodec.java:122)
	at org.openqa.selenium.remote.http.W3CHttpResponseCodec.decode(W3CHttpResponseCodec.java:49)
	at org.openqa.selenium.remote.HttpCommandExecutor.execute(HttpCommandExecutor.java:158)
	at org.openqa.selenium.remote.service.DriverCommandExecutor.execute(DriverCommandExecutor.java:83)
	at org.openqa.selenium.remote.RemoteWebDriver.execute(RemoteWebDriver.java:552)
	at com.kms.katalon.selenium.driver.CChromeDriver.execute(CChromeDriver.java:19)
	at org.openqa.selenium.remote.RemoteWebElement.execute(RemoteWebElement.java:285)
	at org.openqa.selenium.remote.RemoteWebElement.click(RemoteWebElement.java:84)
	at org.openqa.selenium.support.events.EventFiringWebDriver$EventFiringWebElement.lambda$new$0(EventFiringWebDriver.java:404)
	at com.sun.proxy.$Proxy11.click(Unknown Source)
	at org.openqa.selenium.support.events.EventFiringWebDriver$EventFiringWebElement.click(EventFiringWebDriver.java:417)
	at org.openqa.selenium.WebElement$click.call(Unknown Source)
	at com.kms.katalon.core.webui.keyword.builtin.ClickKeyword.clickUntilSuccessWithTimeout(ClickKeyword.groovy:81)
	at com.kms.katalon.core.webui.keyword.builtin.ClickKeyword.clickUntilSuccessWithTimeout(ClickKeyword.groovy)
	at com.kms.katalon.core.webui.keyword.builtin.ClickKeyword$_click_closure1.doCall(ClickKeyword.groovy:67)
	at com.kms.katalon.core.webui.keyword.builtin.ClickKeyword$_click_closure1.call(ClickKeyword.groovy)
	at com.kms.katalon.core.webui.keyword.internal.WebUIKeywordMain.runKeyword(WebUIKeywordMain.groovy:20)
	... 19 more


2022-01-11 22:33:36 - [TEST_STEP][PASSED] - openBrowser(""): Browser is opened with url: ''

2022-01-11 22:33:36 - [MESSAGE][INFO] - Starting 'Chrome' driver

2022-01-11 22:33:36 - [MESSAGE][INFO] - User set preference: ['args', '[window-size=1300,900]']

2022-01-11 22:33:36 - [MESSAGE][INFO] - Action delay is set to 0 milliseconds

2022-01-11 22:33:37 - [MESSAGE][PASSED] - Browser is opened with url: ''

2022-01-11 22:33:37 - [TEST_STEP][PASSED] - navigateToUrl("http://localhost:8080/moodle/"): Navigate to 'http://localhost:8080/moodle/' successfully

2022-01-11 22:33:37 - [MESSAGE][PASSED] - Navigate to 'http://localhost:8080/moodle/' successfully

2022-01-11 22:33:37 - [TEST_STEP][PASSED] - click(findTestObject("Object Repository/Page_BCS Moodle/a_Log in")): Object: 'Object Repository/Page_BCS Moodle/a_Log in' is clicked on

2022-01-11 22:33:38 - [MESSAGE][PASSED] - Object: 'Object Repository/Page_BCS Moodle/a_Log in' is clicked on

2022-01-11 22:33:38 - [TEST_STEP][PASSED] - setText(findTestObject("Object Repository/Page_BCS Moodle Log in to the site/input_Username_username"), "onix"): Text 'onix' is set on object 'Object Repository/Page_BCS Moodle Log in to the site/input_Username_username'

2022-01-11 22:33:39 - [MESSAGE][PASSED] - Text 'onix' is set on object 'Object Repository/Page_BCS Moodle Log in to the site/input_Username_username'

2022-01-11 22:33:39 - [TEST_STEP][PASSED] - setEncryptedText(findTestObject("Object Repository/Page_BCS Moodle Log in to the site/input_Password_password"), "uw4zQNl2RedGtkZxJt1B2nZNxIOg3YnT"): Text ****** has been set on object 'Object Repository/Page_BCS Moodle Log in to the site/input_Password_password'

2022-01-11 22:33:40 - [MESSAGE][PASSED] - Text ****** has been set on object 'Object Repository/Page_BCS Moodle Log in to the site/input_Password_password'

2022-01-11 22:33:40 - [TEST_STEP][PASSED] - click(findTestObject("Object Repository/Page_BCS Moodle Log in to the site/button_Log in")): Object: 'Object Repository/Page_BCS Moodle Log in to the site/button_Log in' is clicked on

2022-01-11 22:33:41 - [MESSAGE][PASSED] - Object: 'Object Repository/Page_BCS Moodle Log in to the site/button_Log in' is clicked on

2022-01-11 22:33:41 - [TEST_STEP][PASSED] - click(findTestObject("Object Repository/Page_Dashboard/div_Course image")): Object: 'Object Repository/Page_Dashboard/div_Course image' is clicked on

2022-01-11 22:33:43 - [MESSAGE][PASSED] - Object: 'Object Repository/Page_Dashboard/div_Course image' is clicked on

2022-01-11 22:33:43 - [TEST_STEP][PASSED] - click(findTestObject("Object Repository/Page_Course Ton t hp/button_Turn editing on")): Object: 'Object Repository/Page_Course Ton t hp/button_Turn editing on' is clicked on

2022-01-11 22:33:45 - [MESSAGE][PASSED] - Object: 'Object Repository/Page_Course Ton t hp/button_Turn editing on' is clicked on

2022-01-11 22:33:45 - [TEST_STEP][PASSED] - click(findTestObject("Page_Course Ton t hp/span_Add an activity or resource (2)")): Object: 'Object Repository/Page_Course Ton t hp/span_Add an activity or resource (2)' is clicked on

2022-01-11 22:33:46 - [MESSAGE][PASSED] - Object: 'Object Repository/Page_Course Ton t hp/span_Add an activity or resource (2)' is clicked on

2022-01-11 22:33:46 - [TEST_STEP][PASSED] - click(findTestObject("Object Repository/Page_Course Ton t hp/img_Information about the Folder activity_i_e12f9c")): Object: 'Object Repository/Page_Course Ton t hp/img_Information about the Folder activity_i_e12f9c' is clicked on

2022-01-11 22:33:48 - [MESSAGE][PASSED] - Object: 'Object Repository/Page_Course Ton t hp/img_Information about the Folder activity_i_e12f9c' is clicked on

2022-01-11 22:33:48 - [TEST_STEP][PASSED] - setText(findTestObject("Object Repository/Page_Editing Forum/input_Forum name_name"), "My New Forum"): Text 'My New Forum' is set on object 'Object Repository/Page_Editing Forum/input_Forum name_name'

2022-01-11 22:33:50 - [MESSAGE][PASSED] - Text 'My New Forum' is set on object 'Object Repository/Page_Editing Forum/input_Forum name_name'

2022-01-11 22:33:50 - [TEST_STEP][PASSED] - click(findTestObject("Object Repository/Page_Editing Forum/input_Upon activity completion_submitbutton")): Object: 'Object Repository/Page_Editing Forum/input_Upon activity completion_submitbutton' is clicked on

2022-01-11 22:33:52 - [MESSAGE][PASSED] - Object: 'Object Repository/Page_Editing Forum/input_Upon activity completion_submitbutton' is clicked on

2022-01-11 22:33:52 - [TEST_STEP][PASSED] - click(findTestObject("Object Repository/Page_My New Forum/a_Add a new discussion topic")): Object: 'Object Repository/Page_My New Forum/a_Add a new discussion topic' is clicked on

2022-01-11 22:33:53 - [MESSAGE][PASSED] - Object: 'Object Repository/Page_My New Forum/a_Add a new discussion topic' is clicked on

2022-01-11 22:33:53 - [TEST_STEP][FAILED] - click(findTestObject("Object Repository/Page_My New Forum/div_Cancel")): Unable to click on object 'Object Repository/Page_My New Forum/div_Cancel' (Root cause: com.kms.katalon.core.exception.StepFailedException: Unable to click on object 'Object Repository/Page_My New Forum/div_Cancel'
	at com.kms.katalon.core.webui.keyword.internal.WebUIKeywordMain.stepFailed(WebUIKeywordMain.groovy:64)
	at com.kms.katalon.core.webui.keyword.internal.WebUIKeywordMain.runKeyword(WebUIKeywordMain.groovy:26)
	at com.kms.katalon.core.webui.keyword.builtin.ClickKeyword.click(ClickKeyword.groovy:74)
	at com.kms.katalon.core.webui.keyword.builtin.ClickKeyword.execute(ClickKeyword.groovy:40)
	at com.kms.katalon.core.keyword.internal.KeywordExecutor.executeKeywordForPlatform(KeywordExecutor.groovy:74)
	at com.kms.katalon.core.webui.keyword.WebUiBuiltInKeywords.click(WebUiBuiltInKeywords.groovy:620)
	at com.kms.katalon.core.webui.keyword.WebUiBuiltInKeywords$click$3.call(Unknown Source)
	at Teacher_Add Forum Submit Without Input in Topic.run(Teacher_Add Forum Submit Without Input in Topic:46)
	at com.kms.katalon.core.main.ScriptEngine.run(ScriptEngine.java:194)
	at com.kms.katalon.core.main.ScriptEngine.runScriptAsRawText(ScriptEngine.java:119)
	at com.kms.katalon.core.main.TestCaseExecutor.runScript(TestCaseExecutor.java:442)
	at com.kms.katalon.core.main.TestCaseExecutor.doExecute(TestCaseExecutor.java:433)
	at com.kms.katalon.core.main.TestCaseExecutor.processExecutionPhase(TestCaseExecutor.java:412)
	at com.kms.katalon.core.main.TestCaseExecutor.accessMainPhase(TestCaseExecutor.java:404)
	at com.kms.katalon.core.main.TestCaseExecutor.execute(TestCaseExecutor.java:281)
	at com.kms.katalon.core.main.TestSuiteExecutor.accessTestCaseMainPhase(TestSuiteExecutor.java:202)
	at com.kms.katalon.core.main.TestSuiteExecutor.accessTestSuiteMainPhase(TestSuiteExecutor.java:164)
	at com.kms.katalon.core.main.TestSuiteExecutor.execute(TestSuiteExecutor.java:105)
	at com.kms.katalon.core.main.TestCaseMain.startTestSuite(TestCaseMain.java:181)
	at com.kms.katalon.core.main.TestCaseMain$startTestSuite$0.call(Unknown Source)
	at TempTestSuite1641914798393.run(TempTestSuite1641914798393.groovy:36)
Caused by: org.openqa.selenium.ElementNotInteractableException: element not interactable
  (Session info: chrome=96.0.4664.110)
Build info: version: '3.141.59', revision: 'e82be7d358', time: '2018-11-14T08:25:53'
System info: host: 'MSI', ip: '192.168.213.1', os.name: 'Windows 10', os.arch: 'amd64', os.version: '10.0', java.version: '1.8.0_282'
Driver info: com.kms.katalon.selenium.driver.CChromeDriver
Capabilities {acceptInsecureCerts: false, browserName: chrome, browserVersion: 96.0.4664.110, chrome: {chromedriverVersion: 95.0.4638.17 (a9d0719444d4b..., userDataDir: C:\Users\MDH\AppData\Local\...}, goog:chromeOptions: {debuggerAddress: localhost:52976}, javascriptEnabled: true, networkConnectionEnabled: false, pageLoadStrategy: normal, platform: WINDOWS, platformName: WINDOWS, proxy: Proxy(), setWindowRect: true, strictFileInteractability: false, timeouts: {implicit: 0, pageLoad: 300000, script: 30000}, unhandledPromptBehavior: dismiss and notify, webauthn:extension:credBlob: true, webauthn:extension:largeBlob: true, webauthn:virtualAuthenticators: true}
Session ID: 5a15333a0c5b0956c1afef5f72de636e
	at org.openqa.selenium.remote.http.W3CHttpResponseCodec.createException(W3CHttpResponseCodec.java:187)
	at org.openqa.selenium.remote.http.W3CHttpResponseCodec.decode(W3CHttpResponseCodec.java:122)
	at org.openqa.selenium.remote.http.W3CHttpResponseCodec.decode(W3CHttpResponseCodec.java:49)
	at org.openqa.selenium.remote.HttpCommandExecutor.execute(HttpCommandExecutor.java:158)
	at org.openqa.selenium.remote.service.DriverCommandExecutor.execute(DriverCommandExecutor.java:83)
	at org.openqa.selenium.remote.RemoteWebDriver.execute(RemoteWebDriver.java:552)
	at com.kms.katalon.selenium.driver.CChromeDriver.execute(CChromeDriver.java:19)
	at org.openqa.selenium.remote.RemoteWebElement.execute(RemoteWebElement.java:285)
	at org.openqa.selenium.remote.RemoteWebElement.click(RemoteWebElement.java:84)
	at org.openqa.selenium.support.events.EventFiringWebDriver$EventFiringWebElement.lambda$new$0(EventFiringWebDriver.java:404)
	at com.sun.proxy.$Proxy11.click(Unknown Source)
	at org.openqa.selenium.support.events.EventFiringWebDriver$EventFiringWebElement.click(EventFiringWebDriver.java:417)
	at org.openqa.selenium.WebElement$click.call(Unknown Source)
	at com.kms.katalon.core.webui.keyword.builtin.ClickKeyword.clickUntilSuccessWithTimeout(ClickKeyword.groovy:81)
	at com.kms.katalon.core.webui.keyword.builtin.ClickKeyword.clickUntilSuccessWithTimeout(ClickKeyword.groovy)
	at com.kms.katalon.core.webui.keyword.builtin.ClickKeyword$_click_closure1.doCall(ClickKeyword.groovy:67)
	at com.kms.katalon.core.webui.keyword.builtin.ClickKeyword$_click_closure1.call(ClickKeyword.groovy)
	at com.kms.katalon.core.webui.keyword.internal.WebUIKeywordMain.runKeyword(WebUIKeywordMain.groovy:20)
	at com.kms.katalon.core.webui.keyword.builtin.ClickKeyword.click(ClickKeyword.groovy:74)
	at com.kms.katalon.core.webui.keyword.builtin.ClickKeyword.execute(ClickKeyword.groovy:40)
	at com.kms.katalon.core.keyword.internal.KeywordExecutor.executeKeywordForPlatform(KeywordExecutor.groovy:74)
	at com.kms.katalon.core.webui.keyword.WebUiBuiltInKeywords.click(WebUiBuiltInKeywords.groovy:620)
	at com.kms.katalon.core.webui.keyword.WebUiBuiltInKeywords$click$3.call(Unknown Source)
	at Script1641397605194.run(Script1641397605194.groovy:46)
	... 13 more
)

2022-01-11 22:33:54 - [MESSAGE][FAILED] - Unable to click on object 'Object Repository/Page_My New Forum/div_Cancel' (Root cause: com.kms.katalon.core.exception.StepFailedException: Unable to click on object 'Object Repository/Page_My New Forum/div_Cancel'
	at com.kms.katalon.core.webui.keyword.internal.WebUIKeywordMain.stepFailed(WebUIKeywordMain.groovy:64)
	at com.kms.katalon.core.webui.keyword.internal.WebUIKeywordMain.runKeyword(WebUIKeywordMain.groovy:26)
	at com.kms.katalon.core.webui.keyword.builtin.ClickKeyword.click(ClickKeyword.groovy:74)
	at com.kms.katalon.core.webui.keyword.builtin.ClickKeyword.execute(ClickKeyword.groovy:40)
	at com.kms.katalon.core.keyword.internal.KeywordExecutor.executeKeywordForPlatform(KeywordExecutor.groovy:74)
	at com.kms.katalon.core.webui.keyword.WebUiBuiltInKeywords.click(WebUiBuiltInKeywords.groovy:620)
	at com.kms.katalon.core.webui.keyword.WebUiBuiltInKeywords$click$3.call(Unknown Source)
	at Teacher_Add Forum Submit Without Input in Topic.run(Teacher_Add Forum Submit Without Input in Topic:46)
	at com.kms.katalon.core.main.ScriptEngine.run(ScriptEngine.java:194)
	at com.kms.katalon.core.main.ScriptEngine.runScriptAsRawText(ScriptEngine.java:119)
	at com.kms.katalon.core.main.TestCaseExecutor.runScript(TestCaseExecutor.java:442)
	at com.kms.katalon.core.main.TestCaseExecutor.doExecute(TestCaseExecutor.java:433)
	at com.kms.katalon.core.main.TestCaseExecutor.processExecutionPhase(TestCaseExecutor.java:412)
	at com.kms.katalon.core.main.TestCaseExecutor.accessMainPhase(TestCaseExecutor.java:404)
	at com.kms.katalon.core.main.TestCaseExecutor.execute(TestCaseExecutor.java:281)
	at com.kms.katalon.core.main.TestSuiteExecutor.accessTestCaseMainPhase(TestSuiteExecutor.java:202)
	at com.kms.katalon.core.main.TestSuiteExecutor.accessTestSuiteMainPhase(TestSuiteExecutor.java:164)
	at com.kms.katalon.core.main.TestSuiteExecutor.execute(TestSuiteExecutor.java:105)
	at com.kms.katalon.core.main.TestCaseMain.startTestSuite(TestCaseMain.java:181)
	at com.kms.katalon.core.main.TestCaseMain$startTestSuite$0.call(Unknown Source)
	at TempTestSuite1641914798393.run(TempTestSuite1641914798393.groovy:36)
Caused by: org.openqa.selenium.ElementNotInteractableException: element not interactable
  (Session info: chrome=96.0.4664.110)
Build info: version: '3.141.59', revision: 'e82be7d358', time: '2018-11-14T08:25:53'
System info: host: 'MSI', ip: '192.168.213.1', os.name: 'Windows 10', os.arch: 'amd64', os.version: '10.0', java.version: '1.8.0_282'
Driver info: com.kms.katalon.selenium.driver.CChromeDriver
Capabilities {acceptInsecureCerts: false, browserName: chrome, browserVersion: 96.0.4664.110, chrome: {chromedriverVersion: 95.0.4638.17 (a9d0719444d4b..., userDataDir: C:\Users\MDH\AppData\Local\...}, goog:chromeOptions: {debuggerAddress: localhost:52976}, javascriptEnabled: true, networkConnectionEnabled: false, pageLoadStrategy: normal, platform: WINDOWS, platformName: WINDOWS, proxy: Proxy(), setWindowRect: true, strictFileInteractability: false, timeouts: {implicit: 0, pageLoad: 300000, script: 30000}, unhandledPromptBehavior: dismiss and notify, webauthn:extension:credBlob: true, webauthn:extension:largeBlob: true, webauthn:virtualAuthenticators: true}
Session ID: 5a15333a0c5b0956c1afef5f72de636e
	at org.openqa.selenium.remote.http.W3CHttpResponseCodec.createException(W3CHttpResponseCodec.java:187)
	at org.openqa.selenium.remote.http.W3CHttpResponseCodec.decode(W3CHttpResponseCodec.java:122)
	at org.openqa.selenium.remote.http.W3CHttpResponseCodec.decode(W3CHttpResponseCodec.java:49)
	at org.openqa.selenium.remote.HttpCommandExecutor.execute(HttpCommandExecutor.java:158)
	at org.openqa.selenium.remote.service.DriverCommandExecutor.execute(DriverCommandExecutor.java:83)
	at org.openqa.selenium.remote.RemoteWebDriver.execute(RemoteWebDriver.java:552)
	at com.kms.katalon.selenium.driver.CChromeDriver.execute(CChromeDriver.java:19)
	at org.openqa.selenium.remote.RemoteWebElement.execute(RemoteWebElement.java:285)
	at org.openqa.selenium.remote.RemoteWebElement.click(RemoteWebElement.java:84)
	at org.openqa.selenium.support.events.EventFiringWebDriver$EventFiringWebElement.lambda$new$0(EventFiringWebDriver.java:404)
	at com.sun.proxy.$Proxy11.click(Unknown Source)
	at org.openqa.selenium.support.events.EventFiringWebDriver$EventFiringWebElement.click(EventFiringWebDriver.java:417)
	at org.openqa.selenium.WebElement$click.call(Unknown Source)
	at com.kms.katalon.core.webui.keyword.builtin.ClickKeyword.clickUntilSuccessWithTimeout(ClickKeyword.groovy:81)
	at com.kms.katalon.core.webui.keyword.builtin.ClickKeyword.clickUntilSuccessWithTimeout(ClickKeyword.groovy)
	at com.kms.katalon.core.webui.keyword.builtin.ClickKeyword$_click_closure1.doCall(ClickKeyword.groovy:67)
	at com.kms.katalon.core.webui.keyword.builtin.ClickKeyword$_click_closure1.call(ClickKeyword.groovy)
	at com.kms.katalon.core.webui.keyword.internal.WebUIKeywordMain.runKeyword(WebUIKeywordMain.groovy:20)
	at com.kms.katalon.core.webui.keyword.builtin.ClickKeyword.click(ClickKeyword.groovy:74)
	at com.kms.katalon.core.webui.keyword.builtin.ClickKeyword.execute(ClickKeyword.groovy:40)
	at com.kms.katalon.core.keyword.internal.KeywordExecutor.executeKeywordForPlatform(KeywordExecutor.groovy:74)
	at com.kms.katalon.core.webui.keyword.WebUiBuiltInKeywords.click(WebUiBuiltInKeywords.groovy:620)
	at com.kms.katalon.core.webui.keyword.WebUiBuiltInKeywords$click$3.call(Unknown Source)
	at Script1641397605194.run(Script1641397605194.groovy:46)
	... 13 more
)
[[ATTACHMENT|D:\\Nam_3\\SE\\Quiz\\Bonus\\TestAutomation_NMCNPM\\Reports\\20220111_222638\\Run All Test Cases\\20220111_222638\\1641915233884.png]]]]></system-out>
         <system-err><![CDATA[2022-01-11 22:33:35 - [TEST_CASE][FAILED] - Test Cases/Teacher/Teacher_Add Forum/Teacher_Add Forum Submit Without Input in Topic: Test Cases/Teacher/Teacher_Add Forum/Teacher_Add Forum Submit Without Input in Topic FAILED.
Reason:
com.kms.katalon.core.exception.StepFailedException: Unable to click on object 'Object Repository/Page_My New Forum/div_Cancel'
	at com.kms.katalon.core.webui.keyword.internal.WebUIKeywordMain.stepFailed(WebUIKeywordMain.groovy:64)
	at com.kms.katalon.core.webui.keyword.internal.WebUIKeywordMain.runKeyword(WebUIKeywordMain.groovy:26)
	at com.kms.katalon.core.webui.keyword.builtin.ClickKeyword.click(ClickKeyword.groovy:74)
	at com.kms.katalon.core.webui.keyword.builtin.ClickKeyword.execute(ClickKeyword.groovy:40)
	at com.kms.katalon.core.keyword.internal.KeywordExecutor.executeKeywordForPlatform(KeywordExecutor.groovy:74)
	at com.kms.katalon.core.webui.keyword.WebUiBuiltInKeywords.click(WebUiBuiltInKeywords.groovy:620)
	at com.kms.katalon.core.webui.keyword.WebUiBuiltInKeywords$click$3.call(Unknown Source)
	at Teacher_Add Forum Submit Without Input in Topic.run(Teacher_Add Forum Submit Without Input in Topic:46)
	at com.kms.katalon.core.main.ScriptEngine.run(ScriptEngine.java:194)
	at com.kms.katalon.core.main.ScriptEngine.runScriptAsRawText(ScriptEngine.java:119)
	at com.kms.katalon.core.main.TestCaseExecutor.runScript(TestCaseExecutor.java:442)
	at com.kms.katalon.core.main.TestCaseExecutor.doExecute(TestCaseExecutor.java:433)
	at com.kms.katalon.core.main.TestCaseExecutor.processExecutionPhase(TestCaseExecutor.java:412)
	at com.kms.katalon.core.main.TestCaseExecutor.accessMainPhase(TestCaseExecutor.java:404)
	at com.kms.katalon.core.main.TestCaseExecutor.execute(TestCaseExecutor.java:281)
	at com.kms.katalon.core.main.TestSuiteExecutor.accessTestCaseMainPhase(TestSuiteExecutor.java:202)
	at com.kms.katalon.core.main.TestSuiteExecutor.accessTestSuiteMainPhase(TestSuiteExecutor.java:164)
	at com.kms.katalon.core.main.TestSuiteExecutor.execute(TestSuiteExecutor.java:105)
	at com.kms.katalon.core.main.TestCaseMain.startTestSuite(TestCaseMain.java:181)
	at com.kms.katalon.core.main.TestCaseMain$startTestSuite$0.call(Unknown Source)
	at TempTestSuite1641914798393.run(TempTestSuite1641914798393.groovy:36)
Caused by: org.openqa.selenium.ElementNotInteractableException: element not interactable
  (Session info: chrome=96.0.4664.110)
Build info: version: '3.141.59', revision: 'e82be7d358', time: '2018-11-14T08:25:53'
System info: host: 'MSI', ip: '192.168.213.1', os.name: 'Windows 10', os.arch: 'amd64', os.version: '10.0', java.version: '1.8.0_282'
Driver info: com.kms.katalon.selenium.driver.CChromeDriver
Capabilities {acceptInsecureCerts: false, browserName: chrome, browserVersion: 96.0.4664.110, chrome: {chromedriverVersion: 95.0.4638.17 (a9d0719444d4b..., userDataDir: C:\Users\MDH\AppData\Local\...}, goog:chromeOptions: {debuggerAddress: localhost:52976}, javascriptEnabled: true, networkConnectionEnabled: false, pageLoadStrategy: normal, platform: WINDOWS, platformName: WINDOWS, proxy: Proxy(), setWindowRect: true, strictFileInteractability: false, timeouts: {implicit: 0, pageLoad: 300000, script: 30000}, unhandledPromptBehavior: dismiss and notify, webauthn:extension:credBlob: true, webauthn:extension:largeBlob: true, webauthn:virtualAuthenticators: true}
Session ID: 5a15333a0c5b0956c1afef5f72de636e
	at org.openqa.selenium.remote.http.W3CHttpResponseCodec.createException(W3CHttpResponseCodec.java:187)
	at org.openqa.selenium.remote.http.W3CHttpResponseCodec.decode(W3CHttpResponseCodec.java:122)
	at org.openqa.selenium.remote.http.W3CHttpResponseCodec.decode(W3CHttpResponseCodec.java:49)
	at org.openqa.selenium.remote.HttpCommandExecutor.execute(HttpCommandExecutor.java:158)
	at org.openqa.selenium.remote.service.DriverCommandExecutor.execute(DriverCommandExecutor.java:83)
	at org.openqa.selenium.remote.RemoteWebDriver.execute(RemoteWebDriver.java:552)
	at com.kms.katalon.selenium.driver.CChromeDriver.execute(CChromeDriver.java:19)
	at org.openqa.selenium.remote.RemoteWebElement.execute(RemoteWebElement.java:285)
	at org.openqa.selenium.remote.RemoteWebElement.click(RemoteWebElement.java:84)
	at org.openqa.selenium.support.events.EventFiringWebDriver$EventFiringWebElement.lambda$new$0(EventFiringWebDriver.java:404)
	at com.sun.proxy.$Proxy11.click(Unknown Source)
	at org.openqa.selenium.support.events.EventFiringWebDriver$EventFiringWebElement.click(EventFiringWebDriver.java:417)
	at org.openqa.selenium.WebElement$click.call(Unknown Source)
	at com.kms.katalon.core.webui.keyword.builtin.ClickKeyword.clickUntilSuccessWithTimeout(ClickKeyword.groovy:81)
	at com.kms.katalon.core.webui.keyword.builtin.ClickKeyword.clickUntilSuccessWithTimeout(ClickKeyword.groovy)
	at com.kms.katalon.core.webui.keyword.builtin.ClickKeyword$_click_closure1.doCall(ClickKeyword.groovy:67)
	at com.kms.katalon.core.webui.keyword.builtin.ClickKeyword$_click_closure1.call(ClickKeyword.groovy)
	at com.kms.katalon.core.webui.keyword.internal.WebUIKeywordMain.runKeyword(WebUIKeywordMain.groovy:20)
	... 19 more]]></system-err>
      </testcase>
      <testcase name="Test Cases/Student/Student_Survey/Student_Input Text Survey" time="17.081" classname="Test Cases/Student/Student_Survey/Student_Input Text Survey" status="PASSED">
         <system-out><![CDATA[2022-01-11 22:33:54 - [TEST_CASE][PASSED] - Test Cases/Student/Student_Survey/Student_Input Text Survey: Test Cases/Student/Student_Survey/Student_Input Text Survey

2022-01-11 22:33:54 - [TEST_STEP][PASSED] - openBrowser(""): Browser is opened with url: ''

2022-01-11 22:33:54 - [MESSAGE][WARNING] - A browser is already opened. Closing browser and opening a new one

2022-01-11 22:33:54 - [MESSAGE][INFO] - Starting 'Chrome' driver

2022-01-11 22:33:54 - [MESSAGE][INFO] - User set preference: ['args', '[window-size=1300,900]']

2022-01-11 22:33:54 - [MESSAGE][INFO] - Action delay is set to 0 milliseconds

2022-01-11 22:33:56 - [MESSAGE][PASSED] - Browser is opened with url: ''

2022-01-11 22:33:56 - [TEST_STEP][PASSED] - navigateToUrl("http://localhost:8080/moodle/"): Navigate to 'http://localhost:8080/moodle/' successfully

2022-01-11 22:33:56 - [MESSAGE][PASSED] - Navigate to 'http://localhost:8080/moodle/' successfully

2022-01-11 22:33:56 - [TEST_STEP][PASSED] - click(findTestObject("Object Repository/Page_BCS Moodle/a_Log in")): Object: 'Object Repository/Page_BCS Moodle/a_Log in' is clicked on

2022-01-11 22:33:57 - [MESSAGE][PASSED] - Object: 'Object Repository/Page_BCS Moodle/a_Log in' is clicked on

2022-01-11 22:33:57 - [TEST_STEP][PASSED] - setText(findTestObject("Object Repository/Page_BCS Moodle Log in to the site/input_Username_username"), "hoangvu"): Text 'hoangvu' is set on object 'Object Repository/Page_BCS Moodle Log in to the site/input_Username_username'

2022-01-11 22:33:58 - [MESSAGE][PASSED] - Text 'hoangvu' is set on object 'Object Repository/Page_BCS Moodle Log in to the site/input_Username_username'

2022-01-11 22:33:58 - [TEST_STEP][PASSED] - setEncryptedText(findTestObject("Object Repository/Page_BCS Moodle Log in to the site/input_Password_password"), "p4y+y39Ir5PR9RXlOHjWlj+CAJiYdX4g"): Text ****** has been set on object 'Object Repository/Page_BCS Moodle Log in to the site/input_Password_password'

2022-01-11 22:33:58 - [MESSAGE][PASSED] - Text ****** has been set on object 'Object Repository/Page_BCS Moodle Log in to the site/input_Password_password'

2022-01-11 22:33:58 - [TEST_STEP][PASSED] - click(findTestObject("Object Repository/Page_BCS Moodle Log in to the site/button_Log in")): Object: 'Object Repository/Page_BCS Moodle Log in to the site/button_Log in' is clicked on

2022-01-11 22:34:00 - [MESSAGE][PASSED] - Object: 'Object Repository/Page_BCS Moodle Log in to the site/button_Log in' is clicked on

2022-01-11 22:34:00 - [TEST_STEP][PASSED] - click(findTestObject("Object Repository/Page_Dashboard/span_TTH")): Object: 'Object Repository/Page_Dashboard/span_TTH' is clicked on

2022-01-11 22:34:02 - [MESSAGE][PASSED] - Object: 'Object Repository/Page_Dashboard/span_TTH' is clicked on

2022-01-11 22:34:02 - [TEST_STEP][PASSED] - click(findTestObject("Object Repository/Page_Course Ton t hp/span_Survey Critical Incidents")): Object: 'Object Repository/Page_Course Ton t hp/span_Survey Critical Incidents' is clicked on

2022-01-11 22:34:04 - [MESSAGE][PASSED] - Object: 'Object Repository/Page_Course Ton t hp/span_Survey Critical Incidents' is clicked on

2022-01-11 22:34:04 - [TEST_STEP][PASSED] - setText(findTestObject("Object Repository/Page_Survey Critical Incidents/textarea_At what moment in class were you m_f5425c"), "A"): Text 'A' is set on object 'Object Repository/Page_Survey Critical Incidents/textarea_At what moment in class were you m_f5425c'

2022-01-11 22:34:05 - [MESSAGE][PASSED] - Text 'A' is set on object 'Object Repository/Page_Survey Critical Incidents/textarea_At what moment in class were you m_f5425c'

2022-01-11 22:34:05 - [TEST_STEP][PASSED] - setText(findTestObject("Object Repository/Page_Survey Critical Incidents/textarea_At what moment in class were you m_a98c70"), "B"): Text 'B' is set on object 'Object Repository/Page_Survey Critical Incidents/textarea_At what moment in class were you m_a98c70'

2022-01-11 22:34:06 - [MESSAGE][PASSED] - Text 'B' is set on object 'Object Repository/Page_Survey Critical Incidents/textarea_At what moment in class were you m_a98c70'

2022-01-11 22:34:06 - [TEST_STEP][PASSED] - setText(findTestObject("Object Repository/Page_Survey Critical Incidents/textarea_What action from anyone in the for_4db313"), "C"): Text 'C' is set on object 'Object Repository/Page_Survey Critical Incidents/textarea_What action from anyone in the for_4db313'

2022-01-11 22:34:06 - [MESSAGE][PASSED] - Text 'C' is set on object 'Object Repository/Page_Survey Critical Incidents/textarea_What action from anyone in the for_4db313'

2022-01-11 22:34:06 - [TEST_STEP][PASSED] - setText(findTestObject("Object Repository/Page_Survey Critical Incidents/textarea_What action from anyone in the for_b7ee52"), "D"): Text 'D' is set on object 'Object Repository/Page_Survey Critical Incidents/textarea_What action from anyone in the for_b7ee52'

2022-01-11 22:34:07 - [MESSAGE][PASSED] - Text 'D' is set on object 'Object Repository/Page_Survey Critical Incidents/textarea_What action from anyone in the for_b7ee52'

2022-01-11 22:34:07 - [TEST_STEP][PASSED] - setText(findTestObject("Object Repository/Page_Survey Critical Incidents/textarea_What event surprised you most_q73"), "E"): Text 'E' is set on object 'Object Repository/Page_Survey Critical Incidents/textarea_What event surprised you most_q73'

2022-01-11 22:34:08 - [MESSAGE][PASSED] - Text 'E' is set on object 'Object Repository/Page_Survey Critical Incidents/textarea_What event surprised you most_q73'

2022-01-11 22:34:08 - [TEST_STEP][PASSED] - click(findTestObject("Object Repository/Page_Survey Critical Incidents/input_What event surprised you most_btn btn_1c5d04")): Object: 'Object Repository/Page_Survey Critical Incidents/input_What event surprised you most_btn btn_1c5d04' is clicked on

2022-01-11 22:34:08 - [MESSAGE][PASSED] - Object: 'Object Repository/Page_Survey Critical Incidents/input_What event surprised you most_btn btn_1c5d04' is clicked on

2022-01-11 22:34:08 - [TEST_STEP][PASSED] - rightClick(findTestObject("Object Repository/Page_Survey saved/div_Thanks for answering this survey, Hoang Du")): Object: 'Object Repository/Page_Survey saved/div_Thanks for answering this survey, Hoang Du' is right clicked on

2022-01-11 22:34:09 - [MESSAGE][PASSED] - Object: 'Object Repository/Page_Survey saved/div_Thanks for answering this survey, Hoang Du' is right clicked on

2022-01-11 22:34:09 - [TEST_STEP][PASSED] - doubleClick(findTestObject("Object Repository/Page_Survey saved/div_Thanks for answering this survey, Hoang Du")): Object: 'Object Repository/Page_Survey saved/div_Thanks for answering this survey, Hoang Du' is double clicked on

2022-01-11 22:34:09 - [MESSAGE][PASSED] - Object: 'Object Repository/Page_Survey saved/div_Thanks for answering this survey, Hoang Du' is double clicked on

2022-01-11 22:34:09 - [TEST_STEP][PASSED] - verifyElementText(findTestObject("Object Repository/Page_Survey saved/div_Thanks for answering this survey, Hoang Du"), "Thanks for answering this survey, Hoang Du"): Actual text and expected text of test object 'Object Repository/Page_Survey saved/div_Thanks for answering this survey, Hoang Du' are matched.

2022-01-11 22:34:10 - [MESSAGE][PASSED] - Actual text and expected text of test object 'Object Repository/Page_Survey saved/div_Thanks for answering this survey, Hoang Du' are matched.

2022-01-11 22:34:10 - [TEST_STEP][PASSED] - closeBrowser(): Browser is closed

2022-01-11 22:34:11 - [MESSAGE][PASSED] - Browser is closed]]></system-out>
         <system-err><![CDATA[]]></system-err>
      </testcase>
      <testcase name="Test Cases/Student/Student_Survey/Student_Multiple Choice Survey" time="25.822" classname="Test Cases/Student/Student_Survey/Student_Multiple Choice Survey" status="PASSED">
         <system-out><![CDATA[2022-01-11 22:34:11 - [TEST_CASE][PASSED] - Test Cases/Student/Student_Survey/Student_Multiple Choice Survey: Test Cases/Student/Student_Survey/Student_Multiple Choice Survey

2022-01-11 22:34:11 - [TEST_STEP][PASSED] - openBrowser(""): Browser is opened with url: ''

2022-01-11 22:34:11 - [MESSAGE][INFO] - Starting 'Chrome' driver

2022-01-11 22:34:11 - [MESSAGE][INFO] - User set preference: ['args', '[window-size=1300,900]']

2022-01-11 22:34:11 - [MESSAGE][INFO] - Action delay is set to 0 milliseconds

2022-01-11 22:34:12 - [MESSAGE][PASSED] - Browser is opened with url: ''

2022-01-11 22:34:12 - [TEST_STEP][PASSED] - navigateToUrl("http://localhost:8080/moodle/"): Navigate to 'http://localhost:8080/moodle/' successfully

2022-01-11 22:34:13 - [MESSAGE][PASSED] - Navigate to 'http://localhost:8080/moodle/' successfully

2022-01-11 22:34:13 - [TEST_STEP][PASSED] - click(findTestObject("Object Repository/Page_BCS Moodle/a_Log in")): Object: 'Object Repository/Page_BCS Moodle/a_Log in' is clicked on

2022-01-11 22:34:13 - [MESSAGE][PASSED] - Object: 'Object Repository/Page_BCS Moodle/a_Log in' is clicked on

2022-01-11 22:34:13 - [TEST_STEP][PASSED] - setText(findTestObject("Object Repository/Page_BCS Moodle Log in to the site/input_Username_username"), "hoangvu"): Text 'hoangvu' is set on object 'Object Repository/Page_BCS Moodle Log in to the site/input_Username_username'

2022-01-11 22:34:14 - [MESSAGE][PASSED] - Text 'hoangvu' is set on object 'Object Repository/Page_BCS Moodle Log in to the site/input_Username_username'

2022-01-11 22:34:14 - [TEST_STEP][PASSED] - setEncryptedText(findTestObject("Object Repository/Page_BCS Moodle Log in to the site/input_Password_password"), "p4y+y39Ir5PR9RXlOHjWlj+CAJiYdX4g"): Text ****** has been set on object 'Object Repository/Page_BCS Moodle Log in to the site/input_Password_password'

2022-01-11 22:34:15 - [MESSAGE][PASSED] - Text ****** has been set on object 'Object Repository/Page_BCS Moodle Log in to the site/input_Password_password'

2022-01-11 22:34:15 - [TEST_STEP][PASSED] - click(findTestObject("Object Repository/Page_BCS Moodle Log in to the site/button_Log in")): Object: 'Object Repository/Page_BCS Moodle Log in to the site/button_Log in' is clicked on

2022-01-11 22:34:16 - [MESSAGE][PASSED] - Object: 'Object Repository/Page_BCS Moodle Log in to the site/button_Log in' is clicked on

2022-01-11 22:34:16 - [TEST_STEP][PASSED] - click(findTestObject("Object Repository/Page_Dashboard/span_TTH")): Object: 'Object Repository/Page_Dashboard/span_TTH' is clicked on

2022-01-11 22:34:19 - [MESSAGE][PASSED] - Object: 'Object Repository/Page_Dashboard/span_TTH' is clicked on

2022-01-11 22:34:19 - [TEST_STEP][PASSED] - click(findTestObject("Object Repository/Page_Course Ton t hp/span_Survey ALLTS")): Object: 'Object Repository/Page_Course Ton t hp/span_Survey ALLTS' is clicked on

2022-01-11 22:34:20 - [MESSAGE][PASSED] - Object: 'Object Repository/Page_Course Ton t hp/span_Survey ALLTS' is clicked on

2022-01-11 22:34:20 - [TEST_STEP][PASSED] - click(findTestObject("Object Repository/Page_Survey ALLTS/input_Not yet answered_q45")): Object: 'Object Repository/Page_Survey ALLTS/input_Not yet answered_q45' is clicked on

2022-01-11 22:34:21 - [MESSAGE][PASSED] - Object: 'Object Repository/Page_Survey ALLTS/input_Not yet answered_q45' is clicked on

2022-01-11 22:34:21 - [TEST_STEP][PASSED] - click(findTestObject("Object Repository/Page_Survey ALLTS/input_Strongly disagree_q46")): Object: 'Object Repository/Page_Survey ALLTS/input_Strongly disagree_q46' is clicked on

2022-01-11 22:34:22 - [MESSAGE][PASSED] - Object: 'Object Repository/Page_Survey ALLTS/input_Strongly disagree_q46' is clicked on

2022-01-11 22:34:22 - [TEST_STEP][PASSED] - click(findTestObject("Object Repository/Page_Survey ALLTS/input_Not yet answered_q47")): Object: 'Object Repository/Page_Survey ALLTS/input_Not yet answered_q47' is clicked on

2022-01-11 22:34:22 - [MESSAGE][PASSED] - Object: 'Object Repository/Page_Survey ALLTS/input_Not yet answered_q47' is clicked on

2022-01-11 22:34:22 - [TEST_STEP][PASSED] - click(findTestObject("Object Repository/Page_Survey ALLTS/input_Strongly disagree_q48")): Object: 'Object Repository/Page_Survey ALLTS/input_Strongly disagree_q48' is clicked on

2022-01-11 22:34:23 - [MESSAGE][PASSED] - Object: 'Object Repository/Page_Survey ALLTS/input_Strongly disagree_q48' is clicked on

2022-01-11 22:34:23 - [TEST_STEP][PASSED] - click(findTestObject("Object Repository/Page_Survey ALLTS/input_Not yet answered_q49")): Object: 'Object Repository/Page_Survey ALLTS/input_Not yet answered_q49' is clicked on

2022-01-11 22:34:23 - [MESSAGE][PASSED] - Object: 'Object Repository/Page_Survey ALLTS/input_Not yet answered_q49' is clicked on

2022-01-11 22:34:23 - [TEST_STEP][PASSED] - click(findTestObject("Object Repository/Page_Survey ALLTS/input_Strongly disagree_q50")): Object: 'Object Repository/Page_Survey ALLTS/input_Strongly disagree_q50' is clicked on

2022-01-11 22:34:24 - [MESSAGE][PASSED] - Object: 'Object Repository/Page_Survey ALLTS/input_Strongly disagree_q50' is clicked on

2022-01-11 22:34:24 - [TEST_STEP][PASSED] - click(findTestObject("Object Repository/Page_Survey ALLTS/input_Strongly disagree_q52")): Object: 'Object Repository/Page_Survey ALLTS/input_Strongly disagree_q52' is clicked on

2022-01-11 22:34:25 - [MESSAGE][PASSED] - Object: 'Object Repository/Page_Survey ALLTS/input_Strongly disagree_q52' is clicked on

2022-01-11 22:34:25 - [TEST_STEP][PASSED] - click(findTestObject("Object Repository/Page_Survey ALLTS/input_Strongly disagree_q51")): Object: 'Object Repository/Page_Survey ALLTS/input_Strongly disagree_q51' is clicked on

2022-01-11 22:34:25 - [MESSAGE][PASSED] - Object: 'Object Repository/Page_Survey ALLTS/input_Strongly disagree_q51' is clicked on

2022-01-11 22:34:25 - [TEST_STEP][PASSED] - click(findTestObject("Object Repository/Page_Survey ALLTS/input_Not yet answered_q53")): Object: 'Object Repository/Page_Survey ALLTS/input_Not yet answered_q53' is clicked on

2022-01-11 22:34:26 - [MESSAGE][PASSED] - Object: 'Object Repository/Page_Survey ALLTS/input_Not yet answered_q53' is clicked on

2022-01-11 22:34:26 - [TEST_STEP][PASSED] - click(findTestObject("Object Repository/Page_Survey ALLTS/input_Not yet answered_q54")): Object: 'Object Repository/Page_Survey ALLTS/input_Not yet answered_q54' is clicked on

2022-01-11 22:34:26 - [MESSAGE][PASSED] - Object: 'Object Repository/Page_Survey ALLTS/input_Not yet answered_q54' is clicked on

2022-01-11 22:34:26 - [TEST_STEP][PASSED] - click(findTestObject("Object Repository/Page_Survey ALLTS/input_Strongly disagree_q55")): Object: 'Object Repository/Page_Survey ALLTS/input_Strongly disagree_q55' is clicked on

2022-01-11 22:34:27 - [MESSAGE][PASSED] - Object: 'Object Repository/Page_Survey ALLTS/input_Strongly disagree_q55' is clicked on

2022-01-11 22:34:27 - [TEST_STEP][PASSED] - click(findTestObject("Object Repository/Page_Survey ALLTS/input_Not yet answered_q56")): Object: 'Object Repository/Page_Survey ALLTS/input_Not yet answered_q56' is clicked on

2022-01-11 22:34:27 - [MESSAGE][PASSED] - Object: 'Object Repository/Page_Survey ALLTS/input_Not yet answered_q56' is clicked on

2022-01-11 22:34:27 - [TEST_STEP][PASSED] - click(findTestObject("Object Repository/Page_Survey ALLTS/input_Strongly disagree_q57")): Object: 'Object Repository/Page_Survey ALLTS/input_Strongly disagree_q57' is clicked on

2022-01-11 22:34:28 - [MESSAGE][PASSED] - Object: 'Object Repository/Page_Survey ALLTS/input_Strongly disagree_q57' is clicked on

2022-01-11 22:34:28 - [TEST_STEP][PASSED] - click(findTestObject("Object Repository/Page_Survey ALLTS/input_Strongly disagree_q58")): Object: 'Object Repository/Page_Survey ALLTS/input_Strongly disagree_q58' is clicked on

2022-01-11 22:34:28 - [MESSAGE][PASSED] - Object: 'Object Repository/Page_Survey ALLTS/input_Strongly disagree_q58' is clicked on

2022-01-11 22:34:28 - [TEST_STEP][PASSED] - click(findTestObject("Object Repository/Page_Survey ALLTS/input_Strongly disagree_q59")): Object: 'Object Repository/Page_Survey ALLTS/input_Strongly disagree_q59' is clicked on

2022-01-11 22:34:29 - [MESSAGE][PASSED] - Object: 'Object Repository/Page_Survey ALLTS/input_Strongly disagree_q59' is clicked on

2022-01-11 22:34:29 - [TEST_STEP][PASSED] - click(findTestObject("Object Repository/Page_Survey ALLTS/input_Strongly disagree_q60")): Object: 'Object Repository/Page_Survey ALLTS/input_Strongly disagree_q60' is clicked on

2022-01-11 22:34:30 - [MESSAGE][PASSED] - Object: 'Object Repository/Page_Survey ALLTS/input_Strongly disagree_q60' is clicked on

2022-01-11 22:34:30 - [TEST_STEP][PASSED] - click(findTestObject("Object Repository/Page_Survey ALLTS/input_Strongly disagree_q61")): Object: 'Object Repository/Page_Survey ALLTS/input_Strongly disagree_q61' is clicked on

2022-01-11 22:34:30 - [MESSAGE][PASSED] - Object: 'Object Repository/Page_Survey ALLTS/input_Strongly disagree_q61' is clicked on

2022-01-11 22:34:30 - [TEST_STEP][PASSED] - click(findTestObject("Object Repository/Page_Survey ALLTS/input_Strongly disagree_q62")): Object: 'Object Repository/Page_Survey ALLTS/input_Strongly disagree_q62' is clicked on

2022-01-11 22:34:31 - [MESSAGE][PASSED] - Object: 'Object Repository/Page_Survey ALLTS/input_Strongly disagree_q62' is clicked on

2022-01-11 22:34:31 - [TEST_STEP][PASSED] - click(findTestObject("Object Repository/Page_Survey ALLTS/input_Strongly disagree_q63")): Object: 'Object Repository/Page_Survey ALLTS/input_Strongly disagree_q63' is clicked on

2022-01-11 22:34:31 - [MESSAGE][PASSED] - Object: 'Object Repository/Page_Survey ALLTS/input_Strongly disagree_q63' is clicked on

2022-01-11 22:34:31 - [TEST_STEP][PASSED] - click(findTestObject("Object Repository/Page_Survey ALLTS/input_Strongly disagree_q64")): Object: 'Object Repository/Page_Survey ALLTS/input_Strongly disagree_q64' is clicked on

2022-01-11 22:34:32 - [MESSAGE][PASSED] - Object: 'Object Repository/Page_Survey ALLTS/input_Strongly disagree_q64' is clicked on

2022-01-11 22:34:32 - [TEST_STEP][PASSED] - click(findTestObject("Object Repository/Page_Survey ALLTS/input_Strongly agree_btn btn-primary")): Object: 'Object Repository/Page_Survey ALLTS/input_Strongly agree_btn btn-primary' is clicked on

2022-01-11 22:34:33 - [MESSAGE][PASSED] - Object: 'Object Repository/Page_Survey ALLTS/input_Strongly agree_btn btn-primary' is clicked on

2022-01-11 22:34:33 - [TEST_STEP][PASSED] - click(findTestObject("Object Repository/Page_Survey saved/button_Continue")): Object: 'Object Repository/Page_Survey saved/button_Continue' is clicked on

2022-01-11 22:34:34 - [MESSAGE][PASSED] - Object: 'Object Repository/Page_Survey saved/button_Continue' is clicked on

2022-01-11 22:34:34 - [TEST_STEP][PASSED] - click(findTestObject("Object Repository/Page_Course Ton t hp/span_Survey ALLTS")): Object: 'Object Repository/Page_Course Ton t hp/span_Survey ALLTS' is clicked on

2022-01-11 22:34:35 - [MESSAGE][PASSED] - Object: 'Object Repository/Page_Course Ton t hp/span_Survey ALLTS' is clicked on

2022-01-11 22:34:35 - [TEST_STEP][PASSED] - verifyElementText(findTestObject("Object Repository/Page_Survey ALLTS/div_Youve completed this survey.  The graph_fd12d9"), "You've completed this survey. The graph below shows a summary of your results compared to the class averages."): Actual text and expected text of test object 'Object Repository/Page_Survey ALLTS/div_Youve completed this survey.  The graph_fd12d9' are matched.

2022-01-11 22:34:36 - [MESSAGE][PASSED] - Actual text and expected text of test object 'Object Repository/Page_Survey ALLTS/div_Youve completed this survey.  The graph_fd12d9' are matched.

2022-01-11 22:34:36 - [TEST_STEP][PASSED] - closeBrowser(): Browser is closed

2022-01-11 22:34:36 - [MESSAGE][PASSED] - Browser is closed]]></system-out>
         <system-err><![CDATA[]]></system-err>
      </testcase>
      <testcase name="Test Cases/Student/Student_Quiz/Student_Quiz_Multiple Choices With Multiple Questions" time="23.142" classname="Test Cases/Student/Student_Quiz/Student_Quiz_Multiple Choices With Multiple Questions" status="PASSED">
         <system-out><![CDATA[2022-01-11 22:34:36 - [TEST_CASE][PASSED] - Test Cases/Student/Student_Quiz/Student_Quiz_Multiple Choices With Multiple Questions: Test Cases/Student/Student_Quiz/Student_Quiz_Multiple Choices With Multiple Questions

2022-01-11 22:34:37 - [TEST_STEP][PASSED] - openBrowser(""): Browser is opened with url: ''

2022-01-11 22:34:37 - [MESSAGE][INFO] - Starting 'Chrome' driver

2022-01-11 22:34:37 - [MESSAGE][INFO] - User set preference: ['args', '[window-size=1300,900]']

2022-01-11 22:34:37 - [MESSAGE][INFO] - Action delay is set to 0 milliseconds

2022-01-11 22:34:38 - [MESSAGE][PASSED] - Browser is opened with url: ''

2022-01-11 22:34:38 - [TEST_STEP][PASSED] - navigateToUrl("http://localhost:8080/moodle/"): Navigate to 'http://localhost:8080/moodle/' successfully

2022-01-11 22:34:38 - [MESSAGE][PASSED] - Navigate to 'http://localhost:8080/moodle/' successfully

2022-01-11 22:34:38 - [TEST_STEP][PASSED] - click(findTestObject("Object Repository/Page_BCS Moodle/a_Log in")): Object: 'Object Repository/Page_BCS Moodle/a_Log in' is clicked on

2022-01-11 22:34:39 - [MESSAGE][PASSED] - Object: 'Object Repository/Page_BCS Moodle/a_Log in' is clicked on

2022-01-11 22:34:39 - [TEST_STEP][PASSED] - setText(findTestObject("Object Repository/Page_BCS Moodle Log in to the site/input_Username_username"), "hoangvu"): Text 'hoangvu' is set on object 'Object Repository/Page_BCS Moodle Log in to the site/input_Username_username'

2022-01-11 22:34:40 - [MESSAGE][PASSED] - Text 'hoangvu' is set on object 'Object Repository/Page_BCS Moodle Log in to the site/input_Username_username'

2022-01-11 22:34:40 - [TEST_STEP][PASSED] - setEncryptedText(findTestObject("Object Repository/Page_BCS Moodle Log in to the site/input_Password_password"), "p4y+y39Ir5PR9RXlOHjWlj+CAJiYdX4g"): Text ****** has been set on object 'Object Repository/Page_BCS Moodle Log in to the site/input_Password_password'

2022-01-11 22:34:41 - [MESSAGE][PASSED] - Text ****** has been set on object 'Object Repository/Page_BCS Moodle Log in to the site/input_Password_password'

2022-01-11 22:34:41 - [TEST_STEP][PASSED] - click(findTestObject("Object Repository/Page_BCS Moodle Log in to the site/button_Log in")): Object: 'Object Repository/Page_BCS Moodle Log in to the site/button_Log in' is clicked on

2022-01-11 22:34:42 - [MESSAGE][PASSED] - Object: 'Object Repository/Page_BCS Moodle Log in to the site/button_Log in' is clicked on

2022-01-11 22:34:42 - [TEST_STEP][PASSED] - navigateToUrl("http://localhost:8080/moodle/course/view.php?id=4"): Navigate to 'http://localhost:8080/moodle/course/view.php?id=4' successfully

2022-01-11 22:34:43 - [MESSAGE][PASSED] - Navigate to 'http://localhost:8080/moodle/course/view.php?id=4' successfully

2022-01-11 22:34:43 - [TEST_STEP][PASSED] - click(findTestObject("Object Repository/Page_Course Ton t hp/span_Quiz Nhiu cu  nhiu la chn")): Object: 'Object Repository/Page_Course Ton t hp/span_Quiz Nhiu cu  nhiu la chn' is clicked on

2022-01-11 22:34:44 - [MESSAGE][PASSED] - Object: 'Object Repository/Page_Course Ton t hp/span_Quiz Nhiu cu  nhiu la chn' is clicked on

2022-01-11 22:34:44 - [TEST_STEP][PASSED] - navigateToUrl("http://localhost:8080/moodle/mod/quiz/view.php?id=21"): Navigate to 'http://localhost:8080/moodle/mod/quiz/view.php?id=21' successfully

2022-01-11 22:34:45 - [MESSAGE][PASSED] - Navigate to 'http://localhost:8080/moodle/mod/quiz/view.php?id=21' successfully

2022-01-11 22:34:45 - [TEST_STEP][PASSED] - click(findTestObject("Object Repository/Page_TTH Quiz Nhiu cu  nhiu la chn/button_Attempt quiz now")): Object: 'Object Repository/Page_TTH Quiz Nhiu cu  nhiu la chn/button_Attempt quiz now' is clicked on

2022-01-11 22:34:46 - [MESSAGE][PASSED] - Object: 'Object Repository/Page_TTH Quiz Nhiu cu  nhiu la chn/button_Attempt quiz now' is clicked on

2022-01-11 22:34:46 - [TEST_STEP][PASSED] - click(findTestObject("Object Repository/Page_Quiz Nhiu cu  nhiu la chn (page 1 of 2)/div_b. 6")): Object: 'Object Repository/Page_Quiz Nhiu cu  nhiu la chn (page 1 of 2)/div_b. 6' is clicked on

2022-01-11 22:34:47 - [MESSAGE][PASSED] - Object: 'Object Repository/Page_Quiz Nhiu cu  nhiu la chn (page 1 of 2)/div_b. 6' is clicked on

2022-01-11 22:34:47 - [TEST_STEP][PASSED] - click(findTestObject("Object Repository/Page_Quiz Nhiu cu  nhiu la chn (page 1 of 2)/input_a_q201_choice1")): Object: 'Object Repository/Page_Quiz Nhiu cu  nhiu la chn (page 1 of 2)/input_a_q201_choice1' is clicked on

2022-01-11 22:34:47 - [MESSAGE][PASSED] - Object: 'Object Repository/Page_Quiz Nhiu cu  nhiu la chn (page 1 of 2)/input_a_q201_choice1' is clicked on

2022-01-11 22:34:47 - [TEST_STEP][PASSED] - click(findTestObject("Object Repository/Page_Quiz Nhiu cu  nhiu la chn (page 1 of 2)/input_b_q201_choice2")): Object: 'Object Repository/Page_Quiz Nhiu cu  nhiu la chn (page 1 of 2)/input_b_q201_choice2' is clicked on

2022-01-11 22:34:48 - [MESSAGE][PASSED] - Object: 'Object Repository/Page_Quiz Nhiu cu  nhiu la chn (page 1 of 2)/input_b_q201_choice2' is clicked on

2022-01-11 22:34:48 - [TEST_STEP][PASSED] - click(findTestObject("Object Repository/Page_Quiz Nhiu cu  nhiu la chn (page 1 of 2)/input_c_q201_choice3")): Object: 'Object Repository/Page_Quiz Nhiu cu  nhiu la chn (page 1 of 2)/input_c_q201_choice3' is clicked on

2022-01-11 22:34:48 - [MESSAGE][PASSED] - Object: 'Object Repository/Page_Quiz Nhiu cu  nhiu la chn (page 1 of 2)/input_c_q201_choice3' is clicked on

2022-01-11 22:34:48 - [TEST_STEP][PASSED] - click(findTestObject("Object Repository/Page_Quiz Nhiu cu  nhiu la chn (page 1 of 2)/input_b_q202_choice2")): Object: 'Object Repository/Page_Quiz Nhiu cu  nhiu la chn (page 1 of 2)/input_b_q202_choice2' is clicked on

2022-01-11 22:34:49 - [MESSAGE][PASSED] - Object: 'Object Repository/Page_Quiz Nhiu cu  nhiu la chn (page 1 of 2)/input_b_q202_choice2' is clicked on

2022-01-11 22:34:49 - [TEST_STEP][PASSED] - click(findTestObject("Object Repository/Page_Quiz Nhiu cu  nhiu la chn (page 1 of 2)/input_a_q202_choice1")): Object: 'Object Repository/Page_Quiz Nhiu cu  nhiu la chn (page 1 of 2)/input_a_q202_choice1' is clicked on

2022-01-11 22:34:50 - [MESSAGE][PASSED] - Object: 'Object Repository/Page_Quiz Nhiu cu  nhiu la chn (page 1 of 2)/input_a_q202_choice1' is clicked on

2022-01-11 22:34:50 - [TEST_STEP][PASSED] - click(findTestObject("Object Repository/Page_Quiz Nhiu cu  nhiu la chn (page 1 of 2)/input_c_q202_choice3")): Object: 'Object Repository/Page_Quiz Nhiu cu  nhiu la chn (page 1 of 2)/input_c_q202_choice3' is clicked on

2022-01-11 22:34:50 - [MESSAGE][PASSED] - Object: 'Object Repository/Page_Quiz Nhiu cu  nhiu la chn (page 1 of 2)/input_c_q202_choice3' is clicked on

2022-01-11 22:34:50 - [TEST_STEP][PASSED] - click(findTestObject("Object Repository/Page_Quiz Nhiu cu  nhiu la chn (page 1 of 2)/input_Question text_q202_choice0")): Object: 'Object Repository/Page_Quiz Nhiu cu  nhiu la chn (page 1 of 2)/input_Question text_q202_choice0' is clicked on

2022-01-11 22:34:51 - [MESSAGE][PASSED] - Object: 'Object Repository/Page_Quiz Nhiu cu  nhiu la chn (page 1 of 2)/input_Question text_q202_choice0' is clicked on

2022-01-11 22:34:51 - [TEST_STEP][PASSED] - click(findTestObject("Object Repository/Page_Quiz Nhiu cu  nhiu la chn (page 1 of 2)/input_d_next")): Object: 'Object Repository/Page_Quiz Nhiu cu  nhiu la chn (page 1 of 2)/input_d_next' is clicked on

2022-01-11 22:34:52 - [MESSAGE][PASSED] - Object: 'Object Repository/Page_Quiz Nhiu cu  nhiu la chn (page 1 of 2)/input_d_next' is clicked on

2022-01-11 22:34:52 - [TEST_STEP][PASSED] - click(findTestObject("Object Repository/Page_Quiz Nhiu cu  nhiu la chn (page 2 of 2)/input_c_q203_choice3")): Object: 'Object Repository/Page_Quiz Nhiu cu  nhiu la chn (page 2 of 2)/input_c_q203_choice3' is clicked on

2022-01-11 22:34:53 - [MESSAGE][PASSED] - Object: 'Object Repository/Page_Quiz Nhiu cu  nhiu la chn (page 2 of 2)/input_c_q203_choice3' is clicked on

2022-01-11 22:34:53 - [TEST_STEP][PASSED] - click(findTestObject("Object Repository/Page_Quiz Nhiu cu  nhiu la chn (page 2 of 2)/div_c. 32")): Object: 'Object Repository/Page_Quiz Nhiu cu  nhiu la chn (page 2 of 2)/div_c. 32' is clicked on

2022-01-11 22:34:53 - [MESSAGE][PASSED] - Object: 'Object Repository/Page_Quiz Nhiu cu  nhiu la chn (page 2 of 2)/div_c. 32' is clicked on

2022-01-11 22:34:53 - [TEST_STEP][PASSED] - click(findTestObject("Object Repository/Page_Quiz Nhiu cu  nhiu la chn (page 2 of 2)/input_b_q203_choice2")): Object: 'Object Repository/Page_Quiz Nhiu cu  nhiu la chn (page 2 of 2)/input_b_q203_choice2' is clicked on

2022-01-11 22:34:54 - [MESSAGE][PASSED] - Object: 'Object Repository/Page_Quiz Nhiu cu  nhiu la chn (page 2 of 2)/input_b_q203_choice2' is clicked on

2022-01-11 22:34:54 - [TEST_STEP][PASSED] - click(findTestObject("Object Repository/Page_Quiz Nhiu cu  nhiu la chn (page 2 of 2)/input_d_next")): Object: 'Object Repository/Page_Quiz Nhiu cu  nhiu la chn (page 2 of 2)/input_d_next' is clicked on

2022-01-11 22:34:55 - [MESSAGE][PASSED] - Object: 'Object Repository/Page_Quiz Nhiu cu  nhiu la chn (page 2 of 2)/input_d_next' is clicked on

2022-01-11 22:34:55 - [TEST_STEP][PASSED] - verifyElementText(findTestObject("Object Repository/Page_Quiz Nhiu cu  nhiu la chn Attempt summary/td_Answer saved"), "Answer saved"): Actual text and expected text of test object 'Object Repository/Page_Quiz Nhiu cu  nhiu la chn Attempt summary/td_Answer saved' are matched.

2022-01-11 22:34:56 - [MESSAGE][PASSED] - Actual text and expected text of test object 'Object Repository/Page_Quiz Nhiu cu  nhiu la chn Attempt summary/td_Answer saved' are matched.

2022-01-11 22:34:56 - [TEST_STEP][PASSED] - click(findTestObject("Object Repository/Page_Quiz Nhiu cu  nhiu la chn Attempt summary/button_Submit all and finish_1")): Object: 'Object Repository/Page_Quiz Nhiu cu  nhiu la chn Attempt summary/button_Submit all and finish_1' is clicked on

2022-01-11 22:34:56 - [MESSAGE][PASSED] - Object: 'Object Repository/Page_Quiz Nhiu cu  nhiu la chn Attempt summary/button_Submit all and finish_1' is clicked on

2022-01-11 22:34:56 - [TEST_STEP][PASSED] - click(findTestObject("Object Repository/Page_Quiz Nhiu cu  nhiu la chn Attempt summary/input_Once you submit, you will no longer b_741fcb")): Object: 'Object Repository/Page_Quiz Nhiu cu  nhiu la chn Attempt summary/input_Once you submit, you will no longer b_741fcb' is clicked on

2022-01-11 22:34:57 - [MESSAGE][PASSED] - Object: 'Object Repository/Page_Quiz Nhiu cu  nhiu la chn Attempt summary/input_Once you submit, you will no longer b_741fcb' is clicked on

2022-01-11 22:34:57 - [TEST_STEP][PASSED] - verifyElementText(findTestObject("Object Repository/Page_Quiz Nhiu cu  nhiu la chn Attempt review/td_Finished"), "Finished"): Actual text and expected text of test object 'Object Repository/Page_Quiz Nhiu cu  nhiu la chn Attempt review/td_Finished' are matched.

2022-01-11 22:34:58 - [MESSAGE][PASSED] - Actual text and expected text of test object 'Object Repository/Page_Quiz Nhiu cu  nhiu la chn Attempt review/td_Finished' are matched.

2022-01-11 22:34:58 - [TEST_STEP][PASSED] - click(findTestObject("Object Repository/Page_Quiz Nhiu cu  nhiu la chn Attempt review/a_Finish review")): Object: 'Object Repository/Page_Quiz Nhiu cu  nhiu la chn Attempt review/a_Finish review' is clicked on

2022-01-11 22:34:59 - [MESSAGE][PASSED] - Object: 'Object Repository/Page_Quiz Nhiu cu  nhiu la chn Attempt review/a_Finish review' is clicked on

2022-01-11 22:34:59 - [TEST_STEP][PASSED] - closeBrowser(): Browser is closed

2022-01-11 22:35:00 - [MESSAGE][PASSED] - Browser is closed]]></system-out>
         <system-err><![CDATA[]]></system-err>
      </testcase>
      <testcase name="Test Cases/Student/Student_Quiz/Student_Quiz_Multiple Choices With One Question" time="45.541" classname="Test Cases/Student/Student_Quiz/Student_Quiz_Multiple Choices With One Question" status="FAILED">
         <failure type="FAILED" message="Test Cases/Student/Student_Quiz/Student_Quiz_Multiple Choices With One Question FAILED.
Reason:
com.kms.katalon.core.exception.StepFailedException: Unable to click on object 'Object Repository/Page_Quiz Nhiu la chn  Mt cu/input_Question text_q261_choice0'
	at com.kms.katalon.core.webui.keyword.internal.WebUIKeywordMain.stepFailed(WebUIKeywordMain.groovy:64)
	at com.kms.katalon.core.webui.keyword.internal.WebUIKeywordMain.runKeyword(WebUIKeywordMain.groovy:26)
	at com.kms.katalon.core.webui.keyword.builtin.ClickKeyword.click(ClickKeyword.groovy:74)
	at com.kms.katalon.core.webui.keyword.builtin.ClickKeyword.execute(ClickKeyword.groovy:40)
	at com.kms.katalon.core.keyword.internal.KeywordExecutor.executeKeywordForPlatform(KeywordExecutor.groovy:74)
	at com.kms.katalon.core.webui.keyword.WebUiBuiltInKeywords.click(WebUiBuiltInKeywords.groovy:620)
	at com.kms.katalon.core.webui.keyword.WebUiBuiltInKeywords$click$3.call(Unknown Source)
	at Student_Quiz_Multiple Choices With One Question.run(Student_Quiz_Multiple Choices With One Question:40)
	at com.kms.katalon.core.main.ScriptEngine.run(ScriptEngine.java:194)
	at com.kms.katalon.core.main.ScriptEngine.runScriptAsRawText(ScriptEngine.java:119)
	at com.kms.katalon.core.main.TestCaseExecutor.runScript(TestCaseExecutor.java:442)
	at com.kms.katalon.core.main.TestCaseExecutor.doExecute(TestCaseExecutor.java:433)
	at com.kms.katalon.core.main.TestCaseExecutor.processExecutionPhase(TestCaseExecutor.java:412)
	at com.kms.katalon.core.main.TestCaseExecutor.accessMainPhase(TestCaseExecutor.java:404)
	at com.kms.katalon.core.main.TestCaseExecutor.execute(TestCaseExecutor.java:281)
	at com.kms.katalon.core.main.TestSuiteExecutor.accessTestCaseMainPhase(TestSuiteExecutor.java:202)
	at com.kms.katalon.core.main.TestSuiteExecutor.accessTestSuiteMainPhase(TestSuiteExecutor.java:164)
	at com.kms.katalon.core.main.TestSuiteExecutor.execute(TestSuiteExecutor.java:105)
	at com.kms.katalon.core.main.TestCaseMain.startTestSuite(TestCaseMain.java:181)
	at com.kms.katalon.core.main.TestCaseMain$startTestSuite$0.call(Unknown Source)
	at TempTestSuite1641914798393.run(TempTestSuite1641914798393.groovy:36)
Caused by: com.kms.katalon.core.webui.exception.WebElementNotFoundException: Web element with id: 'Object Repository/Page_Quiz Nhiu la chn  Mt cu/input_Question text_q261_choice0' located by '//div[2]/div/div/input[2]' not found
	at com.kms.katalon.core.webui.common.WebUiCommonHelper.findWebElement(WebUiCommonHelper.java:1368)
	at com.kms.katalon.core.webui.keyword.internal.WebUIAbstractKeyword.findWebElement(WebUIAbstractKeyword.groovy:27)
	at com.kms.katalon.core.webui.keyword.builtin.ClickKeyword$_click_closure1.doCall(ClickKeyword.groovy:65)
	at com.kms.katalon.core.webui.keyword.builtin.ClickKeyword$_click_closure1.call(ClickKeyword.groovy)
	at com.kms.katalon.core.webui.keyword.internal.WebUIKeywordMain.runKeyword(WebUIKeywordMain.groovy:20)
	... 19 more
"/>
         <system-out><![CDATA[2022-01-11 22:35:00 - [TEST_CASE][FAILED] - Test Cases/Student/Student_Quiz/Student_Quiz_Multiple Choices With One Question: Test Cases/Student/Student_Quiz/Student_Quiz_Multiple Choices With One Question FAILED.
Reason:
com.kms.katalon.core.exception.StepFailedException: Unable to click on object 'Object Repository/Page_Quiz Nhiu la chn  Mt cu/input_Question text_q261_choice0'
	at com.kms.katalon.core.webui.keyword.internal.WebUIKeywordMain.stepFailed(WebUIKeywordMain.groovy:64)
	at com.kms.katalon.core.webui.keyword.internal.WebUIKeywordMain.runKeyword(WebUIKeywordMain.groovy:26)
	at com.kms.katalon.core.webui.keyword.builtin.ClickKeyword.click(ClickKeyword.groovy:74)
	at com.kms.katalon.core.webui.keyword.builtin.ClickKeyword.execute(ClickKeyword.groovy:40)
	at com.kms.katalon.core.keyword.internal.KeywordExecutor.executeKeywordForPlatform(KeywordExecutor.groovy:74)
	at com.kms.katalon.core.webui.keyword.WebUiBuiltInKeywords.click(WebUiBuiltInKeywords.groovy:620)
	at com.kms.katalon.core.webui.keyword.WebUiBuiltInKeywords$click$3.call(Unknown Source)
	at Student_Quiz_Multiple Choices With One Question.run(Student_Quiz_Multiple Choices With One Question:40)
	at com.kms.katalon.core.main.ScriptEngine.run(ScriptEngine.java:194)
	at com.kms.katalon.core.main.ScriptEngine.runScriptAsRawText(ScriptEngine.java:119)
	at com.kms.katalon.core.main.TestCaseExecutor.runScript(TestCaseExecutor.java:442)
	at com.kms.katalon.core.main.TestCaseExecutor.doExecute(TestCaseExecutor.java:433)
	at com.kms.katalon.core.main.TestCaseExecutor.processExecutionPhase(TestCaseExecutor.java:412)
	at com.kms.katalon.core.main.TestCaseExecutor.accessMainPhase(TestCaseExecutor.java:404)
	at com.kms.katalon.core.main.TestCaseExecutor.execute(TestCaseExecutor.java:281)
	at com.kms.katalon.core.main.TestSuiteExecutor.accessTestCaseMainPhase(TestSuiteExecutor.java:202)
	at com.kms.katalon.core.main.TestSuiteExecutor.accessTestSuiteMainPhase(TestSuiteExecutor.java:164)
	at com.kms.katalon.core.main.TestSuiteExecutor.execute(TestSuiteExecutor.java:105)
	at com.kms.katalon.core.main.TestCaseMain.startTestSuite(TestCaseMain.java:181)
	at com.kms.katalon.core.main.TestCaseMain$startTestSuite$0.call(Unknown Source)
	at TempTestSuite1641914798393.run(TempTestSuite1641914798393.groovy:36)
Caused by: com.kms.katalon.core.webui.exception.WebElementNotFoundException: Web element with id: 'Object Repository/Page_Quiz Nhiu la chn  Mt cu/input_Question text_q261_choice0' located by '//div[2]/div/div/input[2]' not found
	at com.kms.katalon.core.webui.common.WebUiCommonHelper.findWebElement(WebUiCommonHelper.java:1368)
	at com.kms.katalon.core.webui.keyword.internal.WebUIAbstractKeyword.findWebElement(WebUIAbstractKeyword.groovy:27)
	at com.kms.katalon.core.webui.keyword.builtin.ClickKeyword$_click_closure1.doCall(ClickKeyword.groovy:65)
	at com.kms.katalon.core.webui.keyword.builtin.ClickKeyword$_click_closure1.call(ClickKeyword.groovy)
	at com.kms.katalon.core.webui.keyword.internal.WebUIKeywordMain.runKeyword(WebUIKeywordMain.groovy:20)
	... 19 more


2022-01-11 22:35:00 - [TEST_STEP][PASSED] - openBrowser(""): Browser is opened with url: ''

2022-01-11 22:35:00 - [MESSAGE][INFO] - Starting 'Chrome' driver

2022-01-11 22:35:00 - [MESSAGE][INFO] - User set preference: ['args', '[window-size=1300,900]']

2022-01-11 22:35:00 - [MESSAGE][INFO] - Action delay is set to 0 milliseconds

2022-01-11 22:35:01 - [MESSAGE][PASSED] - Browser is opened with url: ''

2022-01-11 22:35:01 - [TEST_STEP][PASSED] - navigateToUrl("http://localhost:8080/moodle/"): Navigate to 'http://localhost:8080/moodle/' successfully

2022-01-11 22:35:02 - [MESSAGE][PASSED] - Navigate to 'http://localhost:8080/moodle/' successfully

2022-01-11 22:35:02 - [TEST_STEP][PASSED] - click(findTestObject("Object Repository/Page_BCS Moodle/a_Log in")): Object: 'Object Repository/Page_BCS Moodle/a_Log in' is clicked on

2022-01-11 22:35:02 - [MESSAGE][PASSED] - Object: 'Object Repository/Page_BCS Moodle/a_Log in' is clicked on

2022-01-11 22:35:03 - [TEST_STEP][PASSED] - setText(findTestObject("Object Repository/Page_BCS Moodle Log in to the site/input_Username_username"), "hoangvu"): Text 'hoangvu' is set on object 'Object Repository/Page_BCS Moodle Log in to the site/input_Username_username'

2022-01-11 22:35:03 - [MESSAGE][PASSED] - Text 'hoangvu' is set on object 'Object Repository/Page_BCS Moodle Log in to the site/input_Username_username'

2022-01-11 22:35:03 - [TEST_STEP][PASSED] - setEncryptedText(findTestObject("Object Repository/Page_BCS Moodle Log in to the site/input_Password_password"), "p4y+y39Ir5PR9RXlOHjWlj+CAJiYdX4g"): Text ****** has been set on object 'Object Repository/Page_BCS Moodle Log in to the site/input_Password_password'

2022-01-11 22:35:04 - [MESSAGE][PASSED] - Text ****** has been set on object 'Object Repository/Page_BCS Moodle Log in to the site/input_Password_password'

2022-01-11 22:35:04 - [TEST_STEP][PASSED] - click(findTestObject("Object Repository/Page_BCS Moodle Log in to the site/button_Log in")): Object: 'Object Repository/Page_BCS Moodle Log in to the site/button_Log in' is clicked on

2022-01-11 22:35:05 - [MESSAGE][PASSED] - Object: 'Object Repository/Page_BCS Moodle Log in to the site/button_Log in' is clicked on

2022-01-11 22:35:05 - [TEST_STEP][PASSED] - navigateToUrl("http://localhost:8080/moodle/course/view.php?id=4"): Navigate to 'http://localhost:8080/moodle/course/view.php?id=4' successfully

2022-01-11 22:35:06 - [MESSAGE][PASSED] - Navigate to 'http://localhost:8080/moodle/course/view.php?id=4' successfully

2022-01-11 22:35:06 - [TEST_STEP][PASSED] - click(findTestObject("Object Repository/Page_Course Ton t hp/span_Quiz Nhiu la chn  Mt cu")): Object: 'Object Repository/Page_Course Ton t hp/span_Quiz Nhiu la chn  Mt cu' is clicked on

2022-01-11 22:35:08 - [MESSAGE][PASSED] - Object: 'Object Repository/Page_Course Ton t hp/span_Quiz Nhiu la chn  Mt cu' is clicked on

2022-01-11 22:35:08 - [TEST_STEP][PASSED] - navigateToUrl("http://localhost:8080/moodle/mod/quiz/view.php?id=20"): Navigate to 'http://localhost:8080/moodle/mod/quiz/view.php?id=20' successfully

2022-01-11 22:35:08 - [MESSAGE][PASSED] - Navigate to 'http://localhost:8080/moodle/mod/quiz/view.php?id=20' successfully

2022-01-11 22:35:08 - [TEST_STEP][PASSED] - click(findTestObject("Object Repository/Page_TTH Quiz Nhiu la chn  Mt cu/button_Re-attempt quiz")): Object: 'Object Repository/Page_TTH Quiz Nhiu la chn  Mt cu/button_Re-attempt quiz' is clicked on

2022-01-11 22:35:10 - [MESSAGE][PASSED] - Object: 'Object Repository/Page_TTH Quiz Nhiu la chn  Mt cu/button_Re-attempt quiz' is clicked on

2022-01-11 22:35:10 - [TEST_STEP][FAILED] - click(findTestObject("Object Repository/Page_Quiz Nhiu la chn  Mt cu/input_Question text_q261_choice0")): Unable to click on object 'Object Repository/Page_Quiz Nhiu la chn  Mt cu/input_Question text_q261_choice0' (Root cause: com.kms.katalon.core.exception.StepFailedException: Unable to click on object 'Object Repository/Page_Quiz Nhiu la chn  Mt cu/input_Question text_q261_choice0'
	at com.kms.katalon.core.webui.keyword.internal.WebUIKeywordMain.stepFailed(WebUIKeywordMain.groovy:64)
	at com.kms.katalon.core.webui.keyword.internal.WebUIKeywordMain.runKeyword(WebUIKeywordMain.groovy:26)
	at com.kms.katalon.core.webui.keyword.builtin.ClickKeyword.click(ClickKeyword.groovy:74)
	at com.kms.katalon.core.webui.keyword.builtin.ClickKeyword.execute(ClickKeyword.groovy:40)
	at com.kms.katalon.core.keyword.internal.KeywordExecutor.executeKeywordForPlatform(KeywordExecutor.groovy:74)
	at com.kms.katalon.core.webui.keyword.WebUiBuiltInKeywords.click(WebUiBuiltInKeywords.groovy:620)
	at com.kms.katalon.core.webui.keyword.WebUiBuiltInKeywords$click$3.call(Unknown Source)
	at Student_Quiz_Multiple Choices With One Question.run(Student_Quiz_Multiple Choices With One Question:40)
	at com.kms.katalon.core.main.ScriptEngine.run(ScriptEngine.java:194)
	at com.kms.katalon.core.main.ScriptEngine.runScriptAsRawText(ScriptEngine.java:119)
	at com.kms.katalon.core.main.TestCaseExecutor.runScript(TestCaseExecutor.java:442)
	at com.kms.katalon.core.main.TestCaseExecutor.doExecute(TestCaseExecutor.java:433)
	at com.kms.katalon.core.main.TestCaseExecutor.processExecutionPhase(TestCaseExecutor.java:412)
	at com.kms.katalon.core.main.TestCaseExecutor.accessMainPhase(TestCaseExecutor.java:404)
	at com.kms.katalon.core.main.TestCaseExecutor.execute(TestCaseExecutor.java:281)
	at com.kms.katalon.core.main.TestSuiteExecutor.accessTestCaseMainPhase(TestSuiteExecutor.java:202)
	at com.kms.katalon.core.main.TestSuiteExecutor.accessTestSuiteMainPhase(TestSuiteExecutor.java:164)
	at com.kms.katalon.core.main.TestSuiteExecutor.execute(TestSuiteExecutor.java:105)
	at com.kms.katalon.core.main.TestCaseMain.startTestSuite(TestCaseMain.java:181)
	at com.kms.katalon.core.main.TestCaseMain$startTestSuite$0.call(Unknown Source)
	at TempTestSuite1641914798393.run(TempTestSuite1641914798393.groovy:36)
Caused by: com.kms.katalon.core.webui.exception.WebElementNotFoundException: Web element with id: 'Object Repository/Page_Quiz Nhiu la chn  Mt cu/input_Question text_q261_choice0' located by '//div[2]/div/div/input[2]' not found
	at com.kms.katalon.core.webui.common.WebUiCommonHelper.findWebElement(WebUiCommonHelper.java:1368)
	at com.kms.katalon.core.webui.keyword.internal.WebUIAbstractKeyword.findWebElement(WebUIAbstractKeyword.groovy:27)
	at com.kms.katalon.core.webui.keyword.builtin.ClickKeyword$_click_closure1.doCall(ClickKeyword.groovy:65)
	at com.kms.katalon.core.webui.keyword.builtin.ClickKeyword$_click_closure1.call(ClickKeyword.groovy)
	at com.kms.katalon.core.webui.keyword.internal.WebUIKeywordMain.runKeyword(WebUIKeywordMain.groovy:20)
	at com.kms.katalon.core.webui.keyword.builtin.ClickKeyword.click(ClickKeyword.groovy:74)
	at com.kms.katalon.core.webui.keyword.builtin.ClickKeyword.execute(ClickKeyword.groovy:40)
	at com.kms.katalon.core.keyword.internal.KeywordExecutor.executeKeywordForPlatform(KeywordExecutor.groovy:74)
	at com.kms.katalon.core.webui.keyword.WebUiBuiltInKeywords.click(WebUiBuiltInKeywords.groovy:620)
	at com.kms.katalon.core.webui.keyword.WebUiBuiltInKeywords$click$3.call(Unknown Source)
	at Script1641653219658.run(Script1641653219658.groovy:40)
	... 13 more
)

2022-01-11 22:35:41 - [MESSAGE][INFO] - Unable to find the element located by 'By.xpath: //div[2]/div/div/input[2]'. Please recheck the objects properties to make sure the desired element is located. 

2022-01-11 22:35:41 - [MESSAGE][WARNING] - [SELF-HEALING] Failed to find element with id 'Object Repository/Page_Quiz Nhiu la chn  Mt cu/input_Question text_q261_choice0'. Try using Self-healing.

2022-01-11 22:35:41 - [MESSAGE][INFO] - [SELF-HEALING] Failed Locator: '//input[@id='q26:1_choice0']'.

2022-01-11 22:35:42 - [MESSAGE][INFO] - [SELF-HEALING] Failed Locator: '//div[@id='yui_3_17_2_1_1641657979221_119']/input[2]'.

2022-01-11 22:35:42 - [MESSAGE][INFO] - [SELF-HEALING] Failed Locator: '//div[2]/div/div/input[2]'.

2022-01-11 22:35:42 - [MESSAGE][INFO] - [SELF-HEALING] Failed Locator: '//input[@id='q26:1_choice0']'.

2022-01-11 22:35:43 - [MESSAGE][INFO] - [SELF-HEALING] Failed Locator: '//div[@id='yui_3_17_2_1_1641657979221_119']/input[2]'.

2022-01-11 22:35:43 - [MESSAGE][INFO] - [SELF-HEALING] Failed Locator: '//div[2]/div/div/input[2]'.

2022-01-11 22:35:44 - [MESSAGE][INFO] - Unable to find the element located by 'By.xpath: //*[@type = 'checkbox' and @name = 'q26:1_choice0' and @id = 'q26:1_choice0']'. Please recheck the objects properties to make sure the desired element is located. 

2022-01-11 22:35:45 - [MESSAGE][INFO] - Unable to find the element located by 'By.cssSelector: '. Please recheck the objects properties to make sure the desired element is located. 

2022-01-11 22:35:45 - [MESSAGE][FAILED] - Unable to click on object 'Object Repository/Page_Quiz Nhiu la chn  Mt cu/input_Question text_q261_choice0' (Root cause: com.kms.katalon.core.exception.StepFailedException: Unable to click on object 'Object Repository/Page_Quiz Nhiu la chn  Mt cu/input_Question text_q261_choice0'
	at com.kms.katalon.core.webui.keyword.internal.WebUIKeywordMain.stepFailed(WebUIKeywordMain.groovy:64)
	at com.kms.katalon.core.webui.keyword.internal.WebUIKeywordMain.runKeyword(WebUIKeywordMain.groovy:26)
	at com.kms.katalon.core.webui.keyword.builtin.ClickKeyword.click(ClickKeyword.groovy:74)
	at com.kms.katalon.core.webui.keyword.builtin.ClickKeyword.execute(ClickKeyword.groovy:40)
	at com.kms.katalon.core.keyword.internal.KeywordExecutor.executeKeywordForPlatform(KeywordExecutor.groovy:74)
	at com.kms.katalon.core.webui.keyword.WebUiBuiltInKeywords.click(WebUiBuiltInKeywords.groovy:620)
	at com.kms.katalon.core.webui.keyword.WebUiBuiltInKeywords$click$3.call(Unknown Source)
	at Student_Quiz_Multiple Choices With One Question.run(Student_Quiz_Multiple Choices With One Question:40)
	at com.kms.katalon.core.main.ScriptEngine.run(ScriptEngine.java:194)
	at com.kms.katalon.core.main.ScriptEngine.runScriptAsRawText(ScriptEngine.java:119)
	at com.kms.katalon.core.main.TestCaseExecutor.runScript(TestCaseExecutor.java:442)
	at com.kms.katalon.core.main.TestCaseExecutor.doExecute(TestCaseExecutor.java:433)
	at com.kms.katalon.core.main.TestCaseExecutor.processExecutionPhase(TestCaseExecutor.java:412)
	at com.kms.katalon.core.main.TestCaseExecutor.accessMainPhase(TestCaseExecutor.java:404)
	at com.kms.katalon.core.main.TestCaseExecutor.execute(TestCaseExecutor.java:281)
	at com.kms.katalon.core.main.TestSuiteExecutor.accessTestCaseMainPhase(TestSuiteExecutor.java:202)
	at com.kms.katalon.core.main.TestSuiteExecutor.accessTestSuiteMainPhase(TestSuiteExecutor.java:164)
	at com.kms.katalon.core.main.TestSuiteExecutor.execute(TestSuiteExecutor.java:105)
	at com.kms.katalon.core.main.TestCaseMain.startTestSuite(TestCaseMain.java:181)
	at com.kms.katalon.core.main.TestCaseMain$startTestSuite$0.call(Unknown Source)
	at TempTestSuite1641914798393.run(TempTestSuite1641914798393.groovy:36)
Caused by: com.kms.katalon.core.webui.exception.WebElementNotFoundException: Web element with id: 'Object Repository/Page_Quiz Nhiu la chn  Mt cu/input_Question text_q261_choice0' located by '//div[2]/div/div/input[2]' not found
	at com.kms.katalon.core.webui.common.WebUiCommonHelper.findWebElement(WebUiCommonHelper.java:1368)
	at com.kms.katalon.core.webui.keyword.internal.WebUIAbstractKeyword.findWebElement(WebUIAbstractKeyword.groovy:27)
	at com.kms.katalon.core.webui.keyword.builtin.ClickKeyword$_click_closure1.doCall(ClickKeyword.groovy:65)
	at com.kms.katalon.core.webui.keyword.builtin.ClickKeyword$_click_closure1.call(ClickKeyword.groovy)
	at com.kms.katalon.core.webui.keyword.internal.WebUIKeywordMain.runKeyword(WebUIKeywordMain.groovy:20)
	at com.kms.katalon.core.webui.keyword.builtin.ClickKeyword.click(ClickKeyword.groovy:74)
	at com.kms.katalon.core.webui.keyword.builtin.ClickKeyword.execute(ClickKeyword.groovy:40)
	at com.kms.katalon.core.keyword.internal.KeywordExecutor.executeKeywordForPlatform(KeywordExecutor.groovy:74)
	at com.kms.katalon.core.webui.keyword.WebUiBuiltInKeywords.click(WebUiBuiltInKeywords.groovy:620)
	at com.kms.katalon.core.webui.keyword.WebUiBuiltInKeywords$click$3.call(Unknown Source)
	at Script1641653219658.run(Script1641653219658.groovy:40)
	... 13 more
)
[[ATTACHMENT|D:\\Nam_3\\SE\\Quiz\\Bonus\\TestAutomation_NMCNPM\\Reports\\20220111_222638\\Run All Test Cases\\20220111_222638\\1641915345488.png]]]]></system-out>
         <system-err><![CDATA[2022-01-11 22:35:00 - [TEST_CASE][FAILED] - Test Cases/Student/Student_Quiz/Student_Quiz_Multiple Choices With One Question: Test Cases/Student/Student_Quiz/Student_Quiz_Multiple Choices With One Question FAILED.
Reason:
com.kms.katalon.core.exception.StepFailedException: Unable to click on object 'Object Repository/Page_Quiz Nhiu la chn  Mt cu/input_Question text_q261_choice0'
	at com.kms.katalon.core.webui.keyword.internal.WebUIKeywordMain.stepFailed(WebUIKeywordMain.groovy:64)
	at com.kms.katalon.core.webui.keyword.internal.WebUIKeywordMain.runKeyword(WebUIKeywordMain.groovy:26)
	at com.kms.katalon.core.webui.keyword.builtin.ClickKeyword.click(ClickKeyword.groovy:74)
	at com.kms.katalon.core.webui.keyword.builtin.ClickKeyword.execute(ClickKeyword.groovy:40)
	at com.kms.katalon.core.keyword.internal.KeywordExecutor.executeKeywordForPlatform(KeywordExecutor.groovy:74)
	at com.kms.katalon.core.webui.keyword.WebUiBuiltInKeywords.click(WebUiBuiltInKeywords.groovy:620)
	at com.kms.katalon.core.webui.keyword.WebUiBuiltInKeywords$click$3.call(Unknown Source)
	at Student_Quiz_Multiple Choices With One Question.run(Student_Quiz_Multiple Choices With One Question:40)
	at com.kms.katalon.core.main.ScriptEngine.run(ScriptEngine.java:194)
	at com.kms.katalon.core.main.ScriptEngine.runScriptAsRawText(ScriptEngine.java:119)
	at com.kms.katalon.core.main.TestCaseExecutor.runScript(TestCaseExecutor.java:442)
	at com.kms.katalon.core.main.TestCaseExecutor.doExecute(TestCaseExecutor.java:433)
	at com.kms.katalon.core.main.TestCaseExecutor.processExecutionPhase(TestCaseExecutor.java:412)
	at com.kms.katalon.core.main.TestCaseExecutor.accessMainPhase(TestCaseExecutor.java:404)
	at com.kms.katalon.core.main.TestCaseExecutor.execute(TestCaseExecutor.java:281)
	at com.kms.katalon.core.main.TestSuiteExecutor.accessTestCaseMainPhase(TestSuiteExecutor.java:202)
	at com.kms.katalon.core.main.TestSuiteExecutor.accessTestSuiteMainPhase(TestSuiteExecutor.java:164)
	at com.kms.katalon.core.main.TestSuiteExecutor.execute(TestSuiteExecutor.java:105)
	at com.kms.katalon.core.main.TestCaseMain.startTestSuite(TestCaseMain.java:181)
	at com.kms.katalon.core.main.TestCaseMain$startTestSuite$0.call(Unknown Source)
	at TempTestSuite1641914798393.run(TempTestSuite1641914798393.groovy:36)
Caused by: com.kms.katalon.core.webui.exception.WebElementNotFoundException: Web element with id: 'Object Repository/Page_Quiz Nhiu la chn  Mt cu/input_Question text_q261_choice0' located by '//div[2]/div/div/input[2]' not found
	at com.kms.katalon.core.webui.common.WebUiCommonHelper.findWebElement(WebUiCommonHelper.java:1368)
	at com.kms.katalon.core.webui.keyword.internal.WebUIAbstractKeyword.findWebElement(WebUIAbstractKeyword.groovy:27)
	at com.kms.katalon.core.webui.keyword.builtin.ClickKeyword$_click_closure1.doCall(ClickKeyword.groovy:65)
	at com.kms.katalon.core.webui.keyword.builtin.ClickKeyword$_click_closure1.call(ClickKeyword.groovy)
	at com.kms.katalon.core.webui.keyword.internal.WebUIKeywordMain.runKeyword(WebUIKeywordMain.groovy:20)
	... 19 more]]></system-err>
      </testcase>
      <testcase name="Test Cases/Student/Student_Quiz/Student_Quiz_Single Choice With Multiple Questions" time="20.707" classname="Test Cases/Student/Student_Quiz/Student_Quiz_Single Choice With Multiple Questions" status="PASSED">
         <system-out><![CDATA[2022-01-11 22:35:45 - [TEST_CASE][PASSED] - Test Cases/Student/Student_Quiz/Student_Quiz_Single Choice With Multiple Questions: Test Cases/Student/Student_Quiz/Student_Quiz_Single Choice With Multiple Questions

2022-01-11 22:35:45 - [TEST_STEP][PASSED] - openBrowser(""): Browser is opened with url: ''

2022-01-11 22:35:45 - [MESSAGE][WARNING] - A browser is already opened. Closing browser and opening a new one

2022-01-11 22:35:46 - [MESSAGE][INFO] - Starting 'Chrome' driver

2022-01-11 22:35:46 - [MESSAGE][INFO] - User set preference: ['args', '[window-size=1300,900]']

2022-01-11 22:35:46 - [MESSAGE][INFO] - Action delay is set to 0 milliseconds

2022-01-11 22:35:47 - [MESSAGE][PASSED] - Browser is opened with url: ''

2022-01-11 22:35:47 - [TEST_STEP][PASSED] - navigateToUrl("http://localhost:8080/moodle/"): Navigate to 'http://localhost:8080/moodle/' successfully

2022-01-11 22:35:48 - [MESSAGE][PASSED] - Navigate to 'http://localhost:8080/moodle/' successfully

2022-01-11 22:35:48 - [TEST_STEP][PASSED] - click(findTestObject("Object Repository/Page_BCS Moodle/a_Log in")): Object: 'Object Repository/Page_BCS Moodle/a_Log in' is clicked on

2022-01-11 22:35:49 - [MESSAGE][PASSED] - Object: 'Object Repository/Page_BCS Moodle/a_Log in' is clicked on

2022-01-11 22:35:49 - [TEST_STEP][PASSED] - setText(findTestObject("Object Repository/Page_BCS Moodle Log in to the site/input_Username_username"), "hoangvu"): Text 'hoangvu' is set on object 'Object Repository/Page_BCS Moodle Log in to the site/input_Username_username'

2022-01-11 22:35:50 - [MESSAGE][PASSED] - Text 'hoangvu' is set on object 'Object Repository/Page_BCS Moodle Log in to the site/input_Username_username'

2022-01-11 22:35:50 - [TEST_STEP][PASSED] - setEncryptedText(findTestObject("Object Repository/Page_BCS Moodle Log in to the site/input_Password_password"), "p4y+y39Ir5PR9RXlOHjWlj+CAJiYdX4g"): Text ****** has been set on object 'Object Repository/Page_BCS Moodle Log in to the site/input_Password_password'

2022-01-11 22:35:50 - [MESSAGE][PASSED] - Text ****** has been set on object 'Object Repository/Page_BCS Moodle Log in to the site/input_Password_password'

2022-01-11 22:35:50 - [TEST_STEP][PASSED] - click(findTestObject("Object Repository/Page_BCS Moodle Log in to the site/button_Log in")): Object: 'Object Repository/Page_BCS Moodle Log in to the site/button_Log in' is clicked on

2022-01-11 22:35:51 - [MESSAGE][PASSED] - Object: 'Object Repository/Page_BCS Moodle Log in to the site/button_Log in' is clicked on

2022-01-11 22:35:51 - [TEST_STEP][PASSED] - navigateToUrl("http://localhost:8080/moodle/course/view.php?id=4"): Navigate to 'http://localhost:8080/moodle/course/view.php?id=4' successfully

2022-01-11 22:35:53 - [MESSAGE][PASSED] - Navigate to 'http://localhost:8080/moodle/course/view.php?id=4' successfully

2022-01-11 22:35:53 - [TEST_STEP][PASSED] - click(findTestObject("Object Repository/Page_Course Ton t hp/span_Quiz Nhiu cu  1 la chn")): Object: 'Object Repository/Page_Course Ton t hp/span_Quiz Nhiu cu  1 la chn' is clicked on

2022-01-11 22:35:54 - [MESSAGE][PASSED] - Object: 'Object Repository/Page_Course Ton t hp/span_Quiz Nhiu cu  1 la chn' is clicked on

2022-01-11 22:35:54 - [TEST_STEP][PASSED] - navigateToUrl("http://localhost:8080/moodle/mod/quiz/view.php?id=22"): Navigate to 'http://localhost:8080/moodle/mod/quiz/view.php?id=22' successfully

2022-01-11 22:35:54 - [MESSAGE][PASSED] - Navigate to 'http://localhost:8080/moodle/mod/quiz/view.php?id=22' successfully

2022-01-11 22:35:54 - [TEST_STEP][PASSED] - click(findTestObject("Object Repository/Page_TTH Quiz Nhiu cu  1 la chn/button_Attempt quiz now")): Object: 'Object Repository/Page_TTH Quiz Nhiu cu  1 la chn/button_Attempt quiz now' is clicked on

2022-01-11 22:35:56 - [MESSAGE][PASSED] - Object: 'Object Repository/Page_TTH Quiz Nhiu cu  1 la chn/button_Attempt quiz now' is clicked on

2022-01-11 22:35:56 - [TEST_STEP][PASSED] - click(findTestObject("Object Repository/Page_Quiz Nhiu cu  1 la chn (page 1 of 2)/input_Question text_q221_answer")): Object: 'Object Repository/Page_Quiz Nhiu cu  1 la chn (page 1 of 2)/input_Question text_q221_answer' is clicked on

2022-01-11 22:35:56 - [MESSAGE][PASSED] - Object: 'Object Repository/Page_Quiz Nhiu cu  1 la chn (page 1 of 2)/input_Question text_q221_answer' is clicked on

2022-01-11 22:35:56 - [TEST_STEP][PASSED] - click(findTestObject("Object Repository/Page_Quiz Nhiu cu  1 la chn (page 1 of 2)/div_c. 16")): Object: 'Object Repository/Page_Quiz Nhiu cu  1 la chn (page 1 of 2)/div_c. 16' is clicked on

2022-01-11 22:35:57 - [MESSAGE][PASSED] - Object: 'Object Repository/Page_Quiz Nhiu cu  1 la chn (page 1 of 2)/div_c. 16' is clicked on

2022-01-11 22:35:57 - [TEST_STEP][PASSED] - click(findTestObject("Object Repository/Page_Quiz Nhiu cu  1 la chn (page 1 of 2)/input_b_q221_answer")): Object: 'Object Repository/Page_Quiz Nhiu cu  1 la chn (page 1 of 2)/input_b_q221_answer' is clicked on

2022-01-11 22:35:58 - [MESSAGE][PASSED] - Object: 'Object Repository/Page_Quiz Nhiu cu  1 la chn (page 1 of 2)/input_b_q221_answer' is clicked on

2022-01-11 22:35:58 - [TEST_STEP][PASSED] - click(findTestObject("Object Repository/Page_Quiz Nhiu cu  1 la chn (page 1 of 2)/input_c_q222_answer")): Object: 'Object Repository/Page_Quiz Nhiu cu  1 la chn (page 1 of 2)/input_c_q222_answer' is clicked on

2022-01-11 22:35:58 - [MESSAGE][PASSED] - Object: 'Object Repository/Page_Quiz Nhiu cu  1 la chn (page 1 of 2)/input_c_q222_answer' is clicked on

2022-01-11 22:35:58 - [TEST_STEP][PASSED] - click(findTestObject("Object Repository/Page_Quiz Nhiu cu  1 la chn (page 1 of 2)/input_d_next")): Object: 'Object Repository/Page_Quiz Nhiu cu  1 la chn (page 1 of 2)/input_d_next' is clicked on

2022-01-11 22:35:59 - [MESSAGE][PASSED] - Object: 'Object Repository/Page_Quiz Nhiu cu  1 la chn (page 1 of 2)/input_d_next' is clicked on

2022-01-11 22:35:59 - [TEST_STEP][PASSED] - click(findTestObject("Object Repository/Page_Quiz Nhiu cu  1 la chn (page 2 of 2)/input_b_q223_answer")): Object: 'Object Repository/Page_Quiz Nhiu cu  1 la chn (page 2 of 2)/input_b_q223_answer' is clicked on

2022-01-11 22:36:00 - [MESSAGE][PASSED] - Object: 'Object Repository/Page_Quiz Nhiu cu  1 la chn (page 2 of 2)/input_b_q223_answer' is clicked on

2022-01-11 22:36:00 - [TEST_STEP][PASSED] - click(findTestObject("Object Repository/Page_Quiz Nhiu cu  1 la chn (page 2 of 2)/input_d_next")): Object: 'Object Repository/Page_Quiz Nhiu cu  1 la chn (page 2 of 2)/input_d_next' is clicked on

2022-01-11 22:36:01 - [MESSAGE][PASSED] - Object: 'Object Repository/Page_Quiz Nhiu cu  1 la chn (page 2 of 2)/input_d_next' is clicked on

2022-01-11 22:36:01 - [TEST_STEP][PASSED] - verifyElementText(findTestObject("Object Repository/Page_Quiz Nhiu cu  nhiu la chn Attempt summary/td_Answer saved"), "Answer saved"): Actual text and expected text of test object 'Object Repository/Page_Quiz Nhiu cu  nhiu la chn Attempt summary/td_Answer saved' are matched.

2022-01-11 22:36:02 - [MESSAGE][PASSED] - Actual text and expected text of test object 'Object Repository/Page_Quiz Nhiu cu  nhiu la chn Attempt summary/td_Answer saved' are matched.

2022-01-11 22:36:02 - [TEST_STEP][PASSED] - click(findTestObject("Object Repository/Page_Quiz Nhiu cu  1 la chn Attempt summary/button_Submit all and finish")): Object: 'Object Repository/Page_Quiz Nhiu cu  1 la chn Attempt summary/button_Submit all and finish' is clicked on

2022-01-11 22:36:02 - [MESSAGE][PASSED] - Object: 'Object Repository/Page_Quiz Nhiu cu  1 la chn Attempt summary/button_Submit all and finish' is clicked on

2022-01-11 22:36:02 - [TEST_STEP][PASSED] - click(findTestObject("Object Repository/Page_Quiz Nhiu cu  1 la chn Attempt summary/input_Once you submit, you will no longer b_29f5c2")): Object: 'Object Repository/Page_Quiz Nhiu cu  1 la chn Attempt summary/input_Once you submit, you will no longer b_29f5c2' is clicked on

2022-01-11 22:36:04 - [MESSAGE][PASSED] - Object: 'Object Repository/Page_Quiz Nhiu cu  1 la chn Attempt summary/input_Once you submit, you will no longer b_29f5c2' is clicked on

2022-01-11 22:36:04 - [TEST_STEP][PASSED] - verifyElementText(findTestObject("Object Repository/Page_Quiz Nhiu cu  nhiu la chn Attempt review/td_Finished"), "Finished"): Actual text and expected text of test object 'Object Repository/Page_Quiz Nhiu cu  nhiu la chn Attempt review/td_Finished' are matched.

2022-01-11 22:36:04 - [MESSAGE][PASSED] - Actual text and expected text of test object 'Object Repository/Page_Quiz Nhiu cu  nhiu la chn Attempt review/td_Finished' are matched.

2022-01-11 22:36:04 - [TEST_STEP][PASSED] - click(findTestObject("Object Repository/Page_Quiz Nhiu cu  1 la chn Attempt review/a_Finish review")): Object: 'Object Repository/Page_Quiz Nhiu cu  1 la chn Attempt review/a_Finish review' is clicked on

2022-01-11 22:36:05 - [MESSAGE][PASSED] - Object: 'Object Repository/Page_Quiz Nhiu cu  1 la chn Attempt review/a_Finish review' is clicked on

2022-01-11 22:36:05 - [TEST_STEP][PASSED] - closeBrowser(): Browser is closed

2022-01-11 22:36:06 - [MESSAGE][PASSED] - Browser is closed]]></system-out>
         <system-err><![CDATA[]]></system-err>
      </testcase>
      <testcase name="Test Cases/Student/Student_Quiz/Student_Quiz_Single Choice With One Question" time="15.718" classname="Test Cases/Student/Student_Quiz/Student_Quiz_Single Choice With One Question" status="PASSED">
         <system-out><![CDATA[2022-01-11 22:36:06 - [TEST_CASE][PASSED] - Test Cases/Student/Student_Quiz/Student_Quiz_Single Choice With One Question: Test Cases/Student/Student_Quiz/Student_Quiz_Single Choice With One Question

2022-01-11 22:36:06 - [TEST_STEP][PASSED] - openBrowser(""): Browser is opened with url: ''

2022-01-11 22:36:06 - [MESSAGE][INFO] - Starting 'Chrome' driver

2022-01-11 22:36:06 - [MESSAGE][INFO] - User set preference: ['args', '[window-size=1300,900]']

2022-01-11 22:36:06 - [MESSAGE][INFO] - Action delay is set to 0 milliseconds

2022-01-11 22:36:07 - [MESSAGE][PASSED] - Browser is opened with url: ''

2022-01-11 22:36:07 - [TEST_STEP][PASSED] - navigateToUrl("http://localhost:8080/moodle/"): Navigate to 'http://localhost:8080/moodle/' successfully

2022-01-11 22:36:08 - [MESSAGE][PASSED] - Navigate to 'http://localhost:8080/moodle/' successfully

2022-01-11 22:36:08 - [TEST_STEP][PASSED] - click(findTestObject("Object Repository/Page_BCS Moodle/a_Log in")): Object: 'Object Repository/Page_BCS Moodle/a_Log in' is clicked on

2022-01-11 22:36:09 - [MESSAGE][PASSED] - Object: 'Object Repository/Page_BCS Moodle/a_Log in' is clicked on

2022-01-11 22:36:09 - [TEST_STEP][PASSED] - setText(findTestObject("Object Repository/Page_BCS Moodle Log in to the site/input_Username_username"), "hoangvu"): Text 'hoangvu' is set on object 'Object Repository/Page_BCS Moodle Log in to the site/input_Username_username'

2022-01-11 22:36:10 - [MESSAGE][PASSED] - Text 'hoangvu' is set on object 'Object Repository/Page_BCS Moodle Log in to the site/input_Username_username'

2022-01-11 22:36:10 - [TEST_STEP][PASSED] - setEncryptedText(findTestObject("Object Repository/Page_BCS Moodle Log in to the site/input_Password_password"), "p4y+y39Ir5PR9RXlOHjWlj+CAJiYdX4g"): Text ****** has been set on object 'Object Repository/Page_BCS Moodle Log in to the site/input_Password_password'

2022-01-11 22:36:10 - [MESSAGE][PASSED] - Text ****** has been set on object 'Object Repository/Page_BCS Moodle Log in to the site/input_Password_password'

2022-01-11 22:36:10 - [TEST_STEP][PASSED] - click(findTestObject("Object Repository/Page_BCS Moodle Log in to the site/button_Log in")): Object: 'Object Repository/Page_BCS Moodle Log in to the site/button_Log in' is clicked on

2022-01-11 22:36:11 - [MESSAGE][PASSED] - Object: 'Object Repository/Page_BCS Moodle Log in to the site/button_Log in' is clicked on

2022-01-11 22:36:11 - [TEST_STEP][PASSED] - navigateToUrl("http://localhost:8080/moodle/course/view.php?id=4"): Navigate to 'http://localhost:8080/moodle/course/view.php?id=4' successfully

2022-01-11 22:36:12 - [MESSAGE][PASSED] - Navigate to 'http://localhost:8080/moodle/course/view.php?id=4' successfully

2022-01-11 22:36:12 - [TEST_STEP][PASSED] - click(findTestObject("Object Repository/Page_Course Ton t hp/span_Sample Quiz")): Object: 'Object Repository/Page_Course Ton t hp/span_Sample Quiz' is clicked on

2022-01-11 22:36:14 - [MESSAGE][PASSED] - Object: 'Object Repository/Page_Course Ton t hp/span_Sample Quiz' is clicked on

2022-01-11 22:36:14 - [TEST_STEP][PASSED] - click(findTestObject("Object Repository/Page_TTH Sample Quiz/button_Re-attempt quiz")): Object: 'Object Repository/Page_TTH Sample Quiz/button_Re-attempt quiz' is clicked on

2022-01-11 22:36:15 - [MESSAGE][PASSED] - Object: 'Object Repository/Page_TTH Sample Quiz/button_Re-attempt quiz' is clicked on

2022-01-11 22:36:15 - [TEST_STEP][PASSED] - click(findTestObject("Object Repository/Page_Sample Quiz/input_c_q161_answer")): Object: 'Object Repository/Page_Sample Quiz/input_c_q161_answer' is clicked on

2022-01-11 22:36:16 - [MESSAGE][PASSED] - Object: 'Object Repository/Page_Sample Quiz/input_c_q161_answer' is clicked on

2022-01-11 22:36:16 - [TEST_STEP][PASSED] - click(findTestObject("Object Repository/Page_Sample Quiz/input_d_next")): Object: 'Object Repository/Page_Sample Quiz/input_d_next' is clicked on

2022-01-11 22:36:17 - [MESSAGE][PASSED] - Object: 'Object Repository/Page_Sample Quiz/input_d_next' is clicked on

2022-01-11 22:36:17 - [TEST_STEP][PASSED] - verifyElementText(findTestObject("Object Repository/Page_Quiz Nhiu cu  nhiu la chn Attempt summary/td_Answer saved"), "Answer saved"): Actual text and expected text of test object 'Object Repository/Page_Quiz Nhiu cu  nhiu la chn Attempt summary/td_Answer saved' are matched.

2022-01-11 22:36:18 - [MESSAGE][PASSED] - Actual text and expected text of test object 'Object Repository/Page_Quiz Nhiu cu  nhiu la chn Attempt summary/td_Answer saved' are matched.

2022-01-11 22:36:18 - [TEST_STEP][PASSED] - click(findTestObject("Object Repository/Page_Sample Quiz Attempt summary/button_Submit all and finish")): Object: 'Object Repository/Page_Sample Quiz Attempt summary/button_Submit all and finish' is clicked on

2022-01-11 22:36:18 - [MESSAGE][PASSED] - Object: 'Object Repository/Page_Sample Quiz Attempt summary/button_Submit all and finish' is clicked on

2022-01-11 22:36:18 - [TEST_STEP][PASSED] - click(findTestObject("Object Repository/Page_Sample Quiz Attempt summary/input_Once you submit, you will no longer b_7b472f")): Object: 'Object Repository/Page_Sample Quiz Attempt summary/input_Once you submit, you will no longer b_7b472f' is clicked on

2022-01-11 22:36:20 - [MESSAGE][PASSED] - Object: 'Object Repository/Page_Sample Quiz Attempt summary/input_Once you submit, you will no longer b_7b472f' is clicked on

2022-01-11 22:36:20 - [TEST_STEP][PASSED] - verifyElementText(findTestObject("Object Repository/Page_Quiz Nhiu cu  nhiu la chn Attempt review/td_Finished"), "Finished"): Actual text and expected text of test object 'Object Repository/Page_Quiz Nhiu cu  nhiu la chn Attempt review/td_Finished' are matched.

2022-01-11 22:36:20 - [MESSAGE][PASSED] - Actual text and expected text of test object 'Object Repository/Page_Quiz Nhiu cu  nhiu la chn Attempt review/td_Finished' are matched.

2022-01-11 22:36:20 - [TEST_STEP][PASSED] - click(findTestObject("Object Repository/Page_Sample Quiz Attempt review/a_Finish review")): Object: 'Object Repository/Page_Sample Quiz Attempt review/a_Finish review' is clicked on

2022-01-11 22:36:21 - [MESSAGE][PASSED] - Object: 'Object Repository/Page_Sample Quiz Attempt review/a_Finish review' is clicked on

2022-01-11 22:36:21 - [TEST_STEP][PASSED] - closeBrowser(): Browser is closed

2022-01-11 22:36:22 - [MESSAGE][PASSED] - Browser is closed]]></system-out>
         <system-err><![CDATA[]]></system-err>
      </testcase>
      <testcase name="Test Cases/Admin/Admin Add User/Admin_Add User Invalid Email" time="22.281" classname="Test Cases/Admin/Admin Add User/Admin_Add User Invalid Email" status="PASSED">
         <system-out><![CDATA[2022-01-11 22:36:22 - [TEST_CASE][PASSED] - Test Cases/Admin/Admin Add User/Admin_Add User Invalid Email: Test Cases/Admin/Admin Add User/Admin_Add User Invalid Email

2022-01-11 22:36:22 - [TEST_STEP][PASSED] - callTestCase(findTestCase("Admin/Admin_Login"), [:], STOP_ON_FAILURE): Call Test Case 'Test Cases/Admin/Admin_Login' successfully

2022-01-11 22:36:22 - [TEST_CASE][PASSED] - Test Cases/Admin/Admin_Login: Test Cases/Admin/Admin_Login

2022-01-11 22:36:22 - [TEST_STEP][PASSED] - openBrowser(""): Browser is opened with url: ''

2022-01-11 22:36:22 - [MESSAGE][INFO] - Starting 'Chrome' driver

2022-01-11 22:36:22 - [MESSAGE][INFO] - User set preference: ['args', '[window-size=1300,900]']

2022-01-11 22:36:22 - [MESSAGE][INFO] - Action delay is set to 0 milliseconds

2022-01-11 22:36:23 - [MESSAGE][PASSED] - Browser is opened with url: ''

2022-01-11 22:36:23 - [TEST_STEP][PASSED] - navigateToUrl("http://localhost:8080/moodle/login/index.php"): Navigate to 'http://localhost:8080/moodle/login/index.php' successfully

2022-01-11 22:36:24 - [MESSAGE][PASSED] - Navigate to 'http://localhost:8080/moodle/login/index.php' successfully

2022-01-11 22:36:24 - [TEST_STEP][PASSED] - setText(findTestObject("Object Repository/Page_BCS Moodle Log in to the site/input_Username_username"), "admin"): Text 'admin' is set on object 'Object Repository/Page_BCS Moodle Log in to the site/input_Username_username'

2022-01-11 22:36:24 - [MESSAGE][PASSED] - Text 'admin' is set on object 'Object Repository/Page_BCS Moodle Log in to the site/input_Username_username'

2022-01-11 22:36:24 - [TEST_STEP][PASSED] - setEncryptedText(findTestObject("Object Repository/Page_BCS Moodle Log in to the site/input_Password_password"), "p4y+y39Ir5PR9RXlOHjWlj+CAJiYdX4g"): Text ****** has been set on object 'Object Repository/Page_BCS Moodle Log in to the site/input_Password_password'

2022-01-11 22:36:25 - [MESSAGE][PASSED] - Text ****** has been set on object 'Object Repository/Page_BCS Moodle Log in to the site/input_Password_password'

2022-01-11 22:36:25 - [TEST_STEP][PASSED] - click(findTestObject("Object Repository/Page_BCS Moodle Log in to the site/button_Log in")): Object: 'Object Repository/Page_BCS Moodle Log in to the site/button_Log in' is clicked on

2022-01-11 22:36:26 - [MESSAGE][PASSED] - Object: 'Object Repository/Page_BCS Moodle Log in to the site/button_Log in' is clicked on

2022-01-11 22:36:26 - [MESSAGE][PASSED] - Call Test Case 'Test Cases/Admin/Admin_Login' successfully

2022-01-11 22:36:26 - [TEST_STEP][PASSED] - click(findTestObject("Object Repository/Page_Dashboard/a_Site administration")): Object: 'Object Repository/Page_Dashboard/a_Site administration' is clicked on

2022-01-11 22:36:30 - [MESSAGE][PASSED] - Object: 'Object Repository/Page_Dashboard/a_Site administration' is clicked on

2022-01-11 22:36:30 - [TEST_STEP][PASSED] - click(findTestObject("Object Repository/Page_Moodle Administration Search/a_Users")): Object: 'Object Repository/Page_Moodle Administration Search/a_Users' is clicked on

2022-01-11 22:36:30 - [MESSAGE][PASSED] - Object: 'Object Repository/Page_Moodle Administration Search/a_Users' is clicked on

2022-01-11 22:36:30 - [TEST_STEP][PASSED] - click(findTestObject("Object Repository/Page_Moodle Administration Search/a_Add a new user")): Object: 'Object Repository/Page_Moodle Administration Search/a_Add a new user' is clicked on

2022-01-11 22:36:32 - [MESSAGE][PASSED] - Object: 'Object Repository/Page_Moodle Administration Search/a_Add a new user' is clicked on

2022-01-11 22:36:32 - [TEST_STEP][PASSED] - click(findTestObject("Object Repository/Page_Moodle Administration Users Accounts/input_Username_username")): Object: 'Object Repository/Page_Moodle Administration Users Accounts/input_Username_username' is clicked on

2022-01-11 22:36:33 - [MESSAGE][PASSED] - Object: 'Object Repository/Page_Moodle Administration Users Accounts/input_Username_username' is clicked on

2022-01-11 22:36:33 - [TEST_STEP][PASSED] - setText(findTestObject("Object Repository/Page_Moodle Administration Users Accounts/input_Username_username"), "yne"): Text 'yne' is set on object 'Object Repository/Page_Moodle Administration Users Accounts/input_Username_username'

2022-01-11 22:36:34 - [MESSAGE][PASSED] - Text 'yne' is set on object 'Object Repository/Page_Moodle Administration Users Accounts/input_Username_username'

2022-01-11 22:36:34 - [TEST_STEP][PASSED] - click(findTestObject("Object Repository/Page_Moodle Administration Users Accounts/em_Click to enter text")): Object: 'Object Repository/Page_Moodle Administration Users Accounts/em_Click to enter text' is clicked on

2022-01-11 22:36:34 - [MESSAGE][PASSED] - Object: 'Object Repository/Page_Moodle Administration Users Accounts/em_Click to enter text' is clicked on

2022-01-11 22:36:34 - [TEST_STEP][PASSED] - click(findTestObject("Object Repository/Page_Moodle Administration Users Accounts/i_Click to enter text_icon fa fa-eye fa-fw"), STOP_ON_FAILURE): Object: 'Object Repository/Page_Moodle Administration Users Accounts/i_Click to enter text_icon fa fa-eye fa-fw' is clicked on

2022-01-11 22:36:35 - [MESSAGE][PASSED] - Object: 'Object Repository/Page_Moodle Administration Users Accounts/i_Click to enter text_icon fa fa-eye fa-fw' is clicked on

2022-01-11 22:36:35 - [TEST_STEP][PASSED] - setText(findTestObject("Object Repository/Page_Moodle Administration Users Accounts/input_New password_newpassword"), "yTest123@"): Text 'yTest123@' is set on object 'Object Repository/Page_Moodle Administration Users Accounts/input_New password_newpassword'

2022-01-11 22:36:36 - [MESSAGE][PASSED] - Text 'yTest123@' is set on object 'Object Repository/Page_Moodle Administration Users Accounts/input_New password_newpassword'

2022-01-11 22:36:36 - [TEST_STEP][PASSED] - setText(findTestObject("Object Repository/Page_Moodle Administration Users Accounts/input_First name_firstname"), "Ý"): Text 'Ý' is set on object 'Object Repository/Page_Moodle Administration Users Accounts/input_First name_firstname'

2022-01-11 22:36:36 - [MESSAGE][PASSED] - Text 'Ý' is set on object 'Object Repository/Page_Moodle Administration Users Accounts/input_First name_firstname'

2022-01-11 22:36:36 - [TEST_STEP][PASSED] - setText(findTestObject("Object Repository/Page_Moodle Administration Users Accounts/input_Surname_lastname"), "Đàm"): Text 'Đàm' is set on object 'Object Repository/Page_Moodle Administration Users Accounts/input_Surname_lastname'

2022-01-11 22:36:37 - [MESSAGE][PASSED] - Text 'Đàm' is set on object 'Object Repository/Page_Moodle Administration Users Accounts/input_Surname_lastname'

2022-01-11 22:36:37 - [TEST_STEP][PASSED] - setText(findTestObject("Object Repository/Page_Moodle Administration Users Accounts/input_Email address_email"), "ydam@"): Text 'ydam@' is set on object 'Object Repository/Page_Moodle Administration Users Accounts/input_Email address_email'

2022-01-11 22:36:38 - [MESSAGE][PASSED] - Text 'ydam@' is set on object 'Object Repository/Page_Moodle Administration Users Accounts/input_Email address_email'

2022-01-11 22:36:38 - [TEST_STEP][PASSED] - click(findTestObject("Object Repository/Page_Moodle Administration Users Accounts/input_Address_submitbutton")): Object: 'Object Repository/Page_Moodle Administration Users Accounts/input_Address_submitbutton' is clicked on

2022-01-11 22:36:40 - [MESSAGE][PASSED] - Object: 'Object Repository/Page_Moodle Administration Users Accounts/input_Address_submitbutton' is clicked on

2022-01-11 22:36:40 - [TEST_STEP][PASSED] - verifyElementPresent(findTestObject("Page_Moodle Administration Users Accounts/div_Invalid email address"), 0): Object 'Object Repository/Page_Moodle Administration Users Accounts/div_Invalid email address' is present

2022-01-11 22:36:40 - [MESSAGE][WARNING] - Timeout '0' is invalid. Using default page load timeout: '30'

2022-01-11 22:36:41 - [MESSAGE][PASSED] - Object 'Object Repository/Page_Moodle Administration Users Accounts/div_Invalid email address' is present

2022-01-11 22:36:41 - [TEST_STEP][PASSED] - delay(2): Delayed 2 second(s)

2022-01-11 22:36:43 - [MESSAGE][PASSED] - Delayed 2 second(s)

2022-01-11 22:36:43 - [TEST_STEP][PASSED] - closeBrowser(): Browser is closed

2022-01-11 22:36:44 - [MESSAGE][PASSED] - Browser is closed]]></system-out>
         <system-err><![CDATA[]]></system-err>
      </testcase>
      <testcase name="Test Cases/Admin/Admin Add User/Admin_Add User Invalid Username" time="22.075" classname="Test Cases/Admin/Admin Add User/Admin_Add User Invalid Username" status="PASSED">
         <system-out><![CDATA[2022-01-11 22:36:44 - [TEST_CASE][PASSED] - Test Cases/Admin/Admin Add User/Admin_Add User Invalid Username: Test Cases/Admin/Admin Add User/Admin_Add User Invalid Username

2022-01-11 22:36:44 - [TEST_STEP][PASSED] - callTestCase(findTestCase("Admin/Admin_Login"), [:], STOP_ON_FAILURE): Call Test Case 'Test Cases/Admin/Admin_Login' successfully

2022-01-11 22:36:44 - [TEST_CASE][PASSED] - Test Cases/Admin/Admin_Login: Test Cases/Admin/Admin_Login

2022-01-11 22:36:44 - [TEST_STEP][PASSED] - openBrowser(""): Browser is opened with url: ''

2022-01-11 22:36:44 - [MESSAGE][INFO] - Starting 'Chrome' driver

2022-01-11 22:36:44 - [MESSAGE][INFO] - User set preference: ['args', '[window-size=1300,900]']

2022-01-11 22:36:44 - [MESSAGE][INFO] - Action delay is set to 0 milliseconds

2022-01-11 22:36:45 - [MESSAGE][PASSED] - Browser is opened with url: ''

2022-01-11 22:36:45 - [TEST_STEP][PASSED] - navigateToUrl("http://localhost:8080/moodle/login/index.php"): Navigate to 'http://localhost:8080/moodle/login/index.php' successfully

2022-01-11 22:36:46 - [MESSAGE][PASSED] - Navigate to 'http://localhost:8080/moodle/login/index.php' successfully

2022-01-11 22:36:46 - [TEST_STEP][PASSED] - setText(findTestObject("Object Repository/Page_BCS Moodle Log in to the site/input_Username_username"), "admin"): Text 'admin' is set on object 'Object Repository/Page_BCS Moodle Log in to the site/input_Username_username'

2022-01-11 22:36:47 - [MESSAGE][PASSED] - Text 'admin' is set on object 'Object Repository/Page_BCS Moodle Log in to the site/input_Username_username'

2022-01-11 22:36:47 - [TEST_STEP][PASSED] - setEncryptedText(findTestObject("Object Repository/Page_BCS Moodle Log in to the site/input_Password_password"), "p4y+y39Ir5PR9RXlOHjWlj+CAJiYdX4g"): Text ****** has been set on object 'Object Repository/Page_BCS Moodle Log in to the site/input_Password_password'

2022-01-11 22:36:47 - [MESSAGE][PASSED] - Text ****** has been set on object 'Object Repository/Page_BCS Moodle Log in to the site/input_Password_password'

2022-01-11 22:36:47 - [TEST_STEP][PASSED] - click(findTestObject("Object Repository/Page_BCS Moodle Log in to the site/button_Log in")): Object: 'Object Repository/Page_BCS Moodle Log in to the site/button_Log in' is clicked on

2022-01-11 22:36:49 - [MESSAGE][PASSED] - Object: 'Object Repository/Page_BCS Moodle Log in to the site/button_Log in' is clicked on

2022-01-11 22:36:49 - [MESSAGE][PASSED] - Call Test Case 'Test Cases/Admin/Admin_Login' successfully

2022-01-11 22:36:49 - [TEST_STEP][PASSED] - click(findTestObject("Object Repository/Page_Dashboard/a_Site administration")): Object: 'Object Repository/Page_Dashboard/a_Site administration' is clicked on

2022-01-11 22:36:52 - [MESSAGE][PASSED] - Object: 'Object Repository/Page_Dashboard/a_Site administration' is clicked on

2022-01-11 22:36:52 - [TEST_STEP][PASSED] - click(findTestObject("Object Repository/Page_Moodle Administration Search/a_Users")): Object: 'Object Repository/Page_Moodle Administration Search/a_Users' is clicked on

2022-01-11 22:36:53 - [MESSAGE][PASSED] - Object: 'Object Repository/Page_Moodle Administration Search/a_Users' is clicked on

2022-01-11 22:36:53 - [TEST_STEP][PASSED] - click(findTestObject("Object Repository/Page_Moodle Administration Search/a_Add a new user")): Object: 'Object Repository/Page_Moodle Administration Search/a_Add a new user' is clicked on

2022-01-11 22:36:54 - [MESSAGE][PASSED] - Object: 'Object Repository/Page_Moodle Administration Search/a_Add a new user' is clicked on

2022-01-11 22:36:54 - [TEST_STEP][PASSED] - click(findTestObject("Page_Moodle Administration Users Accounts/input_Username_username")): Object: 'Object Repository/Page_Moodle Administration Users Accounts/input_Username_username' is clicked on

2022-01-11 22:36:55 - [MESSAGE][PASSED] - Object: 'Object Repository/Page_Moodle Administration Users Accounts/input_Username_username' is clicked on

2022-01-11 22:36:55 - [TEST_STEP][PASSED] - setText(findTestObject("Page_Moodle Administration Users Accounts/input_Username_username"), "xuany#1"): Text 'xuany#1' is set on object 'Object Repository/Page_Moodle Administration Users Accounts/input_Username_username'

2022-01-11 22:36:56 - [MESSAGE][PASSED] - Text 'xuany#1' is set on object 'Object Repository/Page_Moodle Administration Users Accounts/input_Username_username'

2022-01-11 22:36:56 - [TEST_STEP][PASSED] - click(findTestObject("Page_Moodle Administration Users Accounts/em_Click to enter text")): Object: 'Object Repository/Page_Moodle Administration Users Accounts/em_Click to enter text' is clicked on

2022-01-11 22:36:56 - [MESSAGE][PASSED] - Object: 'Object Repository/Page_Moodle Administration Users Accounts/em_Click to enter text' is clicked on

2022-01-11 22:36:56 - [TEST_STEP][PASSED] - click(findTestObject("Page_Moodle Administration Users Accounts/i_Click to enter text_icon fa fa-eye fa-fw"), STOP_ON_FAILURE): Object: 'Object Repository/Page_Moodle Administration Users Accounts/i_Click to enter text_icon fa fa-eye fa-fw' is clicked on

2022-01-11 22:36:57 - [MESSAGE][PASSED] - Object: 'Object Repository/Page_Moodle Administration Users Accounts/i_Click to enter text_icon fa fa-eye fa-fw' is clicked on

2022-01-11 22:36:57 - [TEST_STEP][PASSED] - setText(findTestObject("Page_Moodle Administration Users Accounts/input_New password_newpassword"), "yTest123@"): Text 'yTest123@' is set on object 'Object Repository/Page_Moodle Administration Users Accounts/input_New password_newpassword'

2022-01-11 22:36:58 - [MESSAGE][PASSED] - Text 'yTest123@' is set on object 'Object Repository/Page_Moodle Administration Users Accounts/input_New password_newpassword'

2022-01-11 22:36:58 - [TEST_STEP][PASSED] - setText(findTestObject("Page_Moodle Administration Users Accounts/input_First name_firstname"), "Ý"): Text 'Ý' is set on object 'Object Repository/Page_Moodle Administration Users Accounts/input_First name_firstname'

2022-01-11 22:36:59 - [MESSAGE][PASSED] - Text 'Ý' is set on object 'Object Repository/Page_Moodle Administration Users Accounts/input_First name_firstname'

2022-01-11 22:36:59 - [TEST_STEP][PASSED] - setText(findTestObject("Page_Moodle Administration Users Accounts/input_Surname_lastname"), "Đàm"): Text 'Đàm' is set on object 'Object Repository/Page_Moodle Administration Users Accounts/input_Surname_lastname'

2022-01-11 22:37:00 - [MESSAGE][PASSED] - Text 'Đàm' is set on object 'Object Repository/Page_Moodle Administration Users Accounts/input_Surname_lastname'

2022-01-11 22:37:00 - [TEST_STEP][PASSED] - setText(findTestObject("Page_Moodle Administration Users Accounts/input_Email address_email"), "ydam@gmail.com"): Text 'ydam@gmail.com' is set on object 'Object Repository/Page_Moodle Administration Users Accounts/input_Email address_email'

2022-01-11 22:37:00 - [MESSAGE][PASSED] - Text 'ydam@gmail.com' is set on object 'Object Repository/Page_Moodle Administration Users Accounts/input_Email address_email'

2022-01-11 22:37:00 - [TEST_STEP][PASSED] - click(findTestObject("Page_Moodle Administration Users Accounts/input_Address_submitbutton")): Object: 'Object Repository/Page_Moodle Administration Users Accounts/input_Address_submitbutton' is clicked on

2022-01-11 22:37:02 - [MESSAGE][PASSED] - Object: 'Object Repository/Page_Moodle Administration Users Accounts/input_Address_submitbutton' is clicked on

2022-01-11 22:37:02 - [TEST_STEP][PASSED] - verifyElementPresent(findTestObject("Page_Moodle Administration Users Accounts/div_The username can only contain alphanume_241d24"), 0): Object 'Object Repository/Page_Moodle Administration Users Accounts/div_The username can only contain alphanume_241d24' is present

2022-01-11 22:37:02 - [MESSAGE][WARNING] - Timeout '0' is invalid. Using default page load timeout: '30'

2022-01-11 22:37:03 - [MESSAGE][PASSED] - Object 'Object Repository/Page_Moodle Administration Users Accounts/div_The username can only contain alphanume_241d24' is present

2022-01-11 22:37:03 - [TEST_STEP][PASSED] - delay(2): Delayed 2 second(s)

2022-01-11 22:37:05 - [MESSAGE][PASSED] - Delayed 2 second(s)

2022-01-11 22:37:05 - [TEST_STEP][PASSED] - closeBrowser(): Browser is closed

2022-01-11 22:37:06 - [MESSAGE][PASSED] - Browser is closed]]></system-out>
         <system-err><![CDATA[]]></system-err>
      </testcase>
      <testcase name="Test Cases/Admin/Admin Add User/Admin_Add User Success" time="27.004" classname="Test Cases/Admin/Admin Add User/Admin_Add User Success" status="PASSED">
         <system-out><![CDATA[2022-01-11 22:37:06 - [TEST_CASE][PASSED] - Test Cases/Admin/Admin Add User/Admin_Add User Success: Test Cases/Admin/Admin Add User/Admin_Add User Success

2022-01-11 22:37:06 - [TEST_STEP][PASSED] - callTestCase(findTestCase("Admin/Admin_Login"), [:], STOP_ON_FAILURE): Call Test Case 'Test Cases/Admin/Admin_Login' successfully

2022-01-11 22:37:06 - [TEST_CASE][PASSED] - Test Cases/Admin/Admin_Login: Test Cases/Admin/Admin_Login

2022-01-11 22:37:06 - [TEST_STEP][PASSED] - openBrowser(""): Browser is opened with url: ''

2022-01-11 22:37:06 - [MESSAGE][INFO] - Starting 'Chrome' driver

2022-01-11 22:37:06 - [MESSAGE][INFO] - User set preference: ['args', '[window-size=1300,900]']

2022-01-11 22:37:06 - [MESSAGE][INFO] - Action delay is set to 0 milliseconds

2022-01-11 22:37:08 - [MESSAGE][PASSED] - Browser is opened with url: ''

2022-01-11 22:37:08 - [TEST_STEP][PASSED] - navigateToUrl("http://localhost:8080/moodle/login/index.php"): Navigate to 'http://localhost:8080/moodle/login/index.php' successfully

2022-01-11 22:37:08 - [MESSAGE][PASSED] - Navigate to 'http://localhost:8080/moodle/login/index.php' successfully

2022-01-11 22:37:08 - [TEST_STEP][PASSED] - setText(findTestObject("Object Repository/Page_BCS Moodle Log in to the site/input_Username_username"), "admin"): Text 'admin' is set on object 'Object Repository/Page_BCS Moodle Log in to the site/input_Username_username'

2022-01-11 22:37:09 - [MESSAGE][PASSED] - Text 'admin' is set on object 'Object Repository/Page_BCS Moodle Log in to the site/input_Username_username'

2022-01-11 22:37:09 - [TEST_STEP][PASSED] - setEncryptedText(findTestObject("Object Repository/Page_BCS Moodle Log in to the site/input_Password_password"), "p4y+y39Ir5PR9RXlOHjWlj+CAJiYdX4g"): Text ****** has been set on object 'Object Repository/Page_BCS Moodle Log in to the site/input_Password_password'

2022-01-11 22:37:09 - [MESSAGE][PASSED] - Text ****** has been set on object 'Object Repository/Page_BCS Moodle Log in to the site/input_Password_password'

2022-01-11 22:37:09 - [TEST_STEP][PASSED] - click(findTestObject("Object Repository/Page_BCS Moodle Log in to the site/button_Log in")): Object: 'Object Repository/Page_BCS Moodle Log in to the site/button_Log in' is clicked on

2022-01-11 22:37:11 - [MESSAGE][PASSED] - Object: 'Object Repository/Page_BCS Moodle Log in to the site/button_Log in' is clicked on

2022-01-11 22:37:11 - [MESSAGE][PASSED] - Call Test Case 'Test Cases/Admin/Admin_Login' successfully

2022-01-11 22:37:11 - [TEST_STEP][PASSED] - click(findTestObject("Object Repository/Page_Dashboard/a_Site administration")): Object: 'Object Repository/Page_Dashboard/a_Site administration' is clicked on

2022-01-11 22:37:14 - [MESSAGE][PASSED] - Object: 'Object Repository/Page_Dashboard/a_Site administration' is clicked on

2022-01-11 22:37:14 - [TEST_STEP][PASSED] - navigateToUrl("http://localhost:8080/moodle/admin/search.php"): Navigate to 'http://localhost:8080/moodle/admin/search.php' successfully

2022-01-11 22:37:15 - [MESSAGE][PASSED] - Navigate to 'http://localhost:8080/moodle/admin/search.php' successfully

2022-01-11 22:37:15 - [TEST_STEP][PASSED] - click(findTestObject("Object Repository/Page_Moodle Administration Search/a_Users")): Object: 'Object Repository/Page_Moodle Administration Search/a_Users' is clicked on

2022-01-11 22:37:15 - [MESSAGE][PASSED] - Object: 'Object Repository/Page_Moodle Administration Search/a_Users' is clicked on

2022-01-11 22:37:15 - [TEST_STEP][PASSED] - click(findTestObject("Object Repository/Page_Moodle Administration Search/a_Add a new user")): Object: 'Object Repository/Page_Moodle Administration Search/a_Add a new user' is clicked on

2022-01-11 22:37:17 - [MESSAGE][PASSED] - Object: 'Object Repository/Page_Moodle Administration Search/a_Add a new user' is clicked on

2022-01-11 22:37:17 - [TEST_STEP][PASSED] - setText(findTestObject("Page_Moodle Administration Users Accounts/input_Username_username"), "duy"): Text 'duy' is set on object 'Object Repository/Page_Moodle Administration Users Accounts/input_Username_username'

2022-01-11 22:37:18 - [MESSAGE][PASSED] - Text 'duy' is set on object 'Object Repository/Page_Moodle Administration Users Accounts/input_Username_username'

2022-01-11 22:37:18 - [TEST_STEP][PASSED] - click(findTestObject("Page_Moodle Administration Users Accounts/em_Click to enter text")): Object: 'Object Repository/Page_Moodle Administration Users Accounts/em_Click to enter text' is clicked on

2022-01-11 22:37:19 - [MESSAGE][PASSED] - Object: 'Object Repository/Page_Moodle Administration Users Accounts/em_Click to enter text' is clicked on

2022-01-11 22:37:19 - [TEST_STEP][PASSED] - click(findTestObject("Page_Moodle Administration Users Accounts/i_Click to enter text_icon fa fa-eye fa-fw")): Object: 'Object Repository/Page_Moodle Administration Users Accounts/i_Click to enter text_icon fa fa-eye fa-fw' is clicked on

2022-01-11 22:37:19 - [MESSAGE][PASSED] - Object: 'Object Repository/Page_Moodle Administration Users Accounts/i_Click to enter text_icon fa fa-eye fa-fw' is clicked on

2022-01-11 22:37:19 - [TEST_STEP][PASSED] - setText(findTestObject("Page_Moodle Administration Users Accounts/input_New password_newpassword"), "duyTest123@"): Text 'duyTest123@' is set on object 'Object Repository/Page_Moodle Administration Users Accounts/input_New password_newpassword'

2022-01-11 22:37:20 - [MESSAGE][PASSED] - Text 'duyTest123@' is set on object 'Object Repository/Page_Moodle Administration Users Accounts/input_New password_newpassword'

2022-01-11 22:37:20 - [TEST_STEP][PASSED] - setText(findTestObject("Page_Moodle Administration Users Accounts/input_First name_firstname"), "duy"): Text 'duy' is set on object 'Object Repository/Page_Moodle Administration Users Accounts/input_First name_firstname'

2022-01-11 22:37:21 - [MESSAGE][PASSED] - Text 'duy' is set on object 'Object Repository/Page_Moodle Administration Users Accounts/input_First name_firstname'

2022-01-11 22:37:21 - [TEST_STEP][PASSED] - setText(findTestObject("Page_Moodle Administration Users Accounts/input_Surname_lastname"), "đặng"): Text 'đặng' is set on object 'Object Repository/Page_Moodle Administration Users Accounts/input_Surname_lastname'

2022-01-11 22:37:22 - [MESSAGE][PASSED] - Text 'đặng' is set on object 'Object Repository/Page_Moodle Administration Users Accounts/input_Surname_lastname'

2022-01-11 22:37:22 - [TEST_STEP][PASSED] - setText(findTestObject("Page_Moodle Administration Users Accounts/input_Email address_email"), "duyduy@gmail.com"): Text 'duyduy@gmail.com' is set on object 'Object Repository/Page_Moodle Administration Users Accounts/input_Email address_email'

2022-01-11 22:37:22 - [MESSAGE][PASSED] - Text 'duyduy@gmail.com' is set on object 'Object Repository/Page_Moodle Administration Users Accounts/input_Email address_email'

2022-01-11 22:37:22 - [TEST_STEP][PASSED] - click(findTestObject("Page_Moodle Administration Users Accounts/input_Address_submitbutton")): Object: 'Object Repository/Page_Moodle Administration Users Accounts/input_Address_submitbutton' is clicked on

2022-01-11 22:37:25 - [MESSAGE][PASSED] - Object: 'Object Repository/Page_Moodle Administration Users Accounts/input_Address_submitbutton' is clicked on

2022-01-11 22:37:25 - [TEST_STEP][PASSED] - click(findTestObject("Page_Moodle Administration Users Accounts/a_Admin User")): Object: 'Object Repository/Page_Moodle Administration Users Accounts/a_Admin User' is clicked on

2022-01-11 22:37:25 - [MESSAGE][PASSED] - Object: 'Object Repository/Page_Moodle Administration Users Accounts/a_Admin User' is clicked on

2022-01-11 22:37:25 - [TEST_STEP][PASSED] - click(findTestObject("Page_Moodle Administration Users Accounts/span_Log out")): Object: 'Object Repository/Page_Moodle Administration Users Accounts/span_Log out' is clicked on

2022-01-11 22:37:26 - [MESSAGE][PASSED] - Object: 'Object Repository/Page_Moodle Administration Users Accounts/span_Log out' is clicked on

2022-01-11 22:37:26 - [TEST_STEP][PASSED] - click(findTestObject("Object Repository/Page_BCS Moodle/a_Log in")): Object: 'Object Repository/Page_BCS Moodle/a_Log in' is clicked on

2022-01-11 22:37:27 - [MESSAGE][PASSED] - Object: 'Object Repository/Page_BCS Moodle/a_Log in' is clicked on

2022-01-11 22:37:27 - [TEST_STEP][PASSED] - setText(findTestObject("Object Repository/Page_BCS Moodle Log in to the site/input_Username_username"), "duy"): Text 'duy' is set on object 'Object Repository/Page_BCS Moodle Log in to the site/input_Username_username'

2022-01-11 22:37:28 - [MESSAGE][PASSED] - Text 'duy' is set on object 'Object Repository/Page_BCS Moodle Log in to the site/input_Username_username'

2022-01-11 22:37:28 - [TEST_STEP][PASSED] - setEncryptedText(findTestObject("Object Repository/Page_BCS Moodle Log in to the site/input_Password_password"), "3Eq3dG7ItvbA7bSXU4Ys3Q=="): Text ****** has been set on object 'Object Repository/Page_BCS Moodle Log in to the site/input_Password_password'

2022-01-11 22:37:29 - [MESSAGE][PASSED] - Text ****** has been set on object 'Object Repository/Page_BCS Moodle Log in to the site/input_Password_password'

2022-01-11 22:37:29 - [TEST_STEP][PASSED] - click(findTestObject("Object Repository/Page_BCS Moodle Log in to the site/button_Log in")): Object: 'Object Repository/Page_BCS Moodle Log in to the site/button_Log in' is clicked on

2022-01-11 22:37:30 - [MESSAGE][PASSED] - Object: 'Object Repository/Page_BCS Moodle Log in to the site/button_Log in' is clicked on

2022-01-11 22:37:30 - [TEST_STEP][PASSED] - delay(2): Delayed 2 second(s)

2022-01-11 22:37:32 - [MESSAGE][PASSED] - Delayed 2 second(s)

2022-01-11 22:37:32 - [TEST_STEP][PASSED] - closeBrowser(): Browser is closed

2022-01-11 22:37:33 - [MESSAGE][PASSED] - Browser is closed]]></system-out>
         <system-err><![CDATA[]]></system-err>
      </testcase>
      <testcase name="Test Cases/Admin/Admin Add User/Admin_Add User Username Already Exists" time="21.469" classname="Test Cases/Admin/Admin Add User/Admin_Add User Username Already Exists" status="PASSED">
         <system-out><![CDATA[2022-01-11 22:37:33 - [TEST_CASE][PASSED] - Test Cases/Admin/Admin Add User/Admin_Add User Username Already Exists: Test Cases/Admin/Admin Add User/Admin_Add User Username Already Exists

2022-01-11 22:37:33 - [TEST_STEP][PASSED] - callTestCase(findTestCase("Admin/Admin_Login"), [:], STOP_ON_FAILURE): Call Test Case 'Test Cases/Admin/Admin_Login' successfully

2022-01-11 22:37:33 - [TEST_CASE][PASSED] - Test Cases/Admin/Admin_Login: Test Cases/Admin/Admin_Login

2022-01-11 22:37:33 - [TEST_STEP][PASSED] - openBrowser(""): Browser is opened with url: ''

2022-01-11 22:37:33 - [MESSAGE][INFO] - Starting 'Chrome' driver

2022-01-11 22:37:33 - [MESSAGE][INFO] - User set preference: ['args', '[window-size=1300,900]']

2022-01-11 22:37:33 - [MESSAGE][INFO] - Action delay is set to 0 milliseconds

2022-01-11 22:37:34 - [MESSAGE][PASSED] - Browser is opened with url: ''

2022-01-11 22:37:34 - [TEST_STEP][PASSED] - navigateToUrl("http://localhost:8080/moodle/login/index.php"): Navigate to 'http://localhost:8080/moodle/login/index.php' successfully

2022-01-11 22:37:35 - [MESSAGE][PASSED] - Navigate to 'http://localhost:8080/moodle/login/index.php' successfully

2022-01-11 22:37:35 - [TEST_STEP][PASSED] - setText(findTestObject("Object Repository/Page_BCS Moodle Log in to the site/input_Username_username"), "admin"): Text 'admin' is set on object 'Object Repository/Page_BCS Moodle Log in to the site/input_Username_username'

2022-01-11 22:37:36 - [MESSAGE][PASSED] - Text 'admin' is set on object 'Object Repository/Page_BCS Moodle Log in to the site/input_Username_username'

2022-01-11 22:37:36 - [TEST_STEP][PASSED] - setEncryptedText(findTestObject("Object Repository/Page_BCS Moodle Log in to the site/input_Password_password"), "p4y+y39Ir5PR9RXlOHjWlj+CAJiYdX4g"): Text ****** has been set on object 'Object Repository/Page_BCS Moodle Log in to the site/input_Password_password'

2022-01-11 22:37:36 - [MESSAGE][PASSED] - Text ****** has been set on object 'Object Repository/Page_BCS Moodle Log in to the site/input_Password_password'

2022-01-11 22:37:36 - [TEST_STEP][PASSED] - click(findTestObject("Object Repository/Page_BCS Moodle Log in to the site/button_Log in")): Object: 'Object Repository/Page_BCS Moodle Log in to the site/button_Log in' is clicked on

2022-01-11 22:37:38 - [MESSAGE][PASSED] - Object: 'Object Repository/Page_BCS Moodle Log in to the site/button_Log in' is clicked on

2022-01-11 22:37:38 - [MESSAGE][PASSED] - Call Test Case 'Test Cases/Admin/Admin_Login' successfully

2022-01-11 22:37:38 - [TEST_STEP][PASSED] - click(findTestObject("Object Repository/Page_Dashboard/a_Site administration")): Object: 'Object Repository/Page_Dashboard/a_Site administration' is clicked on

2022-01-11 22:37:41 - [MESSAGE][PASSED] - Object: 'Object Repository/Page_Dashboard/a_Site administration' is clicked on

2022-01-11 22:37:41 - [TEST_STEP][PASSED] - click(findTestObject("Object Repository/Page_Moodle Administration Search/a_Users")): Object: 'Object Repository/Page_Moodle Administration Search/a_Users' is clicked on

2022-01-11 22:37:41 - [MESSAGE][PASSED] - Object: 'Object Repository/Page_Moodle Administration Search/a_Users' is clicked on

2022-01-11 22:37:41 - [TEST_STEP][PASSED] - click(findTestObject("Object Repository/Page_Moodle Administration Search/a_Add a new user")): Object: 'Object Repository/Page_Moodle Administration Search/a_Add a new user' is clicked on

2022-01-11 22:37:43 - [MESSAGE][PASSED] - Object: 'Object Repository/Page_Moodle Administration Search/a_Add a new user' is clicked on

2022-01-11 22:37:43 - [TEST_STEP][PASSED] - click(findTestObject("Page_Moodle Administration Users Accounts/input_Username_username")): Object: 'Object Repository/Page_Moodle Administration Users Accounts/input_Username_username' is clicked on

2022-01-11 22:37:44 - [MESSAGE][PASSED] - Object: 'Object Repository/Page_Moodle Administration Users Accounts/input_Username_username' is clicked on

2022-01-11 22:37:44 - [TEST_STEP][PASSED] - setText(findTestObject("Page_Moodle Administration Users Accounts/input_Username_username"), "xuany"): Text 'xuany' is set on object 'Object Repository/Page_Moodle Administration Users Accounts/input_Username_username'

2022-01-11 22:37:44 - [MESSAGE][PASSED] - Text 'xuany' is set on object 'Object Repository/Page_Moodle Administration Users Accounts/input_Username_username'

2022-01-11 22:37:44 - [TEST_STEP][PASSED] - click(findTestObject("Page_Moodle Administration Users Accounts/em_Click to enter text")): Object: 'Object Repository/Page_Moodle Administration Users Accounts/em_Click to enter text' is clicked on

2022-01-11 22:37:45 - [MESSAGE][PASSED] - Object: 'Object Repository/Page_Moodle Administration Users Accounts/em_Click to enter text' is clicked on

2022-01-11 22:37:45 - [TEST_STEP][PASSED] - click(findTestObject("Page_Moodle Administration Users Accounts/i_Click to enter text_icon fa fa-eye fa-fw"), STOP_ON_FAILURE): Object: 'Object Repository/Page_Moodle Administration Users Accounts/i_Click to enter text_icon fa fa-eye fa-fw' is clicked on

2022-01-11 22:37:45 - [MESSAGE][PASSED] - Object: 'Object Repository/Page_Moodle Administration Users Accounts/i_Click to enter text_icon fa fa-eye fa-fw' is clicked on

2022-01-11 22:37:45 - [TEST_STEP][PASSED] - setText(findTestObject("Page_Moodle Administration Users Accounts/input_New password_newpassword"), "yTest123@"): Text 'yTest123@' is set on object 'Object Repository/Page_Moodle Administration Users Accounts/input_New password_newpassword'

2022-01-11 22:37:46 - [MESSAGE][PASSED] - Text 'yTest123@' is set on object 'Object Repository/Page_Moodle Administration Users Accounts/input_New password_newpassword'

2022-01-11 22:37:46 - [TEST_STEP][PASSED] - setText(findTestObject("Page_Moodle Administration Users Accounts/input_First name_firstname"), "Ý"): Text 'Ý' is set on object 'Object Repository/Page_Moodle Administration Users Accounts/input_First name_firstname'

2022-01-11 22:37:47 - [MESSAGE][PASSED] - Text 'Ý' is set on object 'Object Repository/Page_Moodle Administration Users Accounts/input_First name_firstname'

2022-01-11 22:37:47 - [TEST_STEP][PASSED] - setText(findTestObject("Page_Moodle Administration Users Accounts/input_Surname_lastname"), "Đàm"): Text 'Đàm' is set on object 'Object Repository/Page_Moodle Administration Users Accounts/input_Surname_lastname'

2022-01-11 22:37:48 - [MESSAGE][PASSED] - Text 'Đàm' is set on object 'Object Repository/Page_Moodle Administration Users Accounts/input_Surname_lastname'

2022-01-11 22:37:48 - [TEST_STEP][PASSED] - setText(findTestObject("Page_Moodle Administration Users Accounts/input_Email address_email"), "ydam@gmail.com"): Text 'ydam@gmail.com' is set on object 'Object Repository/Page_Moodle Administration Users Accounts/input_Email address_email'

2022-01-11 22:37:49 - [MESSAGE][PASSED] - Text 'ydam@gmail.com' is set on object 'Object Repository/Page_Moodle Administration Users Accounts/input_Email address_email'

2022-01-11 22:37:49 - [TEST_STEP][PASSED] - click(findTestObject("Page_Moodle Administration Users Accounts/input_Address_submitbutton")): Object: 'Object Repository/Page_Moodle Administration Users Accounts/input_Address_submitbutton' is clicked on

2022-01-11 22:37:50 - [MESSAGE][PASSED] - Object: 'Object Repository/Page_Moodle Administration Users Accounts/input_Address_submitbutton' is clicked on

2022-01-11 22:37:50 - [TEST_STEP][PASSED] - verifyElementPresent(findTestObject("Page_Moodle Administration Users Accounts/div_This username already exists, choose another"), 0): Object 'Object Repository/Page_Moodle Administration Users Accounts/div_This username already exists, choose another' is present

2022-01-11 22:37:50 - [MESSAGE][WARNING] - Timeout '0' is invalid. Using default page load timeout: '30'

2022-01-11 22:37:51 - [MESSAGE][PASSED] - Object 'Object Repository/Page_Moodle Administration Users Accounts/div_This username already exists, choose another' is present

2022-01-11 22:37:51 - [TEST_STEP][PASSED] - verifyElementText(findTestObject("Page_Moodle Administration Users Accounts/div_This username already exists, choose another"), "This username already exists, choose another"): Actual text and expected text of test object 'Object Repository/Page_Moodle Administration Users Accounts/div_This username already exists, choose another' are matched.

2022-01-11 22:37:52 - [MESSAGE][PASSED] - Actual text and expected text of test object 'Object Repository/Page_Moodle Administration Users Accounts/div_This username already exists, choose another' are matched.

2022-01-11 22:37:52 - [TEST_STEP][PASSED] - delay(2): Delayed 2 second(s)

2022-01-11 22:37:54 - [MESSAGE][PASSED] - Delayed 2 second(s)

2022-01-11 22:37:54 - [TEST_STEP][PASSED] - closeBrowser(): Browser is closed

2022-01-11 22:37:54 - [MESSAGE][PASSED] - Browser is closed]]></system-out>
         <system-err><![CDATA[]]></system-err>
      </testcase>
      <testcase name="Test Cases/Admin/Admin Assign Role/Admin_Assign Role Student" time="29.46" classname="Test Cases/Admin/Admin Assign Role/Admin_Assign Role Student" status="PASSED">
         <system-out><![CDATA[2022-01-11 22:37:54 - [TEST_CASE][PASSED] - Test Cases/Admin/Admin Assign Role/Admin_Assign Role Student: Test Cases/Admin/Admin Assign Role/Admin_Assign Role Student

2022-01-11 22:37:55 - [TEST_STEP][PASSED] - callTestCase(findTestCase("Admin/Admin_Login"), [:], STOP_ON_FAILURE): Call Test Case 'Test Cases/Admin/Admin_Login' successfully

2022-01-11 22:37:55 - [TEST_CASE][PASSED] - Test Cases/Admin/Admin_Login: Test Cases/Admin/Admin_Login

2022-01-11 22:37:55 - [TEST_STEP][PASSED] - openBrowser(""): Browser is opened with url: ''

2022-01-11 22:37:55 - [MESSAGE][INFO] - Starting 'Chrome' driver

2022-01-11 22:37:55 - [MESSAGE][INFO] - User set preference: ['args', '[window-size=1300,900]']

2022-01-11 22:37:55 - [MESSAGE][INFO] - Action delay is set to 0 milliseconds

2022-01-11 22:37:56 - [MESSAGE][PASSED] - Browser is opened with url: ''

2022-01-11 22:37:56 - [TEST_STEP][PASSED] - navigateToUrl("http://localhost:8080/moodle/login/index.php"): Navigate to 'http://localhost:8080/moodle/login/index.php' successfully

2022-01-11 22:37:56 - [MESSAGE][PASSED] - Navigate to 'http://localhost:8080/moodle/login/index.php' successfully

2022-01-11 22:37:56 - [TEST_STEP][PASSED] - setText(findTestObject("Object Repository/Page_BCS Moodle Log in to the site/input_Username_username"), "admin"): Text 'admin' is set on object 'Object Repository/Page_BCS Moodle Log in to the site/input_Username_username'

2022-01-11 22:37:57 - [MESSAGE][PASSED] - Text 'admin' is set on object 'Object Repository/Page_BCS Moodle Log in to the site/input_Username_username'

2022-01-11 22:37:57 - [TEST_STEP][PASSED] - setEncryptedText(findTestObject("Object Repository/Page_BCS Moodle Log in to the site/input_Password_password"), "p4y+y39Ir5PR9RXlOHjWlj+CAJiYdX4g"): Text ****** has been set on object 'Object Repository/Page_BCS Moodle Log in to the site/input_Password_password'

2022-01-11 22:37:58 - [MESSAGE][PASSED] - Text ****** has been set on object 'Object Repository/Page_BCS Moodle Log in to the site/input_Password_password'

2022-01-11 22:37:58 - [TEST_STEP][PASSED] - click(findTestObject("Object Repository/Page_BCS Moodle Log in to the site/button_Log in")): Object: 'Object Repository/Page_BCS Moodle Log in to the site/button_Log in' is clicked on

2022-01-11 22:37:59 - [MESSAGE][PASSED] - Object: 'Object Repository/Page_BCS Moodle Log in to the site/button_Log in' is clicked on

2022-01-11 22:37:59 - [MESSAGE][PASSED] - Call Test Case 'Test Cases/Admin/Admin_Login' successfully

2022-01-11 22:37:59 - [TEST_STEP][PASSED] - click(findTestObject("Object Repository/Page_Dashboard/a_Site home")): Object: 'Object Repository/Page_Dashboard/a_Site home' is clicked on

2022-01-11 22:38:02 - [MESSAGE][PASSED] - Object: 'Object Repository/Page_Dashboard/a_Site home' is clicked on

2022-01-11 22:38:02 - [TEST_STEP][PASSED] - navigateToUrl("http://localhost:8080/moodle/?redirect=0"): Navigate to 'http://localhost:8080/moodle/?redirect=0' successfully

2022-01-11 22:38:02 - [MESSAGE][PASSED] - Navigate to 'http://localhost:8080/moodle/?redirect=0' successfully

2022-01-11 22:38:02 - [TEST_STEP][PASSED] - click(findTestObject("Object Repository/Page_BCS Moodle/a_Lp trnh hng i tng 19CTT3")): Object: 'Object Repository/Page_BCS Moodle/a_Lp trnh hng i tng 19CTT3' is clicked on

2022-01-11 22:38:04 - [MESSAGE][PASSED] - Object: 'Object Repository/Page_BCS Moodle/a_Lp trnh hng i tng 19CTT3' is clicked on

2022-01-11 22:38:04 - [TEST_STEP][PASSED] - click(findTestObject("Object Repository/Page_Course Lp trnh hng i tng 19CTT3/a_Participants")): Object: 'Object Repository/Page_Course Lp trnh hng i tng 19CTT3/a_Participants' is clicked on

2022-01-11 22:38:05 - [MESSAGE][PASSED] - Object: 'Object Repository/Page_Course Lp trnh hng i tng 19CTT3/a_Participants' is clicked on

2022-01-11 22:38:05 - [TEST_STEP][PASSED] - click(findTestObject("Object Repository/Page_OOP Participants/input_Participants_btn btn-secondary my-1")): Object: 'Object Repository/Page_OOP Participants/input_Participants_btn btn-secondary my-1' is clicked on

2022-01-11 22:38:05 - [MESSAGE][PASSED] - Object: 'Object Repository/Page_OOP Participants/input_Participants_btn btn-secondary my-1' is clicked on

2022-01-11 22:38:05 - [TEST_STEP][PASSED] - setText(findTestObject("Object Repository/Page_OOP Participants/input_No selection_form_autocomplete_input-_a46864"), "ypro"): Text 'ypro' is set on object 'Object Repository/Page_OOP Participants/input_No selection_form_autocomplete_input-_a46864'

2022-01-11 22:38:07 - [MESSAGE][PASSED] - Text 'ypro' is set on object 'Object Repository/Page_OOP Participants/input_No selection_form_autocomplete_input-_a46864'

2022-01-11 22:38:07 - [TEST_STEP][PASSED] - click(findTestObject("Object Repository/Page_OOP Participants/li_Xuan Y Dam Thi    yprotk21gmail.com")): Object: 'Object Repository/Page_OOP Participants/li_Xuan Y Dam Thi    yprotk21gmail.com' is clicked on

2022-01-11 22:38:08 - [MESSAGE][PASSED] - Object: 'Object Repository/Page_OOP Participants/li_Xuan Y Dam Thi    yprotk21gmail.com' is clicked on

2022-01-11 22:38:08 - [TEST_STEP][PASSED] - selectOptionByValue(findTestObject("Object Repository/Page_OOP Participants/select_Xuan Y Dam Thi    yprotk21gmail.com _a35d9e"), "5", true): All options with value '5' are selected in object 'Object Repository/Page_OOP Participants/select_Xuan Y Dam Thi    yprotk21gmail.com _a35d9e'  using regular expression

2022-01-11 22:38:10 - [MESSAGE][PASSED] - All options with value '5' are selected in object 'Object Repository/Page_OOP Participants/select_Xuan Y Dam Thi    yprotk21gmail.com _a35d9e'  using regular expression

2022-01-11 22:38:10 - [TEST_STEP][PASSED] - click(findTestObject("Object Repository/Page_OOP Participants/div_Select users")): Object: 'Object Repository/Page_OOP Participants/div_Select users' is clicked on

2022-01-11 22:38:10 - [MESSAGE][PASSED] - Object: 'Object Repository/Page_OOP Participants/div_Select users' is clicked on

2022-01-11 22:38:10 - [TEST_STEP][PASSED] - click(findTestObject("Object Repository/Page_OOP Participants/button_Enrol users")): Object: 'Object Repository/Page_OOP Participants/button_Enrol users' is clicked on

2022-01-11 22:38:11 - [MESSAGE][PASSED] - Object: 'Object Repository/Page_OOP Participants/button_Enrol users' is clicked on

2022-01-11 22:38:11 - [TEST_STEP][PASSED] - click(findTestObject("Object Repository/Page_OOP Participants/a_Admin User")): Object: 'Object Repository/Page_OOP Participants/a_Admin User' is clicked on

2022-01-11 22:38:12 - [MESSAGE][PASSED] - Object: 'Object Repository/Page_OOP Participants/a_Admin User' is clicked on

2022-01-11 22:38:12 - [TEST_STEP][PASSED] - click(findTestObject("Object Repository/Page_OOP Participants/a_Log out")): Object: 'Object Repository/Page_OOP Participants/a_Log out' is clicked on

2022-01-11 22:38:13 - [MESSAGE][PASSED] - Object: 'Object Repository/Page_OOP Participants/a_Log out' is clicked on

2022-01-11 22:38:13 - [TEST_STEP][PASSED] - navigateToUrl("http://localhost:8080/moodle/"): Navigate to 'http://localhost:8080/moodle/' successfully

2022-01-11 22:38:14 - [MESSAGE][PASSED] - Navigate to 'http://localhost:8080/moodle/' successfully

2022-01-11 22:38:14 - [TEST_STEP][PASSED] - click(findTestObject("Object Repository/Page_BCS Moodle/a_Log in")): Object: 'Object Repository/Page_BCS Moodle/a_Log in' is clicked on

2022-01-11 22:38:15 - [MESSAGE][PASSED] - Object: 'Object Repository/Page_BCS Moodle/a_Log in' is clicked on

2022-01-11 22:38:15 - [TEST_STEP][PASSED] - setText(findTestObject("Object Repository/Page_BCS Moodle Log in to the site/input_Username_username"), "xuany"): Text 'xuany' is set on object 'Object Repository/Page_BCS Moodle Log in to the site/input_Username_username'

2022-01-11 22:38:15 - [MESSAGE][PASSED] - Text 'xuany' is set on object 'Object Repository/Page_BCS Moodle Log in to the site/input_Username_username'

2022-01-11 22:38:15 - [TEST_STEP][PASSED] - setEncryptedText(findTestObject("Object Repository/Page_BCS Moodle Log in to the site/input_Password_password"), "p4y+y39Ir5PR9RXlOHjWlj+CAJiYdX4g"): Text ****** has been set on object 'Object Repository/Page_BCS Moodle Log in to the site/input_Password_password'

2022-01-11 22:38:16 - [MESSAGE][PASSED] - Text ****** has been set on object 'Object Repository/Page_BCS Moodle Log in to the site/input_Password_password'

2022-01-11 22:38:16 - [TEST_STEP][PASSED] - click(findTestObject("Object Repository/Page_BCS Moodle Log in to the site/button_Log in")): Object: 'Object Repository/Page_BCS Moodle Log in to the site/button_Log in' is clicked on

2022-01-11 22:38:17 - [MESSAGE][PASSED] - Object: 'Object Repository/Page_BCS Moodle Log in to the site/button_Log in' is clicked on

2022-01-11 22:38:17 - [TEST_STEP][PASSED] - click(findTestObject("Object Repository/Page_Dashboard/span_Site home")): Object: 'Object Repository/Page_Dashboard/span_Site home' is clicked on

2022-01-11 22:38:20 - [MESSAGE][PASSED] - Object: 'Object Repository/Page_Dashboard/span_Site home' is clicked on

2022-01-11 22:38:20 - [TEST_STEP][PASSED] - click(findTestObject("Object Repository/Page_BCS Moodle/a_Lp trnh hng i tng 19CTT3")): Object: 'Object Repository/Page_BCS Moodle/a_Lp trnh hng i tng 19CTT3' is clicked on

2022-01-11 22:38:21 - [MESSAGE][PASSED] - Object: 'Object Repository/Page_BCS Moodle/a_Lp trnh hng i tng 19CTT3' is clicked on

2022-01-11 22:38:21 - [TEST_STEP][PASSED] - click(findTestObject("Object Repository/Page_Course Lp trnh hng i tng 19CTT3/a_Participants")): Object: 'Object Repository/Page_Course Lp trnh hng i tng 19CTT3/a_Participants' is clicked on

2022-01-11 22:38:22 - [MESSAGE][PASSED] - Object: 'Object Repository/Page_Course Lp trnh hng i tng 19CTT3/a_Participants' is clicked on

2022-01-11 22:38:22 - [TEST_STEP][PASSED] - verifyElementPresent(findTestObject("Object Repository/Page_OOP Participants/th_Xuan Y Dam Thi"), 0): Object 'Object Repository/Page_OOP Participants/th_Xuan Y Dam Thi' is present

2022-01-11 22:38:22 - [MESSAGE][WARNING] - Timeout '0' is invalid. Using default page load timeout: '30'

2022-01-11 22:38:23 - [MESSAGE][PASSED] - Object 'Object Repository/Page_OOP Participants/th_Xuan Y Dam Thi' is present

2022-01-11 22:38:23 - [TEST_STEP][PASSED] - verifyElementPresent(findTestObject("Object Repository/Page_OOP Participants/td_Student"), 0): Object 'Object Repository/Page_OOP Participants/td_Student' is present

2022-01-11 22:38:23 - [MESSAGE][WARNING] - Timeout '0' is invalid. Using default page load timeout: '30'

2022-01-11 22:38:23 - [MESSAGE][PASSED] - Object 'Object Repository/Page_OOP Participants/td_Student' is present

2022-01-11 22:38:23 - [TEST_STEP][PASSED] - closeBrowser(): Browser is closed

2022-01-11 22:38:24 - [MESSAGE][PASSED] - Browser is closed]]></system-out>
         <system-err><![CDATA[]]></system-err>
      </testcase>
      <testcase name="Test Cases/Admin/Admin Assign Role/Admin_Assign Role Teacher" time="59.856" classname="Test Cases/Admin/Admin Assign Role/Admin_Assign Role Teacher" status="FAILED">
         <failure type="FAILED" message="Test Cases/Admin/Admin Assign Role/Admin_Assign Role Teacher FAILED.
Reason:
com.kms.katalon.core.exception.StepFailedException: Unable to verify object 'Object Repository/Page_LDC1 Participants/th_Chi Hao Ha' is present
	at com.kms.katalon.core.webui.keyword.internal.WebUIKeywordMain.stepFailed(WebUIKeywordMain.groovy:64)
	at com.kms.katalon.core.webui.keyword.internal.WebUIKeywordMain.runKeyword(WebUIKeywordMain.groovy:26)
	at com.kms.katalon.core.webui.keyword.builtin.VerifyElementPresentKeyword.verifyElementPresent(VerifyElementPresentKeyword.groovy:92)
	at com.kms.katalon.core.webui.keyword.builtin.VerifyElementPresentKeyword.execute(VerifyElementPresentKeyword.groovy:68)
	at com.kms.katalon.core.keyword.internal.KeywordExecutor.executeKeywordForPlatform(KeywordExecutor.groovy:74)
	at com.kms.katalon.core.webui.keyword.WebUiBuiltInKeywords.verifyElementPresent(WebUiBuiltInKeywords.groovy:1464)
	at com.kms.katalon.core.webui.keyword.WebUiBuiltInKeywords$verifyElementPresent$4.call(Unknown Source)
	at Admin_Assign Role Teacher.run(Admin_Assign Role Teacher:65)
	at com.kms.katalon.core.main.ScriptEngine.run(ScriptEngine.java:194)
	at com.kms.katalon.core.main.ScriptEngine.runScriptAsRawText(ScriptEngine.java:119)
	at com.kms.katalon.core.main.TestCaseExecutor.runScript(TestCaseExecutor.java:442)
	at com.kms.katalon.core.main.TestCaseExecutor.doExecute(TestCaseExecutor.java:433)
	at com.kms.katalon.core.main.TestCaseExecutor.processExecutionPhase(TestCaseExecutor.java:412)
	at com.kms.katalon.core.main.TestCaseExecutor.accessMainPhase(TestCaseExecutor.java:404)
	at com.kms.katalon.core.main.TestCaseExecutor.execute(TestCaseExecutor.java:281)
	at com.kms.katalon.core.main.TestSuiteExecutor.accessTestCaseMainPhase(TestSuiteExecutor.java:202)
	at com.kms.katalon.core.main.TestSuiteExecutor.accessTestSuiteMainPhase(TestSuiteExecutor.java:164)
	at com.kms.katalon.core.main.TestSuiteExecutor.execute(TestSuiteExecutor.java:105)
	at com.kms.katalon.core.main.TestCaseMain.startTestSuite(TestCaseMain.java:181)
	at com.kms.katalon.core.main.TestCaseMain$startTestSuite$0.call(Unknown Source)
	at TempTestSuite1641914798393.run(TempTestSuite1641914798393.groovy:36)
Caused by: com.kms.katalon.core.exception.StepFailedException: com.kms.katalon.core.webui.exception.WebElementNotFoundException: Web element with id: 'Object Repository/Page_LDC1 Participants/th_Chi Hao Ha' located by '//th[@id='user-index-participants-5_r0_c1']' not found
	at com.kms.katalon.core.webui.keyword.internal.WebUIKeywordMain.stepFailed(WebUIKeywordMain.groovy:64)
	at com.kms.katalon.core.webui.keyword.builtin.VerifyElementPresentKeyword$_verifyElementPresent_closure1.doCall(VerifyElementPresentKeyword.groovy:85)
	at com.kms.katalon.core.webui.keyword.builtin.VerifyElementPresentKeyword$_verifyElementPresent_closure1.call(VerifyElementPresentKeyword.groovy)
	at com.kms.katalon.core.webui.keyword.internal.WebUIKeywordMain.runKeyword(WebUIKeywordMain.groovy:20)
	... 19 more
"/>
         <system-out><![CDATA[2022-01-11 22:38:24 - [TEST_CASE][FAILED] - Test Cases/Admin/Admin Assign Role/Admin_Assign Role Teacher: Test Cases/Admin/Admin Assign Role/Admin_Assign Role Teacher FAILED.
Reason:
com.kms.katalon.core.exception.StepFailedException: Unable to verify object 'Object Repository/Page_LDC1 Participants/th_Chi Hao Ha' is present
	at com.kms.katalon.core.webui.keyword.internal.WebUIKeywordMain.stepFailed(WebUIKeywordMain.groovy:64)
	at com.kms.katalon.core.webui.keyword.internal.WebUIKeywordMain.runKeyword(WebUIKeywordMain.groovy:26)
	at com.kms.katalon.core.webui.keyword.builtin.VerifyElementPresentKeyword.verifyElementPresent(VerifyElementPresentKeyword.groovy:92)
	at com.kms.katalon.core.webui.keyword.builtin.VerifyElementPresentKeyword.execute(VerifyElementPresentKeyword.groovy:68)
	at com.kms.katalon.core.keyword.internal.KeywordExecutor.executeKeywordForPlatform(KeywordExecutor.groovy:74)
	at com.kms.katalon.core.webui.keyword.WebUiBuiltInKeywords.verifyElementPresent(WebUiBuiltInKeywords.groovy:1464)
	at com.kms.katalon.core.webui.keyword.WebUiBuiltInKeywords$verifyElementPresent$4.call(Unknown Source)
	at Admin_Assign Role Teacher.run(Admin_Assign Role Teacher:65)
	at com.kms.katalon.core.main.ScriptEngine.run(ScriptEngine.java:194)
	at com.kms.katalon.core.main.ScriptEngine.runScriptAsRawText(ScriptEngine.java:119)
	at com.kms.katalon.core.main.TestCaseExecutor.runScript(TestCaseExecutor.java:442)
	at com.kms.katalon.core.main.TestCaseExecutor.doExecute(TestCaseExecutor.java:433)
	at com.kms.katalon.core.main.TestCaseExecutor.processExecutionPhase(TestCaseExecutor.java:412)
	at com.kms.katalon.core.main.TestCaseExecutor.accessMainPhase(TestCaseExecutor.java:404)
	at com.kms.katalon.core.main.TestCaseExecutor.execute(TestCaseExecutor.java:281)
	at com.kms.katalon.core.main.TestSuiteExecutor.accessTestCaseMainPhase(TestSuiteExecutor.java:202)
	at com.kms.katalon.core.main.TestSuiteExecutor.accessTestSuiteMainPhase(TestSuiteExecutor.java:164)
	at com.kms.katalon.core.main.TestSuiteExecutor.execute(TestSuiteExecutor.java:105)
	at com.kms.katalon.core.main.TestCaseMain.startTestSuite(TestCaseMain.java:181)
	at com.kms.katalon.core.main.TestCaseMain$startTestSuite$0.call(Unknown Source)
	at TempTestSuite1641914798393.run(TempTestSuite1641914798393.groovy:36)
Caused by: com.kms.katalon.core.exception.StepFailedException: com.kms.katalon.core.webui.exception.WebElementNotFoundException: Web element with id: 'Object Repository/Page_LDC1 Participants/th_Chi Hao Ha' located by '//th[@id='user-index-participants-5_r0_c1']' not found
	at com.kms.katalon.core.webui.keyword.internal.WebUIKeywordMain.stepFailed(WebUIKeywordMain.groovy:64)
	at com.kms.katalon.core.webui.keyword.builtin.VerifyElementPresentKeyword$_verifyElementPresent_closure1.doCall(VerifyElementPresentKeyword.groovy:85)
	at com.kms.katalon.core.webui.keyword.builtin.VerifyElementPresentKeyword$_verifyElementPresent_closure1.call(VerifyElementPresentKeyword.groovy)
	at com.kms.katalon.core.webui.keyword.internal.WebUIKeywordMain.runKeyword(WebUIKeywordMain.groovy:20)
	... 19 more


2022-01-11 22:38:24 - [TEST_STEP][PASSED] - callTestCase(findTestCase("Admin/Admin_Login"), [:], STOP_ON_FAILURE): Call Test Case 'Test Cases/Admin/Admin_Login' successfully

2022-01-11 22:38:24 - [TEST_CASE][PASSED] - Test Cases/Admin/Admin_Login: Test Cases/Admin/Admin_Login

2022-01-11 22:38:24 - [TEST_STEP][PASSED] - openBrowser(""): Browser is opened with url: ''

2022-01-11 22:38:24 - [MESSAGE][INFO] - Starting 'Chrome' driver

2022-01-11 22:38:24 - [MESSAGE][INFO] - User set preference: ['args', '[window-size=1300,900]']

2022-01-11 22:38:24 - [MESSAGE][INFO] - Action delay is set to 0 milliseconds

2022-01-11 22:38:25 - [MESSAGE][PASSED] - Browser is opened with url: ''

2022-01-11 22:38:25 - [TEST_STEP][PASSED] - navigateToUrl("http://localhost:8080/moodle/login/index.php"): Navigate to 'http://localhost:8080/moodle/login/index.php' successfully

2022-01-11 22:38:26 - [MESSAGE][PASSED] - Navigate to 'http://localhost:8080/moodle/login/index.php' successfully

2022-01-11 22:38:26 - [TEST_STEP][PASSED] - setText(findTestObject("Object Repository/Page_BCS Moodle Log in to the site/input_Username_username"), "admin"): Text 'admin' is set on object 'Object Repository/Page_BCS Moodle Log in to the site/input_Username_username'

2022-01-11 22:38:27 - [MESSAGE][PASSED] - Text 'admin' is set on object 'Object Repository/Page_BCS Moodle Log in to the site/input_Username_username'

2022-01-11 22:38:27 - [TEST_STEP][PASSED] - setEncryptedText(findTestObject("Object Repository/Page_BCS Moodle Log in to the site/input_Password_password"), "p4y+y39Ir5PR9RXlOHjWlj+CAJiYdX4g"): Text ****** has been set on object 'Object Repository/Page_BCS Moodle Log in to the site/input_Password_password'

2022-01-11 22:38:27 - [MESSAGE][PASSED] - Text ****** has been set on object 'Object Repository/Page_BCS Moodle Log in to the site/input_Password_password'

2022-01-11 22:38:27 - [TEST_STEP][PASSED] - click(findTestObject("Object Repository/Page_BCS Moodle Log in to the site/button_Log in")): Object: 'Object Repository/Page_BCS Moodle Log in to the site/button_Log in' is clicked on

2022-01-11 22:38:29 - [MESSAGE][PASSED] - Object: 'Object Repository/Page_BCS Moodle Log in to the site/button_Log in' is clicked on

2022-01-11 22:38:29 - [MESSAGE][PASSED] - Call Test Case 'Test Cases/Admin/Admin_Login' successfully

2022-01-11 22:38:29 - [TEST_STEP][PASSED] - click(findTestObject("Object Repository/Page_Dashboard/a_Site home")): Object: 'Object Repository/Page_Dashboard/a_Site home' is clicked on

2022-01-11 22:38:31 - [MESSAGE][PASSED] - Object: 'Object Repository/Page_Dashboard/a_Site home' is clicked on

2022-01-11 22:38:31 - [TEST_STEP][PASSED] - navigateToUrl("http://localhost:8080/moodle/?redirect=0"): Navigate to 'http://localhost:8080/moodle/?redirect=0' successfully

2022-01-11 22:38:32 - [MESSAGE][PASSED] - Navigate to 'http://localhost:8080/moodle/?redirect=0' successfully

2022-01-11 22:38:32 - [TEST_STEP][PASSED] - click(findTestObject("Object Repository/Page_BCS Moodle/a_L i Cng 1")): Object: 'Object Repository/Page_BCS Moodle/a_L i Cng 1' is clicked on

2022-01-11 22:38:33 - [MESSAGE][PASSED] - Object: 'Object Repository/Page_BCS Moodle/a_L i Cng 1' is clicked on

2022-01-11 22:38:33 - [TEST_STEP][PASSED] - navigateToUrl("http://localhost:8080/moodle/course/view.php?id=5"): Navigate to 'http://localhost:8080/moodle/course/view.php?id=5' successfully

2022-01-11 22:38:34 - [MESSAGE][PASSED] - Navigate to 'http://localhost:8080/moodle/course/view.php?id=5' successfully

2022-01-11 22:38:34 - [TEST_STEP][PASSED] - click(findTestObject("Object Repository/Page_Course L i Cng 1/a_Participants")): Object: 'Object Repository/Page_Course L i Cng 1/a_Participants' is clicked on

2022-01-11 22:38:35 - [MESSAGE][PASSED] - Object: 'Object Repository/Page_Course L i Cng 1/a_Participants' is clicked on

2022-01-11 22:38:35 - [TEST_STEP][PASSED] - click(findTestObject("Object Repository/Page_LDC1 Participants/input_Participants_btn btn-secondary my-1")): Object: 'Object Repository/Page_LDC1 Participants/input_Participants_btn btn-secondary my-1' is clicked on

2022-01-11 22:38:35 - [MESSAGE][PASSED] - Object: 'Object Repository/Page_LDC1 Participants/input_Participants_btn btn-secondary my-1' is clicked on

2022-01-11 22:38:35 - [TEST_STEP][PASSED] - click(findTestObject("Object Repository/Page_LDC1 Participants/span_")): Object: 'Object Repository/Page_LDC1 Participants/span_' is clicked on

2022-01-11 22:38:37 - [MESSAGE][PASSED] - Object: 'Object Repository/Page_LDC1 Participants/span_' is clicked on

2022-01-11 22:38:37 - [TEST_STEP][PASSED] - click(findTestObject("Object Repository/Page_LDC1 Participants/li_Chi Hao Ha    haoprotk21gmail.com")): Object: 'Object Repository/Page_LDC1 Participants/li_Chi Hao Ha    haoprotk21gmail.com' is clicked on

2022-01-11 22:38:38 - [MESSAGE][PASSED] - Object: 'Object Repository/Page_LDC1 Participants/li_Chi Hao Ha    haoprotk21gmail.com' is clicked on

2022-01-11 22:38:38 - [TEST_STEP][PASSED] - click(findTestObject("Object Repository/Page_LDC1 Participants/div_Select users                           _1b8f1d")): Object: 'Object Repository/Page_LDC1 Participants/div_Select users                           _1b8f1d' is clicked on

2022-01-11 22:38:39 - [MESSAGE][PASSED] - Object: 'Object Repository/Page_LDC1 Participants/div_Select users                           _1b8f1d' is clicked on

2022-01-11 22:38:39 - [TEST_STEP][PASSED] - selectOptionByValue(findTestObject("Object Repository/Page_LDC1 Participants/select_Manager            Teacher          _ffc00f"), "3", true): All options with value '3' are selected in object 'Object Repository/Page_LDC1 Participants/select_Manager            Teacher          _ffc00f'  using regular expression

2022-01-11 22:38:41 - [MESSAGE][PASSED] - All options with value '3' are selected in object 'Object Repository/Page_LDC1 Participants/select_Manager            Teacher          _ffc00f'  using regular expression

2022-01-11 22:38:41 - [TEST_STEP][PASSED] - click(findTestObject("Object Repository/Page_LDC1 Participants/button_Enrol users")): Object: 'Object Repository/Page_LDC1 Participants/button_Enrol users' is clicked on

2022-01-11 22:38:41 - [MESSAGE][PASSED] - Object: 'Object Repository/Page_LDC1 Participants/button_Enrol users' is clicked on

2022-01-11 22:38:41 - [TEST_STEP][PASSED] - click(findTestObject("Object Repository/Page_Moodle Administration Users Accounts/a_Admin User")): Object: 'Object Repository/Page_Moodle Administration Users Accounts/a_Admin User' is clicked on

2022-01-11 22:38:42 - [MESSAGE][PASSED] - Object: 'Object Repository/Page_Moodle Administration Users Accounts/a_Admin User' is clicked on

2022-01-11 22:38:42 - [TEST_STEP][PASSED] - click(findTestObject("Object Repository/Page_LDC1 Participants/a_Log out")): Object: 'Object Repository/Page_LDC1 Participants/a_Log out' is clicked on

2022-01-11 22:38:44 - [MESSAGE][PASSED] - Object: 'Object Repository/Page_LDC1 Participants/a_Log out' is clicked on

2022-01-11 22:38:44 - [TEST_STEP][PASSED] - click(findTestObject("Object Repository/Page_BCS Moodle/a_Log in")): Object: 'Object Repository/Page_BCS Moodle/a_Log in' is clicked on

2022-01-11 22:38:44 - [MESSAGE][PASSED] - Object: 'Object Repository/Page_BCS Moodle/a_Log in' is clicked on

2022-01-11 22:38:44 - [TEST_STEP][PASSED] - setText(findTestObject("Object Repository/Page_BCS Moodle Log in to the site/input_Username_username"), "chihao"): Text 'chihao' is set on object 'Object Repository/Page_BCS Moodle Log in to the site/input_Username_username'

2022-01-11 22:38:45 - [MESSAGE][PASSED] - Text 'chihao' is set on object 'Object Repository/Page_BCS Moodle Log in to the site/input_Username_username'

2022-01-11 22:38:45 - [TEST_STEP][PASSED] - setEncryptedText(findTestObject("Object Repository/Page_BCS Moodle Log in to the site/input_Password_password"), "p4y+y39Ir5PR9RXlOHjWlj+CAJiYdX4g"): Text ****** has been set on object 'Object Repository/Page_BCS Moodle Log in to the site/input_Password_password'

2022-01-11 22:38:46 - [MESSAGE][PASSED] - Text ****** has been set on object 'Object Repository/Page_BCS Moodle Log in to the site/input_Password_password'

2022-01-11 22:38:46 - [TEST_STEP][PASSED] - click(findTestObject("Object Repository/Page_BCS Moodle Log in to the site/button_Log in")): Object: 'Object Repository/Page_BCS Moodle Log in to the site/button_Log in' is clicked on

2022-01-11 22:38:47 - [MESSAGE][PASSED] - Object: 'Object Repository/Page_BCS Moodle Log in to the site/button_Log in' is clicked on

2022-01-11 22:38:47 - [TEST_STEP][PASSED] - click(findTestObject("Object Repository/Page_Dashboard/span_Site home")): Object: 'Object Repository/Page_Dashboard/span_Site home' is clicked on

2022-01-11 22:38:50 - [MESSAGE][PASSED] - Object: 'Object Repository/Page_Dashboard/span_Site home' is clicked on

2022-01-11 22:38:50 - [TEST_STEP][PASSED] - navigateToUrl("http://localhost:8080/moodle/?redirect=0"): Navigate to 'http://localhost:8080/moodle/?redirect=0' successfully

2022-01-11 22:38:50 - [MESSAGE][PASSED] - Navigate to 'http://localhost:8080/moodle/?redirect=0' successfully

2022-01-11 22:38:50 - [TEST_STEP][PASSED] - click(findTestObject("Object Repository/Page_BCS Moodle/a_L i Cng 1")): Object: 'Object Repository/Page_BCS Moodle/a_L i Cng 1' is clicked on

2022-01-11 22:38:51 - [MESSAGE][PASSED] - Object: 'Object Repository/Page_BCS Moodle/a_L i Cng 1' is clicked on

2022-01-11 22:38:51 - [TEST_STEP][PASSED] - click(findTestObject("Object Repository/Page_Course L i Cng 1/a_Participants")): Object: 'Object Repository/Page_Course L i Cng 1/a_Participants' is clicked on

2022-01-11 22:38:52 - [MESSAGE][PASSED] - Object: 'Object Repository/Page_Course L i Cng 1/a_Participants' is clicked on

2022-01-11 22:38:52 - [TEST_STEP][FAILED] - verifyElementPresent(findTestObject("Object Repository/Page_LDC1 Participants/th_Chi Hao Ha"), 0): Unable to verify object 'Object Repository/Page_LDC1 Participants/th_Chi Hao Ha' is present (Root cause: com.kms.katalon.core.exception.StepFailedException: Unable to verify object 'Object Repository/Page_LDC1 Participants/th_Chi Hao Ha' is present
	at com.kms.katalon.core.webui.keyword.internal.WebUIKeywordMain.stepFailed(WebUIKeywordMain.groovy:64)
	at com.kms.katalon.core.webui.keyword.internal.WebUIKeywordMain.runKeyword(WebUIKeywordMain.groovy:26)
	at com.kms.katalon.core.webui.keyword.builtin.VerifyElementPresentKeyword.verifyElementPresent(VerifyElementPresentKeyword.groovy:92)
	at com.kms.katalon.core.webui.keyword.builtin.VerifyElementPresentKeyword.execute(VerifyElementPresentKeyword.groovy:68)
	at com.kms.katalon.core.keyword.internal.KeywordExecutor.executeKeywordForPlatform(KeywordExecutor.groovy:74)
	at com.kms.katalon.core.webui.keyword.WebUiBuiltInKeywords.verifyElementPresent(WebUiBuiltInKeywords.groovy:1464)
	at com.kms.katalon.core.webui.keyword.WebUiBuiltInKeywords$verifyElementPresent$4.call(Unknown Source)
	at Admin_Assign Role Teacher.run(Admin_Assign Role Teacher:65)
	at com.kms.katalon.core.main.ScriptEngine.run(ScriptEngine.java:194)
	at com.kms.katalon.core.main.ScriptEngine.runScriptAsRawText(ScriptEngine.java:119)
	at com.kms.katalon.core.main.TestCaseExecutor.runScript(TestCaseExecutor.java:442)
	at com.kms.katalon.core.main.TestCaseExecutor.doExecute(TestCaseExecutor.java:433)
	at com.kms.katalon.core.main.TestCaseExecutor.processExecutionPhase(TestCaseExecutor.java:412)
	at com.kms.katalon.core.main.TestCaseExecutor.accessMainPhase(TestCaseExecutor.java:404)
	at com.kms.katalon.core.main.TestCaseExecutor.execute(TestCaseExecutor.java:281)
	at com.kms.katalon.core.main.TestSuiteExecutor.accessTestCaseMainPhase(TestSuiteExecutor.java:202)
	at com.kms.katalon.core.main.TestSuiteExecutor.accessTestSuiteMainPhase(TestSuiteExecutor.java:164)
	at com.kms.katalon.core.main.TestSuiteExecutor.execute(TestSuiteExecutor.java:105)
	at com.kms.katalon.core.main.TestCaseMain.startTestSuite(TestCaseMain.java:181)
	at com.kms.katalon.core.main.TestCaseMain$startTestSuite$0.call(Unknown Source)
	at TempTestSuite1641914798393.run(TempTestSuite1641914798393.groovy:36)
Caused by: com.kms.katalon.core.exception.StepFailedException: com.kms.katalon.core.webui.exception.WebElementNotFoundException: Web element with id: 'Object Repository/Page_LDC1 Participants/th_Chi Hao Ha' located by '//th[@id='user-index-participants-5_r0_c1']' not found
	at com.kms.katalon.core.webui.keyword.internal.WebUIKeywordMain.stepFailed(WebUIKeywordMain.groovy:64)
	at com.kms.katalon.core.webui.keyword.builtin.VerifyElementPresentKeyword$_verifyElementPresent_closure1.doCall(VerifyElementPresentKeyword.groovy:85)
	at com.kms.katalon.core.webui.keyword.builtin.VerifyElementPresentKeyword$_verifyElementPresent_closure1.call(VerifyElementPresentKeyword.groovy)
	at com.kms.katalon.core.webui.keyword.internal.WebUIKeywordMain.runKeyword(WebUIKeywordMain.groovy:20)
	... 19 more
)

2022-01-11 22:38:52 - [MESSAGE][WARNING] - Timeout '0' is invalid. Using default page load timeout: '30'

2022-01-11 22:39:24 - [MESSAGE][INFO] - Unable to find the element located by 'By.xpath: //th[@id='user-index-participants-5_r0_c1']'. Please recheck the objects properties to make sure the desired element is located. 

2022-01-11 22:39:24 - [MESSAGE][FAILED] - com.kms.katalon.core.webui.exception.WebElementNotFoundException: Web element with id: 'Object Repository/Page_LDC1 Participants/th_Chi Hao Ha' located by '//th[@id='user-index-participants-5_r0_c1']' not found (Root cause: com.kms.katalon.core.exception.StepFailedException: com.kms.katalon.core.webui.exception.WebElementNotFoundException: Web element with id: 'Object Repository/Page_LDC1 Participants/th_Chi Hao Ha' located by '//th[@id='user-index-participants-5_r0_c1']' not found
	at com.kms.katalon.core.webui.keyword.internal.WebUIKeywordMain.stepFailed(WebUIKeywordMain.groovy:64)
	at com.kms.katalon.core.webui.keyword.builtin.VerifyElementPresentKeyword$_verifyElementPresent_closure1.doCall(VerifyElementPresentKeyword.groovy:85)
	at com.kms.katalon.core.webui.keyword.builtin.VerifyElementPresentKeyword$_verifyElementPresent_closure1.call(VerifyElementPresentKeyword.groovy)
	at com.kms.katalon.core.webui.keyword.internal.WebUIKeywordMain.runKeyword(WebUIKeywordMain.groovy:20)
	at com.kms.katalon.core.webui.keyword.builtin.VerifyElementPresentKeyword.verifyElementPresent(VerifyElementPresentKeyword.groovy:92)
	at com.kms.katalon.core.webui.keyword.builtin.VerifyElementPresentKeyword.execute(VerifyElementPresentKeyword.groovy:68)
	at com.kms.katalon.core.keyword.internal.KeywordExecutor.executeKeywordForPlatform(KeywordExecutor.groovy:74)
	at com.kms.katalon.core.webui.keyword.WebUiBuiltInKeywords.verifyElementPresent(WebUiBuiltInKeywords.groovy:1464)
	at com.kms.katalon.core.webui.keyword.WebUiBuiltInKeywords$verifyElementPresent$4.call(Unknown Source)
	at Admin_Assign Role Teacher.run(Admin_Assign Role Teacher:65)
	at com.kms.katalon.core.main.ScriptEngine.run(ScriptEngine.java:194)
	at com.kms.katalon.core.main.ScriptEngine.runScriptAsRawText(ScriptEngine.java:119)
	at com.kms.katalon.core.main.TestCaseExecutor.runScript(TestCaseExecutor.java:442)
	at com.kms.katalon.core.main.TestCaseExecutor.doExecute(TestCaseExecutor.java:433)
	at com.kms.katalon.core.main.TestCaseExecutor.processExecutionPhase(TestCaseExecutor.java:412)
	at com.kms.katalon.core.main.TestCaseExecutor.accessMainPhase(TestCaseExecutor.java:404)
	at com.kms.katalon.core.main.TestCaseExecutor.execute(TestCaseExecutor.java:281)
	at com.kms.katalon.core.main.TestSuiteExecutor.accessTestCaseMainPhase(TestSuiteExecutor.java:202)
	at com.kms.katalon.core.main.TestSuiteExecutor.accessTestSuiteMainPhase(TestSuiteExecutor.java:164)
	at com.kms.katalon.core.main.TestSuiteExecutor.execute(TestSuiteExecutor.java:105)
	at com.kms.katalon.core.main.TestCaseMain.startTestSuite(TestCaseMain.java:181)
	at com.kms.katalon.core.main.TestCaseMain$startTestSuite$0.call(Unknown Source)
	at TempTestSuite1641914798393.run(TempTestSuite1641914798393.groovy:36)
)
[[ATTACHMENT|D:\\Nam_3\\SE\\Quiz\\Bonus\\TestAutomation_NMCNPM\\Reports\\20220111_222638\\Run All Test Cases\\20220111_222638\\1641915564000.png]]

2022-01-11 22:39:24 - [MESSAGE][FAILED] - Unable to verify object 'Object Repository/Page_LDC1 Participants/th_Chi Hao Ha' is present (Root cause: com.kms.katalon.core.exception.StepFailedException: Unable to verify object 'Object Repository/Page_LDC1 Participants/th_Chi Hao Ha' is present
	at com.kms.katalon.core.webui.keyword.internal.WebUIKeywordMain.stepFailed(WebUIKeywordMain.groovy:64)
	at com.kms.katalon.core.webui.keyword.internal.WebUIKeywordMain.runKeyword(WebUIKeywordMain.groovy:26)
	at com.kms.katalon.core.webui.keyword.builtin.VerifyElementPresentKeyword.verifyElementPresent(VerifyElementPresentKeyword.groovy:92)
	at com.kms.katalon.core.webui.keyword.builtin.VerifyElementPresentKeyword.execute(VerifyElementPresentKeyword.groovy:68)
	at com.kms.katalon.core.keyword.internal.KeywordExecutor.executeKeywordForPlatform(KeywordExecutor.groovy:74)
	at com.kms.katalon.core.webui.keyword.WebUiBuiltInKeywords.verifyElementPresent(WebUiBuiltInKeywords.groovy:1464)
	at com.kms.katalon.core.webui.keyword.WebUiBuiltInKeywords$verifyElementPresent$4.call(Unknown Source)
	at Admin_Assign Role Teacher.run(Admin_Assign Role Teacher:65)
	at com.kms.katalon.core.main.ScriptEngine.run(ScriptEngine.java:194)
	at com.kms.katalon.core.main.ScriptEngine.runScriptAsRawText(ScriptEngine.java:119)
	at com.kms.katalon.core.main.TestCaseExecutor.runScript(TestCaseExecutor.java:442)
	at com.kms.katalon.core.main.TestCaseExecutor.doExecute(TestCaseExecutor.java:433)
	at com.kms.katalon.core.main.TestCaseExecutor.processExecutionPhase(TestCaseExecutor.java:412)
	at com.kms.katalon.core.main.TestCaseExecutor.accessMainPhase(TestCaseExecutor.java:404)
	at com.kms.katalon.core.main.TestCaseExecutor.execute(TestCaseExecutor.java:281)
	at com.kms.katalon.core.main.TestSuiteExecutor.accessTestCaseMainPhase(TestSuiteExecutor.java:202)
	at com.kms.katalon.core.main.TestSuiteExecutor.accessTestSuiteMainPhase(TestSuiteExecutor.java:164)
	at com.kms.katalon.core.main.TestSuiteExecutor.execute(TestSuiteExecutor.java:105)
	at com.kms.katalon.core.main.TestCaseMain.startTestSuite(TestCaseMain.java:181)
	at com.kms.katalon.core.main.TestCaseMain$startTestSuite$0.call(Unknown Source)
	at TempTestSuite1641914798393.run(TempTestSuite1641914798393.groovy:36)
Caused by: com.kms.katalon.core.exception.StepFailedException: com.kms.katalon.core.webui.exception.WebElementNotFoundException: Web element with id: 'Object Repository/Page_LDC1 Participants/th_Chi Hao Ha' located by '//th[@id='user-index-participants-5_r0_c1']' not found
	at com.kms.katalon.core.webui.keyword.internal.WebUIKeywordMain.stepFailed(WebUIKeywordMain.groovy:64)
	at com.kms.katalon.core.webui.keyword.builtin.VerifyElementPresentKeyword$_verifyElementPresent_closure1.doCall(VerifyElementPresentKeyword.groovy:85)
	at com.kms.katalon.core.webui.keyword.builtin.VerifyElementPresentKeyword$_verifyElementPresent_closure1.call(VerifyElementPresentKeyword.groovy)
	at com.kms.katalon.core.webui.keyword.internal.WebUIKeywordMain.runKeyword(WebUIKeywordMain.groovy:20)
	... 19 more
)
[[ATTACHMENT|D:\\Nam_3\\SE\\Quiz\\Bonus\\TestAutomation_NMCNPM\\Reports\\20220111_222638\\Run All Test Cases\\20220111_222638\\1641915564147.png]]]]></system-out>
         <system-err><![CDATA[2022-01-11 22:38:24 - [TEST_CASE][FAILED] - Test Cases/Admin/Admin Assign Role/Admin_Assign Role Teacher: Test Cases/Admin/Admin Assign Role/Admin_Assign Role Teacher FAILED.
Reason:
com.kms.katalon.core.exception.StepFailedException: Unable to verify object 'Object Repository/Page_LDC1 Participants/th_Chi Hao Ha' is present
	at com.kms.katalon.core.webui.keyword.internal.WebUIKeywordMain.stepFailed(WebUIKeywordMain.groovy:64)
	at com.kms.katalon.core.webui.keyword.internal.WebUIKeywordMain.runKeyword(WebUIKeywordMain.groovy:26)
	at com.kms.katalon.core.webui.keyword.builtin.VerifyElementPresentKeyword.verifyElementPresent(VerifyElementPresentKeyword.groovy:92)
	at com.kms.katalon.core.webui.keyword.builtin.VerifyElementPresentKeyword.execute(VerifyElementPresentKeyword.groovy:68)
	at com.kms.katalon.core.keyword.internal.KeywordExecutor.executeKeywordForPlatform(KeywordExecutor.groovy:74)
	at com.kms.katalon.core.webui.keyword.WebUiBuiltInKeywords.verifyElementPresent(WebUiBuiltInKeywords.groovy:1464)
	at com.kms.katalon.core.webui.keyword.WebUiBuiltInKeywords$verifyElementPresent$4.call(Unknown Source)
	at Admin_Assign Role Teacher.run(Admin_Assign Role Teacher:65)
	at com.kms.katalon.core.main.ScriptEngine.run(ScriptEngine.java:194)
	at com.kms.katalon.core.main.ScriptEngine.runScriptAsRawText(ScriptEngine.java:119)
	at com.kms.katalon.core.main.TestCaseExecutor.runScript(TestCaseExecutor.java:442)
	at com.kms.katalon.core.main.TestCaseExecutor.doExecute(TestCaseExecutor.java:433)
	at com.kms.katalon.core.main.TestCaseExecutor.processExecutionPhase(TestCaseExecutor.java:412)
	at com.kms.katalon.core.main.TestCaseExecutor.accessMainPhase(TestCaseExecutor.java:404)
	at com.kms.katalon.core.main.TestCaseExecutor.execute(TestCaseExecutor.java:281)
	at com.kms.katalon.core.main.TestSuiteExecutor.accessTestCaseMainPhase(TestSuiteExecutor.java:202)
	at com.kms.katalon.core.main.TestSuiteExecutor.accessTestSuiteMainPhase(TestSuiteExecutor.java:164)
	at com.kms.katalon.core.main.TestSuiteExecutor.execute(TestSuiteExecutor.java:105)
	at com.kms.katalon.core.main.TestCaseMain.startTestSuite(TestCaseMain.java:181)
	at com.kms.katalon.core.main.TestCaseMain$startTestSuite$0.call(Unknown Source)
	at TempTestSuite1641914798393.run(TempTestSuite1641914798393.groovy:36)
Caused by: com.kms.katalon.core.exception.StepFailedException: com.kms.katalon.core.webui.exception.WebElementNotFoundException: Web element with id: 'Object Repository/Page_LDC1 Participants/th_Chi Hao Ha' located by '//th[@id='user-index-participants-5_r0_c1']' not found
	at com.kms.katalon.core.webui.keyword.internal.WebUIKeywordMain.stepFailed(WebUIKeywordMain.groovy:64)
	at com.kms.katalon.core.webui.keyword.builtin.VerifyElementPresentKeyword$_verifyElementPresent_closure1.doCall(VerifyElementPresentKeyword.groovy:85)
	at com.kms.katalon.core.webui.keyword.builtin.VerifyElementPresentKeyword$_verifyElementPresent_closure1.call(VerifyElementPresentKeyword.groovy)
	at com.kms.katalon.core.webui.keyword.internal.WebUIKeywordMain.runKeyword(WebUIKeywordMain.groovy:20)
	... 19 more]]></system-err>
      </testcase>
      <testcase name="Test Cases/Admin/Admin Create Course/Admin_Create Course Success" time="19.686" classname="Test Cases/Admin/Admin Create Course/Admin_Create Course Success" status="PASSED">
         <system-out><![CDATA[2022-01-11 22:39:24 - [TEST_CASE][PASSED] - Test Cases/Admin/Admin Create Course/Admin_Create Course Success: Test Cases/Admin/Admin Create Course/Admin_Create Course Success

2022-01-11 22:39:24 - [TEST_STEP][PASSED] - callTestCase(findTestCase("Admin/Admin_Login"), [:], STOP_ON_FAILURE): Call Test Case 'Test Cases/Admin/Admin_Login' successfully

2022-01-11 22:39:24 - [TEST_CASE][PASSED] - Test Cases/Admin/Admin_Login: Test Cases/Admin/Admin_Login

2022-01-11 22:39:24 - [TEST_STEP][PASSED] - openBrowser(""): Browser is opened with url: ''

2022-01-11 22:39:24 - [MESSAGE][WARNING] - A browser is already opened. Closing browser and opening a new one

2022-01-11 22:39:25 - [MESSAGE][INFO] - Starting 'Chrome' driver

2022-01-11 22:39:25 - [MESSAGE][INFO] - User set preference: ['args', '[window-size=1300,900]']

2022-01-11 22:39:25 - [MESSAGE][INFO] - Action delay is set to 0 milliseconds

2022-01-11 22:39:26 - [MESSAGE][PASSED] - Browser is opened with url: ''

2022-01-11 22:39:26 - [TEST_STEP][PASSED] - navigateToUrl("http://localhost:8080/moodle/login/index.php"): Navigate to 'http://localhost:8080/moodle/login/index.php' successfully

2022-01-11 22:39:26 - [MESSAGE][PASSED] - Navigate to 'http://localhost:8080/moodle/login/index.php' successfully

2022-01-11 22:39:26 - [TEST_STEP][PASSED] - setText(findTestObject("Object Repository/Page_BCS Moodle Log in to the site/input_Username_username"), "admin"): Text 'admin' is set on object 'Object Repository/Page_BCS Moodle Log in to the site/input_Username_username'

2022-01-11 22:39:27 - [MESSAGE][PASSED] - Text 'admin' is set on object 'Object Repository/Page_BCS Moodle Log in to the site/input_Username_username'

2022-01-11 22:39:27 - [TEST_STEP][PASSED] - setEncryptedText(findTestObject("Object Repository/Page_BCS Moodle Log in to the site/input_Password_password"), "p4y+y39Ir5PR9RXlOHjWlj+CAJiYdX4g"): Text ****** has been set on object 'Object Repository/Page_BCS Moodle Log in to the site/input_Password_password'

2022-01-11 22:39:28 - [MESSAGE][PASSED] - Text ****** has been set on object 'Object Repository/Page_BCS Moodle Log in to the site/input_Password_password'

2022-01-11 22:39:28 - [TEST_STEP][PASSED] - click(findTestObject("Object Repository/Page_BCS Moodle Log in to the site/button_Log in")): Object: 'Object Repository/Page_BCS Moodle Log in to the site/button_Log in' is clicked on

2022-01-11 22:39:29 - [MESSAGE][PASSED] - Object: 'Object Repository/Page_BCS Moodle Log in to the site/button_Log in' is clicked on

2022-01-11 22:39:29 - [MESSAGE][PASSED] - Call Test Case 'Test Cases/Admin/Admin_Login' successfully

2022-01-11 22:39:29 - [TEST_STEP][PASSED] - click(findTestObject("Object Repository/Page_Dashboard/a_Site administration")): Object: 'Object Repository/Page_Dashboard/a_Site administration' is clicked on

2022-01-11 22:39:32 - [MESSAGE][PASSED] - Object: 'Object Repository/Page_Dashboard/a_Site administration' is clicked on

2022-01-11 22:39:32 - [TEST_STEP][PASSED] - navigateToUrl("http://localhost:8080/moodle/admin/search.php"): Navigate to 'http://localhost:8080/moodle/admin/search.php' successfully

2022-01-11 22:39:33 - [MESSAGE][PASSED] - Navigate to 'http://localhost:8080/moodle/admin/search.php' successfully

2022-01-11 22:39:33 - [TEST_STEP][PASSED] - click(findTestObject("Object Repository/Page_Moodle Administration Search/a_Courses")): Object: 'Object Repository/Page_Moodle Administration Search/a_Courses' is clicked on

2022-01-11 22:39:33 - [MESSAGE][PASSED] - Object: 'Object Repository/Page_Moodle Administration Search/a_Courses' is clicked on

2022-01-11 22:39:33 - [TEST_STEP][PASSED] - click(findTestObject("Object Repository/Page_Moodle Administration Search/a_Add a new course")): Object: 'Object Repository/Page_Moodle Administration Search/a_Add a new course' is clicked on

2022-01-11 22:39:35 - [MESSAGE][PASSED] - Object: 'Object Repository/Page_Moodle Administration Search/a_Add a new course' is clicked on

2022-01-11 22:39:35 - [TEST_STEP][PASSED] - navigateToUrl("http://localhost:8080/moodle/course/edit.php?category=0"): Navigate to 'http://localhost:8080/moodle/course/edit.php?category=0' successfully

2022-01-11 22:39:36 - [MESSAGE][PASSED] - Navigate to 'http://localhost:8080/moodle/course/edit.php?category=0' successfully

2022-01-11 22:39:36 - [TEST_STEP][PASSED] - setText(findTestObject("Object Repository/Page_Moodle Add a new course/input_Course full name_fullname"), "Hệ thống thông tin"): Text 'Hệ thống thông tin' is set on object 'Object Repository/Page_Moodle Add a new course/input_Course full name_fullname'

2022-01-11 22:39:37 - [MESSAGE][PASSED] - Text 'Hệ thống thông tin' is set on object 'Object Repository/Page_Moodle Add a new course/input_Course full name_fullname'

2022-01-11 22:39:37 - [TEST_STEP][PASSED] - setText(findTestObject("Object Repository/Page_Moodle Add a new course/input_Course short name_shortname"), "HTTT"): Text 'HTTT' is set on object 'Object Repository/Page_Moodle Add a new course/input_Course short name_shortname'

2022-01-11 22:39:38 - [MESSAGE][PASSED] - Text 'HTTT' is set on object 'Object Repository/Page_Moodle Add a new course/input_Course short name_shortname'

2022-01-11 22:39:38 - [TEST_STEP][PASSED] - click(findTestObject("Object Repository/Page_Moodle Add a new course/input__saveanddisplay")): Object: 'Object Repository/Page_Moodle Add a new course/input__saveanddisplay' is clicked on

2022-01-11 22:39:40 - [MESSAGE][PASSED] - Object: 'Object Repository/Page_Moodle Add a new course/input__saveanddisplay' is clicked on

2022-01-11 22:39:40 - [TEST_STEP][PASSED] - click(findTestObject("Object Repository/Page_HTTT Participants/h1_H thng thng tin")): Object: 'Object Repository/Page_HTTT Participants/h1_H thng thng tin' is clicked on

2022-01-11 22:39:41 - [MESSAGE][PASSED] - Object: 'Object Repository/Page_HTTT Participants/h1_H thng thng tin' is clicked on

2022-01-11 22:39:41 - [TEST_STEP][PASSED] - delay(2): Delayed 2 second(s)

2022-01-11 22:39:43 - [MESSAGE][PASSED] - Delayed 2 second(s)

2022-01-11 22:39:43 - [TEST_STEP][PASSED] - closeBrowser(): Browser is closed

2022-01-11 22:39:43 - [MESSAGE][PASSED] - Browser is closed]]></system-out>
         <system-err><![CDATA[]]></system-err>
      </testcase>
      <testcase name="Test Cases/Student/Student_Enroll/Student_Enroll With Key_Failed" time="43.518" classname="Test Cases/Student/Student_Enroll/Student_Enroll With Key_Failed" status="FAILED">
         <failure type="FAILED" message="Test Cases/Student/Student_Enroll/Student_Enroll With Key_Failed FAILED.
Reason:
com.kms.katalon.core.exception.StepFailedException: Unable to set encrypted text for object 'Object Repository/Page_CSDL/input_Enrolment key_enrolpassword'
	at com.kms.katalon.core.webui.keyword.internal.WebUIKeywordMain.stepFailed(WebUIKeywordMain.groovy:64)
	at com.kms.katalon.core.webui.keyword.internal.WebUIKeywordMain.runKeyword(WebUIKeywordMain.groovy:26)
	at com.kms.katalon.core.webui.keyword.builtin.SetEncryptedTextKeyword.setEncryptedText(SetEncryptedTextKeyword.groovy:65)
	at com.kms.katalon.core.webui.keyword.builtin.SetEncryptedTextKeyword.execute(SetEncryptedTextKeyword.groovy:34)
	at com.kms.katalon.core.keyword.internal.KeywordExecutor.executeKeywordForPlatform(KeywordExecutor.groovy:74)
	at com.kms.katalon.core.webui.keyword.WebUiBuiltInKeywords.setEncryptedText(WebUiBuiltInKeywords.groovy:1011)
	at com.kms.katalon.core.webui.keyword.WebUiBuiltInKeywords$setEncryptedText$2.call(Unknown Source)
	at Student_Enroll With Key_Failed.run(Student_Enroll With Key_Failed:36)
	at com.kms.katalon.core.main.ScriptEngine.run(ScriptEngine.java:194)
	at com.kms.katalon.core.main.ScriptEngine.runScriptAsRawText(ScriptEngine.java:119)
	at com.kms.katalon.core.main.TestCaseExecutor.runScript(TestCaseExecutor.java:442)
	at com.kms.katalon.core.main.TestCaseExecutor.doExecute(TestCaseExecutor.java:433)
	at com.kms.katalon.core.main.TestCaseExecutor.processExecutionPhase(TestCaseExecutor.java:412)
	at com.kms.katalon.core.main.TestCaseExecutor.accessMainPhase(TestCaseExecutor.java:404)
	at com.kms.katalon.core.main.TestCaseExecutor.execute(TestCaseExecutor.java:281)
	at com.kms.katalon.core.main.TestSuiteExecutor.accessTestCaseMainPhase(TestSuiteExecutor.java:202)
	at com.kms.katalon.core.main.TestSuiteExecutor.accessTestSuiteMainPhase(TestSuiteExecutor.java:164)
	at com.kms.katalon.core.main.TestSuiteExecutor.execute(TestSuiteExecutor.java:105)
	at com.kms.katalon.core.main.TestCaseMain.startTestSuite(TestCaseMain.java:181)
	at com.kms.katalon.core.main.TestCaseMain$startTestSuite$0.call(Unknown Source)
	at TempTestSuite1641914798393.run(TempTestSuite1641914798393.groovy:36)
Caused by: com.kms.katalon.core.webui.exception.WebElementNotFoundException: Web element with id: 'Object Repository/Page_CSDL/input_Enrolment key_enrolpassword' located by '//input[@id='enrolpassword_6']' not found
	at com.kms.katalon.core.webui.common.WebUiCommonHelper.findWebElement(WebUiCommonHelper.java:1368)
	at com.kms.katalon.core.webui.keyword.internal.WebUIAbstractKeyword.findWebElement(WebUIAbstractKeyword.groovy:27)
	at com.kms.katalon.core.webui.keyword.internal.WebUIAbstractKeyword.findWebElement(WebUIAbstractKeyword.groovy:26)
	at com.kms.katalon.core.webui.keyword.builtin.SetEncryptedTextKeyword$_setEncryptedText_closure1.doCall(SetEncryptedTextKeyword.groovy:51)
	at com.kms.katalon.core.webui.keyword.builtin.SetEncryptedTextKeyword$_setEncryptedText_closure1.call(SetEncryptedTextKeyword.groovy)
	at com.kms.katalon.core.webui.keyword.internal.WebUIKeywordMain.runKeyword(WebUIKeywordMain.groovy:20)
	... 19 more
"/>
         <system-out><![CDATA[2022-01-11 22:39:43 - [TEST_CASE][FAILED] - Test Cases/Student/Student_Enroll/Student_Enroll With Key_Failed: Test Cases/Student/Student_Enroll/Student_Enroll With Key_Failed FAILED.
Reason:
com.kms.katalon.core.exception.StepFailedException: Unable to set encrypted text for object 'Object Repository/Page_CSDL/input_Enrolment key_enrolpassword'
	at com.kms.katalon.core.webui.keyword.internal.WebUIKeywordMain.stepFailed(WebUIKeywordMain.groovy:64)
	at com.kms.katalon.core.webui.keyword.internal.WebUIKeywordMain.runKeyword(WebUIKeywordMain.groovy:26)
	at com.kms.katalon.core.webui.keyword.builtin.SetEncryptedTextKeyword.setEncryptedText(SetEncryptedTextKeyword.groovy:65)
	at com.kms.katalon.core.webui.keyword.builtin.SetEncryptedTextKeyword.execute(SetEncryptedTextKeyword.groovy:34)
	at com.kms.katalon.core.keyword.internal.KeywordExecutor.executeKeywordForPlatform(KeywordExecutor.groovy:74)
	at com.kms.katalon.core.webui.keyword.WebUiBuiltInKeywords.setEncryptedText(WebUiBuiltInKeywords.groovy:1011)
	at com.kms.katalon.core.webui.keyword.WebUiBuiltInKeywords$setEncryptedText$2.call(Unknown Source)
	at Student_Enroll With Key_Failed.run(Student_Enroll With Key_Failed:36)
	at com.kms.katalon.core.main.ScriptEngine.run(ScriptEngine.java:194)
	at com.kms.katalon.core.main.ScriptEngine.runScriptAsRawText(ScriptEngine.java:119)
	at com.kms.katalon.core.main.TestCaseExecutor.runScript(TestCaseExecutor.java:442)
	at com.kms.katalon.core.main.TestCaseExecutor.doExecute(TestCaseExecutor.java:433)
	at com.kms.katalon.core.main.TestCaseExecutor.processExecutionPhase(TestCaseExecutor.java:412)
	at com.kms.katalon.core.main.TestCaseExecutor.accessMainPhase(TestCaseExecutor.java:404)
	at com.kms.katalon.core.main.TestCaseExecutor.execute(TestCaseExecutor.java:281)
	at com.kms.katalon.core.main.TestSuiteExecutor.accessTestCaseMainPhase(TestSuiteExecutor.java:202)
	at com.kms.katalon.core.main.TestSuiteExecutor.accessTestSuiteMainPhase(TestSuiteExecutor.java:164)
	at com.kms.katalon.core.main.TestSuiteExecutor.execute(TestSuiteExecutor.java:105)
	at com.kms.katalon.core.main.TestCaseMain.startTestSuite(TestCaseMain.java:181)
	at com.kms.katalon.core.main.TestCaseMain$startTestSuite$0.call(Unknown Source)
	at TempTestSuite1641914798393.run(TempTestSuite1641914798393.groovy:36)
Caused by: com.kms.katalon.core.webui.exception.WebElementNotFoundException: Web element with id: 'Object Repository/Page_CSDL/input_Enrolment key_enrolpassword' located by '//input[@id='enrolpassword_6']' not found
	at com.kms.katalon.core.webui.common.WebUiCommonHelper.findWebElement(WebUiCommonHelper.java:1368)
	at com.kms.katalon.core.webui.keyword.internal.WebUIAbstractKeyword.findWebElement(WebUIAbstractKeyword.groovy:27)
	at com.kms.katalon.core.webui.keyword.internal.WebUIAbstractKeyword.findWebElement(WebUIAbstractKeyword.groovy:26)
	at com.kms.katalon.core.webui.keyword.builtin.SetEncryptedTextKeyword$_setEncryptedText_closure1.doCall(SetEncryptedTextKeyword.groovy:51)
	at com.kms.katalon.core.webui.keyword.builtin.SetEncryptedTextKeyword$_setEncryptedText_closure1.call(SetEncryptedTextKeyword.groovy)
	at com.kms.katalon.core.webui.keyword.internal.WebUIKeywordMain.runKeyword(WebUIKeywordMain.groovy:20)
	... 19 more


2022-01-11 22:39:44 - [TEST_STEP][PASSED] - openBrowser(""): Browser is opened with url: ''

2022-01-11 22:39:44 - [MESSAGE][INFO] - Starting 'Chrome' driver

2022-01-11 22:39:44 - [MESSAGE][INFO] - User set preference: ['args', '[window-size=1300,900]']

2022-01-11 22:39:44 - [MESSAGE][INFO] - Action delay is set to 0 milliseconds

2022-01-11 22:39:45 - [MESSAGE][PASSED] - Browser is opened with url: ''

2022-01-11 22:39:45 - [TEST_STEP][PASSED] - navigateToUrl("http://localhost:8080/moodle/"): Navigate to 'http://localhost:8080/moodle/' successfully

2022-01-11 22:39:45 - [MESSAGE][PASSED] - Navigate to 'http://localhost:8080/moodle/' successfully

2022-01-11 22:39:45 - [TEST_STEP][PASSED] - click(findTestObject("Object Repository/Page_BCS Moodle/a_Log in")): Object: 'Object Repository/Page_BCS Moodle/a_Log in' is clicked on

2022-01-11 22:39:46 - [MESSAGE][PASSED] - Object: 'Object Repository/Page_BCS Moodle/a_Log in' is clicked on

2022-01-11 22:39:46 - [TEST_STEP][PASSED] - setText(findTestObject("Object Repository/Page_BCS Moodle Log in to the site/input_Username_username"), "thaiduy"): Text 'thaiduy' is set on object 'Object Repository/Page_BCS Moodle Log in to the site/input_Username_username'

2022-01-11 22:39:47 - [MESSAGE][PASSED] - Text 'thaiduy' is set on object 'Object Repository/Page_BCS Moodle Log in to the site/input_Username_username'

2022-01-11 22:39:47 - [TEST_STEP][PASSED] - setEncryptedText(findTestObject("Object Repository/Page_BCS Moodle Log in to the site/input_Password_password"), "p4y+y39Ir5PR9RXlOHjWlj+CAJiYdX4g"): Text ****** has been set on object 'Object Repository/Page_BCS Moodle Log in to the site/input_Password_password'

2022-01-11 22:39:48 - [MESSAGE][PASSED] - Text ****** has been set on object 'Object Repository/Page_BCS Moodle Log in to the site/input_Password_password'

2022-01-11 22:39:48 - [TEST_STEP][PASSED] - click(findTestObject("Object Repository/Page_BCS Moodle Log in to the site/button_Log in")): Object: 'Object Repository/Page_BCS Moodle Log in to the site/button_Log in' is clicked on

2022-01-11 22:39:49 - [MESSAGE][PASSED] - Object: 'Object Repository/Page_BCS Moodle Log in to the site/button_Log in' is clicked on

2022-01-11 22:39:49 - [TEST_STEP][PASSED] - click(findTestObject("Object Repository/Page_Dashboard/a_Site home")): Object: 'Object Repository/Page_Dashboard/a_Site home' is clicked on

2022-01-11 22:39:52 - [MESSAGE][PASSED] - Object: 'Object Repository/Page_Dashboard/a_Site home' is clicked on

2022-01-11 22:39:52 - [TEST_STEP][PASSED] - click(findTestObject("Object Repository/Page_BCS Moodle/a_C s d liu 19CTT3")): Object: 'Object Repository/Page_BCS Moodle/a_C s d liu 19CTT3' is clicked on

2022-01-11 22:39:53 - [MESSAGE][PASSED] - Object: 'Object Repository/Page_BCS Moodle/a_C s d liu 19CTT3' is clicked on

2022-01-11 22:39:53 - [TEST_STEP][FAILED] - setEncryptedText(findTestObject("Object Repository/Page_CSDL/input_Enrolment key_enrolpassword"), "BV0dRoAgsGg="): Unable to set encrypted text for object 'Object Repository/Page_CSDL/input_Enrolment key_enrolpassword' (Root cause: com.kms.katalon.core.exception.StepFailedException: Unable to set encrypted text for object 'Object Repository/Page_CSDL/input_Enrolment key_enrolpassword'
	at com.kms.katalon.core.webui.keyword.internal.WebUIKeywordMain.stepFailed(WebUIKeywordMain.groovy:64)
	at com.kms.katalon.core.webui.keyword.internal.WebUIKeywordMain.runKeyword(WebUIKeywordMain.groovy:26)
	at com.kms.katalon.core.webui.keyword.builtin.SetEncryptedTextKeyword.setEncryptedText(SetEncryptedTextKeyword.groovy:65)
	at com.kms.katalon.core.webui.keyword.builtin.SetEncryptedTextKeyword.execute(SetEncryptedTextKeyword.groovy:34)
	at com.kms.katalon.core.keyword.internal.KeywordExecutor.executeKeywordForPlatform(KeywordExecutor.groovy:74)
	at com.kms.katalon.core.webui.keyword.WebUiBuiltInKeywords.setEncryptedText(WebUiBuiltInKeywords.groovy:1011)
	at com.kms.katalon.core.webui.keyword.WebUiBuiltInKeywords$setEncryptedText$2.call(Unknown Source)
	at Student_Enroll With Key_Failed.run(Student_Enroll With Key_Failed:36)
	at com.kms.katalon.core.main.ScriptEngine.run(ScriptEngine.java:194)
	at com.kms.katalon.core.main.ScriptEngine.runScriptAsRawText(ScriptEngine.java:119)
	at com.kms.katalon.core.main.TestCaseExecutor.runScript(TestCaseExecutor.java:442)
	at com.kms.katalon.core.main.TestCaseExecutor.doExecute(TestCaseExecutor.java:433)
	at com.kms.katalon.core.main.TestCaseExecutor.processExecutionPhase(TestCaseExecutor.java:412)
	at com.kms.katalon.core.main.TestCaseExecutor.accessMainPhase(TestCaseExecutor.java:404)
	at com.kms.katalon.core.main.TestCaseExecutor.execute(TestCaseExecutor.java:281)
	at com.kms.katalon.core.main.TestSuiteExecutor.accessTestCaseMainPhase(TestSuiteExecutor.java:202)
	at com.kms.katalon.core.main.TestSuiteExecutor.accessTestSuiteMainPhase(TestSuiteExecutor.java:164)
	at com.kms.katalon.core.main.TestSuiteExecutor.execute(TestSuiteExecutor.java:105)
	at com.kms.katalon.core.main.TestCaseMain.startTestSuite(TestCaseMain.java:181)
	at com.kms.katalon.core.main.TestCaseMain$startTestSuite$0.call(Unknown Source)
	at TempTestSuite1641914798393.run(TempTestSuite1641914798393.groovy:36)
Caused by: com.kms.katalon.core.webui.exception.WebElementNotFoundException: Web element with id: 'Object Repository/Page_CSDL/input_Enrolment key_enrolpassword' located by '//input[@id='enrolpassword_6']' not found
	at com.kms.katalon.core.webui.common.WebUiCommonHelper.findWebElement(WebUiCommonHelper.java:1368)
	at com.kms.katalon.core.webui.keyword.internal.WebUIAbstractKeyword.findWebElement(WebUIAbstractKeyword.groovy:27)
	at com.kms.katalon.core.webui.keyword.internal.WebUIAbstractKeyword.findWebElement(WebUIAbstractKeyword.groovy:26)
	at com.kms.katalon.core.webui.keyword.builtin.SetEncryptedTextKeyword$_setEncryptedText_closure1.doCall(SetEncryptedTextKeyword.groovy:51)
	at com.kms.katalon.core.webui.keyword.builtin.SetEncryptedTextKeyword$_setEncryptedText_closure1.call(SetEncryptedTextKeyword.groovy)
	at com.kms.katalon.core.webui.keyword.internal.WebUIKeywordMain.runKeyword(WebUIKeywordMain.groovy:20)
	at com.kms.katalon.core.webui.keyword.builtin.SetEncryptedTextKeyword.setEncryptedText(SetEncryptedTextKeyword.groovy:65)
	at com.kms.katalon.core.webui.keyword.builtin.SetEncryptedTextKeyword.execute(SetEncryptedTextKeyword.groovy:34)
	at com.kms.katalon.core.keyword.internal.KeywordExecutor.executeKeywordForPlatform(KeywordExecutor.groovy:74)
	at com.kms.katalon.core.webui.keyword.WebUiBuiltInKeywords.setEncryptedText(WebUiBuiltInKeywords.groovy:1011)
	at com.kms.katalon.core.webui.keyword.WebUiBuiltInKeywords$setEncryptedText$2.call(Unknown Source)
	at Script1641268937562.run(Script1641268937562.groovy:36)
	... 13 more
)

2022-01-11 22:40:24 - [MESSAGE][INFO] - Unable to find the element located by 'By.xpath: //input[@id='enrolpassword_6']'. Please recheck the objects properties to make sure the desired element is located. 

2022-01-11 22:40:24 - [MESSAGE][WARNING] - [SELF-HEALING] Failed to find element with id 'Object Repository/Page_CSDL/input_Enrolment key_enrolpassword'. Try using Self-healing.

2022-01-11 22:40:24 - [MESSAGE][INFO] - [SELF-HEALING] Failed Locator: '//input[@id='enrolpassword_6']'.

2022-01-11 22:40:24 - [MESSAGE][INFO] - [SELF-HEALING] Failed Locator: '//div[@id='yui_3_17_2_1_1641651302952_68']/input'.

2022-01-11 22:40:25 - [MESSAGE][INFO] - [SELF-HEALING] Working Locator: '//div[2]/input'.

2022-01-11 22:40:25 - [MESSAGE][ERROR] - [SELF-HEALING] Cannot save screenshot to: D:\Nam_3\SE\Quiz\Bonus\TestAutomation_NMCNPM\Reports\Self-healing, reason: unknown error: unhandled inspector error: {"code":-32000,"message":"Cannot take screenshot with 0 width."}
  (Session info: chrome=96.0.4664.110)
Build info: version: '3.141.59', revision: 'e82be7d358', time: '2018-11-14T08:25:53'
System info: host: 'MSI', ip: '192.168.213.1', os.name: 'Windows 10', os.arch: 'amd64', os.version: '10.0', java.version: '1.8.0_282'
Driver info: com.kms.katalon.selenium.driver.CChromeDriver
Capabilities {acceptInsecureCerts: false, browserName: chrome, browserVersion: 96.0.4664.110, chrome: {chromedriverVersion: 95.0.4638.17 (a9d0719444d4b..., userDataDir: C:\Users\MDH\AppData\Local\...}, goog:chromeOptions: {debuggerAddress: localhost:51360}, javascriptEnabled: true, networkConnectionEnabled: false, pageLoadStrategy: normal, platform: WINDOWS, platformName: WINDOWS, proxy: Proxy(), setWindowRect: true, strictFileInteractability: false, timeouts: {implicit: 0, pageLoad: 300000, script: 30000}, unhandledPromptBehavior: dismiss and notify, webauthn:extension:credBlob: true, webauthn:extension:largeBlob: true, webauthn:virtualAuthenticators: true}
Session ID: edc4a2223dc14e968a21ddbfb642661d.

2022-01-11 22:40:25 - [MESSAGE][ERROR] - [SELF-HEALING] Cannot save screenshot to: D:\Nam_3\SE\Quiz\Bonus\TestAutomation_NMCNPM\Reports\Self-healing, reason: unknown error: unhandled inspector error: {"code":-32000,"message":"Cannot take screenshot with 0 width."}
  (Session info: chrome=96.0.4664.110)
Build info: version: '3.141.59', revision: 'e82be7d358', time: '2018-11-14T08:25:53'
System info: host: 'MSI', ip: '192.168.213.1', os.name: 'Windows 10', os.arch: 'amd64', os.version: '10.0', java.version: '1.8.0_282'
Driver info: com.kms.katalon.selenium.driver.CChromeDriver
Capabilities {acceptInsecureCerts: false, browserName: chrome, browserVersion: 96.0.4664.110, chrome: {chromedriverVersion: 95.0.4638.17 (a9d0719444d4b..., userDataDir: C:\Users\MDH\AppData\Local\...}, goog:chromeOptions: {debuggerAddress: localhost:51360}, javascriptEnabled: true, networkConnectionEnabled: false, pageLoadStrategy: normal, platform: WINDOWS, platformName: WINDOWS, proxy: Proxy(), setWindowRect: true, strictFileInteractability: false, timeouts: {implicit: 0, pageLoad: 300000, script: 30000}, unhandledPromptBehavior: dismiss and notify, webauthn:extension:credBlob: true, webauthn:extension:largeBlob: true, webauthn:virtualAuthenticators: true}
Session ID: edc4a2223dc14e968a21ddbfb642661d.

2022-01-11 22:40:25 - [MESSAGE][WARNING] - [SELF-HEALING] 'other' is different type of Path

2022-01-11 22:40:26 - [MESSAGE][INFO] - Unable to find the element located by 'By.xpath: //*[@type = 'password' and @name = 'enrolpassword' and @id = 'enrolpassword_6']'. Please recheck the objects properties to make sure the desired element is located. 

2022-01-11 22:40:27 - [MESSAGE][INFO] - Unable to find the element located by 'By.cssSelector: #enrolpassword_6'. Please recheck the objects properties to make sure the desired element is located. 

2022-01-11 22:40:27 - [MESSAGE][FAILED] - Unable to set encrypted text for object 'Object Repository/Page_CSDL/input_Enrolment key_enrolpassword' (Root cause: com.kms.katalon.core.exception.StepFailedException: Unable to set encrypted text for object 'Object Repository/Page_CSDL/input_Enrolment key_enrolpassword'
	at com.kms.katalon.core.webui.keyword.internal.WebUIKeywordMain.stepFailed(WebUIKeywordMain.groovy:64)
	at com.kms.katalon.core.webui.keyword.internal.WebUIKeywordMain.runKeyword(WebUIKeywordMain.groovy:26)
	at com.kms.katalon.core.webui.keyword.builtin.SetEncryptedTextKeyword.setEncryptedText(SetEncryptedTextKeyword.groovy:65)
	at com.kms.katalon.core.webui.keyword.builtin.SetEncryptedTextKeyword.execute(SetEncryptedTextKeyword.groovy:34)
	at com.kms.katalon.core.keyword.internal.KeywordExecutor.executeKeywordForPlatform(KeywordExecutor.groovy:74)
	at com.kms.katalon.core.webui.keyword.WebUiBuiltInKeywords.setEncryptedText(WebUiBuiltInKeywords.groovy:1011)
	at com.kms.katalon.core.webui.keyword.WebUiBuiltInKeywords$setEncryptedText$2.call(Unknown Source)
	at Student_Enroll With Key_Failed.run(Student_Enroll With Key_Failed:36)
	at com.kms.katalon.core.main.ScriptEngine.run(ScriptEngine.java:194)
	at com.kms.katalon.core.main.ScriptEngine.runScriptAsRawText(ScriptEngine.java:119)
	at com.kms.katalon.core.main.TestCaseExecutor.runScript(TestCaseExecutor.java:442)
	at com.kms.katalon.core.main.TestCaseExecutor.doExecute(TestCaseExecutor.java:433)
	at com.kms.katalon.core.main.TestCaseExecutor.processExecutionPhase(TestCaseExecutor.java:412)
	at com.kms.katalon.core.main.TestCaseExecutor.accessMainPhase(TestCaseExecutor.java:404)
	at com.kms.katalon.core.main.TestCaseExecutor.execute(TestCaseExecutor.java:281)
	at com.kms.katalon.core.main.TestSuiteExecutor.accessTestCaseMainPhase(TestSuiteExecutor.java:202)
	at com.kms.katalon.core.main.TestSuiteExecutor.accessTestSuiteMainPhase(TestSuiteExecutor.java:164)
	at com.kms.katalon.core.main.TestSuiteExecutor.execute(TestSuiteExecutor.java:105)
	at com.kms.katalon.core.main.TestCaseMain.startTestSuite(TestCaseMain.java:181)
	at com.kms.katalon.core.main.TestCaseMain$startTestSuite$0.call(Unknown Source)
	at TempTestSuite1641914798393.run(TempTestSuite1641914798393.groovy:36)
Caused by: com.kms.katalon.core.webui.exception.WebElementNotFoundException: Web element with id: 'Object Repository/Page_CSDL/input_Enrolment key_enrolpassword' located by '//input[@id='enrolpassword_6']' not found
	at com.kms.katalon.core.webui.common.WebUiCommonHelper.findWebElement(WebUiCommonHelper.java:1368)
	at com.kms.katalon.core.webui.keyword.internal.WebUIAbstractKeyword.findWebElement(WebUIAbstractKeyword.groovy:27)
	at com.kms.katalon.core.webui.keyword.internal.WebUIAbstractKeyword.findWebElement(WebUIAbstractKeyword.groovy:26)
	at com.kms.katalon.core.webui.keyword.builtin.SetEncryptedTextKeyword$_setEncryptedText_closure1.doCall(SetEncryptedTextKeyword.groovy:51)
	at com.kms.katalon.core.webui.keyword.builtin.SetEncryptedTextKeyword$_setEncryptedText_closure1.call(SetEncryptedTextKeyword.groovy)
	at com.kms.katalon.core.webui.keyword.internal.WebUIKeywordMain.runKeyword(WebUIKeywordMain.groovy:20)
	at com.kms.katalon.core.webui.keyword.builtin.SetEncryptedTextKeyword.setEncryptedText(SetEncryptedTextKeyword.groovy:65)
	at com.kms.katalon.core.webui.keyword.builtin.SetEncryptedTextKeyword.execute(SetEncryptedTextKeyword.groovy:34)
	at com.kms.katalon.core.keyword.internal.KeywordExecutor.executeKeywordForPlatform(KeywordExecutor.groovy:74)
	at com.kms.katalon.core.webui.keyword.WebUiBuiltInKeywords.setEncryptedText(WebUiBuiltInKeywords.groovy:1011)
	at com.kms.katalon.core.webui.keyword.WebUiBuiltInKeywords$setEncryptedText$2.call(Unknown Source)
	at Script1641268937562.run(Script1641268937562.groovy:36)
	... 13 more
)
[[ATTACHMENT|D:\\Nam_3\\SE\\Quiz\\Bonus\\TestAutomation_NMCNPM\\Reports\\20220111_222638\\Run All Test Cases\\20220111_222638\\1641915627359.png]]]]></system-out>
         <system-err><![CDATA[2022-01-11 22:39:43 - [TEST_CASE][FAILED] - Test Cases/Student/Student_Enroll/Student_Enroll With Key_Failed: Test Cases/Student/Student_Enroll/Student_Enroll With Key_Failed FAILED.
Reason:
com.kms.katalon.core.exception.StepFailedException: Unable to set encrypted text for object 'Object Repository/Page_CSDL/input_Enrolment key_enrolpassword'
	at com.kms.katalon.core.webui.keyword.internal.WebUIKeywordMain.stepFailed(WebUIKeywordMain.groovy:64)
	at com.kms.katalon.core.webui.keyword.internal.WebUIKeywordMain.runKeyword(WebUIKeywordMain.groovy:26)
	at com.kms.katalon.core.webui.keyword.builtin.SetEncryptedTextKeyword.setEncryptedText(SetEncryptedTextKeyword.groovy:65)
	at com.kms.katalon.core.webui.keyword.builtin.SetEncryptedTextKeyword.execute(SetEncryptedTextKeyword.groovy:34)
	at com.kms.katalon.core.keyword.internal.KeywordExecutor.executeKeywordForPlatform(KeywordExecutor.groovy:74)
	at com.kms.katalon.core.webui.keyword.WebUiBuiltInKeywords.setEncryptedText(WebUiBuiltInKeywords.groovy:1011)
	at com.kms.katalon.core.webui.keyword.WebUiBuiltInKeywords$setEncryptedText$2.call(Unknown Source)
	at Student_Enroll With Key_Failed.run(Student_Enroll With Key_Failed:36)
	at com.kms.katalon.core.main.ScriptEngine.run(ScriptEngine.java:194)
	at com.kms.katalon.core.main.ScriptEngine.runScriptAsRawText(ScriptEngine.java:119)
	at com.kms.katalon.core.main.TestCaseExecutor.runScript(TestCaseExecutor.java:442)
	at com.kms.katalon.core.main.TestCaseExecutor.doExecute(TestCaseExecutor.java:433)
	at com.kms.katalon.core.main.TestCaseExecutor.processExecutionPhase(TestCaseExecutor.java:412)
	at com.kms.katalon.core.main.TestCaseExecutor.accessMainPhase(TestCaseExecutor.java:404)
	at com.kms.katalon.core.main.TestCaseExecutor.execute(TestCaseExecutor.java:281)
	at com.kms.katalon.core.main.TestSuiteExecutor.accessTestCaseMainPhase(TestSuiteExecutor.java:202)
	at com.kms.katalon.core.main.TestSuiteExecutor.accessTestSuiteMainPhase(TestSuiteExecutor.java:164)
	at com.kms.katalon.core.main.TestSuiteExecutor.execute(TestSuiteExecutor.java:105)
	at com.kms.katalon.core.main.TestCaseMain.startTestSuite(TestCaseMain.java:181)
	at com.kms.katalon.core.main.TestCaseMain$startTestSuite$0.call(Unknown Source)
	at TempTestSuite1641914798393.run(TempTestSuite1641914798393.groovy:36)
Caused by: com.kms.katalon.core.webui.exception.WebElementNotFoundException: Web element with id: 'Object Repository/Page_CSDL/input_Enrolment key_enrolpassword' located by '//input[@id='enrolpassword_6']' not found
	at com.kms.katalon.core.webui.common.WebUiCommonHelper.findWebElement(WebUiCommonHelper.java:1368)
	at com.kms.katalon.core.webui.keyword.internal.WebUIAbstractKeyword.findWebElement(WebUIAbstractKeyword.groovy:27)
	at com.kms.katalon.core.webui.keyword.internal.WebUIAbstractKeyword.findWebElement(WebUIAbstractKeyword.groovy:26)
	at com.kms.katalon.core.webui.keyword.builtin.SetEncryptedTextKeyword$_setEncryptedText_closure1.doCall(SetEncryptedTextKeyword.groovy:51)
	at com.kms.katalon.core.webui.keyword.builtin.SetEncryptedTextKeyword$_setEncryptedText_closure1.call(SetEncryptedTextKeyword.groovy)
	at com.kms.katalon.core.webui.keyword.internal.WebUIKeywordMain.runKeyword(WebUIKeywordMain.groovy:20)
	... 19 more]]></system-err>
      </testcase>
      <testcase name="Test Cases/Student/Student_Enroll/Student_Enroll With Key_Success" time="44.129" classname="Test Cases/Student/Student_Enroll/Student_Enroll With Key_Success" status="FAILED">
         <failure type="FAILED" message="Test Cases/Student/Student_Enroll/Student_Enroll With Key_Success FAILED.
Reason:
com.kms.katalon.core.exception.StepFailedException: Unable to set encrypted text for object 'Object Repository/Page_CSDL/input_Enrolment key_enrolpassword'
	at com.kms.katalon.core.webui.keyword.internal.WebUIKeywordMain.stepFailed(WebUIKeywordMain.groovy:64)
	at com.kms.katalon.core.webui.keyword.internal.WebUIKeywordMain.runKeyword(WebUIKeywordMain.groovy:26)
	at com.kms.katalon.core.webui.keyword.builtin.SetEncryptedTextKeyword.setEncryptedText(SetEncryptedTextKeyword.groovy:65)
	at com.kms.katalon.core.webui.keyword.builtin.SetEncryptedTextKeyword.execute(SetEncryptedTextKeyword.groovy:34)
	at com.kms.katalon.core.keyword.internal.KeywordExecutor.executeKeywordForPlatform(KeywordExecutor.groovy:74)
	at com.kms.katalon.core.webui.keyword.WebUiBuiltInKeywords.setEncryptedText(WebUiBuiltInKeywords.groovy:1011)
	at com.kms.katalon.core.webui.keyword.WebUiBuiltInKeywords$setEncryptedText$2.call(Unknown Source)
	at Student_Enroll With Key_Success.run(Student_Enroll With Key_Success:36)
	at com.kms.katalon.core.main.ScriptEngine.run(ScriptEngine.java:194)
	at com.kms.katalon.core.main.ScriptEngine.runScriptAsRawText(ScriptEngine.java:119)
	at com.kms.katalon.core.main.TestCaseExecutor.runScript(TestCaseExecutor.java:442)
	at com.kms.katalon.core.main.TestCaseExecutor.doExecute(TestCaseExecutor.java:433)
	at com.kms.katalon.core.main.TestCaseExecutor.processExecutionPhase(TestCaseExecutor.java:412)
	at com.kms.katalon.core.main.TestCaseExecutor.accessMainPhase(TestCaseExecutor.java:404)
	at com.kms.katalon.core.main.TestCaseExecutor.execute(TestCaseExecutor.java:281)
	at com.kms.katalon.core.main.TestSuiteExecutor.accessTestCaseMainPhase(TestSuiteExecutor.java:202)
	at com.kms.katalon.core.main.TestSuiteExecutor.accessTestSuiteMainPhase(TestSuiteExecutor.java:164)
	at com.kms.katalon.core.main.TestSuiteExecutor.execute(TestSuiteExecutor.java:105)
	at com.kms.katalon.core.main.TestCaseMain.startTestSuite(TestCaseMain.java:181)
	at com.kms.katalon.core.main.TestCaseMain$startTestSuite$0.call(Unknown Source)
	at TempTestSuite1641914798393.run(TempTestSuite1641914798393.groovy:36)
Caused by: com.kms.katalon.core.webui.exception.WebElementNotFoundException: Web element with id: 'Object Repository/Page_CSDL/input_Enrolment key_enrolpassword' located by '//input[@id='enrolpassword_6']' not found
	at com.kms.katalon.core.webui.common.WebUiCommonHelper.findWebElement(WebUiCommonHelper.java:1368)
	at com.kms.katalon.core.webui.keyword.internal.WebUIAbstractKeyword.findWebElement(WebUIAbstractKeyword.groovy:27)
	at com.kms.katalon.core.webui.keyword.internal.WebUIAbstractKeyword.findWebElement(WebUIAbstractKeyword.groovy:26)
	at com.kms.katalon.core.webui.keyword.builtin.SetEncryptedTextKeyword$_setEncryptedText_closure1.doCall(SetEncryptedTextKeyword.groovy:51)
	at com.kms.katalon.core.webui.keyword.builtin.SetEncryptedTextKeyword$_setEncryptedText_closure1.call(SetEncryptedTextKeyword.groovy)
	at com.kms.katalon.core.webui.keyword.internal.WebUIKeywordMain.runKeyword(WebUIKeywordMain.groovy:20)
	... 19 more
"/>
         <system-out><![CDATA[2022-01-11 22:40:27 - [TEST_CASE][FAILED] - Test Cases/Student/Student_Enroll/Student_Enroll With Key_Success: Test Cases/Student/Student_Enroll/Student_Enroll With Key_Success FAILED.
Reason:
com.kms.katalon.core.exception.StepFailedException: Unable to set encrypted text for object 'Object Repository/Page_CSDL/input_Enrolment key_enrolpassword'
	at com.kms.katalon.core.webui.keyword.internal.WebUIKeywordMain.stepFailed(WebUIKeywordMain.groovy:64)
	at com.kms.katalon.core.webui.keyword.internal.WebUIKeywordMain.runKeyword(WebUIKeywordMain.groovy:26)
	at com.kms.katalon.core.webui.keyword.builtin.SetEncryptedTextKeyword.setEncryptedText(SetEncryptedTextKeyword.groovy:65)
	at com.kms.katalon.core.webui.keyword.builtin.SetEncryptedTextKeyword.execute(SetEncryptedTextKeyword.groovy:34)
	at com.kms.katalon.core.keyword.internal.KeywordExecutor.executeKeywordForPlatform(KeywordExecutor.groovy:74)
	at com.kms.katalon.core.webui.keyword.WebUiBuiltInKeywords.setEncryptedText(WebUiBuiltInKeywords.groovy:1011)
	at com.kms.katalon.core.webui.keyword.WebUiBuiltInKeywords$setEncryptedText$2.call(Unknown Source)
	at Student_Enroll With Key_Success.run(Student_Enroll With Key_Success:36)
	at com.kms.katalon.core.main.ScriptEngine.run(ScriptEngine.java:194)
	at com.kms.katalon.core.main.ScriptEngine.runScriptAsRawText(ScriptEngine.java:119)
	at com.kms.katalon.core.main.TestCaseExecutor.runScript(TestCaseExecutor.java:442)
	at com.kms.katalon.core.main.TestCaseExecutor.doExecute(TestCaseExecutor.java:433)
	at com.kms.katalon.core.main.TestCaseExecutor.processExecutionPhase(TestCaseExecutor.java:412)
	at com.kms.katalon.core.main.TestCaseExecutor.accessMainPhase(TestCaseExecutor.java:404)
	at com.kms.katalon.core.main.TestCaseExecutor.execute(TestCaseExecutor.java:281)
	at com.kms.katalon.core.main.TestSuiteExecutor.accessTestCaseMainPhase(TestSuiteExecutor.java:202)
	at com.kms.katalon.core.main.TestSuiteExecutor.accessTestSuiteMainPhase(TestSuiteExecutor.java:164)
	at com.kms.katalon.core.main.TestSuiteExecutor.execute(TestSuiteExecutor.java:105)
	at com.kms.katalon.core.main.TestCaseMain.startTestSuite(TestCaseMain.java:181)
	at com.kms.katalon.core.main.TestCaseMain$startTestSuite$0.call(Unknown Source)
	at TempTestSuite1641914798393.run(TempTestSuite1641914798393.groovy:36)
Caused by: com.kms.katalon.core.webui.exception.WebElementNotFoundException: Web element with id: 'Object Repository/Page_CSDL/input_Enrolment key_enrolpassword' located by '//input[@id='enrolpassword_6']' not found
	at com.kms.katalon.core.webui.common.WebUiCommonHelper.findWebElement(WebUiCommonHelper.java:1368)
	at com.kms.katalon.core.webui.keyword.internal.WebUIAbstractKeyword.findWebElement(WebUIAbstractKeyword.groovy:27)
	at com.kms.katalon.core.webui.keyword.internal.WebUIAbstractKeyword.findWebElement(WebUIAbstractKeyword.groovy:26)
	at com.kms.katalon.core.webui.keyword.builtin.SetEncryptedTextKeyword$_setEncryptedText_closure1.doCall(SetEncryptedTextKeyword.groovy:51)
	at com.kms.katalon.core.webui.keyword.builtin.SetEncryptedTextKeyword$_setEncryptedText_closure1.call(SetEncryptedTextKeyword.groovy)
	at com.kms.katalon.core.webui.keyword.internal.WebUIKeywordMain.runKeyword(WebUIKeywordMain.groovy:20)
	... 19 more


2022-01-11 22:40:27 - [TEST_STEP][PASSED] - openBrowser(""): Browser is opened with url: ''

2022-01-11 22:40:27 - [MESSAGE][WARNING] - A browser is already opened. Closing browser and opening a new one

2022-01-11 22:40:28 - [MESSAGE][INFO] - Starting 'Chrome' driver

2022-01-11 22:40:28 - [MESSAGE][INFO] - User set preference: ['args', '[window-size=1300,900]']

2022-01-11 22:40:28 - [MESSAGE][INFO] - Action delay is set to 0 milliseconds

2022-01-11 22:40:29 - [MESSAGE][PASSED] - Browser is opened with url: ''

2022-01-11 22:40:29 - [TEST_STEP][PASSED] - navigateToUrl("http://localhost:8080/moodle/"): Navigate to 'http://localhost:8080/moodle/' successfully

2022-01-11 22:40:30 - [MESSAGE][PASSED] - Navigate to 'http://localhost:8080/moodle/' successfully

2022-01-11 22:40:30 - [TEST_STEP][PASSED] - click(findTestObject("Object Repository/Page_BCS Moodle/a_Log in")): Object: 'Object Repository/Page_BCS Moodle/a_Log in' is clicked on

2022-01-11 22:40:31 - [MESSAGE][PASSED] - Object: 'Object Repository/Page_BCS Moodle/a_Log in' is clicked on

2022-01-11 22:40:31 - [TEST_STEP][PASSED] - setText(findTestObject("Object Repository/Page_BCS Moodle Log in to the site/input_Username_username"), "xuany"): Text 'xuany' is set on object 'Object Repository/Page_BCS Moodle Log in to the site/input_Username_username'

2022-01-11 22:40:31 - [MESSAGE][PASSED] - Text 'xuany' is set on object 'Object Repository/Page_BCS Moodle Log in to the site/input_Username_username'

2022-01-11 22:40:31 - [TEST_STEP][PASSED] - setEncryptedText(findTestObject("Object Repository/Page_BCS Moodle Log in to the site/input_Password_password"), "p4y+y39Ir5PR9RXlOHjWlj+CAJiYdX4g"): Text ****** has been set on object 'Object Repository/Page_BCS Moodle Log in to the site/input_Password_password'

2022-01-11 22:40:32 - [MESSAGE][PASSED] - Text ****** has been set on object 'Object Repository/Page_BCS Moodle Log in to the site/input_Password_password'

2022-01-11 22:40:32 - [TEST_STEP][PASSED] - click(findTestObject("Object Repository/Page_BCS Moodle Log in to the site/button_Log in")): Object: 'Object Repository/Page_BCS Moodle Log in to the site/button_Log in' is clicked on

2022-01-11 22:40:33 - [MESSAGE][PASSED] - Object: 'Object Repository/Page_BCS Moodle Log in to the site/button_Log in' is clicked on

2022-01-11 22:40:33 - [TEST_STEP][PASSED] - click(findTestObject("Object Repository/Page_Dashboard/a_Site home")): Object: 'Object Repository/Page_Dashboard/a_Site home' is clicked on

2022-01-11 22:40:36 - [MESSAGE][PASSED] - Object: 'Object Repository/Page_Dashboard/a_Site home' is clicked on

2022-01-11 22:40:36 - [TEST_STEP][PASSED] - click(findTestObject("Object Repository/Page_BCS Moodle/a_C s d liu 19CTT3")): Object: 'Object Repository/Page_BCS Moodle/a_C s d liu 19CTT3' is clicked on

2022-01-11 22:40:37 - [MESSAGE][PASSED] - Object: 'Object Repository/Page_BCS Moodle/a_C s d liu 19CTT3' is clicked on

2022-01-11 22:40:37 - [TEST_STEP][FAILED] - setEncryptedText(findTestObject("Object Repository/Page_CSDL/input_Enrolment key_enrolpassword"), "gUaxq7gw5s0="): Unable to set encrypted text for object 'Object Repository/Page_CSDL/input_Enrolment key_enrolpassword' (Root cause: com.kms.katalon.core.exception.StepFailedException: Unable to set encrypted text for object 'Object Repository/Page_CSDL/input_Enrolment key_enrolpassword'
	at com.kms.katalon.core.webui.keyword.internal.WebUIKeywordMain.stepFailed(WebUIKeywordMain.groovy:64)
	at com.kms.katalon.core.webui.keyword.internal.WebUIKeywordMain.runKeyword(WebUIKeywordMain.groovy:26)
	at com.kms.katalon.core.webui.keyword.builtin.SetEncryptedTextKeyword.setEncryptedText(SetEncryptedTextKeyword.groovy:65)
	at com.kms.katalon.core.webui.keyword.builtin.SetEncryptedTextKeyword.execute(SetEncryptedTextKeyword.groovy:34)
	at com.kms.katalon.core.keyword.internal.KeywordExecutor.executeKeywordForPlatform(KeywordExecutor.groovy:74)
	at com.kms.katalon.core.webui.keyword.WebUiBuiltInKeywords.setEncryptedText(WebUiBuiltInKeywords.groovy:1011)
	at com.kms.katalon.core.webui.keyword.WebUiBuiltInKeywords$setEncryptedText$2.call(Unknown Source)
	at Student_Enroll With Key_Success.run(Student_Enroll With Key_Success:36)
	at com.kms.katalon.core.main.ScriptEngine.run(ScriptEngine.java:194)
	at com.kms.katalon.core.main.ScriptEngine.runScriptAsRawText(ScriptEngine.java:119)
	at com.kms.katalon.core.main.TestCaseExecutor.runScript(TestCaseExecutor.java:442)
	at com.kms.katalon.core.main.TestCaseExecutor.doExecute(TestCaseExecutor.java:433)
	at com.kms.katalon.core.main.TestCaseExecutor.processExecutionPhase(TestCaseExecutor.java:412)
	at com.kms.katalon.core.main.TestCaseExecutor.accessMainPhase(TestCaseExecutor.java:404)
	at com.kms.katalon.core.main.TestCaseExecutor.execute(TestCaseExecutor.java:281)
	at com.kms.katalon.core.main.TestSuiteExecutor.accessTestCaseMainPhase(TestSuiteExecutor.java:202)
	at com.kms.katalon.core.main.TestSuiteExecutor.accessTestSuiteMainPhase(TestSuiteExecutor.java:164)
	at com.kms.katalon.core.main.TestSuiteExecutor.execute(TestSuiteExecutor.java:105)
	at com.kms.katalon.core.main.TestCaseMain.startTestSuite(TestCaseMain.java:181)
	at com.kms.katalon.core.main.TestCaseMain$startTestSuite$0.call(Unknown Source)
	at TempTestSuite1641914798393.run(TempTestSuite1641914798393.groovy:36)
Caused by: com.kms.katalon.core.webui.exception.WebElementNotFoundException: Web element with id: 'Object Repository/Page_CSDL/input_Enrolment key_enrolpassword' located by '//input[@id='enrolpassword_6']' not found
	at com.kms.katalon.core.webui.common.WebUiCommonHelper.findWebElement(WebUiCommonHelper.java:1368)
	at com.kms.katalon.core.webui.keyword.internal.WebUIAbstractKeyword.findWebElement(WebUIAbstractKeyword.groovy:27)
	at com.kms.katalon.core.webui.keyword.internal.WebUIAbstractKeyword.findWebElement(WebUIAbstractKeyword.groovy:26)
	at com.kms.katalon.core.webui.keyword.builtin.SetEncryptedTextKeyword$_setEncryptedText_closure1.doCall(SetEncryptedTextKeyword.groovy:51)
	at com.kms.katalon.core.webui.keyword.builtin.SetEncryptedTextKeyword$_setEncryptedText_closure1.call(SetEncryptedTextKeyword.groovy)
	at com.kms.katalon.core.webui.keyword.internal.WebUIKeywordMain.runKeyword(WebUIKeywordMain.groovy:20)
	at com.kms.katalon.core.webui.keyword.builtin.SetEncryptedTextKeyword.setEncryptedText(SetEncryptedTextKeyword.groovy:65)
	at com.kms.katalon.core.webui.keyword.builtin.SetEncryptedTextKeyword.execute(SetEncryptedTextKeyword.groovy:34)
	at com.kms.katalon.core.keyword.internal.KeywordExecutor.executeKeywordForPlatform(KeywordExecutor.groovy:74)
	at com.kms.katalon.core.webui.keyword.WebUiBuiltInKeywords.setEncryptedText(WebUiBuiltInKeywords.groovy:1011)
	at com.kms.katalon.core.webui.keyword.WebUiBuiltInKeywords$setEncryptedText$2.call(Unknown Source)
	at Script1641268940725.run(Script1641268940725.groovy:36)
	... 13 more
)

2022-01-11 22:41:08 - [MESSAGE][INFO] - Unable to find the element located by 'By.xpath: //input[@id='enrolpassword_6']'. Please recheck the objects properties to make sure the desired element is located. 

2022-01-11 22:41:08 - [MESSAGE][WARNING] - [SELF-HEALING] Failed to find element with id 'Object Repository/Page_CSDL/input_Enrolment key_enrolpassword'. Try using Self-healing.

2022-01-11 22:41:08 - [MESSAGE][INFO] - [SELF-HEALING] Failed Locator: '//input[@id='enrolpassword_6']'.

2022-01-11 22:41:08 - [MESSAGE][INFO] - [SELF-HEALING] Failed Locator: '//div[@id='yui_3_17_2_1_1641651302952_68']/input'.

2022-01-11 22:41:09 - [MESSAGE][INFO] - [SELF-HEALING] Working Locator: '//div[2]/input'.

2022-01-11 22:41:09 - [MESSAGE][ERROR] - [SELF-HEALING] Cannot save screenshot to: D:\Nam_3\SE\Quiz\Bonus\TestAutomation_NMCNPM\Reports\Self-healing, reason: unknown error: unhandled inspector error: {"code":-32000,"message":"Cannot take screenshot with 0 width."}
  (Session info: chrome=96.0.4664.110)
Build info: version: '3.141.59', revision: 'e82be7d358', time: '2018-11-14T08:25:53'
System info: host: 'MSI', ip: '192.168.213.1', os.name: 'Windows 10', os.arch: 'amd64', os.version: '10.0', java.version: '1.8.0_282'
Driver info: com.kms.katalon.selenium.driver.CChromeDriver
Capabilities {acceptInsecureCerts: false, browserName: chrome, browserVersion: 96.0.4664.110, chrome: {chromedriverVersion: 95.0.4638.17 (a9d0719444d4b..., userDataDir: C:\Users\MDH\AppData\Local\...}, goog:chromeOptions: {debuggerAddress: localhost:51707}, javascriptEnabled: true, networkConnectionEnabled: false, pageLoadStrategy: normal, platform: WINDOWS, platformName: WINDOWS, proxy: Proxy(), setWindowRect: true, strictFileInteractability: false, timeouts: {implicit: 0, pageLoad: 300000, script: 30000}, unhandledPromptBehavior: dismiss and notify, webauthn:extension:credBlob: true, webauthn:extension:largeBlob: true, webauthn:virtualAuthenticators: true}
Session ID: 7c9688fee06a049e4734218b8fc181dc.

2022-01-11 22:41:09 - [MESSAGE][ERROR] - [SELF-HEALING] Cannot save screenshot to: D:\Nam_3\SE\Quiz\Bonus\TestAutomation_NMCNPM\Reports\Self-healing, reason: unknown error: unhandled inspector error: {"code":-32000,"message":"Cannot take screenshot with 0 width."}
  (Session info: chrome=96.0.4664.110)
Build info: version: '3.141.59', revision: 'e82be7d358', time: '2018-11-14T08:25:53'
System info: host: 'MSI', ip: '192.168.213.1', os.name: 'Windows 10', os.arch: 'amd64', os.version: '10.0', java.version: '1.8.0_282'
Driver info: com.kms.katalon.selenium.driver.CChromeDriver
Capabilities {acceptInsecureCerts: false, browserName: chrome, browserVersion: 96.0.4664.110, chrome: {chromedriverVersion: 95.0.4638.17 (a9d0719444d4b..., userDataDir: C:\Users\MDH\AppData\Local\...}, goog:chromeOptions: {debuggerAddress: localhost:51707}, javascriptEnabled: true, networkConnectionEnabled: false, pageLoadStrategy: normal, platform: WINDOWS, platformName: WINDOWS, proxy: Proxy(), setWindowRect: true, strictFileInteractability: false, timeouts: {implicit: 0, pageLoad: 300000, script: 30000}, unhandledPromptBehavior: dismiss and notify, webauthn:extension:credBlob: true, webauthn:extension:largeBlob: true, webauthn:virtualAuthenticators: true}
Session ID: 7c9688fee06a049e4734218b8fc181dc.

2022-01-11 22:41:09 - [MESSAGE][WARNING] - [SELF-HEALING] 'other' is different type of Path

2022-01-11 22:41:10 - [MESSAGE][INFO] - Unable to find the element located by 'By.xpath: //*[@type = 'password' and @name = 'enrolpassword' and @id = 'enrolpassword_6']'. Please recheck the objects properties to make sure the desired element is located. 

2022-01-11 22:41:11 - [MESSAGE][INFO] - Unable to find the element located by 'By.cssSelector: #enrolpassword_6'. Please recheck the objects properties to make sure the desired element is located. 

2022-01-11 22:41:11 - [MESSAGE][FAILED] - Unable to set encrypted text for object 'Object Repository/Page_CSDL/input_Enrolment key_enrolpassword' (Root cause: com.kms.katalon.core.exception.StepFailedException: Unable to set encrypted text for object 'Object Repository/Page_CSDL/input_Enrolment key_enrolpassword'
	at com.kms.katalon.core.webui.keyword.internal.WebUIKeywordMain.stepFailed(WebUIKeywordMain.groovy:64)
	at com.kms.katalon.core.webui.keyword.internal.WebUIKeywordMain.runKeyword(WebUIKeywordMain.groovy:26)
	at com.kms.katalon.core.webui.keyword.builtin.SetEncryptedTextKeyword.setEncryptedText(SetEncryptedTextKeyword.groovy:65)
	at com.kms.katalon.core.webui.keyword.builtin.SetEncryptedTextKeyword.execute(SetEncryptedTextKeyword.groovy:34)
	at com.kms.katalon.core.keyword.internal.KeywordExecutor.executeKeywordForPlatform(KeywordExecutor.groovy:74)
	at com.kms.katalon.core.webui.keyword.WebUiBuiltInKeywords.setEncryptedText(WebUiBuiltInKeywords.groovy:1011)
	at com.kms.katalon.core.webui.keyword.WebUiBuiltInKeywords$setEncryptedText$2.call(Unknown Source)
	at Student_Enroll With Key_Success.run(Student_Enroll With Key_Success:36)
	at com.kms.katalon.core.main.ScriptEngine.run(ScriptEngine.java:194)
	at com.kms.katalon.core.main.ScriptEngine.runScriptAsRawText(ScriptEngine.java:119)
	at com.kms.katalon.core.main.TestCaseExecutor.runScript(TestCaseExecutor.java:442)
	at com.kms.katalon.core.main.TestCaseExecutor.doExecute(TestCaseExecutor.java:433)
	at com.kms.katalon.core.main.TestCaseExecutor.processExecutionPhase(TestCaseExecutor.java:412)
	at com.kms.katalon.core.main.TestCaseExecutor.accessMainPhase(TestCaseExecutor.java:404)
	at com.kms.katalon.core.main.TestCaseExecutor.execute(TestCaseExecutor.java:281)
	at com.kms.katalon.core.main.TestSuiteExecutor.accessTestCaseMainPhase(TestSuiteExecutor.java:202)
	at com.kms.katalon.core.main.TestSuiteExecutor.accessTestSuiteMainPhase(TestSuiteExecutor.java:164)
	at com.kms.katalon.core.main.TestSuiteExecutor.execute(TestSuiteExecutor.java:105)
	at com.kms.katalon.core.main.TestCaseMain.startTestSuite(TestCaseMain.java:181)
	at com.kms.katalon.core.main.TestCaseMain$startTestSuite$0.call(Unknown Source)
	at TempTestSuite1641914798393.run(TempTestSuite1641914798393.groovy:36)
Caused by: com.kms.katalon.core.webui.exception.WebElementNotFoundException: Web element with id: 'Object Repository/Page_CSDL/input_Enrolment key_enrolpassword' located by '//input[@id='enrolpassword_6']' not found
	at com.kms.katalon.core.webui.common.WebUiCommonHelper.findWebElement(WebUiCommonHelper.java:1368)
	at com.kms.katalon.core.webui.keyword.internal.WebUIAbstractKeyword.findWebElement(WebUIAbstractKeyword.groovy:27)
	at com.kms.katalon.core.webui.keyword.internal.WebUIAbstractKeyword.findWebElement(WebUIAbstractKeyword.groovy:26)
	at com.kms.katalon.core.webui.keyword.builtin.SetEncryptedTextKeyword$_setEncryptedText_closure1.doCall(SetEncryptedTextKeyword.groovy:51)
	at com.kms.katalon.core.webui.keyword.builtin.SetEncryptedTextKeyword$_setEncryptedText_closure1.call(SetEncryptedTextKeyword.groovy)
	at com.kms.katalon.core.webui.keyword.internal.WebUIKeywordMain.runKeyword(WebUIKeywordMain.groovy:20)
	at com.kms.katalon.core.webui.keyword.builtin.SetEncryptedTextKeyword.setEncryptedText(SetEncryptedTextKeyword.groovy:65)
	at com.kms.katalon.core.webui.keyword.builtin.SetEncryptedTextKeyword.execute(SetEncryptedTextKeyword.groovy:34)
	at com.kms.katalon.core.keyword.internal.KeywordExecutor.executeKeywordForPlatform(KeywordExecutor.groovy:74)
	at com.kms.katalon.core.webui.keyword.WebUiBuiltInKeywords.setEncryptedText(WebUiBuiltInKeywords.groovy:1011)
	at com.kms.katalon.core.webui.keyword.WebUiBuiltInKeywords$setEncryptedText$2.call(Unknown Source)
	at Script1641268940725.run(Script1641268940725.groovy:36)
	... 13 more
)
[[ATTACHMENT|D:\\Nam_3\\SE\\Quiz\\Bonus\\TestAutomation_NMCNPM\\Reports\\20220111_222638\\Run All Test Cases\\20220111_222638\\1641915671501.png]]]]></system-out>
         <system-err><![CDATA[2022-01-11 22:40:27 - [TEST_CASE][FAILED] - Test Cases/Student/Student_Enroll/Student_Enroll With Key_Success: Test Cases/Student/Student_Enroll/Student_Enroll With Key_Success FAILED.
Reason:
com.kms.katalon.core.exception.StepFailedException: Unable to set encrypted text for object 'Object Repository/Page_CSDL/input_Enrolment key_enrolpassword'
	at com.kms.katalon.core.webui.keyword.internal.WebUIKeywordMain.stepFailed(WebUIKeywordMain.groovy:64)
	at com.kms.katalon.core.webui.keyword.internal.WebUIKeywordMain.runKeyword(WebUIKeywordMain.groovy:26)
	at com.kms.katalon.core.webui.keyword.builtin.SetEncryptedTextKeyword.setEncryptedText(SetEncryptedTextKeyword.groovy:65)
	at com.kms.katalon.core.webui.keyword.builtin.SetEncryptedTextKeyword.execute(SetEncryptedTextKeyword.groovy:34)
	at com.kms.katalon.core.keyword.internal.KeywordExecutor.executeKeywordForPlatform(KeywordExecutor.groovy:74)
	at com.kms.katalon.core.webui.keyword.WebUiBuiltInKeywords.setEncryptedText(WebUiBuiltInKeywords.groovy:1011)
	at com.kms.katalon.core.webui.keyword.WebUiBuiltInKeywords$setEncryptedText$2.call(Unknown Source)
	at Student_Enroll With Key_Success.run(Student_Enroll With Key_Success:36)
	at com.kms.katalon.core.main.ScriptEngine.run(ScriptEngine.java:194)
	at com.kms.katalon.core.main.ScriptEngine.runScriptAsRawText(ScriptEngine.java:119)
	at com.kms.katalon.core.main.TestCaseExecutor.runScript(TestCaseExecutor.java:442)
	at com.kms.katalon.core.main.TestCaseExecutor.doExecute(TestCaseExecutor.java:433)
	at com.kms.katalon.core.main.TestCaseExecutor.processExecutionPhase(TestCaseExecutor.java:412)
	at com.kms.katalon.core.main.TestCaseExecutor.accessMainPhase(TestCaseExecutor.java:404)
	at com.kms.katalon.core.main.TestCaseExecutor.execute(TestCaseExecutor.java:281)
	at com.kms.katalon.core.main.TestSuiteExecutor.accessTestCaseMainPhase(TestSuiteExecutor.java:202)
	at com.kms.katalon.core.main.TestSuiteExecutor.accessTestSuiteMainPhase(TestSuiteExecutor.java:164)
	at com.kms.katalon.core.main.TestSuiteExecutor.execute(TestSuiteExecutor.java:105)
	at com.kms.katalon.core.main.TestCaseMain.startTestSuite(TestCaseMain.java:181)
	at com.kms.katalon.core.main.TestCaseMain$startTestSuite$0.call(Unknown Source)
	at TempTestSuite1641914798393.run(TempTestSuite1641914798393.groovy:36)
Caused by: com.kms.katalon.core.webui.exception.WebElementNotFoundException: Web element with id: 'Object Repository/Page_CSDL/input_Enrolment key_enrolpassword' located by '//input[@id='enrolpassword_6']' not found
	at com.kms.katalon.core.webui.common.WebUiCommonHelper.findWebElement(WebUiCommonHelper.java:1368)
	at com.kms.katalon.core.webui.keyword.internal.WebUIAbstractKeyword.findWebElement(WebUIAbstractKeyword.groovy:27)
	at com.kms.katalon.core.webui.keyword.internal.WebUIAbstractKeyword.findWebElement(WebUIAbstractKeyword.groovy:26)
	at com.kms.katalon.core.webui.keyword.builtin.SetEncryptedTextKeyword$_setEncryptedText_closure1.doCall(SetEncryptedTextKeyword.groovy:51)
	at com.kms.katalon.core.webui.keyword.builtin.SetEncryptedTextKeyword$_setEncryptedText_closure1.call(SetEncryptedTextKeyword.groovy)
	at com.kms.katalon.core.webui.keyword.internal.WebUIKeywordMain.runKeyword(WebUIKeywordMain.groovy:20)
	... 19 more]]></system-err>
      </testcase>
      <testcase name="Test Cases/Student/Student_Enroll/Student_Self Enroll_Success_No Key" time="43.356" classname="Test Cases/Student/Student_Enroll/Student_Self Enroll_Success_No Key" status="FAILED">
         <failure type="FAILED" message="Test Cases/Student/Student_Enroll/Student_Self Enroll_Success_No Key FAILED.
Reason:
com.kms.katalon.core.exception.StepFailedException: Unable to verify object 'Object Repository/Page_Course Lp trnh hng i tng 19CTT3/div_You are enrolled in the course_1' is present
	at com.kms.katalon.core.webui.keyword.internal.WebUIKeywordMain.stepFailed(WebUIKeywordMain.groovy:64)
	at com.kms.katalon.core.webui.keyword.internal.WebUIKeywordMain.runKeyword(WebUIKeywordMain.groovy:26)
	at com.kms.katalon.core.webui.keyword.builtin.VerifyElementPresentKeyword.verifyElementPresent(VerifyElementPresentKeyword.groovy:92)
	at com.kms.katalon.core.webui.keyword.builtin.VerifyElementPresentKeyword.execute(VerifyElementPresentKeyword.groovy:68)
	at com.kms.katalon.core.keyword.internal.KeywordExecutor.executeKeywordForPlatform(KeywordExecutor.groovy:74)
	at com.kms.katalon.core.webui.keyword.WebUiBuiltInKeywords.verifyElementPresent(WebUiBuiltInKeywords.groovy:1464)
	at com.kms.katalon.core.webui.keyword.WebUiBuiltInKeywords$verifyElementPresent$4.call(Unknown Source)
	at Student_Self Enroll_Success_No Key.run(Student_Self Enroll_Success_No Key:42)
	at com.kms.katalon.core.main.ScriptEngine.run(ScriptEngine.java:194)
	at com.kms.katalon.core.main.ScriptEngine.runScriptAsRawText(ScriptEngine.java:119)
	at com.kms.katalon.core.main.TestCaseExecutor.runScript(TestCaseExecutor.java:442)
	at com.kms.katalon.core.main.TestCaseExecutor.doExecute(TestCaseExecutor.java:433)
	at com.kms.katalon.core.main.TestCaseExecutor.processExecutionPhase(TestCaseExecutor.java:412)
	at com.kms.katalon.core.main.TestCaseExecutor.accessMainPhase(TestCaseExecutor.java:404)
	at com.kms.katalon.core.main.TestCaseExecutor.execute(TestCaseExecutor.java:281)
	at com.kms.katalon.core.main.TestSuiteExecutor.accessTestCaseMainPhase(TestSuiteExecutor.java:202)
	at com.kms.katalon.core.main.TestSuiteExecutor.accessTestSuiteMainPhase(TestSuiteExecutor.java:164)
	at com.kms.katalon.core.main.TestSuiteExecutor.execute(TestSuiteExecutor.java:105)
	at com.kms.katalon.core.main.TestCaseMain.startTestSuite(TestCaseMain.java:181)
	at com.kms.katalon.core.main.TestCaseMain$startTestSuite$0.call(Unknown Source)
	at TempTestSuite1641914798393.run(TempTestSuite1641914798393.groovy:36)
Caused by: com.kms.katalon.core.exception.StepFailedException: com.kms.katalon.core.webui.exception.WebElementNotFoundException: Web element with id: 'Object Repository/Page_Course Lp trnh hng i tng 19CTT3/div_You are enrolled in the course_1' located by '//span[@id='user-notifications']/div' not found
	at com.kms.katalon.core.webui.keyword.internal.WebUIKeywordMain.stepFailed(WebUIKeywordMain.groovy:64)
	at com.kms.katalon.core.webui.keyword.builtin.VerifyElementPresentKeyword$_verifyElementPresent_closure1.doCall(VerifyElementPresentKeyword.groovy:85)
	at com.kms.katalon.core.webui.keyword.builtin.VerifyElementPresentKeyword$_verifyElementPresent_closure1.call(VerifyElementPresentKeyword.groovy)
	at com.kms.katalon.core.webui.keyword.internal.WebUIKeywordMain.runKeyword(WebUIKeywordMain.groovy:20)
	... 19 more
"/>
         <system-out><![CDATA[2022-01-11 22:41:11 - [TEST_CASE][FAILED] - Test Cases/Student/Student_Enroll/Student_Self Enroll_Success_No Key: Test Cases/Student/Student_Enroll/Student_Self Enroll_Success_No Key FAILED.
Reason:
com.kms.katalon.core.exception.StepFailedException: Unable to verify object 'Object Repository/Page_Course Lp trnh hng i tng 19CTT3/div_You are enrolled in the course_1' is present
	at com.kms.katalon.core.webui.keyword.internal.WebUIKeywordMain.stepFailed(WebUIKeywordMain.groovy:64)
	at com.kms.katalon.core.webui.keyword.internal.WebUIKeywordMain.runKeyword(WebUIKeywordMain.groovy:26)
	at com.kms.katalon.core.webui.keyword.builtin.VerifyElementPresentKeyword.verifyElementPresent(VerifyElementPresentKeyword.groovy:92)
	at com.kms.katalon.core.webui.keyword.builtin.VerifyElementPresentKeyword.execute(VerifyElementPresentKeyword.groovy:68)
	at com.kms.katalon.core.keyword.internal.KeywordExecutor.executeKeywordForPlatform(KeywordExecutor.groovy:74)
	at com.kms.katalon.core.webui.keyword.WebUiBuiltInKeywords.verifyElementPresent(WebUiBuiltInKeywords.groovy:1464)
	at com.kms.katalon.core.webui.keyword.WebUiBuiltInKeywords$verifyElementPresent$4.call(Unknown Source)
	at Student_Self Enroll_Success_No Key.run(Student_Self Enroll_Success_No Key:42)
	at com.kms.katalon.core.main.ScriptEngine.run(ScriptEngine.java:194)
	at com.kms.katalon.core.main.ScriptEngine.runScriptAsRawText(ScriptEngine.java:119)
	at com.kms.katalon.core.main.TestCaseExecutor.runScript(TestCaseExecutor.java:442)
	at com.kms.katalon.core.main.TestCaseExecutor.doExecute(TestCaseExecutor.java:433)
	at com.kms.katalon.core.main.TestCaseExecutor.processExecutionPhase(TestCaseExecutor.java:412)
	at com.kms.katalon.core.main.TestCaseExecutor.accessMainPhase(TestCaseExecutor.java:404)
	at com.kms.katalon.core.main.TestCaseExecutor.execute(TestCaseExecutor.java:281)
	at com.kms.katalon.core.main.TestSuiteExecutor.accessTestCaseMainPhase(TestSuiteExecutor.java:202)
	at com.kms.katalon.core.main.TestSuiteExecutor.accessTestSuiteMainPhase(TestSuiteExecutor.java:164)
	at com.kms.katalon.core.main.TestSuiteExecutor.execute(TestSuiteExecutor.java:105)
	at com.kms.katalon.core.main.TestCaseMain.startTestSuite(TestCaseMain.java:181)
	at com.kms.katalon.core.main.TestCaseMain$startTestSuite$0.call(Unknown Source)
	at TempTestSuite1641914798393.run(TempTestSuite1641914798393.groovy:36)
Caused by: com.kms.katalon.core.exception.StepFailedException: com.kms.katalon.core.webui.exception.WebElementNotFoundException: Web element with id: 'Object Repository/Page_Course Lp trnh hng i tng 19CTT3/div_You are enrolled in the course_1' located by '//span[@id='user-notifications']/div' not found
	at com.kms.katalon.core.webui.keyword.internal.WebUIKeywordMain.stepFailed(WebUIKeywordMain.groovy:64)
	at com.kms.katalon.core.webui.keyword.builtin.VerifyElementPresentKeyword$_verifyElementPresent_closure1.doCall(VerifyElementPresentKeyword.groovy:85)
	at com.kms.katalon.core.webui.keyword.builtin.VerifyElementPresentKeyword$_verifyElementPresent_closure1.call(VerifyElementPresentKeyword.groovy)
	at com.kms.katalon.core.webui.keyword.internal.WebUIKeywordMain.runKeyword(WebUIKeywordMain.groovy:20)
	... 19 more


2022-01-11 22:41:11 - [TEST_STEP][PASSED] - openBrowser(""): Browser is opened with url: ''

2022-01-11 22:41:11 - [MESSAGE][WARNING] - A browser is already opened. Closing browser and opening a new one

2022-01-11 22:41:12 - [MESSAGE][INFO] - Starting 'Chrome' driver

2022-01-11 22:41:12 - [MESSAGE][INFO] - User set preference: ['args', '[window-size=1300,900]']

2022-01-11 22:41:12 - [MESSAGE][INFO] - Action delay is set to 0 milliseconds

2022-01-11 22:41:13 - [MESSAGE][PASSED] - Browser is opened with url: ''

2022-01-11 22:41:13 - [TEST_STEP][PASSED] - navigateToUrl("http://localhost:8080/moodle/"): Navigate to 'http://localhost:8080/moodle/' successfully

2022-01-11 22:41:14 - [MESSAGE][PASSED] - Navigate to 'http://localhost:8080/moodle/' successfully

2022-01-11 22:41:14 - [TEST_STEP][PASSED] - click(findTestObject("Object Repository/Page_BCS Moodle/a_Log in")): Object: 'Object Repository/Page_BCS Moodle/a_Log in' is clicked on

2022-01-11 22:41:15 - [MESSAGE][PASSED] - Object: 'Object Repository/Page_BCS Moodle/a_Log in' is clicked on

2022-01-11 22:41:15 - [TEST_STEP][PASSED] - setText(findTestObject("Object Repository/Page_BCS Moodle Log in to the site/input_Username_username"), "ydam"): Text 'ydam' is set on object 'Object Repository/Page_BCS Moodle Log in to the site/input_Username_username'

2022-01-11 22:41:16 - [MESSAGE][PASSED] - Text 'ydam' is set on object 'Object Repository/Page_BCS Moodle Log in to the site/input_Username_username'

2022-01-11 22:41:16 - [TEST_STEP][PASSED] - doubleClick(findTestObject("Object Repository/Page_BCS Moodle Log in to the site/input_Username_username")): Object: 'Object Repository/Page_BCS Moodle Log in to the site/input_Username_username' is double clicked on

2022-01-11 22:41:16 - [MESSAGE][PASSED] - Object: 'Object Repository/Page_BCS Moodle Log in to the site/input_Username_username' is double clicked on

2022-01-11 22:41:16 - [TEST_STEP][PASSED] - setText(findTestObject("Object Repository/Page_BCS Moodle Log in to the site/input_Username_username"), "xuany"): Text 'xuany' is set on object 'Object Repository/Page_BCS Moodle Log in to the site/input_Username_username'

2022-01-11 22:41:17 - [MESSAGE][PASSED] - Text 'xuany' is set on object 'Object Repository/Page_BCS Moodle Log in to the site/input_Username_username'

2022-01-11 22:41:17 - [TEST_STEP][PASSED] - setEncryptedText(findTestObject("Object Repository/Page_BCS Moodle Log in to the site/input_Password_password"), "p4y+y39Ir5PR9RXlOHjWlj+CAJiYdX4g"): Text ****** has been set on object 'Object Repository/Page_BCS Moodle Log in to the site/input_Password_password'

2022-01-11 22:41:17 - [MESSAGE][PASSED] - Text ****** has been set on object 'Object Repository/Page_BCS Moodle Log in to the site/input_Password_password'

2022-01-11 22:41:17 - [TEST_STEP][PASSED] - click(findTestObject("Object Repository/Page_BCS Moodle Log in to the site/button_Log in")): Object: 'Object Repository/Page_BCS Moodle Log in to the site/button_Log in' is clicked on

2022-01-11 22:41:19 - [MESSAGE][PASSED] - Object: 'Object Repository/Page_BCS Moodle Log in to the site/button_Log in' is clicked on

2022-01-11 22:41:19 - [TEST_STEP][PASSED] - click(findTestObject("Object Repository/Page_Dashboard/a_Site home")): Object: 'Object Repository/Page_Dashboard/a_Site home' is clicked on

2022-01-11 22:41:21 - [MESSAGE][PASSED] - Object: 'Object Repository/Page_Dashboard/a_Site home' is clicked on

2022-01-11 22:41:21 - [TEST_STEP][PASSED] - click(findTestObject("Object Repository/Page_BCS Moodle/a_Lp trnh hng i tng 19CTT3")): Object: 'Object Repository/Page_BCS Moodle/a_Lp trnh hng i tng 19CTT3' is clicked on

2022-01-11 22:41:22 - [MESSAGE][PASSED] - Object: 'Object Repository/Page_BCS Moodle/a_Lp trnh hng i tng 19CTT3' is clicked on

2022-01-11 22:41:22 - [TEST_STEP][PASSED] - click(findTestObject("Object Repository/Page_OOP/input_No enrolment key required_submitbutton")): Object: 'Object Repository/Page_OOP/input_No enrolment key required_submitbutton' is clicked on

2022-01-11 22:41:23 - [MESSAGE][PASSED] - Object: 'Object Repository/Page_OOP/input_No enrolment key required_submitbutton' is clicked on

2022-01-11 22:41:23 - [TEST_STEP][FAILED] - verifyElementPresent(findTestObject("Object Repository/Page_Course Lp trnh hng i tng 19CTT3/div_You are enrolled in the course_1"), 0): Unable to verify object 'Object Repository/Page_Course Lp trnh hng i tng 19CTT3/div_You are enrolled in the course_1' is present (Root cause: com.kms.katalon.core.exception.StepFailedException: Unable to verify object 'Object Repository/Page_Course Lp trnh hng i tng 19CTT3/div_You are enrolled in the course_1' is present
	at com.kms.katalon.core.webui.keyword.internal.WebUIKeywordMain.stepFailed(WebUIKeywordMain.groovy:64)
	at com.kms.katalon.core.webui.keyword.internal.WebUIKeywordMain.runKeyword(WebUIKeywordMain.groovy:26)
	at com.kms.katalon.core.webui.keyword.builtin.VerifyElementPresentKeyword.verifyElementPresent(VerifyElementPresentKeyword.groovy:92)
	at com.kms.katalon.core.webui.keyword.builtin.VerifyElementPresentKeyword.execute(VerifyElementPresentKeyword.groovy:68)
	at com.kms.katalon.core.keyword.internal.KeywordExecutor.executeKeywordForPlatform(KeywordExecutor.groovy:74)
	at com.kms.katalon.core.webui.keyword.WebUiBuiltInKeywords.verifyElementPresent(WebUiBuiltInKeywords.groovy:1464)
	at com.kms.katalon.core.webui.keyword.WebUiBuiltInKeywords$verifyElementPresent$4.call(Unknown Source)
	at Student_Self Enroll_Success_No Key.run(Student_Self Enroll_Success_No Key:42)
	at com.kms.katalon.core.main.ScriptEngine.run(ScriptEngine.java:194)
	at com.kms.katalon.core.main.ScriptEngine.runScriptAsRawText(ScriptEngine.java:119)
	at com.kms.katalon.core.main.TestCaseExecutor.runScript(TestCaseExecutor.java:442)
	at com.kms.katalon.core.main.TestCaseExecutor.doExecute(TestCaseExecutor.java:433)
	at com.kms.katalon.core.main.TestCaseExecutor.processExecutionPhase(TestCaseExecutor.java:412)
	at com.kms.katalon.core.main.TestCaseExecutor.accessMainPhase(TestCaseExecutor.java:404)
	at com.kms.katalon.core.main.TestCaseExecutor.execute(TestCaseExecutor.java:281)
	at com.kms.katalon.core.main.TestSuiteExecutor.accessTestCaseMainPhase(TestSuiteExecutor.java:202)
	at com.kms.katalon.core.main.TestSuiteExecutor.accessTestSuiteMainPhase(TestSuiteExecutor.java:164)
	at com.kms.katalon.core.main.TestSuiteExecutor.execute(TestSuiteExecutor.java:105)
	at com.kms.katalon.core.main.TestCaseMain.startTestSuite(TestCaseMain.java:181)
	at com.kms.katalon.core.main.TestCaseMain$startTestSuite$0.call(Unknown Source)
	at TempTestSuite1641914798393.run(TempTestSuite1641914798393.groovy:36)
Caused by: com.kms.katalon.core.exception.StepFailedException: com.kms.katalon.core.webui.exception.WebElementNotFoundException: Web element with id: 'Object Repository/Page_Course Lp trnh hng i tng 19CTT3/div_You are enrolled in the course_1' located by '//span[@id='user-notifications']/div' not found
	at com.kms.katalon.core.webui.keyword.internal.WebUIKeywordMain.stepFailed(WebUIKeywordMain.groovy:64)
	at com.kms.katalon.core.webui.keyword.builtin.VerifyElementPresentKeyword$_verifyElementPresent_closure1.doCall(VerifyElementPresentKeyword.groovy:85)
	at com.kms.katalon.core.webui.keyword.builtin.VerifyElementPresentKeyword$_verifyElementPresent_closure1.call(VerifyElementPresentKeyword.groovy)
	at com.kms.katalon.core.webui.keyword.internal.WebUIKeywordMain.runKeyword(WebUIKeywordMain.groovy:20)
	... 19 more
)

2022-01-11 22:41:23 - [MESSAGE][WARNING] - Timeout '0' is invalid. Using default page load timeout: '30'

2022-01-11 22:41:54 - [MESSAGE][INFO] - Unable to find the element located by 'By.xpath: //span[@id='user-notifications']/div'. Please recheck the objects properties to make sure the desired element is located. 

2022-01-11 22:41:54 - [MESSAGE][FAILED] - com.kms.katalon.core.webui.exception.WebElementNotFoundException: Web element with id: 'Object Repository/Page_Course Lp trnh hng i tng 19CTT3/div_You are enrolled in the course_1' located by '//span[@id='user-notifications']/div' not found (Root cause: com.kms.katalon.core.exception.StepFailedException: com.kms.katalon.core.webui.exception.WebElementNotFoundException: Web element with id: 'Object Repository/Page_Course Lp trnh hng i tng 19CTT3/div_You are enrolled in the course_1' located by '//span[@id='user-notifications']/div' not found
	at com.kms.katalon.core.webui.keyword.internal.WebUIKeywordMain.stepFailed(WebUIKeywordMain.groovy:64)
	at com.kms.katalon.core.webui.keyword.builtin.VerifyElementPresentKeyword$_verifyElementPresent_closure1.doCall(VerifyElementPresentKeyword.groovy:85)
	at com.kms.katalon.core.webui.keyword.builtin.VerifyElementPresentKeyword$_verifyElementPresent_closure1.call(VerifyElementPresentKeyword.groovy)
	at com.kms.katalon.core.webui.keyword.internal.WebUIKeywordMain.runKeyword(WebUIKeywordMain.groovy:20)
	at com.kms.katalon.core.webui.keyword.builtin.VerifyElementPresentKeyword.verifyElementPresent(VerifyElementPresentKeyword.groovy:92)
	at com.kms.katalon.core.webui.keyword.builtin.VerifyElementPresentKeyword.execute(VerifyElementPresentKeyword.groovy:68)
	at com.kms.katalon.core.keyword.internal.KeywordExecutor.executeKeywordForPlatform(KeywordExecutor.groovy:74)
	at com.kms.katalon.core.webui.keyword.WebUiBuiltInKeywords.verifyElementPresent(WebUiBuiltInKeywords.groovy:1464)
	at com.kms.katalon.core.webui.keyword.WebUiBuiltInKeywords$verifyElementPresent$4.call(Unknown Source)
	at Student_Self Enroll_Success_No Key.run(Student_Self Enroll_Success_No Key:42)
	at com.kms.katalon.core.main.ScriptEngine.run(ScriptEngine.java:194)
	at com.kms.katalon.core.main.ScriptEngine.runScriptAsRawText(ScriptEngine.java:119)
	at com.kms.katalon.core.main.TestCaseExecutor.runScript(TestCaseExecutor.java:442)
	at com.kms.katalon.core.main.TestCaseExecutor.doExecute(TestCaseExecutor.java:433)
	at com.kms.katalon.core.main.TestCaseExecutor.processExecutionPhase(TestCaseExecutor.java:412)
	at com.kms.katalon.core.main.TestCaseExecutor.accessMainPhase(TestCaseExecutor.java:404)
	at com.kms.katalon.core.main.TestCaseExecutor.execute(TestCaseExecutor.java:281)
	at com.kms.katalon.core.main.TestSuiteExecutor.accessTestCaseMainPhase(TestSuiteExecutor.java:202)
	at com.kms.katalon.core.main.TestSuiteExecutor.accessTestSuiteMainPhase(TestSuiteExecutor.java:164)
	at com.kms.katalon.core.main.TestSuiteExecutor.execute(TestSuiteExecutor.java:105)
	at com.kms.katalon.core.main.TestCaseMain.startTestSuite(TestCaseMain.java:181)
	at com.kms.katalon.core.main.TestCaseMain$startTestSuite$0.call(Unknown Source)
	at TempTestSuite1641914798393.run(TempTestSuite1641914798393.groovy:36)
)
[[ATTACHMENT|D:\\Nam_3\\SE\\Quiz\\Bonus\\TestAutomation_NMCNPM\\Reports\\20220111_222638\\Run All Test Cases\\20220111_222638\\1641915714687.png]]

2022-01-11 22:41:54 - [MESSAGE][FAILED] - Unable to verify object 'Object Repository/Page_Course Lp trnh hng i tng 19CTT3/div_You are enrolled in the course_1' is present (Root cause: com.kms.katalon.core.exception.StepFailedException: Unable to verify object 'Object Repository/Page_Course Lp trnh hng i tng 19CTT3/div_You are enrolled in the course_1' is present
	at com.kms.katalon.core.webui.keyword.internal.WebUIKeywordMain.stepFailed(WebUIKeywordMain.groovy:64)
	at com.kms.katalon.core.webui.keyword.internal.WebUIKeywordMain.runKeyword(WebUIKeywordMain.groovy:26)
	at com.kms.katalon.core.webui.keyword.builtin.VerifyElementPresentKeyword.verifyElementPresent(VerifyElementPresentKeyword.groovy:92)
	at com.kms.katalon.core.webui.keyword.builtin.VerifyElementPresentKeyword.execute(VerifyElementPresentKeyword.groovy:68)
	at com.kms.katalon.core.keyword.internal.KeywordExecutor.executeKeywordForPlatform(KeywordExecutor.groovy:74)
	at com.kms.katalon.core.webui.keyword.WebUiBuiltInKeywords.verifyElementPresent(WebUiBuiltInKeywords.groovy:1464)
	at com.kms.katalon.core.webui.keyword.WebUiBuiltInKeywords$verifyElementPresent$4.call(Unknown Source)
	at Student_Self Enroll_Success_No Key.run(Student_Self Enroll_Success_No Key:42)
	at com.kms.katalon.core.main.ScriptEngine.run(ScriptEngine.java:194)
	at com.kms.katalon.core.main.ScriptEngine.runScriptAsRawText(ScriptEngine.java:119)
	at com.kms.katalon.core.main.TestCaseExecutor.runScript(TestCaseExecutor.java:442)
	at com.kms.katalon.core.main.TestCaseExecutor.doExecute(TestCaseExecutor.java:433)
	at com.kms.katalon.core.main.TestCaseExecutor.processExecutionPhase(TestCaseExecutor.java:412)
	at com.kms.katalon.core.main.TestCaseExecutor.accessMainPhase(TestCaseExecutor.java:404)
	at com.kms.katalon.core.main.TestCaseExecutor.execute(TestCaseExecutor.java:281)
	at com.kms.katalon.core.main.TestSuiteExecutor.accessTestCaseMainPhase(TestSuiteExecutor.java:202)
	at com.kms.katalon.core.main.TestSuiteExecutor.accessTestSuiteMainPhase(TestSuiteExecutor.java:164)
	at com.kms.katalon.core.main.TestSuiteExecutor.execute(TestSuiteExecutor.java:105)
	at com.kms.katalon.core.main.TestCaseMain.startTestSuite(TestCaseMain.java:181)
	at com.kms.katalon.core.main.TestCaseMain$startTestSuite$0.call(Unknown Source)
	at TempTestSuite1641914798393.run(TempTestSuite1641914798393.groovy:36)
Caused by: com.kms.katalon.core.exception.StepFailedException: com.kms.katalon.core.webui.exception.WebElementNotFoundException: Web element with id: 'Object Repository/Page_Course Lp trnh hng i tng 19CTT3/div_You are enrolled in the course_1' located by '//span[@id='user-notifications']/div' not found
	at com.kms.katalon.core.webui.keyword.internal.WebUIKeywordMain.stepFailed(WebUIKeywordMain.groovy:64)
	at com.kms.katalon.core.webui.keyword.builtin.VerifyElementPresentKeyword$_verifyElementPresent_closure1.doCall(VerifyElementPresentKeyword.groovy:85)
	at com.kms.katalon.core.webui.keyword.builtin.VerifyElementPresentKeyword$_verifyElementPresent_closure1.call(VerifyElementPresentKeyword.groovy)
	at com.kms.katalon.core.webui.keyword.internal.WebUIKeywordMain.runKeyword(WebUIKeywordMain.groovy:20)
	... 19 more
)
[[ATTACHMENT|D:\\Nam_3\\SE\\Quiz\\Bonus\\TestAutomation_NMCNPM\\Reports\\20220111_222638\\Run All Test Cases\\20220111_222638\\1641915714844.png]]]]></system-out>
         <system-err><![CDATA[2022-01-11 22:41:11 - [TEST_CASE][FAILED] - Test Cases/Student/Student_Enroll/Student_Self Enroll_Success_No Key: Test Cases/Student/Student_Enroll/Student_Self Enroll_Success_No Key FAILED.
Reason:
com.kms.katalon.core.exception.StepFailedException: Unable to verify object 'Object Repository/Page_Course Lp trnh hng i tng 19CTT3/div_You are enrolled in the course_1' is present
	at com.kms.katalon.core.webui.keyword.internal.WebUIKeywordMain.stepFailed(WebUIKeywordMain.groovy:64)
	at com.kms.katalon.core.webui.keyword.internal.WebUIKeywordMain.runKeyword(WebUIKeywordMain.groovy:26)
	at com.kms.katalon.core.webui.keyword.builtin.VerifyElementPresentKeyword.verifyElementPresent(VerifyElementPresentKeyword.groovy:92)
	at com.kms.katalon.core.webui.keyword.builtin.VerifyElementPresentKeyword.execute(VerifyElementPresentKeyword.groovy:68)
	at com.kms.katalon.core.keyword.internal.KeywordExecutor.executeKeywordForPlatform(KeywordExecutor.groovy:74)
	at com.kms.katalon.core.webui.keyword.WebUiBuiltInKeywords.verifyElementPresent(WebUiBuiltInKeywords.groovy:1464)
	at com.kms.katalon.core.webui.keyword.WebUiBuiltInKeywords$verifyElementPresent$4.call(Unknown Source)
	at Student_Self Enroll_Success_No Key.run(Student_Self Enroll_Success_No Key:42)
	at com.kms.katalon.core.main.ScriptEngine.run(ScriptEngine.java:194)
	at com.kms.katalon.core.main.ScriptEngine.runScriptAsRawText(ScriptEngine.java:119)
	at com.kms.katalon.core.main.TestCaseExecutor.runScript(TestCaseExecutor.java:442)
	at com.kms.katalon.core.main.TestCaseExecutor.doExecute(TestCaseExecutor.java:433)
	at com.kms.katalon.core.main.TestCaseExecutor.processExecutionPhase(TestCaseExecutor.java:412)
	at com.kms.katalon.core.main.TestCaseExecutor.accessMainPhase(TestCaseExecutor.java:404)
	at com.kms.katalon.core.main.TestCaseExecutor.execute(TestCaseExecutor.java:281)
	at com.kms.katalon.core.main.TestSuiteExecutor.accessTestCaseMainPhase(TestSuiteExecutor.java:202)
	at com.kms.katalon.core.main.TestSuiteExecutor.accessTestSuiteMainPhase(TestSuiteExecutor.java:164)
	at com.kms.katalon.core.main.TestSuiteExecutor.execute(TestSuiteExecutor.java:105)
	at com.kms.katalon.core.main.TestCaseMain.startTestSuite(TestCaseMain.java:181)
	at com.kms.katalon.core.main.TestCaseMain$startTestSuite$0.call(Unknown Source)
	at TempTestSuite1641914798393.run(TempTestSuite1641914798393.groovy:36)
Caused by: com.kms.katalon.core.exception.StepFailedException: com.kms.katalon.core.webui.exception.WebElementNotFoundException: Web element with id: 'Object Repository/Page_Course Lp trnh hng i tng 19CTT3/div_You are enrolled in the course_1' located by '//span[@id='user-notifications']/div' not found
	at com.kms.katalon.core.webui.keyword.internal.WebUIKeywordMain.stepFailed(WebUIKeywordMain.groovy:64)
	at com.kms.katalon.core.webui.keyword.builtin.VerifyElementPresentKeyword$_verifyElementPresent_closure1.doCall(VerifyElementPresentKeyword.groovy:85)
	at com.kms.katalon.core.webui.keyword.builtin.VerifyElementPresentKeyword$_verifyElementPresent_closure1.call(VerifyElementPresentKeyword.groovy)
	at com.kms.katalon.core.webui.keyword.internal.WebUIKeywordMain.runKeyword(WebUIKeywordMain.groovy:20)
	... 19 more]]></system-err>
      </testcase>
      <testcase name="Test Cases/Teacher/Teacher_Add Assignment/Teacher_Add Assignment Submit Without Input" time="16.929" classname="Test Cases/Teacher/Teacher_Add Assignment/Teacher_Add Assignment Submit Without Input" status="PASSED">
         <system-out><![CDATA[2022-01-11 22:41:54 - [TEST_CASE][PASSED] - Test Cases/Teacher/Teacher_Add Assignment/Teacher_Add Assignment Submit Without Input: Test Cases/Teacher/Teacher_Add Assignment/Teacher_Add Assignment Submit Without Input

2022-01-11 22:41:55 - [TEST_STEP][PASSED] - openBrowser(""): Browser is opened with url: ''

2022-01-11 22:41:55 - [MESSAGE][WARNING] - A browser is already opened. Closing browser and opening a new one

2022-01-11 22:41:55 - [MESSAGE][INFO] - Starting 'Chrome' driver

2022-01-11 22:41:55 - [MESSAGE][INFO] - User set preference: ['args', '[window-size=1300,900]']

2022-01-11 22:41:55 - [MESSAGE][INFO] - Action delay is set to 0 milliseconds

2022-01-11 22:41:57 - [MESSAGE][PASSED] - Browser is opened with url: ''

2022-01-11 22:41:57 - [TEST_STEP][PASSED] - navigateToUrl("http://localhost:8080/moodle/"): Navigate to 'http://localhost:8080/moodle/' successfully

2022-01-11 22:41:57 - [MESSAGE][PASSED] - Navigate to 'http://localhost:8080/moodle/' successfully

2022-01-11 22:41:57 - [TEST_STEP][PASSED] - click(findTestObject("Page_BCS Moodle/a_Log in")): Object: 'Object Repository/Page_BCS Moodle/a_Log in' is clicked on

2022-01-11 22:41:58 - [MESSAGE][PASSED] - Object: 'Object Repository/Page_BCS Moodle/a_Log in' is clicked on

2022-01-11 22:41:58 - [TEST_STEP][PASSED] - setText(findTestObject("Page_BCS Moodle Log in to the site/input_Username_username"), "onix"): Text 'onix' is set on object 'Object Repository/Page_BCS Moodle Log in to the site/input_Username_username'

2022-01-11 22:41:59 - [MESSAGE][PASSED] - Text 'onix' is set on object 'Object Repository/Page_BCS Moodle Log in to the site/input_Username_username'

2022-01-11 22:41:59 - [TEST_STEP][PASSED] - setEncryptedText(findTestObject("Page_BCS Moodle Log in to the site/input_Password_password"), "uw4zQNl2RedGtkZxJt1B2nZNxIOg3YnT"): Text ****** has been set on object 'Object Repository/Page_BCS Moodle Log in to the site/input_Password_password'

2022-01-11 22:41:59 - [MESSAGE][PASSED] - Text ****** has been set on object 'Object Repository/Page_BCS Moodle Log in to the site/input_Password_password'

2022-01-11 22:41:59 - [TEST_STEP][PASSED] - click(findTestObject("Page_BCS Moodle Log in to the site/button_Log in")): Object: 'Object Repository/Page_BCS Moodle Log in to the site/button_Log in' is clicked on

2022-01-11 22:42:01 - [MESSAGE][PASSED] - Object: 'Object Repository/Page_BCS Moodle Log in to the site/button_Log in' is clicked on

2022-01-11 22:42:01 - [TEST_STEP][PASSED] - click(findTestObject("Page_Dashboard/div_Course image")): Object: 'Object Repository/Page_Dashboard/div_Course image' is clicked on

2022-01-11 22:42:04 - [MESSAGE][PASSED] - Object: 'Object Repository/Page_Dashboard/div_Course image' is clicked on

2022-01-11 22:42:04 - [TEST_STEP][PASSED] - click(findTestObject("Object Repository/Page_Course Ton t hp/button_Turn editing on")): Object: 'Object Repository/Page_Course Ton t hp/button_Turn editing on' is clicked on

2022-01-11 22:42:05 - [MESSAGE][PASSED] - Object: 'Object Repository/Page_Course Ton t hp/button_Turn editing on' is clicked on

2022-01-11 22:42:05 - [TEST_STEP][PASSED] - click(findTestObject("Object Repository/Page_Course Ton t hp/span_Add an activity or resource (1)")): Object: 'Object Repository/Page_Course Ton t hp/span_Add an activity or resource (1)' is clicked on

2022-01-11 22:42:06 - [MESSAGE][PASSED] - Object: 'Object Repository/Page_Course Ton t hp/span_Add an activity or resource (1)' is clicked on

2022-01-11 22:42:06 - [TEST_STEP][PASSED] - click(findTestObject("Object Repository/Page_Course Ton t hp/img_Recommended_icon icon")): Object: 'Object Repository/Page_Course Ton t hp/img_Recommended_icon icon' is clicked on

2022-01-11 22:42:09 - [MESSAGE][PASSED] - Object: 'Object Repository/Page_Course Ton t hp/img_Recommended_icon icon' is clicked on

2022-01-11 22:42:09 - [TEST_STEP][PASSED] - click(findTestObject("Page_Editing Assignment/input_Upon activity completion_submitbutton2")): Object: 'Object Repository/Page_Editing Assignment/input_Upon activity completion_submitbutton2' is clicked on

2022-01-11 22:42:10 - [MESSAGE][PASSED] - Object: 'Object Repository/Page_Editing Assignment/input_Upon activity completion_submitbutton2' is clicked on

2022-01-11 22:42:10 - [TEST_STEP][PASSED] - click(findTestObject("Page_Editing Assignment/div_- You must supply a value here")): Object: 'Object Repository/Page_Editing Assignment/div_- You must supply a value here' is clicked on

2022-01-11 22:42:10 - [MESSAGE][PASSED] - Object: 'Object Repository/Page_Editing Assignment/div_- You must supply a value here' is clicked on

2022-01-11 22:42:10 - [TEST_STEP][PASSED] - verifyElementText(findTestObject("Page_Editing Assignment/div_- You must supply a value here"), "- You must supply a value here."): Actual text and expected text of test object 'Object Repository/Page_Editing Assignment/div_- You must supply a value here' are matched.

2022-01-11 22:42:11 - [MESSAGE][PASSED] - Actual text and expected text of test object 'Object Repository/Page_Editing Assignment/div_- You must supply a value here' are matched.

2022-01-11 22:42:11 - [TEST_STEP][PASSED] - closeBrowser(): Browser is closed

2022-01-11 22:42:11 - [MESSAGE][PASSED] - Browser is closed]]></system-out>
         <system-err><![CDATA[]]></system-err>
      </testcase>
      <testcase name="Test Cases/Teacher/Teacher_Add Assignment/Teacher_Add Assignment With Due Date Before Allow Submission From" time="21.641" classname="Test Cases/Teacher/Teacher_Add Assignment/Teacher_Add Assignment With Due Date Before Allow Submission From" status="PASSED">
         <system-out><![CDATA[2022-01-11 22:42:11 - [TEST_CASE][PASSED] - Test Cases/Teacher/Teacher_Add Assignment/Teacher_Add Assignment With Due Date Before Allow Submission From: Test Cases/Teacher/Teacher_Add Assignment/Teacher_Add Assignment With Due Date Before Allow Submission From

2022-01-11 22:42:12 - [TEST_STEP][PASSED] - openBrowser(""): Browser is opened with url: ''

2022-01-11 22:42:12 - [MESSAGE][INFO] - Starting 'Chrome' driver

2022-01-11 22:42:12 - [MESSAGE][INFO] - User set preference: ['args', '[window-size=1300,900]']

2022-01-11 22:42:12 - [MESSAGE][INFO] - Action delay is set to 0 milliseconds

2022-01-11 22:42:13 - [MESSAGE][PASSED] - Browser is opened with url: ''

2022-01-11 22:42:13 - [TEST_STEP][PASSED] - navigateToUrl("http://localhost:8080/moodle/"): Navigate to 'http://localhost:8080/moodle/' successfully

2022-01-11 22:42:14 - [MESSAGE][PASSED] - Navigate to 'http://localhost:8080/moodle/' successfully

2022-01-11 22:42:14 - [TEST_STEP][PASSED] - click(findTestObject("Object Repository/Page_BCS Moodle/a_Log in")): Object: 'Object Repository/Page_BCS Moodle/a_Log in' is clicked on

2022-01-11 22:42:15 - [MESSAGE][PASSED] - Object: 'Object Repository/Page_BCS Moodle/a_Log in' is clicked on

2022-01-11 22:42:15 - [TEST_STEP][PASSED] - setText(findTestObject("Object Repository/Page_BCS Moodle Log in to the site/input_Username_username"), "onix"): Text 'onix' is set on object 'Object Repository/Page_BCS Moodle Log in to the site/input_Username_username'

2022-01-11 22:42:15 - [MESSAGE][PASSED] - Text 'onix' is set on object 'Object Repository/Page_BCS Moodle Log in to the site/input_Username_username'

2022-01-11 22:42:15 - [TEST_STEP][PASSED] - setEncryptedText(findTestObject("Object Repository/Page_BCS Moodle Log in to the site/input_Password_password"), "uw4zQNl2RedGtkZxJt1B2nZNxIOg3YnT"): Text ****** has been set on object 'Object Repository/Page_BCS Moodle Log in to the site/input_Password_password'

2022-01-11 22:42:16 - [MESSAGE][PASSED] - Text ****** has been set on object 'Object Repository/Page_BCS Moodle Log in to the site/input_Password_password'

2022-01-11 22:42:16 - [TEST_STEP][PASSED] - click(findTestObject("Object Repository/Page_BCS Moodle Log in to the site/button_Log in")): Object: 'Object Repository/Page_BCS Moodle Log in to the site/button_Log in' is clicked on

2022-01-11 22:42:18 - [MESSAGE][PASSED] - Object: 'Object Repository/Page_BCS Moodle Log in to the site/button_Log in' is clicked on

2022-01-11 22:42:18 - [TEST_STEP][PASSED] - click(findTestObject("Object Repository/Page_Dashboard/div_Course image")): Object: 'Object Repository/Page_Dashboard/div_Course image' is clicked on

2022-01-11 22:42:20 - [MESSAGE][PASSED] - Object: 'Object Repository/Page_Dashboard/div_Course image' is clicked on

2022-01-11 22:42:20 - [TEST_STEP][PASSED] - click(findTestObject("Object Repository/Page_Course Ton t hp/button_Turn editing on")): Object: 'Object Repository/Page_Course Ton t hp/button_Turn editing on' is clicked on

2022-01-11 22:42:22 - [MESSAGE][PASSED] - Object: 'Object Repository/Page_Course Ton t hp/button_Turn editing on' is clicked on

2022-01-11 22:42:22 - [TEST_STEP][PASSED] - click(findTestObject("Page_Course Ton t hp/span_Add an activity or resource (1)")): Object: 'Object Repository/Page_Course Ton t hp/span_Add an activity or resource (1)' is clicked on

2022-01-11 22:42:23 - [MESSAGE][PASSED] - Object: 'Object Repository/Page_Course Ton t hp/span_Add an activity or resource (1)' is clicked on

2022-01-11 22:42:23 - [TEST_STEP][PASSED] - click(findTestObject("Object Repository/Page_Course Ton t hp/img_Recommended_icon icon")): Object: 'Object Repository/Page_Course Ton t hp/img_Recommended_icon icon' is clicked on

2022-01-11 22:42:26 - [MESSAGE][PASSED] - Object: 'Object Repository/Page_Course Ton t hp/img_Recommended_icon icon' is clicked on

2022-01-11 22:42:26 - [TEST_STEP][PASSED] - setText(findTestObject("Object Repository/Page_Editing Assignment/input_Assignment name_name"), "Assigment With Due Date Before Allow Submission From"): Text 'Assigment With Due Date Before Allow Submission From' is set on object 'Object Repository/Page_Editing Assignment/input_Assignment name_name'

2022-01-11 22:42:27 - [MESSAGE][PASSED] - Text 'Assigment With Due Date Before Allow Submission From' is set on object 'Object Repository/Page_Editing Assignment/input_Assignment name_name'

2022-01-11 22:42:27 - [TEST_STEP][PASSED] - selectOptionByValue(findTestObject("Object Repository/Page_Editing Assignment/select_1        2        3        4        _45ea30"), "3", true): All options with value '3' are selected in object 'Object Repository/Page_Editing Assignment/select_1        2        3        4        _45ea30'  using regular expression

2022-01-11 22:42:29 - [MESSAGE][PASSED] - All options with value '3' are selected in object 'Object Repository/Page_Editing Assignment/select_1        2        3        4        _45ea30'  using regular expression

2022-01-11 22:42:29 - [TEST_STEP][PASSED] - click(findTestObject("Object Repository/Page_Editing Assignment/input_Upon activity completion_submitbutton")): Object: 'Object Repository/Page_Editing Assignment/input_Upon activity completion_submitbutton' is clicked on

2022-01-11 22:42:31 - [MESSAGE][PASSED] - Object: 'Object Repository/Page_Editing Assignment/input_Upon activity completion_submitbutton' is clicked on

2022-01-11 22:42:31 - [TEST_STEP][PASSED] - click(findTestObject("Object Repository/Page_Editing Assignment/div_Due date cannot be earlier than the all_eaad69")): Object: 'Object Repository/Page_Editing Assignment/div_Due date cannot be earlier than the all_eaad69' is clicked on

2022-01-11 22:42:32 - [MESSAGE][PASSED] - Object: 'Object Repository/Page_Editing Assignment/div_Due date cannot be earlier than the all_eaad69' is clicked on

2022-01-11 22:42:32 - [TEST_STEP][PASSED] - verifyElementText(findTestObject("Object Repository/Page_Editing Assignment/div_Due date cannot be earlier than the all_eaad69"), "Due date cannot be earlier than the allow submissions from date."): Actual text and expected text of test object 'Object Repository/Page_Editing Assignment/div_Due date cannot be earlier than the all_eaad69' are matched.

2022-01-11 22:42:32 - [MESSAGE][PASSED] - Actual text and expected text of test object 'Object Repository/Page_Editing Assignment/div_Due date cannot be earlier than the all_eaad69' are matched.

2022-01-11 22:42:32 - [TEST_STEP][PASSED] - closeBrowser(): Browser is closed

2022-01-11 22:42:33 - [MESSAGE][PASSED] - Browser is closed]]></system-out>
         <system-err><![CDATA[]]></system-err>
      </testcase>
      <testcase name="Test Cases/Teacher/Teacher_Add Quiz/Teacher_Add A Short Answer Question With No Full Grade Answer" time="29.633" classname="Test Cases/Teacher/Teacher_Add Quiz/Teacher_Add A Short Answer Question With No Full Grade Answer" status="PASSED">
         <system-out><![CDATA[2022-01-11 22:42:33 - [TEST_CASE][PASSED] - Test Cases/Teacher/Teacher_Add Quiz/Teacher_Add A Short Answer Question With No Full Grade Answer: Test Cases/Teacher/Teacher_Add Quiz/Teacher_Add A Short Answer Question With No Full Grade Answer

2022-01-11 22:42:33 - [TEST_STEP][PASSED] - openBrowser(""): Browser is opened with url: ''

2022-01-11 22:42:33 - [MESSAGE][INFO] - Starting 'Chrome' driver

2022-01-11 22:42:33 - [MESSAGE][INFO] - User set preference: ['args', '[window-size=1300,900]']

2022-01-11 22:42:33 - [MESSAGE][INFO] - Action delay is set to 0 milliseconds

2022-01-11 22:42:35 - [MESSAGE][PASSED] - Browser is opened with url: ''

2022-01-11 22:42:35 - [TEST_STEP][PASSED] - navigateToUrl("http://localhost:8080/moodle/"): Navigate to 'http://localhost:8080/moodle/' successfully

2022-01-11 22:42:35 - [MESSAGE][PASSED] - Navigate to 'http://localhost:8080/moodle/' successfully

2022-01-11 22:42:35 - [TEST_STEP][PASSED] - click(findTestObject("Object Repository/Page_BCS Moodle/a_Log in")): Object: 'Object Repository/Page_BCS Moodle/a_Log in' is clicked on

2022-01-11 22:42:36 - [MESSAGE][PASSED] - Object: 'Object Repository/Page_BCS Moodle/a_Log in' is clicked on

2022-01-11 22:42:36 - [TEST_STEP][PASSED] - setText(findTestObject("Object Repository/Page_BCS Moodle Log in to the site/input_Username_username"), "onix"): Text 'onix' is set on object 'Object Repository/Page_BCS Moodle Log in to the site/input_Username_username'

2022-01-11 22:42:37 - [MESSAGE][PASSED] - Text 'onix' is set on object 'Object Repository/Page_BCS Moodle Log in to the site/input_Username_username'

2022-01-11 22:42:37 - [TEST_STEP][PASSED] - setEncryptedText(findTestObject("Object Repository/Page_BCS Moodle Log in to the site/input_Password_password"), "uw4zQNl2RedGtkZxJt1B2nZNxIOg3YnT"): Text ****** has been set on object 'Object Repository/Page_BCS Moodle Log in to the site/input_Password_password'

2022-01-11 22:42:37 - [MESSAGE][PASSED] - Text ****** has been set on object 'Object Repository/Page_BCS Moodle Log in to the site/input_Password_password'

2022-01-11 22:42:37 - [TEST_STEP][PASSED] - click(findTestObject("Object Repository/Page_BCS Moodle Log in to the site/button_Log in")): Object: 'Object Repository/Page_BCS Moodle Log in to the site/button_Log in' is clicked on

2022-01-11 22:42:39 - [MESSAGE][PASSED] - Object: 'Object Repository/Page_BCS Moodle Log in to the site/button_Log in' is clicked on

2022-01-11 22:42:39 - [TEST_STEP][PASSED] - click(findTestObject("Object Repository/Page_Dashboard/div_Course image")): Object: 'Object Repository/Page_Dashboard/div_Course image' is clicked on

2022-01-11 22:42:41 - [MESSAGE][PASSED] - Object: 'Object Repository/Page_Dashboard/div_Course image' is clicked on

2022-01-11 22:42:41 - [TEST_STEP][PASSED] - click(findTestObject("Object Repository/Page_Course Ton t hp/button_Turn editing on")): Object: 'Object Repository/Page_Course Ton t hp/button_Turn editing on' is clicked on

2022-01-11 22:42:43 - [MESSAGE][PASSED] - Object: 'Object Repository/Page_Course Ton t hp/button_Turn editing on' is clicked on

2022-01-11 22:42:43 - [TEST_STEP][PASSED] - click(findTestObject("Object Repository/Page_Course Ton t hp/span_Add an activity or resource (4)")): Object: 'Object Repository/Page_Course Ton t hp/span_Add an activity or resource (4)' is clicked on

2022-01-11 22:42:44 - [MESSAGE][PASSED] - Object: 'Object Repository/Page_Course Ton t hp/span_Add an activity or resource (4)' is clicked on

2022-01-11 22:42:44 - [TEST_STEP][PASSED] - click(findTestObject("Object Repository/Page_Course Ton t hp/a_Quiz_1")): Object: 'Object Repository/Page_Course Ton t hp/a_Quiz_1' is clicked on

2022-01-11 22:42:47 - [MESSAGE][PASSED] - Object: 'Object Repository/Page_Course Ton t hp/a_Quiz_1' is clicked on

2022-01-11 22:42:47 - [TEST_STEP][PASSED] - setText(findTestObject("Object Repository/Page_Editing Quiz/input_Name_name"), "This is a quiz that has a short answer question with no full grade answer"): Text 'This is a quiz that has a short answer question with no full grade answer' is set on object 'Object Repository/Page_Editing Quiz/input_Name_name'

2022-01-11 22:42:48 - [MESSAGE][PASSED] - Text 'This is a quiz that has a short answer question with no full grade answer' is set on object 'Object Repository/Page_Editing Quiz/input_Name_name'

2022-01-11 22:42:48 - [TEST_STEP][PASSED] - click(findTestObject("Object Repository/Page_Editing Quiz/input_Upon activity completion_submitbutton")): Object: 'Object Repository/Page_Editing Quiz/input_Upon activity completion_submitbutton' is clicked on

2022-01-11 22:42:50 - [MESSAGE][PASSED] - Object: 'Object Repository/Page_Editing Quiz/input_Upon activity completion_submitbutton' is clicked on

2022-01-11 22:42:50 - [TEST_STEP][PASSED] - click(findTestObject("Object Repository/Page_TTH This is a quiz with a name/button_Edit quiz")): Object: 'Object Repository/Page_TTH This is a quiz with a name/button_Edit quiz' is clicked on

2022-01-11 22:42:52 - [MESSAGE][PASSED] - Object: 'Object Repository/Page_TTH This is a quiz with a name/button_Edit quiz' is clicked on

2022-01-11 22:42:52 - [TEST_STEP][PASSED] - click(findTestObject("Object Repository/Page_Editing quiz This is a quiz with a name/a_Add")): Object: 'Object Repository/Page_Editing quiz This is a quiz with a name/a_Add' is clicked on

2022-01-11 22:42:53 - [MESSAGE][PASSED] - Object: 'Object Repository/Page_Editing quiz This is a quiz with a name/a_Add' is clicked on

2022-01-11 22:42:53 - [TEST_STEP][PASSED] - click(findTestObject("Object Repository/Page_Editing quiz This is a quiz with a name/span_a new question")): Object: 'Object Repository/Page_Editing quiz This is a quiz with a name/span_a new question' is clicked on

2022-01-11 22:42:53 - [MESSAGE][PASSED] - Object: 'Object Repository/Page_Editing quiz This is a quiz with a name/span_a new question' is clicked on

2022-01-11 22:42:53 - [TEST_STEP][PASSED] - click(findTestObject("Object Repository/Page_Editing quiz This is a quiz with a name/label_Short answer                         _b7d048")): Object: 'Object Repository/Page_Editing quiz This is a quiz with a name/label_Short answer                         _b7d048' is clicked on

2022-01-11 22:42:54 - [MESSAGE][PASSED] - Object: 'Object Repository/Page_Editing quiz This is a quiz with a name/label_Short answer                         _b7d048' is clicked on

2022-01-11 22:42:54 - [TEST_STEP][PASSED] - click(findTestObject("Object Repository/Page_Editing quiz This is a quiz with a name/input_Description_submitbutton")): Object: 'Object Repository/Page_Editing quiz This is a quiz with a name/input_Description_submitbutton' is clicked on

2022-01-11 22:42:55 - [MESSAGE][PASSED] - Object: 'Object Repository/Page_Editing quiz This is a quiz with a name/input_Description_submitbutton' is clicked on

2022-01-11 22:42:55 - [TEST_STEP][PASSED] - setText(findTestObject("Object Repository/Page_Editing a Short answer question/input_Question name_name"), "A short answer question"): Text 'A short answer question' is set on object 'Object Repository/Page_Editing a Short answer question/input_Question name_name'

2022-01-11 22:42:56 - [MESSAGE][PASSED] - Text 'A short answer question' is set on object 'Object Repository/Page_Editing a Short answer question/input_Question name_name'

2022-01-11 22:42:56 - [TEST_STEP][PASSED] - setText(findTestObject("Object Repository/Page_Editing a Short answer question/div_Question text"), "Question text"): Text 'Question text' is set on object 'Object Repository/Page_Editing a Short answer question/div_Question text'

2022-01-11 22:42:58 - [MESSAGE][PASSED] - Text 'Question text' is set on object 'Object Repository/Page_Editing a Short answer question/div_Question text'

2022-01-11 22:42:58 - [TEST_STEP][PASSED] - setText(findTestObject("Object Repository/Page_Editing a Short answer question/input_Answer 1_answer0"), "Answer that is not full grade"): Text 'Answer that is not full grade' is set on object 'Object Repository/Page_Editing a Short answer question/input_Answer 1_answer0'

2022-01-11 22:42:59 - [MESSAGE][PASSED] - Text 'Answer that is not full grade' is set on object 'Object Repository/Page_Editing a Short answer question/input_Answer 1_answer0'

2022-01-11 22:42:59 - [TEST_STEP][PASSED] - setText(findTestObject("Object Repository/Page_Editing a Short answer question/input_Answer 2_answer1"), "Another answer that is not full grade"): Text 'Another answer that is not full grade' is set on object 'Object Repository/Page_Editing a Short answer question/input_Answer 2_answer1'

2022-01-11 22:42:59 - [MESSAGE][PASSED] - Text 'Another answer that is not full grade' is set on object 'Object Repository/Page_Editing a Short answer question/input_Answer 2_answer1'

2022-01-11 22:42:59 - [TEST_STEP][PASSED] - click(findTestObject("Object Repository/Page_Editing a Short answer question/input__submitbutton")): Object: 'Object Repository/Page_Editing a Short answer question/input__submitbutton' is clicked on

2022-01-11 22:43:01 - [MESSAGE][PASSED] - Object: 'Object Repository/Page_Editing a Short answer question/input__submitbutton' is clicked on

2022-01-11 22:43:01 - [TEST_STEP][PASSED] - verifyElementText(findTestObject("Object Repository/Page_Editing a Short answer question/div_One of the answers should have a score _23965b"), "One of the answers should have a score of 100% so it is possible to get full marks for this question."): Actual text and expected text of test object 'Object Repository/Page_Editing a Short answer question/div_One of the answers should have a score _23965b' are matched.

2022-01-11 22:43:02 - [MESSAGE][PASSED] - Actual text and expected text of test object 'Object Repository/Page_Editing a Short answer question/div_One of the answers should have a score _23965b' are matched.

2022-01-11 22:43:02 - [TEST_STEP][PASSED] - closeBrowser(): Browser is closed

2022-01-11 22:43:03 - [MESSAGE][PASSED] - Browser is closed]]></system-out>
         <system-err><![CDATA[]]></system-err>
      </testcase>
      <testcase name="Test Cases/Teacher/Teacher_Add Assignment/Teacher_Add Assignment With Submission Type" time="20.87" classname="Test Cases/Teacher/Teacher_Add Assignment/Teacher_Add Assignment With Submission Type" status="PASSED">
         <system-out><![CDATA[2022-01-11 22:43:03 - [TEST_CASE][PASSED] - Test Cases/Teacher/Teacher_Add Assignment/Teacher_Add Assignment With Submission Type: Test Cases/Teacher/Teacher_Add Assignment/Teacher_Add Assignment With Submission Type

2022-01-11 22:43:03 - [TEST_STEP][PASSED] - openBrowser(""): Browser is opened with url: ''

2022-01-11 22:43:03 - [MESSAGE][INFO] - Starting 'Chrome' driver

2022-01-11 22:43:03 - [MESSAGE][INFO] - User set preference: ['args', '[window-size=1300,900]']

2022-01-11 22:43:03 - [MESSAGE][INFO] - Action delay is set to 0 milliseconds

2022-01-11 22:43:04 - [MESSAGE][PASSED] - Browser is opened with url: ''

2022-01-11 22:43:04 - [TEST_STEP][PASSED] - navigateToUrl("http://localhost:8080/moodle/"): Navigate to 'http://localhost:8080/moodle/' successfully

2022-01-11 22:43:05 - [MESSAGE][PASSED] - Navigate to 'http://localhost:8080/moodle/' successfully

2022-01-11 22:43:05 - [TEST_STEP][PASSED] - click(findTestObject("Object Repository/Page_BCS Moodle/a_Log in")): Object: 'Object Repository/Page_BCS Moodle/a_Log in' is clicked on

2022-01-11 22:43:06 - [MESSAGE][PASSED] - Object: 'Object Repository/Page_BCS Moodle/a_Log in' is clicked on

2022-01-11 22:43:06 - [TEST_STEP][PASSED] - setText(findTestObject("Object Repository/Page_BCS Moodle Log in to the site/input_Username_username"), "onix"): Text 'onix' is set on object 'Object Repository/Page_BCS Moodle Log in to the site/input_Username_username'

2022-01-11 22:43:07 - [MESSAGE][PASSED] - Text 'onix' is set on object 'Object Repository/Page_BCS Moodle Log in to the site/input_Username_username'

2022-01-11 22:43:07 - [TEST_STEP][PASSED] - setEncryptedText(findTestObject("Object Repository/Page_BCS Moodle Log in to the site/input_Password_password"), "uw4zQNl2RedGtkZxJt1B2nZNxIOg3YnT"): Text ****** has been set on object 'Object Repository/Page_BCS Moodle Log in to the site/input_Password_password'

2022-01-11 22:43:07 - [MESSAGE][PASSED] - Text ****** has been set on object 'Object Repository/Page_BCS Moodle Log in to the site/input_Password_password'

2022-01-11 22:43:07 - [TEST_STEP][PASSED] - click(findTestObject("Object Repository/Page_BCS Moodle Log in to the site/button_Log in")): Object: 'Object Repository/Page_BCS Moodle Log in to the site/button_Log in' is clicked on

2022-01-11 22:43:09 - [MESSAGE][PASSED] - Object: 'Object Repository/Page_BCS Moodle Log in to the site/button_Log in' is clicked on

2022-01-11 22:43:09 - [TEST_STEP][PASSED] - click(findTestObject("Object Repository/Page_Dashboard/div_Course image")): Object: 'Object Repository/Page_Dashboard/div_Course image' is clicked on

2022-01-11 22:43:11 - [MESSAGE][PASSED] - Object: 'Object Repository/Page_Dashboard/div_Course image' is clicked on

2022-01-11 22:43:11 - [TEST_STEP][PASSED] - click(findTestObject("Object Repository/Page_Course Ton t hp/button_Turn editing on")): Object: 'Object Repository/Page_Course Ton t hp/button_Turn editing on' is clicked on

2022-01-11 22:43:13 - [MESSAGE][PASSED] - Object: 'Object Repository/Page_Course Ton t hp/button_Turn editing on' is clicked on

2022-01-11 22:43:13 - [TEST_STEP][PASSED] - click(findTestObject("Page_Course Ton t hp/span_Add an activity or resource (1)")): Object: 'Object Repository/Page_Course Ton t hp/span_Add an activity or resource (1)' is clicked on

2022-01-11 22:43:13 - [MESSAGE][PASSED] - Object: 'Object Repository/Page_Course Ton t hp/span_Add an activity or resource (1)' is clicked on

2022-01-11 22:43:13 - [TEST_STEP][PASSED] - click(findTestObject("Object Repository/Page_Course Ton t hp/img_Recommended_icon icon")): Object: 'Object Repository/Page_Course Ton t hp/img_Recommended_icon icon' is clicked on

2022-01-11 22:43:16 - [MESSAGE][PASSED] - Object: 'Object Repository/Page_Course Ton t hp/img_Recommended_icon icon' is clicked on

2022-01-11 22:43:16 - [TEST_STEP][PASSED] - setText(findTestObject("Object Repository/Page_Editing Assignment/input_Assignment name_name"), "Assignment With Submission Type"): Text 'Assignment With Submission Type' is set on object 'Object Repository/Page_Editing Assignment/input_Assignment name_name'

2022-01-11 22:43:18 - [MESSAGE][PASSED] - Text 'Assignment With Submission Type' is set on object 'Object Repository/Page_Editing Assignment/input_Assignment name_name'

2022-01-11 22:43:18 - [TEST_STEP][PASSED] - click(findTestObject("Object Repository/Page_Editing Assignment/input_Accepted file types_yui_3_17_2_1_1641_bd45fe")): Object: 'Object Repository/Page_Editing Assignment/input_Accepted file types_yui_3_17_2_1_1641_bd45fe' is clicked on

2022-01-11 22:43:18 - [MESSAGE][PASSED] - Object: 'Object Repository/Page_Editing Assignment/input_Accepted file types_yui_3_17_2_1_1641_bd45fe' is clicked on

2022-01-11 22:43:18 - [TEST_STEP][PASSED] - click(findTestObject("Object Repository/Page_Editing Assignment/input_All file types_yui_3_17_2_1_164139728_b9002d")): Object: 'Object Repository/Page_Editing Assignment/input_All file types_yui_3_17_2_1_164139728_b9002d' is clicked on

2022-01-11 22:43:19 - [MESSAGE][PASSED] - Object: 'Object Repository/Page_Editing Assignment/input_All file types_yui_3_17_2_1_164139728_b9002d' is clicked on

2022-01-11 22:43:19 - [TEST_STEP][PASSED] - click(findTestObject("Object Repository/Page_Editing Assignment/input_tgz_yui_3_17_2_1_1641397287136_1550")): Object: 'Object Repository/Page_Editing Assignment/input_tgz_yui_3_17_2_1_1641397287136_1550' is clicked on

2022-01-11 22:43:20 - [MESSAGE][PASSED] - Object: 'Object Repository/Page_Editing Assignment/input_tgz_yui_3_17_2_1_1641397287136_1550' is clicked on

2022-01-11 22:43:20 - [TEST_STEP][PASSED] - click(findTestObject("Object Repository/Page_Editing Assignment/button_Save changes")): Object: 'Object Repository/Page_Editing Assignment/button_Save changes' is clicked on

2022-01-11 22:43:20 - [MESSAGE][PASSED] - Object: 'Object Repository/Page_Editing Assignment/button_Save changes' is clicked on

2022-01-11 22:43:20 - [TEST_STEP][PASSED] - click(findTestObject("Object Repository/Page_Editing Assignment/input_Upon activity completion_submitbutton2")): Object: 'Object Repository/Page_Editing Assignment/input_Upon activity completion_submitbutton2' is clicked on

2022-01-11 22:43:23 - [MESSAGE][PASSED] - Object: 'Object Repository/Page_Editing Assignment/input_Upon activity completion_submitbutton2' is clicked on

2022-01-11 22:43:23 - [TEST_STEP][PASSED] - closeBrowser(): Browser is closed

2022-01-11 22:43:24 - [MESSAGE][PASSED] - Browser is closed]]></system-out>
         <system-err><![CDATA[]]></system-err>
      </testcase>
      <testcase name="Test Cases/Teacher/Teacher_Add Quiz/Teacher_Quiz Add A Multiple Choices Question With Only One Answer" time="30.732" classname="Test Cases/Teacher/Teacher_Add Quiz/Teacher_Quiz Add A Multiple Choices Question With Only One Answer" status="PASSED">
         <system-out><![CDATA[2022-01-11 22:43:24 - [TEST_CASE][PASSED] - Test Cases/Teacher/Teacher_Add Quiz/Teacher_Quiz Add A Multiple Choices Question With Only One Answer: Test Cases/Teacher/Teacher_Add Quiz/Teacher_Quiz Add A Multiple Choices Question With Only One Answer

2022-01-11 22:43:24 - [TEST_STEP][PASSED] - openBrowser(""): Browser is opened with url: ''

2022-01-11 22:43:24 - [MESSAGE][INFO] - Starting 'Chrome' driver

2022-01-11 22:43:24 - [MESSAGE][INFO] - User set preference: ['args', '[window-size=1300,900]']

2022-01-11 22:43:24 - [MESSAGE][INFO] - Action delay is set to 0 milliseconds

2022-01-11 22:43:25 - [MESSAGE][PASSED] - Browser is opened with url: ''

2022-01-11 22:43:25 - [TEST_STEP][PASSED] - navigateToUrl("http://localhost:8080/moodle/"): Navigate to 'http://localhost:8080/moodle/' successfully

2022-01-11 22:43:26 - [MESSAGE][PASSED] - Navigate to 'http://localhost:8080/moodle/' successfully

2022-01-11 22:43:26 - [TEST_STEP][PASSED] - click(findTestObject("Object Repository/Page_BCS Moodle/a_Log in")): Object: 'Object Repository/Page_BCS Moodle/a_Log in' is clicked on

2022-01-11 22:43:27 - [MESSAGE][PASSED] - Object: 'Object Repository/Page_BCS Moodle/a_Log in' is clicked on

2022-01-11 22:43:27 - [TEST_STEP][PASSED] - setText(findTestObject("Object Repository/Page_BCS Moodle Log in to the site/input_Username_username"), "onix"): Text 'onix' is set on object 'Object Repository/Page_BCS Moodle Log in to the site/input_Username_username'

2022-01-11 22:43:27 - [MESSAGE][PASSED] - Text 'onix' is set on object 'Object Repository/Page_BCS Moodle Log in to the site/input_Username_username'

2022-01-11 22:43:27 - [TEST_STEP][PASSED] - setEncryptedText(findTestObject("Object Repository/Page_BCS Moodle Log in to the site/input_Password_password"), "uw4zQNl2RedGtkZxJt1B2nZNxIOg3YnT"): Text ****** has been set on object 'Object Repository/Page_BCS Moodle Log in to the site/input_Password_password'

2022-01-11 22:43:28 - [MESSAGE][PASSED] - Text ****** has been set on object 'Object Repository/Page_BCS Moodle Log in to the site/input_Password_password'

2022-01-11 22:43:28 - [TEST_STEP][PASSED] - click(findTestObject("Object Repository/Page_BCS Moodle Log in to the site/button_Log in")): Object: 'Object Repository/Page_BCS Moodle Log in to the site/button_Log in' is clicked on

2022-01-11 22:43:29 - [MESSAGE][PASSED] - Object: 'Object Repository/Page_BCS Moodle Log in to the site/button_Log in' is clicked on

2022-01-11 22:43:29 - [TEST_STEP][PASSED] - click(findTestObject("Object Repository/Page_Dashboard/div_Course image")): Object: 'Object Repository/Page_Dashboard/div_Course image' is clicked on

2022-01-11 22:43:32 - [MESSAGE][PASSED] - Object: 'Object Repository/Page_Dashboard/div_Course image' is clicked on

2022-01-11 22:43:32 - [TEST_STEP][PASSED] - click(findTestObject("Object Repository/Page_Course Ton t hp/button_Turn editing on")): Object: 'Object Repository/Page_Course Ton t hp/button_Turn editing on' is clicked on

2022-01-11 22:43:33 - [MESSAGE][PASSED] - Object: 'Object Repository/Page_Course Ton t hp/button_Turn editing on' is clicked on

2022-01-11 22:43:33 - [TEST_STEP][PASSED] - click(findTestObject("Object Repository/Page_Course Ton t hp/span_Add an activity or resource (4)")): Object: 'Object Repository/Page_Course Ton t hp/span_Add an activity or resource (4)' is clicked on

2022-01-11 22:43:34 - [MESSAGE][PASSED] - Object: 'Object Repository/Page_Course Ton t hp/span_Add an activity or resource (4)' is clicked on

2022-01-11 22:43:34 - [TEST_STEP][PASSED] - click(findTestObject("Object Repository/Page_Course Ton t hp/a_Quiz_1")): Object: 'Object Repository/Page_Course Ton t hp/a_Quiz_1' is clicked on

2022-01-11 22:43:37 - [MESSAGE][PASSED] - Object: 'Object Repository/Page_Course Ton t hp/a_Quiz_1' is clicked on

2022-01-11 22:43:37 - [TEST_STEP][PASSED] - setText(findTestObject("Object Repository/Page_Editing Quiz/input_Name_name"), "This is a quiz with a multiple choices question with only one answer"): Text 'This is a quiz with a multiple choices question with only one answer' is set on object 'Object Repository/Page_Editing Quiz/input_Name_name'

2022-01-11 22:43:39 - [MESSAGE][PASSED] - Text 'This is a quiz with a multiple choices question with only one answer' is set on object 'Object Repository/Page_Editing Quiz/input_Name_name'

2022-01-11 22:43:39 - [TEST_STEP][PASSED] - click(findTestObject("Object Repository/Page_Editing Quiz/input_Upon activity completion_submitbutton")): Object: 'Object Repository/Page_Editing Quiz/input_Upon activity completion_submitbutton' is clicked on

2022-01-11 22:43:40 - [MESSAGE][PASSED] - Object: 'Object Repository/Page_Editing Quiz/input_Upon activity completion_submitbutton' is clicked on

2022-01-11 22:43:40 - [TEST_STEP][PASSED] - click(findTestObject("Object Repository/Page_TTH This is a quiz with a question tha_2529fa/button_Edit quiz")): Object: 'Object Repository/Page_TTH This is a quiz with a question tha_2529fa/button_Edit quiz' is clicked on

2022-01-11 22:43:42 - [MESSAGE][PASSED] - Object: 'Object Repository/Page_TTH This is a quiz with a question tha_2529fa/button_Edit quiz' is clicked on

2022-01-11 22:43:42 - [TEST_STEP][PASSED] - click(findTestObject("Object Repository/Page_Editing quiz A multiple choices questi_f96158/span_Add")): Object: 'Object Repository/Page_Editing quiz A multiple choices questi_f96158/span_Add' is clicked on

2022-01-11 22:43:43 - [MESSAGE][PASSED] - Object: 'Object Repository/Page_Editing quiz A multiple choices questi_f96158/span_Add' is clicked on

2022-01-11 22:43:43 - [TEST_STEP][PASSED] - click(findTestObject("Object Repository/Page_Editing quiz A multiple choices questi_f96158/span_a new question")): Object: 'Object Repository/Page_Editing quiz A multiple choices questi_f96158/span_a new question' is clicked on

2022-01-11 22:43:43 - [MESSAGE][PASSED] - Object: 'Object Repository/Page_Editing quiz A multiple choices questi_f96158/span_a new question' is clicked on

2022-01-11 22:43:43 - [TEST_STEP][PASSED] - click(findTestObject("Object Repository/Page_Editing quiz A multiple choices questi_f96158/span_Multiple choice")): Object: 'Object Repository/Page_Editing quiz A multiple choices questi_f96158/span_Multiple choice' is clicked on

2022-01-11 22:43:44 - [MESSAGE][PASSED] - Object: 'Object Repository/Page_Editing quiz A multiple choices questi_f96158/span_Multiple choice' is clicked on

2022-01-11 22:43:44 - [TEST_STEP][PASSED] - click(findTestObject("Object Repository/Page_Editing quiz A multiple choices questi_f96158/input_Description_submitbutton")): Object: 'Object Repository/Page_Editing quiz A multiple choices questi_f96158/input_Description_submitbutton' is clicked on

2022-01-11 22:43:46 - [MESSAGE][PASSED] - Object: 'Object Repository/Page_Editing quiz A multiple choices questi_f96158/input_Description_submitbutton' is clicked on

2022-01-11 22:43:46 - [TEST_STEP][PASSED] - setText(findTestObject("Object Repository/Page_Editing a Multiple choice question/input_Question name_name"), "A multiple choices question that has only one answer"): Text 'A multiple choices question that has only one answer' is set on object 'Object Repository/Page_Editing a Multiple choice question/input_Question name_name'

2022-01-11 22:43:47 - [MESSAGE][PASSED] - Text 'A multiple choices question that has only one answer' is set on object 'Object Repository/Page_Editing a Multiple choice question/input_Question name_name'

2022-01-11 22:43:47 - [TEST_STEP][PASSED] - setText(findTestObject("Object Repository/Page_Editing a Multiple choice question/div_ques text"), "Question text"): Text 'Question text' is set on object 'Object Repository/Page_Editing a Multiple choice question/div_ques text'

2022-01-11 22:43:48 - [MESSAGE][PASSED] - Text 'Question text' is set on object 'Object Repository/Page_Editing a Multiple choice question/div_ques text'

2022-01-11 22:43:48 - [TEST_STEP][PASSED] - setText(findTestObject("Object Repository/Page_Editing a Multiple choice question/div_Choice 1"), "The only answer of this question"): Text 'The only answer of this question' is set on object 'Object Repository/Page_Editing a Multiple choice question/div_Choice 1'

2022-01-11 22:43:49 - [MESSAGE][PASSED] - Text 'The only answer of this question' is set on object 'Object Repository/Page_Editing a Multiple choice question/div_Choice 1'

2022-01-11 22:43:49 - [TEST_STEP][PASSED] - selectOptionByValue(findTestObject("Object Repository/Page_Editing a Multiple choice question/select_None            100            90   _353130"), "1.0", true): All options with value '1.0' are selected in object 'Object Repository/Page_Editing a Multiple choice question/select_None            100            90   _353130'  using regular expression

2022-01-11 22:43:51 - [MESSAGE][PASSED] - All options with value '1.0' are selected in object 'Object Repository/Page_Editing a Multiple choice question/select_None            100            90   _353130'  using regular expression

2022-01-11 22:43:51 - [TEST_STEP][PASSED] - click(findTestObject("Object Repository/Page_Editing a Multiple choice question/input__submitbutton")): Object: 'Object Repository/Page_Editing a Multiple choice question/input__submitbutton' is clicked on

2022-01-11 22:43:53 - [MESSAGE][PASSED] - Object: 'Object Repository/Page_Editing a Multiple choice question/input__submitbutton' is clicked on

2022-01-11 22:43:53 - [TEST_STEP][PASSED] - verifyElementText(findTestObject("Object Repository/Page_Editing a Multiple choice question/div_This type of question requires at least_02af54"), "This type of question requires at least 2 choices"): Actual text and expected text of test object 'Object Repository/Page_Editing a Multiple choice question/div_This type of question requires at least_02af54' are matched.

2022-01-11 22:43:54 - [MESSAGE][PASSED] - Actual text and expected text of test object 'Object Repository/Page_Editing a Multiple choice question/div_This type of question requires at least_02af54' are matched.

2022-01-11 22:43:54 - [TEST_STEP][PASSED] - closeBrowser(): Browser is closed

2022-01-11 22:43:54 - [MESSAGE][PASSED] - Browser is closed]]></system-out>
         <system-err><![CDATA[]]></system-err>
      </testcase>
      <testcase name="Test Cases/Teacher/Teacher_Add Quiz/Teacher_Quiz Add Question With Missing Question Text" time="25.598" classname="Test Cases/Teacher/Teacher_Add Quiz/Teacher_Quiz Add Question With Missing Question Text" status="PASSED">
         <system-out><![CDATA[2022-01-11 22:43:54 - [TEST_CASE][PASSED] - Test Cases/Teacher/Teacher_Add Quiz/Teacher_Quiz Add Question With Missing Question Text: Test Cases/Teacher/Teacher_Add Quiz/Teacher_Quiz Add Question With Missing Question Text

2022-01-11 22:43:55 - [TEST_STEP][PASSED] - openBrowser(""): Browser is opened with url: ''

2022-01-11 22:43:55 - [MESSAGE][INFO] - Starting 'Chrome' driver

2022-01-11 22:43:55 - [MESSAGE][INFO] - User set preference: ['args', '[window-size=1300,900]']

2022-01-11 22:43:55 - [MESSAGE][INFO] - Action delay is set to 0 milliseconds

2022-01-11 22:43:56 - [MESSAGE][PASSED] - Browser is opened with url: ''

2022-01-11 22:43:56 - [TEST_STEP][PASSED] - navigateToUrl("http://localhost:8080/moodle/"): Navigate to 'http://localhost:8080/moodle/' successfully

2022-01-11 22:43:57 - [MESSAGE][PASSED] - Navigate to 'http://localhost:8080/moodle/' successfully

2022-01-11 22:43:57 - [TEST_STEP][PASSED] - click(findTestObject("Object Repository/Page_BCS Moodle/a_Log in")): Object: 'Object Repository/Page_BCS Moodle/a_Log in' is clicked on

2022-01-11 22:43:57 - [MESSAGE][PASSED] - Object: 'Object Repository/Page_BCS Moodle/a_Log in' is clicked on

2022-01-11 22:43:57 - [TEST_STEP][PASSED] - setText(findTestObject("Object Repository/Page_BCS Moodle Log in to the site/input_Username_username"), "onix"): Text 'onix' is set on object 'Object Repository/Page_BCS Moodle Log in to the site/input_Username_username'

2022-01-11 22:43:58 - [MESSAGE][PASSED] - Text 'onix' is set on object 'Object Repository/Page_BCS Moodle Log in to the site/input_Username_username'

2022-01-11 22:43:58 - [TEST_STEP][PASSED] - setEncryptedText(findTestObject("Object Repository/Page_BCS Moodle Log in to the site/input_Password_password"), "uw4zQNl2RedGtkZxJt1B2nZNxIOg3YnT"): Text ****** has been set on object 'Object Repository/Page_BCS Moodle Log in to the site/input_Password_password'

2022-01-11 22:43:59 - [MESSAGE][PASSED] - Text ****** has been set on object 'Object Repository/Page_BCS Moodle Log in to the site/input_Password_password'

2022-01-11 22:43:59 - [TEST_STEP][PASSED] - click(findTestObject("Object Repository/Page_BCS Moodle Log in to the site/button_Log in")): Object: 'Object Repository/Page_BCS Moodle Log in to the site/button_Log in' is clicked on

2022-01-11 22:44:00 - [MESSAGE][PASSED] - Object: 'Object Repository/Page_BCS Moodle Log in to the site/button_Log in' is clicked on

2022-01-11 22:44:00 - [TEST_STEP][PASSED] - click(findTestObject("Object Repository/Page_Dashboard/div_Course image")): Object: 'Object Repository/Page_Dashboard/div_Course image' is clicked on

2022-01-11 22:44:03 - [MESSAGE][PASSED] - Object: 'Object Repository/Page_Dashboard/div_Course image' is clicked on

2022-01-11 22:44:03 - [TEST_STEP][PASSED] - click(findTestObject("Object Repository/Page_Course Ton t hp/button_Turn editing on")): Object: 'Object Repository/Page_Course Ton t hp/button_Turn editing on' is clicked on

2022-01-11 22:44:05 - [MESSAGE][PASSED] - Object: 'Object Repository/Page_Course Ton t hp/button_Turn editing on' is clicked on

2022-01-11 22:44:05 - [TEST_STEP][PASSED] - click(findTestObject("Object Repository/Page_Course Ton t hp/span_Add an activity or resource (4)")): Object: 'Object Repository/Page_Course Ton t hp/span_Add an activity or resource (4)' is clicked on

2022-01-11 22:44:06 - [MESSAGE][PASSED] - Object: 'Object Repository/Page_Course Ton t hp/span_Add an activity or resource (4)' is clicked on

2022-01-11 22:44:06 - [TEST_STEP][PASSED] - click(findTestObject("Object Repository/Page_Course Ton t hp/a_Quiz_1")): Object: 'Object Repository/Page_Course Ton t hp/a_Quiz_1' is clicked on

2022-01-11 22:44:08 - [MESSAGE][PASSED] - Object: 'Object Repository/Page_Course Ton t hp/a_Quiz_1' is clicked on

2022-01-11 22:44:08 - [TEST_STEP][PASSED] - setText(findTestObject("Object Repository/Page_Editing Quiz/input_Name_name"), "This is a quiz with a question that is missing question text"): Text 'This is a quiz with a question that is missing question text' is set on object 'Object Repository/Page_Editing Quiz/input_Name_name'

2022-01-11 22:44:10 - [MESSAGE][PASSED] - Text 'This is a quiz with a question that is missing question text' is set on object 'Object Repository/Page_Editing Quiz/input_Name_name'

2022-01-11 22:44:10 - [TEST_STEP][PASSED] - click(findTestObject("Object Repository/Page_Editing Quiz/input_Upon activity completion_submitbutton")): Object: 'Object Repository/Page_Editing Quiz/input_Upon activity completion_submitbutton' is clicked on

2022-01-11 22:44:12 - [MESSAGE][PASSED] - Object: 'Object Repository/Page_Editing Quiz/input_Upon activity completion_submitbutton' is clicked on

2022-01-11 22:44:12 - [TEST_STEP][PASSED] - click(findTestObject("Object Repository/Page_TTH This is a quiz with a question tha_2529fa/button_Edit quiz")): Object: 'Object Repository/Page_TTH This is a quiz with a question tha_2529fa/button_Edit quiz' is clicked on

2022-01-11 22:44:13 - [MESSAGE][PASSED] - Object: 'Object Repository/Page_TTH This is a quiz with a question tha_2529fa/button_Edit quiz' is clicked on

2022-01-11 22:44:13 - [TEST_STEP][PASSED] - click(findTestObject("Object Repository/Page_Editing quiz This is a quiz with a que_40dacb/span_Add")): Object: 'Object Repository/Page_Editing quiz This is a quiz with a que_40dacb/span_Add' is clicked on

2022-01-11 22:44:14 - [MESSAGE][PASSED] - Object: 'Object Repository/Page_Editing quiz This is a quiz with a que_40dacb/span_Add' is clicked on

2022-01-11 22:44:14 - [TEST_STEP][PASSED] - click(findTestObject("Object Repository/Page_Editing quiz This is a quiz with a que_40dacb/span_a new question")): Object: 'Object Repository/Page_Editing quiz This is a quiz with a que_40dacb/span_a new question' is clicked on

2022-01-11 22:44:15 - [MESSAGE][PASSED] - Object: 'Object Repository/Page_Editing quiz This is a quiz with a que_40dacb/span_a new question' is clicked on

2022-01-11 22:44:15 - [TEST_STEP][PASSED] - click(findTestObject("Object Repository/Page_Editing quiz This is a quiz with a que_40dacb/span_Multiple choice")): Object: 'Object Repository/Page_Editing quiz This is a quiz with a que_40dacb/span_Multiple choice' is clicked on

2022-01-11 22:44:15 - [MESSAGE][PASSED] - Object: 'Object Repository/Page_Editing quiz This is a quiz with a que_40dacb/span_Multiple choice' is clicked on

2022-01-11 22:44:15 - [TEST_STEP][PASSED] - click(findTestObject("Object Repository/Page_Editing quiz This is a quiz with a que_40dacb/input_Description_submitbutton")): Object: 'Object Repository/Page_Editing quiz This is a quiz with a que_40dacb/input_Description_submitbutton' is clicked on

2022-01-11 22:44:17 - [MESSAGE][PASSED] - Object: 'Object Repository/Page_Editing quiz This is a quiz with a que_40dacb/input_Description_submitbutton' is clicked on

2022-01-11 22:44:17 - [TEST_STEP][PASSED] - setText(findTestObject("Object Repository/Page_Editing a Multiple choice question/input_Question name_name"), "A question that is missing question text"): Text 'A question that is missing question text' is set on object 'Object Repository/Page_Editing a Multiple choice question/input_Question name_name'

2022-01-11 22:44:18 - [MESSAGE][PASSED] - Text 'A question that is missing question text' is set on object 'Object Repository/Page_Editing a Multiple choice question/input_Question name_name'

2022-01-11 22:44:18 - [TEST_STEP][PASSED] - click(findTestObject("Object Repository/Page_Editing a Multiple choice question/input__submitbutton")): Object: 'Object Repository/Page_Editing a Multiple choice question/input__submitbutton' is clicked on

2022-01-11 22:44:19 - [MESSAGE][PASSED] - Object: 'Object Repository/Page_Editing a Multiple choice question/input__submitbutton' is clicked on

2022-01-11 22:44:19 - [TEST_STEP][PASSED] - verifyElementText(findTestObject("Object Repository/Page_Editing a Multiple choice question/div_- You must supply a value here"), "- You must supply a value here."): Actual text and expected text of test object 'Object Repository/Page_Editing a Multiple choice question/div_- You must supply a value here' are matched.

2022-01-11 22:44:19 - [MESSAGE][PASSED] - Actual text and expected text of test object 'Object Repository/Page_Editing a Multiple choice question/div_- You must supply a value here' are matched.

2022-01-11 22:44:19 - [TEST_STEP][PASSED] - closeBrowser(): Browser is closed

2022-01-11 22:44:20 - [MESSAGE][PASSED] - Browser is closed]]></system-out>
         <system-err><![CDATA[]]></system-err>
      </testcase>
      <testcase name="Test Cases/Teacher/Teacher_Add Survey/Teacher_Add Survey ATTLS" time="19.182" classname="Test Cases/Teacher/Teacher_Add Survey/Teacher_Add Survey ATTLS" status="PASSED">
         <system-out><![CDATA[2022-01-11 22:44:20 - [TEST_CASE][PASSED] - Test Cases/Teacher/Teacher_Add Survey/Teacher_Add Survey ATTLS: Test Cases/Teacher/Teacher_Add Survey/Teacher_Add Survey ATTLS

2022-01-11 22:44:20 - [TEST_STEP][PASSED] - openBrowser(""): Browser is opened with url: ''

2022-01-11 22:44:20 - [MESSAGE][INFO] - Starting 'Chrome' driver

2022-01-11 22:44:20 - [MESSAGE][INFO] - User set preference: ['args', '[window-size=1300,900]']

2022-01-11 22:44:20 - [MESSAGE][INFO] - Action delay is set to 0 milliseconds

2022-01-11 22:44:21 - [MESSAGE][PASSED] - Browser is opened with url: ''

2022-01-11 22:44:21 - [TEST_STEP][PASSED] - navigateToUrl("http://localhost:8080/moodle/"): Navigate to 'http://localhost:8080/moodle/' successfully

2022-01-11 22:44:22 - [MESSAGE][PASSED] - Navigate to 'http://localhost:8080/moodle/' successfully

2022-01-11 22:44:22 - [TEST_STEP][PASSED] - click(findTestObject("Object Repository/Page_BCS Moodle/a_Log in")): Object: 'Object Repository/Page_BCS Moodle/a_Log in' is clicked on

2022-01-11 22:44:23 - [MESSAGE][PASSED] - Object: 'Object Repository/Page_BCS Moodle/a_Log in' is clicked on

2022-01-11 22:44:23 - [TEST_STEP][PASSED] - setText(findTestObject("Object Repository/Page_BCS Moodle Log in to the site/input_Username_username"), "onix"): Text 'onix' is set on object 'Object Repository/Page_BCS Moodle Log in to the site/input_Username_username'

2022-01-11 22:44:24 - [MESSAGE][PASSED] - Text 'onix' is set on object 'Object Repository/Page_BCS Moodle Log in to the site/input_Username_username'

2022-01-11 22:44:24 - [TEST_STEP][PASSED] - setEncryptedText(findTestObject("Object Repository/Page_BCS Moodle Log in to the site/input_Password_password"), "uw4zQNl2RedGtkZxJt1B2nZNxIOg3YnT"): Text ****** has been set on object 'Object Repository/Page_BCS Moodle Log in to the site/input_Password_password'

2022-01-11 22:44:24 - [MESSAGE][PASSED] - Text ****** has been set on object 'Object Repository/Page_BCS Moodle Log in to the site/input_Password_password'

2022-01-11 22:44:24 - [TEST_STEP][PASSED] - click(findTestObject("Object Repository/Page_BCS Moodle Log in to the site/button_Log in")): Object: 'Object Repository/Page_BCS Moodle Log in to the site/button_Log in' is clicked on

2022-01-11 22:44:26 - [MESSAGE][PASSED] - Object: 'Object Repository/Page_BCS Moodle Log in to the site/button_Log in' is clicked on

2022-01-11 22:44:26 - [TEST_STEP][PASSED] - click(findTestObject("Object Repository/Page_Dashboard/div_Course image")): Object: 'Object Repository/Page_Dashboard/div_Course image' is clicked on

2022-01-11 22:44:28 - [MESSAGE][PASSED] - Object: 'Object Repository/Page_Dashboard/div_Course image' is clicked on

2022-01-11 22:44:28 - [TEST_STEP][PASSED] - click(findTestObject("Object Repository/Page_Course Ton t hp/button_Turn editing on")): Object: 'Object Repository/Page_Course Ton t hp/button_Turn editing on' is clicked on

2022-01-11 22:44:30 - [MESSAGE][PASSED] - Object: 'Object Repository/Page_Course Ton t hp/button_Turn editing on' is clicked on

2022-01-11 22:44:30 - [TEST_STEP][PASSED] - click(findTestObject("Object Repository/Page_Course Ton t hp/span_Add an activity or resource (3)")): Object: 'Object Repository/Page_Course Ton t hp/span_Add an activity or resource (3)' is clicked on

2022-01-11 22:44:31 - [MESSAGE][PASSED] - Object: 'Object Repository/Page_Course Ton t hp/span_Add an activity or resource (3)' is clicked on

2022-01-11 22:44:31 - [TEST_STEP][PASSED] - click(findTestObject("Object Repository/Page_Course Ton t hp/img_Information about the SCORM package act_36b475")): Object: 'Object Repository/Page_Course Ton t hp/img_Information about the SCORM package act_36b475' is clicked on

2022-01-11 22:44:33 - [MESSAGE][PASSED] - Object: 'Object Repository/Page_Course Ton t hp/img_Information about the SCORM package act_36b475' is clicked on

2022-01-11 22:44:33 - [TEST_STEP][PASSED] - setText(findTestObject("Page_Editing Survey/input_Name_name"), "Example Survey ATTLS"): Text 'Example Survey ATTLS' is set on object 'Object Repository/Page_Editing Survey/input_Name_name'

2022-01-11 22:44:34 - [MESSAGE][PASSED] - Text 'Example Survey ATTLS' is set on object 'Object Repository/Page_Editing Survey/input_Name_name'

2022-01-11 22:44:34 - [TEST_STEP][PASSED] - selectOptionByValue(findTestObject("Page_Editing Survey/select_Choose.            ATTLS (20 item ve_6ae139"), "4", true): All options with value '4' are selected in object 'Object Repository/Page_Editing Survey/select_Choose.            ATTLS (20 item ve_6ae139'  using regular expression

2022-01-11 22:44:35 - [MESSAGE][PASSED] - All options with value '4' are selected in object 'Object Repository/Page_Editing Survey/select_Choose.            ATTLS (20 item ve_6ae139'  using regular expression

2022-01-11 22:44:35 - [TEST_STEP][PASSED] - click(findTestObject("Page_Editing Survey/input_Upon activity completion_submitbutton")): Object: 'Object Repository/Page_Editing Survey/input_Upon activity completion_submitbutton' is clicked on

2022-01-11 22:44:37 - [MESSAGE][PASSED] - Object: 'Object Repository/Page_Editing Survey/input_Upon activity completion_submitbutton' is clicked on

2022-01-11 22:44:37 - [TEST_STEP][PASSED] - click(findTestObject("Object Repository/Page_Example Survey ATTLS/a_Survey")): Object: 'Object Repository/Page_Example Survey ATTLS/a_Survey' is clicked on

2022-01-11 22:44:38 - [MESSAGE][PASSED] - Object: 'Object Repository/Page_Example Survey ATTLS/a_Survey' is clicked on

2022-01-11 22:44:38 - [TEST_STEP][PASSED] - closeBrowser(): Browser is closed

2022-01-11 22:44:39 - [MESSAGE][PASSED] - Browser is closed]]></system-out>
         <system-err><![CDATA[]]></system-err>
      </testcase>
      <testcase name="Test Cases/Teacher/Teacher_Add Survey/Teacher_Add Survey Critical Incidents" time="20.147" classname="Test Cases/Teacher/Teacher_Add Survey/Teacher_Add Survey Critical Incidents" status="PASSED">
         <system-out><![CDATA[2022-01-11 22:44:39 - [TEST_CASE][PASSED] - Test Cases/Teacher/Teacher_Add Survey/Teacher_Add Survey Critical Incidents: Test Cases/Teacher/Teacher_Add Survey/Teacher_Add Survey Critical Incidents

2022-01-11 22:44:39 - [TEST_STEP][PASSED] - openBrowser(""): Browser is opened with url: ''

2022-01-11 22:44:39 - [MESSAGE][INFO] - Starting 'Chrome' driver

2022-01-11 22:44:39 - [MESSAGE][INFO] - User set preference: ['args', '[window-size=1300,900]']

2022-01-11 22:44:39 - [MESSAGE][INFO] - Action delay is set to 0 milliseconds

2022-01-11 22:44:41 - [MESSAGE][PASSED] - Browser is opened with url: ''

2022-01-11 22:44:41 - [TEST_STEP][PASSED] - navigateToUrl("http://localhost:8080/moodle/"): Navigate to 'http://localhost:8080/moodle/' successfully

2022-01-11 22:44:41 - [MESSAGE][PASSED] - Navigate to 'http://localhost:8080/moodle/' successfully

2022-01-11 22:44:41 - [TEST_STEP][PASSED] - click(findTestObject("Object Repository/Page_BCS Moodle/a_Log in")): Object: 'Object Repository/Page_BCS Moodle/a_Log in' is clicked on

2022-01-11 22:44:42 - [MESSAGE][PASSED] - Object: 'Object Repository/Page_BCS Moodle/a_Log in' is clicked on

2022-01-11 22:44:42 - [TEST_STEP][PASSED] - setText(findTestObject("Object Repository/Page_BCS Moodle Log in to the site/input_Username_username"), "onix"): Text 'onix' is set on object 'Object Repository/Page_BCS Moodle Log in to the site/input_Username_username'

2022-01-11 22:44:43 - [MESSAGE][PASSED] - Text 'onix' is set on object 'Object Repository/Page_BCS Moodle Log in to the site/input_Username_username'

2022-01-11 22:44:43 - [TEST_STEP][PASSED] - setEncryptedText(findTestObject("Object Repository/Page_BCS Moodle Log in to the site/input_Password_password"), "uw4zQNl2RedGtkZxJt1B2nZNxIOg3YnT"): Text ****** has been set on object 'Object Repository/Page_BCS Moodle Log in to the site/input_Password_password'

2022-01-11 22:44:44 - [MESSAGE][PASSED] - Text ****** has been set on object 'Object Repository/Page_BCS Moodle Log in to the site/input_Password_password'

2022-01-11 22:44:44 - [TEST_STEP][PASSED] - click(findTestObject("Object Repository/Page_BCS Moodle Log in to the site/button_Log in")): Object: 'Object Repository/Page_BCS Moodle Log in to the site/button_Log in' is clicked on

2022-01-11 22:44:45 - [MESSAGE][PASSED] - Object: 'Object Repository/Page_BCS Moodle Log in to the site/button_Log in' is clicked on

2022-01-11 22:44:45 - [TEST_STEP][PASSED] - click(findTestObject("Object Repository/Page_Dashboard/div_Course image")): Object: 'Object Repository/Page_Dashboard/div_Course image' is clicked on

2022-01-11 22:44:48 - [MESSAGE][PASSED] - Object: 'Object Repository/Page_Dashboard/div_Course image' is clicked on

2022-01-11 22:44:48 - [TEST_STEP][PASSED] - click(findTestObject("Object Repository/Page_Course Ton t hp/button_Turn editing on")): Object: 'Object Repository/Page_Course Ton t hp/button_Turn editing on' is clicked on

2022-01-11 22:44:49 - [MESSAGE][PASSED] - Object: 'Object Repository/Page_Course Ton t hp/button_Turn editing on' is clicked on

2022-01-11 22:44:49 - [TEST_STEP][PASSED] - click(findTestObject("Page_Course Ton t hp/span_Add an activity or resource (3)")): Object: 'Object Repository/Page_Course Ton t hp/span_Add an activity or resource (3)' is clicked on

2022-01-11 22:44:50 - [MESSAGE][PASSED] - Object: 'Object Repository/Page_Course Ton t hp/span_Add an activity or resource (3)' is clicked on

2022-01-11 22:44:50 - [TEST_STEP][PASSED] - click(findTestObject("Object Repository/Page_Course Ton t hp/img_Information about the SCORM package act_36b475")): Object: 'Object Repository/Page_Course Ton t hp/img_Information about the SCORM package act_36b475' is clicked on

2022-01-11 22:44:53 - [MESSAGE][PASSED] - Object: 'Object Repository/Page_Course Ton t hp/img_Information about the SCORM package act_36b475' is clicked on

2022-01-11 22:44:53 - [TEST_STEP][PASSED] - setText(findTestObject("Object Repository/Page_Editing Survey/input_Name_name"), "Example Survey Critical Incidents"): Text 'Example Survey Critical Incidents' is set on object 'Object Repository/Page_Editing Survey/input_Name_name'

2022-01-11 22:44:54 - [MESSAGE][PASSED] - Text 'Example Survey Critical Incidents' is set on object 'Object Repository/Page_Editing Survey/input_Name_name'

2022-01-11 22:44:54 - [TEST_STEP][PASSED] - selectOptionByValue(findTestObject("Object Repository/Page_Editing Survey/select_Choose.            ATTLS (20 item ve_6ae139"), "5", true): All options with value '5' are selected in object 'Object Repository/Page_Editing Survey/select_Choose.            ATTLS (20 item ve_6ae139'  using regular expression

2022-01-11 22:44:55 - [MESSAGE][PASSED] - All options with value '5' are selected in object 'Object Repository/Page_Editing Survey/select_Choose.            ATTLS (20 item ve_6ae139'  using regular expression

2022-01-11 22:44:55 - [TEST_STEP][PASSED] - click(findTestObject("Object Repository/Page_Editing Survey/input_Upon activity completion_submitbutton")): Object: 'Object Repository/Page_Editing Survey/input_Upon activity completion_submitbutton' is clicked on

2022-01-11 22:44:57 - [MESSAGE][PASSED] - Object: 'Object Repository/Page_Editing Survey/input_Upon activity completion_submitbutton' is clicked on

2022-01-11 22:44:57 - [TEST_STEP][PASSED] - click(findTestObject("Object Repository/Page_Example Survey Critical Incidents/a_Survey")): Object: 'Object Repository/Page_Example Survey Critical Incidents/a_Survey' is clicked on

2022-01-11 22:44:59 - [MESSAGE][PASSED] - Object: 'Object Repository/Page_Example Survey Critical Incidents/a_Survey' is clicked on

2022-01-11 22:44:59 - [TEST_STEP][PASSED] - closeBrowser(): Browser is closed

2022-01-11 22:44:59 - [MESSAGE][PASSED] - Browser is closed]]></system-out>
         <system-err><![CDATA[]]></system-err>
      </testcase>
      <testcase name="Test Cases/Teacher/Teacher_Quiz Result/Teacher_Review An Attempt" time="12.211" classname="Test Cases/Teacher/Teacher_Quiz Result/Teacher_Review An Attempt" status="FAILED">
         <failure type="FAILED" message="Test Cases/Teacher/Teacher_Quiz Result/Teacher_Review An Attempt FAILED.
Reason:
com.kms.katalon.core.exception.StepFailedException: Unable to click on object 'Object Repository/Page_TTH Quiz Nhiu cu  nhiu la chn/a_Responses'
	at com.kms.katalon.core.webui.keyword.internal.WebUIKeywordMain.stepFailed(WebUIKeywordMain.groovy:64)
	at com.kms.katalon.core.webui.keyword.internal.WebUIKeywordMain.runKeyword(WebUIKeywordMain.groovy:26)
	at com.kms.katalon.core.webui.keyword.builtin.ClickKeyword.click(ClickKeyword.groovy:74)
	at com.kms.katalon.core.webui.keyword.builtin.ClickKeyword.execute(ClickKeyword.groovy:40)
	at com.kms.katalon.core.keyword.internal.KeywordExecutor.executeKeywordForPlatform(KeywordExecutor.groovy:74)
	at com.kms.katalon.core.webui.keyword.WebUiBuiltInKeywords.click(WebUiBuiltInKeywords.groovy:620)
	at com.kms.katalon.core.webui.keyword.WebUiBuiltInKeywords$click$3.call(Unknown Source)
	at Teacher_Review An Attempt.run(Teacher_Review An Attempt:38)
	at com.kms.katalon.core.main.ScriptEngine.run(ScriptEngine.java:194)
	at com.kms.katalon.core.main.ScriptEngine.runScriptAsRawText(ScriptEngine.java:119)
	at com.kms.katalon.core.main.TestCaseExecutor.runScript(TestCaseExecutor.java:442)
	at com.kms.katalon.core.main.TestCaseExecutor.doExecute(TestCaseExecutor.java:433)
	at com.kms.katalon.core.main.TestCaseExecutor.processExecutionPhase(TestCaseExecutor.java:412)
	at com.kms.katalon.core.main.TestCaseExecutor.accessMainPhase(TestCaseExecutor.java:404)
	at com.kms.katalon.core.main.TestCaseExecutor.execute(TestCaseExecutor.java:281)
	at com.kms.katalon.core.main.TestSuiteExecutor.accessTestCaseMainPhase(TestSuiteExecutor.java:202)
	at com.kms.katalon.core.main.TestSuiteExecutor.accessTestSuiteMainPhase(TestSuiteExecutor.java:164)
	at com.kms.katalon.core.main.TestSuiteExecutor.execute(TestSuiteExecutor.java:105)
	at com.kms.katalon.core.main.TestCaseMain.startTestSuite(TestCaseMain.java:181)
	at com.kms.katalon.core.main.TestCaseMain$startTestSuite$0.call(Unknown Source)
	at TempTestSuite1641914798393.run(TempTestSuite1641914798393.groovy:36)
Caused by: org.openqa.selenium.ElementNotInteractableException: element not interactable
  (Session info: chrome=96.0.4664.110)
Build info: version: '3.141.59', revision: 'e82be7d358', time: '2018-11-14T08:25:53'
System info: host: 'MSI', ip: '192.168.213.1', os.name: 'Windows 10', os.arch: 'amd64', os.version: '10.0', java.version: '1.8.0_282'
Driver info: com.kms.katalon.selenium.driver.CChromeDriver
Capabilities {acceptInsecureCerts: false, browserName: chrome, browserVersion: 96.0.4664.110, chrome: {chromedriverVersion: 95.0.4638.17 (a9d0719444d4b..., userDataDir: C:\Users\MDH\AppData\Local\...}, goog:chromeOptions: {debuggerAddress: localhost:58195}, javascriptEnabled: true, networkConnectionEnabled: false, pageLoadStrategy: normal, platform: WINDOWS, platformName: WINDOWS, proxy: Proxy(), setWindowRect: true, strictFileInteractability: false, timeouts: {implicit: 0, pageLoad: 300000, script: 30000}, unhandledPromptBehavior: dismiss and notify, webauthn:extension:credBlob: true, webauthn:extension:largeBlob: true, webauthn:virtualAuthenticators: true}
Session ID: 212f3ca72e8354d0a8e064cb2ec18a78
	at org.openqa.selenium.remote.http.W3CHttpResponseCodec.createException(W3CHttpResponseCodec.java:187)
	at org.openqa.selenium.remote.http.W3CHttpResponseCodec.decode(W3CHttpResponseCodec.java:122)
	at org.openqa.selenium.remote.http.W3CHttpResponseCodec.decode(W3CHttpResponseCodec.java:49)
	at org.openqa.selenium.remote.HttpCommandExecutor.execute(HttpCommandExecutor.java:158)
	at org.openqa.selenium.remote.service.DriverCommandExecutor.execute(DriverCommandExecutor.java:83)
	at org.openqa.selenium.remote.RemoteWebDriver.execute(RemoteWebDriver.java:552)
	at com.kms.katalon.selenium.driver.CChromeDriver.execute(CChromeDriver.java:19)
	at org.openqa.selenium.remote.RemoteWebElement.execute(RemoteWebElement.java:285)
	at org.openqa.selenium.remote.RemoteWebElement.click(RemoteWebElement.java:84)
	at org.openqa.selenium.support.events.EventFiringWebDriver$EventFiringWebElement.lambda$new$0(EventFiringWebDriver.java:404)
	at com.sun.proxy.$Proxy11.click(Unknown Source)
	at org.openqa.selenium.support.events.EventFiringWebDriver$EventFiringWebElement.click(EventFiringWebDriver.java:417)
	at org.openqa.selenium.WebElement$click.call(Unknown Source)
	at com.kms.katalon.core.webui.keyword.builtin.ClickKeyword.clickUntilSuccessWithTimeout(ClickKeyword.groovy:81)
	at com.kms.katalon.core.webui.keyword.builtin.ClickKeyword.clickUntilSuccessWithTimeout(ClickKeyword.groovy)
	at com.kms.katalon.core.webui.keyword.builtin.ClickKeyword$_click_closure1.doCall(ClickKeyword.groovy:67)
	at com.kms.katalon.core.webui.keyword.builtin.ClickKeyword$_click_closure1.call(ClickKeyword.groovy)
	at com.kms.katalon.core.webui.keyword.internal.WebUIKeywordMain.runKeyword(WebUIKeywordMain.groovy:20)
	... 19 more
"/>
         <system-out><![CDATA[2022-01-11 22:44:59 - [TEST_CASE][FAILED] - Test Cases/Teacher/Teacher_Quiz Result/Teacher_Review An Attempt: Test Cases/Teacher/Teacher_Quiz Result/Teacher_Review An Attempt FAILED.
Reason:
com.kms.katalon.core.exception.StepFailedException: Unable to click on object 'Object Repository/Page_TTH Quiz Nhiu cu  nhiu la chn/a_Responses'
	at com.kms.katalon.core.webui.keyword.internal.WebUIKeywordMain.stepFailed(WebUIKeywordMain.groovy:64)
	at com.kms.katalon.core.webui.keyword.internal.WebUIKeywordMain.runKeyword(WebUIKeywordMain.groovy:26)
	at com.kms.katalon.core.webui.keyword.builtin.ClickKeyword.click(ClickKeyword.groovy:74)
	at com.kms.katalon.core.webui.keyword.builtin.ClickKeyword.execute(ClickKeyword.groovy:40)
	at com.kms.katalon.core.keyword.internal.KeywordExecutor.executeKeywordForPlatform(KeywordExecutor.groovy:74)
	at com.kms.katalon.core.webui.keyword.WebUiBuiltInKeywords.click(WebUiBuiltInKeywords.groovy:620)
	at com.kms.katalon.core.webui.keyword.WebUiBuiltInKeywords$click$3.call(Unknown Source)
	at Teacher_Review An Attempt.run(Teacher_Review An Attempt:38)
	at com.kms.katalon.core.main.ScriptEngine.run(ScriptEngine.java:194)
	at com.kms.katalon.core.main.ScriptEngine.runScriptAsRawText(ScriptEngine.java:119)
	at com.kms.katalon.core.main.TestCaseExecutor.runScript(TestCaseExecutor.java:442)
	at com.kms.katalon.core.main.TestCaseExecutor.doExecute(TestCaseExecutor.java:433)
	at com.kms.katalon.core.main.TestCaseExecutor.processExecutionPhase(TestCaseExecutor.java:412)
	at com.kms.katalon.core.main.TestCaseExecutor.accessMainPhase(TestCaseExecutor.java:404)
	at com.kms.katalon.core.main.TestCaseExecutor.execute(TestCaseExecutor.java:281)
	at com.kms.katalon.core.main.TestSuiteExecutor.accessTestCaseMainPhase(TestSuiteExecutor.java:202)
	at com.kms.katalon.core.main.TestSuiteExecutor.accessTestSuiteMainPhase(TestSuiteExecutor.java:164)
	at com.kms.katalon.core.main.TestSuiteExecutor.execute(TestSuiteExecutor.java:105)
	at com.kms.katalon.core.main.TestCaseMain.startTestSuite(TestCaseMain.java:181)
	at com.kms.katalon.core.main.TestCaseMain$startTestSuite$0.call(Unknown Source)
	at TempTestSuite1641914798393.run(TempTestSuite1641914798393.groovy:36)
Caused by: org.openqa.selenium.ElementNotInteractableException: element not interactable
  (Session info: chrome=96.0.4664.110)
Build info: version: '3.141.59', revision: 'e82be7d358', time: '2018-11-14T08:25:53'
System info: host: 'MSI', ip: '192.168.213.1', os.name: 'Windows 10', os.arch: 'amd64', os.version: '10.0', java.version: '1.8.0_282'
Driver info: com.kms.katalon.selenium.driver.CChromeDriver
Capabilities {acceptInsecureCerts: false, browserName: chrome, browserVersion: 96.0.4664.110, chrome: {chromedriverVersion: 95.0.4638.17 (a9d0719444d4b..., userDataDir: C:\Users\MDH\AppData\Local\...}, goog:chromeOptions: {debuggerAddress: localhost:58195}, javascriptEnabled: true, networkConnectionEnabled: false, pageLoadStrategy: normal, platform: WINDOWS, platformName: WINDOWS, proxy: Proxy(), setWindowRect: true, strictFileInteractability: false, timeouts: {implicit: 0, pageLoad: 300000, script: 30000}, unhandledPromptBehavior: dismiss and notify, webauthn:extension:credBlob: true, webauthn:extension:largeBlob: true, webauthn:virtualAuthenticators: true}
Session ID: 212f3ca72e8354d0a8e064cb2ec18a78
	at org.openqa.selenium.remote.http.W3CHttpResponseCodec.createException(W3CHttpResponseCodec.java:187)
	at org.openqa.selenium.remote.http.W3CHttpResponseCodec.decode(W3CHttpResponseCodec.java:122)
	at org.openqa.selenium.remote.http.W3CHttpResponseCodec.decode(W3CHttpResponseCodec.java:49)
	at org.openqa.selenium.remote.HttpCommandExecutor.execute(HttpCommandExecutor.java:158)
	at org.openqa.selenium.remote.service.DriverCommandExecutor.execute(DriverCommandExecutor.java:83)
	at org.openqa.selenium.remote.RemoteWebDriver.execute(RemoteWebDriver.java:552)
	at com.kms.katalon.selenium.driver.CChromeDriver.execute(CChromeDriver.java:19)
	at org.openqa.selenium.remote.RemoteWebElement.execute(RemoteWebElement.java:285)
	at org.openqa.selenium.remote.RemoteWebElement.click(RemoteWebElement.java:84)
	at org.openqa.selenium.support.events.EventFiringWebDriver$EventFiringWebElement.lambda$new$0(EventFiringWebDriver.java:404)
	at com.sun.proxy.$Proxy11.click(Unknown Source)
	at org.openqa.selenium.support.events.EventFiringWebDriver$EventFiringWebElement.click(EventFiringWebDriver.java:417)
	at org.openqa.selenium.WebElement$click.call(Unknown Source)
	at com.kms.katalon.core.webui.keyword.builtin.ClickKeyword.clickUntilSuccessWithTimeout(ClickKeyword.groovy:81)
	at com.kms.katalon.core.webui.keyword.builtin.ClickKeyword.clickUntilSuccessWithTimeout(ClickKeyword.groovy)
	at com.kms.katalon.core.webui.keyword.builtin.ClickKeyword$_click_closure1.doCall(ClickKeyword.groovy:67)
	at com.kms.katalon.core.webui.keyword.builtin.ClickKeyword$_click_closure1.call(ClickKeyword.groovy)
	at com.kms.katalon.core.webui.keyword.internal.WebUIKeywordMain.runKeyword(WebUIKeywordMain.groovy:20)
	... 19 more


2022-01-11 22:45:00 - [TEST_STEP][PASSED] - openBrowser(""): Browser is opened with url: ''

2022-01-11 22:45:00 - [MESSAGE][INFO] - Starting 'Chrome' driver

2022-01-11 22:45:00 - [MESSAGE][INFO] - User set preference: ['args', '[window-size=1300,900]']

2022-01-11 22:45:00 - [MESSAGE][INFO] - Action delay is set to 0 milliseconds

2022-01-11 22:45:01 - [MESSAGE][PASSED] - Browser is opened with url: ''

2022-01-11 22:45:01 - [TEST_STEP][PASSED] - navigateToUrl("http://localhost:8080/moodle/"): Navigate to 'http://localhost:8080/moodle/' successfully

2022-01-11 22:45:01 - [MESSAGE][PASSED] - Navigate to 'http://localhost:8080/moodle/' successfully

2022-01-11 22:45:01 - [TEST_STEP][PASSED] - click(findTestObject("Object Repository/Page_BCS Moodle/a_Log in")): Object: 'Object Repository/Page_BCS Moodle/a_Log in' is clicked on

2022-01-11 22:45:02 - [MESSAGE][PASSED] - Object: 'Object Repository/Page_BCS Moodle/a_Log in' is clicked on

2022-01-11 22:45:02 - [TEST_STEP][PASSED] - setText(findTestObject("Object Repository/Page_BCS Moodle Log in to the site/input_Username_username"), "onix"): Text 'onix' is set on object 'Object Repository/Page_BCS Moodle Log in to the site/input_Username_username'

2022-01-11 22:45:03 - [MESSAGE][PASSED] - Text 'onix' is set on object 'Object Repository/Page_BCS Moodle Log in to the site/input_Username_username'

2022-01-11 22:45:03 - [TEST_STEP][PASSED] - setEncryptedText(findTestObject("Object Repository/Page_BCS Moodle Log in to the site/input_Password_password"), "uw4zQNl2RedGtkZxJt1B2nZNxIOg3YnT"): Text ****** has been set on object 'Object Repository/Page_BCS Moodle Log in to the site/input_Password_password'

2022-01-11 22:45:04 - [MESSAGE][PASSED] - Text ****** has been set on object 'Object Repository/Page_BCS Moodle Log in to the site/input_Password_password'

2022-01-11 22:45:04 - [TEST_STEP][PASSED] - click(findTestObject("Object Repository/Page_BCS Moodle Log in to the site/button_Log in")): Object: 'Object Repository/Page_BCS Moodle Log in to the site/button_Log in' is clicked on

2022-01-11 22:45:05 - [MESSAGE][PASSED] - Object: 'Object Repository/Page_BCS Moodle Log in to the site/button_Log in' is clicked on

2022-01-11 22:45:05 - [TEST_STEP][PASSED] - click(findTestObject("Object Repository/Page_Dashboard/div_Course image")): Object: 'Object Repository/Page_Dashboard/div_Course image' is clicked on

2022-01-11 22:45:08 - [MESSAGE][PASSED] - Object: 'Object Repository/Page_Dashboard/div_Course image' is clicked on

2022-01-11 22:45:08 - [TEST_STEP][PASSED] - click(findTestObject("Object Repository/Page_Course Ton t hp/span_Quiz Nhiu cu  nhiu la chn")): Object: 'Object Repository/Page_Course Ton t hp/span_Quiz Nhiu cu  nhiu la chn' is clicked on

2022-01-11 22:45:09 - [MESSAGE][PASSED] - Object: 'Object Repository/Page_Course Ton t hp/span_Quiz Nhiu cu  nhiu la chn' is clicked on

2022-01-11 22:45:09 - [TEST_STEP][PASSED] - click(findTestObject("Object Repository/Page_TTH Quiz Nhiu cu  nhiu la chn/a_Quiz Nhiu cu  nhiu la chn_action-menu-toggle-3")): Object: 'Object Repository/Page_TTH Quiz Nhiu cu  nhiu la chn/a_Quiz Nhiu cu  nhiu la chn_action-menu-toggle-3' is clicked on

2022-01-11 22:45:11 - [MESSAGE][PASSED] - Object: 'Object Repository/Page_TTH Quiz Nhiu cu  nhiu la chn/a_Quiz Nhiu cu  nhiu la chn_action-menu-toggle-3' is clicked on

2022-01-11 22:45:11 - [TEST_STEP][FAILED] - click(findTestObject("Object Repository/Page_TTH Quiz Nhiu cu  nhiu la chn/a_Responses")): Unable to click on object 'Object Repository/Page_TTH Quiz Nhiu cu  nhiu la chn/a_Responses' (Root cause: com.kms.katalon.core.exception.StepFailedException: Unable to click on object 'Object Repository/Page_TTH Quiz Nhiu cu  nhiu la chn/a_Responses'
	at com.kms.katalon.core.webui.keyword.internal.WebUIKeywordMain.stepFailed(WebUIKeywordMain.groovy:64)
	at com.kms.katalon.core.webui.keyword.internal.WebUIKeywordMain.runKeyword(WebUIKeywordMain.groovy:26)
	at com.kms.katalon.core.webui.keyword.builtin.ClickKeyword.click(ClickKeyword.groovy:74)
	at com.kms.katalon.core.webui.keyword.builtin.ClickKeyword.execute(ClickKeyword.groovy:40)
	at com.kms.katalon.core.keyword.internal.KeywordExecutor.executeKeywordForPlatform(KeywordExecutor.groovy:74)
	at com.kms.katalon.core.webui.keyword.WebUiBuiltInKeywords.click(WebUiBuiltInKeywords.groovy:620)
	at com.kms.katalon.core.webui.keyword.WebUiBuiltInKeywords$click$3.call(Unknown Source)
	at Teacher_Review An Attempt.run(Teacher_Review An Attempt:38)
	at com.kms.katalon.core.main.ScriptEngine.run(ScriptEngine.java:194)
	at com.kms.katalon.core.main.ScriptEngine.runScriptAsRawText(ScriptEngine.java:119)
	at com.kms.katalon.core.main.TestCaseExecutor.runScript(TestCaseExecutor.java:442)
	at com.kms.katalon.core.main.TestCaseExecutor.doExecute(TestCaseExecutor.java:433)
	at com.kms.katalon.core.main.TestCaseExecutor.processExecutionPhase(TestCaseExecutor.java:412)
	at com.kms.katalon.core.main.TestCaseExecutor.accessMainPhase(TestCaseExecutor.java:404)
	at com.kms.katalon.core.main.TestCaseExecutor.execute(TestCaseExecutor.java:281)
	at com.kms.katalon.core.main.TestSuiteExecutor.accessTestCaseMainPhase(TestSuiteExecutor.java:202)
	at com.kms.katalon.core.main.TestSuiteExecutor.accessTestSuiteMainPhase(TestSuiteExecutor.java:164)
	at com.kms.katalon.core.main.TestSuiteExecutor.execute(TestSuiteExecutor.java:105)
	at com.kms.katalon.core.main.TestCaseMain.startTestSuite(TestCaseMain.java:181)
	at com.kms.katalon.core.main.TestCaseMain$startTestSuite$0.call(Unknown Source)
	at TempTestSuite1641914798393.run(TempTestSuite1641914798393.groovy:36)
Caused by: org.openqa.selenium.ElementNotInteractableException: element not interactable
  (Session info: chrome=96.0.4664.110)
Build info: version: '3.141.59', revision: 'e82be7d358', time: '2018-11-14T08:25:53'
System info: host: 'MSI', ip: '192.168.213.1', os.name: 'Windows 10', os.arch: 'amd64', os.version: '10.0', java.version: '1.8.0_282'
Driver info: com.kms.katalon.selenium.driver.CChromeDriver
Capabilities {acceptInsecureCerts: false, browserName: chrome, browserVersion: 96.0.4664.110, chrome: {chromedriverVersion: 95.0.4638.17 (a9d0719444d4b..., userDataDir: C:\Users\MDH\AppData\Local\...}, goog:chromeOptions: {debuggerAddress: localhost:58195}, javascriptEnabled: true, networkConnectionEnabled: false, pageLoadStrategy: normal, platform: WINDOWS, platformName: WINDOWS, proxy: Proxy(), setWindowRect: true, strictFileInteractability: false, timeouts: {implicit: 0, pageLoad: 300000, script: 30000}, unhandledPromptBehavior: dismiss and notify, webauthn:extension:credBlob: true, webauthn:extension:largeBlob: true, webauthn:virtualAuthenticators: true}
Session ID: 212f3ca72e8354d0a8e064cb2ec18a78
	at org.openqa.selenium.remote.http.W3CHttpResponseCodec.createException(W3CHttpResponseCodec.java:187)
	at org.openqa.selenium.remote.http.W3CHttpResponseCodec.decode(W3CHttpResponseCodec.java:122)
	at org.openqa.selenium.remote.http.W3CHttpResponseCodec.decode(W3CHttpResponseCodec.java:49)
	at org.openqa.selenium.remote.HttpCommandExecutor.execute(HttpCommandExecutor.java:158)
	at org.openqa.selenium.remote.service.DriverCommandExecutor.execute(DriverCommandExecutor.java:83)
	at org.openqa.selenium.remote.RemoteWebDriver.execute(RemoteWebDriver.java:552)
	at com.kms.katalon.selenium.driver.CChromeDriver.execute(CChromeDriver.java:19)
	at org.openqa.selenium.remote.RemoteWebElement.execute(RemoteWebElement.java:285)
	at org.openqa.selenium.remote.RemoteWebElement.click(RemoteWebElement.java:84)
	at org.openqa.selenium.support.events.EventFiringWebDriver$EventFiringWebElement.lambda$new$0(EventFiringWebDriver.java:404)
	at com.sun.proxy.$Proxy11.click(Unknown Source)
	at org.openqa.selenium.support.events.EventFiringWebDriver$EventFiringWebElement.click(EventFiringWebDriver.java:417)
	at org.openqa.selenium.WebElement$click.call(Unknown Source)
	at com.kms.katalon.core.webui.keyword.builtin.ClickKeyword.clickUntilSuccessWithTimeout(ClickKeyword.groovy:81)
	at com.kms.katalon.core.webui.keyword.builtin.ClickKeyword.clickUntilSuccessWithTimeout(ClickKeyword.groovy)
	at com.kms.katalon.core.webui.keyword.builtin.ClickKeyword$_click_closure1.doCall(ClickKeyword.groovy:67)
	at com.kms.katalon.core.webui.keyword.builtin.ClickKeyword$_click_closure1.call(ClickKeyword.groovy)
	at com.kms.katalon.core.webui.keyword.internal.WebUIKeywordMain.runKeyword(WebUIKeywordMain.groovy:20)
	at com.kms.katalon.core.webui.keyword.builtin.ClickKeyword.click(ClickKeyword.groovy:74)
	at com.kms.katalon.core.webui.keyword.builtin.ClickKeyword.execute(ClickKeyword.groovy:40)
	at com.kms.katalon.core.keyword.internal.KeywordExecutor.executeKeywordForPlatform(KeywordExecutor.groovy:74)
	at com.kms.katalon.core.webui.keyword.WebUiBuiltInKeywords.click(WebUiBuiltInKeywords.groovy:620)
	at com.kms.katalon.core.webui.keyword.WebUiBuiltInKeywords$click$3.call(Unknown Source)
	at Script1641478192935.run(Script1641478192935.groovy:38)
	... 13 more
)

2022-01-11 22:45:12 - [MESSAGE][FAILED] - Unable to click on object 'Object Repository/Page_TTH Quiz Nhiu cu  nhiu la chn/a_Responses' (Root cause: com.kms.katalon.core.exception.StepFailedException: Unable to click on object 'Object Repository/Page_TTH Quiz Nhiu cu  nhiu la chn/a_Responses'
	at com.kms.katalon.core.webui.keyword.internal.WebUIKeywordMain.stepFailed(WebUIKeywordMain.groovy:64)
	at com.kms.katalon.core.webui.keyword.internal.WebUIKeywordMain.runKeyword(WebUIKeywordMain.groovy:26)
	at com.kms.katalon.core.webui.keyword.builtin.ClickKeyword.click(ClickKeyword.groovy:74)
	at com.kms.katalon.core.webui.keyword.builtin.ClickKeyword.execute(ClickKeyword.groovy:40)
	at com.kms.katalon.core.keyword.internal.KeywordExecutor.executeKeywordForPlatform(KeywordExecutor.groovy:74)
	at com.kms.katalon.core.webui.keyword.WebUiBuiltInKeywords.click(WebUiBuiltInKeywords.groovy:620)
	at com.kms.katalon.core.webui.keyword.WebUiBuiltInKeywords$click$3.call(Unknown Source)
	at Teacher_Review An Attempt.run(Teacher_Review An Attempt:38)
	at com.kms.katalon.core.main.ScriptEngine.run(ScriptEngine.java:194)
	at com.kms.katalon.core.main.ScriptEngine.runScriptAsRawText(ScriptEngine.java:119)
	at com.kms.katalon.core.main.TestCaseExecutor.runScript(TestCaseExecutor.java:442)
	at com.kms.katalon.core.main.TestCaseExecutor.doExecute(TestCaseExecutor.java:433)
	at com.kms.katalon.core.main.TestCaseExecutor.processExecutionPhase(TestCaseExecutor.java:412)
	at com.kms.katalon.core.main.TestCaseExecutor.accessMainPhase(TestCaseExecutor.java:404)
	at com.kms.katalon.core.main.TestCaseExecutor.execute(TestCaseExecutor.java:281)
	at com.kms.katalon.core.main.TestSuiteExecutor.accessTestCaseMainPhase(TestSuiteExecutor.java:202)
	at com.kms.katalon.core.main.TestSuiteExecutor.accessTestSuiteMainPhase(TestSuiteExecutor.java:164)
	at com.kms.katalon.core.main.TestSuiteExecutor.execute(TestSuiteExecutor.java:105)
	at com.kms.katalon.core.main.TestCaseMain.startTestSuite(TestCaseMain.java:181)
	at com.kms.katalon.core.main.TestCaseMain$startTestSuite$0.call(Unknown Source)
	at TempTestSuite1641914798393.run(TempTestSuite1641914798393.groovy:36)
Caused by: org.openqa.selenium.ElementNotInteractableException: element not interactable
  (Session info: chrome=96.0.4664.110)
Build info: version: '3.141.59', revision: 'e82be7d358', time: '2018-11-14T08:25:53'
System info: host: 'MSI', ip: '192.168.213.1', os.name: 'Windows 10', os.arch: 'amd64', os.version: '10.0', java.version: '1.8.0_282'
Driver info: com.kms.katalon.selenium.driver.CChromeDriver
Capabilities {acceptInsecureCerts: false, browserName: chrome, browserVersion: 96.0.4664.110, chrome: {chromedriverVersion: 95.0.4638.17 (a9d0719444d4b..., userDataDir: C:\Users\MDH\AppData\Local\...}, goog:chromeOptions: {debuggerAddress: localhost:58195}, javascriptEnabled: true, networkConnectionEnabled: false, pageLoadStrategy: normal, platform: WINDOWS, platformName: WINDOWS, proxy: Proxy(), setWindowRect: true, strictFileInteractability: false, timeouts: {implicit: 0, pageLoad: 300000, script: 30000}, unhandledPromptBehavior: dismiss and notify, webauthn:extension:credBlob: true, webauthn:extension:largeBlob: true, webauthn:virtualAuthenticators: true}
Session ID: 212f3ca72e8354d0a8e064cb2ec18a78
	at org.openqa.selenium.remote.http.W3CHttpResponseCodec.createException(W3CHttpResponseCodec.java:187)
	at org.openqa.selenium.remote.http.W3CHttpResponseCodec.decode(W3CHttpResponseCodec.java:122)
	at org.openqa.selenium.remote.http.W3CHttpResponseCodec.decode(W3CHttpResponseCodec.java:49)
	at org.openqa.selenium.remote.HttpCommandExecutor.execute(HttpCommandExecutor.java:158)
	at org.openqa.selenium.remote.service.DriverCommandExecutor.execute(DriverCommandExecutor.java:83)
	at org.openqa.selenium.remote.RemoteWebDriver.execute(RemoteWebDriver.java:552)
	at com.kms.katalon.selenium.driver.CChromeDriver.execute(CChromeDriver.java:19)
	at org.openqa.selenium.remote.RemoteWebElement.execute(RemoteWebElement.java:285)
	at org.openqa.selenium.remote.RemoteWebElement.click(RemoteWebElement.java:84)
	at org.openqa.selenium.support.events.EventFiringWebDriver$EventFiringWebElement.lambda$new$0(EventFiringWebDriver.java:404)
	at com.sun.proxy.$Proxy11.click(Unknown Source)
	at org.openqa.selenium.support.events.EventFiringWebDriver$EventFiringWebElement.click(EventFiringWebDriver.java:417)
	at org.openqa.selenium.WebElement$click.call(Unknown Source)
	at com.kms.katalon.core.webui.keyword.builtin.ClickKeyword.clickUntilSuccessWithTimeout(ClickKeyword.groovy:81)
	at com.kms.katalon.core.webui.keyword.builtin.ClickKeyword.clickUntilSuccessWithTimeout(ClickKeyword.groovy)
	at com.kms.katalon.core.webui.keyword.builtin.ClickKeyword$_click_closure1.doCall(ClickKeyword.groovy:67)
	at com.kms.katalon.core.webui.keyword.builtin.ClickKeyword$_click_closure1.call(ClickKeyword.groovy)
	at com.kms.katalon.core.webui.keyword.internal.WebUIKeywordMain.runKeyword(WebUIKeywordMain.groovy:20)
	at com.kms.katalon.core.webui.keyword.builtin.ClickKeyword.click(ClickKeyword.groovy:74)
	at com.kms.katalon.core.webui.keyword.builtin.ClickKeyword.execute(ClickKeyword.groovy:40)
	at com.kms.katalon.core.keyword.internal.KeywordExecutor.executeKeywordForPlatform(KeywordExecutor.groovy:74)
	at com.kms.katalon.core.webui.keyword.WebUiBuiltInKeywords.click(WebUiBuiltInKeywords.groovy:620)
	at com.kms.katalon.core.webui.keyword.WebUiBuiltInKeywords$click$3.call(Unknown Source)
	at Script1641478192935.run(Script1641478192935.groovy:38)
	... 13 more
)
[[ATTACHMENT|D:\\Nam_3\\SE\\Quiz\\Bonus\\TestAutomation_NMCNPM\\Reports\\20220111_222638\\Run All Test Cases\\20220111_222638\\1641915911893.png]]]]></system-out>
         <system-err><![CDATA[2022-01-11 22:44:59 - [TEST_CASE][FAILED] - Test Cases/Teacher/Teacher_Quiz Result/Teacher_Review An Attempt: Test Cases/Teacher/Teacher_Quiz Result/Teacher_Review An Attempt FAILED.
Reason:
com.kms.katalon.core.exception.StepFailedException: Unable to click on object 'Object Repository/Page_TTH Quiz Nhiu cu  nhiu la chn/a_Responses'
	at com.kms.katalon.core.webui.keyword.internal.WebUIKeywordMain.stepFailed(WebUIKeywordMain.groovy:64)
	at com.kms.katalon.core.webui.keyword.internal.WebUIKeywordMain.runKeyword(WebUIKeywordMain.groovy:26)
	at com.kms.katalon.core.webui.keyword.builtin.ClickKeyword.click(ClickKeyword.groovy:74)
	at com.kms.katalon.core.webui.keyword.builtin.ClickKeyword.execute(ClickKeyword.groovy:40)
	at com.kms.katalon.core.keyword.internal.KeywordExecutor.executeKeywordForPlatform(KeywordExecutor.groovy:74)
	at com.kms.katalon.core.webui.keyword.WebUiBuiltInKeywords.click(WebUiBuiltInKeywords.groovy:620)
	at com.kms.katalon.core.webui.keyword.WebUiBuiltInKeywords$click$3.call(Unknown Source)
	at Teacher_Review An Attempt.run(Teacher_Review An Attempt:38)
	at com.kms.katalon.core.main.ScriptEngine.run(ScriptEngine.java:194)
	at com.kms.katalon.core.main.ScriptEngine.runScriptAsRawText(ScriptEngine.java:119)
	at com.kms.katalon.core.main.TestCaseExecutor.runScript(TestCaseExecutor.java:442)
	at com.kms.katalon.core.main.TestCaseExecutor.doExecute(TestCaseExecutor.java:433)
	at com.kms.katalon.core.main.TestCaseExecutor.processExecutionPhase(TestCaseExecutor.java:412)
	at com.kms.katalon.core.main.TestCaseExecutor.accessMainPhase(TestCaseExecutor.java:404)
	at com.kms.katalon.core.main.TestCaseExecutor.execute(TestCaseExecutor.java:281)
	at com.kms.katalon.core.main.TestSuiteExecutor.accessTestCaseMainPhase(TestSuiteExecutor.java:202)
	at com.kms.katalon.core.main.TestSuiteExecutor.accessTestSuiteMainPhase(TestSuiteExecutor.java:164)
	at com.kms.katalon.core.main.TestSuiteExecutor.execute(TestSuiteExecutor.java:105)
	at com.kms.katalon.core.main.TestCaseMain.startTestSuite(TestCaseMain.java:181)
	at com.kms.katalon.core.main.TestCaseMain$startTestSuite$0.call(Unknown Source)
	at TempTestSuite1641914798393.run(TempTestSuite1641914798393.groovy:36)
Caused by: org.openqa.selenium.ElementNotInteractableException: element not interactable
  (Session info: chrome=96.0.4664.110)
Build info: version: '3.141.59', revision: 'e82be7d358', time: '2018-11-14T08:25:53'
System info: host: 'MSI', ip: '192.168.213.1', os.name: 'Windows 10', os.arch: 'amd64', os.version: '10.0', java.version: '1.8.0_282'
Driver info: com.kms.katalon.selenium.driver.CChromeDriver
Capabilities {acceptInsecureCerts: false, browserName: chrome, browserVersion: 96.0.4664.110, chrome: {chromedriverVersion: 95.0.4638.17 (a9d0719444d4b..., userDataDir: C:\Users\MDH\AppData\Local\...}, goog:chromeOptions: {debuggerAddress: localhost:58195}, javascriptEnabled: true, networkConnectionEnabled: false, pageLoadStrategy: normal, platform: WINDOWS, platformName: WINDOWS, proxy: Proxy(), setWindowRect: true, strictFileInteractability: false, timeouts: {implicit: 0, pageLoad: 300000, script: 30000}, unhandledPromptBehavior: dismiss and notify, webauthn:extension:credBlob: true, webauthn:extension:largeBlob: true, webauthn:virtualAuthenticators: true}
Session ID: 212f3ca72e8354d0a8e064cb2ec18a78
	at org.openqa.selenium.remote.http.W3CHttpResponseCodec.createException(W3CHttpResponseCodec.java:187)
	at org.openqa.selenium.remote.http.W3CHttpResponseCodec.decode(W3CHttpResponseCodec.java:122)
	at org.openqa.selenium.remote.http.W3CHttpResponseCodec.decode(W3CHttpResponseCodec.java:49)
	at org.openqa.selenium.remote.HttpCommandExecutor.execute(HttpCommandExecutor.java:158)
	at org.openqa.selenium.remote.service.DriverCommandExecutor.execute(DriverCommandExecutor.java:83)
	at org.openqa.selenium.remote.RemoteWebDriver.execute(RemoteWebDriver.java:552)
	at com.kms.katalon.selenium.driver.CChromeDriver.execute(CChromeDriver.java:19)
	at org.openqa.selenium.remote.RemoteWebElement.execute(RemoteWebElement.java:285)
	at org.openqa.selenium.remote.RemoteWebElement.click(RemoteWebElement.java:84)
	at org.openqa.selenium.support.events.EventFiringWebDriver$EventFiringWebElement.lambda$new$0(EventFiringWebDriver.java:404)
	at com.sun.proxy.$Proxy11.click(Unknown Source)
	at org.openqa.selenium.support.events.EventFiringWebDriver$EventFiringWebElement.click(EventFiringWebDriver.java:417)
	at org.openqa.selenium.WebElement$click.call(Unknown Source)
	at com.kms.katalon.core.webui.keyword.builtin.ClickKeyword.clickUntilSuccessWithTimeout(ClickKeyword.groovy:81)
	at com.kms.katalon.core.webui.keyword.builtin.ClickKeyword.clickUntilSuccessWithTimeout(ClickKeyword.groovy)
	at com.kms.katalon.core.webui.keyword.builtin.ClickKeyword$_click_closure1.doCall(ClickKeyword.groovy:67)
	at com.kms.katalon.core.webui.keyword.builtin.ClickKeyword$_click_closure1.call(ClickKeyword.groovy)
	at com.kms.katalon.core.webui.keyword.internal.WebUIKeywordMain.runKeyword(WebUIKeywordMain.groovy:20)
	... 19 more]]></system-err>
      </testcase>
      <testcase name="Test Cases/Teacher/Teacher_Quiz Result/Teacher_See Unattempted Students In A Quiz" time="12.288" classname="Test Cases/Teacher/Teacher_Quiz Result/Teacher_See Unattempted Students In A Quiz" status="FAILED">
         <failure type="FAILED" message="Test Cases/Teacher/Teacher_Quiz Result/Teacher_See Unattempted Students In A Quiz FAILED.
Reason:
com.kms.katalon.core.exception.StepFailedException: Unable to click on object 'Object Repository/Page_TTH Quiz Nhiu cu  nhiu la chn/a_Responses'
	at com.kms.katalon.core.webui.keyword.internal.WebUIKeywordMain.stepFailed(WebUIKeywordMain.groovy:64)
	at com.kms.katalon.core.webui.keyword.internal.WebUIKeywordMain.runKeyword(WebUIKeywordMain.groovy:26)
	at com.kms.katalon.core.webui.keyword.builtin.ClickKeyword.click(ClickKeyword.groovy:74)
	at com.kms.katalon.core.webui.keyword.builtin.ClickKeyword.execute(ClickKeyword.groovy:40)
	at com.kms.katalon.core.keyword.internal.KeywordExecutor.executeKeywordForPlatform(KeywordExecutor.groovy:74)
	at com.kms.katalon.core.webui.keyword.WebUiBuiltInKeywords.click(WebUiBuiltInKeywords.groovy:620)
	at com.kms.katalon.core.webui.keyword.WebUiBuiltInKeywords$click$3.call(Unknown Source)
	at Teacher_See Unattempted Students In A Quiz.run(Teacher_See Unattempted Students In A Quiz:38)
	at com.kms.katalon.core.main.ScriptEngine.run(ScriptEngine.java:194)
	at com.kms.katalon.core.main.ScriptEngine.runScriptAsRawText(ScriptEngine.java:119)
	at com.kms.katalon.core.main.TestCaseExecutor.runScript(TestCaseExecutor.java:442)
	at com.kms.katalon.core.main.TestCaseExecutor.doExecute(TestCaseExecutor.java:433)
	at com.kms.katalon.core.main.TestCaseExecutor.processExecutionPhase(TestCaseExecutor.java:412)
	at com.kms.katalon.core.main.TestCaseExecutor.accessMainPhase(TestCaseExecutor.java:404)
	at com.kms.katalon.core.main.TestCaseExecutor.execute(TestCaseExecutor.java:281)
	at com.kms.katalon.core.main.TestSuiteExecutor.accessTestCaseMainPhase(TestSuiteExecutor.java:202)
	at com.kms.katalon.core.main.TestSuiteExecutor.accessTestSuiteMainPhase(TestSuiteExecutor.java:164)
	at com.kms.katalon.core.main.TestSuiteExecutor.execute(TestSuiteExecutor.java:105)
	at com.kms.katalon.core.main.TestCaseMain.startTestSuite(TestCaseMain.java:181)
	at com.kms.katalon.core.main.TestCaseMain$startTestSuite$0.call(Unknown Source)
	at TempTestSuite1641914798393.run(TempTestSuite1641914798393.groovy:36)
Caused by: org.openqa.selenium.ElementNotInteractableException: element not interactable
  (Session info: chrome=96.0.4664.110)
Build info: version: '3.141.59', revision: 'e82be7d358', time: '2018-11-14T08:25:53'
System info: host: 'MSI', ip: '192.168.213.1', os.name: 'Windows 10', os.arch: 'amd64', os.version: '10.0', java.version: '1.8.0_282'
Driver info: com.kms.katalon.selenium.driver.CChromeDriver
Capabilities {acceptInsecureCerts: false, browserName: chrome, browserVersion: 96.0.4664.110, chrome: {chromedriverVersion: 95.0.4638.17 (a9d0719444d4b..., userDataDir: C:\Users\MDH\AppData\Local\...}, goog:chromeOptions: {debuggerAddress: localhost:58326}, javascriptEnabled: true, networkConnectionEnabled: false, pageLoadStrategy: normal, platform: WINDOWS, platformName: WINDOWS, proxy: Proxy(), setWindowRect: true, strictFileInteractability: false, timeouts: {implicit: 0, pageLoad: 300000, script: 30000}, unhandledPromptBehavior: dismiss and notify, webauthn:extension:credBlob: true, webauthn:extension:largeBlob: true, webauthn:virtualAuthenticators: true}
Session ID: 3ecb7db62f12fc6f33dae9fba97983be
	at org.openqa.selenium.remote.http.W3CHttpResponseCodec.createException(W3CHttpResponseCodec.java:187)
	at org.openqa.selenium.remote.http.W3CHttpResponseCodec.decode(W3CHttpResponseCodec.java:122)
	at org.openqa.selenium.remote.http.W3CHttpResponseCodec.decode(W3CHttpResponseCodec.java:49)
	at org.openqa.selenium.remote.HttpCommandExecutor.execute(HttpCommandExecutor.java:158)
	at org.openqa.selenium.remote.service.DriverCommandExecutor.execute(DriverCommandExecutor.java:83)
	at org.openqa.selenium.remote.RemoteWebDriver.execute(RemoteWebDriver.java:552)
	at com.kms.katalon.selenium.driver.CChromeDriver.execute(CChromeDriver.java:19)
	at org.openqa.selenium.remote.RemoteWebElement.execute(RemoteWebElement.java:285)
	at org.openqa.selenium.remote.RemoteWebElement.click(RemoteWebElement.java:84)
	at org.openqa.selenium.support.events.EventFiringWebDriver$EventFiringWebElement.lambda$new$0(EventFiringWebDriver.java:404)
	at com.sun.proxy.$Proxy11.click(Unknown Source)
	at org.openqa.selenium.support.events.EventFiringWebDriver$EventFiringWebElement.click(EventFiringWebDriver.java:417)
	at org.openqa.selenium.WebElement$click.call(Unknown Source)
	at com.kms.katalon.core.webui.keyword.builtin.ClickKeyword.clickUntilSuccessWithTimeout(ClickKeyword.groovy:81)
	at com.kms.katalon.core.webui.keyword.builtin.ClickKeyword.clickUntilSuccessWithTimeout(ClickKeyword.groovy)
	at com.kms.katalon.core.webui.keyword.builtin.ClickKeyword$_click_closure1.doCall(ClickKeyword.groovy:67)
	at com.kms.katalon.core.webui.keyword.builtin.ClickKeyword$_click_closure1.call(ClickKeyword.groovy)
	at com.kms.katalon.core.webui.keyword.internal.WebUIKeywordMain.runKeyword(WebUIKeywordMain.groovy:20)
	... 19 more
"/>
         <system-out><![CDATA[2022-01-11 22:45:12 - [TEST_CASE][FAILED] - Test Cases/Teacher/Teacher_Quiz Result/Teacher_See Unattempted Students In A Quiz: Test Cases/Teacher/Teacher_Quiz Result/Teacher_See Unattempted Students In A Quiz FAILED.
Reason:
com.kms.katalon.core.exception.StepFailedException: Unable to click on object 'Object Repository/Page_TTH Quiz Nhiu cu  nhiu la chn/a_Responses'
	at com.kms.katalon.core.webui.keyword.internal.WebUIKeywordMain.stepFailed(WebUIKeywordMain.groovy:64)
	at com.kms.katalon.core.webui.keyword.internal.WebUIKeywordMain.runKeyword(WebUIKeywordMain.groovy:26)
	at com.kms.katalon.core.webui.keyword.builtin.ClickKeyword.click(ClickKeyword.groovy:74)
	at com.kms.katalon.core.webui.keyword.builtin.ClickKeyword.execute(ClickKeyword.groovy:40)
	at com.kms.katalon.core.keyword.internal.KeywordExecutor.executeKeywordForPlatform(KeywordExecutor.groovy:74)
	at com.kms.katalon.core.webui.keyword.WebUiBuiltInKeywords.click(WebUiBuiltInKeywords.groovy:620)
	at com.kms.katalon.core.webui.keyword.WebUiBuiltInKeywords$click$3.call(Unknown Source)
	at Teacher_See Unattempted Students In A Quiz.run(Teacher_See Unattempted Students In A Quiz:38)
	at com.kms.katalon.core.main.ScriptEngine.run(ScriptEngine.java:194)
	at com.kms.katalon.core.main.ScriptEngine.runScriptAsRawText(ScriptEngine.java:119)
	at com.kms.katalon.core.main.TestCaseExecutor.runScript(TestCaseExecutor.java:442)
	at com.kms.katalon.core.main.TestCaseExecutor.doExecute(TestCaseExecutor.java:433)
	at com.kms.katalon.core.main.TestCaseExecutor.processExecutionPhase(TestCaseExecutor.java:412)
	at com.kms.katalon.core.main.TestCaseExecutor.accessMainPhase(TestCaseExecutor.java:404)
	at com.kms.katalon.core.main.TestCaseExecutor.execute(TestCaseExecutor.java:281)
	at com.kms.katalon.core.main.TestSuiteExecutor.accessTestCaseMainPhase(TestSuiteExecutor.java:202)
	at com.kms.katalon.core.main.TestSuiteExecutor.accessTestSuiteMainPhase(TestSuiteExecutor.java:164)
	at com.kms.katalon.core.main.TestSuiteExecutor.execute(TestSuiteExecutor.java:105)
	at com.kms.katalon.core.main.TestCaseMain.startTestSuite(TestCaseMain.java:181)
	at com.kms.katalon.core.main.TestCaseMain$startTestSuite$0.call(Unknown Source)
	at TempTestSuite1641914798393.run(TempTestSuite1641914798393.groovy:36)
Caused by: org.openqa.selenium.ElementNotInteractableException: element not interactable
  (Session info: chrome=96.0.4664.110)
Build info: version: '3.141.59', revision: 'e82be7d358', time: '2018-11-14T08:25:53'
System info: host: 'MSI', ip: '192.168.213.1', os.name: 'Windows 10', os.arch: 'amd64', os.version: '10.0', java.version: '1.8.0_282'
Driver info: com.kms.katalon.selenium.driver.CChromeDriver
Capabilities {acceptInsecureCerts: false, browserName: chrome, browserVersion: 96.0.4664.110, chrome: {chromedriverVersion: 95.0.4638.17 (a9d0719444d4b..., userDataDir: C:\Users\MDH\AppData\Local\...}, goog:chromeOptions: {debuggerAddress: localhost:58326}, javascriptEnabled: true, networkConnectionEnabled: false, pageLoadStrategy: normal, platform: WINDOWS, platformName: WINDOWS, proxy: Proxy(), setWindowRect: true, strictFileInteractability: false, timeouts: {implicit: 0, pageLoad: 300000, script: 30000}, unhandledPromptBehavior: dismiss and notify, webauthn:extension:credBlob: true, webauthn:extension:largeBlob: true, webauthn:virtualAuthenticators: true}
Session ID: 3ecb7db62f12fc6f33dae9fba97983be
	at org.openqa.selenium.remote.http.W3CHttpResponseCodec.createException(W3CHttpResponseCodec.java:187)
	at org.openqa.selenium.remote.http.W3CHttpResponseCodec.decode(W3CHttpResponseCodec.java:122)
	at org.openqa.selenium.remote.http.W3CHttpResponseCodec.decode(W3CHttpResponseCodec.java:49)
	at org.openqa.selenium.remote.HttpCommandExecutor.execute(HttpCommandExecutor.java:158)
	at org.openqa.selenium.remote.service.DriverCommandExecutor.execute(DriverCommandExecutor.java:83)
	at org.openqa.selenium.remote.RemoteWebDriver.execute(RemoteWebDriver.java:552)
	at com.kms.katalon.selenium.driver.CChromeDriver.execute(CChromeDriver.java:19)
	at org.openqa.selenium.remote.RemoteWebElement.execute(RemoteWebElement.java:285)
	at org.openqa.selenium.remote.RemoteWebElement.click(RemoteWebElement.java:84)
	at org.openqa.selenium.support.events.EventFiringWebDriver$EventFiringWebElement.lambda$new$0(EventFiringWebDriver.java:404)
	at com.sun.proxy.$Proxy11.click(Unknown Source)
	at org.openqa.selenium.support.events.EventFiringWebDriver$EventFiringWebElement.click(EventFiringWebDriver.java:417)
	at org.openqa.selenium.WebElement$click.call(Unknown Source)
	at com.kms.katalon.core.webui.keyword.builtin.ClickKeyword.clickUntilSuccessWithTimeout(ClickKeyword.groovy:81)
	at com.kms.katalon.core.webui.keyword.builtin.ClickKeyword.clickUntilSuccessWithTimeout(ClickKeyword.groovy)
	at com.kms.katalon.core.webui.keyword.builtin.ClickKeyword$_click_closure1.doCall(ClickKeyword.groovy:67)
	at com.kms.katalon.core.webui.keyword.builtin.ClickKeyword$_click_closure1.call(ClickKeyword.groovy)
	at com.kms.katalon.core.webui.keyword.internal.WebUIKeywordMain.runKeyword(WebUIKeywordMain.groovy:20)
	... 19 more


2022-01-11 22:45:12 - [TEST_STEP][PASSED] - openBrowser(""): Browser is opened with url: ''

2022-01-11 22:45:12 - [MESSAGE][WARNING] - A browser is already opened. Closing browser and opening a new one

2022-01-11 22:45:12 - [MESSAGE][INFO] - Starting 'Chrome' driver

2022-01-11 22:45:12 - [MESSAGE][INFO] - User set preference: ['args', '[window-size=1300,900]']

2022-01-11 22:45:12 - [MESSAGE][INFO] - Action delay is set to 0 milliseconds

2022-01-11 22:45:14 - [MESSAGE][PASSED] - Browser is opened with url: ''

2022-01-11 22:45:14 - [TEST_STEP][PASSED] - navigateToUrl("http://localhost:8080/moodle/"): Navigate to 'http://localhost:8080/moodle/' successfully

2022-01-11 22:45:14 - [MESSAGE][PASSED] - Navigate to 'http://localhost:8080/moodle/' successfully

2022-01-11 22:45:14 - [TEST_STEP][PASSED] - click(findTestObject("Object Repository/Page_BCS Moodle/a_Log in")): Object: 'Object Repository/Page_BCS Moodle/a_Log in' is clicked on

2022-01-11 22:45:15 - [MESSAGE][PASSED] - Object: 'Object Repository/Page_BCS Moodle/a_Log in' is clicked on

2022-01-11 22:45:15 - [TEST_STEP][PASSED] - setText(findTestObject("Object Repository/Page_BCS Moodle Log in to the site/input_Username_username"), "onix"): Text 'onix' is set on object 'Object Repository/Page_BCS Moodle Log in to the site/input_Username_username'

2022-01-11 22:45:16 - [MESSAGE][PASSED] - Text 'onix' is set on object 'Object Repository/Page_BCS Moodle Log in to the site/input_Username_username'

2022-01-11 22:45:16 - [TEST_STEP][PASSED] - setEncryptedText(findTestObject("Object Repository/Page_BCS Moodle Log in to the site/input_Password_password"), "uw4zQNl2RedGtkZxJt1B2nZNxIOg3YnT"): Text ****** has been set on object 'Object Repository/Page_BCS Moodle Log in to the site/input_Password_password'

2022-01-11 22:45:16 - [MESSAGE][PASSED] - Text ****** has been set on object 'Object Repository/Page_BCS Moodle Log in to the site/input_Password_password'

2022-01-11 22:45:16 - [TEST_STEP][PASSED] - click(findTestObject("Object Repository/Page_BCS Moodle Log in to the site/button_Log in")): Object: 'Object Repository/Page_BCS Moodle Log in to the site/button_Log in' is clicked on

2022-01-11 22:45:18 - [MESSAGE][PASSED] - Object: 'Object Repository/Page_BCS Moodle Log in to the site/button_Log in' is clicked on

2022-01-11 22:45:18 - [TEST_STEP][PASSED] - click(findTestObject("Object Repository/Page_Dashboard/div_Course image")): Object: 'Object Repository/Page_Dashboard/div_Course image' is clicked on

2022-01-11 22:45:21 - [MESSAGE][PASSED] - Object: 'Object Repository/Page_Dashboard/div_Course image' is clicked on

2022-01-11 22:45:21 - [TEST_STEP][PASSED] - click(findTestObject("Object Repository/Page_Course Ton t hp/span_Quiz Nhiu cu  nhiu la chn")): Object: 'Object Repository/Page_Course Ton t hp/span_Quiz Nhiu cu  nhiu la chn' is clicked on

2022-01-11 22:45:22 - [MESSAGE][PASSED] - Object: 'Object Repository/Page_Course Ton t hp/span_Quiz Nhiu cu  nhiu la chn' is clicked on

2022-01-11 22:45:22 - [TEST_STEP][PASSED] - click(findTestObject("Object Repository/Page_TTH Quiz Nhiu cu  nhiu la chn/a_Quiz Nhiu cu  nhiu la chn_action-menu-toggle-3")): Object: 'Object Repository/Page_TTH Quiz Nhiu cu  nhiu la chn/a_Quiz Nhiu cu  nhiu la chn_action-menu-toggle-3' is clicked on

2022-01-11 22:45:23 - [MESSAGE][PASSED] - Object: 'Object Repository/Page_TTH Quiz Nhiu cu  nhiu la chn/a_Quiz Nhiu cu  nhiu la chn_action-menu-toggle-3' is clicked on

2022-01-11 22:45:23 - [TEST_STEP][FAILED] - click(findTestObject("Object Repository/Page_TTH Quiz Nhiu cu  nhiu la chn/a_Responses")): Unable to click on object 'Object Repository/Page_TTH Quiz Nhiu cu  nhiu la chn/a_Responses' (Root cause: com.kms.katalon.core.exception.StepFailedException: Unable to click on object 'Object Repository/Page_TTH Quiz Nhiu cu  nhiu la chn/a_Responses'
	at com.kms.katalon.core.webui.keyword.internal.WebUIKeywordMain.stepFailed(WebUIKeywordMain.groovy:64)
	at com.kms.katalon.core.webui.keyword.internal.WebUIKeywordMain.runKeyword(WebUIKeywordMain.groovy:26)
	at com.kms.katalon.core.webui.keyword.builtin.ClickKeyword.click(ClickKeyword.groovy:74)
	at com.kms.katalon.core.webui.keyword.builtin.ClickKeyword.execute(ClickKeyword.groovy:40)
	at com.kms.katalon.core.keyword.internal.KeywordExecutor.executeKeywordForPlatform(KeywordExecutor.groovy:74)
	at com.kms.katalon.core.webui.keyword.WebUiBuiltInKeywords.click(WebUiBuiltInKeywords.groovy:620)
	at com.kms.katalon.core.webui.keyword.WebUiBuiltInKeywords$click$3.call(Unknown Source)
	at Teacher_See Unattempted Students In A Quiz.run(Teacher_See Unattempted Students In A Quiz:38)
	at com.kms.katalon.core.main.ScriptEngine.run(ScriptEngine.java:194)
	at com.kms.katalon.core.main.ScriptEngine.runScriptAsRawText(ScriptEngine.java:119)
	at com.kms.katalon.core.main.TestCaseExecutor.runScript(TestCaseExecutor.java:442)
	at com.kms.katalon.core.main.TestCaseExecutor.doExecute(TestCaseExecutor.java:433)
	at com.kms.katalon.core.main.TestCaseExecutor.processExecutionPhase(TestCaseExecutor.java:412)
	at com.kms.katalon.core.main.TestCaseExecutor.accessMainPhase(TestCaseExecutor.java:404)
	at com.kms.katalon.core.main.TestCaseExecutor.execute(TestCaseExecutor.java:281)
	at com.kms.katalon.core.main.TestSuiteExecutor.accessTestCaseMainPhase(TestSuiteExecutor.java:202)
	at com.kms.katalon.core.main.TestSuiteExecutor.accessTestSuiteMainPhase(TestSuiteExecutor.java:164)
	at com.kms.katalon.core.main.TestSuiteExecutor.execute(TestSuiteExecutor.java:105)
	at com.kms.katalon.core.main.TestCaseMain.startTestSuite(TestCaseMain.java:181)
	at com.kms.katalon.core.main.TestCaseMain$startTestSuite$0.call(Unknown Source)
	at TempTestSuite1641914798393.run(TempTestSuite1641914798393.groovy:36)
Caused by: org.openqa.selenium.ElementNotInteractableException: element not interactable
  (Session info: chrome=96.0.4664.110)
Build info: version: '3.141.59', revision: 'e82be7d358', time: '2018-11-14T08:25:53'
System info: host: 'MSI', ip: '192.168.213.1', os.name: 'Windows 10', os.arch: 'amd64', os.version: '10.0', java.version: '1.8.0_282'
Driver info: com.kms.katalon.selenium.driver.CChromeDriver
Capabilities {acceptInsecureCerts: false, browserName: chrome, browserVersion: 96.0.4664.110, chrome: {chromedriverVersion: 95.0.4638.17 (a9d0719444d4b..., userDataDir: C:\Users\MDH\AppData\Local\...}, goog:chromeOptions: {debuggerAddress: localhost:58326}, javascriptEnabled: true, networkConnectionEnabled: false, pageLoadStrategy: normal, platform: WINDOWS, platformName: WINDOWS, proxy: Proxy(), setWindowRect: true, strictFileInteractability: false, timeouts: {implicit: 0, pageLoad: 300000, script: 30000}, unhandledPromptBehavior: dismiss and notify, webauthn:extension:credBlob: true, webauthn:extension:largeBlob: true, webauthn:virtualAuthenticators: true}
Session ID: 3ecb7db62f12fc6f33dae9fba97983be
	at org.openqa.selenium.remote.http.W3CHttpResponseCodec.createException(W3CHttpResponseCodec.java:187)
	at org.openqa.selenium.remote.http.W3CHttpResponseCodec.decode(W3CHttpResponseCodec.java:122)
	at org.openqa.selenium.remote.http.W3CHttpResponseCodec.decode(W3CHttpResponseCodec.java:49)
	at org.openqa.selenium.remote.HttpCommandExecutor.execute(HttpCommandExecutor.java:158)
	at org.openqa.selenium.remote.service.DriverCommandExecutor.execute(DriverCommandExecutor.java:83)
	at org.openqa.selenium.remote.RemoteWebDriver.execute(RemoteWebDriver.java:552)
	at com.kms.katalon.selenium.driver.CChromeDriver.execute(CChromeDriver.java:19)
	at org.openqa.selenium.remote.RemoteWebElement.execute(RemoteWebElement.java:285)
	at org.openqa.selenium.remote.RemoteWebElement.click(RemoteWebElement.java:84)
	at org.openqa.selenium.support.events.EventFiringWebDriver$EventFiringWebElement.lambda$new$0(EventFiringWebDriver.java:404)
	at com.sun.proxy.$Proxy11.click(Unknown Source)
	at org.openqa.selenium.support.events.EventFiringWebDriver$EventFiringWebElement.click(EventFiringWebDriver.java:417)
	at org.openqa.selenium.WebElement$click.call(Unknown Source)
	at com.kms.katalon.core.webui.keyword.builtin.ClickKeyword.clickUntilSuccessWithTimeout(ClickKeyword.groovy:81)
	at com.kms.katalon.core.webui.keyword.builtin.ClickKeyword.clickUntilSuccessWithTimeout(ClickKeyword.groovy)
	at com.kms.katalon.core.webui.keyword.builtin.ClickKeyword$_click_closure1.doCall(ClickKeyword.groovy:67)
	at com.kms.katalon.core.webui.keyword.builtin.ClickKeyword$_click_closure1.call(ClickKeyword.groovy)
	at com.kms.katalon.core.webui.keyword.internal.WebUIKeywordMain.runKeyword(WebUIKeywordMain.groovy:20)
	at com.kms.katalon.core.webui.keyword.builtin.ClickKeyword.click(ClickKeyword.groovy:74)
	at com.kms.katalon.core.webui.keyword.builtin.ClickKeyword.execute(ClickKeyword.groovy:40)
	at com.kms.katalon.core.keyword.internal.KeywordExecutor.executeKeywordForPlatform(KeywordExecutor.groovy:74)
	at com.kms.katalon.core.webui.keyword.WebUiBuiltInKeywords.click(WebUiBuiltInKeywords.groovy:620)
	at com.kms.katalon.core.webui.keyword.WebUiBuiltInKeywords$click$3.call(Unknown Source)
	at Script1641478083791.run(Script1641478083791.groovy:38)
	... 13 more
)

2022-01-11 22:45:24 - [MESSAGE][FAILED] - Unable to click on object 'Object Repository/Page_TTH Quiz Nhiu cu  nhiu la chn/a_Responses' (Root cause: com.kms.katalon.core.exception.StepFailedException: Unable to click on object 'Object Repository/Page_TTH Quiz Nhiu cu  nhiu la chn/a_Responses'
	at com.kms.katalon.core.webui.keyword.internal.WebUIKeywordMain.stepFailed(WebUIKeywordMain.groovy:64)
	at com.kms.katalon.core.webui.keyword.internal.WebUIKeywordMain.runKeyword(WebUIKeywordMain.groovy:26)
	at com.kms.katalon.core.webui.keyword.builtin.ClickKeyword.click(ClickKeyword.groovy:74)
	at com.kms.katalon.core.webui.keyword.builtin.ClickKeyword.execute(ClickKeyword.groovy:40)
	at com.kms.katalon.core.keyword.internal.KeywordExecutor.executeKeywordForPlatform(KeywordExecutor.groovy:74)
	at com.kms.katalon.core.webui.keyword.WebUiBuiltInKeywords.click(WebUiBuiltInKeywords.groovy:620)
	at com.kms.katalon.core.webui.keyword.WebUiBuiltInKeywords$click$3.call(Unknown Source)
	at Teacher_See Unattempted Students In A Quiz.run(Teacher_See Unattempted Students In A Quiz:38)
	at com.kms.katalon.core.main.ScriptEngine.run(ScriptEngine.java:194)
	at com.kms.katalon.core.main.ScriptEngine.runScriptAsRawText(ScriptEngine.java:119)
	at com.kms.katalon.core.main.TestCaseExecutor.runScript(TestCaseExecutor.java:442)
	at com.kms.katalon.core.main.TestCaseExecutor.doExecute(TestCaseExecutor.java:433)
	at com.kms.katalon.core.main.TestCaseExecutor.processExecutionPhase(TestCaseExecutor.java:412)
	at com.kms.katalon.core.main.TestCaseExecutor.accessMainPhase(TestCaseExecutor.java:404)
	at com.kms.katalon.core.main.TestCaseExecutor.execute(TestCaseExecutor.java:281)
	at com.kms.katalon.core.main.TestSuiteExecutor.accessTestCaseMainPhase(TestSuiteExecutor.java:202)
	at com.kms.katalon.core.main.TestSuiteExecutor.accessTestSuiteMainPhase(TestSuiteExecutor.java:164)
	at com.kms.katalon.core.main.TestSuiteExecutor.execute(TestSuiteExecutor.java:105)
	at com.kms.katalon.core.main.TestCaseMain.startTestSuite(TestCaseMain.java:181)
	at com.kms.katalon.core.main.TestCaseMain$startTestSuite$0.call(Unknown Source)
	at TempTestSuite1641914798393.run(TempTestSuite1641914798393.groovy:36)
Caused by: org.openqa.selenium.ElementNotInteractableException: element not interactable
  (Session info: chrome=96.0.4664.110)
Build info: version: '3.141.59', revision: 'e82be7d358', time: '2018-11-14T08:25:53'
System info: host: 'MSI', ip: '192.168.213.1', os.name: 'Windows 10', os.arch: 'amd64', os.version: '10.0', java.version: '1.8.0_282'
Driver info: com.kms.katalon.selenium.driver.CChromeDriver
Capabilities {acceptInsecureCerts: false, browserName: chrome, browserVersion: 96.0.4664.110, chrome: {chromedriverVersion: 95.0.4638.17 (a9d0719444d4b..., userDataDir: C:\Users\MDH\AppData\Local\...}, goog:chromeOptions: {debuggerAddress: localhost:58326}, javascriptEnabled: true, networkConnectionEnabled: false, pageLoadStrategy: normal, platform: WINDOWS, platformName: WINDOWS, proxy: Proxy(), setWindowRect: true, strictFileInteractability: false, timeouts: {implicit: 0, pageLoad: 300000, script: 30000}, unhandledPromptBehavior: dismiss and notify, webauthn:extension:credBlob: true, webauthn:extension:largeBlob: true, webauthn:virtualAuthenticators: true}
Session ID: 3ecb7db62f12fc6f33dae9fba97983be
	at org.openqa.selenium.remote.http.W3CHttpResponseCodec.createException(W3CHttpResponseCodec.java:187)
	at org.openqa.selenium.remote.http.W3CHttpResponseCodec.decode(W3CHttpResponseCodec.java:122)
	at org.openqa.selenium.remote.http.W3CHttpResponseCodec.decode(W3CHttpResponseCodec.java:49)
	at org.openqa.selenium.remote.HttpCommandExecutor.execute(HttpCommandExecutor.java:158)
	at org.openqa.selenium.remote.service.DriverCommandExecutor.execute(DriverCommandExecutor.java:83)
	at org.openqa.selenium.remote.RemoteWebDriver.execute(RemoteWebDriver.java:552)
	at com.kms.katalon.selenium.driver.CChromeDriver.execute(CChromeDriver.java:19)
	at org.openqa.selenium.remote.RemoteWebElement.execute(RemoteWebElement.java:285)
	at org.openqa.selenium.remote.RemoteWebElement.click(RemoteWebElement.java:84)
	at org.openqa.selenium.support.events.EventFiringWebDriver$EventFiringWebElement.lambda$new$0(EventFiringWebDriver.java:404)
	at com.sun.proxy.$Proxy11.click(Unknown Source)
	at org.openqa.selenium.support.events.EventFiringWebDriver$EventFiringWebElement.click(EventFiringWebDriver.java:417)
	at org.openqa.selenium.WebElement$click.call(Unknown Source)
	at com.kms.katalon.core.webui.keyword.builtin.ClickKeyword.clickUntilSuccessWithTimeout(ClickKeyword.groovy:81)
	at com.kms.katalon.core.webui.keyword.builtin.ClickKeyword.clickUntilSuccessWithTimeout(ClickKeyword.groovy)
	at com.kms.katalon.core.webui.keyword.builtin.ClickKeyword$_click_closure1.doCall(ClickKeyword.groovy:67)
	at com.kms.katalon.core.webui.keyword.builtin.ClickKeyword$_click_closure1.call(ClickKeyword.groovy)
	at com.kms.katalon.core.webui.keyword.internal.WebUIKeywordMain.runKeyword(WebUIKeywordMain.groovy:20)
	at com.kms.katalon.core.webui.keyword.builtin.ClickKeyword.click(ClickKeyword.groovy:74)
	at com.kms.katalon.core.webui.keyword.builtin.ClickKeyword.execute(ClickKeyword.groovy:40)
	at com.kms.katalon.core.keyword.internal.KeywordExecutor.executeKeywordForPlatform(KeywordExecutor.groovy:74)
	at com.kms.katalon.core.webui.keyword.WebUiBuiltInKeywords.click(WebUiBuiltInKeywords.groovy:620)
	at com.kms.katalon.core.webui.keyword.WebUiBuiltInKeywords$click$3.call(Unknown Source)
	at Script1641478083791.run(Script1641478083791.groovy:38)
	... 13 more
)
[[ATTACHMENT|D:\\Nam_3\\SE\\Quiz\\Bonus\\TestAutomation_NMCNPM\\Reports\\20220111_222638\\Run All Test Cases\\20220111_222638\\1641915924199.png]]]]></system-out>
         <system-err><![CDATA[2022-01-11 22:45:12 - [TEST_CASE][FAILED] - Test Cases/Teacher/Teacher_Quiz Result/Teacher_See Unattempted Students In A Quiz: Test Cases/Teacher/Teacher_Quiz Result/Teacher_See Unattempted Students In A Quiz FAILED.
Reason:
com.kms.katalon.core.exception.StepFailedException: Unable to click on object 'Object Repository/Page_TTH Quiz Nhiu cu  nhiu la chn/a_Responses'
	at com.kms.katalon.core.webui.keyword.internal.WebUIKeywordMain.stepFailed(WebUIKeywordMain.groovy:64)
	at com.kms.katalon.core.webui.keyword.internal.WebUIKeywordMain.runKeyword(WebUIKeywordMain.groovy:26)
	at com.kms.katalon.core.webui.keyword.builtin.ClickKeyword.click(ClickKeyword.groovy:74)
	at com.kms.katalon.core.webui.keyword.builtin.ClickKeyword.execute(ClickKeyword.groovy:40)
	at com.kms.katalon.core.keyword.internal.KeywordExecutor.executeKeywordForPlatform(KeywordExecutor.groovy:74)
	at com.kms.katalon.core.webui.keyword.WebUiBuiltInKeywords.click(WebUiBuiltInKeywords.groovy:620)
	at com.kms.katalon.core.webui.keyword.WebUiBuiltInKeywords$click$3.call(Unknown Source)
	at Teacher_See Unattempted Students In A Quiz.run(Teacher_See Unattempted Students In A Quiz:38)
	at com.kms.katalon.core.main.ScriptEngine.run(ScriptEngine.java:194)
	at com.kms.katalon.core.main.ScriptEngine.runScriptAsRawText(ScriptEngine.java:119)
	at com.kms.katalon.core.main.TestCaseExecutor.runScript(TestCaseExecutor.java:442)
	at com.kms.katalon.core.main.TestCaseExecutor.doExecute(TestCaseExecutor.java:433)
	at com.kms.katalon.core.main.TestCaseExecutor.processExecutionPhase(TestCaseExecutor.java:412)
	at com.kms.katalon.core.main.TestCaseExecutor.accessMainPhase(TestCaseExecutor.java:404)
	at com.kms.katalon.core.main.TestCaseExecutor.execute(TestCaseExecutor.java:281)
	at com.kms.katalon.core.main.TestSuiteExecutor.accessTestCaseMainPhase(TestSuiteExecutor.java:202)
	at com.kms.katalon.core.main.TestSuiteExecutor.accessTestSuiteMainPhase(TestSuiteExecutor.java:164)
	at com.kms.katalon.core.main.TestSuiteExecutor.execute(TestSuiteExecutor.java:105)
	at com.kms.katalon.core.main.TestCaseMain.startTestSuite(TestCaseMain.java:181)
	at com.kms.katalon.core.main.TestCaseMain$startTestSuite$0.call(Unknown Source)
	at TempTestSuite1641914798393.run(TempTestSuite1641914798393.groovy:36)
Caused by: org.openqa.selenium.ElementNotInteractableException: element not interactable
  (Session info: chrome=96.0.4664.110)
Build info: version: '3.141.59', revision: 'e82be7d358', time: '2018-11-14T08:25:53'
System info: host: 'MSI', ip: '192.168.213.1', os.name: 'Windows 10', os.arch: 'amd64', os.version: '10.0', java.version: '1.8.0_282'
Driver info: com.kms.katalon.selenium.driver.CChromeDriver
Capabilities {acceptInsecureCerts: false, browserName: chrome, browserVersion: 96.0.4664.110, chrome: {chromedriverVersion: 95.0.4638.17 (a9d0719444d4b..., userDataDir: C:\Users\MDH\AppData\Local\...}, goog:chromeOptions: {debuggerAddress: localhost:58326}, javascriptEnabled: true, networkConnectionEnabled: false, pageLoadStrategy: normal, platform: WINDOWS, platformName: WINDOWS, proxy: Proxy(), setWindowRect: true, strictFileInteractability: false, timeouts: {implicit: 0, pageLoad: 300000, script: 30000}, unhandledPromptBehavior: dismiss and notify, webauthn:extension:credBlob: true, webauthn:extension:largeBlob: true, webauthn:virtualAuthenticators: true}
Session ID: 3ecb7db62f12fc6f33dae9fba97983be
	at org.openqa.selenium.remote.http.W3CHttpResponseCodec.createException(W3CHttpResponseCodec.java:187)
	at org.openqa.selenium.remote.http.W3CHttpResponseCodec.decode(W3CHttpResponseCodec.java:122)
	at org.openqa.selenium.remote.http.W3CHttpResponseCodec.decode(W3CHttpResponseCodec.java:49)
	at org.openqa.selenium.remote.HttpCommandExecutor.execute(HttpCommandExecutor.java:158)
	at org.openqa.selenium.remote.service.DriverCommandExecutor.execute(DriverCommandExecutor.java:83)
	at org.openqa.selenium.remote.RemoteWebDriver.execute(RemoteWebDriver.java:552)
	at com.kms.katalon.selenium.driver.CChromeDriver.execute(CChromeDriver.java:19)
	at org.openqa.selenium.remote.RemoteWebElement.execute(RemoteWebElement.java:285)
	at org.openqa.selenium.remote.RemoteWebElement.click(RemoteWebElement.java:84)
	at org.openqa.selenium.support.events.EventFiringWebDriver$EventFiringWebElement.lambda$new$0(EventFiringWebDriver.java:404)
	at com.sun.proxy.$Proxy11.click(Unknown Source)
	at org.openqa.selenium.support.events.EventFiringWebDriver$EventFiringWebElement.click(EventFiringWebDriver.java:417)
	at org.openqa.selenium.WebElement$click.call(Unknown Source)
	at com.kms.katalon.core.webui.keyword.builtin.ClickKeyword.clickUntilSuccessWithTimeout(ClickKeyword.groovy:81)
	at com.kms.katalon.core.webui.keyword.builtin.ClickKeyword.clickUntilSuccessWithTimeout(ClickKeyword.groovy)
	at com.kms.katalon.core.webui.keyword.builtin.ClickKeyword$_click_closure1.doCall(ClickKeyword.groovy:67)
	at com.kms.katalon.core.webui.keyword.builtin.ClickKeyword$_click_closure1.call(ClickKeyword.groovy)
	at com.kms.katalon.core.webui.keyword.internal.WebUIKeywordMain.runKeyword(WebUIKeywordMain.groovy:20)
	... 19 more]]></system-err>
      </testcase>
      <system-out><![CDATA[2022-01-11 22:26:58 - [TEST_SUITE][FAILED] - Run All Test Cases: Test Cases/Teacher/Teacher_Add Announcement/Teacher_Add Annoucement Basic Valid All Required Field FAILED.
Reason:
com.kms.katalon.core.exception.StepFailedException: Unable to set text 'Basic Topic' of object 'Object Repository/Page_Announcements/input_Subject_subject'
	at com.kms.katalon.core.webui.keyword.internal.WebUIKeywordMain.stepFailed(WebUIKeywordMain.groovy:64)
	at com.kms.katalon.core.webui.keyword.internal.WebUIKeywordMain.runKeyword(WebUIKeywordMain.groovy:26)
	at com.kms.katalon.core.webui.keyword.builtin.SetTextKeyword.setText(SetTextKeyword.groovy:66)
	at com.kms.katalon.core.webui.keyword.builtin.SetTextKeyword.execute(SetTextKeyword.groovy:37)
	at com.kms.katalon.core.keyword.internal.KeywordExecutor.executeKeywordForPlatform(KeywordExecutor.groovy:74)
	at com.kms.katalon.core.webui.keyword.WebUiBuiltInKeywords.setText(WebUiBuiltInKeywords.groovy:980)
	at com.kms.katalon.core.webui.keyword.WebUiBuiltInKeywords$setText$1.call(Unknown Source)
	at Teacher_Add Annoucement Basic Valid All Required Field.run(Teacher_Add Annoucement Basic Valid All Required Field:38)
	at com.kms.katalon.core.main.ScriptEngine.run(ScriptEngine.java:194)
	at com.kms.katalon.core.main.ScriptEngine.runScriptAsRawText(ScriptEngine.java:119)
	at com.kms.katalon.core.main.TestCaseExecutor.runScript(TestCaseExecutor.java:442)
	at com.kms.katalon.core.main.TestCaseExecutor.doExecute(TestCaseExecutor.java:433)
	at com.kms.katalon.core.main.TestCaseExecutor.processExecutionPhase(TestCaseExecutor.java:412)
	at com.kms.katalon.core.main.TestCaseExecutor.accessMainPhase(TestCaseExecutor.java:404)
	at com.kms.katalon.core.main.TestCaseExecutor.execute(TestCaseExecutor.java:281)
	at com.kms.katalon.core.main.TestSuiteExecutor.accessTestCaseMainPhase(TestSuiteExecutor.java:202)
	at com.kms.katalon.core.main.TestSuiteExecutor.accessTestSuiteMainPhase(TestSuiteExecutor.java:164)
	at com.kms.katalon.core.main.TestSuiteExecutor.execute(TestSuiteExecutor.java:105)
	at com.kms.katalon.core.main.TestCaseMain.startTestSuite(TestCaseMain.java:181)
	at com.kms.katalon.core.main.TestCaseMain$startTestSuite$0.call(Unknown Source)
	at TempTestSuite1641914798393.run(TempTestSuite1641914798393.groovy:36)
Caused by: org.openqa.selenium.ElementNotInteractableException: element not interactable
  (Session info: chrome=96.0.4664.110)
Build info: version: '3.141.59', revision: 'e82be7d358', time: '2018-11-14T08:25:53'
System info: host: 'MSI', ip: '192.168.213.1', os.name: 'Windows 10', os.arch: 'amd64', os.version: '10.0', java.version: '1.8.0_282'
Driver info: com.kms.katalon.selenium.driver.CChromeDriver
Capabilities {acceptInsecureCerts: false, browserName: chrome, browserVersion: 96.0.4664.110, chrome: {chromedriverVersion: 95.0.4638.17 (a9d0719444d4b..., userDataDir: C:\Users\MDH\AppData\Local\...}, goog:chromeOptions: {debuggerAddress: localhost:51305}, javascriptEnabled: true, networkConnectionEnabled: false, pageLoadStrategy: normal, platform: WINDOWS, platformName: WINDOWS, proxy: Proxy(), setWindowRect: true, strictFileInteractability: false, timeouts: {implicit: 0, pageLoad: 300000, script: 30000}, unhandledPromptBehavior: dismiss and notify, webauthn:extension:credBlob: true, webauthn:extension:largeBlob: true, webauthn:virtualAuthenticators: true}
Session ID: 5c756a1de1c7551212872955d937b26e
	at org.openqa.selenium.remote.http.W3CHttpResponseCodec.createException(W3CHttpResponseCodec.java:187)
	at org.openqa.selenium.remote.http.W3CHttpResponseCodec.decode(W3CHttpResponseCodec.java:122)
	at org.openqa.selenium.remote.http.W3CHttpResponseCodec.decode(W3CHttpResponseCodec.java:49)
	at org.openqa.selenium.remote.HttpCommandExecutor.execute(HttpCommandExecutor.java:158)
	at org.openqa.selenium.remote.service.DriverCommandExecutor.execute(DriverCommandExecutor.java:83)
	at org.openqa.selenium.remote.RemoteWebDriver.execute(RemoteWebDriver.java:552)
	at com.kms.katalon.selenium.driver.CChromeDriver.execute(CChromeDriver.java:19)
	at org.openqa.selenium.remote.RemoteWebElement.execute(RemoteWebElement.java:285)
	at org.openqa.selenium.remote.RemoteWebElement.clear(RemoteWebElement.java:124)
	at org.openqa.selenium.support.events.EventFiringWebDriver$EventFiringWebElement.lambda$new$0(EventFiringWebDriver.java:404)
	at com.sun.proxy.$Proxy11.clear(Unknown Source)
	at org.openqa.selenium.support.events.EventFiringWebDriver$EventFiringWebElement.clear(EventFiringWebDriver.java:436)
	at com.kms.katalon.core.webui.keyword.builtin.SetTextKeyword$_setText_closure1.doCall(SetTextKeyword.groovy:53)
	at com.kms.katalon.core.webui.keyword.builtin.SetTextKeyword$_setText_closure1.call(SetTextKeyword.groovy)
	at com.kms.katalon.core.webui.keyword.internal.WebUIKeywordMain.runKeyword(WebUIKeywordMain.groovy:20)
	... 19 more]]></system-out>
      <system-err><![CDATA[2022-01-11 22:26:58 - [TEST_SUITE][FAILED] - Run All Test Cases: Test Cases/Teacher/Teacher_Add Announcement/Teacher_Add Annoucement Basic Valid All Required Field FAILED.
Reason:
com.kms.katalon.core.exception.StepFailedException: Unable to set text 'Basic Topic' of object 'Object Repository/Page_Announcements/input_Subject_subject'
	at com.kms.katalon.core.webui.keyword.internal.WebUIKeywordMain.stepFailed(WebUIKeywordMain.groovy:64)
	at com.kms.katalon.core.webui.keyword.internal.WebUIKeywordMain.runKeyword(WebUIKeywordMain.groovy:26)
	at com.kms.katalon.core.webui.keyword.builtin.SetTextKeyword.setText(SetTextKeyword.groovy:66)
	at com.kms.katalon.core.webui.keyword.builtin.SetTextKeyword.execute(SetTextKeyword.groovy:37)
	at com.kms.katalon.core.keyword.internal.KeywordExecutor.executeKeywordForPlatform(KeywordExecutor.groovy:74)
	at com.kms.katalon.core.webui.keyword.WebUiBuiltInKeywords.setText(WebUiBuiltInKeywords.groovy:980)
	at com.kms.katalon.core.webui.keyword.WebUiBuiltInKeywords$setText$1.call(Unknown Source)
	at Teacher_Add Annoucement Basic Valid All Required Field.run(Teacher_Add Annoucement Basic Valid All Required Field:38)
	at com.kms.katalon.core.main.ScriptEngine.run(ScriptEngine.java:194)
	at com.kms.katalon.core.main.ScriptEngine.runScriptAsRawText(ScriptEngine.java:119)
	at com.kms.katalon.core.main.TestCaseExecutor.runScript(TestCaseExecutor.java:442)
	at com.kms.katalon.core.main.TestCaseExecutor.doExecute(TestCaseExecutor.java:433)
	at com.kms.katalon.core.main.TestCaseExecutor.processExecutionPhase(TestCaseExecutor.java:412)
	at com.kms.katalon.core.main.TestCaseExecutor.accessMainPhase(TestCaseExecutor.java:404)
	at com.kms.katalon.core.main.TestCaseExecutor.execute(TestCaseExecutor.java:281)
	at com.kms.katalon.core.main.TestSuiteExecutor.accessTestCaseMainPhase(TestSuiteExecutor.java:202)
	at com.kms.katalon.core.main.TestSuiteExecutor.accessTestSuiteMainPhase(TestSuiteExecutor.java:164)
	at com.kms.katalon.core.main.TestSuiteExecutor.execute(TestSuiteExecutor.java:105)
	at com.kms.katalon.core.main.TestCaseMain.startTestSuite(TestCaseMain.java:181)
	at com.kms.katalon.core.main.TestCaseMain$startTestSuite$0.call(Unknown Source)
	at TempTestSuite1641914798393.run(TempTestSuite1641914798393.groovy:36)
Caused by: org.openqa.selenium.ElementNotInteractableException: element not interactable
  (Session info: chrome=96.0.4664.110)
Build info: version: '3.141.59', revision: 'e82be7d358', time: '2018-11-14T08:25:53'
System info: host: 'MSI', ip: '192.168.213.1', os.name: 'Windows 10', os.arch: 'amd64', os.version: '10.0', java.version: '1.8.0_282'
Driver info: com.kms.katalon.selenium.driver.CChromeDriver
Capabilities {acceptInsecureCerts: false, browserName: chrome, browserVersion: 96.0.4664.110, chrome: {chromedriverVersion: 95.0.4638.17 (a9d0719444d4b..., userDataDir: C:\Users\MDH\AppData\Local\...}, goog:chromeOptions: {debuggerAddress: localhost:51305}, javascriptEnabled: true, networkConnectionEnabled: false, pageLoadStrategy: normal, platform: WINDOWS, platformName: WINDOWS, proxy: Proxy(), setWindowRect: true, strictFileInteractability: false, timeouts: {implicit: 0, pageLoad: 300000, script: 30000}, unhandledPromptBehavior: dismiss and notify, webauthn:extension:credBlob: true, webauthn:extension:largeBlob: true, webauthn:virtualAuthenticators: true}
Session ID: 5c756a1de1c7551212872955d937b26e
	at org.openqa.selenium.remote.http.W3CHttpResponseCodec.createException(W3CHttpResponseCodec.java:187)
	at org.openqa.selenium.remote.http.W3CHttpResponseCodec.decode(W3CHttpResponseCodec.java:122)
	at org.openqa.selenium.remote.http.W3CHttpResponseCodec.decode(W3CHttpResponseCodec.java:49)
	at org.openqa.selenium.remote.HttpCommandExecutor.execute(HttpCommandExecutor.java:158)
	at org.openqa.selenium.remote.service.DriverCommandExecutor.execute(DriverCommandExecutor.java:83)
	at org.openqa.selenium.remote.RemoteWebDriver.execute(RemoteWebDriver.java:552)
	at com.kms.katalon.selenium.driver.CChromeDriver.execute(CChromeDriver.java:19)
	at org.openqa.selenium.remote.RemoteWebElement.execute(RemoteWebElement.java:285)
	at org.openqa.selenium.remote.RemoteWebElement.clear(RemoteWebElement.java:124)
	at org.openqa.selenium.support.events.EventFiringWebDriver$EventFiringWebElement.lambda$new$0(EventFiringWebDriver.java:404)
	at com.sun.proxy.$Proxy11.clear(Unknown Source)
	at org.openqa.selenium.support.events.EventFiringWebDriver$EventFiringWebElement.clear(EventFiringWebDriver.java:436)
	at com.kms.katalon.core.webui.keyword.builtin.SetTextKeyword$_setText_closure1.doCall(SetTextKeyword.groovy:53)
	at com.kms.katalon.core.webui.keyword.builtin.SetTextKeyword$_setText_closure1.call(SetTextKeyword.groovy)
	at com.kms.katalon.core.webui.keyword.internal.WebUIKeywordMain.runKeyword(WebUIKeywordMain.groovy:20)
	... 19 more]]></system-err>
   </testsuite>
</testsuites>
